[2025-01-29T23:36:32.569+0000] {taskinstance.py:1165} INFO - Dependencies all met for <TaskInstance: embulk_pipeline_csv.create_postgres_dir manual__2025-01-29T23:36:30.284767+00:00 [queued]>
[2025-01-29T23:36:32.579+0000] {taskinstance.py:1165} INFO - Dependencies all met for <TaskInstance: embulk_pipeline_csv.create_postgres_dir manual__2025-01-29T23:36:30.284767+00:00 [queued]>
[2025-01-29T23:36:32.580+0000] {taskinstance.py:1362} INFO - 
--------------------------------------------------------------------------------
[2025-01-29T23:36:32.580+0000] {taskinstance.py:1363} INFO - Starting attempt 1 of 1
[2025-01-29T23:36:32.581+0000] {taskinstance.py:1364} INFO - 
--------------------------------------------------------------------------------
[2025-01-29T23:36:32.596+0000] {taskinstance.py:1383} INFO - Executing <Task(BashOperator): create_postgres_dir> on 2025-01-29 23:36:30.284767+00:00
[2025-01-29T23:36:32.601+0000] {standard_task_runner.py:55} INFO - Started process 291 to run task
[2025-01-29T23:36:32.604+0000] {standard_task_runner.py:82} INFO - Running: ['***', 'tasks', 'run', 'embulk_pipeline_csv', 'create_postgres_dir', 'manual__2025-01-29T23:36:30.284767+00:00', '--job-id', '4', '--raw', '--subdir', 'DAGS_FOLDER/pipeline_csv_dag.py', '--cfg-path', '/tmp/tmpovpt174v']
[2025-01-29T23:36:32.605+0000] {standard_task_runner.py:83} INFO - Job 4: Subtask create_postgres_dir
[2025-01-29T23:36:32.717+0000] {task_command.py:376} INFO - Running <TaskInstance: embulk_pipeline_csv.create_postgres_dir manual__2025-01-29T23:36:30.284767+00:00 [running]> on host 994f36fe794c
[2025-01-29T23:36:32.843+0000] {taskinstance.py:1592} INFO - Exporting the following env vars:
AIRFLOW_CTX_DAG_OWNER=***
AIRFLOW_CTX_DAG_ID=embulk_pipeline_csv
AIRFLOW_CTX_TASK_ID=create_postgres_dir
AIRFLOW_CTX_EXECUTION_DATE=2025-01-29T23:36:30.284767+00:00
AIRFLOW_CTX_TRY_NUMBER=1
AIRFLOW_CTX_DAG_RUN_ID=manual__2025-01-29T23:36:30.284767+00:00
[2025-01-29T23:36:32.844+0000] {subprocess.py:63} INFO - Tmp dir root location: 
 /tmp
[2025-01-29T23:36:32.845+0000] {subprocess.py:75} INFO - Running command: ['/bin/bash', '-c', 'mkdir -p /opt/***/data/postgres/2025-01-29']
[2025-01-29T23:36:32.857+0000] {subprocess.py:86} INFO - Output:
[2025-01-29T23:36:32.862+0000] {subprocess.py:97} INFO - Command exited with return code 0
[2025-01-29T23:36:32.925+0000] {taskinstance.py:1406} INFO - Marking task as SUCCESS. dag_id=embulk_pipeline_csv, task_id=create_postgres_dir, execution_date=20250129T233630, start_date=20250129T233632, end_date=20250129T233632
[2025-01-29T23:36:32.977+0000] {local_task_job.py:164} INFO - Task exited with return code 0
[2025-01-29T23:36:33.037+0000] {local_task_job.py:273} INFO - 1 downstream tasks scheduled from follow-on schedule check
