[2025-01-30T00:00:01.001+0000] {taskinstance.py:1165} INFO - Dependencies all met for <TaskInstance: embulk_pipeline_csv.create_csv_dir scheduled__2025-01-29T00:00:00+00:00 [queued]>
[2025-01-30T00:00:01.013+0000] {taskinstance.py:1165} INFO - Dependencies all met for <TaskInstance: embulk_pipeline_csv.create_csv_dir scheduled__2025-01-29T00:00:00+00:00 [queued]>
[2025-01-30T00:00:01.014+0000] {taskinstance.py:1362} INFO - 
--------------------------------------------------------------------------------
[2025-01-30T00:00:01.014+0000] {taskinstance.py:1363} INFO - Starting attempt 1 of 1
[2025-01-30T00:00:01.014+0000] {taskinstance.py:1364} INFO - 
--------------------------------------------------------------------------------
[2025-01-30T00:00:01.028+0000] {taskinstance.py:1383} INFO - Executing <Task(BashOperator): create_csv_dir> on 2025-01-29 00:00:00+00:00
[2025-01-30T00:00:01.034+0000] {standard_task_runner.py:55} INFO - Started process 1424 to run task
[2025-01-30T00:00:01.037+0000] {standard_task_runner.py:82} INFO - Running: ['***', 'tasks', 'run', 'embulk_pipeline_csv', 'create_csv_dir', 'scheduled__2025-01-29T00:00:00+00:00', '--job-id', '6', '--raw', '--subdir', 'DAGS_FOLDER/pipeline_csv_dag.py', '--cfg-path', '/tmp/tmpk1hjksag']
[2025-01-30T00:00:01.038+0000] {standard_task_runner.py:83} INFO - Job 6: Subtask create_csv_dir
[2025-01-30T00:00:01.159+0000] {task_command.py:376} INFO - Running <TaskInstance: embulk_pipeline_csv.create_csv_dir scheduled__2025-01-29T00:00:00+00:00 [running]> on host 994f36fe794c
[2025-01-30T00:00:01.284+0000] {taskinstance.py:1592} INFO - Exporting the following env vars:
AIRFLOW_CTX_DAG_OWNER=***
AIRFLOW_CTX_DAG_ID=embulk_pipeline_csv
AIRFLOW_CTX_TASK_ID=create_csv_dir
AIRFLOW_CTX_EXECUTION_DATE=2025-01-29T00:00:00+00:00
AIRFLOW_CTX_TRY_NUMBER=1
AIRFLOW_CTX_DAG_RUN_ID=scheduled__2025-01-29T00:00:00+00:00
[2025-01-30T00:00:01.286+0000] {subprocess.py:63} INFO - Tmp dir root location: 
 /tmp
[2025-01-30T00:00:01.286+0000] {subprocess.py:75} INFO - Running command: ['/bin/bash', '-c', 'mkdir -p /opt/***/data/csv/2025-01-30']
[2025-01-30T00:00:01.298+0000] {subprocess.py:86} INFO - Output:
[2025-01-30T00:00:01.302+0000] {subprocess.py:97} INFO - Command exited with return code 0
[2025-01-30T00:00:01.367+0000] {taskinstance.py:1406} INFO - Marking task as SUCCESS. dag_id=embulk_pipeline_csv, task_id=create_csv_dir, execution_date=20250129T000000, start_date=20250130T000001, end_date=20250130T000001
[2025-01-30T00:00:01.410+0000] {local_task_job.py:164} INFO - Task exited with return code 0
[2025-01-30T00:00:01.459+0000] {local_task_job.py:273} INFO - 1 downstream tasks scheduled from follow-on schedule check
