[2025-01-29T23:31:49.299+0000] {processor.py:154} INFO - Started process (PID=68) to work on /home/airflow/.local/lib/python3.7/site-packages/airflow/example_dags/example_kubernetes_executor.py
[2025-01-29T23:31:49.300+0000] {processor.py:756} INFO - Processing file /home/airflow/.local/lib/python3.7/site-packages/airflow/example_dags/example_kubernetes_executor.py for tasks to queue
[2025-01-29T23:31:49.301+0000] {logging_mixin.py:120} INFO - [2025-01-29T23:31:49.301+0000] {dagbag.py:537} INFO - Filling up the DagBag from /home/airflow/.local/lib/python3.7/site-packages/airflow/example_dags/example_kubernetes_executor.py
[2025-01-29T23:31:49.332+0000] {processor.py:766} INFO - DAG(s) dict_keys(['example_kubernetes_executor']) retrieved from /home/airflow/.local/lib/python3.7/site-packages/airflow/example_dags/example_kubernetes_executor.py
[2025-01-29T23:31:49.516+0000] {logging_mixin.py:120} INFO - [2025-01-29T23:31:49.515+0000] {manager.py:507} INFO - Created Permission View: can read on DAG:example_kubernetes_executor
[2025-01-29T23:31:49.529+0000] {logging_mixin.py:120} INFO - [2025-01-29T23:31:49.528+0000] {manager.py:507} INFO - Created Permission View: can delete on DAG:example_kubernetes_executor
[2025-01-29T23:31:49.537+0000] {logging_mixin.py:120} INFO - [2025-01-29T23:31:49.536+0000] {manager.py:507} INFO - Created Permission View: can edit on DAG:example_kubernetes_executor
[2025-01-29T23:31:49.537+0000] {logging_mixin.py:120} INFO - [2025-01-29T23:31:49.537+0000] {dag.py:2585} INFO - Sync 1 DAGs
[2025-01-29T23:31:49.557+0000] {logging_mixin.py:120} INFO - [2025-01-29T23:31:49.556+0000] {dag.py:2606} INFO - Creating ORM DAG for example_kubernetes_executor
[2025-01-29T23:31:49.574+0000] {logging_mixin.py:120} INFO - [2025-01-29T23:31:49.574+0000] {dag.py:3340} INFO - Setting next_dagrun for example_kubernetes_executor to None, run_after=None
[2025-01-29T23:31:49.604+0000] {processor.py:176} INFO - Processing /home/airflow/.local/lib/python3.7/site-packages/airflow/example_dags/example_kubernetes_executor.py took 0.308 seconds
[2025-01-29T23:32:19.924+0000] {processor.py:154} INFO - Started process (PID=132) to work on /home/airflow/.local/lib/python3.7/site-packages/airflow/example_dags/example_kubernetes_executor.py
[2025-01-29T23:32:19.925+0000] {processor.py:756} INFO - Processing file /home/airflow/.local/lib/python3.7/site-packages/airflow/example_dags/example_kubernetes_executor.py for tasks to queue
[2025-01-29T23:32:19.926+0000] {logging_mixin.py:120} INFO - [2025-01-29T23:32:19.926+0000] {dagbag.py:537} INFO - Filling up the DagBag from /home/airflow/.local/lib/python3.7/site-packages/airflow/example_dags/example_kubernetes_executor.py
[2025-01-29T23:32:19.963+0000] {processor.py:766} INFO - DAG(s) dict_keys(['example_kubernetes_executor']) retrieved from /home/airflow/.local/lib/python3.7/site-packages/airflow/example_dags/example_kubernetes_executor.py
[2025-01-29T23:32:20.024+0000] {logging_mixin.py:120} INFO - [2025-01-29T23:32:20.024+0000] {dag.py:2585} INFO - Sync 1 DAGs
[2025-01-29T23:32:20.061+0000] {logging_mixin.py:120} INFO - [2025-01-29T23:32:20.060+0000] {dag.py:3340} INFO - Setting next_dagrun for example_kubernetes_executor to None, run_after=None
[2025-01-29T23:32:20.091+0000] {processor.py:176} INFO - Processing /home/airflow/.local/lib/python3.7/site-packages/airflow/example_dags/example_kubernetes_executor.py took 0.170 seconds
[2025-01-29T23:32:50.672+0000] {processor.py:154} INFO - Started process (PID=188) to work on /home/airflow/.local/lib/python3.7/site-packages/airflow/example_dags/example_kubernetes_executor.py
[2025-01-29T23:32:50.673+0000] {processor.py:756} INFO - Processing file /home/airflow/.local/lib/python3.7/site-packages/airflow/example_dags/example_kubernetes_executor.py for tasks to queue
[2025-01-29T23:32:50.673+0000] {logging_mixin.py:120} INFO - [2025-01-29T23:32:50.673+0000] {dagbag.py:537} INFO - Filling up the DagBag from /home/airflow/.local/lib/python3.7/site-packages/airflow/example_dags/example_kubernetes_executor.py
[2025-01-29T23:32:50.699+0000] {processor.py:766} INFO - DAG(s) dict_keys(['example_kubernetes_executor']) retrieved from /home/airflow/.local/lib/python3.7/site-packages/airflow/example_dags/example_kubernetes_executor.py
[2025-01-29T23:32:50.758+0000] {logging_mixin.py:120} INFO - [2025-01-29T23:32:50.757+0000] {dag.py:2585} INFO - Sync 1 DAGs
[2025-01-29T23:32:50.787+0000] {logging_mixin.py:120} INFO - [2025-01-29T23:32:50.787+0000] {dag.py:3340} INFO - Setting next_dagrun for example_kubernetes_executor to None, run_after=None
[2025-01-29T23:32:50.811+0000] {processor.py:176} INFO - Processing /home/airflow/.local/lib/python3.7/site-packages/airflow/example_dags/example_kubernetes_executor.py took 0.143 seconds
[2025-01-29T23:33:21.163+0000] {processor.py:154} INFO - Started process (PID=252) to work on /home/airflow/.local/lib/python3.7/site-packages/airflow/example_dags/example_kubernetes_executor.py
[2025-01-29T23:33:21.164+0000] {processor.py:756} INFO - Processing file /home/airflow/.local/lib/python3.7/site-packages/airflow/example_dags/example_kubernetes_executor.py for tasks to queue
[2025-01-29T23:33:21.165+0000] {logging_mixin.py:120} INFO - [2025-01-29T23:33:21.165+0000] {dagbag.py:537} INFO - Filling up the DagBag from /home/airflow/.local/lib/python3.7/site-packages/airflow/example_dags/example_kubernetes_executor.py
[2025-01-29T23:33:21.190+0000] {processor.py:766} INFO - DAG(s) dict_keys(['example_kubernetes_executor']) retrieved from /home/airflow/.local/lib/python3.7/site-packages/airflow/example_dags/example_kubernetes_executor.py
[2025-01-29T23:33:21.257+0000] {logging_mixin.py:120} INFO - [2025-01-29T23:33:21.257+0000] {dag.py:2585} INFO - Sync 1 DAGs
[2025-01-29T23:33:21.305+0000] {logging_mixin.py:120} INFO - [2025-01-29T23:33:21.304+0000] {dag.py:3340} INFO - Setting next_dagrun for example_kubernetes_executor to None, run_after=None
[2025-01-29T23:33:21.344+0000] {processor.py:176} INFO - Processing /home/airflow/.local/lib/python3.7/site-packages/airflow/example_dags/example_kubernetes_executor.py took 0.184 seconds
[2025-01-29T23:33:51.525+0000] {processor.py:154} INFO - Started process (PID=316) to work on /home/airflow/.local/lib/python3.7/site-packages/airflow/example_dags/example_kubernetes_executor.py
[2025-01-29T23:33:51.526+0000] {processor.py:756} INFO - Processing file /home/airflow/.local/lib/python3.7/site-packages/airflow/example_dags/example_kubernetes_executor.py for tasks to queue
[2025-01-29T23:33:51.527+0000] {logging_mixin.py:120} INFO - [2025-01-29T23:33:51.527+0000] {dagbag.py:537} INFO - Filling up the DagBag from /home/airflow/.local/lib/python3.7/site-packages/airflow/example_dags/example_kubernetes_executor.py
[2025-01-29T23:33:51.554+0000] {processor.py:766} INFO - DAG(s) dict_keys(['example_kubernetes_executor']) retrieved from /home/airflow/.local/lib/python3.7/site-packages/airflow/example_dags/example_kubernetes_executor.py
[2025-01-29T23:33:51.620+0000] {logging_mixin.py:120} INFO - [2025-01-29T23:33:51.620+0000] {dag.py:2585} INFO - Sync 1 DAGs
[2025-01-29T23:33:51.650+0000] {logging_mixin.py:120} INFO - [2025-01-29T23:33:51.650+0000] {dag.py:3340} INFO - Setting next_dagrun for example_kubernetes_executor to None, run_after=None
[2025-01-29T23:33:51.674+0000] {processor.py:176} INFO - Processing /home/airflow/.local/lib/python3.7/site-packages/airflow/example_dags/example_kubernetes_executor.py took 0.152 seconds
[2025-01-29T23:34:21.921+0000] {processor.py:154} INFO - Started process (PID=371) to work on /home/airflow/.local/lib/python3.7/site-packages/airflow/example_dags/example_kubernetes_executor.py
[2025-01-29T23:34:21.922+0000] {processor.py:756} INFO - Processing file /home/airflow/.local/lib/python3.7/site-packages/airflow/example_dags/example_kubernetes_executor.py for tasks to queue
[2025-01-29T23:34:21.923+0000] {logging_mixin.py:120} INFO - [2025-01-29T23:34:21.923+0000] {dagbag.py:537} INFO - Filling up the DagBag from /home/airflow/.local/lib/python3.7/site-packages/airflow/example_dags/example_kubernetes_executor.py
[2025-01-29T23:34:21.949+0000] {processor.py:766} INFO - DAG(s) dict_keys(['example_kubernetes_executor']) retrieved from /home/airflow/.local/lib/python3.7/site-packages/airflow/example_dags/example_kubernetes_executor.py
[2025-01-29T23:34:22.004+0000] {logging_mixin.py:120} INFO - [2025-01-29T23:34:22.004+0000] {dag.py:2585} INFO - Sync 1 DAGs
[2025-01-29T23:34:22.035+0000] {logging_mixin.py:120} INFO - [2025-01-29T23:34:22.035+0000] {dag.py:3340} INFO - Setting next_dagrun for example_kubernetes_executor to None, run_after=None
[2025-01-29T23:34:22.058+0000] {processor.py:176} INFO - Processing /home/airflow/.local/lib/python3.7/site-packages/airflow/example_dags/example_kubernetes_executor.py took 0.140 seconds
[2025-01-29T23:34:52.322+0000] {processor.py:154} INFO - Started process (PID=434) to work on /home/airflow/.local/lib/python3.7/site-packages/airflow/example_dags/example_kubernetes_executor.py
[2025-01-29T23:34:52.323+0000] {processor.py:756} INFO - Processing file /home/airflow/.local/lib/python3.7/site-packages/airflow/example_dags/example_kubernetes_executor.py for tasks to queue
[2025-01-29T23:34:52.324+0000] {logging_mixin.py:120} INFO - [2025-01-29T23:34:52.324+0000] {dagbag.py:537} INFO - Filling up the DagBag from /home/airflow/.local/lib/python3.7/site-packages/airflow/example_dags/example_kubernetes_executor.py
[2025-01-29T23:34:52.352+0000] {processor.py:766} INFO - DAG(s) dict_keys(['example_kubernetes_executor']) retrieved from /home/airflow/.local/lib/python3.7/site-packages/airflow/example_dags/example_kubernetes_executor.py
[2025-01-29T23:34:52.408+0000] {logging_mixin.py:120} INFO - [2025-01-29T23:34:52.408+0000] {dag.py:2585} INFO - Sync 1 DAGs
[2025-01-29T23:34:52.440+0000] {logging_mixin.py:120} INFO - [2025-01-29T23:34:52.439+0000] {dag.py:3340} INFO - Setting next_dagrun for example_kubernetes_executor to None, run_after=None
[2025-01-29T23:34:52.462+0000] {processor.py:176} INFO - Processing /home/airflow/.local/lib/python3.7/site-packages/airflow/example_dags/example_kubernetes_executor.py took 0.143 seconds
[2025-01-29T23:35:22.814+0000] {processor.py:154} INFO - Started process (PID=498) to work on /home/airflow/.local/lib/python3.7/site-packages/airflow/example_dags/example_kubernetes_executor.py
[2025-01-29T23:35:22.815+0000] {processor.py:756} INFO - Processing file /home/airflow/.local/lib/python3.7/site-packages/airflow/example_dags/example_kubernetes_executor.py for tasks to queue
[2025-01-29T23:35:22.815+0000] {logging_mixin.py:120} INFO - [2025-01-29T23:35:22.815+0000] {dagbag.py:537} INFO - Filling up the DagBag from /home/airflow/.local/lib/python3.7/site-packages/airflow/example_dags/example_kubernetes_executor.py
[2025-01-29T23:35:22.846+0000] {processor.py:766} INFO - DAG(s) dict_keys(['example_kubernetes_executor']) retrieved from /home/airflow/.local/lib/python3.7/site-packages/airflow/example_dags/example_kubernetes_executor.py
[2025-01-29T23:35:22.905+0000] {logging_mixin.py:120} INFO - [2025-01-29T23:35:22.905+0000] {dag.py:2585} INFO - Sync 1 DAGs
[2025-01-29T23:35:22.936+0000] {logging_mixin.py:120} INFO - [2025-01-29T23:35:22.935+0000] {dag.py:3340} INFO - Setting next_dagrun for example_kubernetes_executor to None, run_after=None
[2025-01-29T23:35:22.958+0000] {processor.py:176} INFO - Processing /home/airflow/.local/lib/python3.7/site-packages/airflow/example_dags/example_kubernetes_executor.py took 0.147 seconds
[2025-01-29T23:35:53.006+0000] {processor.py:154} INFO - Started process (PID=553) to work on /home/airflow/.local/lib/python3.7/site-packages/airflow/example_dags/example_kubernetes_executor.py
[2025-01-29T23:35:53.007+0000] {processor.py:756} INFO - Processing file /home/airflow/.local/lib/python3.7/site-packages/airflow/example_dags/example_kubernetes_executor.py for tasks to queue
[2025-01-29T23:35:53.008+0000] {logging_mixin.py:120} INFO - [2025-01-29T23:35:53.008+0000] {dagbag.py:537} INFO - Filling up the DagBag from /home/airflow/.local/lib/python3.7/site-packages/airflow/example_dags/example_kubernetes_executor.py
[2025-01-29T23:35:53.035+0000] {processor.py:766} INFO - DAG(s) dict_keys(['example_kubernetes_executor']) retrieved from /home/airflow/.local/lib/python3.7/site-packages/airflow/example_dags/example_kubernetes_executor.py
[2025-01-29T23:35:53.077+0000] {logging_mixin.py:120} INFO - [2025-01-29T23:35:53.077+0000] {dag.py:2585} INFO - Sync 1 DAGs
[2025-01-29T23:35:53.109+0000] {logging_mixin.py:120} INFO - [2025-01-29T23:35:53.108+0000] {dag.py:3340} INFO - Setting next_dagrun for example_kubernetes_executor to None, run_after=None
[2025-01-29T23:35:53.132+0000] {processor.py:176} INFO - Processing /home/airflow/.local/lib/python3.7/site-packages/airflow/example_dags/example_kubernetes_executor.py took 0.129 seconds
[2025-01-29T23:36:23.433+0000] {processor.py:154} INFO - Started process (PID=617) to work on /home/airflow/.local/lib/python3.7/site-packages/airflow/example_dags/example_kubernetes_executor.py
[2025-01-29T23:36:23.434+0000] {processor.py:756} INFO - Processing file /home/airflow/.local/lib/python3.7/site-packages/airflow/example_dags/example_kubernetes_executor.py for tasks to queue
[2025-01-29T23:36:23.435+0000] {logging_mixin.py:120} INFO - [2025-01-29T23:36:23.435+0000] {dagbag.py:537} INFO - Filling up the DagBag from /home/airflow/.local/lib/python3.7/site-packages/airflow/example_dags/example_kubernetes_executor.py
[2025-01-29T23:36:23.460+0000] {processor.py:766} INFO - DAG(s) dict_keys(['example_kubernetes_executor']) retrieved from /home/airflow/.local/lib/python3.7/site-packages/airflow/example_dags/example_kubernetes_executor.py
[2025-01-29T23:36:23.516+0000] {logging_mixin.py:120} INFO - [2025-01-29T23:36:23.516+0000] {dag.py:2585} INFO - Sync 1 DAGs
[2025-01-29T23:36:23.548+0000] {logging_mixin.py:120} INFO - [2025-01-29T23:36:23.548+0000] {dag.py:3340} INFO - Setting next_dagrun for example_kubernetes_executor to None, run_after=None
[2025-01-29T23:36:23.573+0000] {processor.py:176} INFO - Processing /home/airflow/.local/lib/python3.7/site-packages/airflow/example_dags/example_kubernetes_executor.py took 0.143 seconds
[2025-01-29T23:36:53.799+0000] {processor.py:154} INFO - Started process (PID=681) to work on /home/airflow/.local/lib/python3.7/site-packages/airflow/example_dags/example_kubernetes_executor.py
[2025-01-29T23:36:53.800+0000] {processor.py:756} INFO - Processing file /home/airflow/.local/lib/python3.7/site-packages/airflow/example_dags/example_kubernetes_executor.py for tasks to queue
[2025-01-29T23:36:53.801+0000] {logging_mixin.py:120} INFO - [2025-01-29T23:36:53.801+0000] {dagbag.py:537} INFO - Filling up the DagBag from /home/airflow/.local/lib/python3.7/site-packages/airflow/example_dags/example_kubernetes_executor.py
[2025-01-29T23:36:53.830+0000] {processor.py:766} INFO - DAG(s) dict_keys(['example_kubernetes_executor']) retrieved from /home/airflow/.local/lib/python3.7/site-packages/airflow/example_dags/example_kubernetes_executor.py
[2025-01-29T23:36:53.897+0000] {logging_mixin.py:120} INFO - [2025-01-29T23:36:53.897+0000] {dag.py:2585} INFO - Sync 1 DAGs
[2025-01-29T23:36:53.928+0000] {logging_mixin.py:120} INFO - [2025-01-29T23:36:53.927+0000] {dag.py:3340} INFO - Setting next_dagrun for example_kubernetes_executor to None, run_after=None
[2025-01-29T23:36:53.951+0000] {processor.py:176} INFO - Processing /home/airflow/.local/lib/python3.7/site-packages/airflow/example_dags/example_kubernetes_executor.py took 0.155 seconds
[2025-01-29T23:37:24.288+0000] {processor.py:154} INFO - Started process (PID=736) to work on /home/airflow/.local/lib/python3.7/site-packages/airflow/example_dags/example_kubernetes_executor.py
[2025-01-29T23:37:24.289+0000] {processor.py:756} INFO - Processing file /home/airflow/.local/lib/python3.7/site-packages/airflow/example_dags/example_kubernetes_executor.py for tasks to queue
[2025-01-29T23:37:24.289+0000] {logging_mixin.py:120} INFO - [2025-01-29T23:37:24.289+0000] {dagbag.py:537} INFO - Filling up the DagBag from /home/airflow/.local/lib/python3.7/site-packages/airflow/example_dags/example_kubernetes_executor.py
[2025-01-29T23:37:24.314+0000] {processor.py:766} INFO - DAG(s) dict_keys(['example_kubernetes_executor']) retrieved from /home/airflow/.local/lib/python3.7/site-packages/airflow/example_dags/example_kubernetes_executor.py
[2025-01-29T23:37:24.368+0000] {logging_mixin.py:120} INFO - [2025-01-29T23:37:24.368+0000] {dag.py:2585} INFO - Sync 1 DAGs
[2025-01-29T23:37:24.399+0000] {logging_mixin.py:120} INFO - [2025-01-29T23:37:24.398+0000] {dag.py:3340} INFO - Setting next_dagrun for example_kubernetes_executor to None, run_after=None
[2025-01-29T23:37:24.421+0000] {processor.py:176} INFO - Processing /home/airflow/.local/lib/python3.7/site-packages/airflow/example_dags/example_kubernetes_executor.py took 0.136 seconds
[2025-01-29T23:37:54.784+0000] {processor.py:154} INFO - Started process (PID=800) to work on /home/airflow/.local/lib/python3.7/site-packages/airflow/example_dags/example_kubernetes_executor.py
[2025-01-29T23:37:54.785+0000] {processor.py:756} INFO - Processing file /home/airflow/.local/lib/python3.7/site-packages/airflow/example_dags/example_kubernetes_executor.py for tasks to queue
[2025-01-29T23:37:54.786+0000] {logging_mixin.py:120} INFO - [2025-01-29T23:37:54.786+0000] {dagbag.py:537} INFO - Filling up the DagBag from /home/airflow/.local/lib/python3.7/site-packages/airflow/example_dags/example_kubernetes_executor.py
[2025-01-29T23:37:54.812+0000] {processor.py:766} INFO - DAG(s) dict_keys(['example_kubernetes_executor']) retrieved from /home/airflow/.local/lib/python3.7/site-packages/airflow/example_dags/example_kubernetes_executor.py
[2025-01-29T23:37:54.868+0000] {logging_mixin.py:120} INFO - [2025-01-29T23:37:54.868+0000] {dag.py:2585} INFO - Sync 1 DAGs
[2025-01-29T23:37:54.900+0000] {logging_mixin.py:120} INFO - [2025-01-29T23:37:54.900+0000] {dag.py:3340} INFO - Setting next_dagrun for example_kubernetes_executor to None, run_after=None
[2025-01-29T23:37:54.925+0000] {processor.py:176} INFO - Processing /home/airflow/.local/lib/python3.7/site-packages/airflow/example_dags/example_kubernetes_executor.py took 0.143 seconds
[2025-01-29T23:38:25.270+0000] {processor.py:154} INFO - Started process (PID=864) to work on /home/airflow/.local/lib/python3.7/site-packages/airflow/example_dags/example_kubernetes_executor.py
[2025-01-29T23:38:25.271+0000] {processor.py:756} INFO - Processing file /home/airflow/.local/lib/python3.7/site-packages/airflow/example_dags/example_kubernetes_executor.py for tasks to queue
[2025-01-29T23:38:25.272+0000] {logging_mixin.py:120} INFO - [2025-01-29T23:38:25.271+0000] {dagbag.py:537} INFO - Filling up the DagBag from /home/airflow/.local/lib/python3.7/site-packages/airflow/example_dags/example_kubernetes_executor.py
[2025-01-29T23:38:25.297+0000] {processor.py:766} INFO - DAG(s) dict_keys(['example_kubernetes_executor']) retrieved from /home/airflow/.local/lib/python3.7/site-packages/airflow/example_dags/example_kubernetes_executor.py
[2025-01-29T23:38:25.354+0000] {logging_mixin.py:120} INFO - [2025-01-29T23:38:25.354+0000] {dag.py:2585} INFO - Sync 1 DAGs
[2025-01-29T23:38:25.387+0000] {logging_mixin.py:120} INFO - [2025-01-29T23:38:25.387+0000] {dag.py:3340} INFO - Setting next_dagrun for example_kubernetes_executor to None, run_after=None
[2025-01-29T23:38:25.410+0000] {processor.py:176} INFO - Processing /home/airflow/.local/lib/python3.7/site-packages/airflow/example_dags/example_kubernetes_executor.py took 0.143 seconds
[2025-01-29T23:38:55.727+0000] {processor.py:154} INFO - Started process (PID=928) to work on /home/airflow/.local/lib/python3.7/site-packages/airflow/example_dags/example_kubernetes_executor.py
[2025-01-29T23:38:55.728+0000] {processor.py:756} INFO - Processing file /home/airflow/.local/lib/python3.7/site-packages/airflow/example_dags/example_kubernetes_executor.py for tasks to queue
[2025-01-29T23:38:55.729+0000] {logging_mixin.py:120} INFO - [2025-01-29T23:38:55.729+0000] {dagbag.py:537} INFO - Filling up the DagBag from /home/airflow/.local/lib/python3.7/site-packages/airflow/example_dags/example_kubernetes_executor.py
[2025-01-29T23:38:55.764+0000] {processor.py:766} INFO - DAG(s) dict_keys(['example_kubernetes_executor']) retrieved from /home/airflow/.local/lib/python3.7/site-packages/airflow/example_dags/example_kubernetes_executor.py
[2025-01-29T23:38:55.834+0000] {logging_mixin.py:120} INFO - [2025-01-29T23:38:55.834+0000] {dag.py:2585} INFO - Sync 1 DAGs
[2025-01-29T23:38:55.877+0000] {logging_mixin.py:120} INFO - [2025-01-29T23:38:55.877+0000] {dag.py:3340} INFO - Setting next_dagrun for example_kubernetes_executor to None, run_after=None
[2025-01-29T23:38:55.911+0000] {processor.py:176} INFO - Processing /home/airflow/.local/lib/python3.7/site-packages/airflow/example_dags/example_kubernetes_executor.py took 0.186 seconds
[2025-01-29T23:39:26.576+0000] {processor.py:154} INFO - Started process (PID=983) to work on /home/airflow/.local/lib/python3.7/site-packages/airflow/example_dags/example_kubernetes_executor.py
[2025-01-29T23:39:26.576+0000] {processor.py:756} INFO - Processing file /home/airflow/.local/lib/python3.7/site-packages/airflow/example_dags/example_kubernetes_executor.py for tasks to queue
[2025-01-29T23:39:26.579+0000] {logging_mixin.py:120} INFO - [2025-01-29T23:39:26.578+0000] {dagbag.py:537} INFO - Filling up the DagBag from /home/airflow/.local/lib/python3.7/site-packages/airflow/example_dags/example_kubernetes_executor.py
[2025-01-29T23:39:26.609+0000] {processor.py:766} INFO - DAG(s) dict_keys(['example_kubernetes_executor']) retrieved from /home/airflow/.local/lib/python3.7/site-packages/airflow/example_dags/example_kubernetes_executor.py
[2025-01-29T23:39:26.665+0000] {logging_mixin.py:120} INFO - [2025-01-29T23:39:26.665+0000] {dag.py:2585} INFO - Sync 1 DAGs
[2025-01-29T23:39:26.694+0000] {logging_mixin.py:120} INFO - [2025-01-29T23:39:26.694+0000] {dag.py:3340} INFO - Setting next_dagrun for example_kubernetes_executor to None, run_after=None
[2025-01-29T23:39:26.716+0000] {processor.py:176} INFO - Processing /home/airflow/.local/lib/python3.7/site-packages/airflow/example_dags/example_kubernetes_executor.py took 0.143 seconds
[2025-01-29T23:39:57.157+0000] {processor.py:154} INFO - Started process (PID=1047) to work on /home/airflow/.local/lib/python3.7/site-packages/airflow/example_dags/example_kubernetes_executor.py
[2025-01-29T23:39:57.158+0000] {processor.py:756} INFO - Processing file /home/airflow/.local/lib/python3.7/site-packages/airflow/example_dags/example_kubernetes_executor.py for tasks to queue
[2025-01-29T23:39:57.159+0000] {logging_mixin.py:120} INFO - [2025-01-29T23:39:57.159+0000] {dagbag.py:537} INFO - Filling up the DagBag from /home/airflow/.local/lib/python3.7/site-packages/airflow/example_dags/example_kubernetes_executor.py
[2025-01-29T23:39:57.185+0000] {processor.py:766} INFO - DAG(s) dict_keys(['example_kubernetes_executor']) retrieved from /home/airflow/.local/lib/python3.7/site-packages/airflow/example_dags/example_kubernetes_executor.py
[2025-01-29T23:39:57.246+0000] {logging_mixin.py:120} INFO - [2025-01-29T23:39:57.246+0000] {dag.py:2585} INFO - Sync 1 DAGs
[2025-01-29T23:39:57.281+0000] {logging_mixin.py:120} INFO - [2025-01-29T23:39:57.281+0000] {dag.py:3340} INFO - Setting next_dagrun for example_kubernetes_executor to None, run_after=None
[2025-01-29T23:39:57.306+0000] {processor.py:176} INFO - Processing /home/airflow/.local/lib/python3.7/site-packages/airflow/example_dags/example_kubernetes_executor.py took 0.153 seconds
[2025-01-29T23:40:27.569+0000] {processor.py:154} INFO - Started process (PID=1111) to work on /home/airflow/.local/lib/python3.7/site-packages/airflow/example_dags/example_kubernetes_executor.py
[2025-01-29T23:40:27.570+0000] {processor.py:756} INFO - Processing file /home/airflow/.local/lib/python3.7/site-packages/airflow/example_dags/example_kubernetes_executor.py for tasks to queue
[2025-01-29T23:40:27.571+0000] {logging_mixin.py:120} INFO - [2025-01-29T23:40:27.571+0000] {dagbag.py:537} INFO - Filling up the DagBag from /home/airflow/.local/lib/python3.7/site-packages/airflow/example_dags/example_kubernetes_executor.py
[2025-01-29T23:40:27.598+0000] {processor.py:766} INFO - DAG(s) dict_keys(['example_kubernetes_executor']) retrieved from /home/airflow/.local/lib/python3.7/site-packages/airflow/example_dags/example_kubernetes_executor.py
[2025-01-29T23:40:27.655+0000] {logging_mixin.py:120} INFO - [2025-01-29T23:40:27.655+0000] {dag.py:2585} INFO - Sync 1 DAGs
[2025-01-29T23:40:27.685+0000] {logging_mixin.py:120} INFO - [2025-01-29T23:40:27.685+0000] {dag.py:3340} INFO - Setting next_dagrun for example_kubernetes_executor to None, run_after=None
[2025-01-29T23:40:27.707+0000] {processor.py:176} INFO - Processing /home/airflow/.local/lib/python3.7/site-packages/airflow/example_dags/example_kubernetes_executor.py took 0.141 seconds
[2025-01-29T23:40:57.944+0000] {processor.py:154} INFO - Started process (PID=1166) to work on /home/airflow/.local/lib/python3.7/site-packages/airflow/example_dags/example_kubernetes_executor.py
[2025-01-29T23:40:57.945+0000] {processor.py:756} INFO - Processing file /home/airflow/.local/lib/python3.7/site-packages/airflow/example_dags/example_kubernetes_executor.py for tasks to queue
[2025-01-29T23:40:57.946+0000] {logging_mixin.py:120} INFO - [2025-01-29T23:40:57.946+0000] {dagbag.py:537} INFO - Filling up the DagBag from /home/airflow/.local/lib/python3.7/site-packages/airflow/example_dags/example_kubernetes_executor.py
[2025-01-29T23:40:57.975+0000] {processor.py:766} INFO - DAG(s) dict_keys(['example_kubernetes_executor']) retrieved from /home/airflow/.local/lib/python3.7/site-packages/airflow/example_dags/example_kubernetes_executor.py
[2025-01-29T23:40:58.030+0000] {logging_mixin.py:120} INFO - [2025-01-29T23:40:58.030+0000] {dag.py:2585} INFO - Sync 1 DAGs
[2025-01-29T23:40:58.060+0000] {logging_mixin.py:120} INFO - [2025-01-29T23:40:58.059+0000] {dag.py:3340} INFO - Setting next_dagrun for example_kubernetes_executor to None, run_after=None
[2025-01-29T23:40:58.081+0000] {processor.py:176} INFO - Processing /home/airflow/.local/lib/python3.7/site-packages/airflow/example_dags/example_kubernetes_executor.py took 0.139 seconds
[2025-01-29T23:41:28.835+0000] {processor.py:154} INFO - Started process (PID=1230) to work on /home/airflow/.local/lib/python3.7/site-packages/airflow/example_dags/example_kubernetes_executor.py
[2025-01-29T23:41:28.837+0000] {processor.py:756} INFO - Processing file /home/airflow/.local/lib/python3.7/site-packages/airflow/example_dags/example_kubernetes_executor.py for tasks to queue
[2025-01-29T23:41:28.838+0000] {logging_mixin.py:120} INFO - [2025-01-29T23:41:28.838+0000] {dagbag.py:537} INFO - Filling up the DagBag from /home/airflow/.local/lib/python3.7/site-packages/airflow/example_dags/example_kubernetes_executor.py
[2025-01-29T23:41:28.883+0000] {processor.py:766} INFO - DAG(s) dict_keys(['example_kubernetes_executor']) retrieved from /home/airflow/.local/lib/python3.7/site-packages/airflow/example_dags/example_kubernetes_executor.py
[2025-01-29T23:41:28.948+0000] {logging_mixin.py:120} INFO - [2025-01-29T23:41:28.948+0000] {dag.py:2585} INFO - Sync 1 DAGs
[2025-01-29T23:41:28.979+0000] {logging_mixin.py:120} INFO - [2025-01-29T23:41:28.979+0000] {dag.py:3340} INFO - Setting next_dagrun for example_kubernetes_executor to None, run_after=None
[2025-01-29T23:41:29.003+0000] {processor.py:176} INFO - Processing /home/airflow/.local/lib/python3.7/site-packages/airflow/example_dags/example_kubernetes_executor.py took 0.172 seconds
[2025-01-29T23:41:59.709+0000] {processor.py:154} INFO - Started process (PID=1295) to work on /home/airflow/.local/lib/python3.7/site-packages/airflow/example_dags/example_kubernetes_executor.py
[2025-01-29T23:41:59.710+0000] {processor.py:756} INFO - Processing file /home/airflow/.local/lib/python3.7/site-packages/airflow/example_dags/example_kubernetes_executor.py for tasks to queue
[2025-01-29T23:41:59.711+0000] {logging_mixin.py:120} INFO - [2025-01-29T23:41:59.711+0000] {dagbag.py:537} INFO - Filling up the DagBag from /home/airflow/.local/lib/python3.7/site-packages/airflow/example_dags/example_kubernetes_executor.py
[2025-01-29T23:41:59.737+0000] {processor.py:766} INFO - DAG(s) dict_keys(['example_kubernetes_executor']) retrieved from /home/airflow/.local/lib/python3.7/site-packages/airflow/example_dags/example_kubernetes_executor.py
[2025-01-29T23:41:59.793+0000] {logging_mixin.py:120} INFO - [2025-01-29T23:41:59.793+0000] {dag.py:2585} INFO - Sync 1 DAGs
[2025-01-29T23:41:59.822+0000] {logging_mixin.py:120} INFO - [2025-01-29T23:41:59.822+0000] {dag.py:3340} INFO - Setting next_dagrun for example_kubernetes_executor to None, run_after=None
[2025-01-29T23:41:59.847+0000] {processor.py:176} INFO - Processing /home/airflow/.local/lib/python3.7/site-packages/airflow/example_dags/example_kubernetes_executor.py took 0.141 seconds
[2025-01-29T23:42:30.387+0000] {processor.py:154} INFO - Started process (PID=1359) to work on /home/airflow/.local/lib/python3.7/site-packages/airflow/example_dags/example_kubernetes_executor.py
[2025-01-29T23:42:30.388+0000] {processor.py:756} INFO - Processing file /home/airflow/.local/lib/python3.7/site-packages/airflow/example_dags/example_kubernetes_executor.py for tasks to queue
[2025-01-29T23:42:30.388+0000] {logging_mixin.py:120} INFO - [2025-01-29T23:42:30.388+0000] {dagbag.py:537} INFO - Filling up the DagBag from /home/airflow/.local/lib/python3.7/site-packages/airflow/example_dags/example_kubernetes_executor.py
[2025-01-29T23:42:30.422+0000] {processor.py:766} INFO - DAG(s) dict_keys(['example_kubernetes_executor']) retrieved from /home/airflow/.local/lib/python3.7/site-packages/airflow/example_dags/example_kubernetes_executor.py
[2025-01-29T23:42:30.539+0000] {logging_mixin.py:120} INFO - [2025-01-29T23:42:30.539+0000] {dag.py:2585} INFO - Sync 1 DAGs
[2025-01-29T23:42:30.590+0000] {logging_mixin.py:120} INFO - [2025-01-29T23:42:30.590+0000] {dag.py:3340} INFO - Setting next_dagrun for example_kubernetes_executor to None, run_after=None
[2025-01-29T23:42:30.626+0000] {processor.py:176} INFO - Processing /home/airflow/.local/lib/python3.7/site-packages/airflow/example_dags/example_kubernetes_executor.py took 0.242 seconds
[2025-01-29T23:43:01.058+0000] {processor.py:154} INFO - Started process (PID=1415) to work on /home/airflow/.local/lib/python3.7/site-packages/airflow/example_dags/example_kubernetes_executor.py
[2025-01-29T23:43:01.059+0000] {processor.py:756} INFO - Processing file /home/airflow/.local/lib/python3.7/site-packages/airflow/example_dags/example_kubernetes_executor.py for tasks to queue
[2025-01-29T23:43:01.059+0000] {logging_mixin.py:120} INFO - [2025-01-29T23:43:01.059+0000] {dagbag.py:537} INFO - Filling up the DagBag from /home/airflow/.local/lib/python3.7/site-packages/airflow/example_dags/example_kubernetes_executor.py
[2025-01-29T23:43:01.086+0000] {processor.py:766} INFO - DAG(s) dict_keys(['example_kubernetes_executor']) retrieved from /home/airflow/.local/lib/python3.7/site-packages/airflow/example_dags/example_kubernetes_executor.py
[2025-01-29T23:43:01.146+0000] {logging_mixin.py:120} INFO - [2025-01-29T23:43:01.145+0000] {dag.py:2585} INFO - Sync 1 DAGs
[2025-01-29T23:43:01.176+0000] {logging_mixin.py:120} INFO - [2025-01-29T23:43:01.176+0000] {dag.py:3340} INFO - Setting next_dagrun for example_kubernetes_executor to None, run_after=None
[2025-01-29T23:43:01.201+0000] {processor.py:176} INFO - Processing /home/airflow/.local/lib/python3.7/site-packages/airflow/example_dags/example_kubernetes_executor.py took 0.146 seconds
[2025-01-29T23:43:32.045+0000] {processor.py:154} INFO - Started process (PID=1479) to work on /home/airflow/.local/lib/python3.7/site-packages/airflow/example_dags/example_kubernetes_executor.py
[2025-01-29T23:43:32.046+0000] {processor.py:756} INFO - Processing file /home/airflow/.local/lib/python3.7/site-packages/airflow/example_dags/example_kubernetes_executor.py for tasks to queue
[2025-01-29T23:43:32.047+0000] {logging_mixin.py:120} INFO - [2025-01-29T23:43:32.047+0000] {dagbag.py:537} INFO - Filling up the DagBag from /home/airflow/.local/lib/python3.7/site-packages/airflow/example_dags/example_kubernetes_executor.py
[2025-01-29T23:43:32.072+0000] {processor.py:766} INFO - DAG(s) dict_keys(['example_kubernetes_executor']) retrieved from /home/airflow/.local/lib/python3.7/site-packages/airflow/example_dags/example_kubernetes_executor.py
[2025-01-29T23:43:32.130+0000] {logging_mixin.py:120} INFO - [2025-01-29T23:43:32.130+0000] {dag.py:2585} INFO - Sync 1 DAGs
[2025-01-29T23:43:32.162+0000] {logging_mixin.py:120} INFO - [2025-01-29T23:43:32.162+0000] {dag.py:3340} INFO - Setting next_dagrun for example_kubernetes_executor to None, run_after=None
[2025-01-29T23:43:32.186+0000] {processor.py:176} INFO - Processing /home/airflow/.local/lib/python3.7/site-packages/airflow/example_dags/example_kubernetes_executor.py took 0.143 seconds
[2025-01-29T23:44:02.589+0000] {processor.py:154} INFO - Started process (PID=1543) to work on /home/airflow/.local/lib/python3.7/site-packages/airflow/example_dags/example_kubernetes_executor.py
[2025-01-29T23:44:02.590+0000] {processor.py:756} INFO - Processing file /home/airflow/.local/lib/python3.7/site-packages/airflow/example_dags/example_kubernetes_executor.py for tasks to queue
[2025-01-29T23:44:02.592+0000] {logging_mixin.py:120} INFO - [2025-01-29T23:44:02.591+0000] {dagbag.py:537} INFO - Filling up the DagBag from /home/airflow/.local/lib/python3.7/site-packages/airflow/example_dags/example_kubernetes_executor.py
[2025-01-29T23:44:02.618+0000] {processor.py:766} INFO - DAG(s) dict_keys(['example_kubernetes_executor']) retrieved from /home/airflow/.local/lib/python3.7/site-packages/airflow/example_dags/example_kubernetes_executor.py
[2025-01-29T23:44:02.675+0000] {logging_mixin.py:120} INFO - [2025-01-29T23:44:02.675+0000] {dag.py:2585} INFO - Sync 1 DAGs
[2025-01-29T23:44:02.704+0000] {logging_mixin.py:120} INFO - [2025-01-29T23:44:02.704+0000] {dag.py:3340} INFO - Setting next_dagrun for example_kubernetes_executor to None, run_after=None
[2025-01-29T23:44:02.727+0000] {processor.py:176} INFO - Processing /home/airflow/.local/lib/python3.7/site-packages/airflow/example_dags/example_kubernetes_executor.py took 0.141 seconds
[2025-01-29T23:44:33.278+0000] {processor.py:154} INFO - Started process (PID=1598) to work on /home/airflow/.local/lib/python3.7/site-packages/airflow/example_dags/example_kubernetes_executor.py
[2025-01-29T23:44:33.279+0000] {processor.py:756} INFO - Processing file /home/airflow/.local/lib/python3.7/site-packages/airflow/example_dags/example_kubernetes_executor.py for tasks to queue
[2025-01-29T23:44:33.280+0000] {logging_mixin.py:120} INFO - [2025-01-29T23:44:33.280+0000] {dagbag.py:537} INFO - Filling up the DagBag from /home/airflow/.local/lib/python3.7/site-packages/airflow/example_dags/example_kubernetes_executor.py
[2025-01-29T23:44:33.308+0000] {processor.py:766} INFO - DAG(s) dict_keys(['example_kubernetes_executor']) retrieved from /home/airflow/.local/lib/python3.7/site-packages/airflow/example_dags/example_kubernetes_executor.py
[2025-01-29T23:44:33.364+0000] {logging_mixin.py:120} INFO - [2025-01-29T23:44:33.364+0000] {dag.py:2585} INFO - Sync 1 DAGs
[2025-01-29T23:44:33.397+0000] {logging_mixin.py:120} INFO - [2025-01-29T23:44:33.396+0000] {dag.py:3340} INFO - Setting next_dagrun for example_kubernetes_executor to None, run_after=None
[2025-01-29T23:44:33.430+0000] {processor.py:176} INFO - Processing /home/airflow/.local/lib/python3.7/site-packages/airflow/example_dags/example_kubernetes_executor.py took 0.156 seconds
[2025-01-29T23:45:03.661+0000] {processor.py:154} INFO - Started process (PID=1662) to work on /home/airflow/.local/lib/python3.7/site-packages/airflow/example_dags/example_kubernetes_executor.py
[2025-01-29T23:45:03.662+0000] {processor.py:756} INFO - Processing file /home/airflow/.local/lib/python3.7/site-packages/airflow/example_dags/example_kubernetes_executor.py for tasks to queue
[2025-01-29T23:45:03.664+0000] {logging_mixin.py:120} INFO - [2025-01-29T23:45:03.663+0000] {dagbag.py:537} INFO - Filling up the DagBag from /home/airflow/.local/lib/python3.7/site-packages/airflow/example_dags/example_kubernetes_executor.py
[2025-01-29T23:45:03.691+0000] {processor.py:766} INFO - DAG(s) dict_keys(['example_kubernetes_executor']) retrieved from /home/airflow/.local/lib/python3.7/site-packages/airflow/example_dags/example_kubernetes_executor.py
[2025-01-29T23:45:03.748+0000] {logging_mixin.py:120} INFO - [2025-01-29T23:45:03.747+0000] {dag.py:2585} INFO - Sync 1 DAGs
[2025-01-29T23:45:03.782+0000] {logging_mixin.py:120} INFO - [2025-01-29T23:45:03.782+0000] {dag.py:3340} INFO - Setting next_dagrun for example_kubernetes_executor to None, run_after=None
[2025-01-29T23:45:03.804+0000] {processor.py:176} INFO - Processing /home/airflow/.local/lib/python3.7/site-packages/airflow/example_dags/example_kubernetes_executor.py took 0.145 seconds
[2025-01-29T23:45:34.372+0000] {processor.py:154} INFO - Started process (PID=1726) to work on /home/airflow/.local/lib/python3.7/site-packages/airflow/example_dags/example_kubernetes_executor.py
[2025-01-29T23:45:34.373+0000] {processor.py:756} INFO - Processing file /home/airflow/.local/lib/python3.7/site-packages/airflow/example_dags/example_kubernetes_executor.py for tasks to queue
[2025-01-29T23:45:34.374+0000] {logging_mixin.py:120} INFO - [2025-01-29T23:45:34.374+0000] {dagbag.py:537} INFO - Filling up the DagBag from /home/airflow/.local/lib/python3.7/site-packages/airflow/example_dags/example_kubernetes_executor.py
[2025-01-29T23:45:34.398+0000] {processor.py:766} INFO - DAG(s) dict_keys(['example_kubernetes_executor']) retrieved from /home/airflow/.local/lib/python3.7/site-packages/airflow/example_dags/example_kubernetes_executor.py
[2025-01-29T23:45:34.452+0000] {logging_mixin.py:120} INFO - [2025-01-29T23:45:34.452+0000] {dag.py:2585} INFO - Sync 1 DAGs
[2025-01-29T23:45:34.482+0000] {logging_mixin.py:120} INFO - [2025-01-29T23:45:34.482+0000] {dag.py:3340} INFO - Setting next_dagrun for example_kubernetes_executor to None, run_after=None
[2025-01-29T23:45:34.505+0000] {processor.py:176} INFO - Processing /home/airflow/.local/lib/python3.7/site-packages/airflow/example_dags/example_kubernetes_executor.py took 0.135 seconds
[2025-01-29T23:46:04.882+0000] {processor.py:154} INFO - Started process (PID=1790) to work on /home/airflow/.local/lib/python3.7/site-packages/airflow/example_dags/example_kubernetes_executor.py
[2025-01-29T23:46:04.883+0000] {processor.py:756} INFO - Processing file /home/airflow/.local/lib/python3.7/site-packages/airflow/example_dags/example_kubernetes_executor.py for tasks to queue
[2025-01-29T23:46:04.884+0000] {logging_mixin.py:120} INFO - [2025-01-29T23:46:04.884+0000] {dagbag.py:537} INFO - Filling up the DagBag from /home/airflow/.local/lib/python3.7/site-packages/airflow/example_dags/example_kubernetes_executor.py
[2025-01-29T23:46:04.911+0000] {processor.py:766} INFO - DAG(s) dict_keys(['example_kubernetes_executor']) retrieved from /home/airflow/.local/lib/python3.7/site-packages/airflow/example_dags/example_kubernetes_executor.py
[2025-01-29T23:46:04.972+0000] {logging_mixin.py:120} INFO - [2025-01-29T23:46:04.972+0000] {dag.py:2585} INFO - Sync 1 DAGs
[2025-01-29T23:46:05.009+0000] {logging_mixin.py:120} INFO - [2025-01-29T23:46:05.008+0000] {dag.py:3340} INFO - Setting next_dagrun for example_kubernetes_executor to None, run_after=None
[2025-01-29T23:46:05.032+0000] {processor.py:176} INFO - Processing /home/airflow/.local/lib/python3.7/site-packages/airflow/example_dags/example_kubernetes_executor.py took 0.153 seconds
[2025-01-29T23:46:35.410+0000] {processor.py:154} INFO - Started process (PID=1845) to work on /home/airflow/.local/lib/python3.7/site-packages/airflow/example_dags/example_kubernetes_executor.py
[2025-01-29T23:46:35.411+0000] {processor.py:756} INFO - Processing file /home/airflow/.local/lib/python3.7/site-packages/airflow/example_dags/example_kubernetes_executor.py for tasks to queue
[2025-01-29T23:46:35.412+0000] {logging_mixin.py:120} INFO - [2025-01-29T23:46:35.412+0000] {dagbag.py:537} INFO - Filling up the DagBag from /home/airflow/.local/lib/python3.7/site-packages/airflow/example_dags/example_kubernetes_executor.py
[2025-01-29T23:46:35.447+0000] {processor.py:766} INFO - DAG(s) dict_keys(['example_kubernetes_executor']) retrieved from /home/airflow/.local/lib/python3.7/site-packages/airflow/example_dags/example_kubernetes_executor.py
[2025-01-29T23:46:35.507+0000] {logging_mixin.py:120} INFO - [2025-01-29T23:46:35.507+0000] {dag.py:2585} INFO - Sync 1 DAGs
[2025-01-29T23:46:35.537+0000] {logging_mixin.py:120} INFO - [2025-01-29T23:46:35.537+0000] {dag.py:3340} INFO - Setting next_dagrun for example_kubernetes_executor to None, run_after=None
[2025-01-29T23:46:35.566+0000] {processor.py:176} INFO - Processing /home/airflow/.local/lib/python3.7/site-packages/airflow/example_dags/example_kubernetes_executor.py took 0.159 seconds
[2025-01-29T23:47:05.681+0000] {processor.py:154} INFO - Started process (PID=1909) to work on /home/airflow/.local/lib/python3.7/site-packages/airflow/example_dags/example_kubernetes_executor.py
[2025-01-29T23:47:05.682+0000] {processor.py:756} INFO - Processing file /home/airflow/.local/lib/python3.7/site-packages/airflow/example_dags/example_kubernetes_executor.py for tasks to queue
[2025-01-29T23:47:05.683+0000] {logging_mixin.py:120} INFO - [2025-01-29T23:47:05.683+0000] {dagbag.py:537} INFO - Filling up the DagBag from /home/airflow/.local/lib/python3.7/site-packages/airflow/example_dags/example_kubernetes_executor.py
[2025-01-29T23:47:05.710+0000] {processor.py:766} INFO - DAG(s) dict_keys(['example_kubernetes_executor']) retrieved from /home/airflow/.local/lib/python3.7/site-packages/airflow/example_dags/example_kubernetes_executor.py
[2025-01-29T23:47:05.766+0000] {logging_mixin.py:120} INFO - [2025-01-29T23:47:05.766+0000] {dag.py:2585} INFO - Sync 1 DAGs
[2025-01-29T23:47:05.797+0000] {logging_mixin.py:120} INFO - [2025-01-29T23:47:05.797+0000] {dag.py:3340} INFO - Setting next_dagrun for example_kubernetes_executor to None, run_after=None
[2025-01-29T23:47:05.821+0000] {processor.py:176} INFO - Processing /home/airflow/.local/lib/python3.7/site-packages/airflow/example_dags/example_kubernetes_executor.py took 0.143 seconds
[2025-01-29T23:47:36.295+0000] {processor.py:154} INFO - Started process (PID=1973) to work on /home/airflow/.local/lib/python3.7/site-packages/airflow/example_dags/example_kubernetes_executor.py
[2025-01-29T23:47:36.296+0000] {processor.py:756} INFO - Processing file /home/airflow/.local/lib/python3.7/site-packages/airflow/example_dags/example_kubernetes_executor.py for tasks to queue
[2025-01-29T23:47:36.297+0000] {logging_mixin.py:120} INFO - [2025-01-29T23:47:36.297+0000] {dagbag.py:537} INFO - Filling up the DagBag from /home/airflow/.local/lib/python3.7/site-packages/airflow/example_dags/example_kubernetes_executor.py
[2025-01-29T23:47:36.332+0000] {processor.py:766} INFO - DAG(s) dict_keys(['example_kubernetes_executor']) retrieved from /home/airflow/.local/lib/python3.7/site-packages/airflow/example_dags/example_kubernetes_executor.py
[2025-01-29T23:47:36.397+0000] {logging_mixin.py:120} INFO - [2025-01-29T23:47:36.397+0000] {dag.py:2585} INFO - Sync 1 DAGs
[2025-01-29T23:47:36.438+0000] {logging_mixin.py:120} INFO - [2025-01-29T23:47:36.438+0000] {dag.py:3340} INFO - Setting next_dagrun for example_kubernetes_executor to None, run_after=None
[2025-01-29T23:47:36.469+0000] {processor.py:176} INFO - Processing /home/airflow/.local/lib/python3.7/site-packages/airflow/example_dags/example_kubernetes_executor.py took 0.178 seconds
[2025-01-29T23:48:07.095+0000] {processor.py:154} INFO - Started process (PID=2028) to work on /home/airflow/.local/lib/python3.7/site-packages/airflow/example_dags/example_kubernetes_executor.py
[2025-01-29T23:48:07.096+0000] {processor.py:756} INFO - Processing file /home/airflow/.local/lib/python3.7/site-packages/airflow/example_dags/example_kubernetes_executor.py for tasks to queue
[2025-01-29T23:48:07.097+0000] {logging_mixin.py:120} INFO - [2025-01-29T23:48:07.097+0000] {dagbag.py:537} INFO - Filling up the DagBag from /home/airflow/.local/lib/python3.7/site-packages/airflow/example_dags/example_kubernetes_executor.py
[2025-01-29T23:48:07.123+0000] {processor.py:766} INFO - DAG(s) dict_keys(['example_kubernetes_executor']) retrieved from /home/airflow/.local/lib/python3.7/site-packages/airflow/example_dags/example_kubernetes_executor.py
[2025-01-29T23:48:07.176+0000] {logging_mixin.py:120} INFO - [2025-01-29T23:48:07.176+0000] {dag.py:2585} INFO - Sync 1 DAGs
[2025-01-29T23:48:07.204+0000] {logging_mixin.py:120} INFO - [2025-01-29T23:48:07.203+0000] {dag.py:3340} INFO - Setting next_dagrun for example_kubernetes_executor to None, run_after=None
[2025-01-29T23:48:07.227+0000] {processor.py:176} INFO - Processing /home/airflow/.local/lib/python3.7/site-packages/airflow/example_dags/example_kubernetes_executor.py took 0.134 seconds
[2025-01-29T23:48:38.178+0000] {processor.py:154} INFO - Started process (PID=2092) to work on /home/airflow/.local/lib/python3.7/site-packages/airflow/example_dags/example_kubernetes_executor.py
[2025-01-29T23:48:38.179+0000] {processor.py:756} INFO - Processing file /home/airflow/.local/lib/python3.7/site-packages/airflow/example_dags/example_kubernetes_executor.py for tasks to queue
[2025-01-29T23:48:38.180+0000] {logging_mixin.py:120} INFO - [2025-01-29T23:48:38.180+0000] {dagbag.py:537} INFO - Filling up the DagBag from /home/airflow/.local/lib/python3.7/site-packages/airflow/example_dags/example_kubernetes_executor.py
[2025-01-29T23:48:38.208+0000] {processor.py:766} INFO - DAG(s) dict_keys(['example_kubernetes_executor']) retrieved from /home/airflow/.local/lib/python3.7/site-packages/airflow/example_dags/example_kubernetes_executor.py
[2025-01-29T23:48:38.271+0000] {logging_mixin.py:120} INFO - [2025-01-29T23:48:38.271+0000] {dag.py:2585} INFO - Sync 1 DAGs
[2025-01-29T23:48:38.306+0000] {logging_mixin.py:120} INFO - [2025-01-29T23:48:38.306+0000] {dag.py:3340} INFO - Setting next_dagrun for example_kubernetes_executor to None, run_after=None
[2025-01-29T23:48:38.337+0000] {processor.py:176} INFO - Processing /home/airflow/.local/lib/python3.7/site-packages/airflow/example_dags/example_kubernetes_executor.py took 0.163 seconds
[2025-01-29T23:49:08.487+0000] {processor.py:154} INFO - Started process (PID=2156) to work on /home/airflow/.local/lib/python3.7/site-packages/airflow/example_dags/example_kubernetes_executor.py
[2025-01-29T23:49:08.488+0000] {processor.py:756} INFO - Processing file /home/airflow/.local/lib/python3.7/site-packages/airflow/example_dags/example_kubernetes_executor.py for tasks to queue
[2025-01-29T23:49:08.489+0000] {logging_mixin.py:120} INFO - [2025-01-29T23:49:08.489+0000] {dagbag.py:537} INFO - Filling up the DagBag from /home/airflow/.local/lib/python3.7/site-packages/airflow/example_dags/example_kubernetes_executor.py
[2025-01-29T23:49:08.515+0000] {processor.py:766} INFO - DAG(s) dict_keys(['example_kubernetes_executor']) retrieved from /home/airflow/.local/lib/python3.7/site-packages/airflow/example_dags/example_kubernetes_executor.py
[2025-01-29T23:49:08.570+0000] {logging_mixin.py:120} INFO - [2025-01-29T23:49:08.570+0000] {dag.py:2585} INFO - Sync 1 DAGs
[2025-01-29T23:49:08.600+0000] {logging_mixin.py:120} INFO - [2025-01-29T23:49:08.600+0000] {dag.py:3340} INFO - Setting next_dagrun for example_kubernetes_executor to None, run_after=None
[2025-01-29T23:49:08.623+0000] {processor.py:176} INFO - Processing /home/airflow/.local/lib/python3.7/site-packages/airflow/example_dags/example_kubernetes_executor.py took 0.140 seconds
[2025-01-29T23:49:38.771+0000] {processor.py:154} INFO - Started process (PID=2211) to work on /home/airflow/.local/lib/python3.7/site-packages/airflow/example_dags/example_kubernetes_executor.py
[2025-01-29T23:49:38.772+0000] {processor.py:756} INFO - Processing file /home/airflow/.local/lib/python3.7/site-packages/airflow/example_dags/example_kubernetes_executor.py for tasks to queue
[2025-01-29T23:49:38.773+0000] {logging_mixin.py:120} INFO - [2025-01-29T23:49:38.773+0000] {dagbag.py:537} INFO - Filling up the DagBag from /home/airflow/.local/lib/python3.7/site-packages/airflow/example_dags/example_kubernetes_executor.py
[2025-01-29T23:49:38.806+0000] {processor.py:766} INFO - DAG(s) dict_keys(['example_kubernetes_executor']) retrieved from /home/airflow/.local/lib/python3.7/site-packages/airflow/example_dags/example_kubernetes_executor.py
[2025-01-29T23:49:38.864+0000] {logging_mixin.py:120} INFO - [2025-01-29T23:49:38.864+0000] {dag.py:2585} INFO - Sync 1 DAGs
[2025-01-29T23:49:38.896+0000] {logging_mixin.py:120} INFO - [2025-01-29T23:49:38.896+0000] {dag.py:3340} INFO - Setting next_dagrun for example_kubernetes_executor to None, run_after=None
[2025-01-29T23:49:38.922+0000] {processor.py:176} INFO - Processing /home/airflow/.local/lib/python3.7/site-packages/airflow/example_dags/example_kubernetes_executor.py took 0.154 seconds
[2025-01-29T23:50:09.213+0000] {processor.py:154} INFO - Started process (PID=2275) to work on /home/airflow/.local/lib/python3.7/site-packages/airflow/example_dags/example_kubernetes_executor.py
[2025-01-29T23:50:09.214+0000] {processor.py:756} INFO - Processing file /home/airflow/.local/lib/python3.7/site-packages/airflow/example_dags/example_kubernetes_executor.py for tasks to queue
[2025-01-29T23:50:09.215+0000] {logging_mixin.py:120} INFO - [2025-01-29T23:50:09.215+0000] {dagbag.py:537} INFO - Filling up the DagBag from /home/airflow/.local/lib/python3.7/site-packages/airflow/example_dags/example_kubernetes_executor.py
[2025-01-29T23:50:09.256+0000] {processor.py:766} INFO - DAG(s) dict_keys(['example_kubernetes_executor']) retrieved from /home/airflow/.local/lib/python3.7/site-packages/airflow/example_dags/example_kubernetes_executor.py
[2025-01-29T23:50:09.317+0000] {logging_mixin.py:120} INFO - [2025-01-29T23:50:09.317+0000] {dag.py:2585} INFO - Sync 1 DAGs
[2025-01-29T23:50:09.350+0000] {logging_mixin.py:120} INFO - [2025-01-29T23:50:09.350+0000] {dag.py:3340} INFO - Setting next_dagrun for example_kubernetes_executor to None, run_after=None
[2025-01-29T23:50:09.373+0000] {processor.py:176} INFO - Processing /home/airflow/.local/lib/python3.7/site-packages/airflow/example_dags/example_kubernetes_executor.py took 0.165 seconds
[2025-01-29T23:50:39.664+0000] {processor.py:154} INFO - Started process (PID=2339) to work on /home/airflow/.local/lib/python3.7/site-packages/airflow/example_dags/example_kubernetes_executor.py
[2025-01-29T23:50:39.665+0000] {processor.py:756} INFO - Processing file /home/airflow/.local/lib/python3.7/site-packages/airflow/example_dags/example_kubernetes_executor.py for tasks to queue
[2025-01-29T23:50:39.666+0000] {logging_mixin.py:120} INFO - [2025-01-29T23:50:39.666+0000] {dagbag.py:537} INFO - Filling up the DagBag from /home/airflow/.local/lib/python3.7/site-packages/airflow/example_dags/example_kubernetes_executor.py
[2025-01-29T23:50:39.690+0000] {processor.py:766} INFO - DAG(s) dict_keys(['example_kubernetes_executor']) retrieved from /home/airflow/.local/lib/python3.7/site-packages/airflow/example_dags/example_kubernetes_executor.py
[2025-01-29T23:50:39.747+0000] {logging_mixin.py:120} INFO - [2025-01-29T23:50:39.746+0000] {dag.py:2585} INFO - Sync 1 DAGs
[2025-01-29T23:50:39.780+0000] {logging_mixin.py:120} INFO - [2025-01-29T23:50:39.780+0000] {dag.py:3340} INFO - Setting next_dagrun for example_kubernetes_executor to None, run_after=None
[2025-01-29T23:50:39.804+0000] {processor.py:176} INFO - Processing /home/airflow/.local/lib/python3.7/site-packages/airflow/example_dags/example_kubernetes_executor.py took 0.143 seconds
[2025-01-29T23:51:10.324+0000] {processor.py:154} INFO - Started process (PID=2395) to work on /home/airflow/.local/lib/python3.7/site-packages/airflow/example_dags/example_kubernetes_executor.py
[2025-01-29T23:51:10.325+0000] {processor.py:756} INFO - Processing file /home/airflow/.local/lib/python3.7/site-packages/airflow/example_dags/example_kubernetes_executor.py for tasks to queue
[2025-01-29T23:51:10.326+0000] {logging_mixin.py:120} INFO - [2025-01-29T23:51:10.326+0000] {dagbag.py:537} INFO - Filling up the DagBag from /home/airflow/.local/lib/python3.7/site-packages/airflow/example_dags/example_kubernetes_executor.py
[2025-01-29T23:51:10.357+0000] {processor.py:766} INFO - DAG(s) dict_keys(['example_kubernetes_executor']) retrieved from /home/airflow/.local/lib/python3.7/site-packages/airflow/example_dags/example_kubernetes_executor.py
[2025-01-29T23:51:10.416+0000] {logging_mixin.py:120} INFO - [2025-01-29T23:51:10.415+0000] {dag.py:2585} INFO - Sync 1 DAGs
[2025-01-29T23:51:10.451+0000] {logging_mixin.py:120} INFO - [2025-01-29T23:51:10.451+0000] {dag.py:3340} INFO - Setting next_dagrun for example_kubernetes_executor to None, run_after=None
[2025-01-29T23:51:10.483+0000] {processor.py:176} INFO - Processing /home/airflow/.local/lib/python3.7/site-packages/airflow/example_dags/example_kubernetes_executor.py took 0.162 seconds
[2025-01-29T23:51:41.314+0000] {processor.py:154} INFO - Started process (PID=2459) to work on /home/airflow/.local/lib/python3.7/site-packages/airflow/example_dags/example_kubernetes_executor.py
[2025-01-29T23:51:41.315+0000] {processor.py:756} INFO - Processing file /home/airflow/.local/lib/python3.7/site-packages/airflow/example_dags/example_kubernetes_executor.py for tasks to queue
[2025-01-29T23:51:41.316+0000] {logging_mixin.py:120} INFO - [2025-01-29T23:51:41.316+0000] {dagbag.py:537} INFO - Filling up the DagBag from /home/airflow/.local/lib/python3.7/site-packages/airflow/example_dags/example_kubernetes_executor.py
[2025-01-29T23:51:41.345+0000] {processor.py:766} INFO - DAG(s) dict_keys(['example_kubernetes_executor']) retrieved from /home/airflow/.local/lib/python3.7/site-packages/airflow/example_dags/example_kubernetes_executor.py
[2025-01-29T23:51:41.402+0000] {logging_mixin.py:120} INFO - [2025-01-29T23:51:41.402+0000] {dag.py:2585} INFO - Sync 1 DAGs
[2025-01-29T23:51:41.433+0000] {logging_mixin.py:120} INFO - [2025-01-29T23:51:41.433+0000] {dag.py:3340} INFO - Setting next_dagrun for example_kubernetes_executor to None, run_after=None
[2025-01-29T23:51:41.463+0000] {processor.py:176} INFO - Processing /home/airflow/.local/lib/python3.7/site-packages/airflow/example_dags/example_kubernetes_executor.py took 0.153 seconds
[2025-01-29T23:52:11.891+0000] {processor.py:154} INFO - Started process (PID=2523) to work on /home/airflow/.local/lib/python3.7/site-packages/airflow/example_dags/example_kubernetes_executor.py
[2025-01-29T23:52:11.892+0000] {processor.py:756} INFO - Processing file /home/airflow/.local/lib/python3.7/site-packages/airflow/example_dags/example_kubernetes_executor.py for tasks to queue
[2025-01-29T23:52:11.893+0000] {logging_mixin.py:120} INFO - [2025-01-29T23:52:11.893+0000] {dagbag.py:537} INFO - Filling up the DagBag from /home/airflow/.local/lib/python3.7/site-packages/airflow/example_dags/example_kubernetes_executor.py
[2025-01-29T23:52:11.926+0000] {processor.py:766} INFO - DAG(s) dict_keys(['example_kubernetes_executor']) retrieved from /home/airflow/.local/lib/python3.7/site-packages/airflow/example_dags/example_kubernetes_executor.py
[2025-01-29T23:52:11.985+0000] {logging_mixin.py:120} INFO - [2025-01-29T23:52:11.985+0000] {dag.py:2585} INFO - Sync 1 DAGs
[2025-01-29T23:52:12.016+0000] {logging_mixin.py:120} INFO - [2025-01-29T23:52:12.016+0000] {dag.py:3340} INFO - Setting next_dagrun for example_kubernetes_executor to None, run_after=None
[2025-01-29T23:52:12.038+0000] {processor.py:176} INFO - Processing /home/airflow/.local/lib/python3.7/site-packages/airflow/example_dags/example_kubernetes_executor.py took 0.150 seconds
[2025-01-29T23:52:42.439+0000] {processor.py:154} INFO - Started process (PID=2587) to work on /home/airflow/.local/lib/python3.7/site-packages/airflow/example_dags/example_kubernetes_executor.py
[2025-01-29T23:52:42.440+0000] {processor.py:756} INFO - Processing file /home/airflow/.local/lib/python3.7/site-packages/airflow/example_dags/example_kubernetes_executor.py for tasks to queue
[2025-01-29T23:52:42.441+0000] {logging_mixin.py:120} INFO - [2025-01-29T23:52:42.441+0000] {dagbag.py:537} INFO - Filling up the DagBag from /home/airflow/.local/lib/python3.7/site-packages/airflow/example_dags/example_kubernetes_executor.py
[2025-01-29T23:52:42.468+0000] {processor.py:766} INFO - DAG(s) dict_keys(['example_kubernetes_executor']) retrieved from /home/airflow/.local/lib/python3.7/site-packages/airflow/example_dags/example_kubernetes_executor.py
[2025-01-29T23:52:42.529+0000] {logging_mixin.py:120} INFO - [2025-01-29T23:52:42.529+0000] {dag.py:2585} INFO - Sync 1 DAGs
[2025-01-29T23:52:42.563+0000] {logging_mixin.py:120} INFO - [2025-01-29T23:52:42.563+0000] {dag.py:3340} INFO - Setting next_dagrun for example_kubernetes_executor to None, run_after=None
[2025-01-29T23:52:42.591+0000] {processor.py:176} INFO - Processing /home/airflow/.local/lib/python3.7/site-packages/airflow/example_dags/example_kubernetes_executor.py took 0.154 seconds
[2025-01-29T23:53:12.908+0000] {processor.py:154} INFO - Started process (PID=2642) to work on /home/airflow/.local/lib/python3.7/site-packages/airflow/example_dags/example_kubernetes_executor.py
[2025-01-29T23:53:12.909+0000] {processor.py:756} INFO - Processing file /home/airflow/.local/lib/python3.7/site-packages/airflow/example_dags/example_kubernetes_executor.py for tasks to queue
[2025-01-29T23:53:12.910+0000] {logging_mixin.py:120} INFO - [2025-01-29T23:53:12.910+0000] {dagbag.py:537} INFO - Filling up the DagBag from /home/airflow/.local/lib/python3.7/site-packages/airflow/example_dags/example_kubernetes_executor.py
[2025-01-29T23:53:12.934+0000] {processor.py:766} INFO - DAG(s) dict_keys(['example_kubernetes_executor']) retrieved from /home/airflow/.local/lib/python3.7/site-packages/airflow/example_dags/example_kubernetes_executor.py
[2025-01-29T23:53:12.987+0000] {logging_mixin.py:120} INFO - [2025-01-29T23:53:12.986+0000] {dag.py:2585} INFO - Sync 1 DAGs
[2025-01-29T23:53:13.016+0000] {logging_mixin.py:120} INFO - [2025-01-29T23:53:13.016+0000] {dag.py:3340} INFO - Setting next_dagrun for example_kubernetes_executor to None, run_after=None
[2025-01-29T23:53:13.042+0000] {processor.py:176} INFO - Processing /home/airflow/.local/lib/python3.7/site-packages/airflow/example_dags/example_kubernetes_executor.py took 0.137 seconds
[2025-01-29T23:53:44.030+0000] {processor.py:154} INFO - Started process (PID=2706) to work on /home/airflow/.local/lib/python3.7/site-packages/airflow/example_dags/example_kubernetes_executor.py
[2025-01-29T23:53:44.031+0000] {processor.py:756} INFO - Processing file /home/airflow/.local/lib/python3.7/site-packages/airflow/example_dags/example_kubernetes_executor.py for tasks to queue
[2025-01-29T23:53:44.032+0000] {logging_mixin.py:120} INFO - [2025-01-29T23:53:44.032+0000] {dagbag.py:537} INFO - Filling up the DagBag from /home/airflow/.local/lib/python3.7/site-packages/airflow/example_dags/example_kubernetes_executor.py
[2025-01-29T23:53:44.057+0000] {processor.py:766} INFO - DAG(s) dict_keys(['example_kubernetes_executor']) retrieved from /home/airflow/.local/lib/python3.7/site-packages/airflow/example_dags/example_kubernetes_executor.py
[2025-01-29T23:53:44.114+0000] {logging_mixin.py:120} INFO - [2025-01-29T23:53:44.114+0000] {dag.py:2585} INFO - Sync 1 DAGs
[2025-01-29T23:53:44.143+0000] {logging_mixin.py:120} INFO - [2025-01-29T23:53:44.143+0000] {dag.py:3340} INFO - Setting next_dagrun for example_kubernetes_executor to None, run_after=None
[2025-01-29T23:53:44.166+0000] {processor.py:176} INFO - Processing /home/airflow/.local/lib/python3.7/site-packages/airflow/example_dags/example_kubernetes_executor.py took 0.138 seconds
[2025-01-29T23:54:14.548+0000] {processor.py:154} INFO - Started process (PID=2770) to work on /home/airflow/.local/lib/python3.7/site-packages/airflow/example_dags/example_kubernetes_executor.py
[2025-01-29T23:54:14.549+0000] {processor.py:756} INFO - Processing file /home/airflow/.local/lib/python3.7/site-packages/airflow/example_dags/example_kubernetes_executor.py for tasks to queue
[2025-01-29T23:54:14.550+0000] {logging_mixin.py:120} INFO - [2025-01-29T23:54:14.550+0000] {dagbag.py:537} INFO - Filling up the DagBag from /home/airflow/.local/lib/python3.7/site-packages/airflow/example_dags/example_kubernetes_executor.py
[2025-01-29T23:54:14.577+0000] {processor.py:766} INFO - DAG(s) dict_keys(['example_kubernetes_executor']) retrieved from /home/airflow/.local/lib/python3.7/site-packages/airflow/example_dags/example_kubernetes_executor.py
[2025-01-29T23:54:14.639+0000] {logging_mixin.py:120} INFO - [2025-01-29T23:54:14.638+0000] {dag.py:2585} INFO - Sync 1 DAGs
[2025-01-29T23:54:14.681+0000] {logging_mixin.py:120} INFO - [2025-01-29T23:54:14.680+0000] {dag.py:3340} INFO - Setting next_dagrun for example_kubernetes_executor to None, run_after=None
[2025-01-29T23:54:14.713+0000] {processor.py:176} INFO - Processing /home/airflow/.local/lib/python3.7/site-packages/airflow/example_dags/example_kubernetes_executor.py took 0.169 seconds
[2025-01-29T23:54:45.007+0000] {processor.py:154} INFO - Started process (PID=2825) to work on /home/airflow/.local/lib/python3.7/site-packages/airflow/example_dags/example_kubernetes_executor.py
[2025-01-29T23:54:45.008+0000] {processor.py:756} INFO - Processing file /home/airflow/.local/lib/python3.7/site-packages/airflow/example_dags/example_kubernetes_executor.py for tasks to queue
[2025-01-29T23:54:45.009+0000] {logging_mixin.py:120} INFO - [2025-01-29T23:54:45.008+0000] {dagbag.py:537} INFO - Filling up the DagBag from /home/airflow/.local/lib/python3.7/site-packages/airflow/example_dags/example_kubernetes_executor.py
[2025-01-29T23:54:45.036+0000] {processor.py:766} INFO - DAG(s) dict_keys(['example_kubernetes_executor']) retrieved from /home/airflow/.local/lib/python3.7/site-packages/airflow/example_dags/example_kubernetes_executor.py
[2025-01-29T23:54:45.092+0000] {logging_mixin.py:120} INFO - [2025-01-29T23:54:45.092+0000] {dag.py:2585} INFO - Sync 1 DAGs
[2025-01-29T23:54:45.122+0000] {logging_mixin.py:120} INFO - [2025-01-29T23:54:45.122+0000] {dag.py:3340} INFO - Setting next_dagrun for example_kubernetes_executor to None, run_after=None
[2025-01-29T23:54:45.145+0000] {processor.py:176} INFO - Processing /home/airflow/.local/lib/python3.7/site-packages/airflow/example_dags/example_kubernetes_executor.py took 0.140 seconds
[2025-01-29T23:55:15.467+0000] {processor.py:154} INFO - Started process (PID=2889) to work on /home/airflow/.local/lib/python3.7/site-packages/airflow/example_dags/example_kubernetes_executor.py
[2025-01-29T23:55:15.468+0000] {processor.py:756} INFO - Processing file /home/airflow/.local/lib/python3.7/site-packages/airflow/example_dags/example_kubernetes_executor.py for tasks to queue
[2025-01-29T23:55:15.469+0000] {logging_mixin.py:120} INFO - [2025-01-29T23:55:15.469+0000] {dagbag.py:537} INFO - Filling up the DagBag from /home/airflow/.local/lib/python3.7/site-packages/airflow/example_dags/example_kubernetes_executor.py
[2025-01-29T23:55:15.494+0000] {processor.py:766} INFO - DAG(s) dict_keys(['example_kubernetes_executor']) retrieved from /home/airflow/.local/lib/python3.7/site-packages/airflow/example_dags/example_kubernetes_executor.py
[2025-01-29T23:55:15.547+0000] {logging_mixin.py:120} INFO - [2025-01-29T23:55:15.547+0000] {dag.py:2585} INFO - Sync 1 DAGs
[2025-01-29T23:55:15.579+0000] {logging_mixin.py:120} INFO - [2025-01-29T23:55:15.578+0000] {dag.py:3340} INFO - Setting next_dagrun for example_kubernetes_executor to None, run_after=None
[2025-01-29T23:55:15.603+0000] {processor.py:176} INFO - Processing /home/airflow/.local/lib/python3.7/site-packages/airflow/example_dags/example_kubernetes_executor.py took 0.139 seconds
[2025-01-29T23:55:45.832+0000] {processor.py:154} INFO - Started process (PID=2953) to work on /home/airflow/.local/lib/python3.7/site-packages/airflow/example_dags/example_kubernetes_executor.py
[2025-01-29T23:55:45.833+0000] {processor.py:756} INFO - Processing file /home/airflow/.local/lib/python3.7/site-packages/airflow/example_dags/example_kubernetes_executor.py for tasks to queue
[2025-01-29T23:55:45.834+0000] {logging_mixin.py:120} INFO - [2025-01-29T23:55:45.834+0000] {dagbag.py:537} INFO - Filling up the DagBag from /home/airflow/.local/lib/python3.7/site-packages/airflow/example_dags/example_kubernetes_executor.py
[2025-01-29T23:55:45.863+0000] {processor.py:766} INFO - DAG(s) dict_keys(['example_kubernetes_executor']) retrieved from /home/airflow/.local/lib/python3.7/site-packages/airflow/example_dags/example_kubernetes_executor.py
[2025-01-29T23:55:45.925+0000] {logging_mixin.py:120} INFO - [2025-01-29T23:55:45.924+0000] {dag.py:2585} INFO - Sync 1 DAGs
[2025-01-29T23:55:45.956+0000] {logging_mixin.py:120} INFO - [2025-01-29T23:55:45.956+0000] {dag.py:3340} INFO - Setting next_dagrun for example_kubernetes_executor to None, run_after=None
[2025-01-29T23:55:45.981+0000] {processor.py:176} INFO - Processing /home/airflow/.local/lib/python3.7/site-packages/airflow/example_dags/example_kubernetes_executor.py took 0.152 seconds
[2025-01-29T23:56:16.147+0000] {processor.py:154} INFO - Started process (PID=3008) to work on /home/airflow/.local/lib/python3.7/site-packages/airflow/example_dags/example_kubernetes_executor.py
[2025-01-29T23:56:16.148+0000] {processor.py:756} INFO - Processing file /home/airflow/.local/lib/python3.7/site-packages/airflow/example_dags/example_kubernetes_executor.py for tasks to queue
[2025-01-29T23:56:16.149+0000] {logging_mixin.py:120} INFO - [2025-01-29T23:56:16.148+0000] {dagbag.py:537} INFO - Filling up the DagBag from /home/airflow/.local/lib/python3.7/site-packages/airflow/example_dags/example_kubernetes_executor.py
[2025-01-29T23:56:16.174+0000] {processor.py:766} INFO - DAG(s) dict_keys(['example_kubernetes_executor']) retrieved from /home/airflow/.local/lib/python3.7/site-packages/airflow/example_dags/example_kubernetes_executor.py
[2025-01-29T23:56:16.232+0000] {logging_mixin.py:120} INFO - [2025-01-29T23:56:16.232+0000] {dag.py:2585} INFO - Sync 1 DAGs
[2025-01-29T23:56:16.267+0000] {logging_mixin.py:120} INFO - [2025-01-29T23:56:16.267+0000] {dag.py:3340} INFO - Setting next_dagrun for example_kubernetes_executor to None, run_after=None
[2025-01-29T23:56:16.297+0000] {processor.py:176} INFO - Processing /home/airflow/.local/lib/python3.7/site-packages/airflow/example_dags/example_kubernetes_executor.py took 0.153 seconds
[2025-01-29T23:56:46.482+0000] {processor.py:154} INFO - Started process (PID=3072) to work on /home/airflow/.local/lib/python3.7/site-packages/airflow/example_dags/example_kubernetes_executor.py
[2025-01-29T23:56:46.483+0000] {processor.py:756} INFO - Processing file /home/airflow/.local/lib/python3.7/site-packages/airflow/example_dags/example_kubernetes_executor.py for tasks to queue
[2025-01-29T23:56:46.483+0000] {logging_mixin.py:120} INFO - [2025-01-29T23:56:46.483+0000] {dagbag.py:537} INFO - Filling up the DagBag from /home/airflow/.local/lib/python3.7/site-packages/airflow/example_dags/example_kubernetes_executor.py
[2025-01-29T23:56:46.509+0000] {processor.py:766} INFO - DAG(s) dict_keys(['example_kubernetes_executor']) retrieved from /home/airflow/.local/lib/python3.7/site-packages/airflow/example_dags/example_kubernetes_executor.py
[2025-01-29T23:56:46.562+0000] {logging_mixin.py:120} INFO - [2025-01-29T23:56:46.562+0000] {dag.py:2585} INFO - Sync 1 DAGs
[2025-01-29T23:56:46.592+0000] {logging_mixin.py:120} INFO - [2025-01-29T23:56:46.592+0000] {dag.py:3340} INFO - Setting next_dagrun for example_kubernetes_executor to None, run_after=None
[2025-01-29T23:56:46.617+0000] {processor.py:176} INFO - Processing /home/airflow/.local/lib/python3.7/site-packages/airflow/example_dags/example_kubernetes_executor.py took 0.138 seconds
[2025-01-29T23:57:16.976+0000] {processor.py:154} INFO - Started process (PID=3136) to work on /home/airflow/.local/lib/python3.7/site-packages/airflow/example_dags/example_kubernetes_executor.py
[2025-01-29T23:57:16.978+0000] {processor.py:756} INFO - Processing file /home/airflow/.local/lib/python3.7/site-packages/airflow/example_dags/example_kubernetes_executor.py for tasks to queue
[2025-01-29T23:57:16.979+0000] {logging_mixin.py:120} INFO - [2025-01-29T23:57:16.979+0000] {dagbag.py:537} INFO - Filling up the DagBag from /home/airflow/.local/lib/python3.7/site-packages/airflow/example_dags/example_kubernetes_executor.py
[2025-01-29T23:57:17.009+0000] {processor.py:766} INFO - DAG(s) dict_keys(['example_kubernetes_executor']) retrieved from /home/airflow/.local/lib/python3.7/site-packages/airflow/example_dags/example_kubernetes_executor.py
[2025-01-29T23:57:17.073+0000] {logging_mixin.py:120} INFO - [2025-01-29T23:57:17.073+0000] {dag.py:2585} INFO - Sync 1 DAGs
[2025-01-29T23:57:17.105+0000] {logging_mixin.py:120} INFO - [2025-01-29T23:57:17.105+0000] {dag.py:3340} INFO - Setting next_dagrun for example_kubernetes_executor to None, run_after=None
[2025-01-29T23:57:17.130+0000] {processor.py:176} INFO - Processing /home/airflow/.local/lib/python3.7/site-packages/airflow/example_dags/example_kubernetes_executor.py took 0.156 seconds
[2025-01-29T23:57:47.604+0000] {processor.py:154} INFO - Started process (PID=3191) to work on /home/airflow/.local/lib/python3.7/site-packages/airflow/example_dags/example_kubernetes_executor.py
[2025-01-29T23:57:47.605+0000] {processor.py:756} INFO - Processing file /home/airflow/.local/lib/python3.7/site-packages/airflow/example_dags/example_kubernetes_executor.py for tasks to queue
[2025-01-29T23:57:47.605+0000] {logging_mixin.py:120} INFO - [2025-01-29T23:57:47.605+0000] {dagbag.py:537} INFO - Filling up the DagBag from /home/airflow/.local/lib/python3.7/site-packages/airflow/example_dags/example_kubernetes_executor.py
[2025-01-29T23:57:47.631+0000] {processor.py:766} INFO - DAG(s) dict_keys(['example_kubernetes_executor']) retrieved from /home/airflow/.local/lib/python3.7/site-packages/airflow/example_dags/example_kubernetes_executor.py
[2025-01-29T23:57:47.686+0000] {logging_mixin.py:120} INFO - [2025-01-29T23:57:47.686+0000] {dag.py:2585} INFO - Sync 1 DAGs
[2025-01-29T23:57:47.714+0000] {logging_mixin.py:120} INFO - [2025-01-29T23:57:47.714+0000] {dag.py:3340} INFO - Setting next_dagrun for example_kubernetes_executor to None, run_after=None
[2025-01-29T23:57:47.737+0000] {processor.py:176} INFO - Processing /home/airflow/.local/lib/python3.7/site-packages/airflow/example_dags/example_kubernetes_executor.py took 0.136 seconds
[2025-01-29T23:58:17.996+0000] {processor.py:154} INFO - Started process (PID=3255) to work on /home/airflow/.local/lib/python3.7/site-packages/airflow/example_dags/example_kubernetes_executor.py
[2025-01-29T23:58:17.997+0000] {processor.py:756} INFO - Processing file /home/airflow/.local/lib/python3.7/site-packages/airflow/example_dags/example_kubernetes_executor.py for tasks to queue
[2025-01-29T23:58:17.998+0000] {logging_mixin.py:120} INFO - [2025-01-29T23:58:17.998+0000] {dagbag.py:537} INFO - Filling up the DagBag from /home/airflow/.local/lib/python3.7/site-packages/airflow/example_dags/example_kubernetes_executor.py
[2025-01-29T23:58:18.023+0000] {processor.py:766} INFO - DAG(s) dict_keys(['example_kubernetes_executor']) retrieved from /home/airflow/.local/lib/python3.7/site-packages/airflow/example_dags/example_kubernetes_executor.py
[2025-01-29T23:58:18.080+0000] {logging_mixin.py:120} INFO - [2025-01-29T23:58:18.080+0000] {dag.py:2585} INFO - Sync 1 DAGs
[2025-01-29T23:58:18.111+0000] {logging_mixin.py:120} INFO - [2025-01-29T23:58:18.111+0000] {dag.py:3340} INFO - Setting next_dagrun for example_kubernetes_executor to None, run_after=None
[2025-01-29T23:58:18.133+0000] {processor.py:176} INFO - Processing /home/airflow/.local/lib/python3.7/site-packages/airflow/example_dags/example_kubernetes_executor.py took 0.140 seconds
[2025-01-29T23:58:48.604+0000] {processor.py:154} INFO - Started process (PID=3319) to work on /home/airflow/.local/lib/python3.7/site-packages/airflow/example_dags/example_kubernetes_executor.py
[2025-01-29T23:58:48.605+0000] {processor.py:756} INFO - Processing file /home/airflow/.local/lib/python3.7/site-packages/airflow/example_dags/example_kubernetes_executor.py for tasks to queue
[2025-01-29T23:58:48.606+0000] {logging_mixin.py:120} INFO - [2025-01-29T23:58:48.606+0000] {dagbag.py:537} INFO - Filling up the DagBag from /home/airflow/.local/lib/python3.7/site-packages/airflow/example_dags/example_kubernetes_executor.py
[2025-01-29T23:58:48.633+0000] {processor.py:766} INFO - DAG(s) dict_keys(['example_kubernetes_executor']) retrieved from /home/airflow/.local/lib/python3.7/site-packages/airflow/example_dags/example_kubernetes_executor.py
[2025-01-29T23:58:48.693+0000] {logging_mixin.py:120} INFO - [2025-01-29T23:58:48.692+0000] {dag.py:2585} INFO - Sync 1 DAGs
[2025-01-29T23:58:48.758+0000] {logging_mixin.py:120} INFO - [2025-01-29T23:58:48.758+0000] {dag.py:3340} INFO - Setting next_dagrun for example_kubernetes_executor to None, run_after=None
[2025-01-29T23:58:48.789+0000] {processor.py:176} INFO - Processing /home/airflow/.local/lib/python3.7/site-packages/airflow/example_dags/example_kubernetes_executor.py took 0.188 seconds
[2025-01-29T23:59:19.475+0000] {processor.py:154} INFO - Started process (PID=3383) to work on /home/airflow/.local/lib/python3.7/site-packages/airflow/example_dags/example_kubernetes_executor.py
[2025-01-29T23:59:19.478+0000] {processor.py:756} INFO - Processing file /home/airflow/.local/lib/python3.7/site-packages/airflow/example_dags/example_kubernetes_executor.py for tasks to queue
[2025-01-29T23:59:19.479+0000] {logging_mixin.py:120} INFO - [2025-01-29T23:59:19.479+0000] {dagbag.py:537} INFO - Filling up the DagBag from /home/airflow/.local/lib/python3.7/site-packages/airflow/example_dags/example_kubernetes_executor.py
[2025-01-29T23:59:19.522+0000] {processor.py:766} INFO - DAG(s) dict_keys(['example_kubernetes_executor']) retrieved from /home/airflow/.local/lib/python3.7/site-packages/airflow/example_dags/example_kubernetes_executor.py
[2025-01-29T23:59:19.611+0000] {logging_mixin.py:120} INFO - [2025-01-29T23:59:19.611+0000] {dag.py:2585} INFO - Sync 1 DAGs
[2025-01-29T23:59:19.663+0000] {logging_mixin.py:120} INFO - [2025-01-29T23:59:19.663+0000] {dag.py:3340} INFO - Setting next_dagrun for example_kubernetes_executor to None, run_after=None
[2025-01-29T23:59:19.698+0000] {processor.py:176} INFO - Processing /home/airflow/.local/lib/python3.7/site-packages/airflow/example_dags/example_kubernetes_executor.py took 0.227 seconds
[2025-01-29T23:59:49.790+0000] {processor.py:154} INFO - Started process (PID=3438) to work on /home/airflow/.local/lib/python3.7/site-packages/airflow/example_dags/example_kubernetes_executor.py
[2025-01-29T23:59:49.791+0000] {processor.py:756} INFO - Processing file /home/airflow/.local/lib/python3.7/site-packages/airflow/example_dags/example_kubernetes_executor.py for tasks to queue
[2025-01-29T23:59:49.792+0000] {logging_mixin.py:120} INFO - [2025-01-29T23:59:49.792+0000] {dagbag.py:537} INFO - Filling up the DagBag from /home/airflow/.local/lib/python3.7/site-packages/airflow/example_dags/example_kubernetes_executor.py
[2025-01-29T23:59:49.823+0000] {processor.py:766} INFO - DAG(s) dict_keys(['example_kubernetes_executor']) retrieved from /home/airflow/.local/lib/python3.7/site-packages/airflow/example_dags/example_kubernetes_executor.py
[2025-01-29T23:59:49.892+0000] {logging_mixin.py:120} INFO - [2025-01-29T23:59:49.891+0000] {dag.py:2585} INFO - Sync 1 DAGs
[2025-01-29T23:59:49.926+0000] {logging_mixin.py:120} INFO - [2025-01-29T23:59:49.926+0000] {dag.py:3340} INFO - Setting next_dagrun for example_kubernetes_executor to None, run_after=None
[2025-01-29T23:59:49.953+0000] {processor.py:176} INFO - Processing /home/airflow/.local/lib/python3.7/site-packages/airflow/example_dags/example_kubernetes_executor.py took 0.167 seconds
