[2025-01-29T23:31:51.764+0000] {processor.py:154} INFO - Started process (PID=80) to work on /home/airflow/.local/lib/python3.7/site-packages/airflow/example_dags/example_skip_dag.py
[2025-01-29T23:31:51.765+0000] {processor.py:756} INFO - Processing file /home/airflow/.local/lib/python3.7/site-packages/airflow/example_dags/example_skip_dag.py for tasks to queue
[2025-01-29T23:31:51.766+0000] {logging_mixin.py:120} INFO - [2025-01-29T23:31:51.766+0000] {dagbag.py:537} INFO - Filling up the DagBag from /home/airflow/.local/lib/python3.7/site-packages/airflow/example_dags/example_skip_dag.py
[2025-01-29T23:31:51.787+0000] {processor.py:766} INFO - DAG(s) dict_keys(['example_skip_dag']) retrieved from /home/airflow/.local/lib/python3.7/site-packages/airflow/example_dags/example_skip_dag.py
[2025-01-29T23:31:52.023+0000] {logging_mixin.py:120} INFO - [2025-01-29T23:31:52.022+0000] {manager.py:507} INFO - Created Permission View: can read on DAG:example_skip_dag
[2025-01-29T23:31:52.038+0000] {logging_mixin.py:120} INFO - [2025-01-29T23:31:52.038+0000] {manager.py:507} INFO - Created Permission View: can delete on DAG:example_skip_dag
[2025-01-29T23:31:52.051+0000] {logging_mixin.py:120} INFO - [2025-01-29T23:31:52.051+0000] {manager.py:507} INFO - Created Permission View: can edit on DAG:example_skip_dag
[2025-01-29T23:31:52.052+0000] {logging_mixin.py:120} INFO - [2025-01-29T23:31:52.052+0000] {dag.py:2585} INFO - Sync 1 DAGs
[2025-01-29T23:31:52.079+0000] {logging_mixin.py:120} INFO - [2025-01-29T23:31:52.079+0000] {dag.py:2606} INFO - Creating ORM DAG for example_skip_dag
[2025-01-29T23:31:52.100+0000] {logging_mixin.py:120} INFO - [2025-01-29T23:31:52.100+0000] {dag.py:3340} INFO - Setting next_dagrun for example_skip_dag to 2025-01-28T23:31:52.099854+00:00, run_after=2025-01-29T23:31:52.099854+00:00
[2025-01-29T23:31:52.141+0000] {processor.py:176} INFO - Processing /home/airflow/.local/lib/python3.7/site-packages/airflow/example_dags/example_skip_dag.py took 0.381 seconds
[2025-01-29T23:32:22.305+0000] {processor.py:154} INFO - Started process (PID=144) to work on /home/airflow/.local/lib/python3.7/site-packages/airflow/example_dags/example_skip_dag.py
[2025-01-29T23:32:22.306+0000] {processor.py:756} INFO - Processing file /home/airflow/.local/lib/python3.7/site-packages/airflow/example_dags/example_skip_dag.py for tasks to queue
[2025-01-29T23:32:22.307+0000] {logging_mixin.py:120} INFO - [2025-01-29T23:32:22.307+0000] {dagbag.py:537} INFO - Filling up the DagBag from /home/airflow/.local/lib/python3.7/site-packages/airflow/example_dags/example_skip_dag.py
[2025-01-29T23:32:22.320+0000] {processor.py:766} INFO - DAG(s) dict_keys(['example_skip_dag']) retrieved from /home/airflow/.local/lib/python3.7/site-packages/airflow/example_dags/example_skip_dag.py
[2025-01-29T23:32:22.374+0000] {logging_mixin.py:120} INFO - [2025-01-29T23:32:22.374+0000] {dag.py:2585} INFO - Sync 1 DAGs
[2025-01-29T23:32:22.407+0000] {logging_mixin.py:120} INFO - [2025-01-29T23:32:22.407+0000] {dag.py:3340} INFO - Setting next_dagrun for example_skip_dag to 2025-01-28T23:32:22.407378+00:00, run_after=2025-01-29T23:32:22.407378+00:00
[2025-01-29T23:32:22.433+0000] {processor.py:176} INFO - Processing /home/airflow/.local/lib/python3.7/site-packages/airflow/example_dags/example_skip_dag.py took 0.130 seconds
[2025-01-29T23:32:52.755+0000] {processor.py:154} INFO - Started process (PID=200) to work on /home/airflow/.local/lib/python3.7/site-packages/airflow/example_dags/example_skip_dag.py
[2025-01-29T23:32:52.756+0000] {processor.py:756} INFO - Processing file /home/airflow/.local/lib/python3.7/site-packages/airflow/example_dags/example_skip_dag.py for tasks to queue
[2025-01-29T23:32:52.757+0000] {logging_mixin.py:120} INFO - [2025-01-29T23:32:52.756+0000] {dagbag.py:537} INFO - Filling up the DagBag from /home/airflow/.local/lib/python3.7/site-packages/airflow/example_dags/example_skip_dag.py
[2025-01-29T23:32:52.769+0000] {processor.py:766} INFO - DAG(s) dict_keys(['example_skip_dag']) retrieved from /home/airflow/.local/lib/python3.7/site-packages/airflow/example_dags/example_skip_dag.py
[2025-01-29T23:32:52.823+0000] {logging_mixin.py:120} INFO - [2025-01-29T23:32:52.822+0000] {dag.py:2585} INFO - Sync 1 DAGs
[2025-01-29T23:32:52.860+0000] {logging_mixin.py:120} INFO - [2025-01-29T23:32:52.860+0000] {dag.py:3340} INFO - Setting next_dagrun for example_skip_dag to 2025-01-28T23:32:52.860342+00:00, run_after=2025-01-29T23:32:52.860342+00:00
[2025-01-29T23:32:52.887+0000] {processor.py:176} INFO - Processing /home/airflow/.local/lib/python3.7/site-packages/airflow/example_dags/example_skip_dag.py took 0.134 seconds
[2025-01-29T23:33:23.334+0000] {processor.py:154} INFO - Started process (PID=264) to work on /home/airflow/.local/lib/python3.7/site-packages/airflow/example_dags/example_skip_dag.py
[2025-01-29T23:33:23.335+0000] {processor.py:756} INFO - Processing file /home/airflow/.local/lib/python3.7/site-packages/airflow/example_dags/example_skip_dag.py for tasks to queue
[2025-01-29T23:33:23.336+0000] {logging_mixin.py:120} INFO - [2025-01-29T23:33:23.336+0000] {dagbag.py:537} INFO - Filling up the DagBag from /home/airflow/.local/lib/python3.7/site-packages/airflow/example_dags/example_skip_dag.py
[2025-01-29T23:33:23.350+0000] {processor.py:766} INFO - DAG(s) dict_keys(['example_skip_dag']) retrieved from /home/airflow/.local/lib/python3.7/site-packages/airflow/example_dags/example_skip_dag.py
[2025-01-29T23:33:23.409+0000] {logging_mixin.py:120} INFO - [2025-01-29T23:33:23.409+0000] {dag.py:2585} INFO - Sync 1 DAGs
[2025-01-29T23:33:23.441+0000] {logging_mixin.py:120} INFO - [2025-01-29T23:33:23.441+0000] {dag.py:3340} INFO - Setting next_dagrun for example_skip_dag to 2025-01-28T23:33:23.441278+00:00, run_after=2025-01-29T23:33:23.441278+00:00
[2025-01-29T23:33:23.465+0000] {processor.py:176} INFO - Processing /home/airflow/.local/lib/python3.7/site-packages/airflow/example_dags/example_skip_dag.py took 0.135 seconds
[2025-01-29T23:33:53.665+0000] {processor.py:154} INFO - Started process (PID=328) to work on /home/airflow/.local/lib/python3.7/site-packages/airflow/example_dags/example_skip_dag.py
[2025-01-29T23:33:53.666+0000] {processor.py:756} INFO - Processing file /home/airflow/.local/lib/python3.7/site-packages/airflow/example_dags/example_skip_dag.py for tasks to queue
[2025-01-29T23:33:53.667+0000] {logging_mixin.py:120} INFO - [2025-01-29T23:33:53.667+0000] {dagbag.py:537} INFO - Filling up the DagBag from /home/airflow/.local/lib/python3.7/site-packages/airflow/example_dags/example_skip_dag.py
[2025-01-29T23:33:53.680+0000] {processor.py:766} INFO - DAG(s) dict_keys(['example_skip_dag']) retrieved from /home/airflow/.local/lib/python3.7/site-packages/airflow/example_dags/example_skip_dag.py
[2025-01-29T23:33:53.735+0000] {logging_mixin.py:120} INFO - [2025-01-29T23:33:53.735+0000] {dag.py:2585} INFO - Sync 1 DAGs
[2025-01-29T23:33:53.768+0000] {logging_mixin.py:120} INFO - [2025-01-29T23:33:53.768+0000] {dag.py:3340} INFO - Setting next_dagrun for example_skip_dag to 2025-01-28T23:33:53.767780+00:00, run_after=2025-01-29T23:33:53.767780+00:00
[2025-01-29T23:33:53.792+0000] {processor.py:176} INFO - Processing /home/airflow/.local/lib/python3.7/site-packages/airflow/example_dags/example_skip_dag.py took 0.130 seconds
[2025-01-29T23:34:24.098+0000] {processor.py:154} INFO - Started process (PID=391) to work on /home/airflow/.local/lib/python3.7/site-packages/airflow/example_dags/example_skip_dag.py
[2025-01-29T23:34:24.099+0000] {processor.py:756} INFO - Processing file /home/airflow/.local/lib/python3.7/site-packages/airflow/example_dags/example_skip_dag.py for tasks to queue
[2025-01-29T23:34:24.100+0000] {logging_mixin.py:120} INFO - [2025-01-29T23:34:24.100+0000] {dagbag.py:537} INFO - Filling up the DagBag from /home/airflow/.local/lib/python3.7/site-packages/airflow/example_dags/example_skip_dag.py
[2025-01-29T23:34:24.117+0000] {processor.py:766} INFO - DAG(s) dict_keys(['example_skip_dag']) retrieved from /home/airflow/.local/lib/python3.7/site-packages/airflow/example_dags/example_skip_dag.py
[2025-01-29T23:34:24.175+0000] {logging_mixin.py:120} INFO - [2025-01-29T23:34:24.175+0000] {dag.py:2585} INFO - Sync 1 DAGs
[2025-01-29T23:34:24.213+0000] {logging_mixin.py:120} INFO - [2025-01-29T23:34:24.213+0000] {dag.py:3340} INFO - Setting next_dagrun for example_skip_dag to 2025-01-28T23:34:24.213445+00:00, run_after=2025-01-29T23:34:24.213445+00:00
[2025-01-29T23:34:24.243+0000] {processor.py:176} INFO - Processing /home/airflow/.local/lib/python3.7/site-packages/airflow/example_dags/example_skip_dag.py took 0.147 seconds
[2025-01-29T23:34:54.359+0000] {processor.py:154} INFO - Started process (PID=446) to work on /home/airflow/.local/lib/python3.7/site-packages/airflow/example_dags/example_skip_dag.py
[2025-01-29T23:34:54.360+0000] {processor.py:756} INFO - Processing file /home/airflow/.local/lib/python3.7/site-packages/airflow/example_dags/example_skip_dag.py for tasks to queue
[2025-01-29T23:34:54.361+0000] {logging_mixin.py:120} INFO - [2025-01-29T23:34:54.361+0000] {dagbag.py:537} INFO - Filling up the DagBag from /home/airflow/.local/lib/python3.7/site-packages/airflow/example_dags/example_skip_dag.py
[2025-01-29T23:34:54.375+0000] {processor.py:766} INFO - DAG(s) dict_keys(['example_skip_dag']) retrieved from /home/airflow/.local/lib/python3.7/site-packages/airflow/example_dags/example_skip_dag.py
[2025-01-29T23:34:54.440+0000] {logging_mixin.py:120} INFO - [2025-01-29T23:34:54.440+0000] {dag.py:2585} INFO - Sync 1 DAGs
[2025-01-29T23:34:54.479+0000] {logging_mixin.py:120} INFO - [2025-01-29T23:34:54.479+0000] {dag.py:3340} INFO - Setting next_dagrun for example_skip_dag to 2025-01-28T23:34:54.479292+00:00, run_after=2025-01-29T23:34:54.479292+00:00
[2025-01-29T23:34:54.510+0000] {processor.py:176} INFO - Processing /home/airflow/.local/lib/python3.7/site-packages/airflow/example_dags/example_skip_dag.py took 0.154 seconds
[2025-01-29T23:35:25.251+0000] {processor.py:154} INFO - Started process (PID=510) to work on /home/airflow/.local/lib/python3.7/site-packages/airflow/example_dags/example_skip_dag.py
[2025-01-29T23:35:25.252+0000] {processor.py:756} INFO - Processing file /home/airflow/.local/lib/python3.7/site-packages/airflow/example_dags/example_skip_dag.py for tasks to queue
[2025-01-29T23:35:25.252+0000] {logging_mixin.py:120} INFO - [2025-01-29T23:35:25.252+0000] {dagbag.py:537} INFO - Filling up the DagBag from /home/airflow/.local/lib/python3.7/site-packages/airflow/example_dags/example_skip_dag.py
[2025-01-29T23:35:25.264+0000] {processor.py:766} INFO - DAG(s) dict_keys(['example_skip_dag']) retrieved from /home/airflow/.local/lib/python3.7/site-packages/airflow/example_dags/example_skip_dag.py
[2025-01-29T23:35:25.319+0000] {logging_mixin.py:120} INFO - [2025-01-29T23:35:25.318+0000] {dag.py:2585} INFO - Sync 1 DAGs
[2025-01-29T23:35:25.350+0000] {logging_mixin.py:120} INFO - [2025-01-29T23:35:25.350+0000] {dag.py:3340} INFO - Setting next_dagrun for example_skip_dag to 2025-01-28T23:35:25.350443+00:00, run_after=2025-01-29T23:35:25.350443+00:00
[2025-01-29T23:35:25.374+0000] {processor.py:176} INFO - Processing /home/airflow/.local/lib/python3.7/site-packages/airflow/example_dags/example_skip_dag.py took 0.126 seconds
[2025-01-29T23:35:55.445+0000] {processor.py:154} INFO - Started process (PID=573) to work on /home/airflow/.local/lib/python3.7/site-packages/airflow/example_dags/example_skip_dag.py
[2025-01-29T23:35:55.446+0000] {processor.py:756} INFO - Processing file /home/airflow/.local/lib/python3.7/site-packages/airflow/example_dags/example_skip_dag.py for tasks to queue
[2025-01-29T23:35:55.446+0000] {logging_mixin.py:120} INFO - [2025-01-29T23:35:55.446+0000] {dagbag.py:537} INFO - Filling up the DagBag from /home/airflow/.local/lib/python3.7/site-packages/airflow/example_dags/example_skip_dag.py
[2025-01-29T23:35:55.460+0000] {processor.py:766} INFO - DAG(s) dict_keys(['example_skip_dag']) retrieved from /home/airflow/.local/lib/python3.7/site-packages/airflow/example_dags/example_skip_dag.py
[2025-01-29T23:35:55.504+0000] {logging_mixin.py:120} INFO - [2025-01-29T23:35:55.504+0000] {dag.py:2585} INFO - Sync 1 DAGs
[2025-01-29T23:35:55.537+0000] {logging_mixin.py:120} INFO - [2025-01-29T23:35:55.537+0000] {dag.py:3340} INFO - Setting next_dagrun for example_skip_dag to 2025-01-28T23:35:55.537231+00:00, run_after=2025-01-29T23:35:55.537231+00:00
[2025-01-29T23:35:55.561+0000] {processor.py:176} INFO - Processing /home/airflow/.local/lib/python3.7/site-packages/airflow/example_dags/example_skip_dag.py took 0.119 seconds
[2025-01-29T23:36:25.629+0000] {processor.py:154} INFO - Started process (PID=628) to work on /home/airflow/.local/lib/python3.7/site-packages/airflow/example_dags/example_skip_dag.py
[2025-01-29T23:36:25.630+0000] {processor.py:756} INFO - Processing file /home/airflow/.local/lib/python3.7/site-packages/airflow/example_dags/example_skip_dag.py for tasks to queue
[2025-01-29T23:36:25.631+0000] {logging_mixin.py:120} INFO - [2025-01-29T23:36:25.631+0000] {dagbag.py:537} INFO - Filling up the DagBag from /home/airflow/.local/lib/python3.7/site-packages/airflow/example_dags/example_skip_dag.py
[2025-01-29T23:36:25.647+0000] {processor.py:766} INFO - DAG(s) dict_keys(['example_skip_dag']) retrieved from /home/airflow/.local/lib/python3.7/site-packages/airflow/example_dags/example_skip_dag.py
[2025-01-29T23:36:25.710+0000] {logging_mixin.py:120} INFO - [2025-01-29T23:36:25.710+0000] {dag.py:2585} INFO - Sync 1 DAGs
[2025-01-29T23:36:25.747+0000] {logging_mixin.py:120} INFO - [2025-01-29T23:36:25.747+0000] {dag.py:3340} INFO - Setting next_dagrun for example_skip_dag to 2025-01-28T23:36:25.746838+00:00, run_after=2025-01-29T23:36:25.746838+00:00
[2025-01-29T23:36:25.776+0000] {processor.py:176} INFO - Processing /home/airflow/.local/lib/python3.7/site-packages/airflow/example_dags/example_skip_dag.py took 0.150 seconds
[2025-01-29T23:36:56.112+0000] {processor.py:154} INFO - Started process (PID=692) to work on /home/airflow/.local/lib/python3.7/site-packages/airflow/example_dags/example_skip_dag.py
[2025-01-29T23:36:56.113+0000] {processor.py:756} INFO - Processing file /home/airflow/.local/lib/python3.7/site-packages/airflow/example_dags/example_skip_dag.py for tasks to queue
[2025-01-29T23:36:56.114+0000] {logging_mixin.py:120} INFO - [2025-01-29T23:36:56.114+0000] {dagbag.py:537} INFO - Filling up the DagBag from /home/airflow/.local/lib/python3.7/site-packages/airflow/example_dags/example_skip_dag.py
[2025-01-29T23:36:56.131+0000] {processor.py:766} INFO - DAG(s) dict_keys(['example_skip_dag']) retrieved from /home/airflow/.local/lib/python3.7/site-packages/airflow/example_dags/example_skip_dag.py
[2025-01-29T23:36:56.190+0000] {logging_mixin.py:120} INFO - [2025-01-29T23:36:56.189+0000] {dag.py:2585} INFO - Sync 1 DAGs
[2025-01-29T23:36:56.223+0000] {logging_mixin.py:120} INFO - [2025-01-29T23:36:56.223+0000] {dag.py:3340} INFO - Setting next_dagrun for example_skip_dag to 2025-01-28T23:36:56.223329+00:00, run_after=2025-01-29T23:36:56.223329+00:00
[2025-01-29T23:36:56.250+0000] {processor.py:176} INFO - Processing /home/airflow/.local/lib/python3.7/site-packages/airflow/example_dags/example_skip_dag.py took 0.141 seconds
[2025-01-29T23:37:26.555+0000] {processor.py:154} INFO - Started process (PID=756) to work on /home/airflow/.local/lib/python3.7/site-packages/airflow/example_dags/example_skip_dag.py
[2025-01-29T23:37:26.556+0000] {processor.py:756} INFO - Processing file /home/airflow/.local/lib/python3.7/site-packages/airflow/example_dags/example_skip_dag.py for tasks to queue
[2025-01-29T23:37:26.557+0000] {logging_mixin.py:120} INFO - [2025-01-29T23:37:26.557+0000] {dagbag.py:537} INFO - Filling up the DagBag from /home/airflow/.local/lib/python3.7/site-packages/airflow/example_dags/example_skip_dag.py
[2025-01-29T23:37:26.571+0000] {processor.py:766} INFO - DAG(s) dict_keys(['example_skip_dag']) retrieved from /home/airflow/.local/lib/python3.7/site-packages/airflow/example_dags/example_skip_dag.py
[2025-01-29T23:37:26.627+0000] {logging_mixin.py:120} INFO - [2025-01-29T23:37:26.627+0000] {dag.py:2585} INFO - Sync 1 DAGs
[2025-01-29T23:37:26.657+0000] {logging_mixin.py:120} INFO - [2025-01-29T23:37:26.657+0000] {dag.py:3340} INFO - Setting next_dagrun for example_skip_dag to 2025-01-28T23:37:26.657457+00:00, run_after=2025-01-29T23:37:26.657457+00:00
[2025-01-29T23:37:26.681+0000] {processor.py:176} INFO - Processing /home/airflow/.local/lib/python3.7/site-packages/airflow/example_dags/example_skip_dag.py took 0.129 seconds
[2025-01-29T23:37:57.073+0000] {processor.py:154} INFO - Started process (PID=811) to work on /home/airflow/.local/lib/python3.7/site-packages/airflow/example_dags/example_skip_dag.py
[2025-01-29T23:37:57.074+0000] {processor.py:756} INFO - Processing file /home/airflow/.local/lib/python3.7/site-packages/airflow/example_dags/example_skip_dag.py for tasks to queue
[2025-01-29T23:37:57.075+0000] {logging_mixin.py:120} INFO - [2025-01-29T23:37:57.075+0000] {dagbag.py:537} INFO - Filling up the DagBag from /home/airflow/.local/lib/python3.7/site-packages/airflow/example_dags/example_skip_dag.py
[2025-01-29T23:37:57.088+0000] {processor.py:766} INFO - DAG(s) dict_keys(['example_skip_dag']) retrieved from /home/airflow/.local/lib/python3.7/site-packages/airflow/example_dags/example_skip_dag.py
[2025-01-29T23:37:57.147+0000] {logging_mixin.py:120} INFO - [2025-01-29T23:37:57.146+0000] {dag.py:2585} INFO - Sync 1 DAGs
[2025-01-29T23:37:57.178+0000] {logging_mixin.py:120} INFO - [2025-01-29T23:37:57.178+0000] {dag.py:3340} INFO - Setting next_dagrun for example_skip_dag to 2025-01-28T23:37:57.178402+00:00, run_after=2025-01-29T23:37:57.178402+00:00
[2025-01-29T23:37:57.205+0000] {processor.py:176} INFO - Processing /home/airflow/.local/lib/python3.7/site-packages/airflow/example_dags/example_skip_dag.py took 0.134 seconds
[2025-01-29T23:38:28.256+0000] {processor.py:154} INFO - Started process (PID=875) to work on /home/airflow/.local/lib/python3.7/site-packages/airflow/example_dags/example_skip_dag.py
[2025-01-29T23:38:28.256+0000] {processor.py:756} INFO - Processing file /home/airflow/.local/lib/python3.7/site-packages/airflow/example_dags/example_skip_dag.py for tasks to queue
[2025-01-29T23:38:28.257+0000] {logging_mixin.py:120} INFO - [2025-01-29T23:38:28.257+0000] {dagbag.py:537} INFO - Filling up the DagBag from /home/airflow/.local/lib/python3.7/site-packages/airflow/example_dags/example_skip_dag.py
[2025-01-29T23:38:28.275+0000] {processor.py:766} INFO - DAG(s) dict_keys(['example_skip_dag']) retrieved from /home/airflow/.local/lib/python3.7/site-packages/airflow/example_dags/example_skip_dag.py
[2025-01-29T23:38:28.333+0000] {logging_mixin.py:120} INFO - [2025-01-29T23:38:28.333+0000] {dag.py:2585} INFO - Sync 1 DAGs
[2025-01-29T23:38:28.366+0000] {logging_mixin.py:120} INFO - [2025-01-29T23:38:28.366+0000] {dag.py:3340} INFO - Setting next_dagrun for example_skip_dag to 2025-01-28T23:38:28.366291+00:00, run_after=2025-01-29T23:38:28.366291+00:00
[2025-01-29T23:38:28.393+0000] {processor.py:176} INFO - Processing /home/airflow/.local/lib/python3.7/site-packages/airflow/example_dags/example_skip_dag.py took 0.140 seconds
[2025-01-29T23:38:58.895+0000] {processor.py:154} INFO - Started process (PID=939) to work on /home/airflow/.local/lib/python3.7/site-packages/airflow/example_dags/example_skip_dag.py
[2025-01-29T23:38:58.896+0000] {processor.py:756} INFO - Processing file /home/airflow/.local/lib/python3.7/site-packages/airflow/example_dags/example_skip_dag.py for tasks to queue
[2025-01-29T23:38:58.897+0000] {logging_mixin.py:120} INFO - [2025-01-29T23:38:58.897+0000] {dagbag.py:537} INFO - Filling up the DagBag from /home/airflow/.local/lib/python3.7/site-packages/airflow/example_dags/example_skip_dag.py
[2025-01-29T23:38:58.911+0000] {processor.py:766} INFO - DAG(s) dict_keys(['example_skip_dag']) retrieved from /home/airflow/.local/lib/python3.7/site-packages/airflow/example_dags/example_skip_dag.py
[2025-01-29T23:38:58.965+0000] {logging_mixin.py:120} INFO - [2025-01-29T23:38:58.965+0000] {dag.py:2585} INFO - Sync 1 DAGs
[2025-01-29T23:38:58.999+0000] {logging_mixin.py:120} INFO - [2025-01-29T23:38:58.998+0000] {dag.py:3340} INFO - Setting next_dagrun for example_skip_dag to 2025-01-28T23:38:58.998645+00:00, run_after=2025-01-29T23:38:58.998645+00:00
[2025-01-29T23:38:59.022+0000] {processor.py:176} INFO - Processing /home/airflow/.local/lib/python3.7/site-packages/airflow/example_dags/example_skip_dag.py took 0.129 seconds
[2025-01-29T23:39:29.779+0000] {processor.py:154} INFO - Started process (PID=1003) to work on /home/airflow/.local/lib/python3.7/site-packages/airflow/example_dags/example_skip_dag.py
[2025-01-29T23:39:29.780+0000] {processor.py:756} INFO - Processing file /home/airflow/.local/lib/python3.7/site-packages/airflow/example_dags/example_skip_dag.py for tasks to queue
[2025-01-29T23:39:29.781+0000] {logging_mixin.py:120} INFO - [2025-01-29T23:39:29.781+0000] {dagbag.py:537} INFO - Filling up the DagBag from /home/airflow/.local/lib/python3.7/site-packages/airflow/example_dags/example_skip_dag.py
[2025-01-29T23:39:29.795+0000] {processor.py:766} INFO - DAG(s) dict_keys(['example_skip_dag']) retrieved from /home/airflow/.local/lib/python3.7/site-packages/airflow/example_dags/example_skip_dag.py
[2025-01-29T23:39:29.852+0000] {logging_mixin.py:120} INFO - [2025-01-29T23:39:29.852+0000] {dag.py:2585} INFO - Sync 1 DAGs
[2025-01-29T23:39:29.886+0000] {logging_mixin.py:120} INFO - [2025-01-29T23:39:29.886+0000] {dag.py:3340} INFO - Setting next_dagrun for example_skip_dag to 2025-01-28T23:39:29.885854+00:00, run_after=2025-01-29T23:39:29.885854+00:00
[2025-01-29T23:39:29.912+0000] {processor.py:176} INFO - Processing /home/airflow/.local/lib/python3.7/site-packages/airflow/example_dags/example_skip_dag.py took 0.137 seconds
[2025-01-29T23:40:00.136+0000] {processor.py:154} INFO - Started process (PID=1058) to work on /home/airflow/.local/lib/python3.7/site-packages/airflow/example_dags/example_skip_dag.py
[2025-01-29T23:40:00.137+0000] {processor.py:756} INFO - Processing file /home/airflow/.local/lib/python3.7/site-packages/airflow/example_dags/example_skip_dag.py for tasks to queue
[2025-01-29T23:40:00.138+0000] {logging_mixin.py:120} INFO - [2025-01-29T23:40:00.138+0000] {dagbag.py:537} INFO - Filling up the DagBag from /home/airflow/.local/lib/python3.7/site-packages/airflow/example_dags/example_skip_dag.py
[2025-01-29T23:40:00.152+0000] {processor.py:766} INFO - DAG(s) dict_keys(['example_skip_dag']) retrieved from /home/airflow/.local/lib/python3.7/site-packages/airflow/example_dags/example_skip_dag.py
[2025-01-29T23:40:00.207+0000] {logging_mixin.py:120} INFO - [2025-01-29T23:40:00.207+0000] {dag.py:2585} INFO - Sync 1 DAGs
[2025-01-29T23:40:00.238+0000] {logging_mixin.py:120} INFO - [2025-01-29T23:40:00.237+0000] {dag.py:3340} INFO - Setting next_dagrun for example_skip_dag to 2025-01-28T23:40:00.237664+00:00, run_after=2025-01-29T23:40:00.237664+00:00
[2025-01-29T23:40:00.262+0000] {processor.py:176} INFO - Processing /home/airflow/.local/lib/python3.7/site-packages/airflow/example_dags/example_skip_dag.py took 0.129 seconds
[2025-01-29T23:40:30.534+0000] {processor.py:154} INFO - Started process (PID=1122) to work on /home/airflow/.local/lib/python3.7/site-packages/airflow/example_dags/example_skip_dag.py
[2025-01-29T23:40:30.535+0000] {processor.py:756} INFO - Processing file /home/airflow/.local/lib/python3.7/site-packages/airflow/example_dags/example_skip_dag.py for tasks to queue
[2025-01-29T23:40:30.536+0000] {logging_mixin.py:120} INFO - [2025-01-29T23:40:30.536+0000] {dagbag.py:537} INFO - Filling up the DagBag from /home/airflow/.local/lib/python3.7/site-packages/airflow/example_dags/example_skip_dag.py
[2025-01-29T23:40:30.549+0000] {processor.py:766} INFO - DAG(s) dict_keys(['example_skip_dag']) retrieved from /home/airflow/.local/lib/python3.7/site-packages/airflow/example_dags/example_skip_dag.py
[2025-01-29T23:40:30.601+0000] {logging_mixin.py:120} INFO - [2025-01-29T23:40:30.601+0000] {dag.py:2585} INFO - Sync 1 DAGs
[2025-01-29T23:40:30.632+0000] {logging_mixin.py:120} INFO - [2025-01-29T23:40:30.632+0000] {dag.py:3340} INFO - Setting next_dagrun for example_skip_dag to 2025-01-28T23:40:30.631794+00:00, run_after=2025-01-29T23:40:30.631794+00:00
[2025-01-29T23:40:30.656+0000] {processor.py:176} INFO - Processing /home/airflow/.local/lib/python3.7/site-packages/airflow/example_dags/example_skip_dag.py took 0.125 seconds
[2025-01-29T23:41:01.154+0000] {processor.py:154} INFO - Started process (PID=1186) to work on /home/airflow/.local/lib/python3.7/site-packages/airflow/example_dags/example_skip_dag.py
[2025-01-29T23:41:01.155+0000] {processor.py:756} INFO - Processing file /home/airflow/.local/lib/python3.7/site-packages/airflow/example_dags/example_skip_dag.py for tasks to queue
[2025-01-29T23:41:01.156+0000] {logging_mixin.py:120} INFO - [2025-01-29T23:41:01.156+0000] {dagbag.py:537} INFO - Filling up the DagBag from /home/airflow/.local/lib/python3.7/site-packages/airflow/example_dags/example_skip_dag.py
[2025-01-29T23:41:01.171+0000] {processor.py:766} INFO - DAG(s) dict_keys(['example_skip_dag']) retrieved from /home/airflow/.local/lib/python3.7/site-packages/airflow/example_dags/example_skip_dag.py
[2025-01-29T23:41:01.232+0000] {logging_mixin.py:120} INFO - [2025-01-29T23:41:01.232+0000] {dag.py:2585} INFO - Sync 1 DAGs
[2025-01-29T23:41:01.270+0000] {logging_mixin.py:120} INFO - [2025-01-29T23:41:01.269+0000] {dag.py:3340} INFO - Setting next_dagrun for example_skip_dag to 2025-01-28T23:41:01.269537+00:00, run_after=2025-01-29T23:41:01.269537+00:00
[2025-01-29T23:41:01.297+0000] {processor.py:176} INFO - Processing /home/airflow/.local/lib/python3.7/site-packages/airflow/example_dags/example_skip_dag.py took 0.148 seconds
[2025-01-29T23:41:31.819+0000] {processor.py:154} INFO - Started process (PID=1241) to work on /home/airflow/.local/lib/python3.7/site-packages/airflow/example_dags/example_skip_dag.py
[2025-01-29T23:41:31.820+0000] {processor.py:756} INFO - Processing file /home/airflow/.local/lib/python3.7/site-packages/airflow/example_dags/example_skip_dag.py for tasks to queue
[2025-01-29T23:41:31.820+0000] {logging_mixin.py:120} INFO - [2025-01-29T23:41:31.820+0000] {dagbag.py:537} INFO - Filling up the DagBag from /home/airflow/.local/lib/python3.7/site-packages/airflow/example_dags/example_skip_dag.py
[2025-01-29T23:41:31.833+0000] {processor.py:766} INFO - DAG(s) dict_keys(['example_skip_dag']) retrieved from /home/airflow/.local/lib/python3.7/site-packages/airflow/example_dags/example_skip_dag.py
[2025-01-29T23:41:31.890+0000] {logging_mixin.py:120} INFO - [2025-01-29T23:41:31.890+0000] {dag.py:2585} INFO - Sync 1 DAGs
[2025-01-29T23:41:31.922+0000] {logging_mixin.py:120} INFO - [2025-01-29T23:41:31.922+0000] {dag.py:3340} INFO - Setting next_dagrun for example_skip_dag to 2025-01-28T23:41:31.922416+00:00, run_after=2025-01-29T23:41:31.922416+00:00
[2025-01-29T23:41:31.954+0000] {processor.py:176} INFO - Processing /home/airflow/.local/lib/python3.7/site-packages/airflow/example_dags/example_skip_dag.py took 0.138 seconds
[2025-01-29T23:42:02.715+0000] {processor.py:154} INFO - Started process (PID=1306) to work on /home/airflow/.local/lib/python3.7/site-packages/airflow/example_dags/example_skip_dag.py
[2025-01-29T23:42:02.716+0000] {processor.py:756} INFO - Processing file /home/airflow/.local/lib/python3.7/site-packages/airflow/example_dags/example_skip_dag.py for tasks to queue
[2025-01-29T23:42:02.717+0000] {logging_mixin.py:120} INFO - [2025-01-29T23:42:02.717+0000] {dagbag.py:537} INFO - Filling up the DagBag from /home/airflow/.local/lib/python3.7/site-packages/airflow/example_dags/example_skip_dag.py
[2025-01-29T23:42:02.734+0000] {processor.py:766} INFO - DAG(s) dict_keys(['example_skip_dag']) retrieved from /home/airflow/.local/lib/python3.7/site-packages/airflow/example_dags/example_skip_dag.py
[2025-01-29T23:42:02.797+0000] {logging_mixin.py:120} INFO - [2025-01-29T23:42:02.797+0000] {dag.py:2585} INFO - Sync 1 DAGs
[2025-01-29T23:42:02.828+0000] {logging_mixin.py:120} INFO - [2025-01-29T23:42:02.828+0000] {dag.py:3340} INFO - Setting next_dagrun for example_skip_dag to 2025-01-28T23:42:02.827979+00:00, run_after=2025-01-29T23:42:02.827979+00:00
[2025-01-29T23:42:02.854+0000] {processor.py:176} INFO - Processing /home/airflow/.local/lib/python3.7/site-packages/airflow/example_dags/example_skip_dag.py took 0.142 seconds
[2025-01-29T23:42:33.595+0000] {processor.py:154} INFO - Started process (PID=1370) to work on /home/airflow/.local/lib/python3.7/site-packages/airflow/example_dags/example_skip_dag.py
[2025-01-29T23:42:33.596+0000] {processor.py:756} INFO - Processing file /home/airflow/.local/lib/python3.7/site-packages/airflow/example_dags/example_skip_dag.py for tasks to queue
[2025-01-29T23:42:33.596+0000] {logging_mixin.py:120} INFO - [2025-01-29T23:42:33.596+0000] {dagbag.py:537} INFO - Filling up the DagBag from /home/airflow/.local/lib/python3.7/site-packages/airflow/example_dags/example_skip_dag.py
[2025-01-29T23:42:33.610+0000] {processor.py:766} INFO - DAG(s) dict_keys(['example_skip_dag']) retrieved from /home/airflow/.local/lib/python3.7/site-packages/airflow/example_dags/example_skip_dag.py
[2025-01-29T23:42:33.666+0000] {logging_mixin.py:120} INFO - [2025-01-29T23:42:33.666+0000] {dag.py:2585} INFO - Sync 1 DAGs
[2025-01-29T23:42:33.701+0000] {logging_mixin.py:120} INFO - [2025-01-29T23:42:33.701+0000] {dag.py:3340} INFO - Setting next_dagrun for example_skip_dag to 2025-01-28T23:42:33.700888+00:00, run_after=2025-01-29T23:42:33.700888+00:00
[2025-01-29T23:42:33.728+0000] {processor.py:176} INFO - Processing /home/airflow/.local/lib/python3.7/site-packages/airflow/example_dags/example_skip_dag.py took 0.137 seconds
[2025-01-29T23:43:04.248+0000] {processor.py:154} INFO - Started process (PID=1433) to work on /home/airflow/.local/lib/python3.7/site-packages/airflow/example_dags/example_skip_dag.py
[2025-01-29T23:43:04.248+0000] {processor.py:756} INFO - Processing file /home/airflow/.local/lib/python3.7/site-packages/airflow/example_dags/example_skip_dag.py for tasks to queue
[2025-01-29T23:43:04.249+0000] {logging_mixin.py:120} INFO - [2025-01-29T23:43:04.249+0000] {dagbag.py:537} INFO - Filling up the DagBag from /home/airflow/.local/lib/python3.7/site-packages/airflow/example_dags/example_skip_dag.py
[2025-01-29T23:43:04.265+0000] {processor.py:766} INFO - DAG(s) dict_keys(['example_skip_dag']) retrieved from /home/airflow/.local/lib/python3.7/site-packages/airflow/example_dags/example_skip_dag.py
[2025-01-29T23:43:04.332+0000] {logging_mixin.py:120} INFO - [2025-01-29T23:43:04.332+0000] {dag.py:2585} INFO - Sync 1 DAGs
[2025-01-29T23:43:04.376+0000] {logging_mixin.py:120} INFO - [2025-01-29T23:43:04.376+0000] {dag.py:3340} INFO - Setting next_dagrun for example_skip_dag to 2025-01-28T23:43:04.376094+00:00, run_after=2025-01-29T23:43:04.376094+00:00
[2025-01-29T23:43:04.403+0000] {processor.py:176} INFO - Processing /home/airflow/.local/lib/python3.7/site-packages/airflow/example_dags/example_skip_dag.py took 0.158 seconds
[2025-01-29T23:43:35.002+0000] {processor.py:154} INFO - Started process (PID=1490) to work on /home/airflow/.local/lib/python3.7/site-packages/airflow/example_dags/example_skip_dag.py
[2025-01-29T23:43:35.002+0000] {processor.py:756} INFO - Processing file /home/airflow/.local/lib/python3.7/site-packages/airflow/example_dags/example_skip_dag.py for tasks to queue
[2025-01-29T23:43:35.003+0000] {logging_mixin.py:120} INFO - [2025-01-29T23:43:35.003+0000] {dagbag.py:537} INFO - Filling up the DagBag from /home/airflow/.local/lib/python3.7/site-packages/airflow/example_dags/example_skip_dag.py
[2025-01-29T23:43:35.016+0000] {processor.py:766} INFO - DAG(s) dict_keys(['example_skip_dag']) retrieved from /home/airflow/.local/lib/python3.7/site-packages/airflow/example_dags/example_skip_dag.py
[2025-01-29T23:43:35.073+0000] {logging_mixin.py:120} INFO - [2025-01-29T23:43:35.073+0000] {dag.py:2585} INFO - Sync 1 DAGs
[2025-01-29T23:43:35.105+0000] {logging_mixin.py:120} INFO - [2025-01-29T23:43:35.104+0000] {dag.py:3340} INFO - Setting next_dagrun for example_skip_dag to 2025-01-28T23:43:35.104662+00:00, run_after=2025-01-29T23:43:35.104662+00:00
[2025-01-29T23:43:35.128+0000] {processor.py:176} INFO - Processing /home/airflow/.local/lib/python3.7/site-packages/airflow/example_dags/example_skip_dag.py took 0.129 seconds
[2025-01-29T23:44:05.551+0000] {processor.py:154} INFO - Started process (PID=1554) to work on /home/airflow/.local/lib/python3.7/site-packages/airflow/example_dags/example_skip_dag.py
[2025-01-29T23:44:05.552+0000] {processor.py:756} INFO - Processing file /home/airflow/.local/lib/python3.7/site-packages/airflow/example_dags/example_skip_dag.py for tasks to queue
[2025-01-29T23:44:05.553+0000] {logging_mixin.py:120} INFO - [2025-01-29T23:44:05.553+0000] {dagbag.py:537} INFO - Filling up the DagBag from /home/airflow/.local/lib/python3.7/site-packages/airflow/example_dags/example_skip_dag.py
[2025-01-29T23:44:05.567+0000] {processor.py:766} INFO - DAG(s) dict_keys(['example_skip_dag']) retrieved from /home/airflow/.local/lib/python3.7/site-packages/airflow/example_dags/example_skip_dag.py
[2025-01-29T23:44:05.622+0000] {logging_mixin.py:120} INFO - [2025-01-29T23:44:05.621+0000] {dag.py:2585} INFO - Sync 1 DAGs
[2025-01-29T23:44:05.654+0000] {logging_mixin.py:120} INFO - [2025-01-29T23:44:05.653+0000] {dag.py:3340} INFO - Setting next_dagrun for example_skip_dag to 2025-01-28T23:44:05.653714+00:00, run_after=2025-01-29T23:44:05.653714+00:00
[2025-01-29T23:44:05.676+0000] {processor.py:176} INFO - Processing /home/airflow/.local/lib/python3.7/site-packages/airflow/example_dags/example_skip_dag.py took 0.127 seconds
[2025-01-29T23:44:36.072+0000] {processor.py:154} INFO - Started process (PID=1618) to work on /home/airflow/.local/lib/python3.7/site-packages/airflow/example_dags/example_skip_dag.py
[2025-01-29T23:44:36.073+0000] {processor.py:756} INFO - Processing file /home/airflow/.local/lib/python3.7/site-packages/airflow/example_dags/example_skip_dag.py for tasks to queue
[2025-01-29T23:44:36.073+0000] {logging_mixin.py:120} INFO - [2025-01-29T23:44:36.073+0000] {dagbag.py:537} INFO - Filling up the DagBag from /home/airflow/.local/lib/python3.7/site-packages/airflow/example_dags/example_skip_dag.py
[2025-01-29T23:44:36.086+0000] {processor.py:766} INFO - DAG(s) dict_keys(['example_skip_dag']) retrieved from /home/airflow/.local/lib/python3.7/site-packages/airflow/example_dags/example_skip_dag.py
[2025-01-29T23:44:36.143+0000] {logging_mixin.py:120} INFO - [2025-01-29T23:44:36.143+0000] {dag.py:2585} INFO - Sync 1 DAGs
[2025-01-29T23:44:36.175+0000] {logging_mixin.py:120} INFO - [2025-01-29T23:44:36.174+0000] {dag.py:3340} INFO - Setting next_dagrun for example_skip_dag to 2025-01-28T23:44:36.174674+00:00, run_after=2025-01-29T23:44:36.174674+00:00
[2025-01-29T23:44:36.199+0000] {processor.py:176} INFO - Processing /home/airflow/.local/lib/python3.7/site-packages/airflow/example_dags/example_skip_dag.py took 0.130 seconds
[2025-01-29T23:45:06.638+0000] {processor.py:154} INFO - Started process (PID=1673) to work on /home/airflow/.local/lib/python3.7/site-packages/airflow/example_dags/example_skip_dag.py
[2025-01-29T23:45:06.639+0000] {processor.py:756} INFO - Processing file /home/airflow/.local/lib/python3.7/site-packages/airflow/example_dags/example_skip_dag.py for tasks to queue
[2025-01-29T23:45:06.640+0000] {logging_mixin.py:120} INFO - [2025-01-29T23:45:06.640+0000] {dagbag.py:537} INFO - Filling up the DagBag from /home/airflow/.local/lib/python3.7/site-packages/airflow/example_dags/example_skip_dag.py
[2025-01-29T23:45:06.653+0000] {processor.py:766} INFO - DAG(s) dict_keys(['example_skip_dag']) retrieved from /home/airflow/.local/lib/python3.7/site-packages/airflow/example_dags/example_skip_dag.py
[2025-01-29T23:45:06.709+0000] {logging_mixin.py:120} INFO - [2025-01-29T23:45:06.709+0000] {dag.py:2585} INFO - Sync 1 DAGs
[2025-01-29T23:45:06.741+0000] {logging_mixin.py:120} INFO - [2025-01-29T23:45:06.741+0000] {dag.py:3340} INFO - Setting next_dagrun for example_skip_dag to 2025-01-28T23:45:06.741264+00:00, run_after=2025-01-29T23:45:06.741264+00:00
[2025-01-29T23:45:06.767+0000] {processor.py:176} INFO - Processing /home/airflow/.local/lib/python3.7/site-packages/airflow/example_dags/example_skip_dag.py took 0.132 seconds
[2025-01-29T23:45:37.314+0000] {processor.py:154} INFO - Started process (PID=1737) to work on /home/airflow/.local/lib/python3.7/site-packages/airflow/example_dags/example_skip_dag.py
[2025-01-29T23:45:37.315+0000] {processor.py:756} INFO - Processing file /home/airflow/.local/lib/python3.7/site-packages/airflow/example_dags/example_skip_dag.py for tasks to queue
[2025-01-29T23:45:37.316+0000] {logging_mixin.py:120} INFO - [2025-01-29T23:45:37.316+0000] {dagbag.py:537} INFO - Filling up the DagBag from /home/airflow/.local/lib/python3.7/site-packages/airflow/example_dags/example_skip_dag.py
[2025-01-29T23:45:37.330+0000] {processor.py:766} INFO - DAG(s) dict_keys(['example_skip_dag']) retrieved from /home/airflow/.local/lib/python3.7/site-packages/airflow/example_dags/example_skip_dag.py
[2025-01-29T23:45:37.384+0000] {logging_mixin.py:120} INFO - [2025-01-29T23:45:37.384+0000] {dag.py:2585} INFO - Sync 1 DAGs
[2025-01-29T23:45:37.415+0000] {logging_mixin.py:120} INFO - [2025-01-29T23:45:37.415+0000] {dag.py:3340} INFO - Setting next_dagrun for example_skip_dag to 2025-01-28T23:45:37.415537+00:00, run_after=2025-01-29T23:45:37.415537+00:00
[2025-01-29T23:45:37.438+0000] {processor.py:176} INFO - Processing /home/airflow/.local/lib/python3.7/site-packages/airflow/example_dags/example_skip_dag.py took 0.126 seconds
[2025-01-29T23:46:07.866+0000] {processor.py:154} INFO - Started process (PID=1801) to work on /home/airflow/.local/lib/python3.7/site-packages/airflow/example_dags/example_skip_dag.py
[2025-01-29T23:46:07.867+0000] {processor.py:756} INFO - Processing file /home/airflow/.local/lib/python3.7/site-packages/airflow/example_dags/example_skip_dag.py for tasks to queue
[2025-01-29T23:46:07.868+0000] {logging_mixin.py:120} INFO - [2025-01-29T23:46:07.868+0000] {dagbag.py:537} INFO - Filling up the DagBag from /home/airflow/.local/lib/python3.7/site-packages/airflow/example_dags/example_skip_dag.py
[2025-01-29T23:46:07.881+0000] {processor.py:766} INFO - DAG(s) dict_keys(['example_skip_dag']) retrieved from /home/airflow/.local/lib/python3.7/site-packages/airflow/example_dags/example_skip_dag.py
[2025-01-29T23:46:07.938+0000] {logging_mixin.py:120} INFO - [2025-01-29T23:46:07.938+0000] {dag.py:2585} INFO - Sync 1 DAGs
[2025-01-29T23:46:07.969+0000] {logging_mixin.py:120} INFO - [2025-01-29T23:46:07.969+0000] {dag.py:3340} INFO - Setting next_dagrun for example_skip_dag to 2025-01-28T23:46:07.969521+00:00, run_after=2025-01-29T23:46:07.969521+00:00
[2025-01-29T23:46:07.993+0000] {processor.py:176} INFO - Processing /home/airflow/.local/lib/python3.7/site-packages/airflow/example_dags/example_skip_dag.py took 0.129 seconds
[2025-01-29T23:46:38.438+0000] {processor.py:154} INFO - Started process (PID=1856) to work on /home/airflow/.local/lib/python3.7/site-packages/airflow/example_dags/example_skip_dag.py
[2025-01-29T23:46:38.439+0000] {processor.py:756} INFO - Processing file /home/airflow/.local/lib/python3.7/site-packages/airflow/example_dags/example_skip_dag.py for tasks to queue
[2025-01-29T23:46:38.440+0000] {logging_mixin.py:120} INFO - [2025-01-29T23:46:38.440+0000] {dagbag.py:537} INFO - Filling up the DagBag from /home/airflow/.local/lib/python3.7/site-packages/airflow/example_dags/example_skip_dag.py
[2025-01-29T23:46:38.457+0000] {processor.py:766} INFO - DAG(s) dict_keys(['example_skip_dag']) retrieved from /home/airflow/.local/lib/python3.7/site-packages/airflow/example_dags/example_skip_dag.py
[2025-01-29T23:46:38.511+0000] {logging_mixin.py:120} INFO - [2025-01-29T23:46:38.510+0000] {dag.py:2585} INFO - Sync 1 DAGs
[2025-01-29T23:46:38.540+0000] {logging_mixin.py:120} INFO - [2025-01-29T23:46:38.540+0000] {dag.py:3340} INFO - Setting next_dagrun for example_skip_dag to 2025-01-28T23:46:38.540527+00:00, run_after=2025-01-29T23:46:38.540527+00:00
[2025-01-29T23:46:38.564+0000] {processor.py:176} INFO - Processing /home/airflow/.local/lib/python3.7/site-packages/airflow/example_dags/example_skip_dag.py took 0.131 seconds
[2025-01-29T23:47:08.666+0000] {processor.py:154} INFO - Started process (PID=1920) to work on /home/airflow/.local/lib/python3.7/site-packages/airflow/example_dags/example_skip_dag.py
[2025-01-29T23:47:08.667+0000] {processor.py:756} INFO - Processing file /home/airflow/.local/lib/python3.7/site-packages/airflow/example_dags/example_skip_dag.py for tasks to queue
[2025-01-29T23:47:08.668+0000] {logging_mixin.py:120} INFO - [2025-01-29T23:47:08.667+0000] {dagbag.py:537} INFO - Filling up the DagBag from /home/airflow/.local/lib/python3.7/site-packages/airflow/example_dags/example_skip_dag.py
[2025-01-29T23:47:08.682+0000] {processor.py:766} INFO - DAG(s) dict_keys(['example_skip_dag']) retrieved from /home/airflow/.local/lib/python3.7/site-packages/airflow/example_dags/example_skip_dag.py
[2025-01-29T23:47:08.736+0000] {logging_mixin.py:120} INFO - [2025-01-29T23:47:08.736+0000] {dag.py:2585} INFO - Sync 1 DAGs
[2025-01-29T23:47:08.767+0000] {logging_mixin.py:120} INFO - [2025-01-29T23:47:08.767+0000] {dag.py:3340} INFO - Setting next_dagrun for example_skip_dag to 2025-01-28T23:47:08.766949+00:00, run_after=2025-01-29T23:47:08.766949+00:00
[2025-01-29T23:47:08.789+0000] {processor.py:176} INFO - Processing /home/airflow/.local/lib/python3.7/site-packages/airflow/example_dags/example_skip_dag.py took 0.127 seconds
[2025-01-29T23:47:39.331+0000] {processor.py:154} INFO - Started process (PID=1984) to work on /home/airflow/.local/lib/python3.7/site-packages/airflow/example_dags/example_skip_dag.py
[2025-01-29T23:47:39.332+0000] {processor.py:756} INFO - Processing file /home/airflow/.local/lib/python3.7/site-packages/airflow/example_dags/example_skip_dag.py for tasks to queue
[2025-01-29T23:47:39.333+0000] {logging_mixin.py:120} INFO - [2025-01-29T23:47:39.333+0000] {dagbag.py:537} INFO - Filling up the DagBag from /home/airflow/.local/lib/python3.7/site-packages/airflow/example_dags/example_skip_dag.py
[2025-01-29T23:47:39.346+0000] {processor.py:766} INFO - DAG(s) dict_keys(['example_skip_dag']) retrieved from /home/airflow/.local/lib/python3.7/site-packages/airflow/example_dags/example_skip_dag.py
[2025-01-29T23:47:39.405+0000] {logging_mixin.py:120} INFO - [2025-01-29T23:47:39.405+0000] {dag.py:2585} INFO - Sync 1 DAGs
[2025-01-29T23:47:39.435+0000] {logging_mixin.py:120} INFO - [2025-01-29T23:47:39.435+0000] {dag.py:3340} INFO - Setting next_dagrun for example_skip_dag to 2025-01-28T23:47:39.435057+00:00, run_after=2025-01-29T23:47:39.435057+00:00
[2025-01-29T23:47:39.456+0000] {processor.py:176} INFO - Processing /home/airflow/.local/lib/python3.7/site-packages/airflow/example_dags/example_skip_dag.py took 0.127 seconds
[2025-01-29T23:48:10.246+0000] {processor.py:154} INFO - Started process (PID=2048) to work on /home/airflow/.local/lib/python3.7/site-packages/airflow/example_dags/example_skip_dag.py
[2025-01-29T23:48:10.247+0000] {processor.py:756} INFO - Processing file /home/airflow/.local/lib/python3.7/site-packages/airflow/example_dags/example_skip_dag.py for tasks to queue
[2025-01-29T23:48:10.248+0000] {logging_mixin.py:120} INFO - [2025-01-29T23:48:10.247+0000] {dagbag.py:537} INFO - Filling up the DagBag from /home/airflow/.local/lib/python3.7/site-packages/airflow/example_dags/example_skip_dag.py
[2025-01-29T23:48:10.261+0000] {processor.py:766} INFO - DAG(s) dict_keys(['example_skip_dag']) retrieved from /home/airflow/.local/lib/python3.7/site-packages/airflow/example_dags/example_skip_dag.py
[2025-01-29T23:48:10.326+0000] {logging_mixin.py:120} INFO - [2025-01-29T23:48:10.325+0000] {dag.py:2585} INFO - Sync 1 DAGs
[2025-01-29T23:48:10.369+0000] {logging_mixin.py:120} INFO - [2025-01-29T23:48:10.369+0000] {dag.py:3340} INFO - Setting next_dagrun for example_skip_dag to 2025-01-28T23:48:10.369073+00:00, run_after=2025-01-29T23:48:10.369073+00:00
[2025-01-29T23:48:10.406+0000] {processor.py:176} INFO - Processing /home/airflow/.local/lib/python3.7/site-packages/airflow/example_dags/example_skip_dag.py took 0.163 seconds
[2025-01-29T23:48:41.013+0000] {processor.py:154} INFO - Started process (PID=2103) to work on /home/airflow/.local/lib/python3.7/site-packages/airflow/example_dags/example_skip_dag.py
[2025-01-29T23:48:41.014+0000] {processor.py:756} INFO - Processing file /home/airflow/.local/lib/python3.7/site-packages/airflow/example_dags/example_skip_dag.py for tasks to queue
[2025-01-29T23:48:41.015+0000] {logging_mixin.py:120} INFO - [2025-01-29T23:48:41.014+0000] {dagbag.py:537} INFO - Filling up the DagBag from /home/airflow/.local/lib/python3.7/site-packages/airflow/example_dags/example_skip_dag.py
[2025-01-29T23:48:41.027+0000] {processor.py:766} INFO - DAG(s) dict_keys(['example_skip_dag']) retrieved from /home/airflow/.local/lib/python3.7/site-packages/airflow/example_dags/example_skip_dag.py
[2025-01-29T23:48:41.080+0000] {logging_mixin.py:120} INFO - [2025-01-29T23:48:41.080+0000] {dag.py:2585} INFO - Sync 1 DAGs
[2025-01-29T23:48:41.111+0000] {logging_mixin.py:120} INFO - [2025-01-29T23:48:41.111+0000] {dag.py:3340} INFO - Setting next_dagrun for example_skip_dag to 2025-01-28T23:48:41.111371+00:00, run_after=2025-01-29T23:48:41.111371+00:00
[2025-01-29T23:48:41.135+0000] {processor.py:176} INFO - Processing /home/airflow/.local/lib/python3.7/site-packages/airflow/example_dags/example_skip_dag.py took 0.124 seconds
[2025-01-29T23:49:11.545+0000] {processor.py:154} INFO - Started process (PID=2167) to work on /home/airflow/.local/lib/python3.7/site-packages/airflow/example_dags/example_skip_dag.py
[2025-01-29T23:49:11.546+0000] {processor.py:756} INFO - Processing file /home/airflow/.local/lib/python3.7/site-packages/airflow/example_dags/example_skip_dag.py for tasks to queue
[2025-01-29T23:49:11.547+0000] {logging_mixin.py:120} INFO - [2025-01-29T23:49:11.547+0000] {dagbag.py:537} INFO - Filling up the DagBag from /home/airflow/.local/lib/python3.7/site-packages/airflow/example_dags/example_skip_dag.py
[2025-01-29T23:49:11.561+0000] {processor.py:766} INFO - DAG(s) dict_keys(['example_skip_dag']) retrieved from /home/airflow/.local/lib/python3.7/site-packages/airflow/example_dags/example_skip_dag.py
[2025-01-29T23:49:11.619+0000] {logging_mixin.py:120} INFO - [2025-01-29T23:49:11.619+0000] {dag.py:2585} INFO - Sync 1 DAGs
[2025-01-29T23:49:11.652+0000] {logging_mixin.py:120} INFO - [2025-01-29T23:49:11.652+0000] {dag.py:3340} INFO - Setting next_dagrun for example_skip_dag to 2025-01-28T23:49:11.652028+00:00, run_after=2025-01-29T23:49:11.652028+00:00
[2025-01-29T23:49:11.676+0000] {processor.py:176} INFO - Processing /home/airflow/.local/lib/python3.7/site-packages/airflow/example_dags/example_skip_dag.py took 0.134 seconds
[2025-01-29T23:49:41.883+0000] {processor.py:154} INFO - Started process (PID=2231) to work on /home/airflow/.local/lib/python3.7/site-packages/airflow/example_dags/example_skip_dag.py
[2025-01-29T23:49:41.884+0000] {processor.py:756} INFO - Processing file /home/airflow/.local/lib/python3.7/site-packages/airflow/example_dags/example_skip_dag.py for tasks to queue
[2025-01-29T23:49:41.885+0000] {logging_mixin.py:120} INFO - [2025-01-29T23:49:41.885+0000] {dagbag.py:537} INFO - Filling up the DagBag from /home/airflow/.local/lib/python3.7/site-packages/airflow/example_dags/example_skip_dag.py
[2025-01-29T23:49:41.900+0000] {processor.py:766} INFO - DAG(s) dict_keys(['example_skip_dag']) retrieved from /home/airflow/.local/lib/python3.7/site-packages/airflow/example_dags/example_skip_dag.py
[2025-01-29T23:49:41.958+0000] {logging_mixin.py:120} INFO - [2025-01-29T23:49:41.958+0000] {dag.py:2585} INFO - Sync 1 DAGs
[2025-01-29T23:49:41.989+0000] {logging_mixin.py:120} INFO - [2025-01-29T23:49:41.989+0000] {dag.py:3340} INFO - Setting next_dagrun for example_skip_dag to 2025-01-28T23:49:41.989099+00:00, run_after=2025-01-29T23:49:41.989099+00:00
[2025-01-29T23:49:42.013+0000] {processor.py:176} INFO - Processing /home/airflow/.local/lib/python3.7/site-packages/airflow/example_dags/example_skip_dag.py took 0.132 seconds
[2025-01-29T23:50:12.404+0000] {processor.py:154} INFO - Started process (PID=2286) to work on /home/airflow/.local/lib/python3.7/site-packages/airflow/example_dags/example_skip_dag.py
[2025-01-29T23:50:12.405+0000] {processor.py:756} INFO - Processing file /home/airflow/.local/lib/python3.7/site-packages/airflow/example_dags/example_skip_dag.py for tasks to queue
[2025-01-29T23:50:12.406+0000] {logging_mixin.py:120} INFO - [2025-01-29T23:50:12.405+0000] {dagbag.py:537} INFO - Filling up the DagBag from /home/airflow/.local/lib/python3.7/site-packages/airflow/example_dags/example_skip_dag.py
[2025-01-29T23:50:12.418+0000] {processor.py:766} INFO - DAG(s) dict_keys(['example_skip_dag']) retrieved from /home/airflow/.local/lib/python3.7/site-packages/airflow/example_dags/example_skip_dag.py
[2025-01-29T23:50:12.472+0000] {logging_mixin.py:120} INFO - [2025-01-29T23:50:12.472+0000] {dag.py:2585} INFO - Sync 1 DAGs
[2025-01-29T23:50:12.503+0000] {logging_mixin.py:120} INFO - [2025-01-29T23:50:12.503+0000] {dag.py:3340} INFO - Setting next_dagrun for example_skip_dag to 2025-01-28T23:50:12.503008+00:00, run_after=2025-01-29T23:50:12.503008+00:00
[2025-01-29T23:50:12.525+0000] {processor.py:176} INFO - Processing /home/airflow/.local/lib/python3.7/site-packages/airflow/example_dags/example_skip_dag.py took 0.123 seconds
[2025-01-29T23:50:42.783+0000] {processor.py:154} INFO - Started process (PID=2350) to work on /home/airflow/.local/lib/python3.7/site-packages/airflow/example_dags/example_skip_dag.py
[2025-01-29T23:50:42.784+0000] {processor.py:756} INFO - Processing file /home/airflow/.local/lib/python3.7/site-packages/airflow/example_dags/example_skip_dag.py for tasks to queue
[2025-01-29T23:50:42.785+0000] {logging_mixin.py:120} INFO - [2025-01-29T23:50:42.785+0000] {dagbag.py:537} INFO - Filling up the DagBag from /home/airflow/.local/lib/python3.7/site-packages/airflow/example_dags/example_skip_dag.py
[2025-01-29T23:50:42.798+0000] {processor.py:766} INFO - DAG(s) dict_keys(['example_skip_dag']) retrieved from /home/airflow/.local/lib/python3.7/site-packages/airflow/example_dags/example_skip_dag.py
[2025-01-29T23:50:42.853+0000] {logging_mixin.py:120} INFO - [2025-01-29T23:50:42.853+0000] {dag.py:2585} INFO - Sync 1 DAGs
[2025-01-29T23:50:42.884+0000] {logging_mixin.py:120} INFO - [2025-01-29T23:50:42.884+0000] {dag.py:3340} INFO - Setting next_dagrun for example_skip_dag to 2025-01-28T23:50:42.884116+00:00, run_after=2025-01-29T23:50:42.884116+00:00
[2025-01-29T23:50:42.908+0000] {processor.py:176} INFO - Processing /home/airflow/.local/lib/python3.7/site-packages/airflow/example_dags/example_skip_dag.py took 0.128 seconds
[2025-01-29T23:51:13.391+0000] {processor.py:154} INFO - Started process (PID=2415) to work on /home/airflow/.local/lib/python3.7/site-packages/airflow/example_dags/example_skip_dag.py
[2025-01-29T23:51:13.392+0000] {processor.py:756} INFO - Processing file /home/airflow/.local/lib/python3.7/site-packages/airflow/example_dags/example_skip_dag.py for tasks to queue
[2025-01-29T23:51:13.392+0000] {logging_mixin.py:120} INFO - [2025-01-29T23:51:13.392+0000] {dagbag.py:537} INFO - Filling up the DagBag from /home/airflow/.local/lib/python3.7/site-packages/airflow/example_dags/example_skip_dag.py
[2025-01-29T23:51:13.408+0000] {processor.py:766} INFO - DAG(s) dict_keys(['example_skip_dag']) retrieved from /home/airflow/.local/lib/python3.7/site-packages/airflow/example_dags/example_skip_dag.py
[2025-01-29T23:51:13.463+0000] {logging_mixin.py:120} INFO - [2025-01-29T23:51:13.463+0000] {dag.py:2585} INFO - Sync 1 DAGs
[2025-01-29T23:51:13.496+0000] {logging_mixin.py:120} INFO - [2025-01-29T23:51:13.496+0000] {dag.py:3340} INFO - Setting next_dagrun for example_skip_dag to 2025-01-28T23:51:13.496010+00:00, run_after=2025-01-29T23:51:13.496010+00:00
[2025-01-29T23:51:13.528+0000] {processor.py:176} INFO - Processing /home/airflow/.local/lib/python3.7/site-packages/airflow/example_dags/example_skip_dag.py took 0.140 seconds
[2025-01-29T23:51:44.328+0000] {processor.py:154} INFO - Started process (PID=2470) to work on /home/airflow/.local/lib/python3.7/site-packages/airflow/example_dags/example_skip_dag.py
[2025-01-29T23:51:44.329+0000] {processor.py:756} INFO - Processing file /home/airflow/.local/lib/python3.7/site-packages/airflow/example_dags/example_skip_dag.py for tasks to queue
[2025-01-29T23:51:44.330+0000] {logging_mixin.py:120} INFO - [2025-01-29T23:51:44.330+0000] {dagbag.py:537} INFO - Filling up the DagBag from /home/airflow/.local/lib/python3.7/site-packages/airflow/example_dags/example_skip_dag.py
[2025-01-29T23:51:44.344+0000] {processor.py:766} INFO - DAG(s) dict_keys(['example_skip_dag']) retrieved from /home/airflow/.local/lib/python3.7/site-packages/airflow/example_dags/example_skip_dag.py
[2025-01-29T23:51:44.401+0000] {logging_mixin.py:120} INFO - [2025-01-29T23:51:44.401+0000] {dag.py:2585} INFO - Sync 1 DAGs
[2025-01-29T23:51:44.431+0000] {logging_mixin.py:120} INFO - [2025-01-29T23:51:44.431+0000] {dag.py:3340} INFO - Setting next_dagrun for example_skip_dag to 2025-01-28T23:51:44.431552+00:00, run_after=2025-01-29T23:51:44.431552+00:00
[2025-01-29T23:51:44.455+0000] {processor.py:176} INFO - Processing /home/airflow/.local/lib/python3.7/site-packages/airflow/example_dags/example_skip_dag.py took 0.130 seconds
[2025-01-29T23:52:14.824+0000] {processor.py:154} INFO - Started process (PID=2534) to work on /home/airflow/.local/lib/python3.7/site-packages/airflow/example_dags/example_skip_dag.py
[2025-01-29T23:52:14.825+0000] {processor.py:756} INFO - Processing file /home/airflow/.local/lib/python3.7/site-packages/airflow/example_dags/example_skip_dag.py for tasks to queue
[2025-01-29T23:52:14.826+0000] {logging_mixin.py:120} INFO - [2025-01-29T23:52:14.826+0000] {dagbag.py:537} INFO - Filling up the DagBag from /home/airflow/.local/lib/python3.7/site-packages/airflow/example_dags/example_skip_dag.py
[2025-01-29T23:52:14.839+0000] {processor.py:766} INFO - DAG(s) dict_keys(['example_skip_dag']) retrieved from /home/airflow/.local/lib/python3.7/site-packages/airflow/example_dags/example_skip_dag.py
[2025-01-29T23:52:14.897+0000] {logging_mixin.py:120} INFO - [2025-01-29T23:52:14.896+0000] {dag.py:2585} INFO - Sync 1 DAGs
[2025-01-29T23:52:14.929+0000] {logging_mixin.py:120} INFO - [2025-01-29T23:52:14.928+0000] {dag.py:3340} INFO - Setting next_dagrun for example_skip_dag to 2025-01-28T23:52:14.928647+00:00, run_after=2025-01-29T23:52:14.928647+00:00
[2025-01-29T23:52:14.951+0000] {processor.py:176} INFO - Processing /home/airflow/.local/lib/python3.7/site-packages/airflow/example_dags/example_skip_dag.py took 0.129 seconds
[2025-01-29T23:52:45.479+0000] {processor.py:154} INFO - Started process (PID=2598) to work on /home/airflow/.local/lib/python3.7/site-packages/airflow/example_dags/example_skip_dag.py
[2025-01-29T23:52:45.480+0000] {processor.py:756} INFO - Processing file /home/airflow/.local/lib/python3.7/site-packages/airflow/example_dags/example_skip_dag.py for tasks to queue
[2025-01-29T23:52:45.481+0000] {logging_mixin.py:120} INFO - [2025-01-29T23:52:45.481+0000] {dagbag.py:537} INFO - Filling up the DagBag from /home/airflow/.local/lib/python3.7/site-packages/airflow/example_dags/example_skip_dag.py
[2025-01-29T23:52:45.494+0000] {processor.py:766} INFO - DAG(s) dict_keys(['example_skip_dag']) retrieved from /home/airflow/.local/lib/python3.7/site-packages/airflow/example_dags/example_skip_dag.py
[2025-01-29T23:52:45.548+0000] {logging_mixin.py:120} INFO - [2025-01-29T23:52:45.548+0000] {dag.py:2585} INFO - Sync 1 DAGs
[2025-01-29T23:52:45.578+0000] {logging_mixin.py:120} INFO - [2025-01-29T23:52:45.578+0000] {dag.py:3340} INFO - Setting next_dagrun for example_skip_dag to 2025-01-28T23:52:45.578378+00:00, run_after=2025-01-29T23:52:45.578378+00:00
[2025-01-29T23:52:45.602+0000] {processor.py:176} INFO - Processing /home/airflow/.local/lib/python3.7/site-packages/airflow/example_dags/example_skip_dag.py took 0.126 seconds
[2025-01-29T23:53:15.805+0000] {processor.py:154} INFO - Started process (PID=2653) to work on /home/airflow/.local/lib/python3.7/site-packages/airflow/example_dags/example_skip_dag.py
[2025-01-29T23:53:15.806+0000] {processor.py:756} INFO - Processing file /home/airflow/.local/lib/python3.7/site-packages/airflow/example_dags/example_skip_dag.py for tasks to queue
[2025-01-29T23:53:15.807+0000] {logging_mixin.py:120} INFO - [2025-01-29T23:53:15.807+0000] {dagbag.py:537} INFO - Filling up the DagBag from /home/airflow/.local/lib/python3.7/site-packages/airflow/example_dags/example_skip_dag.py
[2025-01-29T23:53:15.820+0000] {processor.py:766} INFO - DAG(s) dict_keys(['example_skip_dag']) retrieved from /home/airflow/.local/lib/python3.7/site-packages/airflow/example_dags/example_skip_dag.py
[2025-01-29T23:53:15.882+0000] {logging_mixin.py:120} INFO - [2025-01-29T23:53:15.881+0000] {dag.py:2585} INFO - Sync 1 DAGs
[2025-01-29T23:53:15.914+0000] {logging_mixin.py:120} INFO - [2025-01-29T23:53:15.914+0000] {dag.py:3340} INFO - Setting next_dagrun for example_skip_dag to 2025-01-28T23:53:15.913834+00:00, run_after=2025-01-29T23:53:15.913834+00:00
[2025-01-29T23:53:15.936+0000] {processor.py:176} INFO - Processing /home/airflow/.local/lib/python3.7/site-packages/airflow/example_dags/example_skip_dag.py took 0.133 seconds
[2025-01-29T23:53:46.169+0000] {processor.py:154} INFO - Started process (PID=2717) to work on /home/airflow/.local/lib/python3.7/site-packages/airflow/example_dags/example_skip_dag.py
[2025-01-29T23:53:46.170+0000] {processor.py:756} INFO - Processing file /home/airflow/.local/lib/python3.7/site-packages/airflow/example_dags/example_skip_dag.py for tasks to queue
[2025-01-29T23:53:46.171+0000] {logging_mixin.py:120} INFO - [2025-01-29T23:53:46.171+0000] {dagbag.py:537} INFO - Filling up the DagBag from /home/airflow/.local/lib/python3.7/site-packages/airflow/example_dags/example_skip_dag.py
[2025-01-29T23:53:46.185+0000] {processor.py:766} INFO - DAG(s) dict_keys(['example_skip_dag']) retrieved from /home/airflow/.local/lib/python3.7/site-packages/airflow/example_dags/example_skip_dag.py
[2025-01-29T23:53:46.244+0000] {logging_mixin.py:120} INFO - [2025-01-29T23:53:46.243+0000] {dag.py:2585} INFO - Sync 1 DAGs
[2025-01-29T23:53:46.275+0000] {logging_mixin.py:120} INFO - [2025-01-29T23:53:46.275+0000] {dag.py:3340} INFO - Setting next_dagrun for example_skip_dag to 2025-01-28T23:53:46.275586+00:00, run_after=2025-01-29T23:53:46.275586+00:00
[2025-01-29T23:53:46.298+0000] {processor.py:176} INFO - Processing /home/airflow/.local/lib/python3.7/site-packages/airflow/example_dags/example_skip_dag.py took 0.132 seconds
[2025-01-29T23:54:16.578+0000] {processor.py:154} INFO - Started process (PID=2781) to work on /home/airflow/.local/lib/python3.7/site-packages/airflow/example_dags/example_skip_dag.py
[2025-01-29T23:54:16.579+0000] {processor.py:756} INFO - Processing file /home/airflow/.local/lib/python3.7/site-packages/airflow/example_dags/example_skip_dag.py for tasks to queue
[2025-01-29T23:54:16.580+0000] {logging_mixin.py:120} INFO - [2025-01-29T23:54:16.580+0000] {dagbag.py:537} INFO - Filling up the DagBag from /home/airflow/.local/lib/python3.7/site-packages/airflow/example_dags/example_skip_dag.py
[2025-01-29T23:54:16.595+0000] {processor.py:766} INFO - DAG(s) dict_keys(['example_skip_dag']) retrieved from /home/airflow/.local/lib/python3.7/site-packages/airflow/example_dags/example_skip_dag.py
[2025-01-29T23:54:16.657+0000] {logging_mixin.py:120} INFO - [2025-01-29T23:54:16.656+0000] {dag.py:2585} INFO - Sync 1 DAGs
[2025-01-29T23:54:16.721+0000] {logging_mixin.py:120} INFO - [2025-01-29T23:54:16.721+0000] {dag.py:3340} INFO - Setting next_dagrun for example_skip_dag to 2025-01-28T23:54:16.720551+00:00, run_after=2025-01-29T23:54:16.720551+00:00
[2025-01-29T23:54:16.755+0000] {processor.py:176} INFO - Processing /home/airflow/.local/lib/python3.7/site-packages/airflow/example_dags/example_skip_dag.py took 0.180 seconds
[2025-01-29T23:54:47.193+0000] {processor.py:154} INFO - Started process (PID=2845) to work on /home/airflow/.local/lib/python3.7/site-packages/airflow/example_dags/example_skip_dag.py
[2025-01-29T23:54:47.194+0000] {processor.py:756} INFO - Processing file /home/airflow/.local/lib/python3.7/site-packages/airflow/example_dags/example_skip_dag.py for tasks to queue
[2025-01-29T23:54:47.195+0000] {logging_mixin.py:120} INFO - [2025-01-29T23:54:47.195+0000] {dagbag.py:537} INFO - Filling up the DagBag from /home/airflow/.local/lib/python3.7/site-packages/airflow/example_dags/example_skip_dag.py
[2025-01-29T23:54:47.209+0000] {processor.py:766} INFO - DAG(s) dict_keys(['example_skip_dag']) retrieved from /home/airflow/.local/lib/python3.7/site-packages/airflow/example_dags/example_skip_dag.py
[2025-01-29T23:54:47.263+0000] {logging_mixin.py:120} INFO - [2025-01-29T23:54:47.263+0000] {dag.py:2585} INFO - Sync 1 DAGs
[2025-01-29T23:54:47.294+0000] {logging_mixin.py:120} INFO - [2025-01-29T23:54:47.294+0000] {dag.py:3340} INFO - Setting next_dagrun for example_skip_dag to 2025-01-28T23:54:47.293992+00:00, run_after=2025-01-29T23:54:47.293992+00:00
[2025-01-29T23:54:47.321+0000] {processor.py:176} INFO - Processing /home/airflow/.local/lib/python3.7/site-packages/airflow/example_dags/example_skip_dag.py took 0.130 seconds
[2025-01-29T23:55:17.474+0000] {processor.py:154} INFO - Started process (PID=2900) to work on /home/airflow/.local/lib/python3.7/site-packages/airflow/example_dags/example_skip_dag.py
[2025-01-29T23:55:17.475+0000] {processor.py:756} INFO - Processing file /home/airflow/.local/lib/python3.7/site-packages/airflow/example_dags/example_skip_dag.py for tasks to queue
[2025-01-29T23:55:17.476+0000] {logging_mixin.py:120} INFO - [2025-01-29T23:55:17.476+0000] {dagbag.py:537} INFO - Filling up the DagBag from /home/airflow/.local/lib/python3.7/site-packages/airflow/example_dags/example_skip_dag.py
[2025-01-29T23:55:17.496+0000] {processor.py:766} INFO - DAG(s) dict_keys(['example_skip_dag']) retrieved from /home/airflow/.local/lib/python3.7/site-packages/airflow/example_dags/example_skip_dag.py
[2025-01-29T23:55:17.557+0000] {logging_mixin.py:120} INFO - [2025-01-29T23:55:17.557+0000] {dag.py:2585} INFO - Sync 1 DAGs
[2025-01-29T23:55:17.595+0000] {logging_mixin.py:120} INFO - [2025-01-29T23:55:17.595+0000] {dag.py:3340} INFO - Setting next_dagrun for example_skip_dag to 2025-01-28T23:55:17.595412+00:00, run_after=2025-01-29T23:55:17.595412+00:00
[2025-01-29T23:55:17.619+0000] {processor.py:176} INFO - Processing /home/airflow/.local/lib/python3.7/site-packages/airflow/example_dags/example_skip_dag.py took 0.147 seconds
[2025-01-29T23:55:47.984+0000] {processor.py:154} INFO - Started process (PID=2964) to work on /home/airflow/.local/lib/python3.7/site-packages/airflow/example_dags/example_skip_dag.py
[2025-01-29T23:55:47.985+0000] {processor.py:756} INFO - Processing file /home/airflow/.local/lib/python3.7/site-packages/airflow/example_dags/example_skip_dag.py for tasks to queue
[2025-01-29T23:55:47.986+0000] {logging_mixin.py:120} INFO - [2025-01-29T23:55:47.985+0000] {dagbag.py:537} INFO - Filling up the DagBag from /home/airflow/.local/lib/python3.7/site-packages/airflow/example_dags/example_skip_dag.py
[2025-01-29T23:55:48.003+0000] {processor.py:766} INFO - DAG(s) dict_keys(['example_skip_dag']) retrieved from /home/airflow/.local/lib/python3.7/site-packages/airflow/example_dags/example_skip_dag.py
[2025-01-29T23:55:48.066+0000] {logging_mixin.py:120} INFO - [2025-01-29T23:55:48.066+0000] {dag.py:2585} INFO - Sync 1 DAGs
[2025-01-29T23:55:48.100+0000] {logging_mixin.py:120} INFO - [2025-01-29T23:55:48.100+0000] {dag.py:3340} INFO - Setting next_dagrun for example_skip_dag to 2025-01-28T23:55:48.099825+00:00, run_after=2025-01-29T23:55:48.099825+00:00
[2025-01-29T23:55:48.124+0000] {processor.py:176} INFO - Processing /home/airflow/.local/lib/python3.7/site-packages/airflow/example_dags/example_skip_dag.py took 0.143 seconds
[2025-01-29T23:56:18.331+0000] {processor.py:154} INFO - Started process (PID=3028) to work on /home/airflow/.local/lib/python3.7/site-packages/airflow/example_dags/example_skip_dag.py
[2025-01-29T23:56:18.332+0000] {processor.py:756} INFO - Processing file /home/airflow/.local/lib/python3.7/site-packages/airflow/example_dags/example_skip_dag.py for tasks to queue
[2025-01-29T23:56:18.332+0000] {logging_mixin.py:120} INFO - [2025-01-29T23:56:18.332+0000] {dagbag.py:537} INFO - Filling up the DagBag from /home/airflow/.local/lib/python3.7/site-packages/airflow/example_dags/example_skip_dag.py
[2025-01-29T23:56:18.346+0000] {processor.py:766} INFO - DAG(s) dict_keys(['example_skip_dag']) retrieved from /home/airflow/.local/lib/python3.7/site-packages/airflow/example_dags/example_skip_dag.py
[2025-01-29T23:56:18.406+0000] {logging_mixin.py:120} INFO - [2025-01-29T23:56:18.406+0000] {dag.py:2585} INFO - Sync 1 DAGs
[2025-01-29T23:56:18.438+0000] {logging_mixin.py:120} INFO - [2025-01-29T23:56:18.438+0000] {dag.py:3340} INFO - Setting next_dagrun for example_skip_dag to 2025-01-28T23:56:18.437799+00:00, run_after=2025-01-29T23:56:18.437799+00:00
[2025-01-29T23:56:18.465+0000] {processor.py:176} INFO - Processing /home/airflow/.local/lib/python3.7/site-packages/airflow/example_dags/example_skip_dag.py took 0.137 seconds
[2025-01-29T23:56:48.627+0000] {processor.py:154} INFO - Started process (PID=3083) to work on /home/airflow/.local/lib/python3.7/site-packages/airflow/example_dags/example_skip_dag.py
[2025-01-29T23:56:48.628+0000] {processor.py:756} INFO - Processing file /home/airflow/.local/lib/python3.7/site-packages/airflow/example_dags/example_skip_dag.py for tasks to queue
[2025-01-29T23:56:48.629+0000] {logging_mixin.py:120} INFO - [2025-01-29T23:56:48.628+0000] {dagbag.py:537} INFO - Filling up the DagBag from /home/airflow/.local/lib/python3.7/site-packages/airflow/example_dags/example_skip_dag.py
[2025-01-29T23:56:48.642+0000] {processor.py:766} INFO - DAG(s) dict_keys(['example_skip_dag']) retrieved from /home/airflow/.local/lib/python3.7/site-packages/airflow/example_dags/example_skip_dag.py
[2025-01-29T23:56:48.694+0000] {logging_mixin.py:120} INFO - [2025-01-29T23:56:48.694+0000] {dag.py:2585} INFO - Sync 1 DAGs
[2025-01-29T23:56:48.725+0000] {logging_mixin.py:120} INFO - [2025-01-29T23:56:48.725+0000] {dag.py:3340} INFO - Setting next_dagrun for example_skip_dag to 2025-01-28T23:56:48.725019+00:00, run_after=2025-01-29T23:56:48.725019+00:00
[2025-01-29T23:56:48.750+0000] {processor.py:176} INFO - Processing /home/airflow/.local/lib/python3.7/site-packages/airflow/example_dags/example_skip_dag.py took 0.126 seconds
[2025-01-29T23:57:19.188+0000] {processor.py:154} INFO - Started process (PID=3147) to work on /home/airflow/.local/lib/python3.7/site-packages/airflow/example_dags/example_skip_dag.py
[2025-01-29T23:57:19.189+0000] {processor.py:756} INFO - Processing file /home/airflow/.local/lib/python3.7/site-packages/airflow/example_dags/example_skip_dag.py for tasks to queue
[2025-01-29T23:57:19.190+0000] {logging_mixin.py:120} INFO - [2025-01-29T23:57:19.190+0000] {dagbag.py:537} INFO - Filling up the DagBag from /home/airflow/.local/lib/python3.7/site-packages/airflow/example_dags/example_skip_dag.py
[2025-01-29T23:57:19.204+0000] {processor.py:766} INFO - DAG(s) dict_keys(['example_skip_dag']) retrieved from /home/airflow/.local/lib/python3.7/site-packages/airflow/example_dags/example_skip_dag.py
[2025-01-29T23:57:19.259+0000] {logging_mixin.py:120} INFO - [2025-01-29T23:57:19.259+0000] {dag.py:2585} INFO - Sync 1 DAGs
[2025-01-29T23:57:19.301+0000] {logging_mixin.py:120} INFO - [2025-01-29T23:57:19.301+0000] {dag.py:3340} INFO - Setting next_dagrun for example_skip_dag to 2025-01-28T23:57:19.300770+00:00, run_after=2025-01-29T23:57:19.300770+00:00
[2025-01-29T23:57:19.338+0000] {processor.py:176} INFO - Processing /home/airflow/.local/lib/python3.7/site-packages/airflow/example_dags/example_skip_dag.py took 0.153 seconds
[2025-01-29T23:57:49.875+0000] {processor.py:154} INFO - Started process (PID=3211) to work on /home/airflow/.local/lib/python3.7/site-packages/airflow/example_dags/example_skip_dag.py
[2025-01-29T23:57:49.876+0000] {processor.py:756} INFO - Processing file /home/airflow/.local/lib/python3.7/site-packages/airflow/example_dags/example_skip_dag.py for tasks to queue
[2025-01-29T23:57:49.877+0000] {logging_mixin.py:120} INFO - [2025-01-29T23:57:49.876+0000] {dagbag.py:537} INFO - Filling up the DagBag from /home/airflow/.local/lib/python3.7/site-packages/airflow/example_dags/example_skip_dag.py
[2025-01-29T23:57:49.897+0000] {processor.py:766} INFO - DAG(s) dict_keys(['example_skip_dag']) retrieved from /home/airflow/.local/lib/python3.7/site-packages/airflow/example_dags/example_skip_dag.py
[2025-01-29T23:57:49.967+0000] {logging_mixin.py:120} INFO - [2025-01-29T23:57:49.967+0000] {dag.py:2585} INFO - Sync 1 DAGs
[2025-01-29T23:57:50.001+0000] {logging_mixin.py:120} INFO - [2025-01-29T23:57:50.001+0000] {dag.py:3340} INFO - Setting next_dagrun for example_skip_dag to 2025-01-28T23:57:50.001574+00:00, run_after=2025-01-29T23:57:50.001574+00:00
[2025-01-29T23:57:50.029+0000] {processor.py:176} INFO - Processing /home/airflow/.local/lib/python3.7/site-packages/airflow/example_dags/example_skip_dag.py took 0.158 seconds
[2025-01-29T23:58:20.203+0000] {processor.py:154} INFO - Started process (PID=3266) to work on /home/airflow/.local/lib/python3.7/site-packages/airflow/example_dags/example_skip_dag.py
[2025-01-29T23:58:20.204+0000] {processor.py:756} INFO - Processing file /home/airflow/.local/lib/python3.7/site-packages/airflow/example_dags/example_skip_dag.py for tasks to queue
[2025-01-29T23:58:20.205+0000] {logging_mixin.py:120} INFO - [2025-01-29T23:58:20.205+0000] {dagbag.py:537} INFO - Filling up the DagBag from /home/airflow/.local/lib/python3.7/site-packages/airflow/example_dags/example_skip_dag.py
[2025-01-29T23:58:20.219+0000] {processor.py:766} INFO - DAG(s) dict_keys(['example_skip_dag']) retrieved from /home/airflow/.local/lib/python3.7/site-packages/airflow/example_dags/example_skip_dag.py
[2025-01-29T23:58:20.280+0000] {logging_mixin.py:120} INFO - [2025-01-29T23:58:20.280+0000] {dag.py:2585} INFO - Sync 1 DAGs
[2025-01-29T23:58:20.312+0000] {logging_mixin.py:120} INFO - [2025-01-29T23:58:20.312+0000] {dag.py:3340} INFO - Setting next_dagrun for example_skip_dag to 2025-01-28T23:58:20.312402+00:00, run_after=2025-01-29T23:58:20.312402+00:00
[2025-01-29T23:58:20.341+0000] {processor.py:176} INFO - Processing /home/airflow/.local/lib/python3.7/site-packages/airflow/example_dags/example_skip_dag.py took 0.141 seconds
[2025-01-29T23:58:50.910+0000] {processor.py:154} INFO - Started process (PID=3330) to work on /home/airflow/.local/lib/python3.7/site-packages/airflow/example_dags/example_skip_dag.py
[2025-01-29T23:58:50.911+0000] {processor.py:756} INFO - Processing file /home/airflow/.local/lib/python3.7/site-packages/airflow/example_dags/example_skip_dag.py for tasks to queue
[2025-01-29T23:58:50.912+0000] {logging_mixin.py:120} INFO - [2025-01-29T23:58:50.911+0000] {dagbag.py:537} INFO - Filling up the DagBag from /home/airflow/.local/lib/python3.7/site-packages/airflow/example_dags/example_skip_dag.py
[2025-01-29T23:58:50.925+0000] {processor.py:766} INFO - DAG(s) dict_keys(['example_skip_dag']) retrieved from /home/airflow/.local/lib/python3.7/site-packages/airflow/example_dags/example_skip_dag.py
[2025-01-29T23:58:50.982+0000] {logging_mixin.py:120} INFO - [2025-01-29T23:58:50.982+0000] {dag.py:2585} INFO - Sync 1 DAGs
[2025-01-29T23:58:51.018+0000] {logging_mixin.py:120} INFO - [2025-01-29T23:58:51.018+0000] {dag.py:3340} INFO - Setting next_dagrun for example_skip_dag to 2025-01-28T23:58:51.018251+00:00, run_after=2025-01-29T23:58:51.018251+00:00
[2025-01-29T23:58:51.047+0000] {processor.py:176} INFO - Processing /home/airflow/.local/lib/python3.7/site-packages/airflow/example_dags/example_skip_dag.py took 0.140 seconds
[2025-01-29T23:59:21.553+0000] {processor.py:154} INFO - Started process (PID=3394) to work on /home/airflow/.local/lib/python3.7/site-packages/airflow/example_dags/example_skip_dag.py
[2025-01-29T23:59:21.554+0000] {processor.py:756} INFO - Processing file /home/airflow/.local/lib/python3.7/site-packages/airflow/example_dags/example_skip_dag.py for tasks to queue
[2025-01-29T23:59:21.554+0000] {logging_mixin.py:120} INFO - [2025-01-29T23:59:21.554+0000] {dagbag.py:537} INFO - Filling up the DagBag from /home/airflow/.local/lib/python3.7/site-packages/airflow/example_dags/example_skip_dag.py
[2025-01-29T23:59:21.567+0000] {processor.py:766} INFO - DAG(s) dict_keys(['example_skip_dag']) retrieved from /home/airflow/.local/lib/python3.7/site-packages/airflow/example_dags/example_skip_dag.py
[2025-01-29T23:59:21.624+0000] {logging_mixin.py:120} INFO - [2025-01-29T23:59:21.624+0000] {dag.py:2585} INFO - Sync 1 DAGs
[2025-01-29T23:59:21.664+0000] {logging_mixin.py:120} INFO - [2025-01-29T23:59:21.664+0000] {dag.py:3340} INFO - Setting next_dagrun for example_skip_dag to 2025-01-28T23:59:21.664054+00:00, run_after=2025-01-29T23:59:21.664054+00:00
[2025-01-29T23:59:21.687+0000] {processor.py:176} INFO - Processing /home/airflow/.local/lib/python3.7/site-packages/airflow/example_dags/example_skip_dag.py took 0.138 seconds
[2025-01-29T23:59:51.959+0000] {processor.py:154} INFO - Started process (PID=3449) to work on /home/airflow/.local/lib/python3.7/site-packages/airflow/example_dags/example_skip_dag.py
[2025-01-29T23:59:51.960+0000] {processor.py:756} INFO - Processing file /home/airflow/.local/lib/python3.7/site-packages/airflow/example_dags/example_skip_dag.py for tasks to queue
[2025-01-29T23:59:51.960+0000] {logging_mixin.py:120} INFO - [2025-01-29T23:59:51.960+0000] {dagbag.py:537} INFO - Filling up the DagBag from /home/airflow/.local/lib/python3.7/site-packages/airflow/example_dags/example_skip_dag.py
[2025-01-29T23:59:51.978+0000] {processor.py:766} INFO - DAG(s) dict_keys(['example_skip_dag']) retrieved from /home/airflow/.local/lib/python3.7/site-packages/airflow/example_dags/example_skip_dag.py
[2025-01-29T23:59:52.036+0000] {logging_mixin.py:120} INFO - [2025-01-29T23:59:52.036+0000] {dag.py:2585} INFO - Sync 1 DAGs
[2025-01-29T23:59:52.070+0000] {logging_mixin.py:120} INFO - [2025-01-29T23:59:52.069+0000] {dag.py:3340} INFO - Setting next_dagrun for example_skip_dag to 2025-01-28T23:59:52.069673+00:00, run_after=2025-01-29T23:59:52.069673+00:00
[2025-01-29T23:59:52.093+0000] {processor.py:176} INFO - Processing /home/airflow/.local/lib/python3.7/site-packages/airflow/example_dags/example_skip_dag.py took 0.138 seconds
