[2025-01-29T23:31:49.198+0000] {processor.py:154} INFO - Started process (PID=67) to work on /home/airflow/.local/lib/python3.7/site-packages/airflow/example_dags/example_xcom.py
[2025-01-29T23:31:49.199+0000] {processor.py:756} INFO - Processing file /home/airflow/.local/lib/python3.7/site-packages/airflow/example_dags/example_xcom.py for tasks to queue
[2025-01-29T23:31:49.199+0000] {logging_mixin.py:120} INFO - [2025-01-29T23:31:49.199+0000] {dagbag.py:537} INFO - Filling up the DagBag from /home/airflow/.local/lib/python3.7/site-packages/airflow/example_dags/example_xcom.py
[2025-01-29T23:31:49.228+0000] {processor.py:766} INFO - DAG(s) dict_keys(['example_xcom']) retrieved from /home/airflow/.local/lib/python3.7/site-packages/airflow/example_dags/example_xcom.py
[2025-01-29T23:31:49.412+0000] {logging_mixin.py:120} INFO - [2025-01-29T23:31:49.411+0000] {manager.py:507} INFO - Created Permission View: can read on DAG:example_xcom
[2025-01-29T23:31:49.424+0000] {logging_mixin.py:120} INFO - [2025-01-29T23:31:49.424+0000] {manager.py:507} INFO - Created Permission View: can delete on DAG:example_xcom
[2025-01-29T23:31:49.432+0000] {logging_mixin.py:120} INFO - [2025-01-29T23:31:49.432+0000] {manager.py:507} INFO - Created Permission View: can edit on DAG:example_xcom
[2025-01-29T23:31:49.433+0000] {logging_mixin.py:120} INFO - [2025-01-29T23:31:49.432+0000] {dag.py:2585} INFO - Sync 1 DAGs
[2025-01-29T23:31:49.454+0000] {logging_mixin.py:120} INFO - [2025-01-29T23:31:49.453+0000] {dag.py:2606} INFO - Creating ORM DAG for example_xcom
[2025-01-29T23:31:49.472+0000] {logging_mixin.py:120} INFO - [2025-01-29T23:31:49.472+0000] {dag.py:3340} INFO - Setting next_dagrun for example_xcom to 2021-01-01T00:00:00+00:00, run_after=2021-01-01T00:00:00+00:00
[2025-01-29T23:31:49.501+0000] {processor.py:176} INFO - Processing /home/airflow/.local/lib/python3.7/site-packages/airflow/example_dags/example_xcom.py took 0.306 seconds
[2025-01-29T23:32:19.771+0000] {processor.py:154} INFO - Started process (PID=131) to work on /home/airflow/.local/lib/python3.7/site-packages/airflow/example_dags/example_xcom.py
[2025-01-29T23:32:19.772+0000] {processor.py:756} INFO - Processing file /home/airflow/.local/lib/python3.7/site-packages/airflow/example_dags/example_xcom.py for tasks to queue
[2025-01-29T23:32:19.772+0000] {logging_mixin.py:120} INFO - [2025-01-29T23:32:19.772+0000] {dagbag.py:537} INFO - Filling up the DagBag from /home/airflow/.local/lib/python3.7/site-packages/airflow/example_dags/example_xcom.py
[2025-01-29T23:32:19.795+0000] {processor.py:766} INFO - DAG(s) dict_keys(['example_xcom']) retrieved from /home/airflow/.local/lib/python3.7/site-packages/airflow/example_dags/example_xcom.py
[2025-01-29T23:32:19.858+0000] {logging_mixin.py:120} INFO - [2025-01-29T23:32:19.858+0000] {dag.py:2585} INFO - Sync 1 DAGs
[2025-01-29T23:32:19.894+0000] {logging_mixin.py:120} INFO - [2025-01-29T23:32:19.894+0000] {dag.py:3340} INFO - Setting next_dagrun for example_xcom to 2021-01-01T00:00:00+00:00, run_after=2021-01-01T00:00:00+00:00
[2025-01-29T23:32:19.923+0000] {processor.py:176} INFO - Processing /home/airflow/.local/lib/python3.7/site-packages/airflow/example_dags/example_xcom.py took 0.156 seconds
[2025-01-29T23:32:50.653+0000] {processor.py:154} INFO - Started process (PID=187) to work on /home/airflow/.local/lib/python3.7/site-packages/airflow/example_dags/example_xcom.py
[2025-01-29T23:32:50.653+0000] {processor.py:756} INFO - Processing file /home/airflow/.local/lib/python3.7/site-packages/airflow/example_dags/example_xcom.py for tasks to queue
[2025-01-29T23:32:50.654+0000] {logging_mixin.py:120} INFO - [2025-01-29T23:32:50.654+0000] {dagbag.py:537} INFO - Filling up the DagBag from /home/airflow/.local/lib/python3.7/site-packages/airflow/example_dags/example_xcom.py
[2025-01-29T23:32:50.674+0000] {processor.py:766} INFO - DAG(s) dict_keys(['example_xcom']) retrieved from /home/airflow/.local/lib/python3.7/site-packages/airflow/example_dags/example_xcom.py
[2025-01-29T23:32:50.732+0000] {logging_mixin.py:120} INFO - [2025-01-29T23:32:50.732+0000] {dag.py:2585} INFO - Sync 1 DAGs
[2025-01-29T23:32:50.763+0000] {logging_mixin.py:120} INFO - [2025-01-29T23:32:50.763+0000] {dag.py:3340} INFO - Setting next_dagrun for example_xcom to 2021-01-01T00:00:00+00:00, run_after=2021-01-01T00:00:00+00:00
[2025-01-29T23:32:50.787+0000] {processor.py:176} INFO - Processing /home/airflow/.local/lib/python3.7/site-packages/airflow/example_dags/example_xcom.py took 0.138 seconds
[2025-01-29T23:33:21.143+0000] {processor.py:154} INFO - Started process (PID=251) to work on /home/airflow/.local/lib/python3.7/site-packages/airflow/example_dags/example_xcom.py
[2025-01-29T23:33:21.144+0000] {processor.py:756} INFO - Processing file /home/airflow/.local/lib/python3.7/site-packages/airflow/example_dags/example_xcom.py for tasks to queue
[2025-01-29T23:33:21.145+0000] {logging_mixin.py:120} INFO - [2025-01-29T23:33:21.145+0000] {dagbag.py:537} INFO - Filling up the DagBag from /home/airflow/.local/lib/python3.7/site-packages/airflow/example_dags/example_xcom.py
[2025-01-29T23:33:21.166+0000] {processor.py:766} INFO - DAG(s) dict_keys(['example_xcom']) retrieved from /home/airflow/.local/lib/python3.7/site-packages/airflow/example_dags/example_xcom.py
[2025-01-29T23:33:21.229+0000] {logging_mixin.py:120} INFO - [2025-01-29T23:33:21.229+0000] {dag.py:2585} INFO - Sync 1 DAGs
[2025-01-29T23:33:21.270+0000] {logging_mixin.py:120} INFO - [2025-01-29T23:33:21.270+0000] {dag.py:3340} INFO - Setting next_dagrun for example_xcom to 2021-01-01T00:00:00+00:00, run_after=2021-01-01T00:00:00+00:00
[2025-01-29T23:33:21.316+0000] {processor.py:176} INFO - Processing /home/airflow/.local/lib/python3.7/site-packages/airflow/example_dags/example_xcom.py took 0.176 seconds
[2025-01-29T23:33:51.507+0000] {processor.py:154} INFO - Started process (PID=315) to work on /home/airflow/.local/lib/python3.7/site-packages/airflow/example_dags/example_xcom.py
[2025-01-29T23:33:51.508+0000] {processor.py:756} INFO - Processing file /home/airflow/.local/lib/python3.7/site-packages/airflow/example_dags/example_xcom.py for tasks to queue
[2025-01-29T23:33:51.509+0000] {logging_mixin.py:120} INFO - [2025-01-29T23:33:51.509+0000] {dagbag.py:537} INFO - Filling up the DagBag from /home/airflow/.local/lib/python3.7/site-packages/airflow/example_dags/example_xcom.py
[2025-01-29T23:33:51.535+0000] {processor.py:766} INFO - DAG(s) dict_keys(['example_xcom']) retrieved from /home/airflow/.local/lib/python3.7/site-packages/airflow/example_dags/example_xcom.py
[2025-01-29T23:33:51.602+0000] {logging_mixin.py:120} INFO - [2025-01-29T23:33:51.601+0000] {dag.py:2585} INFO - Sync 1 DAGs
[2025-01-29T23:33:51.638+0000] {logging_mixin.py:120} INFO - [2025-01-29T23:33:51.637+0000] {dag.py:3340} INFO - Setting next_dagrun for example_xcom to 2021-01-01T00:00:00+00:00, run_after=2021-01-01T00:00:00+00:00
[2025-01-29T23:33:51.661+0000] {processor.py:176} INFO - Processing /home/airflow/.local/lib/python3.7/site-packages/airflow/example_dags/example_xcom.py took 0.157 seconds
[2025-01-29T23:34:21.902+0000] {processor.py:154} INFO - Started process (PID=370) to work on /home/airflow/.local/lib/python3.7/site-packages/airflow/example_dags/example_xcom.py
[2025-01-29T23:34:21.902+0000] {processor.py:756} INFO - Processing file /home/airflow/.local/lib/python3.7/site-packages/airflow/example_dags/example_xcom.py for tasks to queue
[2025-01-29T23:34:21.903+0000] {logging_mixin.py:120} INFO - [2025-01-29T23:34:21.903+0000] {dagbag.py:537} INFO - Filling up the DagBag from /home/airflow/.local/lib/python3.7/site-packages/airflow/example_dags/example_xcom.py
[2025-01-29T23:34:21.926+0000] {processor.py:766} INFO - DAG(s) dict_keys(['example_xcom']) retrieved from /home/airflow/.local/lib/python3.7/site-packages/airflow/example_dags/example_xcom.py
[2025-01-29T23:34:21.981+0000] {logging_mixin.py:120} INFO - [2025-01-29T23:34:21.981+0000] {dag.py:2585} INFO - Sync 1 DAGs
[2025-01-29T23:34:22.014+0000] {logging_mixin.py:120} INFO - [2025-01-29T23:34:22.014+0000] {dag.py:3340} INFO - Setting next_dagrun for example_xcom to 2021-01-01T00:00:00+00:00, run_after=2021-01-01T00:00:00+00:00
[2025-01-29T23:34:22.038+0000] {processor.py:176} INFO - Processing /home/airflow/.local/lib/python3.7/site-packages/airflow/example_dags/example_xcom.py took 0.139 seconds
[2025-01-29T23:34:52.193+0000] {processor.py:154} INFO - Started process (PID=433) to work on /home/airflow/.local/lib/python3.7/site-packages/airflow/example_dags/example_xcom.py
[2025-01-29T23:34:52.194+0000] {processor.py:756} INFO - Processing file /home/airflow/.local/lib/python3.7/site-packages/airflow/example_dags/example_xcom.py for tasks to queue
[2025-01-29T23:34:52.195+0000] {logging_mixin.py:120} INFO - [2025-01-29T23:34:52.194+0000] {dagbag.py:537} INFO - Filling up the DagBag from /home/airflow/.local/lib/python3.7/site-packages/airflow/example_dags/example_xcom.py
[2025-01-29T23:34:52.216+0000] {processor.py:766} INFO - DAG(s) dict_keys(['example_xcom']) retrieved from /home/airflow/.local/lib/python3.7/site-packages/airflow/example_dags/example_xcom.py
[2025-01-29T23:34:52.271+0000] {logging_mixin.py:120} INFO - [2025-01-29T23:34:52.271+0000] {dag.py:2585} INFO - Sync 1 DAGs
[2025-01-29T23:34:52.304+0000] {logging_mixin.py:120} INFO - [2025-01-29T23:34:52.304+0000] {dag.py:3340} INFO - Setting next_dagrun for example_xcom to 2021-01-01T00:00:00+00:00, run_after=2021-01-01T00:00:00+00:00
[2025-01-29T23:34:52.329+0000] {processor.py:176} INFO - Processing /home/airflow/.local/lib/python3.7/site-packages/airflow/example_dags/example_xcom.py took 0.139 seconds
[2025-01-29T23:35:22.814+0000] {processor.py:154} INFO - Started process (PID=497) to work on /home/airflow/.local/lib/python3.7/site-packages/airflow/example_dags/example_xcom.py
[2025-01-29T23:35:22.815+0000] {processor.py:756} INFO - Processing file /home/airflow/.local/lib/python3.7/site-packages/airflow/example_dags/example_xcom.py for tasks to queue
[2025-01-29T23:35:22.815+0000] {logging_mixin.py:120} INFO - [2025-01-29T23:35:22.815+0000] {dagbag.py:537} INFO - Filling up the DagBag from /home/airflow/.local/lib/python3.7/site-packages/airflow/example_dags/example_xcom.py
[2025-01-29T23:35:22.837+0000] {processor.py:766} INFO - DAG(s) dict_keys(['example_xcom']) retrieved from /home/airflow/.local/lib/python3.7/site-packages/airflow/example_dags/example_xcom.py
[2025-01-29T23:35:22.897+0000] {logging_mixin.py:120} INFO - [2025-01-29T23:35:22.896+0000] {dag.py:2585} INFO - Sync 1 DAGs
[2025-01-29T23:35:22.930+0000] {logging_mixin.py:120} INFO - [2025-01-29T23:35:22.930+0000] {dag.py:3340} INFO - Setting next_dagrun for example_xcom to 2021-01-01T00:00:00+00:00, run_after=2021-01-01T00:00:00+00:00
[2025-01-29T23:35:22.954+0000] {processor.py:176} INFO - Processing /home/airflow/.local/lib/python3.7/site-packages/airflow/example_dags/example_xcom.py took 0.143 seconds
[2025-01-29T23:35:53.006+0000] {processor.py:154} INFO - Started process (PID=552) to work on /home/airflow/.local/lib/python3.7/site-packages/airflow/example_dags/example_xcom.py
[2025-01-29T23:35:53.007+0000] {processor.py:756} INFO - Processing file /home/airflow/.local/lib/python3.7/site-packages/airflow/example_dags/example_xcom.py for tasks to queue
[2025-01-29T23:35:53.008+0000] {logging_mixin.py:120} INFO - [2025-01-29T23:35:53.008+0000] {dagbag.py:537} INFO - Filling up the DagBag from /home/airflow/.local/lib/python3.7/site-packages/airflow/example_dags/example_xcom.py
[2025-01-29T23:35:53.030+0000] {processor.py:766} INFO - DAG(s) dict_keys(['example_xcom']) retrieved from /home/airflow/.local/lib/python3.7/site-packages/airflow/example_dags/example_xcom.py
[2025-01-29T23:35:53.073+0000] {logging_mixin.py:120} INFO - [2025-01-29T23:35:53.073+0000] {dag.py:2585} INFO - Sync 1 DAGs
[2025-01-29T23:35:53.107+0000] {logging_mixin.py:120} INFO - [2025-01-29T23:35:53.106+0000] {dag.py:3340} INFO - Setting next_dagrun for example_xcom to 2021-01-01T00:00:00+00:00, run_after=2021-01-01T00:00:00+00:00
[2025-01-29T23:35:53.132+0000] {processor.py:176} INFO - Processing /home/airflow/.local/lib/python3.7/site-packages/airflow/example_dags/example_xcom.py took 0.129 seconds
[2025-01-29T23:36:23.433+0000] {processor.py:154} INFO - Started process (PID=616) to work on /home/airflow/.local/lib/python3.7/site-packages/airflow/example_dags/example_xcom.py
[2025-01-29T23:36:23.434+0000] {processor.py:756} INFO - Processing file /home/airflow/.local/lib/python3.7/site-packages/airflow/example_dags/example_xcom.py for tasks to queue
[2025-01-29T23:36:23.435+0000] {logging_mixin.py:120} INFO - [2025-01-29T23:36:23.435+0000] {dagbag.py:537} INFO - Filling up the DagBag from /home/airflow/.local/lib/python3.7/site-packages/airflow/example_dags/example_xcom.py
[2025-01-29T23:36:23.456+0000] {processor.py:766} INFO - DAG(s) dict_keys(['example_xcom']) retrieved from /home/airflow/.local/lib/python3.7/site-packages/airflow/example_dags/example_xcom.py
[2025-01-29T23:36:23.513+0000] {logging_mixin.py:120} INFO - [2025-01-29T23:36:23.513+0000] {dag.py:2585} INFO - Sync 1 DAGs
[2025-01-29T23:36:23.548+0000] {logging_mixin.py:120} INFO - [2025-01-29T23:36:23.547+0000] {dag.py:3340} INFO - Setting next_dagrun for example_xcom to 2021-01-01T00:00:00+00:00, run_after=2021-01-01T00:00:00+00:00
[2025-01-29T23:36:23.574+0000] {processor.py:176} INFO - Processing /home/airflow/.local/lib/python3.7/site-packages/airflow/example_dags/example_xcom.py took 0.143 seconds
[2025-01-29T23:36:53.799+0000] {processor.py:154} INFO - Started process (PID=680) to work on /home/airflow/.local/lib/python3.7/site-packages/airflow/example_dags/example_xcom.py
[2025-01-29T23:36:53.799+0000] {processor.py:756} INFO - Processing file /home/airflow/.local/lib/python3.7/site-packages/airflow/example_dags/example_xcom.py for tasks to queue
[2025-01-29T23:36:53.800+0000] {logging_mixin.py:120} INFO - [2025-01-29T23:36:53.800+0000] {dagbag.py:537} INFO - Filling up the DagBag from /home/airflow/.local/lib/python3.7/site-packages/airflow/example_dags/example_xcom.py
[2025-01-29T23:36:53.821+0000] {processor.py:766} INFO - DAG(s) dict_keys(['example_xcom']) retrieved from /home/airflow/.local/lib/python3.7/site-packages/airflow/example_dags/example_xcom.py
[2025-01-29T23:36:53.883+0000] {logging_mixin.py:120} INFO - [2025-01-29T23:36:53.883+0000] {dag.py:2585} INFO - Sync 1 DAGs
[2025-01-29T23:36:53.917+0000] {logging_mixin.py:120} INFO - [2025-01-29T23:36:53.917+0000] {dag.py:3340} INFO - Setting next_dagrun for example_xcom to 2021-01-01T00:00:00+00:00, run_after=2021-01-01T00:00:00+00:00
[2025-01-29T23:36:53.939+0000] {processor.py:176} INFO - Processing /home/airflow/.local/lib/python3.7/site-packages/airflow/example_dags/example_xcom.py took 0.144 seconds
[2025-01-29T23:37:24.250+0000] {processor.py:154} INFO - Started process (PID=735) to work on /home/airflow/.local/lib/python3.7/site-packages/airflow/example_dags/example_xcom.py
[2025-01-29T23:37:24.251+0000] {processor.py:756} INFO - Processing file /home/airflow/.local/lib/python3.7/site-packages/airflow/example_dags/example_xcom.py for tasks to queue
[2025-01-29T23:37:24.252+0000] {logging_mixin.py:120} INFO - [2025-01-29T23:37:24.251+0000] {dagbag.py:537} INFO - Filling up the DagBag from /home/airflow/.local/lib/python3.7/site-packages/airflow/example_dags/example_xcom.py
[2025-01-29T23:37:24.277+0000] {processor.py:766} INFO - DAG(s) dict_keys(['example_xcom']) retrieved from /home/airflow/.local/lib/python3.7/site-packages/airflow/example_dags/example_xcom.py
[2025-01-29T23:37:24.331+0000] {logging_mixin.py:120} INFO - [2025-01-29T23:37:24.331+0000] {dag.py:2585} INFO - Sync 1 DAGs
[2025-01-29T23:37:24.361+0000] {logging_mixin.py:120} INFO - [2025-01-29T23:37:24.360+0000] {dag.py:3340} INFO - Setting next_dagrun for example_xcom to 2021-01-01T00:00:00+00:00, run_after=2021-01-01T00:00:00+00:00
[2025-01-29T23:37:24.383+0000] {processor.py:176} INFO - Processing /home/airflow/.local/lib/python3.7/site-packages/airflow/example_dags/example_xcom.py took 0.135 seconds
[2025-01-29T23:37:54.784+0000] {processor.py:154} INFO - Started process (PID=799) to work on /home/airflow/.local/lib/python3.7/site-packages/airflow/example_dags/example_xcom.py
[2025-01-29T23:37:54.785+0000] {processor.py:756} INFO - Processing file /home/airflow/.local/lib/python3.7/site-packages/airflow/example_dags/example_xcom.py for tasks to queue
[2025-01-29T23:37:54.786+0000] {logging_mixin.py:120} INFO - [2025-01-29T23:37:54.786+0000] {dagbag.py:537} INFO - Filling up the DagBag from /home/airflow/.local/lib/python3.7/site-packages/airflow/example_dags/example_xcom.py
[2025-01-29T23:37:54.809+0000] {processor.py:766} INFO - DAG(s) dict_keys(['example_xcom']) retrieved from /home/airflow/.local/lib/python3.7/site-packages/airflow/example_dags/example_xcom.py
[2025-01-29T23:37:54.865+0000] {logging_mixin.py:120} INFO - [2025-01-29T23:37:54.864+0000] {dag.py:2585} INFO - Sync 1 DAGs
[2025-01-29T23:37:54.897+0000] {logging_mixin.py:120} INFO - [2025-01-29T23:37:54.896+0000] {dag.py:3340} INFO - Setting next_dagrun for example_xcom to 2021-01-01T00:00:00+00:00, run_after=2021-01-01T00:00:00+00:00
[2025-01-29T23:37:54.919+0000] {processor.py:176} INFO - Processing /home/airflow/.local/lib/python3.7/site-packages/airflow/example_dags/example_xcom.py took 0.138 seconds
[2025-01-29T23:38:25.231+0000] {processor.py:154} INFO - Started process (PID=863) to work on /home/airflow/.local/lib/python3.7/site-packages/airflow/example_dags/example_xcom.py
[2025-01-29T23:38:25.232+0000] {processor.py:756} INFO - Processing file /home/airflow/.local/lib/python3.7/site-packages/airflow/example_dags/example_xcom.py for tasks to queue
[2025-01-29T23:38:25.233+0000] {logging_mixin.py:120} INFO - [2025-01-29T23:38:25.233+0000] {dagbag.py:537} INFO - Filling up the DagBag from /home/airflow/.local/lib/python3.7/site-packages/airflow/example_dags/example_xcom.py
[2025-01-29T23:38:25.255+0000] {processor.py:766} INFO - DAG(s) dict_keys(['example_xcom']) retrieved from /home/airflow/.local/lib/python3.7/site-packages/airflow/example_dags/example_xcom.py
[2025-01-29T23:38:25.308+0000] {logging_mixin.py:120} INFO - [2025-01-29T23:38:25.307+0000] {dag.py:2585} INFO - Sync 1 DAGs
[2025-01-29T23:38:25.339+0000] {logging_mixin.py:120} INFO - [2025-01-29T23:38:25.338+0000] {dag.py:3340} INFO - Setting next_dagrun for example_xcom to 2021-01-01T00:00:00+00:00, run_after=2021-01-01T00:00:00+00:00
[2025-01-29T23:38:25.361+0000] {processor.py:176} INFO - Processing /home/airflow/.local/lib/python3.7/site-packages/airflow/example_dags/example_xcom.py took 0.133 seconds
[2025-01-29T23:38:55.651+0000] {processor.py:154} INFO - Started process (PID=927) to work on /home/airflow/.local/lib/python3.7/site-packages/airflow/example_dags/example_xcom.py
[2025-01-29T23:38:55.652+0000] {processor.py:756} INFO - Processing file /home/airflow/.local/lib/python3.7/site-packages/airflow/example_dags/example_xcom.py for tasks to queue
[2025-01-29T23:38:55.653+0000] {logging_mixin.py:120} INFO - [2025-01-29T23:38:55.653+0000] {dagbag.py:537} INFO - Filling up the DagBag from /home/airflow/.local/lib/python3.7/site-packages/airflow/example_dags/example_xcom.py
[2025-01-29T23:38:55.674+0000] {processor.py:766} INFO - DAG(s) dict_keys(['example_xcom']) retrieved from /home/airflow/.local/lib/python3.7/site-packages/airflow/example_dags/example_xcom.py
[2025-01-29T23:38:55.734+0000] {logging_mixin.py:120} INFO - [2025-01-29T23:38:55.734+0000] {dag.py:2585} INFO - Sync 1 DAGs
[2025-01-29T23:38:55.784+0000] {logging_mixin.py:120} INFO - [2025-01-29T23:38:55.784+0000] {dag.py:3340} INFO - Setting next_dagrun for example_xcom to 2021-01-01T00:00:00+00:00, run_after=2021-01-01T00:00:00+00:00
[2025-01-29T23:38:55.812+0000] {processor.py:176} INFO - Processing /home/airflow/.local/lib/python3.7/site-packages/airflow/example_dags/example_xcom.py took 0.164 seconds
[2025-01-29T23:39:26.575+0000] {processor.py:154} INFO - Started process (PID=982) to work on /home/airflow/.local/lib/python3.7/site-packages/airflow/example_dags/example_xcom.py
[2025-01-29T23:39:26.576+0000] {processor.py:756} INFO - Processing file /home/airflow/.local/lib/python3.7/site-packages/airflow/example_dags/example_xcom.py for tasks to queue
[2025-01-29T23:39:26.577+0000] {logging_mixin.py:120} INFO - [2025-01-29T23:39:26.577+0000] {dagbag.py:537} INFO - Filling up the DagBag from /home/airflow/.local/lib/python3.7/site-packages/airflow/example_dags/example_xcom.py
[2025-01-29T23:39:26.605+0000] {processor.py:766} INFO - DAG(s) dict_keys(['example_xcom']) retrieved from /home/airflow/.local/lib/python3.7/site-packages/airflow/example_dags/example_xcom.py
[2025-01-29T23:39:26.661+0000] {logging_mixin.py:120} INFO - [2025-01-29T23:39:26.660+0000] {dag.py:2585} INFO - Sync 1 DAGs
[2025-01-29T23:39:26.690+0000] {logging_mixin.py:120} INFO - [2025-01-29T23:39:26.690+0000] {dag.py:3340} INFO - Setting next_dagrun for example_xcom to 2021-01-01T00:00:00+00:00, run_after=2021-01-01T00:00:00+00:00
[2025-01-29T23:39:26.712+0000] {processor.py:176} INFO - Processing /home/airflow/.local/lib/python3.7/site-packages/airflow/example_dags/example_xcom.py took 0.141 seconds
[2025-01-29T23:39:57.109+0000] {processor.py:154} INFO - Started process (PID=1046) to work on /home/airflow/.local/lib/python3.7/site-packages/airflow/example_dags/example_xcom.py
[2025-01-29T23:39:57.110+0000] {processor.py:756} INFO - Processing file /home/airflow/.local/lib/python3.7/site-packages/airflow/example_dags/example_xcom.py for tasks to queue
[2025-01-29T23:39:57.111+0000] {logging_mixin.py:120} INFO - [2025-01-29T23:39:57.111+0000] {dagbag.py:537} INFO - Filling up the DagBag from /home/airflow/.local/lib/python3.7/site-packages/airflow/example_dags/example_xcom.py
[2025-01-29T23:39:57.135+0000] {processor.py:766} INFO - DAG(s) dict_keys(['example_xcom']) retrieved from /home/airflow/.local/lib/python3.7/site-packages/airflow/example_dags/example_xcom.py
[2025-01-29T23:39:57.199+0000] {logging_mixin.py:120} INFO - [2025-01-29T23:39:57.199+0000] {dag.py:2585} INFO - Sync 1 DAGs
[2025-01-29T23:39:57.233+0000] {logging_mixin.py:120} INFO - [2025-01-29T23:39:57.232+0000] {dag.py:3340} INFO - Setting next_dagrun for example_xcom to 2021-01-01T00:00:00+00:00, run_after=2021-01-01T00:00:00+00:00
[2025-01-29T23:39:57.263+0000] {processor.py:176} INFO - Processing /home/airflow/.local/lib/python3.7/site-packages/airflow/example_dags/example_xcom.py took 0.156 seconds
[2025-01-29T23:40:27.569+0000] {processor.py:154} INFO - Started process (PID=1110) to work on /home/airflow/.local/lib/python3.7/site-packages/airflow/example_dags/example_xcom.py
[2025-01-29T23:40:27.570+0000] {processor.py:756} INFO - Processing file /home/airflow/.local/lib/python3.7/site-packages/airflow/example_dags/example_xcom.py for tasks to queue
[2025-01-29T23:40:27.570+0000] {logging_mixin.py:120} INFO - [2025-01-29T23:40:27.570+0000] {dagbag.py:537} INFO - Filling up the DagBag from /home/airflow/.local/lib/python3.7/site-packages/airflow/example_dags/example_xcom.py
[2025-01-29T23:40:27.592+0000] {processor.py:766} INFO - DAG(s) dict_keys(['example_xcom']) retrieved from /home/airflow/.local/lib/python3.7/site-packages/airflow/example_dags/example_xcom.py
[2025-01-29T23:40:27.652+0000] {logging_mixin.py:120} INFO - [2025-01-29T23:40:27.651+0000] {dag.py:2585} INFO - Sync 1 DAGs
[2025-01-29T23:40:27.685+0000] {logging_mixin.py:120} INFO - [2025-01-29T23:40:27.685+0000] {dag.py:3340} INFO - Setting next_dagrun for example_xcom to 2021-01-01T00:00:00+00:00, run_after=2021-01-01T00:00:00+00:00
[2025-01-29T23:40:27.708+0000] {processor.py:176} INFO - Processing /home/airflow/.local/lib/python3.7/site-packages/airflow/example_dags/example_xcom.py took 0.142 seconds
[2025-01-29T23:40:57.944+0000] {processor.py:154} INFO - Started process (PID=1165) to work on /home/airflow/.local/lib/python3.7/site-packages/airflow/example_dags/example_xcom.py
[2025-01-29T23:40:57.945+0000] {processor.py:756} INFO - Processing file /home/airflow/.local/lib/python3.7/site-packages/airflow/example_dags/example_xcom.py for tasks to queue
[2025-01-29T23:40:57.946+0000] {logging_mixin.py:120} INFO - [2025-01-29T23:40:57.946+0000] {dagbag.py:537} INFO - Filling up the DagBag from /home/airflow/.local/lib/python3.7/site-packages/airflow/example_dags/example_xcom.py
[2025-01-29T23:40:57.967+0000] {processor.py:766} INFO - DAG(s) dict_keys(['example_xcom']) retrieved from /home/airflow/.local/lib/python3.7/site-packages/airflow/example_dags/example_xcom.py
[2025-01-29T23:40:58.022+0000] {logging_mixin.py:120} INFO - [2025-01-29T23:40:58.022+0000] {dag.py:2585} INFO - Sync 1 DAGs
[2025-01-29T23:40:58.054+0000] {logging_mixin.py:120} INFO - [2025-01-29T23:40:58.053+0000] {dag.py:3340} INFO - Setting next_dagrun for example_xcom to 2021-01-01T00:00:00+00:00, run_after=2021-01-01T00:00:00+00:00
[2025-01-29T23:40:58.075+0000] {processor.py:176} INFO - Processing /home/airflow/.local/lib/python3.7/site-packages/airflow/example_dags/example_xcom.py took 0.133 seconds
[2025-01-29T23:41:28.624+0000] {processor.py:154} INFO - Started process (PID=1229) to work on /home/airflow/.local/lib/python3.7/site-packages/airflow/example_dags/example_xcom.py
[2025-01-29T23:41:28.625+0000] {processor.py:756} INFO - Processing file /home/airflow/.local/lib/python3.7/site-packages/airflow/example_dags/example_xcom.py for tasks to queue
[2025-01-29T23:41:28.626+0000] {logging_mixin.py:120} INFO - [2025-01-29T23:41:28.626+0000] {dagbag.py:537} INFO - Filling up the DagBag from /home/airflow/.local/lib/python3.7/site-packages/airflow/example_dags/example_xcom.py
[2025-01-29T23:41:28.654+0000] {processor.py:766} INFO - DAG(s) dict_keys(['example_xcom']) retrieved from /home/airflow/.local/lib/python3.7/site-packages/airflow/example_dags/example_xcom.py
[2025-01-29T23:41:28.729+0000] {logging_mixin.py:120} INFO - [2025-01-29T23:41:28.729+0000] {dag.py:2585} INFO - Sync 1 DAGs
[2025-01-29T23:41:28.766+0000] {logging_mixin.py:120} INFO - [2025-01-29T23:41:28.766+0000] {dag.py:3340} INFO - Setting next_dagrun for example_xcom to 2021-01-01T00:00:00+00:00, run_after=2021-01-01T00:00:00+00:00
[2025-01-29T23:41:28.794+0000] {processor.py:176} INFO - Processing /home/airflow/.local/lib/python3.7/site-packages/airflow/example_dags/example_xcom.py took 0.175 seconds
[2025-01-29T23:41:59.549+0000] {processor.py:154} INFO - Started process (PID=1294) to work on /home/airflow/.local/lib/python3.7/site-packages/airflow/example_dags/example_xcom.py
[2025-01-29T23:41:59.550+0000] {processor.py:756} INFO - Processing file /home/airflow/.local/lib/python3.7/site-packages/airflow/example_dags/example_xcom.py for tasks to queue
[2025-01-29T23:41:59.551+0000] {logging_mixin.py:120} INFO - [2025-01-29T23:41:59.550+0000] {dagbag.py:537} INFO - Filling up the DagBag from /home/airflow/.local/lib/python3.7/site-packages/airflow/example_dags/example_xcom.py
[2025-01-29T23:41:59.572+0000] {processor.py:766} INFO - DAG(s) dict_keys(['example_xcom']) retrieved from /home/airflow/.local/lib/python3.7/site-packages/airflow/example_dags/example_xcom.py
[2025-01-29T23:41:59.628+0000] {logging_mixin.py:120} INFO - [2025-01-29T23:41:59.627+0000] {dag.py:2585} INFO - Sync 1 DAGs
[2025-01-29T23:41:59.658+0000] {logging_mixin.py:120} INFO - [2025-01-29T23:41:59.658+0000] {dag.py:3340} INFO - Setting next_dagrun for example_xcom to 2021-01-01T00:00:00+00:00, run_after=2021-01-01T00:00:00+00:00
[2025-01-29T23:41:59.681+0000] {processor.py:176} INFO - Processing /home/airflow/.local/lib/python3.7/site-packages/airflow/example_dags/example_xcom.py took 0.135 seconds
[2025-01-29T23:42:30.246+0000] {processor.py:154} INFO - Started process (PID=1358) to work on /home/airflow/.local/lib/python3.7/site-packages/airflow/example_dags/example_xcom.py
[2025-01-29T23:42:30.247+0000] {processor.py:756} INFO - Processing file /home/airflow/.local/lib/python3.7/site-packages/airflow/example_dags/example_xcom.py for tasks to queue
[2025-01-29T23:42:30.248+0000] {logging_mixin.py:120} INFO - [2025-01-29T23:42:30.248+0000] {dagbag.py:537} INFO - Filling up the DagBag from /home/airflow/.local/lib/python3.7/site-packages/airflow/example_dags/example_xcom.py
[2025-01-29T23:42:30.277+0000] {processor.py:766} INFO - DAG(s) dict_keys(['example_xcom']) retrieved from /home/airflow/.local/lib/python3.7/site-packages/airflow/example_dags/example_xcom.py
[2025-01-29T23:42:30.348+0000] {logging_mixin.py:120} INFO - [2025-01-29T23:42:30.348+0000] {dag.py:2585} INFO - Sync 1 DAGs
[2025-01-29T23:42:30.387+0000] {logging_mixin.py:120} INFO - [2025-01-29T23:42:30.387+0000] {dag.py:3340} INFO - Setting next_dagrun for example_xcom to 2021-01-01T00:00:00+00:00, run_after=2021-01-01T00:00:00+00:00
[2025-01-29T23:42:30.416+0000] {processor.py:176} INFO - Processing /home/airflow/.local/lib/python3.7/site-packages/airflow/example_dags/example_xcom.py took 0.173 seconds
[2025-01-29T23:43:01.058+0000] {processor.py:154} INFO - Started process (PID=1414) to work on /home/airflow/.local/lib/python3.7/site-packages/airflow/example_dags/example_xcom.py
[2025-01-29T23:43:01.059+0000] {processor.py:756} INFO - Processing file /home/airflow/.local/lib/python3.7/site-packages/airflow/example_dags/example_xcom.py for tasks to queue
[2025-01-29T23:43:01.059+0000] {logging_mixin.py:120} INFO - [2025-01-29T23:43:01.059+0000] {dagbag.py:537} INFO - Filling up the DagBag from /home/airflow/.local/lib/python3.7/site-packages/airflow/example_dags/example_xcom.py
[2025-01-29T23:43:01.080+0000] {processor.py:766} INFO - DAG(s) dict_keys(['example_xcom']) retrieved from /home/airflow/.local/lib/python3.7/site-packages/airflow/example_dags/example_xcom.py
[2025-01-29T23:43:01.139+0000] {logging_mixin.py:120} INFO - [2025-01-29T23:43:01.139+0000] {dag.py:2585} INFO - Sync 1 DAGs
[2025-01-29T23:43:01.175+0000] {logging_mixin.py:120} INFO - [2025-01-29T23:43:01.175+0000] {dag.py:3340} INFO - Setting next_dagrun for example_xcom to 2021-01-01T00:00:00+00:00, run_after=2021-01-01T00:00:00+00:00
[2025-01-29T23:43:01.201+0000] {processor.py:176} INFO - Processing /home/airflow/.local/lib/python3.7/site-packages/airflow/example_dags/example_xcom.py took 0.146 seconds
[2025-01-29T23:43:32.045+0000] {processor.py:154} INFO - Started process (PID=1478) to work on /home/airflow/.local/lib/python3.7/site-packages/airflow/example_dags/example_xcom.py
[2025-01-29T23:43:32.046+0000] {processor.py:756} INFO - Processing file /home/airflow/.local/lib/python3.7/site-packages/airflow/example_dags/example_xcom.py for tasks to queue
[2025-01-29T23:43:32.047+0000] {logging_mixin.py:120} INFO - [2025-01-29T23:43:32.047+0000] {dagbag.py:537} INFO - Filling up the DagBag from /home/airflow/.local/lib/python3.7/site-packages/airflow/example_dags/example_xcom.py
[2025-01-29T23:43:32.066+0000] {processor.py:766} INFO - DAG(s) dict_keys(['example_xcom']) retrieved from /home/airflow/.local/lib/python3.7/site-packages/airflow/example_dags/example_xcom.py
[2025-01-29T23:43:32.124+0000] {logging_mixin.py:120} INFO - [2025-01-29T23:43:32.123+0000] {dag.py:2585} INFO - Sync 1 DAGs
[2025-01-29T23:43:32.155+0000] {logging_mixin.py:120} INFO - [2025-01-29T23:43:32.154+0000] {dag.py:3340} INFO - Setting next_dagrun for example_xcom to 2021-01-01T00:00:00+00:00, run_after=2021-01-01T00:00:00+00:00
[2025-01-29T23:43:32.178+0000] {processor.py:176} INFO - Processing /home/airflow/.local/lib/python3.7/site-packages/airflow/example_dags/example_xcom.py took 0.136 seconds
[2025-01-29T23:44:02.576+0000] {processor.py:154} INFO - Started process (PID=1542) to work on /home/airflow/.local/lib/python3.7/site-packages/airflow/example_dags/example_xcom.py
[2025-01-29T23:44:02.577+0000] {processor.py:756} INFO - Processing file /home/airflow/.local/lib/python3.7/site-packages/airflow/example_dags/example_xcom.py for tasks to queue
[2025-01-29T23:44:02.578+0000] {logging_mixin.py:120} INFO - [2025-01-29T23:44:02.578+0000] {dagbag.py:537} INFO - Filling up the DagBag from /home/airflow/.local/lib/python3.7/site-packages/airflow/example_dags/example_xcom.py
[2025-01-29T23:44:02.604+0000] {processor.py:766} INFO - DAG(s) dict_keys(['example_xcom']) retrieved from /home/airflow/.local/lib/python3.7/site-packages/airflow/example_dags/example_xcom.py
[2025-01-29T23:44:02.660+0000] {logging_mixin.py:120} INFO - [2025-01-29T23:44:02.659+0000] {dag.py:2585} INFO - Sync 1 DAGs
[2025-01-29T23:44:02.690+0000] {logging_mixin.py:120} INFO - [2025-01-29T23:44:02.690+0000] {dag.py:3340} INFO - Setting next_dagrun for example_xcom to 2021-01-01T00:00:00+00:00, run_after=2021-01-01T00:00:00+00:00
[2025-01-29T23:44:02.713+0000] {processor.py:176} INFO - Processing /home/airflow/.local/lib/python3.7/site-packages/airflow/example_dags/example_xcom.py took 0.140 seconds
[2025-01-29T23:44:33.121+0000] {processor.py:154} INFO - Started process (PID=1597) to work on /home/airflow/.local/lib/python3.7/site-packages/airflow/example_dags/example_xcom.py
[2025-01-29T23:44:33.122+0000] {processor.py:756} INFO - Processing file /home/airflow/.local/lib/python3.7/site-packages/airflow/example_dags/example_xcom.py for tasks to queue
[2025-01-29T23:44:33.123+0000] {logging_mixin.py:120} INFO - [2025-01-29T23:44:33.123+0000] {dagbag.py:537} INFO - Filling up the DagBag from /home/airflow/.local/lib/python3.7/site-packages/airflow/example_dags/example_xcom.py
[2025-01-29T23:44:33.143+0000] {processor.py:766} INFO - DAG(s) dict_keys(['example_xcom']) retrieved from /home/airflow/.local/lib/python3.7/site-packages/airflow/example_dags/example_xcom.py
[2025-01-29T23:44:33.197+0000] {logging_mixin.py:120} INFO - [2025-01-29T23:44:33.197+0000] {dag.py:2585} INFO - Sync 1 DAGs
[2025-01-29T23:44:33.229+0000] {logging_mixin.py:120} INFO - [2025-01-29T23:44:33.228+0000] {dag.py:3340} INFO - Setting next_dagrun for example_xcom to 2021-01-01T00:00:00+00:00, run_after=2021-01-01T00:00:00+00:00
[2025-01-29T23:44:33.250+0000] {processor.py:176} INFO - Processing /home/airflow/.local/lib/python3.7/site-packages/airflow/example_dags/example_xcom.py took 0.132 seconds
[2025-01-29T23:45:03.515+0000] {processor.py:154} INFO - Started process (PID=1661) to work on /home/airflow/.local/lib/python3.7/site-packages/airflow/example_dags/example_xcom.py
[2025-01-29T23:45:03.516+0000] {processor.py:756} INFO - Processing file /home/airflow/.local/lib/python3.7/site-packages/airflow/example_dags/example_xcom.py for tasks to queue
[2025-01-29T23:45:03.517+0000] {logging_mixin.py:120} INFO - [2025-01-29T23:45:03.516+0000] {dagbag.py:537} INFO - Filling up the DagBag from /home/airflow/.local/lib/python3.7/site-packages/airflow/example_dags/example_xcom.py
[2025-01-29T23:45:03.537+0000] {processor.py:766} INFO - DAG(s) dict_keys(['example_xcom']) retrieved from /home/airflow/.local/lib/python3.7/site-packages/airflow/example_dags/example_xcom.py
[2025-01-29T23:45:03.596+0000] {logging_mixin.py:120} INFO - [2025-01-29T23:45:03.596+0000] {dag.py:2585} INFO - Sync 1 DAGs
[2025-01-29T23:45:03.628+0000] {logging_mixin.py:120} INFO - [2025-01-29T23:45:03.627+0000] {dag.py:3340} INFO - Setting next_dagrun for example_xcom to 2021-01-01T00:00:00+00:00, run_after=2021-01-01T00:00:00+00:00
[2025-01-29T23:45:03.652+0000] {processor.py:176} INFO - Processing /home/airflow/.local/lib/python3.7/site-packages/airflow/example_dags/example_xcom.py took 0.139 seconds
[2025-01-29T23:45:34.221+0000] {processor.py:154} INFO - Started process (PID=1725) to work on /home/airflow/.local/lib/python3.7/site-packages/airflow/example_dags/example_xcom.py
[2025-01-29T23:45:34.222+0000] {processor.py:756} INFO - Processing file /home/airflow/.local/lib/python3.7/site-packages/airflow/example_dags/example_xcom.py for tasks to queue
[2025-01-29T23:45:34.223+0000] {logging_mixin.py:120} INFO - [2025-01-29T23:45:34.222+0000] {dagbag.py:537} INFO - Filling up the DagBag from /home/airflow/.local/lib/python3.7/site-packages/airflow/example_dags/example_xcom.py
[2025-01-29T23:45:34.243+0000] {processor.py:766} INFO - DAG(s) dict_keys(['example_xcom']) retrieved from /home/airflow/.local/lib/python3.7/site-packages/airflow/example_dags/example_xcom.py
[2025-01-29T23:45:34.298+0000] {logging_mixin.py:120} INFO - [2025-01-29T23:45:34.298+0000] {dag.py:2585} INFO - Sync 1 DAGs
[2025-01-29T23:45:34.328+0000] {logging_mixin.py:120} INFO - [2025-01-29T23:45:34.327+0000] {dag.py:3340} INFO - Setting next_dagrun for example_xcom to 2021-01-01T00:00:00+00:00, run_after=2021-01-01T00:00:00+00:00
[2025-01-29T23:45:34.352+0000] {processor.py:176} INFO - Processing /home/airflow/.local/lib/python3.7/site-packages/airflow/example_dags/example_xcom.py took 0.133 seconds
[2025-01-29T23:46:04.709+0000] {processor.py:154} INFO - Started process (PID=1787) to work on /home/airflow/.local/lib/python3.7/site-packages/airflow/example_dags/example_xcom.py
[2025-01-29T23:46:04.710+0000] {processor.py:756} INFO - Processing file /home/airflow/.local/lib/python3.7/site-packages/airflow/example_dags/example_xcom.py for tasks to queue
[2025-01-29T23:46:04.711+0000] {logging_mixin.py:120} INFO - [2025-01-29T23:46:04.710+0000] {dagbag.py:537} INFO - Filling up the DagBag from /home/airflow/.local/lib/python3.7/site-packages/airflow/example_dags/example_xcom.py
[2025-01-29T23:46:04.734+0000] {processor.py:766} INFO - DAG(s) dict_keys(['example_xcom']) retrieved from /home/airflow/.local/lib/python3.7/site-packages/airflow/example_dags/example_xcom.py
[2025-01-29T23:46:04.792+0000] {logging_mixin.py:120} INFO - [2025-01-29T23:46:04.792+0000] {dag.py:2585} INFO - Sync 1 DAGs
[2025-01-29T23:46:04.824+0000] {logging_mixin.py:120} INFO - [2025-01-29T23:46:04.824+0000] {dag.py:3340} INFO - Setting next_dagrun for example_xcom to 2021-01-01T00:00:00+00:00, run_after=2021-01-01T00:00:00+00:00
[2025-01-29T23:46:04.851+0000] {processor.py:176} INFO - Processing /home/airflow/.local/lib/python3.7/site-packages/airflow/example_dags/example_xcom.py took 0.145 seconds
[2025-01-29T23:46:35.390+0000] {processor.py:154} INFO - Started process (PID=1844) to work on /home/airflow/.local/lib/python3.7/site-packages/airflow/example_dags/example_xcom.py
[2025-01-29T23:46:35.391+0000] {processor.py:756} INFO - Processing file /home/airflow/.local/lib/python3.7/site-packages/airflow/example_dags/example_xcom.py for tasks to queue
[2025-01-29T23:46:35.392+0000] {logging_mixin.py:120} INFO - [2025-01-29T23:46:35.392+0000] {dagbag.py:537} INFO - Filling up the DagBag from /home/airflow/.local/lib/python3.7/site-packages/airflow/example_dags/example_xcom.py
[2025-01-29T23:46:35.415+0000] {processor.py:766} INFO - DAG(s) dict_keys(['example_xcom']) retrieved from /home/airflow/.local/lib/python3.7/site-packages/airflow/example_dags/example_xcom.py
[2025-01-29T23:46:35.480+0000] {logging_mixin.py:120} INFO - [2025-01-29T23:46:35.480+0000] {dag.py:2585} INFO - Sync 1 DAGs
[2025-01-29T23:46:35.513+0000] {logging_mixin.py:120} INFO - [2025-01-29T23:46:35.513+0000] {dag.py:3340} INFO - Setting next_dagrun for example_xcom to 2021-01-01T00:00:00+00:00, run_after=2021-01-01T00:00:00+00:00
[2025-01-29T23:46:35.537+0000] {processor.py:176} INFO - Processing /home/airflow/.local/lib/python3.7/site-packages/airflow/example_dags/example_xcom.py took 0.150 seconds
[2025-01-29T23:47:05.638+0000] {processor.py:154} INFO - Started process (PID=1908) to work on /home/airflow/.local/lib/python3.7/site-packages/airflow/example_dags/example_xcom.py
[2025-01-29T23:47:05.638+0000] {processor.py:756} INFO - Processing file /home/airflow/.local/lib/python3.7/site-packages/airflow/example_dags/example_xcom.py for tasks to queue
[2025-01-29T23:47:05.639+0000] {logging_mixin.py:120} INFO - [2025-01-29T23:47:05.639+0000] {dagbag.py:537} INFO - Filling up the DagBag from /home/airflow/.local/lib/python3.7/site-packages/airflow/example_dags/example_xcom.py
[2025-01-29T23:47:05.662+0000] {processor.py:766} INFO - DAG(s) dict_keys(['example_xcom']) retrieved from /home/airflow/.local/lib/python3.7/site-packages/airflow/example_dags/example_xcom.py
[2025-01-29T23:47:05.722+0000] {logging_mixin.py:120} INFO - [2025-01-29T23:47:05.722+0000] {dag.py:2585} INFO - Sync 1 DAGs
[2025-01-29T23:47:05.759+0000] {logging_mixin.py:120} INFO - [2025-01-29T23:47:05.759+0000] {dag.py:3340} INFO - Setting next_dagrun for example_xcom to 2021-01-01T00:00:00+00:00, run_after=2021-01-01T00:00:00+00:00
[2025-01-29T23:47:05.782+0000] {processor.py:176} INFO - Processing /home/airflow/.local/lib/python3.7/site-packages/airflow/example_dags/example_xcom.py took 0.147 seconds
[2025-01-29T23:47:36.262+0000] {processor.py:154} INFO - Started process (PID=1972) to work on /home/airflow/.local/lib/python3.7/site-packages/airflow/example_dags/example_xcom.py
[2025-01-29T23:47:36.263+0000] {processor.py:756} INFO - Processing file /home/airflow/.local/lib/python3.7/site-packages/airflow/example_dags/example_xcom.py for tasks to queue
[2025-01-29T23:47:36.264+0000] {logging_mixin.py:120} INFO - [2025-01-29T23:47:36.264+0000] {dagbag.py:537} INFO - Filling up the DagBag from /home/airflow/.local/lib/python3.7/site-packages/airflow/example_dags/example_xcom.py
[2025-01-29T23:47:36.297+0000] {processor.py:766} INFO - DAG(s) dict_keys(['example_xcom']) retrieved from /home/airflow/.local/lib/python3.7/site-packages/airflow/example_dags/example_xcom.py
[2025-01-29T23:47:36.365+0000] {logging_mixin.py:120} INFO - [2025-01-29T23:47:36.365+0000] {dag.py:2585} INFO - Sync 1 DAGs
[2025-01-29T23:47:36.397+0000] {logging_mixin.py:120} INFO - [2025-01-29T23:47:36.396+0000] {dag.py:3340} INFO - Setting next_dagrun for example_xcom to 2021-01-01T00:00:00+00:00, run_after=2021-01-01T00:00:00+00:00
[2025-01-29T23:47:36.423+0000] {processor.py:176} INFO - Processing /home/airflow/.local/lib/python3.7/site-packages/airflow/example_dags/example_xcom.py took 0.165 seconds
[2025-01-29T23:48:07.079+0000] {processor.py:154} INFO - Started process (PID=2027) to work on /home/airflow/.local/lib/python3.7/site-packages/airflow/example_dags/example_xcom.py
[2025-01-29T23:48:07.079+0000] {processor.py:756} INFO - Processing file /home/airflow/.local/lib/python3.7/site-packages/airflow/example_dags/example_xcom.py for tasks to queue
[2025-01-29T23:48:07.080+0000] {logging_mixin.py:120} INFO - [2025-01-29T23:48:07.080+0000] {dagbag.py:537} INFO - Filling up the DagBag from /home/airflow/.local/lib/python3.7/site-packages/airflow/example_dags/example_xcom.py
[2025-01-29T23:48:07.101+0000] {processor.py:766} INFO - DAG(s) dict_keys(['example_xcom']) retrieved from /home/airflow/.local/lib/python3.7/site-packages/airflow/example_dags/example_xcom.py
[2025-01-29T23:48:07.159+0000] {logging_mixin.py:120} INFO - [2025-01-29T23:48:07.159+0000] {dag.py:2585} INFO - Sync 1 DAGs
[2025-01-29T23:48:07.190+0000] {logging_mixin.py:120} INFO - [2025-01-29T23:48:07.190+0000] {dag.py:3340} INFO - Setting next_dagrun for example_xcom to 2021-01-01T00:00:00+00:00, run_after=2021-01-01T00:00:00+00:00
[2025-01-29T23:48:07.214+0000] {processor.py:176} INFO - Processing /home/airflow/.local/lib/python3.7/site-packages/airflow/example_dags/example_xcom.py took 0.138 seconds
[2025-01-29T23:48:37.996+0000] {processor.py:154} INFO - Started process (PID=2091) to work on /home/airflow/.local/lib/python3.7/site-packages/airflow/example_dags/example_xcom.py
[2025-01-29T23:48:37.997+0000] {processor.py:756} INFO - Processing file /home/airflow/.local/lib/python3.7/site-packages/airflow/example_dags/example_xcom.py for tasks to queue
[2025-01-29T23:48:37.998+0000] {logging_mixin.py:120} INFO - [2025-01-29T23:48:37.998+0000] {dagbag.py:537} INFO - Filling up the DagBag from /home/airflow/.local/lib/python3.7/site-packages/airflow/example_dags/example_xcom.py
[2025-01-29T23:48:38.022+0000] {processor.py:766} INFO - DAG(s) dict_keys(['example_xcom']) retrieved from /home/airflow/.local/lib/python3.7/site-packages/airflow/example_dags/example_xcom.py
[2025-01-29T23:48:38.083+0000] {logging_mixin.py:120} INFO - [2025-01-29T23:48:38.083+0000] {dag.py:2585} INFO - Sync 1 DAGs
[2025-01-29T23:48:38.120+0000] {logging_mixin.py:120} INFO - [2025-01-29T23:48:38.119+0000] {dag.py:3340} INFO - Setting next_dagrun for example_xcom to 2021-01-01T00:00:00+00:00, run_after=2021-01-01T00:00:00+00:00
[2025-01-29T23:48:38.147+0000] {processor.py:176} INFO - Processing /home/airflow/.local/lib/python3.7/site-packages/airflow/example_dags/example_xcom.py took 0.155 seconds
[2025-01-29T23:49:08.458+0000] {processor.py:154} INFO - Started process (PID=2155) to work on /home/airflow/.local/lib/python3.7/site-packages/airflow/example_dags/example_xcom.py
[2025-01-29T23:49:08.459+0000] {processor.py:756} INFO - Processing file /home/airflow/.local/lib/python3.7/site-packages/airflow/example_dags/example_xcom.py for tasks to queue
[2025-01-29T23:49:08.460+0000] {logging_mixin.py:120} INFO - [2025-01-29T23:49:08.460+0000] {dagbag.py:537} INFO - Filling up the DagBag from /home/airflow/.local/lib/python3.7/site-packages/airflow/example_dags/example_xcom.py
[2025-01-29T23:49:08.482+0000] {processor.py:766} INFO - DAG(s) dict_keys(['example_xcom']) retrieved from /home/airflow/.local/lib/python3.7/site-packages/airflow/example_dags/example_xcom.py
[2025-01-29T23:49:08.536+0000] {logging_mixin.py:120} INFO - [2025-01-29T23:49:08.536+0000] {dag.py:2585} INFO - Sync 1 DAGs
[2025-01-29T23:49:08.567+0000] {logging_mixin.py:120} INFO - [2025-01-29T23:49:08.567+0000] {dag.py:3340} INFO - Setting next_dagrun for example_xcom to 2021-01-01T00:00:00+00:00, run_after=2021-01-01T00:00:00+00:00
[2025-01-29T23:49:08.590+0000] {processor.py:176} INFO - Processing /home/airflow/.local/lib/python3.7/site-packages/airflow/example_dags/example_xcom.py took 0.135 seconds
[2025-01-29T23:49:38.728+0000] {processor.py:154} INFO - Started process (PID=2210) to work on /home/airflow/.local/lib/python3.7/site-packages/airflow/example_dags/example_xcom.py
[2025-01-29T23:49:38.729+0000] {processor.py:756} INFO - Processing file /home/airflow/.local/lib/python3.7/site-packages/airflow/example_dags/example_xcom.py for tasks to queue
[2025-01-29T23:49:38.730+0000] {logging_mixin.py:120} INFO - [2025-01-29T23:49:38.730+0000] {dagbag.py:537} INFO - Filling up the DagBag from /home/airflow/.local/lib/python3.7/site-packages/airflow/example_dags/example_xcom.py
[2025-01-29T23:49:38.753+0000] {processor.py:766} INFO - DAG(s) dict_keys(['example_xcom']) retrieved from /home/airflow/.local/lib/python3.7/site-packages/airflow/example_dags/example_xcom.py
[2025-01-29T23:49:38.813+0000] {logging_mixin.py:120} INFO - [2025-01-29T23:49:38.812+0000] {dag.py:2585} INFO - Sync 1 DAGs
[2025-01-29T23:49:38.846+0000] {logging_mixin.py:120} INFO - [2025-01-29T23:49:38.846+0000] {dag.py:3340} INFO - Setting next_dagrun for example_xcom to 2021-01-01T00:00:00+00:00, run_after=2021-01-01T00:00:00+00:00
[2025-01-29T23:49:38.870+0000] {processor.py:176} INFO - Processing /home/airflow/.local/lib/python3.7/site-packages/airflow/example_dags/example_xcom.py took 0.146 seconds
[2025-01-29T23:50:09.031+0000] {processor.py:154} INFO - Started process (PID=2274) to work on /home/airflow/.local/lib/python3.7/site-packages/airflow/example_dags/example_xcom.py
[2025-01-29T23:50:09.032+0000] {processor.py:756} INFO - Processing file /home/airflow/.local/lib/python3.7/site-packages/airflow/example_dags/example_xcom.py for tasks to queue
[2025-01-29T23:50:09.033+0000] {logging_mixin.py:120} INFO - [2025-01-29T23:50:09.033+0000] {dagbag.py:537} INFO - Filling up the DagBag from /home/airflow/.local/lib/python3.7/site-packages/airflow/example_dags/example_xcom.py
[2025-01-29T23:50:09.065+0000] {processor.py:766} INFO - DAG(s) dict_keys(['example_xcom']) retrieved from /home/airflow/.local/lib/python3.7/site-packages/airflow/example_dags/example_xcom.py
[2025-01-29T23:50:09.145+0000] {logging_mixin.py:120} INFO - [2025-01-29T23:50:09.145+0000] {dag.py:2585} INFO - Sync 1 DAGs
[2025-01-29T23:50:09.195+0000] {logging_mixin.py:120} INFO - [2025-01-29T23:50:09.195+0000] {dag.py:3340} INFO - Setting next_dagrun for example_xcom to 2021-01-01T00:00:00+00:00, run_after=2021-01-01T00:00:00+00:00
[2025-01-29T23:50:09.233+0000] {processor.py:176} INFO - Processing /home/airflow/.local/lib/python3.7/site-packages/airflow/example_dags/example_xcom.py took 0.208 seconds
[2025-01-29T23:50:39.619+0000] {processor.py:154} INFO - Started process (PID=2338) to work on /home/airflow/.local/lib/python3.7/site-packages/airflow/example_dags/example_xcom.py
[2025-01-29T23:50:39.620+0000] {processor.py:756} INFO - Processing file /home/airflow/.local/lib/python3.7/site-packages/airflow/example_dags/example_xcom.py for tasks to queue
[2025-01-29T23:50:39.621+0000] {logging_mixin.py:120} INFO - [2025-01-29T23:50:39.621+0000] {dagbag.py:537} INFO - Filling up the DagBag from /home/airflow/.local/lib/python3.7/site-packages/airflow/example_dags/example_xcom.py
[2025-01-29T23:50:39.647+0000] {processor.py:766} INFO - DAG(s) dict_keys(['example_xcom']) retrieved from /home/airflow/.local/lib/python3.7/site-packages/airflow/example_dags/example_xcom.py
[2025-01-29T23:50:39.700+0000] {logging_mixin.py:120} INFO - [2025-01-29T23:50:39.700+0000] {dag.py:2585} INFO - Sync 1 DAGs
[2025-01-29T23:50:39.733+0000] {logging_mixin.py:120} INFO - [2025-01-29T23:50:39.733+0000] {dag.py:3340} INFO - Setting next_dagrun for example_xcom to 2021-01-01T00:00:00+00:00, run_after=2021-01-01T00:00:00+00:00
[2025-01-29T23:50:39.757+0000] {processor.py:176} INFO - Processing /home/airflow/.local/lib/python3.7/site-packages/airflow/example_dags/example_xcom.py took 0.141 seconds
[2025-01-29T23:51:10.184+0000] {processor.py:154} INFO - Started process (PID=2394) to work on /home/airflow/.local/lib/python3.7/site-packages/airflow/example_dags/example_xcom.py
[2025-01-29T23:51:10.185+0000] {processor.py:756} INFO - Processing file /home/airflow/.local/lib/python3.7/site-packages/airflow/example_dags/example_xcom.py for tasks to queue
[2025-01-29T23:51:10.186+0000] {logging_mixin.py:120} INFO - [2025-01-29T23:51:10.186+0000] {dagbag.py:537} INFO - Filling up the DagBag from /home/airflow/.local/lib/python3.7/site-packages/airflow/example_dags/example_xcom.py
[2025-01-29T23:51:10.208+0000] {processor.py:766} INFO - DAG(s) dict_keys(['example_xcom']) retrieved from /home/airflow/.local/lib/python3.7/site-packages/airflow/example_dags/example_xcom.py
[2025-01-29T23:51:10.270+0000] {logging_mixin.py:120} INFO - [2025-01-29T23:51:10.270+0000] {dag.py:2585} INFO - Sync 1 DAGs
[2025-01-29T23:51:10.306+0000] {logging_mixin.py:120} INFO - [2025-01-29T23:51:10.305+0000] {dag.py:3340} INFO - Setting next_dagrun for example_xcom to 2021-01-01T00:00:00+00:00, run_after=2021-01-01T00:00:00+00:00
[2025-01-29T23:51:10.330+0000] {processor.py:176} INFO - Processing /home/airflow/.local/lib/python3.7/site-packages/airflow/example_dags/example_xcom.py took 0.150 seconds
[2025-01-29T23:51:41.283+0000] {processor.py:154} INFO - Started process (PID=2458) to work on /home/airflow/.local/lib/python3.7/site-packages/airflow/example_dags/example_xcom.py
[2025-01-29T23:51:41.284+0000] {processor.py:756} INFO - Processing file /home/airflow/.local/lib/python3.7/site-packages/airflow/example_dags/example_xcom.py for tasks to queue
[2025-01-29T23:51:41.285+0000] {logging_mixin.py:120} INFO - [2025-01-29T23:51:41.285+0000] {dagbag.py:537} INFO - Filling up the DagBag from /home/airflow/.local/lib/python3.7/site-packages/airflow/example_dags/example_xcom.py
[2025-01-29T23:51:41.318+0000] {processor.py:766} INFO - DAG(s) dict_keys(['example_xcom']) retrieved from /home/airflow/.local/lib/python3.7/site-packages/airflow/example_dags/example_xcom.py
[2025-01-29T23:51:41.377+0000] {logging_mixin.py:120} INFO - [2025-01-29T23:51:41.376+0000] {dag.py:2585} INFO - Sync 1 DAGs
[2025-01-29T23:51:41.407+0000] {logging_mixin.py:120} INFO - [2025-01-29T23:51:41.406+0000] {dag.py:3340} INFO - Setting next_dagrun for example_xcom to 2021-01-01T00:00:00+00:00, run_after=2021-01-01T00:00:00+00:00
[2025-01-29T23:51:41.433+0000] {processor.py:176} INFO - Processing /home/airflow/.local/lib/python3.7/site-packages/airflow/example_dags/example_xcom.py took 0.153 seconds
[2025-01-29T23:52:11.723+0000] {processor.py:154} INFO - Started process (PID=2522) to work on /home/airflow/.local/lib/python3.7/site-packages/airflow/example_dags/example_xcom.py
[2025-01-29T23:52:11.724+0000] {processor.py:756} INFO - Processing file /home/airflow/.local/lib/python3.7/site-packages/airflow/example_dags/example_xcom.py for tasks to queue
[2025-01-29T23:52:11.725+0000] {logging_mixin.py:120} INFO - [2025-01-29T23:52:11.725+0000] {dagbag.py:537} INFO - Filling up the DagBag from /home/airflow/.local/lib/python3.7/site-packages/airflow/example_dags/example_xcom.py
[2025-01-29T23:52:11.747+0000] {processor.py:766} INFO - DAG(s) dict_keys(['example_xcom']) retrieved from /home/airflow/.local/lib/python3.7/site-packages/airflow/example_dags/example_xcom.py
[2025-01-29T23:52:11.802+0000] {logging_mixin.py:120} INFO - [2025-01-29T23:52:11.801+0000] {dag.py:2585} INFO - Sync 1 DAGs
[2025-01-29T23:52:11.833+0000] {logging_mixin.py:120} INFO - [2025-01-29T23:52:11.832+0000] {dag.py:3340} INFO - Setting next_dagrun for example_xcom to 2021-01-01T00:00:00+00:00, run_after=2021-01-01T00:00:00+00:00
[2025-01-29T23:52:11.862+0000] {processor.py:176} INFO - Processing /home/airflow/.local/lib/python3.7/site-packages/airflow/example_dags/example_xcom.py took 0.142 seconds
[2025-01-29T23:52:42.419+0000] {processor.py:154} INFO - Started process (PID=2586) to work on /home/airflow/.local/lib/python3.7/site-packages/airflow/example_dags/example_xcom.py
[2025-01-29T23:52:42.420+0000] {processor.py:756} INFO - Processing file /home/airflow/.local/lib/python3.7/site-packages/airflow/example_dags/example_xcom.py for tasks to queue
[2025-01-29T23:52:42.421+0000] {logging_mixin.py:120} INFO - [2025-01-29T23:52:42.421+0000] {dagbag.py:537} INFO - Filling up the DagBag from /home/airflow/.local/lib/python3.7/site-packages/airflow/example_dags/example_xcom.py
[2025-01-29T23:52:42.443+0000] {processor.py:766} INFO - DAG(s) dict_keys(['example_xcom']) retrieved from /home/airflow/.local/lib/python3.7/site-packages/airflow/example_dags/example_xcom.py
[2025-01-29T23:52:42.501+0000] {logging_mixin.py:120} INFO - [2025-01-29T23:52:42.501+0000] {dag.py:2585} INFO - Sync 1 DAGs
[2025-01-29T23:52:42.537+0000] {logging_mixin.py:120} INFO - [2025-01-29T23:52:42.537+0000] {dag.py:3340} INFO - Setting next_dagrun for example_xcom to 2021-01-01T00:00:00+00:00, run_after=2021-01-01T00:00:00+00:00
[2025-01-29T23:52:42.564+0000] {processor.py:176} INFO - Processing /home/airflow/.local/lib/python3.7/site-packages/airflow/example_dags/example_xcom.py took 0.148 seconds
[2025-01-29T23:53:12.888+0000] {processor.py:154} INFO - Started process (PID=2641) to work on /home/airflow/.local/lib/python3.7/site-packages/airflow/example_dags/example_xcom.py
[2025-01-29T23:53:12.889+0000] {processor.py:756} INFO - Processing file /home/airflow/.local/lib/python3.7/site-packages/airflow/example_dags/example_xcom.py for tasks to queue
[2025-01-29T23:53:12.890+0000] {logging_mixin.py:120} INFO - [2025-01-29T23:53:12.890+0000] {dagbag.py:537} INFO - Filling up the DagBag from /home/airflow/.local/lib/python3.7/site-packages/airflow/example_dags/example_xcom.py
[2025-01-29T23:53:12.911+0000] {processor.py:766} INFO - DAG(s) dict_keys(['example_xcom']) retrieved from /home/airflow/.local/lib/python3.7/site-packages/airflow/example_dags/example_xcom.py
[2025-01-29T23:53:12.964+0000] {logging_mixin.py:120} INFO - [2025-01-29T23:53:12.964+0000] {dag.py:2585} INFO - Sync 1 DAGs
[2025-01-29T23:53:12.995+0000] {logging_mixin.py:120} INFO - [2025-01-29T23:53:12.995+0000] {dag.py:3340} INFO - Setting next_dagrun for example_xcom to 2021-01-01T00:00:00+00:00, run_after=2021-01-01T00:00:00+00:00
[2025-01-29T23:53:13.016+0000] {processor.py:176} INFO - Processing /home/airflow/.local/lib/python3.7/site-packages/airflow/example_dags/example_xcom.py took 0.130 seconds
[2025-01-29T23:53:44.021+0000] {processor.py:154} INFO - Started process (PID=2705) to work on /home/airflow/.local/lib/python3.7/site-packages/airflow/example_dags/example_xcom.py
[2025-01-29T23:53:44.022+0000] {processor.py:756} INFO - Processing file /home/airflow/.local/lib/python3.7/site-packages/airflow/example_dags/example_xcom.py for tasks to queue
[2025-01-29T23:53:44.022+0000] {logging_mixin.py:120} INFO - [2025-01-29T23:53:44.022+0000] {dagbag.py:537} INFO - Filling up the DagBag from /home/airflow/.local/lib/python3.7/site-packages/airflow/example_dags/example_xcom.py
[2025-01-29T23:53:44.044+0000] {processor.py:766} INFO - DAG(s) dict_keys(['example_xcom']) retrieved from /home/airflow/.local/lib/python3.7/site-packages/airflow/example_dags/example_xcom.py
[2025-01-29T23:53:44.101+0000] {logging_mixin.py:120} INFO - [2025-01-29T23:53:44.101+0000] {dag.py:2585} INFO - Sync 1 DAGs
[2025-01-29T23:53:44.132+0000] {logging_mixin.py:120} INFO - [2025-01-29T23:53:44.132+0000] {dag.py:3340} INFO - Setting next_dagrun for example_xcom to 2021-01-01T00:00:00+00:00, run_after=2021-01-01T00:00:00+00:00
[2025-01-29T23:53:44.154+0000] {processor.py:176} INFO - Processing /home/airflow/.local/lib/python3.7/site-packages/airflow/example_dags/example_xcom.py took 0.136 seconds
[2025-01-29T23:54:14.493+0000] {processor.py:154} INFO - Started process (PID=2769) to work on /home/airflow/.local/lib/python3.7/site-packages/airflow/example_dags/example_xcom.py
[2025-01-29T23:54:14.494+0000] {processor.py:756} INFO - Processing file /home/airflow/.local/lib/python3.7/site-packages/airflow/example_dags/example_xcom.py for tasks to queue
[2025-01-29T23:54:14.495+0000] {logging_mixin.py:120} INFO - [2025-01-29T23:54:14.495+0000] {dagbag.py:537} INFO - Filling up the DagBag from /home/airflow/.local/lib/python3.7/site-packages/airflow/example_dags/example_xcom.py
[2025-01-29T23:54:14.519+0000] {processor.py:766} INFO - DAG(s) dict_keys(['example_xcom']) retrieved from /home/airflow/.local/lib/python3.7/site-packages/airflow/example_dags/example_xcom.py
[2025-01-29T23:54:14.578+0000] {logging_mixin.py:120} INFO - [2025-01-29T23:54:14.577+0000] {dag.py:2585} INFO - Sync 1 DAGs
[2025-01-29T23:54:14.609+0000] {logging_mixin.py:120} INFO - [2025-01-29T23:54:14.609+0000] {dag.py:3340} INFO - Setting next_dagrun for example_xcom to 2021-01-01T00:00:00+00:00, run_after=2021-01-01T00:00:00+00:00
[2025-01-29T23:54:14.639+0000] {processor.py:176} INFO - Processing /home/airflow/.local/lib/python3.7/site-packages/airflow/example_dags/example_xcom.py took 0.148 seconds
[2025-01-29T23:54:45.007+0000] {processor.py:154} INFO - Started process (PID=2824) to work on /home/airflow/.local/lib/python3.7/site-packages/airflow/example_dags/example_xcom.py
[2025-01-29T23:54:45.008+0000] {processor.py:756} INFO - Processing file /home/airflow/.local/lib/python3.7/site-packages/airflow/example_dags/example_xcom.py for tasks to queue
[2025-01-29T23:54:45.009+0000] {logging_mixin.py:120} INFO - [2025-01-29T23:54:45.008+0000] {dagbag.py:537} INFO - Filling up the DagBag from /home/airflow/.local/lib/python3.7/site-packages/airflow/example_dags/example_xcom.py
[2025-01-29T23:54:45.031+0000] {processor.py:766} INFO - DAG(s) dict_keys(['example_xcom']) retrieved from /home/airflow/.local/lib/python3.7/site-packages/airflow/example_dags/example_xcom.py
[2025-01-29T23:54:45.087+0000] {logging_mixin.py:120} INFO - [2025-01-29T23:54:45.086+0000] {dag.py:2585} INFO - Sync 1 DAGs
[2025-01-29T23:54:45.119+0000] {logging_mixin.py:120} INFO - [2025-01-29T23:54:45.119+0000] {dag.py:3340} INFO - Setting next_dagrun for example_xcom to 2021-01-01T00:00:00+00:00, run_after=2021-01-01T00:00:00+00:00
[2025-01-29T23:54:45.142+0000] {processor.py:176} INFO - Processing /home/airflow/.local/lib/python3.7/site-packages/airflow/example_dags/example_xcom.py took 0.137 seconds
[2025-01-29T23:55:15.435+0000] {processor.py:154} INFO - Started process (PID=2888) to work on /home/airflow/.local/lib/python3.7/site-packages/airflow/example_dags/example_xcom.py
[2025-01-29T23:55:15.436+0000] {processor.py:756} INFO - Processing file /home/airflow/.local/lib/python3.7/site-packages/airflow/example_dags/example_xcom.py for tasks to queue
[2025-01-29T23:55:15.437+0000] {logging_mixin.py:120} INFO - [2025-01-29T23:55:15.436+0000] {dagbag.py:537} INFO - Filling up the DagBag from /home/airflow/.local/lib/python3.7/site-packages/airflow/example_dags/example_xcom.py
[2025-01-29T23:55:15.464+0000] {processor.py:766} INFO - DAG(s) dict_keys(['example_xcom']) retrieved from /home/airflow/.local/lib/python3.7/site-packages/airflow/example_dags/example_xcom.py
[2025-01-29T23:55:15.522+0000] {logging_mixin.py:120} INFO - [2025-01-29T23:55:15.521+0000] {dag.py:2585} INFO - Sync 1 DAGs
[2025-01-29T23:55:15.555+0000] {logging_mixin.py:120} INFO - [2025-01-29T23:55:15.555+0000] {dag.py:3340} INFO - Setting next_dagrun for example_xcom to 2021-01-01T00:00:00+00:00, run_after=2021-01-01T00:00:00+00:00
[2025-01-29T23:55:15.578+0000] {processor.py:176} INFO - Processing /home/airflow/.local/lib/python3.7/site-packages/airflow/example_dags/example_xcom.py took 0.146 seconds
[2025-01-29T23:55:45.784+0000] {processor.py:154} INFO - Started process (PID=2952) to work on /home/airflow/.local/lib/python3.7/site-packages/airflow/example_dags/example_xcom.py
[2025-01-29T23:55:45.786+0000] {processor.py:756} INFO - Processing file /home/airflow/.local/lib/python3.7/site-packages/airflow/example_dags/example_xcom.py for tasks to queue
[2025-01-29T23:55:45.786+0000] {logging_mixin.py:120} INFO - [2025-01-29T23:55:45.786+0000] {dagbag.py:537} INFO - Filling up the DagBag from /home/airflow/.local/lib/python3.7/site-packages/airflow/example_dags/example_xcom.py
[2025-01-29T23:55:45.814+0000] {processor.py:766} INFO - DAG(s) dict_keys(['example_xcom']) retrieved from /home/airflow/.local/lib/python3.7/site-packages/airflow/example_dags/example_xcom.py
[2025-01-29T23:55:45.874+0000] {logging_mixin.py:120} INFO - [2025-01-29T23:55:45.874+0000] {dag.py:2585} INFO - Sync 1 DAGs
[2025-01-29T23:55:45.909+0000] {logging_mixin.py:120} INFO - [2025-01-29T23:55:45.909+0000] {dag.py:3340} INFO - Setting next_dagrun for example_xcom to 2021-01-01T00:00:00+00:00, run_after=2021-01-01T00:00:00+00:00
[2025-01-29T23:55:45.935+0000] {processor.py:176} INFO - Processing /home/airflow/.local/lib/python3.7/site-packages/airflow/example_dags/example_xcom.py took 0.154 seconds
[2025-01-29T23:56:16.127+0000] {processor.py:154} INFO - Started process (PID=3007) to work on /home/airflow/.local/lib/python3.7/site-packages/airflow/example_dags/example_xcom.py
[2025-01-29T23:56:16.128+0000] {processor.py:756} INFO - Processing file /home/airflow/.local/lib/python3.7/site-packages/airflow/example_dags/example_xcom.py for tasks to queue
[2025-01-29T23:56:16.129+0000] {logging_mixin.py:120} INFO - [2025-01-29T23:56:16.129+0000] {dagbag.py:537} INFO - Filling up the DagBag from /home/airflow/.local/lib/python3.7/site-packages/airflow/example_dags/example_xcom.py
[2025-01-29T23:56:16.149+0000] {processor.py:766} INFO - DAG(s) dict_keys(['example_xcom']) retrieved from /home/airflow/.local/lib/python3.7/site-packages/airflow/example_dags/example_xcom.py
[2025-01-29T23:56:16.203+0000] {logging_mixin.py:120} INFO - [2025-01-29T23:56:16.203+0000] {dag.py:2585} INFO - Sync 1 DAGs
[2025-01-29T23:56:16.242+0000] {logging_mixin.py:120} INFO - [2025-01-29T23:56:16.242+0000] {dag.py:3340} INFO - Setting next_dagrun for example_xcom to 2021-01-01T00:00:00+00:00, run_after=2021-01-01T00:00:00+00:00
[2025-01-29T23:56:16.271+0000] {processor.py:176} INFO - Processing /home/airflow/.local/lib/python3.7/site-packages/airflow/example_dags/example_xcom.py took 0.147 seconds
[2025-01-29T23:56:46.469+0000] {processor.py:154} INFO - Started process (PID=3071) to work on /home/airflow/.local/lib/python3.7/site-packages/airflow/example_dags/example_xcom.py
[2025-01-29T23:56:46.470+0000] {processor.py:756} INFO - Processing file /home/airflow/.local/lib/python3.7/site-packages/airflow/example_dags/example_xcom.py for tasks to queue
[2025-01-29T23:56:46.471+0000] {logging_mixin.py:120} INFO - [2025-01-29T23:56:46.471+0000] {dagbag.py:537} INFO - Filling up the DagBag from /home/airflow/.local/lib/python3.7/site-packages/airflow/example_dags/example_xcom.py
[2025-01-29T23:56:46.493+0000] {processor.py:766} INFO - DAG(s) dict_keys(['example_xcom']) retrieved from /home/airflow/.local/lib/python3.7/site-packages/airflow/example_dags/example_xcom.py
[2025-01-29T23:56:46.547+0000] {logging_mixin.py:120} INFO - [2025-01-29T23:56:46.547+0000] {dag.py:2585} INFO - Sync 1 DAGs
[2025-01-29T23:56:46.580+0000] {logging_mixin.py:120} INFO - [2025-01-29T23:56:46.580+0000] {dag.py:3340} INFO - Setting next_dagrun for example_xcom to 2021-01-01T00:00:00+00:00, run_after=2021-01-01T00:00:00+00:00
[2025-01-29T23:56:46.602+0000] {processor.py:176} INFO - Processing /home/airflow/.local/lib/python3.7/site-packages/airflow/example_dags/example_xcom.py took 0.135 seconds
[2025-01-29T23:57:16.813+0000] {processor.py:154} INFO - Started process (PID=3135) to work on /home/airflow/.local/lib/python3.7/site-packages/airflow/example_dags/example_xcom.py
[2025-01-29T23:57:16.814+0000] {processor.py:756} INFO - Processing file /home/airflow/.local/lib/python3.7/site-packages/airflow/example_dags/example_xcom.py for tasks to queue
[2025-01-29T23:57:16.816+0000] {logging_mixin.py:120} INFO - [2025-01-29T23:57:16.815+0000] {dagbag.py:537} INFO - Filling up the DagBag from /home/airflow/.local/lib/python3.7/site-packages/airflow/example_dags/example_xcom.py
[2025-01-29T23:57:16.838+0000] {processor.py:766} INFO - DAG(s) dict_keys(['example_xcom']) retrieved from /home/airflow/.local/lib/python3.7/site-packages/airflow/example_dags/example_xcom.py
[2025-01-29T23:57:16.892+0000] {logging_mixin.py:120} INFO - [2025-01-29T23:57:16.892+0000] {dag.py:2585} INFO - Sync 1 DAGs
[2025-01-29T23:57:16.926+0000] {logging_mixin.py:120} INFO - [2025-01-29T23:57:16.926+0000] {dag.py:3340} INFO - Setting next_dagrun for example_xcom to 2021-01-01T00:00:00+00:00, run_after=2021-01-01T00:00:00+00:00
[2025-01-29T23:57:16.949+0000] {processor.py:176} INFO - Processing /home/airflow/.local/lib/python3.7/site-packages/airflow/example_dags/example_xcom.py took 0.138 seconds
[2025-01-29T23:57:47.431+0000] {processor.py:154} INFO - Started process (PID=3190) to work on /home/airflow/.local/lib/python3.7/site-packages/airflow/example_dags/example_xcom.py
[2025-01-29T23:57:47.432+0000] {processor.py:756} INFO - Processing file /home/airflow/.local/lib/python3.7/site-packages/airflow/example_dags/example_xcom.py for tasks to queue
[2025-01-29T23:57:47.433+0000] {logging_mixin.py:120} INFO - [2025-01-29T23:57:47.433+0000] {dagbag.py:537} INFO - Filling up the DagBag from /home/airflow/.local/lib/python3.7/site-packages/airflow/example_dags/example_xcom.py
[2025-01-29T23:57:47.455+0000] {processor.py:766} INFO - DAG(s) dict_keys(['example_xcom']) retrieved from /home/airflow/.local/lib/python3.7/site-packages/airflow/example_dags/example_xcom.py
[2025-01-29T23:57:47.514+0000] {logging_mixin.py:120} INFO - [2025-01-29T23:57:47.514+0000] {dag.py:2585} INFO - Sync 1 DAGs
[2025-01-29T23:57:47.548+0000] {logging_mixin.py:120} INFO - [2025-01-29T23:57:47.548+0000] {dag.py:3340} INFO - Setting next_dagrun for example_xcom to 2021-01-01T00:00:00+00:00, run_after=2021-01-01T00:00:00+00:00
[2025-01-29T23:57:47.571+0000] {processor.py:176} INFO - Processing /home/airflow/.local/lib/python3.7/site-packages/airflow/example_dags/example_xcom.py took 0.143 seconds
[2025-01-29T23:58:17.956+0000] {processor.py:154} INFO - Started process (PID=3254) to work on /home/airflow/.local/lib/python3.7/site-packages/airflow/example_dags/example_xcom.py
[2025-01-29T23:58:17.957+0000] {processor.py:756} INFO - Processing file /home/airflow/.local/lib/python3.7/site-packages/airflow/example_dags/example_xcom.py for tasks to queue
[2025-01-29T23:58:17.957+0000] {logging_mixin.py:120} INFO - [2025-01-29T23:58:17.957+0000] {dagbag.py:537} INFO - Filling up the DagBag from /home/airflow/.local/lib/python3.7/site-packages/airflow/example_dags/example_xcom.py
[2025-01-29T23:58:17.979+0000] {processor.py:766} INFO - DAG(s) dict_keys(['example_xcom']) retrieved from /home/airflow/.local/lib/python3.7/site-packages/airflow/example_dags/example_xcom.py
[2025-01-29T23:58:18.033+0000] {logging_mixin.py:120} INFO - [2025-01-29T23:58:18.032+0000] {dag.py:2585} INFO - Sync 1 DAGs
[2025-01-29T23:58:18.063+0000] {logging_mixin.py:120} INFO - [2025-01-29T23:58:18.062+0000] {dag.py:3340} INFO - Setting next_dagrun for example_xcom to 2021-01-01T00:00:00+00:00, run_after=2021-01-01T00:00:00+00:00
[2025-01-29T23:58:18.085+0000] {processor.py:176} INFO - Processing /home/airflow/.local/lib/python3.7/site-packages/airflow/example_dags/example_xcom.py took 0.132 seconds
[2025-01-29T23:58:48.426+0000] {processor.py:154} INFO - Started process (PID=3318) to work on /home/airflow/.local/lib/python3.7/site-packages/airflow/example_dags/example_xcom.py
[2025-01-29T23:58:48.428+0000] {processor.py:756} INFO - Processing file /home/airflow/.local/lib/python3.7/site-packages/airflow/example_dags/example_xcom.py for tasks to queue
[2025-01-29T23:58:48.428+0000] {logging_mixin.py:120} INFO - [2025-01-29T23:58:48.428+0000] {dagbag.py:537} INFO - Filling up the DagBag from /home/airflow/.local/lib/python3.7/site-packages/airflow/example_dags/example_xcom.py
[2025-01-29T23:58:48.453+0000] {processor.py:766} INFO - DAG(s) dict_keys(['example_xcom']) retrieved from /home/airflow/.local/lib/python3.7/site-packages/airflow/example_dags/example_xcom.py
[2025-01-29T23:58:48.512+0000] {logging_mixin.py:120} INFO - [2025-01-29T23:58:48.512+0000] {dag.py:2585} INFO - Sync 1 DAGs
[2025-01-29T23:58:48.547+0000] {logging_mixin.py:120} INFO - [2025-01-29T23:58:48.547+0000] {dag.py:3340} INFO - Setting next_dagrun for example_xcom to 2021-01-01T00:00:00+00:00, run_after=2021-01-01T00:00:00+00:00
[2025-01-29T23:58:48.575+0000] {processor.py:176} INFO - Processing /home/airflow/.local/lib/python3.7/site-packages/airflow/example_dags/example_xcom.py took 0.152 seconds
[2025-01-29T23:59:19.272+0000] {processor.py:154} INFO - Started process (PID=3382) to work on /home/airflow/.local/lib/python3.7/site-packages/airflow/example_dags/example_xcom.py
[2025-01-29T23:59:19.273+0000] {processor.py:756} INFO - Processing file /home/airflow/.local/lib/python3.7/site-packages/airflow/example_dags/example_xcom.py for tasks to queue
[2025-01-29T23:59:19.273+0000] {logging_mixin.py:120} INFO - [2025-01-29T23:59:19.273+0000] {dagbag.py:537} INFO - Filling up the DagBag from /home/airflow/.local/lib/python3.7/site-packages/airflow/example_dags/example_xcom.py
[2025-01-29T23:59:19.295+0000] {processor.py:766} INFO - DAG(s) dict_keys(['example_xcom']) retrieved from /home/airflow/.local/lib/python3.7/site-packages/airflow/example_dags/example_xcom.py
[2025-01-29T23:59:19.355+0000] {logging_mixin.py:120} INFO - [2025-01-29T23:59:19.355+0000] {dag.py:2585} INFO - Sync 1 DAGs
[2025-01-29T23:59:19.398+0000] {logging_mixin.py:120} INFO - [2025-01-29T23:59:19.397+0000] {dag.py:3340} INFO - Setting next_dagrun for example_xcom to 2021-01-01T00:00:00+00:00, run_after=2021-01-01T00:00:00+00:00
[2025-01-29T23:59:19.436+0000] {processor.py:176} INFO - Processing /home/airflow/.local/lib/python3.7/site-packages/airflow/example_dags/example_xcom.py took 0.168 seconds
[2025-01-29T23:59:49.575+0000] {processor.py:154} INFO - Started process (PID=3437) to work on /home/airflow/.local/lib/python3.7/site-packages/airflow/example_dags/example_xcom.py
[2025-01-29T23:59:49.576+0000] {processor.py:756} INFO - Processing file /home/airflow/.local/lib/python3.7/site-packages/airflow/example_dags/example_xcom.py for tasks to queue
[2025-01-29T23:59:49.577+0000] {logging_mixin.py:120} INFO - [2025-01-29T23:59:49.577+0000] {dagbag.py:537} INFO - Filling up the DagBag from /home/airflow/.local/lib/python3.7/site-packages/airflow/example_dags/example_xcom.py
[2025-01-29T23:59:49.606+0000] {processor.py:766} INFO - DAG(s) dict_keys(['example_xcom']) retrieved from /home/airflow/.local/lib/python3.7/site-packages/airflow/example_dags/example_xcom.py
[2025-01-29T23:59:49.686+0000] {logging_mixin.py:120} INFO - [2025-01-29T23:59:49.686+0000] {dag.py:2585} INFO - Sync 1 DAGs
[2025-01-29T23:59:49.734+0000] {logging_mixin.py:120} INFO - [2025-01-29T23:59:49.733+0000] {dag.py:3340} INFO - Setting next_dagrun for example_xcom to 2021-01-01T00:00:00+00:00, run_after=2021-01-01T00:00:00+00:00
[2025-01-29T23:59:49.759+0000] {processor.py:176} INFO - Processing /home/airflow/.local/lib/python3.7/site-packages/airflow/example_dags/example_xcom.py took 0.187 seconds
