[2025-01-29T23:31:50.626+0000] {processor.py:154} INFO - Started process (PID=75) to work on /home/airflow/.local/lib/python3.7/site-packages/airflow/example_dags/example_latest_only.py
[2025-01-29T23:31:50.627+0000] {processor.py:756} INFO - Processing file /home/airflow/.local/lib/python3.7/site-packages/airflow/example_dags/example_latest_only.py for tasks to queue
[2025-01-29T23:31:50.628+0000] {logging_mixin.py:120} INFO - [2025-01-29T23:31:50.628+0000] {dagbag.py:537} INFO - Filling up the DagBag from /home/airflow/.local/lib/python3.7/site-packages/airflow/example_dags/example_latest_only.py
[2025-01-29T23:31:50.643+0000] {processor.py:766} INFO - DAG(s) dict_keys(['latest_only']) retrieved from /home/airflow/.local/lib/python3.7/site-packages/airflow/example_dags/example_latest_only.py
[2025-01-29T23:31:50.844+0000] {logging_mixin.py:120} INFO - [2025-01-29T23:31:50.844+0000] {manager.py:507} INFO - Created Permission View: can read on DAG:latest_only
[2025-01-29T23:31:50.860+0000] {logging_mixin.py:120} INFO - [2025-01-29T23:31:50.860+0000] {manager.py:507} INFO - Created Permission View: can delete on DAG:latest_only
[2025-01-29T23:31:50.872+0000] {logging_mixin.py:120} INFO - [2025-01-29T23:31:50.872+0000] {manager.py:507} INFO - Created Permission View: can edit on DAG:latest_only
[2025-01-29T23:31:50.873+0000] {logging_mixin.py:120} INFO - [2025-01-29T23:31:50.873+0000] {dag.py:2585} INFO - Sync 1 DAGs
[2025-01-29T23:31:50.907+0000] {logging_mixin.py:120} INFO - [2025-01-29T23:31:50.907+0000] {dag.py:2606} INFO - Creating ORM DAG for latest_only
[2025-01-29T23:31:50.936+0000] {logging_mixin.py:120} INFO - [2025-01-29T23:31:50.936+0000] {dag.py:3340} INFO - Setting next_dagrun for latest_only to 2025-01-29T19:31:50.935882+00:00, run_after=2025-01-29T23:31:50.935882+00:00
[2025-01-29T23:31:50.995+0000] {processor.py:176} INFO - Processing /home/airflow/.local/lib/python3.7/site-packages/airflow/example_dags/example_latest_only.py took 0.372 seconds
[2025-01-29T23:32:21.822+0000] {processor.py:154} INFO - Started process (PID=139) to work on /home/airflow/.local/lib/python3.7/site-packages/airflow/example_dags/example_latest_only.py
[2025-01-29T23:32:21.823+0000] {processor.py:756} INFO - Processing file /home/airflow/.local/lib/python3.7/site-packages/airflow/example_dags/example_latest_only.py for tasks to queue
[2025-01-29T23:32:21.824+0000] {logging_mixin.py:120} INFO - [2025-01-29T23:32:21.824+0000] {dagbag.py:537} INFO - Filling up the DagBag from /home/airflow/.local/lib/python3.7/site-packages/airflow/example_dags/example_latest_only.py
[2025-01-29T23:32:21.839+0000] {processor.py:766} INFO - DAG(s) dict_keys(['latest_only']) retrieved from /home/airflow/.local/lib/python3.7/site-packages/airflow/example_dags/example_latest_only.py
[2025-01-29T23:32:21.902+0000] {logging_mixin.py:120} INFO - [2025-01-29T23:32:21.901+0000] {dag.py:2585} INFO - Sync 1 DAGs
[2025-01-29T23:32:21.942+0000] {logging_mixin.py:120} INFO - [2025-01-29T23:32:21.942+0000] {dag.py:3340} INFO - Setting next_dagrun for latest_only to 2025-01-29T19:32:21.942193+00:00, run_after=2025-01-29T23:32:21.942193+00:00
[2025-01-29T23:32:21.966+0000] {processor.py:176} INFO - Processing /home/airflow/.local/lib/python3.7/site-packages/airflow/example_dags/example_latest_only.py took 0.148 seconds
[2025-01-29T23:32:52.312+0000] {processor.py:154} INFO - Started process (PID=195) to work on /home/airflow/.local/lib/python3.7/site-packages/airflow/example_dags/example_latest_only.py
[2025-01-29T23:32:52.313+0000] {processor.py:756} INFO - Processing file /home/airflow/.local/lib/python3.7/site-packages/airflow/example_dags/example_latest_only.py for tasks to queue
[2025-01-29T23:32:52.313+0000] {logging_mixin.py:120} INFO - [2025-01-29T23:32:52.313+0000] {dagbag.py:537} INFO - Filling up the DagBag from /home/airflow/.local/lib/python3.7/site-packages/airflow/example_dags/example_latest_only.py
[2025-01-29T23:32:52.325+0000] {processor.py:766} INFO - DAG(s) dict_keys(['latest_only']) retrieved from /home/airflow/.local/lib/python3.7/site-packages/airflow/example_dags/example_latest_only.py
[2025-01-29T23:32:52.379+0000] {logging_mixin.py:120} INFO - [2025-01-29T23:32:52.378+0000] {dag.py:2585} INFO - Sync 1 DAGs
[2025-01-29T23:32:52.411+0000] {logging_mixin.py:120} INFO - [2025-01-29T23:32:52.411+0000] {dag.py:3340} INFO - Setting next_dagrun for latest_only to 2025-01-29T19:32:52.411303+00:00, run_after=2025-01-29T23:32:52.411303+00:00
[2025-01-29T23:32:52.434+0000] {processor.py:176} INFO - Processing /home/airflow/.local/lib/python3.7/site-packages/airflow/example_dags/example_latest_only.py took 0.125 seconds
[2025-01-29T23:33:22.873+0000] {processor.py:154} INFO - Started process (PID=259) to work on /home/airflow/.local/lib/python3.7/site-packages/airflow/example_dags/example_latest_only.py
[2025-01-29T23:33:22.874+0000] {processor.py:756} INFO - Processing file /home/airflow/.local/lib/python3.7/site-packages/airflow/example_dags/example_latest_only.py for tasks to queue
[2025-01-29T23:33:22.875+0000] {logging_mixin.py:120} INFO - [2025-01-29T23:33:22.875+0000] {dagbag.py:537} INFO - Filling up the DagBag from /home/airflow/.local/lib/python3.7/site-packages/airflow/example_dags/example_latest_only.py
[2025-01-29T23:33:22.888+0000] {processor.py:766} INFO - DAG(s) dict_keys(['latest_only']) retrieved from /home/airflow/.local/lib/python3.7/site-packages/airflow/example_dags/example_latest_only.py
[2025-01-29T23:33:22.941+0000] {logging_mixin.py:120} INFO - [2025-01-29T23:33:22.941+0000] {dag.py:2585} INFO - Sync 1 DAGs
[2025-01-29T23:33:22.972+0000] {logging_mixin.py:120} INFO - [2025-01-29T23:33:22.972+0000] {dag.py:3340} INFO - Setting next_dagrun for latest_only to 2025-01-29T19:33:22.972472+00:00, run_after=2025-01-29T23:33:22.972472+00:00
[2025-01-29T23:33:22.997+0000] {processor.py:176} INFO - Processing /home/airflow/.local/lib/python3.7/site-packages/airflow/example_dags/example_latest_only.py took 0.126 seconds
[2025-01-29T23:33:53.194+0000] {processor.py:154} INFO - Started process (PID=323) to work on /home/airflow/.local/lib/python3.7/site-packages/airflow/example_dags/example_latest_only.py
[2025-01-29T23:33:53.195+0000] {processor.py:756} INFO - Processing file /home/airflow/.local/lib/python3.7/site-packages/airflow/example_dags/example_latest_only.py for tasks to queue
[2025-01-29T23:33:53.195+0000] {logging_mixin.py:120} INFO - [2025-01-29T23:33:53.195+0000] {dagbag.py:537} INFO - Filling up the DagBag from /home/airflow/.local/lib/python3.7/site-packages/airflow/example_dags/example_latest_only.py
[2025-01-29T23:33:53.208+0000] {processor.py:766} INFO - DAG(s) dict_keys(['latest_only']) retrieved from /home/airflow/.local/lib/python3.7/site-packages/airflow/example_dags/example_latest_only.py
[2025-01-29T23:33:53.264+0000] {logging_mixin.py:120} INFO - [2025-01-29T23:33:53.264+0000] {dag.py:2585} INFO - Sync 1 DAGs
[2025-01-29T23:33:53.299+0000] {logging_mixin.py:120} INFO - [2025-01-29T23:33:53.299+0000] {dag.py:3340} INFO - Setting next_dagrun for latest_only to 2025-01-29T19:33:53.299001+00:00, run_after=2025-01-29T23:33:53.299001+00:00
[2025-01-29T23:33:53.326+0000] {processor.py:176} INFO - Processing /home/airflow/.local/lib/python3.7/site-packages/airflow/example_dags/example_latest_only.py took 0.135 seconds
[2025-01-29T23:34:23.588+0000] {processor.py:154} INFO - Started process (PID=386) to work on /home/airflow/.local/lib/python3.7/site-packages/airflow/example_dags/example_latest_only.py
[2025-01-29T23:34:23.589+0000] {processor.py:756} INFO - Processing file /home/airflow/.local/lib/python3.7/site-packages/airflow/example_dags/example_latest_only.py for tasks to queue
[2025-01-29T23:34:23.590+0000] {logging_mixin.py:120} INFO - [2025-01-29T23:34:23.590+0000] {dagbag.py:537} INFO - Filling up the DagBag from /home/airflow/.local/lib/python3.7/site-packages/airflow/example_dags/example_latest_only.py
[2025-01-29T23:34:23.602+0000] {processor.py:766} INFO - DAG(s) dict_keys(['latest_only']) retrieved from /home/airflow/.local/lib/python3.7/site-packages/airflow/example_dags/example_latest_only.py
[2025-01-29T23:34:23.664+0000] {logging_mixin.py:120} INFO - [2025-01-29T23:34:23.663+0000] {dag.py:2585} INFO - Sync 1 DAGs
[2025-01-29T23:34:23.702+0000] {logging_mixin.py:120} INFO - [2025-01-29T23:34:23.702+0000] {dag.py:3340} INFO - Setting next_dagrun for latest_only to 2025-01-29T19:34:23.701751+00:00, run_after=2025-01-29T23:34:23.701751+00:00
[2025-01-29T23:34:23.730+0000] {processor.py:176} INFO - Processing /home/airflow/.local/lib/python3.7/site-packages/airflow/example_dags/example_latest_only.py took 0.145 seconds
[2025-01-29T23:34:53.878+0000] {processor.py:154} INFO - Started process (PID=441) to work on /home/airflow/.local/lib/python3.7/site-packages/airflow/example_dags/example_latest_only.py
[2025-01-29T23:34:53.879+0000] {processor.py:756} INFO - Processing file /home/airflow/.local/lib/python3.7/site-packages/airflow/example_dags/example_latest_only.py for tasks to queue
[2025-01-29T23:34:53.880+0000] {logging_mixin.py:120} INFO - [2025-01-29T23:34:53.880+0000] {dagbag.py:537} INFO - Filling up the DagBag from /home/airflow/.local/lib/python3.7/site-packages/airflow/example_dags/example_latest_only.py
[2025-01-29T23:34:53.891+0000] {processor.py:766} INFO - DAG(s) dict_keys(['latest_only']) retrieved from /home/airflow/.local/lib/python3.7/site-packages/airflow/example_dags/example_latest_only.py
[2025-01-29T23:34:53.944+0000] {logging_mixin.py:120} INFO - [2025-01-29T23:34:53.944+0000] {dag.py:2585} INFO - Sync 1 DAGs
[2025-01-29T23:34:53.978+0000] {logging_mixin.py:120} INFO - [2025-01-29T23:34:53.978+0000] {dag.py:3340} INFO - Setting next_dagrun for latest_only to 2025-01-29T19:34:53.978317+00:00, run_after=2025-01-29T23:34:53.978317+00:00
[2025-01-29T23:34:54.006+0000] {processor.py:176} INFO - Processing /home/airflow/.local/lib/python3.7/site-packages/airflow/example_dags/example_latest_only.py took 0.131 seconds
[2025-01-29T23:35:24.654+0000] {processor.py:154} INFO - Started process (PID=505) to work on /home/airflow/.local/lib/python3.7/site-packages/airflow/example_dags/example_latest_only.py
[2025-01-29T23:35:24.655+0000] {processor.py:756} INFO - Processing file /home/airflow/.local/lib/python3.7/site-packages/airflow/example_dags/example_latest_only.py for tasks to queue
[2025-01-29T23:35:24.656+0000] {logging_mixin.py:120} INFO - [2025-01-29T23:35:24.656+0000] {dagbag.py:537} INFO - Filling up the DagBag from /home/airflow/.local/lib/python3.7/site-packages/airflow/example_dags/example_latest_only.py
[2025-01-29T23:35:24.696+0000] {processor.py:766} INFO - DAG(s) dict_keys(['latest_only']) retrieved from /home/airflow/.local/lib/python3.7/site-packages/airflow/example_dags/example_latest_only.py
[2025-01-29T23:35:24.800+0000] {logging_mixin.py:120} INFO - [2025-01-29T23:35:24.800+0000] {dag.py:2585} INFO - Sync 1 DAGs
[2025-01-29T23:35:24.841+0000] {logging_mixin.py:120} INFO - [2025-01-29T23:35:24.841+0000] {dag.py:3340} INFO - Setting next_dagrun for latest_only to 2025-01-29T19:35:24.841402+00:00, run_after=2025-01-29T23:35:24.841402+00:00
[2025-01-29T23:35:24.868+0000] {processor.py:176} INFO - Processing /home/airflow/.local/lib/python3.7/site-packages/airflow/example_dags/example_latest_only.py took 0.225 seconds
[2025-01-29T23:35:54.930+0000] {processor.py:154} INFO - Started process (PID=569) to work on /home/airflow/.local/lib/python3.7/site-packages/airflow/example_dags/example_latest_only.py
[2025-01-29T23:35:54.930+0000] {processor.py:756} INFO - Processing file /home/airflow/.local/lib/python3.7/site-packages/airflow/example_dags/example_latest_only.py for tasks to queue
[2025-01-29T23:35:54.931+0000] {logging_mixin.py:120} INFO - [2025-01-29T23:35:54.931+0000] {dagbag.py:537} INFO - Filling up the DagBag from /home/airflow/.local/lib/python3.7/site-packages/airflow/example_dags/example_latest_only.py
[2025-01-29T23:35:54.947+0000] {processor.py:766} INFO - DAG(s) dict_keys(['latest_only']) retrieved from /home/airflow/.local/lib/python3.7/site-packages/airflow/example_dags/example_latest_only.py
[2025-01-29T23:35:54.992+0000] {logging_mixin.py:120} INFO - [2025-01-29T23:35:54.992+0000] {dag.py:2585} INFO - Sync 1 DAGs
[2025-01-29T23:35:55.028+0000] {logging_mixin.py:120} INFO - [2025-01-29T23:35:55.027+0000] {dag.py:3340} INFO - Setting next_dagrun for latest_only to 2025-01-29T19:35:55.027619+00:00, run_after=2025-01-29T23:35:55.027619+00:00
[2025-01-29T23:35:55.058+0000] {processor.py:176} INFO - Processing /home/airflow/.local/lib/python3.7/site-packages/airflow/example_dags/example_latest_only.py took 0.131 seconds
[2025-01-29T23:36:25.281+0000] {processor.py:154} INFO - Started process (PID=624) to work on /home/airflow/.local/lib/python3.7/site-packages/airflow/example_dags/example_latest_only.py
[2025-01-29T23:36:25.282+0000] {processor.py:756} INFO - Processing file /home/airflow/.local/lib/python3.7/site-packages/airflow/example_dags/example_latest_only.py for tasks to queue
[2025-01-29T23:36:25.282+0000] {logging_mixin.py:120} INFO - [2025-01-29T23:36:25.282+0000] {dagbag.py:537} INFO - Filling up the DagBag from /home/airflow/.local/lib/python3.7/site-packages/airflow/example_dags/example_latest_only.py
[2025-01-29T23:36:25.295+0000] {processor.py:766} INFO - DAG(s) dict_keys(['latest_only']) retrieved from /home/airflow/.local/lib/python3.7/site-packages/airflow/example_dags/example_latest_only.py
[2025-01-29T23:36:25.353+0000] {logging_mixin.py:120} INFO - [2025-01-29T23:36:25.353+0000] {dag.py:2585} INFO - Sync 1 DAGs
[2025-01-29T23:36:25.387+0000] {logging_mixin.py:120} INFO - [2025-01-29T23:36:25.387+0000] {dag.py:3340} INFO - Setting next_dagrun for latest_only to 2025-01-29T19:36:25.387267+00:00, run_after=2025-01-29T23:36:25.387267+00:00
[2025-01-29T23:36:25.414+0000] {processor.py:176} INFO - Processing /home/airflow/.local/lib/python3.7/site-packages/airflow/example_dags/example_latest_only.py took 0.136 seconds
[2025-01-29T23:36:55.465+0000] {processor.py:154} INFO - Started process (PID=688) to work on /home/airflow/.local/lib/python3.7/site-packages/airflow/example_dags/example_latest_only.py
[2025-01-29T23:36:55.466+0000] {processor.py:756} INFO - Processing file /home/airflow/.local/lib/python3.7/site-packages/airflow/example_dags/example_latest_only.py for tasks to queue
[2025-01-29T23:36:55.467+0000] {logging_mixin.py:120} INFO - [2025-01-29T23:36:55.467+0000] {dagbag.py:537} INFO - Filling up the DagBag from /home/airflow/.local/lib/python3.7/site-packages/airflow/example_dags/example_latest_only.py
[2025-01-29T23:36:55.480+0000] {processor.py:766} INFO - DAG(s) dict_keys(['latest_only']) retrieved from /home/airflow/.local/lib/python3.7/site-packages/airflow/example_dags/example_latest_only.py
[2025-01-29T23:36:55.532+0000] {logging_mixin.py:120} INFO - [2025-01-29T23:36:55.532+0000] {dag.py:2585} INFO - Sync 1 DAGs
[2025-01-29T23:36:55.567+0000] {logging_mixin.py:120} INFO - [2025-01-29T23:36:55.566+0000] {dag.py:3340} INFO - Setting next_dagrun for latest_only to 2025-01-29T19:36:55.566463+00:00, run_after=2025-01-29T23:36:55.566463+00:00
[2025-01-29T23:36:55.591+0000] {processor.py:176} INFO - Processing /home/airflow/.local/lib/python3.7/site-packages/airflow/example_dags/example_latest_only.py took 0.128 seconds
[2025-01-29T23:37:25.930+0000] {processor.py:154} INFO - Started process (PID=752) to work on /home/airflow/.local/lib/python3.7/site-packages/airflow/example_dags/example_latest_only.py
[2025-01-29T23:37:25.931+0000] {processor.py:756} INFO - Processing file /home/airflow/.local/lib/python3.7/site-packages/airflow/example_dags/example_latest_only.py for tasks to queue
[2025-01-29T23:37:25.932+0000] {logging_mixin.py:120} INFO - [2025-01-29T23:37:25.932+0000] {dagbag.py:537} INFO - Filling up the DagBag from /home/airflow/.local/lib/python3.7/site-packages/airflow/example_dags/example_latest_only.py
[2025-01-29T23:37:25.946+0000] {processor.py:766} INFO - DAG(s) dict_keys(['latest_only']) retrieved from /home/airflow/.local/lib/python3.7/site-packages/airflow/example_dags/example_latest_only.py
[2025-01-29T23:37:26.005+0000] {logging_mixin.py:120} INFO - [2025-01-29T23:37:26.005+0000] {dag.py:2585} INFO - Sync 1 DAGs
[2025-01-29T23:37:26.037+0000] {logging_mixin.py:120} INFO - [2025-01-29T23:37:26.037+0000] {dag.py:3340} INFO - Setting next_dagrun for latest_only to 2025-01-29T19:37:26.037130+00:00, run_after=2025-01-29T23:37:26.037130+00:00
[2025-01-29T23:37:26.060+0000] {processor.py:176} INFO - Processing /home/airflow/.local/lib/python3.7/site-packages/airflow/example_dags/example_latest_only.py took 0.132 seconds
[2025-01-29T23:37:56.662+0000] {processor.py:154} INFO - Started process (PID=807) to work on /home/airflow/.local/lib/python3.7/site-packages/airflow/example_dags/example_latest_only.py
[2025-01-29T23:37:56.663+0000] {processor.py:756} INFO - Processing file /home/airflow/.local/lib/python3.7/site-packages/airflow/example_dags/example_latest_only.py for tasks to queue
[2025-01-29T23:37:56.664+0000] {logging_mixin.py:120} INFO - [2025-01-29T23:37:56.664+0000] {dagbag.py:537} INFO - Filling up the DagBag from /home/airflow/.local/lib/python3.7/site-packages/airflow/example_dags/example_latest_only.py
[2025-01-29T23:37:56.677+0000] {processor.py:766} INFO - DAG(s) dict_keys(['latest_only']) retrieved from /home/airflow/.local/lib/python3.7/site-packages/airflow/example_dags/example_latest_only.py
[2025-01-29T23:37:56.733+0000] {logging_mixin.py:120} INFO - [2025-01-29T23:37:56.733+0000] {dag.py:2585} INFO - Sync 1 DAGs
[2025-01-29T23:37:56.765+0000] {logging_mixin.py:120} INFO - [2025-01-29T23:37:56.765+0000] {dag.py:3340} INFO - Setting next_dagrun for latest_only to 2025-01-29T19:37:56.765506+00:00, run_after=2025-01-29T23:37:56.765506+00:00
[2025-01-29T23:37:56.790+0000] {processor.py:176} INFO - Processing /home/airflow/.local/lib/python3.7/site-packages/airflow/example_dags/example_latest_only.py took 0.130 seconds
[2025-01-29T23:38:26.896+0000] {processor.py:154} INFO - Started process (PID=871) to work on /home/airflow/.local/lib/python3.7/site-packages/airflow/example_dags/example_latest_only.py
[2025-01-29T23:38:26.897+0000] {processor.py:756} INFO - Processing file /home/airflow/.local/lib/python3.7/site-packages/airflow/example_dags/example_latest_only.py for tasks to queue
[2025-01-29T23:38:26.898+0000] {logging_mixin.py:120} INFO - [2025-01-29T23:38:26.898+0000] {dagbag.py:537} INFO - Filling up the DagBag from /home/airflow/.local/lib/python3.7/site-packages/airflow/example_dags/example_latest_only.py
[2025-01-29T23:38:26.911+0000] {processor.py:766} INFO - DAG(s) dict_keys(['latest_only']) retrieved from /home/airflow/.local/lib/python3.7/site-packages/airflow/example_dags/example_latest_only.py
[2025-01-29T23:38:26.965+0000] {logging_mixin.py:120} INFO - [2025-01-29T23:38:26.965+0000] {dag.py:2585} INFO - Sync 1 DAGs
[2025-01-29T23:38:26.995+0000] {logging_mixin.py:120} INFO - [2025-01-29T23:38:26.995+0000] {dag.py:3340} INFO - Setting next_dagrun for latest_only to 2025-01-29T19:38:26.995134+00:00, run_after=2025-01-29T23:38:26.995134+00:00
[2025-01-29T23:38:27.022+0000] {processor.py:176} INFO - Processing /home/airflow/.local/lib/python3.7/site-packages/airflow/example_dags/example_latest_only.py took 0.129 seconds
[2025-01-29T23:38:57.414+0000] {processor.py:154} INFO - Started process (PID=935) to work on /home/airflow/.local/lib/python3.7/site-packages/airflow/example_dags/example_latest_only.py
[2025-01-29T23:38:57.415+0000] {processor.py:756} INFO - Processing file /home/airflow/.local/lib/python3.7/site-packages/airflow/example_dags/example_latest_only.py for tasks to queue
[2025-01-29T23:38:57.415+0000] {logging_mixin.py:120} INFO - [2025-01-29T23:38:57.415+0000] {dagbag.py:537} INFO - Filling up the DagBag from /home/airflow/.local/lib/python3.7/site-packages/airflow/example_dags/example_latest_only.py
[2025-01-29T23:38:57.428+0000] {processor.py:766} INFO - DAG(s) dict_keys(['latest_only']) retrieved from /home/airflow/.local/lib/python3.7/site-packages/airflow/example_dags/example_latest_only.py
[2025-01-29T23:38:57.480+0000] {logging_mixin.py:120} INFO - [2025-01-29T23:38:57.480+0000] {dag.py:2585} INFO - Sync 1 DAGs
[2025-01-29T23:38:57.512+0000] {logging_mixin.py:120} INFO - [2025-01-29T23:38:57.511+0000] {dag.py:3340} INFO - Setting next_dagrun for latest_only to 2025-01-29T19:38:57.511344+00:00, run_after=2025-01-29T23:38:57.511344+00:00
[2025-01-29T23:38:57.534+0000] {processor.py:176} INFO - Processing /home/airflow/.local/lib/python3.7/site-packages/airflow/example_dags/example_latest_only.py took 0.123 seconds
[2025-01-29T23:39:28.409+0000] {processor.py:154} INFO - Started process (PID=990) to work on /home/airflow/.local/lib/python3.7/site-packages/airflow/example_dags/example_latest_only.py
[2025-01-29T23:39:28.410+0000] {processor.py:756} INFO - Processing file /home/airflow/.local/lib/python3.7/site-packages/airflow/example_dags/example_latest_only.py for tasks to queue
[2025-01-29T23:39:28.411+0000] {logging_mixin.py:120} INFO - [2025-01-29T23:39:28.410+0000] {dagbag.py:537} INFO - Filling up the DagBag from /home/airflow/.local/lib/python3.7/site-packages/airflow/example_dags/example_latest_only.py
[2025-01-29T23:39:28.423+0000] {processor.py:766} INFO - DAG(s) dict_keys(['latest_only']) retrieved from /home/airflow/.local/lib/python3.7/site-packages/airflow/example_dags/example_latest_only.py
[2025-01-29T23:39:28.476+0000] {logging_mixin.py:120} INFO - [2025-01-29T23:39:28.475+0000] {dag.py:2585} INFO - Sync 1 DAGs
[2025-01-29T23:39:28.512+0000] {logging_mixin.py:120} INFO - [2025-01-29T23:39:28.512+0000] {dag.py:3340} INFO - Setting next_dagrun for latest_only to 2025-01-29T19:39:28.512019+00:00, run_after=2025-01-29T23:39:28.512019+00:00
[2025-01-29T23:39:28.549+0000] {processor.py:176} INFO - Processing /home/airflow/.local/lib/python3.7/site-packages/airflow/example_dags/example_latest_only.py took 0.143 seconds
[2025-01-29T23:39:58.810+0000] {processor.py:154} INFO - Started process (PID=1054) to work on /home/airflow/.local/lib/python3.7/site-packages/airflow/example_dags/example_latest_only.py
[2025-01-29T23:39:58.812+0000] {processor.py:756} INFO - Processing file /home/airflow/.local/lib/python3.7/site-packages/airflow/example_dags/example_latest_only.py for tasks to queue
[2025-01-29T23:39:58.813+0000] {logging_mixin.py:120} INFO - [2025-01-29T23:39:58.813+0000] {dagbag.py:537} INFO - Filling up the DagBag from /home/airflow/.local/lib/python3.7/site-packages/airflow/example_dags/example_latest_only.py
[2025-01-29T23:39:58.827+0000] {processor.py:766} INFO - DAG(s) dict_keys(['latest_only']) retrieved from /home/airflow/.local/lib/python3.7/site-packages/airflow/example_dags/example_latest_only.py
[2025-01-29T23:39:58.886+0000] {logging_mixin.py:120} INFO - [2025-01-29T23:39:58.886+0000] {dag.py:2585} INFO - Sync 1 DAGs
[2025-01-29T23:39:58.924+0000] {logging_mixin.py:120} INFO - [2025-01-29T23:39:58.924+0000] {dag.py:3340} INFO - Setting next_dagrun for latest_only to 2025-01-29T19:39:58.924231+00:00, run_after=2025-01-29T23:39:58.924231+00:00
[2025-01-29T23:39:58.957+0000] {processor.py:176} INFO - Processing /home/airflow/.local/lib/python3.7/site-packages/airflow/example_dags/example_latest_only.py took 0.149 seconds
[2025-01-29T23:40:29.204+0000] {processor.py:154} INFO - Started process (PID=1118) to work on /home/airflow/.local/lib/python3.7/site-packages/airflow/example_dags/example_latest_only.py
[2025-01-29T23:40:29.206+0000] {processor.py:756} INFO - Processing file /home/airflow/.local/lib/python3.7/site-packages/airflow/example_dags/example_latest_only.py for tasks to queue
[2025-01-29T23:40:29.206+0000] {logging_mixin.py:120} INFO - [2025-01-29T23:40:29.206+0000] {dagbag.py:537} INFO - Filling up the DagBag from /home/airflow/.local/lib/python3.7/site-packages/airflow/example_dags/example_latest_only.py
[2025-01-29T23:40:29.223+0000] {processor.py:766} INFO - DAG(s) dict_keys(['latest_only']) retrieved from /home/airflow/.local/lib/python3.7/site-packages/airflow/example_dags/example_latest_only.py
[2025-01-29T23:40:29.284+0000] {logging_mixin.py:120} INFO - [2025-01-29T23:40:29.283+0000] {dag.py:2585} INFO - Sync 1 DAGs
[2025-01-29T23:40:29.318+0000] {logging_mixin.py:120} INFO - [2025-01-29T23:40:29.318+0000] {dag.py:3340} INFO - Setting next_dagrun for latest_only to 2025-01-29T19:40:29.318121+00:00, run_after=2025-01-29T23:40:29.318121+00:00
[2025-01-29T23:40:29.344+0000] {processor.py:176} INFO - Processing /home/airflow/.local/lib/python3.7/site-packages/airflow/example_dags/example_latest_only.py took 0.144 seconds
[2025-01-29T23:40:59.794+0000] {processor.py:154} INFO - Started process (PID=1180) to work on /home/airflow/.local/lib/python3.7/site-packages/airflow/example_dags/example_latest_only.py
[2025-01-29T23:40:59.795+0000] {processor.py:756} INFO - Processing file /home/airflow/.local/lib/python3.7/site-packages/airflow/example_dags/example_latest_only.py for tasks to queue
[2025-01-29T23:40:59.796+0000] {logging_mixin.py:120} INFO - [2025-01-29T23:40:59.796+0000] {dagbag.py:537} INFO - Filling up the DagBag from /home/airflow/.local/lib/python3.7/site-packages/airflow/example_dags/example_latest_only.py
[2025-01-29T23:40:59.809+0000] {processor.py:766} INFO - DAG(s) dict_keys(['latest_only']) retrieved from /home/airflow/.local/lib/python3.7/site-packages/airflow/example_dags/example_latest_only.py
[2025-01-29T23:40:59.866+0000] {logging_mixin.py:120} INFO - [2025-01-29T23:40:59.866+0000] {dag.py:2585} INFO - Sync 1 DAGs
[2025-01-29T23:40:59.899+0000] {logging_mixin.py:120} INFO - [2025-01-29T23:40:59.899+0000] {dag.py:3340} INFO - Setting next_dagrun for latest_only to 2025-01-29T19:40:59.899409+00:00, run_after=2025-01-29T23:40:59.899409+00:00
[2025-01-29T23:40:59.924+0000] {processor.py:176} INFO - Processing /home/airflow/.local/lib/python3.7/site-packages/airflow/example_dags/example_latest_only.py took 0.133 seconds
[2025-01-29T23:41:30.516+0000] {processor.py:154} INFO - Started process (PID=1237) to work on /home/airflow/.local/lib/python3.7/site-packages/airflow/example_dags/example_latest_only.py
[2025-01-29T23:41:30.517+0000] {processor.py:756} INFO - Processing file /home/airflow/.local/lib/python3.7/site-packages/airflow/example_dags/example_latest_only.py for tasks to queue
[2025-01-29T23:41:30.518+0000] {logging_mixin.py:120} INFO - [2025-01-29T23:41:30.518+0000] {dagbag.py:537} INFO - Filling up the DagBag from /home/airflow/.local/lib/python3.7/site-packages/airflow/example_dags/example_latest_only.py
[2025-01-29T23:41:30.532+0000] {processor.py:766} INFO - DAG(s) dict_keys(['latest_only']) retrieved from /home/airflow/.local/lib/python3.7/site-packages/airflow/example_dags/example_latest_only.py
[2025-01-29T23:41:30.587+0000] {logging_mixin.py:120} INFO - [2025-01-29T23:41:30.587+0000] {dag.py:2585} INFO - Sync 1 DAGs
[2025-01-29T23:41:30.618+0000] {logging_mixin.py:120} INFO - [2025-01-29T23:41:30.618+0000] {dag.py:3340} INFO - Setting next_dagrun for latest_only to 2025-01-29T19:41:30.618290+00:00, run_after=2025-01-29T23:41:30.618290+00:00
[2025-01-29T23:41:30.644+0000] {processor.py:176} INFO - Processing /home/airflow/.local/lib/python3.7/site-packages/airflow/example_dags/example_latest_only.py took 0.131 seconds
[2025-01-29T23:42:01.371+0000] {processor.py:154} INFO - Started process (PID=1302) to work on /home/airflow/.local/lib/python3.7/site-packages/airflow/example_dags/example_latest_only.py
[2025-01-29T23:42:01.372+0000] {processor.py:756} INFO - Processing file /home/airflow/.local/lib/python3.7/site-packages/airflow/example_dags/example_latest_only.py for tasks to queue
[2025-01-29T23:42:01.373+0000] {logging_mixin.py:120} INFO - [2025-01-29T23:42:01.373+0000] {dagbag.py:537} INFO - Filling up the DagBag from /home/airflow/.local/lib/python3.7/site-packages/airflow/example_dags/example_latest_only.py
[2025-01-29T23:42:01.385+0000] {processor.py:766} INFO - DAG(s) dict_keys(['latest_only']) retrieved from /home/airflow/.local/lib/python3.7/site-packages/airflow/example_dags/example_latest_only.py
[2025-01-29T23:42:01.440+0000] {logging_mixin.py:120} INFO - [2025-01-29T23:42:01.439+0000] {dag.py:2585} INFO - Sync 1 DAGs
[2025-01-29T23:42:01.475+0000] {logging_mixin.py:120} INFO - [2025-01-29T23:42:01.475+0000] {dag.py:3340} INFO - Setting next_dagrun for latest_only to 2025-01-29T19:42:01.475299+00:00, run_after=2025-01-29T23:42:01.475299+00:00
[2025-01-29T23:42:01.502+0000] {processor.py:176} INFO - Processing /home/airflow/.local/lib/python3.7/site-packages/airflow/example_dags/example_latest_only.py took 0.133 seconds
[2025-01-29T23:42:32.131+0000] {processor.py:154} INFO - Started process (PID=1366) to work on /home/airflow/.local/lib/python3.7/site-packages/airflow/example_dags/example_latest_only.py
[2025-01-29T23:42:32.133+0000] {processor.py:756} INFO - Processing file /home/airflow/.local/lib/python3.7/site-packages/airflow/example_dags/example_latest_only.py for tasks to queue
[2025-01-29T23:42:32.133+0000] {logging_mixin.py:120} INFO - [2025-01-29T23:42:32.133+0000] {dagbag.py:537} INFO - Filling up the DagBag from /home/airflow/.local/lib/python3.7/site-packages/airflow/example_dags/example_latest_only.py
[2025-01-29T23:42:32.147+0000] {processor.py:766} INFO - DAG(s) dict_keys(['latest_only']) retrieved from /home/airflow/.local/lib/python3.7/site-packages/airflow/example_dags/example_latest_only.py
[2025-01-29T23:42:32.208+0000] {logging_mixin.py:120} INFO - [2025-01-29T23:42:32.207+0000] {dag.py:2585} INFO - Sync 1 DAGs
[2025-01-29T23:42:32.240+0000] {logging_mixin.py:120} INFO - [2025-01-29T23:42:32.240+0000] {dag.py:3340} INFO - Setting next_dagrun for latest_only to 2025-01-29T19:42:32.240009+00:00, run_after=2025-01-29T23:42:32.240009+00:00
[2025-01-29T23:42:32.266+0000] {processor.py:176} INFO - Processing /home/airflow/.local/lib/python3.7/site-packages/airflow/example_dags/example_latest_only.py took 0.137 seconds
[2025-01-29T23:43:02.762+0000] {processor.py:154} INFO - Started process (PID=1422) to work on /home/airflow/.local/lib/python3.7/site-packages/airflow/example_dags/example_latest_only.py
[2025-01-29T23:43:02.764+0000] {processor.py:756} INFO - Processing file /home/airflow/.local/lib/python3.7/site-packages/airflow/example_dags/example_latest_only.py for tasks to queue
[2025-01-29T23:43:02.764+0000] {logging_mixin.py:120} INFO - [2025-01-29T23:43:02.764+0000] {dagbag.py:537} INFO - Filling up the DagBag from /home/airflow/.local/lib/python3.7/site-packages/airflow/example_dags/example_latest_only.py
[2025-01-29T23:43:02.781+0000] {processor.py:766} INFO - DAG(s) dict_keys(['latest_only']) retrieved from /home/airflow/.local/lib/python3.7/site-packages/airflow/example_dags/example_latest_only.py
[2025-01-29T23:43:02.842+0000] {logging_mixin.py:120} INFO - [2025-01-29T23:43:02.842+0000] {dag.py:2585} INFO - Sync 1 DAGs
[2025-01-29T23:43:02.881+0000] {logging_mixin.py:120} INFO - [2025-01-29T23:43:02.881+0000] {dag.py:3340} INFO - Setting next_dagrun for latest_only to 2025-01-29T19:43:02.881087+00:00, run_after=2025-01-29T23:43:02.881087+00:00
[2025-01-29T23:43:02.904+0000] {processor.py:176} INFO - Processing /home/airflow/.local/lib/python3.7/site-packages/airflow/example_dags/example_latest_only.py took 0.146 seconds
[2025-01-29T23:43:33.682+0000] {processor.py:154} INFO - Started process (PID=1486) to work on /home/airflow/.local/lib/python3.7/site-packages/airflow/example_dags/example_latest_only.py
[2025-01-29T23:43:33.683+0000] {processor.py:756} INFO - Processing file /home/airflow/.local/lib/python3.7/site-packages/airflow/example_dags/example_latest_only.py for tasks to queue
[2025-01-29T23:43:33.684+0000] {logging_mixin.py:120} INFO - [2025-01-29T23:43:33.684+0000] {dagbag.py:537} INFO - Filling up the DagBag from /home/airflow/.local/lib/python3.7/site-packages/airflow/example_dags/example_latest_only.py
[2025-01-29T23:43:33.696+0000] {processor.py:766} INFO - DAG(s) dict_keys(['latest_only']) retrieved from /home/airflow/.local/lib/python3.7/site-packages/airflow/example_dags/example_latest_only.py
[2025-01-29T23:43:33.750+0000] {logging_mixin.py:120} INFO - [2025-01-29T23:43:33.750+0000] {dag.py:2585} INFO - Sync 1 DAGs
[2025-01-29T23:43:33.782+0000] {logging_mixin.py:120} INFO - [2025-01-29T23:43:33.782+0000] {dag.py:3340} INFO - Setting next_dagrun for latest_only to 2025-01-29T19:43:33.782478+00:00, run_after=2025-01-29T23:43:33.782478+00:00
[2025-01-29T23:43:33.805+0000] {processor.py:176} INFO - Processing /home/airflow/.local/lib/python3.7/site-packages/airflow/example_dags/example_latest_only.py took 0.125 seconds
[2025-01-29T23:44:04.233+0000] {processor.py:154} INFO - Started process (PID=1550) to work on /home/airflow/.local/lib/python3.7/site-packages/airflow/example_dags/example_latest_only.py
[2025-01-29T23:44:04.234+0000] {processor.py:756} INFO - Processing file /home/airflow/.local/lib/python3.7/site-packages/airflow/example_dags/example_latest_only.py for tasks to queue
[2025-01-29T23:44:04.234+0000] {logging_mixin.py:120} INFO - [2025-01-29T23:44:04.234+0000] {dagbag.py:537} INFO - Filling up the DagBag from /home/airflow/.local/lib/python3.7/site-packages/airflow/example_dags/example_latest_only.py
[2025-01-29T23:44:04.247+0000] {processor.py:766} INFO - DAG(s) dict_keys(['latest_only']) retrieved from /home/airflow/.local/lib/python3.7/site-packages/airflow/example_dags/example_latest_only.py
[2025-01-29T23:44:04.298+0000] {logging_mixin.py:120} INFO - [2025-01-29T23:44:04.298+0000] {dag.py:2585} INFO - Sync 1 DAGs
[2025-01-29T23:44:04.329+0000] {logging_mixin.py:120} INFO - [2025-01-29T23:44:04.329+0000] {dag.py:3340} INFO - Setting next_dagrun for latest_only to 2025-01-29T19:44:04.329571+00:00, run_after=2025-01-29T23:44:04.329571+00:00
[2025-01-29T23:44:04.353+0000] {processor.py:176} INFO - Processing /home/airflow/.local/lib/python3.7/site-packages/airflow/example_dags/example_latest_only.py took 0.122 seconds
[2025-01-29T23:44:34.777+0000] {processor.py:154} INFO - Started process (PID=1614) to work on /home/airflow/.local/lib/python3.7/site-packages/airflow/example_dags/example_latest_only.py
[2025-01-29T23:44:34.779+0000] {processor.py:756} INFO - Processing file /home/airflow/.local/lib/python3.7/site-packages/airflow/example_dags/example_latest_only.py for tasks to queue
[2025-01-29T23:44:34.779+0000] {logging_mixin.py:120} INFO - [2025-01-29T23:44:34.779+0000] {dagbag.py:537} INFO - Filling up the DagBag from /home/airflow/.local/lib/python3.7/site-packages/airflow/example_dags/example_latest_only.py
[2025-01-29T23:44:34.792+0000] {processor.py:766} INFO - DAG(s) dict_keys(['latest_only']) retrieved from /home/airflow/.local/lib/python3.7/site-packages/airflow/example_dags/example_latest_only.py
[2025-01-29T23:44:34.842+0000] {logging_mixin.py:120} INFO - [2025-01-29T23:44:34.842+0000] {dag.py:2585} INFO - Sync 1 DAGs
[2025-01-29T23:44:34.871+0000] {logging_mixin.py:120} INFO - [2025-01-29T23:44:34.871+0000] {dag.py:3340} INFO - Setting next_dagrun for latest_only to 2025-01-29T19:44:34.871195+00:00, run_after=2025-01-29T23:44:34.871195+00:00
[2025-01-29T23:44:34.897+0000] {processor.py:176} INFO - Processing /home/airflow/.local/lib/python3.7/site-packages/airflow/example_dags/example_latest_only.py took 0.122 seconds
[2025-01-29T23:45:05.317+0000] {processor.py:154} INFO - Started process (PID=1669) to work on /home/airflow/.local/lib/python3.7/site-packages/airflow/example_dags/example_latest_only.py
[2025-01-29T23:45:05.317+0000] {processor.py:756} INFO - Processing file /home/airflow/.local/lib/python3.7/site-packages/airflow/example_dags/example_latest_only.py for tasks to queue
[2025-01-29T23:45:05.318+0000] {logging_mixin.py:120} INFO - [2025-01-29T23:45:05.318+0000] {dagbag.py:537} INFO - Filling up the DagBag from /home/airflow/.local/lib/python3.7/site-packages/airflow/example_dags/example_latest_only.py
[2025-01-29T23:45:05.330+0000] {processor.py:766} INFO - DAG(s) dict_keys(['latest_only']) retrieved from /home/airflow/.local/lib/python3.7/site-packages/airflow/example_dags/example_latest_only.py
[2025-01-29T23:45:05.382+0000] {logging_mixin.py:120} INFO - [2025-01-29T23:45:05.381+0000] {dag.py:2585} INFO - Sync 1 DAGs
[2025-01-29T23:45:05.412+0000] {logging_mixin.py:120} INFO - [2025-01-29T23:45:05.412+0000] {dag.py:3340} INFO - Setting next_dagrun for latest_only to 2025-01-29T19:45:05.412001+00:00, run_after=2025-01-29T23:45:05.412001+00:00
[2025-01-29T23:45:05.433+0000] {processor.py:176} INFO - Processing /home/airflow/.local/lib/python3.7/site-packages/airflow/example_dags/example_latest_only.py took 0.119 seconds
[2025-01-29T23:45:35.860+0000] {processor.py:154} INFO - Started process (PID=1733) to work on /home/airflow/.local/lib/python3.7/site-packages/airflow/example_dags/example_latest_only.py
[2025-01-29T23:45:35.861+0000] {processor.py:756} INFO - Processing file /home/airflow/.local/lib/python3.7/site-packages/airflow/example_dags/example_latest_only.py for tasks to queue
[2025-01-29T23:45:35.862+0000] {logging_mixin.py:120} INFO - [2025-01-29T23:45:35.862+0000] {dagbag.py:537} INFO - Filling up the DagBag from /home/airflow/.local/lib/python3.7/site-packages/airflow/example_dags/example_latest_only.py
[2025-01-29T23:45:35.878+0000] {processor.py:766} INFO - DAG(s) dict_keys(['latest_only']) retrieved from /home/airflow/.local/lib/python3.7/site-packages/airflow/example_dags/example_latest_only.py
[2025-01-29T23:45:35.938+0000] {logging_mixin.py:120} INFO - [2025-01-29T23:45:35.938+0000] {dag.py:2585} INFO - Sync 1 DAGs
[2025-01-29T23:45:35.973+0000] {logging_mixin.py:120} INFO - [2025-01-29T23:45:35.973+0000] {dag.py:3340} INFO - Setting next_dagrun for latest_only to 2025-01-29T19:45:35.972838+00:00, run_after=2025-01-29T23:45:35.972838+00:00
[2025-01-29T23:45:35.996+0000] {processor.py:176} INFO - Processing /home/airflow/.local/lib/python3.7/site-packages/airflow/example_dags/example_latest_only.py took 0.139 seconds
[2025-01-29T23:46:06.570+0000] {processor.py:154} INFO - Started process (PID=1797) to work on /home/airflow/.local/lib/python3.7/site-packages/airflow/example_dags/example_latest_only.py
[2025-01-29T23:46:06.571+0000] {processor.py:756} INFO - Processing file /home/airflow/.local/lib/python3.7/site-packages/airflow/example_dags/example_latest_only.py for tasks to queue
[2025-01-29T23:46:06.572+0000] {logging_mixin.py:120} INFO - [2025-01-29T23:46:06.571+0000] {dagbag.py:537} INFO - Filling up the DagBag from /home/airflow/.local/lib/python3.7/site-packages/airflow/example_dags/example_latest_only.py
[2025-01-29T23:46:06.584+0000] {processor.py:766} INFO - DAG(s) dict_keys(['latest_only']) retrieved from /home/airflow/.local/lib/python3.7/site-packages/airflow/example_dags/example_latest_only.py
[2025-01-29T23:46:06.639+0000] {logging_mixin.py:120} INFO - [2025-01-29T23:46:06.639+0000] {dag.py:2585} INFO - Sync 1 DAGs
[2025-01-29T23:46:06.669+0000] {logging_mixin.py:120} INFO - [2025-01-29T23:46:06.668+0000] {dag.py:3340} INFO - Setting next_dagrun for latest_only to 2025-01-29T19:46:06.668722+00:00, run_after=2025-01-29T23:46:06.668722+00:00
[2025-01-29T23:46:06.690+0000] {processor.py:176} INFO - Processing /home/airflow/.local/lib/python3.7/site-packages/airflow/example_dags/example_latest_only.py took 0.123 seconds
[2025-01-29T23:46:37.065+0000] {processor.py:154} INFO - Started process (PID=1852) to work on /home/airflow/.local/lib/python3.7/site-packages/airflow/example_dags/example_latest_only.py
[2025-01-29T23:46:37.066+0000] {processor.py:756} INFO - Processing file /home/airflow/.local/lib/python3.7/site-packages/airflow/example_dags/example_latest_only.py for tasks to queue
[2025-01-29T23:46:37.067+0000] {logging_mixin.py:120} INFO - [2025-01-29T23:46:37.067+0000] {dagbag.py:537} INFO - Filling up the DagBag from /home/airflow/.local/lib/python3.7/site-packages/airflow/example_dags/example_latest_only.py
[2025-01-29T23:46:37.080+0000] {processor.py:766} INFO - DAG(s) dict_keys(['latest_only']) retrieved from /home/airflow/.local/lib/python3.7/site-packages/airflow/example_dags/example_latest_only.py
[2025-01-29T23:46:37.130+0000] {logging_mixin.py:120} INFO - [2025-01-29T23:46:37.130+0000] {dag.py:2585} INFO - Sync 1 DAGs
[2025-01-29T23:46:37.159+0000] {logging_mixin.py:120} INFO - [2025-01-29T23:46:37.159+0000] {dag.py:3340} INFO - Setting next_dagrun for latest_only to 2025-01-29T19:46:37.159244+00:00, run_after=2025-01-29T23:46:37.159244+00:00
[2025-01-29T23:46:37.183+0000] {processor.py:176} INFO - Processing /home/airflow/.local/lib/python3.7/site-packages/airflow/example_dags/example_latest_only.py took 0.120 seconds
[2025-01-29T23:47:07.304+0000] {processor.py:154} INFO - Started process (PID=1916) to work on /home/airflow/.local/lib/python3.7/site-packages/airflow/example_dags/example_latest_only.py
[2025-01-29T23:47:07.305+0000] {processor.py:756} INFO - Processing file /home/airflow/.local/lib/python3.7/site-packages/airflow/example_dags/example_latest_only.py for tasks to queue
[2025-01-29T23:47:07.306+0000] {logging_mixin.py:120} INFO - [2025-01-29T23:47:07.306+0000] {dagbag.py:537} INFO - Filling up the DagBag from /home/airflow/.local/lib/python3.7/site-packages/airflow/example_dags/example_latest_only.py
[2025-01-29T23:47:07.319+0000] {processor.py:766} INFO - DAG(s) dict_keys(['latest_only']) retrieved from /home/airflow/.local/lib/python3.7/site-packages/airflow/example_dags/example_latest_only.py
[2025-01-29T23:47:07.372+0000] {logging_mixin.py:120} INFO - [2025-01-29T23:47:07.371+0000] {dag.py:2585} INFO - Sync 1 DAGs
[2025-01-29T23:47:07.404+0000] {logging_mixin.py:120} INFO - [2025-01-29T23:47:07.404+0000] {dag.py:3340} INFO - Setting next_dagrun for latest_only to 2025-01-29T19:47:07.404267+00:00, run_after=2025-01-29T23:47:07.404267+00:00
[2025-01-29T23:47:07.427+0000] {processor.py:176} INFO - Processing /home/airflow/.local/lib/python3.7/site-packages/airflow/example_dags/example_latest_only.py took 0.125 seconds
[2025-01-29T23:47:37.963+0000] {processor.py:154} INFO - Started process (PID=1980) to work on /home/airflow/.local/lib/python3.7/site-packages/airflow/example_dags/example_latest_only.py
[2025-01-29T23:47:37.964+0000] {processor.py:756} INFO - Processing file /home/airflow/.local/lib/python3.7/site-packages/airflow/example_dags/example_latest_only.py for tasks to queue
[2025-01-29T23:47:37.965+0000] {logging_mixin.py:120} INFO - [2025-01-29T23:47:37.964+0000] {dagbag.py:537} INFO - Filling up the DagBag from /home/airflow/.local/lib/python3.7/site-packages/airflow/example_dags/example_latest_only.py
[2025-01-29T23:47:37.978+0000] {processor.py:766} INFO - DAG(s) dict_keys(['latest_only']) retrieved from /home/airflow/.local/lib/python3.7/site-packages/airflow/example_dags/example_latest_only.py
[2025-01-29T23:47:38.031+0000] {logging_mixin.py:120} INFO - [2025-01-29T23:47:38.031+0000] {dag.py:2585} INFO - Sync 1 DAGs
[2025-01-29T23:47:38.062+0000] {logging_mixin.py:120} INFO - [2025-01-29T23:47:38.062+0000] {dag.py:3340} INFO - Setting next_dagrun for latest_only to 2025-01-29T19:47:38.062443+00:00, run_after=2025-01-29T23:47:38.062443+00:00
[2025-01-29T23:47:38.083+0000] {processor.py:176} INFO - Processing /home/airflow/.local/lib/python3.7/site-packages/airflow/example_dags/example_latest_only.py took 0.123 seconds
[2025-01-29T23:48:08.894+0000] {processor.py:154} INFO - Started process (PID=2035) to work on /home/airflow/.local/lib/python3.7/site-packages/airflow/example_dags/example_latest_only.py
[2025-01-29T23:48:08.895+0000] {processor.py:756} INFO - Processing file /home/airflow/.local/lib/python3.7/site-packages/airflow/example_dags/example_latest_only.py for tasks to queue
[2025-01-29T23:48:08.897+0000] {logging_mixin.py:120} INFO - [2025-01-29T23:48:08.896+0000] {dagbag.py:537} INFO - Filling up the DagBag from /home/airflow/.local/lib/python3.7/site-packages/airflow/example_dags/example_latest_only.py
[2025-01-29T23:48:08.915+0000] {processor.py:766} INFO - DAG(s) dict_keys(['latest_only']) retrieved from /home/airflow/.local/lib/python3.7/site-packages/airflow/example_dags/example_latest_only.py
[2025-01-29T23:48:08.999+0000] {logging_mixin.py:120} INFO - [2025-01-29T23:48:08.999+0000] {dag.py:2585} INFO - Sync 1 DAGs
[2025-01-29T23:48:09.052+0000] {logging_mixin.py:120} INFO - [2025-01-29T23:48:09.051+0000] {dag.py:3340} INFO - Setting next_dagrun for latest_only to 2025-01-29T19:48:09.051431+00:00, run_after=2025-01-29T23:48:09.051431+00:00
[2025-01-29T23:48:09.095+0000] {processor.py:176} INFO - Processing /home/airflow/.local/lib/python3.7/site-packages/airflow/example_dags/example_latest_only.py took 0.205 seconds
[2025-01-29T23:48:39.718+0000] {processor.py:154} INFO - Started process (PID=2099) to work on /home/airflow/.local/lib/python3.7/site-packages/airflow/example_dags/example_latest_only.py
[2025-01-29T23:48:39.719+0000] {processor.py:756} INFO - Processing file /home/airflow/.local/lib/python3.7/site-packages/airflow/example_dags/example_latest_only.py for tasks to queue
[2025-01-29T23:48:39.720+0000] {logging_mixin.py:120} INFO - [2025-01-29T23:48:39.720+0000] {dagbag.py:537} INFO - Filling up the DagBag from /home/airflow/.local/lib/python3.7/site-packages/airflow/example_dags/example_latest_only.py
[2025-01-29T23:48:39.732+0000] {processor.py:766} INFO - DAG(s) dict_keys(['latest_only']) retrieved from /home/airflow/.local/lib/python3.7/site-packages/airflow/example_dags/example_latest_only.py
[2025-01-29T23:48:39.785+0000] {logging_mixin.py:120} INFO - [2025-01-29T23:48:39.785+0000] {dag.py:2585} INFO - Sync 1 DAGs
[2025-01-29T23:48:39.814+0000] {logging_mixin.py:120} INFO - [2025-01-29T23:48:39.814+0000] {dag.py:3340} INFO - Setting next_dagrun for latest_only to 2025-01-29T19:48:39.814329+00:00, run_after=2025-01-29T23:48:39.814329+00:00
[2025-01-29T23:48:39.837+0000] {processor.py:176} INFO - Processing /home/airflow/.local/lib/python3.7/site-packages/airflow/example_dags/example_latest_only.py took 0.122 seconds
[2025-01-29T23:49:10.179+0000] {processor.py:154} INFO - Started process (PID=2163) to work on /home/airflow/.local/lib/python3.7/site-packages/airflow/example_dags/example_latest_only.py
[2025-01-29T23:49:10.180+0000] {processor.py:756} INFO - Processing file /home/airflow/.local/lib/python3.7/site-packages/airflow/example_dags/example_latest_only.py for tasks to queue
[2025-01-29T23:49:10.181+0000] {logging_mixin.py:120} INFO - [2025-01-29T23:49:10.181+0000] {dagbag.py:537} INFO - Filling up the DagBag from /home/airflow/.local/lib/python3.7/site-packages/airflow/example_dags/example_latest_only.py
[2025-01-29T23:49:10.193+0000] {processor.py:766} INFO - DAG(s) dict_keys(['latest_only']) retrieved from /home/airflow/.local/lib/python3.7/site-packages/airflow/example_dags/example_latest_only.py
[2025-01-29T23:49:10.247+0000] {logging_mixin.py:120} INFO - [2025-01-29T23:49:10.247+0000] {dag.py:2585} INFO - Sync 1 DAGs
[2025-01-29T23:49:10.282+0000] {logging_mixin.py:120} INFO - [2025-01-29T23:49:10.282+0000] {dag.py:3340} INFO - Setting next_dagrun for latest_only to 2025-01-29T19:49:10.282447+00:00, run_after=2025-01-29T23:49:10.282447+00:00
[2025-01-29T23:49:10.310+0000] {processor.py:176} INFO - Processing /home/airflow/.local/lib/python3.7/site-packages/airflow/example_dags/example_latest_only.py took 0.133 seconds
[2025-01-29T23:49:40.516+0000] {processor.py:154} INFO - Started process (PID=2227) to work on /home/airflow/.local/lib/python3.7/site-packages/airflow/example_dags/example_latest_only.py
[2025-01-29T23:49:40.517+0000] {processor.py:756} INFO - Processing file /home/airflow/.local/lib/python3.7/site-packages/airflow/example_dags/example_latest_only.py for tasks to queue
[2025-01-29T23:49:40.517+0000] {logging_mixin.py:120} INFO - [2025-01-29T23:49:40.517+0000] {dagbag.py:537} INFO - Filling up the DagBag from /home/airflow/.local/lib/python3.7/site-packages/airflow/example_dags/example_latest_only.py
[2025-01-29T23:49:40.529+0000] {processor.py:766} INFO - DAG(s) dict_keys(['latest_only']) retrieved from /home/airflow/.local/lib/python3.7/site-packages/airflow/example_dags/example_latest_only.py
[2025-01-29T23:49:40.595+0000] {logging_mixin.py:120} INFO - [2025-01-29T23:49:40.594+0000] {dag.py:2585} INFO - Sync 1 DAGs
[2025-01-29T23:49:40.635+0000] {logging_mixin.py:120} INFO - [2025-01-29T23:49:40.634+0000] {dag.py:3340} INFO - Setting next_dagrun for latest_only to 2025-01-29T19:49:40.634577+00:00, run_after=2025-01-29T23:49:40.634577+00:00
[2025-01-29T23:49:40.665+0000] {processor.py:176} INFO - Processing /home/airflow/.local/lib/python3.7/site-packages/airflow/example_dags/example_latest_only.py took 0.152 seconds
[2025-01-29T23:50:10.783+0000] {processor.py:154} INFO - Started process (PID=2282) to work on /home/airflow/.local/lib/python3.7/site-packages/airflow/example_dags/example_latest_only.py
[2025-01-29T23:50:10.784+0000] {processor.py:756} INFO - Processing file /home/airflow/.local/lib/python3.7/site-packages/airflow/example_dags/example_latest_only.py for tasks to queue
[2025-01-29T23:50:10.785+0000] {logging_mixin.py:120} INFO - [2025-01-29T23:50:10.785+0000] {dagbag.py:537} INFO - Filling up the DagBag from /home/airflow/.local/lib/python3.7/site-packages/airflow/example_dags/example_latest_only.py
[2025-01-29T23:50:10.799+0000] {processor.py:766} INFO - DAG(s) dict_keys(['latest_only']) retrieved from /home/airflow/.local/lib/python3.7/site-packages/airflow/example_dags/example_latest_only.py
[2025-01-29T23:50:10.853+0000] {logging_mixin.py:120} INFO - [2025-01-29T23:50:10.853+0000] {dag.py:2585} INFO - Sync 1 DAGs
[2025-01-29T23:50:10.883+0000] {logging_mixin.py:120} INFO - [2025-01-29T23:50:10.883+0000] {dag.py:3340} INFO - Setting next_dagrun for latest_only to 2025-01-29T19:50:10.883189+00:00, run_after=2025-01-29T23:50:10.883189+00:00
[2025-01-29T23:50:10.905+0000] {processor.py:176} INFO - Processing /home/airflow/.local/lib/python3.7/site-packages/airflow/example_dags/example_latest_only.py took 0.125 seconds
[2025-01-29T23:50:41.286+0000] {processor.py:154} INFO - Started process (PID=2346) to work on /home/airflow/.local/lib/python3.7/site-packages/airflow/example_dags/example_latest_only.py
[2025-01-29T23:50:41.286+0000] {processor.py:756} INFO - Processing file /home/airflow/.local/lib/python3.7/site-packages/airflow/example_dags/example_latest_only.py for tasks to queue
[2025-01-29T23:50:41.287+0000] {logging_mixin.py:120} INFO - [2025-01-29T23:50:41.287+0000] {dagbag.py:537} INFO - Filling up the DagBag from /home/airflow/.local/lib/python3.7/site-packages/airflow/example_dags/example_latest_only.py
[2025-01-29T23:50:41.300+0000] {processor.py:766} INFO - DAG(s) dict_keys(['latest_only']) retrieved from /home/airflow/.local/lib/python3.7/site-packages/airflow/example_dags/example_latest_only.py
[2025-01-29T23:50:41.352+0000] {logging_mixin.py:120} INFO - [2025-01-29T23:50:41.351+0000] {dag.py:2585} INFO - Sync 1 DAGs
[2025-01-29T23:50:41.382+0000] {logging_mixin.py:120} INFO - [2025-01-29T23:50:41.382+0000] {dag.py:3340} INFO - Setting next_dagrun for latest_only to 2025-01-29T19:50:41.382291+00:00, run_after=2025-01-29T23:50:41.382291+00:00
[2025-01-29T23:50:41.406+0000] {processor.py:176} INFO - Processing /home/airflow/.local/lib/python3.7/site-packages/airflow/example_dags/example_latest_only.py took 0.123 seconds
[2025-01-29T23:51:11.950+0000] {processor.py:154} INFO - Started process (PID=2411) to work on /home/airflow/.local/lib/python3.7/site-packages/airflow/example_dags/example_latest_only.py
[2025-01-29T23:51:11.951+0000] {processor.py:756} INFO - Processing file /home/airflow/.local/lib/python3.7/site-packages/airflow/example_dags/example_latest_only.py for tasks to queue
[2025-01-29T23:51:11.952+0000] {logging_mixin.py:120} INFO - [2025-01-29T23:51:11.951+0000] {dagbag.py:537} INFO - Filling up the DagBag from /home/airflow/.local/lib/python3.7/site-packages/airflow/example_dags/example_latest_only.py
[2025-01-29T23:51:11.968+0000] {processor.py:766} INFO - DAG(s) dict_keys(['latest_only']) retrieved from /home/airflow/.local/lib/python3.7/site-packages/airflow/example_dags/example_latest_only.py
[2025-01-29T23:51:12.031+0000] {logging_mixin.py:120} INFO - [2025-01-29T23:51:12.031+0000] {dag.py:2585} INFO - Sync 1 DAGs
[2025-01-29T23:51:12.065+0000] {logging_mixin.py:120} INFO - [2025-01-29T23:51:12.064+0000] {dag.py:3340} INFO - Setting next_dagrun for latest_only to 2025-01-29T19:51:12.064643+00:00, run_after=2025-01-29T23:51:12.064643+00:00
[2025-01-29T23:51:12.090+0000] {processor.py:176} INFO - Processing /home/airflow/.local/lib/python3.7/site-packages/airflow/example_dags/example_latest_only.py took 0.144 seconds
[2025-01-29T23:51:42.980+0000] {processor.py:154} INFO - Started process (PID=2466) to work on /home/airflow/.local/lib/python3.7/site-packages/airflow/example_dags/example_latest_only.py
[2025-01-29T23:51:42.981+0000] {processor.py:756} INFO - Processing file /home/airflow/.local/lib/python3.7/site-packages/airflow/example_dags/example_latest_only.py for tasks to queue
[2025-01-29T23:51:42.982+0000] {logging_mixin.py:120} INFO - [2025-01-29T23:51:42.982+0000] {dagbag.py:537} INFO - Filling up the DagBag from /home/airflow/.local/lib/python3.7/site-packages/airflow/example_dags/example_latest_only.py
[2025-01-29T23:51:42.994+0000] {processor.py:766} INFO - DAG(s) dict_keys(['latest_only']) retrieved from /home/airflow/.local/lib/python3.7/site-packages/airflow/example_dags/example_latest_only.py
[2025-01-29T23:51:43.052+0000] {logging_mixin.py:120} INFO - [2025-01-29T23:51:43.052+0000] {dag.py:2585} INFO - Sync 1 DAGs
[2025-01-29T23:51:43.087+0000] {logging_mixin.py:120} INFO - [2025-01-29T23:51:43.087+0000] {dag.py:3340} INFO - Setting next_dagrun for latest_only to 2025-01-29T19:51:43.086958+00:00, run_after=2025-01-29T23:51:43.086958+00:00
[2025-01-29T23:51:43.115+0000] {processor.py:176} INFO - Processing /home/airflow/.local/lib/python3.7/site-packages/airflow/example_dags/example_latest_only.py took 0.137 seconds
[2025-01-29T23:52:13.388+0000] {processor.py:154} INFO - Started process (PID=2530) to work on /home/airflow/.local/lib/python3.7/site-packages/airflow/example_dags/example_latest_only.py
[2025-01-29T23:52:13.389+0000] {processor.py:756} INFO - Processing file /home/airflow/.local/lib/python3.7/site-packages/airflow/example_dags/example_latest_only.py for tasks to queue
[2025-01-29T23:52:13.389+0000] {logging_mixin.py:120} INFO - [2025-01-29T23:52:13.389+0000] {dagbag.py:537} INFO - Filling up the DagBag from /home/airflow/.local/lib/python3.7/site-packages/airflow/example_dags/example_latest_only.py
[2025-01-29T23:52:13.402+0000] {processor.py:766} INFO - DAG(s) dict_keys(['latest_only']) retrieved from /home/airflow/.local/lib/python3.7/site-packages/airflow/example_dags/example_latest_only.py
[2025-01-29T23:52:13.454+0000] {logging_mixin.py:120} INFO - [2025-01-29T23:52:13.454+0000] {dag.py:2585} INFO - Sync 1 DAGs
[2025-01-29T23:52:13.484+0000] {logging_mixin.py:120} INFO - [2025-01-29T23:52:13.484+0000] {dag.py:3340} INFO - Setting next_dagrun for latest_only to 2025-01-29T19:52:13.483765+00:00, run_after=2025-01-29T23:52:13.483765+00:00
[2025-01-29T23:52:13.506+0000] {processor.py:176} INFO - Processing /home/airflow/.local/lib/python3.7/site-packages/airflow/example_dags/example_latest_only.py took 0.121 seconds
[2025-01-29T23:52:44.151+0000] {processor.py:154} INFO - Started process (PID=2594) to work on /home/airflow/.local/lib/python3.7/site-packages/airflow/example_dags/example_latest_only.py
[2025-01-29T23:52:44.152+0000] {processor.py:756} INFO - Processing file /home/airflow/.local/lib/python3.7/site-packages/airflow/example_dags/example_latest_only.py for tasks to queue
[2025-01-29T23:52:44.152+0000] {logging_mixin.py:120} INFO - [2025-01-29T23:52:44.152+0000] {dagbag.py:537} INFO - Filling up the DagBag from /home/airflow/.local/lib/python3.7/site-packages/airflow/example_dags/example_latest_only.py
[2025-01-29T23:52:44.168+0000] {processor.py:766} INFO - DAG(s) dict_keys(['latest_only']) retrieved from /home/airflow/.local/lib/python3.7/site-packages/airflow/example_dags/example_latest_only.py
[2025-01-29T23:52:44.229+0000] {logging_mixin.py:120} INFO - [2025-01-29T23:52:44.228+0000] {dag.py:2585} INFO - Sync 1 DAGs
[2025-01-29T23:52:44.263+0000] {logging_mixin.py:120} INFO - [2025-01-29T23:52:44.263+0000] {dag.py:3340} INFO - Setting next_dagrun for latest_only to 2025-01-29T19:52:44.263349+00:00, run_after=2025-01-29T23:52:44.263349+00:00
[2025-01-29T23:52:44.288+0000] {processor.py:176} INFO - Processing /home/airflow/.local/lib/python3.7/site-packages/airflow/example_dags/example_latest_only.py took 0.140 seconds
[2025-01-29T23:53:14.515+0000] {processor.py:154} INFO - Started process (PID=2649) to work on /home/airflow/.local/lib/python3.7/site-packages/airflow/example_dags/example_latest_only.py
[2025-01-29T23:53:14.516+0000] {processor.py:756} INFO - Processing file /home/airflow/.local/lib/python3.7/site-packages/airflow/example_dags/example_latest_only.py for tasks to queue
[2025-01-29T23:53:14.517+0000] {logging_mixin.py:120} INFO - [2025-01-29T23:53:14.517+0000] {dagbag.py:537} INFO - Filling up the DagBag from /home/airflow/.local/lib/python3.7/site-packages/airflow/example_dags/example_latest_only.py
[2025-01-29T23:53:14.529+0000] {processor.py:766} INFO - DAG(s) dict_keys(['latest_only']) retrieved from /home/airflow/.local/lib/python3.7/site-packages/airflow/example_dags/example_latest_only.py
[2025-01-29T23:53:14.584+0000] {logging_mixin.py:120} INFO - [2025-01-29T23:53:14.584+0000] {dag.py:2585} INFO - Sync 1 DAGs
[2025-01-29T23:53:14.616+0000] {logging_mixin.py:120} INFO - [2025-01-29T23:53:14.616+0000] {dag.py:3340} INFO - Setting next_dagrun for latest_only to 2025-01-29T19:53:14.615866+00:00, run_after=2025-01-29T23:53:14.615866+00:00
[2025-01-29T23:53:14.637+0000] {processor.py:176} INFO - Processing /home/airflow/.local/lib/python3.7/site-packages/airflow/example_dags/example_latest_only.py took 0.125 seconds
[2025-01-29T23:53:44.827+0000] {processor.py:154} INFO - Started process (PID=2713) to work on /home/airflow/.local/lib/python3.7/site-packages/airflow/example_dags/example_latest_only.py
[2025-01-29T23:53:44.827+0000] {processor.py:756} INFO - Processing file /home/airflow/.local/lib/python3.7/site-packages/airflow/example_dags/example_latest_only.py for tasks to queue
[2025-01-29T23:53:44.828+0000] {logging_mixin.py:120} INFO - [2025-01-29T23:53:44.828+0000] {dagbag.py:537} INFO - Filling up the DagBag from /home/airflow/.local/lib/python3.7/site-packages/airflow/example_dags/example_latest_only.py
[2025-01-29T23:53:44.840+0000] {processor.py:766} INFO - DAG(s) dict_keys(['latest_only']) retrieved from /home/airflow/.local/lib/python3.7/site-packages/airflow/example_dags/example_latest_only.py
[2025-01-29T23:53:44.894+0000] {logging_mixin.py:120} INFO - [2025-01-29T23:53:44.894+0000] {dag.py:2585} INFO - Sync 1 DAGs
[2025-01-29T23:53:44.926+0000] {logging_mixin.py:120} INFO - [2025-01-29T23:53:44.925+0000] {dag.py:3340} INFO - Setting next_dagrun for latest_only to 2025-01-29T19:53:44.925571+00:00, run_after=2025-01-29T23:53:44.925571+00:00
[2025-01-29T23:53:44.947+0000] {processor.py:176} INFO - Processing /home/airflow/.local/lib/python3.7/site-packages/airflow/example_dags/example_latest_only.py took 0.123 seconds
[2025-01-29T23:54:15.190+0000] {processor.py:154} INFO - Started process (PID=2777) to work on /home/airflow/.local/lib/python3.7/site-packages/airflow/example_dags/example_latest_only.py
[2025-01-29T23:54:15.191+0000] {processor.py:756} INFO - Processing file /home/airflow/.local/lib/python3.7/site-packages/airflow/example_dags/example_latest_only.py for tasks to queue
[2025-01-29T23:54:15.192+0000] {logging_mixin.py:120} INFO - [2025-01-29T23:54:15.192+0000] {dagbag.py:537} INFO - Filling up the DagBag from /home/airflow/.local/lib/python3.7/site-packages/airflow/example_dags/example_latest_only.py
[2025-01-29T23:54:15.205+0000] {processor.py:766} INFO - DAG(s) dict_keys(['latest_only']) retrieved from /home/airflow/.local/lib/python3.7/site-packages/airflow/example_dags/example_latest_only.py
[2025-01-29T23:54:15.259+0000] {logging_mixin.py:120} INFO - [2025-01-29T23:54:15.259+0000] {dag.py:2585} INFO - Sync 1 DAGs
[2025-01-29T23:54:15.290+0000] {logging_mixin.py:120} INFO - [2025-01-29T23:54:15.290+0000] {dag.py:3340} INFO - Setting next_dagrun for latest_only to 2025-01-29T19:54:15.290221+00:00, run_after=2025-01-29T23:54:15.290221+00:00
[2025-01-29T23:54:15.320+0000] {processor.py:176} INFO - Processing /home/airflow/.local/lib/python3.7/site-packages/airflow/example_dags/example_latest_only.py took 0.133 seconds
[2025-01-29T23:54:45.839+0000] {processor.py:154} INFO - Started process (PID=2832) to work on /home/airflow/.local/lib/python3.7/site-packages/airflow/example_dags/example_latest_only.py
[2025-01-29T23:54:45.840+0000] {processor.py:756} INFO - Processing file /home/airflow/.local/lib/python3.7/site-packages/airflow/example_dags/example_latest_only.py for tasks to queue
[2025-01-29T23:54:45.841+0000] {logging_mixin.py:120} INFO - [2025-01-29T23:54:45.840+0000] {dagbag.py:537} INFO - Filling up the DagBag from /home/airflow/.local/lib/python3.7/site-packages/airflow/example_dags/example_latest_only.py
[2025-01-29T23:54:45.854+0000] {processor.py:766} INFO - DAG(s) dict_keys(['latest_only']) retrieved from /home/airflow/.local/lib/python3.7/site-packages/airflow/example_dags/example_latest_only.py
[2025-01-29T23:54:45.907+0000] {logging_mixin.py:120} INFO - [2025-01-29T23:54:45.907+0000] {dag.py:2585} INFO - Sync 1 DAGs
[2025-01-29T23:54:45.939+0000] {logging_mixin.py:120} INFO - [2025-01-29T23:54:45.939+0000] {dag.py:3340} INFO - Setting next_dagrun for latest_only to 2025-01-29T19:54:45.938998+00:00, run_after=2025-01-29T23:54:45.938998+00:00
[2025-01-29T23:54:45.964+0000] {processor.py:176} INFO - Processing /home/airflow/.local/lib/python3.7/site-packages/airflow/example_dags/example_latest_only.py took 0.128 seconds
[2025-01-29T23:55:16.092+0000] {processor.py:154} INFO - Started process (PID=2896) to work on /home/airflow/.local/lib/python3.7/site-packages/airflow/example_dags/example_latest_only.py
[2025-01-29T23:55:16.093+0000] {processor.py:756} INFO - Processing file /home/airflow/.local/lib/python3.7/site-packages/airflow/example_dags/example_latest_only.py for tasks to queue
[2025-01-29T23:55:16.094+0000] {logging_mixin.py:120} INFO - [2025-01-29T23:55:16.094+0000] {dagbag.py:537} INFO - Filling up the DagBag from /home/airflow/.local/lib/python3.7/site-packages/airflow/example_dags/example_latest_only.py
[2025-01-29T23:55:16.107+0000] {processor.py:766} INFO - DAG(s) dict_keys(['latest_only']) retrieved from /home/airflow/.local/lib/python3.7/site-packages/airflow/example_dags/example_latest_only.py
[2025-01-29T23:55:16.159+0000] {logging_mixin.py:120} INFO - [2025-01-29T23:55:16.159+0000] {dag.py:2585} INFO - Sync 1 DAGs
[2025-01-29T23:55:16.191+0000] {logging_mixin.py:120} INFO - [2025-01-29T23:55:16.191+0000] {dag.py:3340} INFO - Setting next_dagrun for latest_only to 2025-01-29T19:55:16.191303+00:00, run_after=2025-01-29T23:55:16.191303+00:00
[2025-01-29T23:55:16.214+0000] {processor.py:176} INFO - Processing /home/airflow/.local/lib/python3.7/site-packages/airflow/example_dags/example_latest_only.py took 0.125 seconds
[2025-01-29T23:55:46.459+0000] {processor.py:154} INFO - Started process (PID=2960) to work on /home/airflow/.local/lib/python3.7/site-packages/airflow/example_dags/example_latest_only.py
[2025-01-29T23:55:46.460+0000] {processor.py:756} INFO - Processing file /home/airflow/.local/lib/python3.7/site-packages/airflow/example_dags/example_latest_only.py for tasks to queue
[2025-01-29T23:55:46.461+0000] {logging_mixin.py:120} INFO - [2025-01-29T23:55:46.461+0000] {dagbag.py:537} INFO - Filling up the DagBag from /home/airflow/.local/lib/python3.7/site-packages/airflow/example_dags/example_latest_only.py
[2025-01-29T23:55:46.476+0000] {processor.py:766} INFO - DAG(s) dict_keys(['latest_only']) retrieved from /home/airflow/.local/lib/python3.7/site-packages/airflow/example_dags/example_latest_only.py
[2025-01-29T23:55:46.539+0000] {logging_mixin.py:120} INFO - [2025-01-29T23:55:46.538+0000] {dag.py:2585} INFO - Sync 1 DAGs
[2025-01-29T23:55:46.581+0000] {logging_mixin.py:120} INFO - [2025-01-29T23:55:46.581+0000] {dag.py:3340} INFO - Setting next_dagrun for latest_only to 2025-01-29T19:55:46.580910+00:00, run_after=2025-01-29T23:55:46.580910+00:00
[2025-01-29T23:55:46.609+0000] {processor.py:176} INFO - Processing /home/airflow/.local/lib/python3.7/site-packages/airflow/example_dags/example_latest_only.py took 0.152 seconds
[2025-01-29T23:56:16.817+0000] {processor.py:154} INFO - Started process (PID=3015) to work on /home/airflow/.local/lib/python3.7/site-packages/airflow/example_dags/example_latest_only.py
[2025-01-29T23:56:16.817+0000] {processor.py:756} INFO - Processing file /home/airflow/.local/lib/python3.7/site-packages/airflow/example_dags/example_latest_only.py for tasks to queue
[2025-01-29T23:56:16.818+0000] {logging_mixin.py:120} INFO - [2025-01-29T23:56:16.818+0000] {dagbag.py:537} INFO - Filling up the DagBag from /home/airflow/.local/lib/python3.7/site-packages/airflow/example_dags/example_latest_only.py
[2025-01-29T23:56:16.837+0000] {processor.py:766} INFO - DAG(s) dict_keys(['latest_only']) retrieved from /home/airflow/.local/lib/python3.7/site-packages/airflow/example_dags/example_latest_only.py
[2025-01-29T23:56:16.903+0000] {logging_mixin.py:120} INFO - [2025-01-29T23:56:16.903+0000] {dag.py:2585} INFO - Sync 1 DAGs
[2025-01-29T23:56:16.937+0000] {logging_mixin.py:120} INFO - [2025-01-29T23:56:16.937+0000] {dag.py:3340} INFO - Setting next_dagrun for latest_only to 2025-01-29T19:56:16.937254+00:00, run_after=2025-01-29T23:56:16.937254+00:00
[2025-01-29T23:56:16.962+0000] {processor.py:176} INFO - Processing /home/airflow/.local/lib/python3.7/site-packages/airflow/example_dags/example_latest_only.py took 0.148 seconds
[2025-01-29T23:56:47.104+0000] {processor.py:154} INFO - Started process (PID=3079) to work on /home/airflow/.local/lib/python3.7/site-packages/airflow/example_dags/example_latest_only.py
[2025-01-29T23:56:47.105+0000] {processor.py:756} INFO - Processing file /home/airflow/.local/lib/python3.7/site-packages/airflow/example_dags/example_latest_only.py for tasks to queue
[2025-01-29T23:56:47.106+0000] {logging_mixin.py:120} INFO - [2025-01-29T23:56:47.106+0000] {dagbag.py:537} INFO - Filling up the DagBag from /home/airflow/.local/lib/python3.7/site-packages/airflow/example_dags/example_latest_only.py
[2025-01-29T23:56:47.119+0000] {processor.py:766} INFO - DAG(s) dict_keys(['latest_only']) retrieved from /home/airflow/.local/lib/python3.7/site-packages/airflow/example_dags/example_latest_only.py
[2025-01-29T23:56:47.174+0000] {logging_mixin.py:120} INFO - [2025-01-29T23:56:47.174+0000] {dag.py:2585} INFO - Sync 1 DAGs
[2025-01-29T23:56:47.205+0000] {logging_mixin.py:120} INFO - [2025-01-29T23:56:47.205+0000] {dag.py:3340} INFO - Setting next_dagrun for latest_only to 2025-01-29T19:56:47.204946+00:00, run_after=2025-01-29T23:56:47.204946+00:00
[2025-01-29T23:56:47.229+0000] {processor.py:176} INFO - Processing /home/airflow/.local/lib/python3.7/site-packages/airflow/example_dags/example_latest_only.py took 0.127 seconds
[2025-01-29T23:57:17.689+0000] {processor.py:154} INFO - Started process (PID=3143) to work on /home/airflow/.local/lib/python3.7/site-packages/airflow/example_dags/example_latest_only.py
[2025-01-29T23:57:17.690+0000] {processor.py:756} INFO - Processing file /home/airflow/.local/lib/python3.7/site-packages/airflow/example_dags/example_latest_only.py for tasks to queue
[2025-01-29T23:57:17.691+0000] {logging_mixin.py:120} INFO - [2025-01-29T23:57:17.691+0000] {dagbag.py:537} INFO - Filling up the DagBag from /home/airflow/.local/lib/python3.7/site-packages/airflow/example_dags/example_latest_only.py
[2025-01-29T23:57:17.703+0000] {processor.py:766} INFO - DAG(s) dict_keys(['latest_only']) retrieved from /home/airflow/.local/lib/python3.7/site-packages/airflow/example_dags/example_latest_only.py
[2025-01-29T23:57:17.758+0000] {logging_mixin.py:120} INFO - [2025-01-29T23:57:17.757+0000] {dag.py:2585} INFO - Sync 1 DAGs
[2025-01-29T23:57:17.790+0000] {logging_mixin.py:120} INFO - [2025-01-29T23:57:17.790+0000] {dag.py:3340} INFO - Setting next_dagrun for latest_only to 2025-01-29T19:57:17.790125+00:00, run_after=2025-01-29T23:57:17.790125+00:00
[2025-01-29T23:57:17.815+0000] {processor.py:176} INFO - Processing /home/airflow/.local/lib/python3.7/site-packages/airflow/example_dags/example_latest_only.py took 0.129 seconds
[2025-01-29T23:57:48.340+0000] {processor.py:154} INFO - Started process (PID=3207) to work on /home/airflow/.local/lib/python3.7/site-packages/airflow/example_dags/example_latest_only.py
[2025-01-29T23:57:48.341+0000] {processor.py:756} INFO - Processing file /home/airflow/.local/lib/python3.7/site-packages/airflow/example_dags/example_latest_only.py for tasks to queue
[2025-01-29T23:57:48.342+0000] {logging_mixin.py:120} INFO - [2025-01-29T23:57:48.342+0000] {dagbag.py:537} INFO - Filling up the DagBag from /home/airflow/.local/lib/python3.7/site-packages/airflow/example_dags/example_latest_only.py
[2025-01-29T23:57:48.358+0000] {processor.py:766} INFO - DAG(s) dict_keys(['latest_only']) retrieved from /home/airflow/.local/lib/python3.7/site-packages/airflow/example_dags/example_latest_only.py
[2025-01-29T23:57:48.409+0000] {logging_mixin.py:120} INFO - [2025-01-29T23:57:48.409+0000] {dag.py:2585} INFO - Sync 1 DAGs
[2025-01-29T23:57:48.441+0000] {logging_mixin.py:120} INFO - [2025-01-29T23:57:48.441+0000] {dag.py:3340} INFO - Setting next_dagrun for latest_only to 2025-01-29T19:57:48.440963+00:00, run_after=2025-01-29T23:57:48.440963+00:00
[2025-01-29T23:57:48.469+0000] {processor.py:176} INFO - Processing /home/airflow/.local/lib/python3.7/site-packages/airflow/example_dags/example_latest_only.py took 0.134 seconds
[2025-01-29T23:58:18.580+0000] {processor.py:154} INFO - Started process (PID=3262) to work on /home/airflow/.local/lib/python3.7/site-packages/airflow/example_dags/example_latest_only.py
[2025-01-29T23:58:18.581+0000] {processor.py:756} INFO - Processing file /home/airflow/.local/lib/python3.7/site-packages/airflow/example_dags/example_latest_only.py for tasks to queue
[2025-01-29T23:58:18.582+0000] {logging_mixin.py:120} INFO - [2025-01-29T23:58:18.582+0000] {dagbag.py:537} INFO - Filling up the DagBag from /home/airflow/.local/lib/python3.7/site-packages/airflow/example_dags/example_latest_only.py
[2025-01-29T23:58:18.594+0000] {processor.py:766} INFO - DAG(s) dict_keys(['latest_only']) retrieved from /home/airflow/.local/lib/python3.7/site-packages/airflow/example_dags/example_latest_only.py
[2025-01-29T23:58:18.648+0000] {logging_mixin.py:120} INFO - [2025-01-29T23:58:18.648+0000] {dag.py:2585} INFO - Sync 1 DAGs
[2025-01-29T23:58:18.679+0000] {logging_mixin.py:120} INFO - [2025-01-29T23:58:18.679+0000] {dag.py:3340} INFO - Setting next_dagrun for latest_only to 2025-01-29T19:58:18.679349+00:00, run_after=2025-01-29T23:58:18.679349+00:00
[2025-01-29T23:58:18.702+0000] {processor.py:176} INFO - Processing /home/airflow/.local/lib/python3.7/site-packages/airflow/example_dags/example_latest_only.py took 0.125 seconds
[2025-01-29T23:58:49.309+0000] {processor.py:154} INFO - Started process (PID=3326) to work on /home/airflow/.local/lib/python3.7/site-packages/airflow/example_dags/example_latest_only.py
[2025-01-29T23:58:49.310+0000] {processor.py:756} INFO - Processing file /home/airflow/.local/lib/python3.7/site-packages/airflow/example_dags/example_latest_only.py for tasks to queue
[2025-01-29T23:58:49.311+0000] {logging_mixin.py:120} INFO - [2025-01-29T23:58:49.310+0000] {dagbag.py:537} INFO - Filling up the DagBag from /home/airflow/.local/lib/python3.7/site-packages/airflow/example_dags/example_latest_only.py
[2025-01-29T23:58:49.325+0000] {processor.py:766} INFO - DAG(s) dict_keys(['latest_only']) retrieved from /home/airflow/.local/lib/python3.7/site-packages/airflow/example_dags/example_latest_only.py
[2025-01-29T23:58:49.396+0000] {logging_mixin.py:120} INFO - [2025-01-29T23:58:49.395+0000] {dag.py:2585} INFO - Sync 1 DAGs
[2025-01-29T23:58:49.462+0000] {logging_mixin.py:120} INFO - [2025-01-29T23:58:49.462+0000] {dag.py:3340} INFO - Setting next_dagrun for latest_only to 2025-01-29T19:58:49.462137+00:00, run_after=2025-01-29T23:58:49.462137+00:00
[2025-01-29T23:58:49.521+0000] {processor.py:176} INFO - Processing /home/airflow/.local/lib/python3.7/site-packages/airflow/example_dags/example_latest_only.py took 0.216 seconds
[2025-01-29T23:59:20.101+0000] {processor.py:154} INFO - Started process (PID=3390) to work on /home/airflow/.local/lib/python3.7/site-packages/airflow/example_dags/example_latest_only.py
[2025-01-29T23:59:20.102+0000] {processor.py:756} INFO - Processing file /home/airflow/.local/lib/python3.7/site-packages/airflow/example_dags/example_latest_only.py for tasks to queue
[2025-01-29T23:59:20.103+0000] {logging_mixin.py:120} INFO - [2025-01-29T23:59:20.103+0000] {dagbag.py:537} INFO - Filling up the DagBag from /home/airflow/.local/lib/python3.7/site-packages/airflow/example_dags/example_latest_only.py
[2025-01-29T23:59:20.116+0000] {processor.py:766} INFO - DAG(s) dict_keys(['latest_only']) retrieved from /home/airflow/.local/lib/python3.7/site-packages/airflow/example_dags/example_latest_only.py
[2025-01-29T23:59:20.177+0000] {logging_mixin.py:120} INFO - [2025-01-29T23:59:20.176+0000] {dag.py:2585} INFO - Sync 1 DAGs
[2025-01-29T23:59:20.214+0000] {logging_mixin.py:120} INFO - [2025-01-29T23:59:20.214+0000] {dag.py:3340} INFO - Setting next_dagrun for latest_only to 2025-01-29T19:59:20.214390+00:00, run_after=2025-01-29T23:59:20.214390+00:00
[2025-01-29T23:59:20.238+0000] {processor.py:176} INFO - Processing /home/airflow/.local/lib/python3.7/site-packages/airflow/example_dags/example_latest_only.py took 0.140 seconds
[2025-01-29T23:59:50.651+0000] {processor.py:154} INFO - Started process (PID=3445) to work on /home/airflow/.local/lib/python3.7/site-packages/airflow/example_dags/example_latest_only.py
[2025-01-29T23:59:50.652+0000] {processor.py:756} INFO - Processing file /home/airflow/.local/lib/python3.7/site-packages/airflow/example_dags/example_latest_only.py for tasks to queue
[2025-01-29T23:59:50.653+0000] {logging_mixin.py:120} INFO - [2025-01-29T23:59:50.653+0000] {dagbag.py:537} INFO - Filling up the DagBag from /home/airflow/.local/lib/python3.7/site-packages/airflow/example_dags/example_latest_only.py
[2025-01-29T23:59:50.666+0000] {processor.py:766} INFO - DAG(s) dict_keys(['latest_only']) retrieved from /home/airflow/.local/lib/python3.7/site-packages/airflow/example_dags/example_latest_only.py
[2025-01-29T23:59:50.720+0000] {logging_mixin.py:120} INFO - [2025-01-29T23:59:50.720+0000] {dag.py:2585} INFO - Sync 1 DAGs
[2025-01-29T23:59:50.755+0000] {logging_mixin.py:120} INFO - [2025-01-29T23:59:50.754+0000] {dag.py:3340} INFO - Setting next_dagrun for latest_only to 2025-01-29T19:59:50.754590+00:00, run_after=2025-01-29T23:59:50.754590+00:00
[2025-01-29T23:59:50.777+0000] {processor.py:176} INFO - Processing /home/airflow/.local/lib/python3.7/site-packages/airflow/example_dags/example_latest_only.py took 0.129 seconds
