[2025-01-29T23:31:48.998+0000] {processor.py:154} INFO - Started process (PID=66) to work on /home/airflow/.local/lib/python3.7/site-packages/airflow/example_dags/example_trigger_controller_dag.py
[2025-01-29T23:31:48.999+0000] {processor.py:756} INFO - Processing file /home/airflow/.local/lib/python3.7/site-packages/airflow/example_dags/example_trigger_controller_dag.py for tasks to queue
[2025-01-29T23:31:49.000+0000] {logging_mixin.py:120} INFO - [2025-01-29T23:31:49.000+0000] {dagbag.py:537} INFO - Filling up the DagBag from /home/airflow/.local/lib/python3.7/site-packages/airflow/example_dags/example_trigger_controller_dag.py
[2025-01-29T23:31:49.012+0000] {processor.py:766} INFO - DAG(s) dict_keys(['example_trigger_controller_dag']) retrieved from /home/airflow/.local/lib/python3.7/site-packages/airflow/example_dags/example_trigger_controller_dag.py
[2025-01-29T23:31:49.177+0000] {logging_mixin.py:120} INFO - [2025-01-29T23:31:49.177+0000] {manager.py:507} INFO - Created Permission View: can read on DAG:example_trigger_controller_dag
[2025-01-29T23:31:49.190+0000] {logging_mixin.py:120} INFO - [2025-01-29T23:31:49.189+0000] {manager.py:507} INFO - Created Permission View: can delete on DAG:example_trigger_controller_dag
[2025-01-29T23:31:49.197+0000] {logging_mixin.py:120} INFO - [2025-01-29T23:31:49.197+0000] {manager.py:507} INFO - Created Permission View: can edit on DAG:example_trigger_controller_dag
[2025-01-29T23:31:49.197+0000] {logging_mixin.py:120} INFO - [2025-01-29T23:31:49.197+0000] {dag.py:2585} INFO - Sync 1 DAGs
[2025-01-29T23:31:49.221+0000] {logging_mixin.py:120} INFO - [2025-01-29T23:31:49.221+0000] {dag.py:2606} INFO - Creating ORM DAG for example_trigger_controller_dag
[2025-01-29T23:31:49.238+0000] {logging_mixin.py:120} INFO - [2025-01-29T23:31:49.238+0000] {dag.py:3340} INFO - Setting next_dagrun for example_trigger_controller_dag to 2021-01-01T00:00:00+00:00, run_after=2021-01-01T00:00:00+00:00
[2025-01-29T23:31:49.268+0000] {processor.py:176} INFO - Processing /home/airflow/.local/lib/python3.7/site-packages/airflow/example_dags/example_trigger_controller_dag.py took 0.273 seconds
[2025-01-29T23:32:19.757+0000] {processor.py:154} INFO - Started process (PID=130) to work on /home/airflow/.local/lib/python3.7/site-packages/airflow/example_dags/example_trigger_controller_dag.py
[2025-01-29T23:32:19.758+0000] {processor.py:756} INFO - Processing file /home/airflow/.local/lib/python3.7/site-packages/airflow/example_dags/example_trigger_controller_dag.py for tasks to queue
[2025-01-29T23:32:19.759+0000] {logging_mixin.py:120} INFO - [2025-01-29T23:32:19.759+0000] {dagbag.py:537} INFO - Filling up the DagBag from /home/airflow/.local/lib/python3.7/site-packages/airflow/example_dags/example_trigger_controller_dag.py
[2025-01-29T23:32:19.770+0000] {processor.py:766} INFO - DAG(s) dict_keys(['example_trigger_controller_dag']) retrieved from /home/airflow/.local/lib/python3.7/site-packages/airflow/example_dags/example_trigger_controller_dag.py
[2025-01-29T23:32:19.829+0000] {logging_mixin.py:120} INFO - [2025-01-29T23:32:19.829+0000] {dag.py:2585} INFO - Sync 1 DAGs
[2025-01-29T23:32:19.869+0000] {logging_mixin.py:120} INFO - [2025-01-29T23:32:19.868+0000] {dag.py:3340} INFO - Setting next_dagrun for example_trigger_controller_dag to 2021-01-01T00:00:00+00:00, run_after=2021-01-01T00:00:00+00:00
[2025-01-29T23:32:19.897+0000] {processor.py:176} INFO - Processing /home/airflow/.local/lib/python3.7/site-packages/airflow/example_dags/example_trigger_controller_dag.py took 0.144 seconds
[2025-01-29T23:32:50.506+0000] {processor.py:154} INFO - Started process (PID=186) to work on /home/airflow/.local/lib/python3.7/site-packages/airflow/example_dags/example_trigger_controller_dag.py
[2025-01-29T23:32:50.507+0000] {processor.py:756} INFO - Processing file /home/airflow/.local/lib/python3.7/site-packages/airflow/example_dags/example_trigger_controller_dag.py for tasks to queue
[2025-01-29T23:32:50.508+0000] {logging_mixin.py:120} INFO - [2025-01-29T23:32:50.508+0000] {dagbag.py:537} INFO - Filling up the DagBag from /home/airflow/.local/lib/python3.7/site-packages/airflow/example_dags/example_trigger_controller_dag.py
[2025-01-29T23:32:50.518+0000] {processor.py:766} INFO - DAG(s) dict_keys(['example_trigger_controller_dag']) retrieved from /home/airflow/.local/lib/python3.7/site-packages/airflow/example_dags/example_trigger_controller_dag.py
[2025-01-29T23:32:50.572+0000] {logging_mixin.py:120} INFO - [2025-01-29T23:32:50.571+0000] {dag.py:2585} INFO - Sync 1 DAGs
[2025-01-29T23:32:50.604+0000] {logging_mixin.py:120} INFO - [2025-01-29T23:32:50.604+0000] {dag.py:3340} INFO - Setting next_dagrun for example_trigger_controller_dag to 2021-01-01T00:00:00+00:00, run_after=2021-01-01T00:00:00+00:00
[2025-01-29T23:32:50.628+0000] {processor.py:176} INFO - Processing /home/airflow/.local/lib/python3.7/site-packages/airflow/example_dags/example_trigger_controller_dag.py took 0.125 seconds
[2025-01-29T23:33:20.984+0000] {processor.py:154} INFO - Started process (PID=250) to work on /home/airflow/.local/lib/python3.7/site-packages/airflow/example_dags/example_trigger_controller_dag.py
[2025-01-29T23:33:20.985+0000] {processor.py:756} INFO - Processing file /home/airflow/.local/lib/python3.7/site-packages/airflow/example_dags/example_trigger_controller_dag.py for tasks to queue
[2025-01-29T23:33:20.986+0000] {logging_mixin.py:120} INFO - [2025-01-29T23:33:20.985+0000] {dagbag.py:537} INFO - Filling up the DagBag from /home/airflow/.local/lib/python3.7/site-packages/airflow/example_dags/example_trigger_controller_dag.py
[2025-01-29T23:33:20.997+0000] {processor.py:766} INFO - DAG(s) dict_keys(['example_trigger_controller_dag']) retrieved from /home/airflow/.local/lib/python3.7/site-packages/airflow/example_dags/example_trigger_controller_dag.py
[2025-01-29T23:33:21.059+0000] {logging_mixin.py:120} INFO - [2025-01-29T23:33:21.058+0000] {dag.py:2585} INFO - Sync 1 DAGs
[2025-01-29T23:33:21.095+0000] {logging_mixin.py:120} INFO - [2025-01-29T23:33:21.094+0000] {dag.py:3340} INFO - Setting next_dagrun for example_trigger_controller_dag to 2021-01-01T00:00:00+00:00, run_after=2021-01-01T00:00:00+00:00
[2025-01-29T23:33:21.119+0000] {processor.py:176} INFO - Processing /home/airflow/.local/lib/python3.7/site-packages/airflow/example_dags/example_trigger_controller_dag.py took 0.138 seconds
[2025-01-29T23:33:51.356+0000] {processor.py:154} INFO - Started process (PID=314) to work on /home/airflow/.local/lib/python3.7/site-packages/airflow/example_dags/example_trigger_controller_dag.py
[2025-01-29T23:33:51.357+0000] {processor.py:756} INFO - Processing file /home/airflow/.local/lib/python3.7/site-packages/airflow/example_dags/example_trigger_controller_dag.py for tasks to queue
[2025-01-29T23:33:51.357+0000] {logging_mixin.py:120} INFO - [2025-01-29T23:33:51.357+0000] {dagbag.py:537} INFO - Filling up the DagBag from /home/airflow/.local/lib/python3.7/site-packages/airflow/example_dags/example_trigger_controller_dag.py
[2025-01-29T23:33:51.368+0000] {processor.py:766} INFO - DAG(s) dict_keys(['example_trigger_controller_dag']) retrieved from /home/airflow/.local/lib/python3.7/site-packages/airflow/example_dags/example_trigger_controller_dag.py
[2025-01-29T23:33:51.425+0000] {logging_mixin.py:120} INFO - [2025-01-29T23:33:51.425+0000] {dag.py:2585} INFO - Sync 1 DAGs
[2025-01-29T23:33:51.457+0000] {logging_mixin.py:120} INFO - [2025-01-29T23:33:51.457+0000] {dag.py:3340} INFO - Setting next_dagrun for example_trigger_controller_dag to 2021-01-01T00:00:00+00:00, run_after=2021-01-01T00:00:00+00:00
[2025-01-29T23:33:51.481+0000] {processor.py:176} INFO - Processing /home/airflow/.local/lib/python3.7/site-packages/airflow/example_dags/example_trigger_controller_dag.py took 0.127 seconds
[2025-01-29T23:34:21.755+0000] {processor.py:154} INFO - Started process (PID=369) to work on /home/airflow/.local/lib/python3.7/site-packages/airflow/example_dags/example_trigger_controller_dag.py
[2025-01-29T23:34:21.757+0000] {processor.py:756} INFO - Processing file /home/airflow/.local/lib/python3.7/site-packages/airflow/example_dags/example_trigger_controller_dag.py for tasks to queue
[2025-01-29T23:34:21.757+0000] {logging_mixin.py:120} INFO - [2025-01-29T23:34:21.757+0000] {dagbag.py:537} INFO - Filling up the DagBag from /home/airflow/.local/lib/python3.7/site-packages/airflow/example_dags/example_trigger_controller_dag.py
[2025-01-29T23:34:21.767+0000] {processor.py:766} INFO - DAG(s) dict_keys(['example_trigger_controller_dag']) retrieved from /home/airflow/.local/lib/python3.7/site-packages/airflow/example_dags/example_trigger_controller_dag.py
[2025-01-29T23:34:21.822+0000] {logging_mixin.py:120} INFO - [2025-01-29T23:34:21.821+0000] {dag.py:2585} INFO - Sync 1 DAGs
[2025-01-29T23:34:21.854+0000] {logging_mixin.py:120} INFO - [2025-01-29T23:34:21.854+0000] {dag.py:3340} INFO - Setting next_dagrun for example_trigger_controller_dag to 2021-01-01T00:00:00+00:00, run_after=2021-01-01T00:00:00+00:00
[2025-01-29T23:34:21.877+0000] {processor.py:176} INFO - Processing /home/airflow/.local/lib/python3.7/site-packages/airflow/example_dags/example_trigger_controller_dag.py took 0.124 seconds
[2025-01-29T23:34:52.175+0000] {processor.py:154} INFO - Started process (PID=432) to work on /home/airflow/.local/lib/python3.7/site-packages/airflow/example_dags/example_trigger_controller_dag.py
[2025-01-29T23:34:52.176+0000] {processor.py:756} INFO - Processing file /home/airflow/.local/lib/python3.7/site-packages/airflow/example_dags/example_trigger_controller_dag.py for tasks to queue
[2025-01-29T23:34:52.177+0000] {logging_mixin.py:120} INFO - [2025-01-29T23:34:52.177+0000] {dagbag.py:537} INFO - Filling up the DagBag from /home/airflow/.local/lib/python3.7/site-packages/airflow/example_dags/example_trigger_controller_dag.py
[2025-01-29T23:34:52.187+0000] {processor.py:766} INFO - DAG(s) dict_keys(['example_trigger_controller_dag']) retrieved from /home/airflow/.local/lib/python3.7/site-packages/airflow/example_dags/example_trigger_controller_dag.py
[2025-01-29T23:34:52.242+0000] {logging_mixin.py:120} INFO - [2025-01-29T23:34:52.241+0000] {dag.py:2585} INFO - Sync 1 DAGs
[2025-01-29T23:34:52.275+0000] {logging_mixin.py:120} INFO - [2025-01-29T23:34:52.275+0000] {dag.py:3340} INFO - Setting next_dagrun for example_trigger_controller_dag to 2021-01-01T00:00:00+00:00, run_after=2021-01-01T00:00:00+00:00
[2025-01-29T23:34:52.299+0000] {processor.py:176} INFO - Processing /home/airflow/.local/lib/python3.7/site-packages/airflow/example_dags/example_trigger_controller_dag.py took 0.127 seconds
[2025-01-29T23:35:22.664+0000] {processor.py:154} INFO - Started process (PID=496) to work on /home/airflow/.local/lib/python3.7/site-packages/airflow/example_dags/example_trigger_controller_dag.py
[2025-01-29T23:35:22.665+0000] {processor.py:756} INFO - Processing file /home/airflow/.local/lib/python3.7/site-packages/airflow/example_dags/example_trigger_controller_dag.py for tasks to queue
[2025-01-29T23:35:22.666+0000] {logging_mixin.py:120} INFO - [2025-01-29T23:35:22.666+0000] {dagbag.py:537} INFO - Filling up the DagBag from /home/airflow/.local/lib/python3.7/site-packages/airflow/example_dags/example_trigger_controller_dag.py
[2025-01-29T23:35:22.676+0000] {processor.py:766} INFO - DAG(s) dict_keys(['example_trigger_controller_dag']) retrieved from /home/airflow/.local/lib/python3.7/site-packages/airflow/example_dags/example_trigger_controller_dag.py
[2025-01-29T23:35:22.730+0000] {logging_mixin.py:120} INFO - [2025-01-29T23:35:22.729+0000] {dag.py:2585} INFO - Sync 1 DAGs
[2025-01-29T23:35:22.762+0000] {logging_mixin.py:120} INFO - [2025-01-29T23:35:22.762+0000] {dag.py:3340} INFO - Setting next_dagrun for example_trigger_controller_dag to 2021-01-01T00:00:00+00:00, run_after=2021-01-01T00:00:00+00:00
[2025-01-29T23:35:22.785+0000] {processor.py:176} INFO - Processing /home/airflow/.local/lib/python3.7/site-packages/airflow/example_dags/example_trigger_controller_dag.py took 0.124 seconds
[2025-01-29T23:35:52.862+0000] {processor.py:154} INFO - Started process (PID=551) to work on /home/airflow/.local/lib/python3.7/site-packages/airflow/example_dags/example_trigger_controller_dag.py
[2025-01-29T23:35:52.863+0000] {processor.py:756} INFO - Processing file /home/airflow/.local/lib/python3.7/site-packages/airflow/example_dags/example_trigger_controller_dag.py for tasks to queue
[2025-01-29T23:35:52.863+0000] {logging_mixin.py:120} INFO - [2025-01-29T23:35:52.863+0000] {dagbag.py:537} INFO - Filling up the DagBag from /home/airflow/.local/lib/python3.7/site-packages/airflow/example_dags/example_trigger_controller_dag.py
[2025-01-29T23:35:52.874+0000] {processor.py:766} INFO - DAG(s) dict_keys(['example_trigger_controller_dag']) retrieved from /home/airflow/.local/lib/python3.7/site-packages/airflow/example_dags/example_trigger_controller_dag.py
[2025-01-29T23:35:52.919+0000] {logging_mixin.py:120} INFO - [2025-01-29T23:35:52.918+0000] {dag.py:2585} INFO - Sync 1 DAGs
[2025-01-29T23:35:52.953+0000] {logging_mixin.py:120} INFO - [2025-01-29T23:35:52.953+0000] {dag.py:3340} INFO - Setting next_dagrun for example_trigger_controller_dag to 2021-01-01T00:00:00+00:00, run_after=2021-01-01T00:00:00+00:00
[2025-01-29T23:35:52.977+0000] {processor.py:176} INFO - Processing /home/airflow/.local/lib/python3.7/site-packages/airflow/example_dags/example_trigger_controller_dag.py took 0.118 seconds
[2025-01-29T23:36:23.280+0000] {processor.py:154} INFO - Started process (PID=615) to work on /home/airflow/.local/lib/python3.7/site-packages/airflow/example_dags/example_trigger_controller_dag.py
[2025-01-29T23:36:23.281+0000] {processor.py:756} INFO - Processing file /home/airflow/.local/lib/python3.7/site-packages/airflow/example_dags/example_trigger_controller_dag.py for tasks to queue
[2025-01-29T23:36:23.282+0000] {logging_mixin.py:120} INFO - [2025-01-29T23:36:23.282+0000] {dagbag.py:537} INFO - Filling up the DagBag from /home/airflow/.local/lib/python3.7/site-packages/airflow/example_dags/example_trigger_controller_dag.py
[2025-01-29T23:36:23.292+0000] {processor.py:766} INFO - DAG(s) dict_keys(['example_trigger_controller_dag']) retrieved from /home/airflow/.local/lib/python3.7/site-packages/airflow/example_dags/example_trigger_controller_dag.py
[2025-01-29T23:36:23.348+0000] {logging_mixin.py:120} INFO - [2025-01-29T23:36:23.348+0000] {dag.py:2585} INFO - Sync 1 DAGs
[2025-01-29T23:36:23.380+0000] {logging_mixin.py:120} INFO - [2025-01-29T23:36:23.380+0000] {dag.py:3340} INFO - Setting next_dagrun for example_trigger_controller_dag to 2021-01-01T00:00:00+00:00, run_after=2021-01-01T00:00:00+00:00
[2025-01-29T23:36:23.404+0000] {processor.py:176} INFO - Processing /home/airflow/.local/lib/python3.7/site-packages/airflow/example_dags/example_trigger_controller_dag.py took 0.128 seconds
[2025-01-29T23:36:53.638+0000] {processor.py:154} INFO - Started process (PID=679) to work on /home/airflow/.local/lib/python3.7/site-packages/airflow/example_dags/example_trigger_controller_dag.py
[2025-01-29T23:36:53.639+0000] {processor.py:756} INFO - Processing file /home/airflow/.local/lib/python3.7/site-packages/airflow/example_dags/example_trigger_controller_dag.py for tasks to queue
[2025-01-29T23:36:53.640+0000] {logging_mixin.py:120} INFO - [2025-01-29T23:36:53.640+0000] {dagbag.py:537} INFO - Filling up the DagBag from /home/airflow/.local/lib/python3.7/site-packages/airflow/example_dags/example_trigger_controller_dag.py
[2025-01-29T23:36:53.650+0000] {processor.py:766} INFO - DAG(s) dict_keys(['example_trigger_controller_dag']) retrieved from /home/airflow/.local/lib/python3.7/site-packages/airflow/example_dags/example_trigger_controller_dag.py
[2025-01-29T23:36:53.704+0000] {logging_mixin.py:120} INFO - [2025-01-29T23:36:53.704+0000] {dag.py:2585} INFO - Sync 1 DAGs
[2025-01-29T23:36:53.738+0000] {logging_mixin.py:120} INFO - [2025-01-29T23:36:53.738+0000] {dag.py:3340} INFO - Setting next_dagrun for example_trigger_controller_dag to 2021-01-01T00:00:00+00:00, run_after=2021-01-01T00:00:00+00:00
[2025-01-29T23:36:53.766+0000] {processor.py:176} INFO - Processing /home/airflow/.local/lib/python3.7/site-packages/airflow/example_dags/example_trigger_controller_dag.py took 0.132 seconds
[2025-01-29T23:37:24.144+0000] {processor.py:154} INFO - Started process (PID=734) to work on /home/airflow/.local/lib/python3.7/site-packages/airflow/example_dags/example_trigger_controller_dag.py
[2025-01-29T23:37:24.145+0000] {processor.py:756} INFO - Processing file /home/airflow/.local/lib/python3.7/site-packages/airflow/example_dags/example_trigger_controller_dag.py for tasks to queue
[2025-01-29T23:37:24.145+0000] {logging_mixin.py:120} INFO - [2025-01-29T23:37:24.145+0000] {dagbag.py:537} INFO - Filling up the DagBag from /home/airflow/.local/lib/python3.7/site-packages/airflow/example_dags/example_trigger_controller_dag.py
[2025-01-29T23:37:24.156+0000] {processor.py:766} INFO - DAG(s) dict_keys(['example_trigger_controller_dag']) retrieved from /home/airflow/.local/lib/python3.7/site-packages/airflow/example_dags/example_trigger_controller_dag.py
[2025-01-29T23:37:24.208+0000] {logging_mixin.py:120} INFO - [2025-01-29T23:37:24.208+0000] {dag.py:2585} INFO - Sync 1 DAGs
[2025-01-29T23:37:24.239+0000] {logging_mixin.py:120} INFO - [2025-01-29T23:37:24.238+0000] {dag.py:3340} INFO - Setting next_dagrun for example_trigger_controller_dag to 2021-01-01T00:00:00+00:00, run_after=2021-01-01T00:00:00+00:00
[2025-01-29T23:37:24.265+0000] {processor.py:176} INFO - Processing /home/airflow/.local/lib/python3.7/site-packages/airflow/example_dags/example_trigger_controller_dag.py took 0.123 seconds
[2025-01-29T23:37:54.638+0000] {processor.py:154} INFO - Started process (PID=798) to work on /home/airflow/.local/lib/python3.7/site-packages/airflow/example_dags/example_trigger_controller_dag.py
[2025-01-29T23:37:54.639+0000] {processor.py:756} INFO - Processing file /home/airflow/.local/lib/python3.7/site-packages/airflow/example_dags/example_trigger_controller_dag.py for tasks to queue
[2025-01-29T23:37:54.640+0000] {logging_mixin.py:120} INFO - [2025-01-29T23:37:54.640+0000] {dagbag.py:537} INFO - Filling up the DagBag from /home/airflow/.local/lib/python3.7/site-packages/airflow/example_dags/example_trigger_controller_dag.py
[2025-01-29T23:37:54.650+0000] {processor.py:766} INFO - DAG(s) dict_keys(['example_trigger_controller_dag']) retrieved from /home/airflow/.local/lib/python3.7/site-packages/airflow/example_dags/example_trigger_controller_dag.py
[2025-01-29T23:37:54.705+0000] {logging_mixin.py:120} INFO - [2025-01-29T23:37:54.704+0000] {dag.py:2585} INFO - Sync 1 DAGs
[2025-01-29T23:37:54.734+0000] {logging_mixin.py:120} INFO - [2025-01-29T23:37:54.734+0000] {dag.py:3340} INFO - Setting next_dagrun for example_trigger_controller_dag to 2021-01-01T00:00:00+00:00, run_after=2021-01-01T00:00:00+00:00
[2025-01-29T23:37:54.757+0000] {processor.py:176} INFO - Processing /home/airflow/.local/lib/python3.7/site-packages/airflow/example_dags/example_trigger_controller_dag.py took 0.121 seconds
[2025-01-29T23:38:25.124+0000] {processor.py:154} INFO - Started process (PID=862) to work on /home/airflow/.local/lib/python3.7/site-packages/airflow/example_dags/example_trigger_controller_dag.py
[2025-01-29T23:38:25.125+0000] {processor.py:756} INFO - Processing file /home/airflow/.local/lib/python3.7/site-packages/airflow/example_dags/example_trigger_controller_dag.py for tasks to queue
[2025-01-29T23:38:25.126+0000] {logging_mixin.py:120} INFO - [2025-01-29T23:38:25.126+0000] {dagbag.py:537} INFO - Filling up the DagBag from /home/airflow/.local/lib/python3.7/site-packages/airflow/example_dags/example_trigger_controller_dag.py
[2025-01-29T23:38:25.138+0000] {processor.py:766} INFO - DAG(s) dict_keys(['example_trigger_controller_dag']) retrieved from /home/airflow/.local/lib/python3.7/site-packages/airflow/example_dags/example_trigger_controller_dag.py
[2025-01-29T23:38:25.191+0000] {logging_mixin.py:120} INFO - [2025-01-29T23:38:25.191+0000] {dag.py:2585} INFO - Sync 1 DAGs
[2025-01-29T23:38:25.222+0000] {logging_mixin.py:120} INFO - [2025-01-29T23:38:25.221+0000] {dag.py:3340} INFO - Setting next_dagrun for example_trigger_controller_dag to 2021-01-01T00:00:00+00:00, run_after=2021-01-01T00:00:00+00:00
[2025-01-29T23:38:25.245+0000] {processor.py:176} INFO - Processing /home/airflow/.local/lib/python3.7/site-packages/airflow/example_dags/example_trigger_controller_dag.py took 0.123 seconds
[2025-01-29T23:38:55.565+0000] {processor.py:154} INFO - Started process (PID=926) to work on /home/airflow/.local/lib/python3.7/site-packages/airflow/example_dags/example_trigger_controller_dag.py
[2025-01-29T23:38:55.566+0000] {processor.py:756} INFO - Processing file /home/airflow/.local/lib/python3.7/site-packages/airflow/example_dags/example_trigger_controller_dag.py for tasks to queue
[2025-01-29T23:38:55.567+0000] {logging_mixin.py:120} INFO - [2025-01-29T23:38:55.566+0000] {dagbag.py:537} INFO - Filling up the DagBag from /home/airflow/.local/lib/python3.7/site-packages/airflow/example_dags/example_trigger_controller_dag.py
[2025-01-29T23:38:55.578+0000] {processor.py:766} INFO - DAG(s) dict_keys(['example_trigger_controller_dag']) retrieved from /home/airflow/.local/lib/python3.7/site-packages/airflow/example_dags/example_trigger_controller_dag.py
[2025-01-29T23:38:55.640+0000] {logging_mixin.py:120} INFO - [2025-01-29T23:38:55.640+0000] {dag.py:2585} INFO - Sync 1 DAGs
[2025-01-29T23:38:55.674+0000] {logging_mixin.py:120} INFO - [2025-01-29T23:38:55.674+0000] {dag.py:3340} INFO - Setting next_dagrun for example_trigger_controller_dag to 2021-01-01T00:00:00+00:00, run_after=2021-01-01T00:00:00+00:00
[2025-01-29T23:38:55.699+0000] {processor.py:176} INFO - Processing /home/airflow/.local/lib/python3.7/site-packages/airflow/example_dags/example_trigger_controller_dag.py took 0.138 seconds
[2025-01-29T23:39:26.390+0000] {processor.py:154} INFO - Started process (PID=981) to work on /home/airflow/.local/lib/python3.7/site-packages/airflow/example_dags/example_trigger_controller_dag.py
[2025-01-29T23:39:26.391+0000] {processor.py:756} INFO - Processing file /home/airflow/.local/lib/python3.7/site-packages/airflow/example_dags/example_trigger_controller_dag.py for tasks to queue
[2025-01-29T23:39:26.392+0000] {logging_mixin.py:120} INFO - [2025-01-29T23:39:26.392+0000] {dagbag.py:537} INFO - Filling up the DagBag from /home/airflow/.local/lib/python3.7/site-packages/airflow/example_dags/example_trigger_controller_dag.py
[2025-01-29T23:39:26.402+0000] {processor.py:766} INFO - DAG(s) dict_keys(['example_trigger_controller_dag']) retrieved from /home/airflow/.local/lib/python3.7/site-packages/airflow/example_dags/example_trigger_controller_dag.py
[2025-01-29T23:39:26.458+0000] {logging_mixin.py:120} INFO - [2025-01-29T23:39:26.458+0000] {dag.py:2585} INFO - Sync 1 DAGs
[2025-01-29T23:39:26.494+0000] {logging_mixin.py:120} INFO - [2025-01-29T23:39:26.493+0000] {dag.py:3340} INFO - Setting next_dagrun for example_trigger_controller_dag to 2021-01-01T00:00:00+00:00, run_after=2021-01-01T00:00:00+00:00
[2025-01-29T23:39:26.532+0000] {processor.py:176} INFO - Processing /home/airflow/.local/lib/python3.7/site-packages/airflow/example_dags/example_trigger_controller_dag.py took 0.144 seconds
[2025-01-29T23:39:56.987+0000] {processor.py:154} INFO - Started process (PID=1045) to work on /home/airflow/.local/lib/python3.7/site-packages/airflow/example_dags/example_trigger_controller_dag.py
[2025-01-29T23:39:56.989+0000] {processor.py:756} INFO - Processing file /home/airflow/.local/lib/python3.7/site-packages/airflow/example_dags/example_trigger_controller_dag.py for tasks to queue
[2025-01-29T23:39:56.990+0000] {logging_mixin.py:120} INFO - [2025-01-29T23:39:56.990+0000] {dagbag.py:537} INFO - Filling up the DagBag from /home/airflow/.local/lib/python3.7/site-packages/airflow/example_dags/example_trigger_controller_dag.py
[2025-01-29T23:39:57.007+0000] {processor.py:766} INFO - DAG(s) dict_keys(['example_trigger_controller_dag']) retrieved from /home/airflow/.local/lib/python3.7/site-packages/airflow/example_dags/example_trigger_controller_dag.py
[2025-01-29T23:39:57.069+0000] {logging_mixin.py:120} INFO - [2025-01-29T23:39:57.069+0000] {dag.py:2585} INFO - Sync 1 DAGs
[2025-01-29T23:39:57.100+0000] {logging_mixin.py:120} INFO - [2025-01-29T23:39:57.100+0000] {dag.py:3340} INFO - Setting next_dagrun for example_trigger_controller_dag to 2021-01-01T00:00:00+00:00, run_after=2021-01-01T00:00:00+00:00
[2025-01-29T23:39:57.124+0000] {processor.py:176} INFO - Processing /home/airflow/.local/lib/python3.7/site-packages/airflow/example_dags/example_trigger_controller_dag.py took 0.142 seconds
[2025-01-29T23:40:27.426+0000] {processor.py:154} INFO - Started process (PID=1109) to work on /home/airflow/.local/lib/python3.7/site-packages/airflow/example_dags/example_trigger_controller_dag.py
[2025-01-29T23:40:27.427+0000] {processor.py:756} INFO - Processing file /home/airflow/.local/lib/python3.7/site-packages/airflow/example_dags/example_trigger_controller_dag.py for tasks to queue
[2025-01-29T23:40:27.428+0000] {logging_mixin.py:120} INFO - [2025-01-29T23:40:27.428+0000] {dagbag.py:537} INFO - Filling up the DagBag from /home/airflow/.local/lib/python3.7/site-packages/airflow/example_dags/example_trigger_controller_dag.py
[2025-01-29T23:40:27.439+0000] {processor.py:766} INFO - DAG(s) dict_keys(['example_trigger_controller_dag']) retrieved from /home/airflow/.local/lib/python3.7/site-packages/airflow/example_dags/example_trigger_controller_dag.py
[2025-01-29T23:40:27.492+0000] {logging_mixin.py:120} INFO - [2025-01-29T23:40:27.492+0000] {dag.py:2585} INFO - Sync 1 DAGs
[2025-01-29T23:40:27.520+0000] {logging_mixin.py:120} INFO - [2025-01-29T23:40:27.520+0000] {dag.py:3340} INFO - Setting next_dagrun for example_trigger_controller_dag to 2021-01-01T00:00:00+00:00, run_after=2021-01-01T00:00:00+00:00
[2025-01-29T23:40:27.542+0000] {processor.py:176} INFO - Processing /home/airflow/.local/lib/python3.7/site-packages/airflow/example_dags/example_trigger_controller_dag.py took 0.118 seconds
[2025-01-29T23:40:57.801+0000] {processor.py:154} INFO - Started process (PID=1164) to work on /home/airflow/.local/lib/python3.7/site-packages/airflow/example_dags/example_trigger_controller_dag.py
[2025-01-29T23:40:57.802+0000] {processor.py:756} INFO - Processing file /home/airflow/.local/lib/python3.7/site-packages/airflow/example_dags/example_trigger_controller_dag.py for tasks to queue
[2025-01-29T23:40:57.803+0000] {logging_mixin.py:120} INFO - [2025-01-29T23:40:57.802+0000] {dagbag.py:537} INFO - Filling up the DagBag from /home/airflow/.local/lib/python3.7/site-packages/airflow/example_dags/example_trigger_controller_dag.py
[2025-01-29T23:40:57.813+0000] {processor.py:766} INFO - DAG(s) dict_keys(['example_trigger_controller_dag']) retrieved from /home/airflow/.local/lib/python3.7/site-packages/airflow/example_dags/example_trigger_controller_dag.py
[2025-01-29T23:40:57.865+0000] {logging_mixin.py:120} INFO - [2025-01-29T23:40:57.865+0000] {dag.py:2585} INFO - Sync 1 DAGs
[2025-01-29T23:40:57.896+0000] {logging_mixin.py:120} INFO - [2025-01-29T23:40:57.896+0000] {dag.py:3340} INFO - Setting next_dagrun for example_trigger_controller_dag to 2021-01-01T00:00:00+00:00, run_after=2021-01-01T00:00:00+00:00
[2025-01-29T23:40:57.917+0000] {processor.py:176} INFO - Processing /home/airflow/.local/lib/python3.7/site-packages/airflow/example_dags/example_trigger_controller_dag.py took 0.119 seconds
[2025-01-29T23:41:28.449+0000] {processor.py:154} INFO - Started process (PID=1228) to work on /home/airflow/.local/lib/python3.7/site-packages/airflow/example_dags/example_trigger_controller_dag.py
[2025-01-29T23:41:28.450+0000] {processor.py:756} INFO - Processing file /home/airflow/.local/lib/python3.7/site-packages/airflow/example_dags/example_trigger_controller_dag.py for tasks to queue
[2025-01-29T23:41:28.451+0000] {logging_mixin.py:120} INFO - [2025-01-29T23:41:28.451+0000] {dagbag.py:537} INFO - Filling up the DagBag from /home/airflow/.local/lib/python3.7/site-packages/airflow/example_dags/example_trigger_controller_dag.py
[2025-01-29T23:41:28.461+0000] {processor.py:766} INFO - DAG(s) dict_keys(['example_trigger_controller_dag']) retrieved from /home/airflow/.local/lib/python3.7/site-packages/airflow/example_dags/example_trigger_controller_dag.py
[2025-01-29T23:41:28.513+0000] {logging_mixin.py:120} INFO - [2025-01-29T23:41:28.513+0000] {dag.py:2585} INFO - Sync 1 DAGs
[2025-01-29T23:41:28.547+0000] {logging_mixin.py:120} INFO - [2025-01-29T23:41:28.547+0000] {dag.py:3340} INFO - Setting next_dagrun for example_trigger_controller_dag to 2021-01-01T00:00:00+00:00, run_after=2021-01-01T00:00:00+00:00
[2025-01-29T23:41:28.582+0000] {processor.py:176} INFO - Processing /home/airflow/.local/lib/python3.7/site-packages/airflow/example_dags/example_trigger_controller_dag.py took 0.135 seconds
[2025-01-29T23:41:59.399+0000] {processor.py:154} INFO - Started process (PID=1293) to work on /home/airflow/.local/lib/python3.7/site-packages/airflow/example_dags/example_trigger_controller_dag.py
[2025-01-29T23:41:59.400+0000] {processor.py:756} INFO - Processing file /home/airflow/.local/lib/python3.7/site-packages/airflow/example_dags/example_trigger_controller_dag.py for tasks to queue
[2025-01-29T23:41:59.401+0000] {logging_mixin.py:120} INFO - [2025-01-29T23:41:59.401+0000] {dagbag.py:537} INFO - Filling up the DagBag from /home/airflow/.local/lib/python3.7/site-packages/airflow/example_dags/example_trigger_controller_dag.py
[2025-01-29T23:41:59.411+0000] {processor.py:766} INFO - DAG(s) dict_keys(['example_trigger_controller_dag']) retrieved from /home/airflow/.local/lib/python3.7/site-packages/airflow/example_dags/example_trigger_controller_dag.py
[2025-01-29T23:41:59.465+0000] {logging_mixin.py:120} INFO - [2025-01-29T23:41:59.465+0000] {dag.py:2585} INFO - Sync 1 DAGs
[2025-01-29T23:41:59.496+0000] {logging_mixin.py:120} INFO - [2025-01-29T23:41:59.496+0000] {dag.py:3340} INFO - Setting next_dagrun for example_trigger_controller_dag to 2021-01-01T00:00:00+00:00, run_after=2021-01-01T00:00:00+00:00
[2025-01-29T23:41:59.519+0000] {processor.py:176} INFO - Processing /home/airflow/.local/lib/python3.7/site-packages/airflow/example_dags/example_trigger_controller_dag.py took 0.123 seconds
[2025-01-29T23:42:30.206+0000] {processor.py:154} INFO - Started process (PID=1355) to work on /home/airflow/.local/lib/python3.7/site-packages/airflow/example_dags/example_trigger_controller_dag.py
[2025-01-29T23:42:30.208+0000] {processor.py:756} INFO - Processing file /home/airflow/.local/lib/python3.7/site-packages/airflow/example_dags/example_trigger_controller_dag.py for tasks to queue
[2025-01-29T23:42:30.208+0000] {logging_mixin.py:120} INFO - [2025-01-29T23:42:30.208+0000] {dagbag.py:537} INFO - Filling up the DagBag from /home/airflow/.local/lib/python3.7/site-packages/airflow/example_dags/example_trigger_controller_dag.py
[2025-01-29T23:42:30.220+0000] {processor.py:766} INFO - DAG(s) dict_keys(['example_trigger_controller_dag']) retrieved from /home/airflow/.local/lib/python3.7/site-packages/airflow/example_dags/example_trigger_controller_dag.py
[2025-01-29T23:42:30.287+0000] {logging_mixin.py:120} INFO - [2025-01-29T23:42:30.287+0000] {dag.py:2585} INFO - Sync 1 DAGs
[2025-01-29T23:42:30.326+0000] {logging_mixin.py:120} INFO - [2025-01-29T23:42:30.326+0000] {dag.py:3340} INFO - Setting next_dagrun for example_trigger_controller_dag to 2021-01-01T00:00:00+00:00, run_after=2021-01-01T00:00:00+00:00
[2025-01-29T23:42:30.359+0000] {processor.py:176} INFO - Processing /home/airflow/.local/lib/python3.7/site-packages/airflow/example_dags/example_trigger_controller_dag.py took 0.155 seconds
[2025-01-29T23:43:00.915+0000] {processor.py:154} INFO - Started process (PID=1413) to work on /home/airflow/.local/lib/python3.7/site-packages/airflow/example_dags/example_trigger_controller_dag.py
[2025-01-29T23:43:00.916+0000] {processor.py:756} INFO - Processing file /home/airflow/.local/lib/python3.7/site-packages/airflow/example_dags/example_trigger_controller_dag.py for tasks to queue
[2025-01-29T23:43:00.916+0000] {logging_mixin.py:120} INFO - [2025-01-29T23:43:00.916+0000] {dagbag.py:537} INFO - Filling up the DagBag from /home/airflow/.local/lib/python3.7/site-packages/airflow/example_dags/example_trigger_controller_dag.py
[2025-01-29T23:43:00.927+0000] {processor.py:766} INFO - DAG(s) dict_keys(['example_trigger_controller_dag']) retrieved from /home/airflow/.local/lib/python3.7/site-packages/airflow/example_dags/example_trigger_controller_dag.py
[2025-01-29T23:43:00.978+0000] {logging_mixin.py:120} INFO - [2025-01-29T23:43:00.977+0000] {dag.py:2585} INFO - Sync 1 DAGs
[2025-01-29T23:43:01.008+0000] {logging_mixin.py:120} INFO - [2025-01-29T23:43:01.008+0000] {dag.py:3340} INFO - Setting next_dagrun for example_trigger_controller_dag to 2021-01-01T00:00:00+00:00, run_after=2021-01-01T00:00:00+00:00
[2025-01-29T23:43:01.031+0000] {processor.py:176} INFO - Processing /home/airflow/.local/lib/python3.7/site-packages/airflow/example_dags/example_trigger_controller_dag.py took 0.119 seconds
[2025-01-29T23:43:31.899+0000] {processor.py:154} INFO - Started process (PID=1477) to work on /home/airflow/.local/lib/python3.7/site-packages/airflow/example_dags/example_trigger_controller_dag.py
[2025-01-29T23:43:31.900+0000] {processor.py:756} INFO - Processing file /home/airflow/.local/lib/python3.7/site-packages/airflow/example_dags/example_trigger_controller_dag.py for tasks to queue
[2025-01-29T23:43:31.901+0000] {logging_mixin.py:120} INFO - [2025-01-29T23:43:31.900+0000] {dagbag.py:537} INFO - Filling up the DagBag from /home/airflow/.local/lib/python3.7/site-packages/airflow/example_dags/example_trigger_controller_dag.py
[2025-01-29T23:43:31.911+0000] {processor.py:766} INFO - DAG(s) dict_keys(['example_trigger_controller_dag']) retrieved from /home/airflow/.local/lib/python3.7/site-packages/airflow/example_dags/example_trigger_controller_dag.py
[2025-01-29T23:43:31.963+0000] {logging_mixin.py:120} INFO - [2025-01-29T23:43:31.962+0000] {dag.py:2585} INFO - Sync 1 DAGs
[2025-01-29T23:43:31.994+0000] {logging_mixin.py:120} INFO - [2025-01-29T23:43:31.994+0000] {dag.py:3340} INFO - Setting next_dagrun for example_trigger_controller_dag to 2021-01-01T00:00:00+00:00, run_after=2021-01-01T00:00:00+00:00
[2025-01-29T23:43:32.016+0000] {processor.py:176} INFO - Processing /home/airflow/.local/lib/python3.7/site-packages/airflow/example_dags/example_trigger_controller_dag.py took 0.120 seconds
[2025-01-29T23:44:02.406+0000] {processor.py:154} INFO - Started process (PID=1541) to work on /home/airflow/.local/lib/python3.7/site-packages/airflow/example_dags/example_trigger_controller_dag.py
[2025-01-29T23:44:02.407+0000] {processor.py:756} INFO - Processing file /home/airflow/.local/lib/python3.7/site-packages/airflow/example_dags/example_trigger_controller_dag.py for tasks to queue
[2025-01-29T23:44:02.408+0000] {logging_mixin.py:120} INFO - [2025-01-29T23:44:02.408+0000] {dagbag.py:537} INFO - Filling up the DagBag from /home/airflow/.local/lib/python3.7/site-packages/airflow/example_dags/example_trigger_controller_dag.py
[2025-01-29T23:44:02.419+0000] {processor.py:766} INFO - DAG(s) dict_keys(['example_trigger_controller_dag']) retrieved from /home/airflow/.local/lib/python3.7/site-packages/airflow/example_dags/example_trigger_controller_dag.py
[2025-01-29T23:44:02.473+0000] {logging_mixin.py:120} INFO - [2025-01-29T23:44:02.472+0000] {dag.py:2585} INFO - Sync 1 DAGs
[2025-01-29T23:44:02.506+0000] {logging_mixin.py:120} INFO - [2025-01-29T23:44:02.506+0000] {dag.py:3340} INFO - Setting next_dagrun for example_trigger_controller_dag to 2021-01-01T00:00:00+00:00, run_after=2021-01-01T00:00:00+00:00
[2025-01-29T23:44:02.544+0000] {processor.py:176} INFO - Processing /home/airflow/.local/lib/python3.7/site-packages/airflow/example_dags/example_trigger_controller_dag.py took 0.142 seconds
[2025-01-29T23:44:32.936+0000] {processor.py:154} INFO - Started process (PID=1596) to work on /home/airflow/.local/lib/python3.7/site-packages/airflow/example_dags/example_trigger_controller_dag.py
[2025-01-29T23:44:32.937+0000] {processor.py:756} INFO - Processing file /home/airflow/.local/lib/python3.7/site-packages/airflow/example_dags/example_trigger_controller_dag.py for tasks to queue
[2025-01-29T23:44:32.938+0000] {logging_mixin.py:120} INFO - [2025-01-29T23:44:32.938+0000] {dagbag.py:537} INFO - Filling up the DagBag from /home/airflow/.local/lib/python3.7/site-packages/airflow/example_dags/example_trigger_controller_dag.py
[2025-01-29T23:44:32.949+0000] {processor.py:766} INFO - DAG(s) dict_keys(['example_trigger_controller_dag']) retrieved from /home/airflow/.local/lib/python3.7/site-packages/airflow/example_dags/example_trigger_controller_dag.py
[2025-01-29T23:44:33.035+0000] {logging_mixin.py:120} INFO - [2025-01-29T23:44:33.035+0000] {dag.py:2585} INFO - Sync 1 DAGs
[2025-01-29T23:44:33.069+0000] {logging_mixin.py:120} INFO - [2025-01-29T23:44:33.069+0000] {dag.py:3340} INFO - Setting next_dagrun for example_trigger_controller_dag to 2021-01-01T00:00:00+00:00, run_after=2021-01-01T00:00:00+00:00
[2025-01-29T23:44:33.091+0000] {processor.py:176} INFO - Processing /home/airflow/.local/lib/python3.7/site-packages/airflow/example_dags/example_trigger_controller_dag.py took 0.159 seconds
[2025-01-29T23:45:03.515+0000] {processor.py:154} INFO - Started process (PID=1660) to work on /home/airflow/.local/lib/python3.7/site-packages/airflow/example_dags/example_trigger_controller_dag.py
[2025-01-29T23:45:03.516+0000] {processor.py:756} INFO - Processing file /home/airflow/.local/lib/python3.7/site-packages/airflow/example_dags/example_trigger_controller_dag.py for tasks to queue
[2025-01-29T23:45:03.517+0000] {logging_mixin.py:120} INFO - [2025-01-29T23:45:03.517+0000] {dagbag.py:537} INFO - Filling up the DagBag from /home/airflow/.local/lib/python3.7/site-packages/airflow/example_dags/example_trigger_controller_dag.py
[2025-01-29T23:45:03.528+0000] {processor.py:766} INFO - DAG(s) dict_keys(['example_trigger_controller_dag']) retrieved from /home/airflow/.local/lib/python3.7/site-packages/airflow/example_dags/example_trigger_controller_dag.py
[2025-01-29T23:45:03.581+0000] {logging_mixin.py:120} INFO - [2025-01-29T23:45:03.581+0000] {dag.py:2585} INFO - Sync 1 DAGs
[2025-01-29T23:45:03.614+0000] {logging_mixin.py:120} INFO - [2025-01-29T23:45:03.614+0000] {dag.py:3340} INFO - Setting next_dagrun for example_trigger_controller_dag to 2021-01-01T00:00:00+00:00, run_after=2021-01-01T00:00:00+00:00
[2025-01-29T23:45:03.636+0000] {processor.py:176} INFO - Processing /home/airflow/.local/lib/python3.7/site-packages/airflow/example_dags/example_trigger_controller_dag.py took 0.124 seconds
[2025-01-29T23:45:34.221+0000] {processor.py:154} INFO - Started process (PID=1724) to work on /home/airflow/.local/lib/python3.7/site-packages/airflow/example_dags/example_trigger_controller_dag.py
[2025-01-29T23:45:34.222+0000] {processor.py:756} INFO - Processing file /home/airflow/.local/lib/python3.7/site-packages/airflow/example_dags/example_trigger_controller_dag.py for tasks to queue
[2025-01-29T23:45:34.222+0000] {logging_mixin.py:120} INFO - [2025-01-29T23:45:34.222+0000] {dagbag.py:537} INFO - Filling up the DagBag from /home/airflow/.local/lib/python3.7/site-packages/airflow/example_dags/example_trigger_controller_dag.py
[2025-01-29T23:45:34.233+0000] {processor.py:766} INFO - DAG(s) dict_keys(['example_trigger_controller_dag']) retrieved from /home/airflow/.local/lib/python3.7/site-packages/airflow/example_dags/example_trigger_controller_dag.py
[2025-01-29T23:45:34.289+0000] {logging_mixin.py:120} INFO - [2025-01-29T23:45:34.289+0000] {dag.py:2585} INFO - Sync 1 DAGs
[2025-01-29T23:45:34.321+0000] {logging_mixin.py:120} INFO - [2025-01-29T23:45:34.320+0000] {dag.py:3340} INFO - Setting next_dagrun for example_trigger_controller_dag to 2021-01-01T00:00:00+00:00, run_after=2021-01-01T00:00:00+00:00
[2025-01-29T23:45:34.343+0000] {processor.py:176} INFO - Processing /home/airflow/.local/lib/python3.7/site-packages/airflow/example_dags/example_trigger_controller_dag.py took 0.125 seconds
[2025-01-29T23:46:04.551+0000] {processor.py:154} INFO - Started process (PID=1779) to work on /home/airflow/.local/lib/python3.7/site-packages/airflow/example_dags/example_trigger_controller_dag.py
[2025-01-29T23:46:04.552+0000] {processor.py:756} INFO - Processing file /home/airflow/.local/lib/python3.7/site-packages/airflow/example_dags/example_trigger_controller_dag.py for tasks to queue
[2025-01-29T23:46:04.552+0000] {logging_mixin.py:120} INFO - [2025-01-29T23:46:04.552+0000] {dagbag.py:537} INFO - Filling up the DagBag from /home/airflow/.local/lib/python3.7/site-packages/airflow/example_dags/example_trigger_controller_dag.py
[2025-01-29T23:46:04.563+0000] {processor.py:766} INFO - DAG(s) dict_keys(['example_trigger_controller_dag']) retrieved from /home/airflow/.local/lib/python3.7/site-packages/airflow/example_dags/example_trigger_controller_dag.py
[2025-01-29T23:46:04.625+0000] {logging_mixin.py:120} INFO - [2025-01-29T23:46:04.625+0000] {dag.py:2585} INFO - Sync 1 DAGs
[2025-01-29T23:46:04.656+0000] {logging_mixin.py:120} INFO - [2025-01-29T23:46:04.656+0000] {dag.py:3340} INFO - Setting next_dagrun for example_trigger_controller_dag to 2021-01-01T00:00:00+00:00, run_after=2021-01-01T00:00:00+00:00
[2025-01-29T23:46:04.679+0000] {processor.py:176} INFO - Processing /home/airflow/.local/lib/python3.7/site-packages/airflow/example_dags/example_trigger_controller_dag.py took 0.131 seconds
[2025-01-29T23:46:35.237+0000] {processor.py:154} INFO - Started process (PID=1843) to work on /home/airflow/.local/lib/python3.7/site-packages/airflow/example_dags/example_trigger_controller_dag.py
[2025-01-29T23:46:35.238+0000] {processor.py:756} INFO - Processing file /home/airflow/.local/lib/python3.7/site-packages/airflow/example_dags/example_trigger_controller_dag.py for tasks to queue
[2025-01-29T23:46:35.239+0000] {logging_mixin.py:120} INFO - [2025-01-29T23:46:35.239+0000] {dagbag.py:537} INFO - Filling up the DagBag from /home/airflow/.local/lib/python3.7/site-packages/airflow/example_dags/example_trigger_controller_dag.py
[2025-01-29T23:46:35.250+0000] {processor.py:766} INFO - DAG(s) dict_keys(['example_trigger_controller_dag']) retrieved from /home/airflow/.local/lib/python3.7/site-packages/airflow/example_dags/example_trigger_controller_dag.py
[2025-01-29T23:46:35.306+0000] {logging_mixin.py:120} INFO - [2025-01-29T23:46:35.306+0000] {dag.py:2585} INFO - Sync 1 DAGs
[2025-01-29T23:46:35.337+0000] {logging_mixin.py:120} INFO - [2025-01-29T23:46:35.336+0000] {dag.py:3340} INFO - Setting next_dagrun for example_trigger_controller_dag to 2021-01-01T00:00:00+00:00, run_after=2021-01-01T00:00:00+00:00
[2025-01-29T23:46:35.363+0000] {processor.py:176} INFO - Processing /home/airflow/.local/lib/python3.7/site-packages/airflow/example_dags/example_trigger_controller_dag.py took 0.128 seconds
[2025-01-29T23:47:05.518+0000] {processor.py:154} INFO - Started process (PID=1907) to work on /home/airflow/.local/lib/python3.7/site-packages/airflow/example_dags/example_trigger_controller_dag.py
[2025-01-29T23:47:05.520+0000] {processor.py:756} INFO - Processing file /home/airflow/.local/lib/python3.7/site-packages/airflow/example_dags/example_trigger_controller_dag.py for tasks to queue
[2025-01-29T23:47:05.521+0000] {logging_mixin.py:120} INFO - [2025-01-29T23:47:05.521+0000] {dagbag.py:537} INFO - Filling up the DagBag from /home/airflow/.local/lib/python3.7/site-packages/airflow/example_dags/example_trigger_controller_dag.py
[2025-01-29T23:47:05.540+0000] {processor.py:766} INFO - DAG(s) dict_keys(['example_trigger_controller_dag']) retrieved from /home/airflow/.local/lib/python3.7/site-packages/airflow/example_dags/example_trigger_controller_dag.py
[2025-01-29T23:47:05.604+0000] {logging_mixin.py:120} INFO - [2025-01-29T23:47:05.604+0000] {dag.py:2585} INFO - Sync 1 DAGs
[2025-01-29T23:47:05.636+0000] {logging_mixin.py:120} INFO - [2025-01-29T23:47:05.636+0000] {dag.py:3340} INFO - Setting next_dagrun for example_trigger_controller_dag to 2021-01-01T00:00:00+00:00, run_after=2021-01-01T00:00:00+00:00
[2025-01-29T23:47:05.658+0000] {processor.py:176} INFO - Processing /home/airflow/.local/lib/python3.7/site-packages/airflow/example_dags/example_trigger_controller_dag.py took 0.144 seconds
[2025-01-29T23:47:36.104+0000] {processor.py:154} INFO - Started process (PID=1971) to work on /home/airflow/.local/lib/python3.7/site-packages/airflow/example_dags/example_trigger_controller_dag.py
[2025-01-29T23:47:36.105+0000] {processor.py:756} INFO - Processing file /home/airflow/.local/lib/python3.7/site-packages/airflow/example_dags/example_trigger_controller_dag.py for tasks to queue
[2025-01-29T23:47:36.106+0000] {logging_mixin.py:120} INFO - [2025-01-29T23:47:36.106+0000] {dagbag.py:537} INFO - Filling up the DagBag from /home/airflow/.local/lib/python3.7/site-packages/airflow/example_dags/example_trigger_controller_dag.py
[2025-01-29T23:47:36.119+0000] {processor.py:766} INFO - DAG(s) dict_keys(['example_trigger_controller_dag']) retrieved from /home/airflow/.local/lib/python3.7/site-packages/airflow/example_dags/example_trigger_controller_dag.py
[2025-01-29T23:47:36.186+0000] {logging_mixin.py:120} INFO - [2025-01-29T23:47:36.186+0000] {dag.py:2585} INFO - Sync 1 DAGs
[2025-01-29T23:47:36.231+0000] {logging_mixin.py:120} INFO - [2025-01-29T23:47:36.231+0000] {dag.py:3340} INFO - Setting next_dagrun for example_trigger_controller_dag to 2021-01-01T00:00:00+00:00, run_after=2021-01-01T00:00:00+00:00
[2025-01-29T23:47:36.264+0000] {processor.py:176} INFO - Processing /home/airflow/.local/lib/python3.7/site-packages/airflow/example_dags/example_trigger_controller_dag.py took 0.162 seconds
[2025-01-29T23:48:06.932+0000] {processor.py:154} INFO - Started process (PID=2026) to work on /home/airflow/.local/lib/python3.7/site-packages/airflow/example_dags/example_trigger_controller_dag.py
[2025-01-29T23:48:06.933+0000] {processor.py:756} INFO - Processing file /home/airflow/.local/lib/python3.7/site-packages/airflow/example_dags/example_trigger_controller_dag.py for tasks to queue
[2025-01-29T23:48:06.934+0000] {logging_mixin.py:120} INFO - [2025-01-29T23:48:06.934+0000] {dagbag.py:537} INFO - Filling up the DagBag from /home/airflow/.local/lib/python3.7/site-packages/airflow/example_dags/example_trigger_controller_dag.py
[2025-01-29T23:48:06.943+0000] {processor.py:766} INFO - DAG(s) dict_keys(['example_trigger_controller_dag']) retrieved from /home/airflow/.local/lib/python3.7/site-packages/airflow/example_dags/example_trigger_controller_dag.py
[2025-01-29T23:48:06.999+0000] {logging_mixin.py:120} INFO - [2025-01-29T23:48:06.999+0000] {dag.py:2585} INFO - Sync 1 DAGs
[2025-01-29T23:48:07.030+0000] {logging_mixin.py:120} INFO - [2025-01-29T23:48:07.030+0000] {dag.py:3340} INFO - Setting next_dagrun for example_trigger_controller_dag to 2021-01-01T00:00:00+00:00, run_after=2021-01-01T00:00:00+00:00
[2025-01-29T23:48:07.054+0000] {processor.py:176} INFO - Processing /home/airflow/.local/lib/python3.7/site-packages/airflow/example_dags/example_trigger_controller_dag.py took 0.125 seconds
[2025-01-29T23:48:37.819+0000] {processor.py:154} INFO - Started process (PID=2090) to work on /home/airflow/.local/lib/python3.7/site-packages/airflow/example_dags/example_trigger_controller_dag.py
[2025-01-29T23:48:37.820+0000] {processor.py:756} INFO - Processing file /home/airflow/.local/lib/python3.7/site-packages/airflow/example_dags/example_trigger_controller_dag.py for tasks to queue
[2025-01-29T23:48:37.821+0000] {logging_mixin.py:120} INFO - [2025-01-29T23:48:37.821+0000] {dagbag.py:537} INFO - Filling up the DagBag from /home/airflow/.local/lib/python3.7/site-packages/airflow/example_dags/example_trigger_controller_dag.py
[2025-01-29T23:48:37.835+0000] {processor.py:766} INFO - DAG(s) dict_keys(['example_trigger_controller_dag']) retrieved from /home/airflow/.local/lib/python3.7/site-packages/airflow/example_dags/example_trigger_controller_dag.py
[2025-01-29T23:48:37.894+0000] {logging_mixin.py:120} INFO - [2025-01-29T23:48:37.893+0000] {dag.py:2585} INFO - Sync 1 DAGs
[2025-01-29T23:48:37.932+0000] {logging_mixin.py:120} INFO - [2025-01-29T23:48:37.932+0000] {dag.py:3340} INFO - Setting next_dagrun for example_trigger_controller_dag to 2021-01-01T00:00:00+00:00, run_after=2021-01-01T00:00:00+00:00
[2025-01-29T23:48:37.962+0000] {processor.py:176} INFO - Processing /home/airflow/.local/lib/python3.7/site-packages/airflow/example_dags/example_trigger_controller_dag.py took 0.146 seconds
[2025-01-29T23:49:08.341+0000] {processor.py:154} INFO - Started process (PID=2154) to work on /home/airflow/.local/lib/python3.7/site-packages/airflow/example_dags/example_trigger_controller_dag.py
[2025-01-29T23:49:08.342+0000] {processor.py:756} INFO - Processing file /home/airflow/.local/lib/python3.7/site-packages/airflow/example_dags/example_trigger_controller_dag.py for tasks to queue
[2025-01-29T23:49:08.343+0000] {logging_mixin.py:120} INFO - [2025-01-29T23:49:08.343+0000] {dagbag.py:537} INFO - Filling up the DagBag from /home/airflow/.local/lib/python3.7/site-packages/airflow/example_dags/example_trigger_controller_dag.py
[2025-01-29T23:49:08.354+0000] {processor.py:766} INFO - DAG(s) dict_keys(['example_trigger_controller_dag']) retrieved from /home/airflow/.local/lib/python3.7/site-packages/airflow/example_dags/example_trigger_controller_dag.py
[2025-01-29T23:49:08.407+0000] {logging_mixin.py:120} INFO - [2025-01-29T23:49:08.407+0000] {dag.py:2585} INFO - Sync 1 DAGs
[2025-01-29T23:49:08.438+0000] {logging_mixin.py:120} INFO - [2025-01-29T23:49:08.438+0000] {dag.py:3340} INFO - Setting next_dagrun for example_trigger_controller_dag to 2021-01-01T00:00:00+00:00, run_after=2021-01-01T00:00:00+00:00
[2025-01-29T23:49:08.461+0000] {processor.py:176} INFO - Processing /home/airflow/.local/lib/python3.7/site-packages/airflow/example_dags/example_trigger_controller_dag.py took 0.123 seconds
[2025-01-29T23:49:38.608+0000] {processor.py:154} INFO - Started process (PID=2209) to work on /home/airflow/.local/lib/python3.7/site-packages/airflow/example_dags/example_trigger_controller_dag.py
[2025-01-29T23:49:38.609+0000] {processor.py:756} INFO - Processing file /home/airflow/.local/lib/python3.7/site-packages/airflow/example_dags/example_trigger_controller_dag.py for tasks to queue
[2025-01-29T23:49:38.610+0000] {logging_mixin.py:120} INFO - [2025-01-29T23:49:38.610+0000] {dagbag.py:537} INFO - Filling up the DagBag from /home/airflow/.local/lib/python3.7/site-packages/airflow/example_dags/example_trigger_controller_dag.py
[2025-01-29T23:49:38.621+0000] {processor.py:766} INFO - DAG(s) dict_keys(['example_trigger_controller_dag']) retrieved from /home/airflow/.local/lib/python3.7/site-packages/airflow/example_dags/example_trigger_controller_dag.py
[2025-01-29T23:49:38.677+0000] {logging_mixin.py:120} INFO - [2025-01-29T23:49:38.677+0000] {dag.py:2585} INFO - Sync 1 DAGs
[2025-01-29T23:49:38.719+0000] {logging_mixin.py:120} INFO - [2025-01-29T23:49:38.719+0000] {dag.py:3340} INFO - Setting next_dagrun for example_trigger_controller_dag to 2021-01-01T00:00:00+00:00, run_after=2021-01-01T00:00:00+00:00
[2025-01-29T23:49:38.745+0000] {processor.py:176} INFO - Processing /home/airflow/.local/lib/python3.7/site-packages/airflow/example_dags/example_trigger_controller_dag.py took 0.140 seconds
[2025-01-29T23:50:08.997+0000] {processor.py:154} INFO - Started process (PID=2273) to work on /home/airflow/.local/lib/python3.7/site-packages/airflow/example_dags/example_trigger_controller_dag.py
[2025-01-29T23:50:08.999+0000] {processor.py:756} INFO - Processing file /home/airflow/.local/lib/python3.7/site-packages/airflow/example_dags/example_trigger_controller_dag.py for tasks to queue
[2025-01-29T23:50:09.000+0000] {logging_mixin.py:120} INFO - [2025-01-29T23:50:09.000+0000] {dagbag.py:537} INFO - Filling up the DagBag from /home/airflow/.local/lib/python3.7/site-packages/airflow/example_dags/example_trigger_controller_dag.py
[2025-01-29T23:50:09.018+0000] {processor.py:766} INFO - DAG(s) dict_keys(['example_trigger_controller_dag']) retrieved from /home/airflow/.local/lib/python3.7/site-packages/airflow/example_dags/example_trigger_controller_dag.py
[2025-01-29T23:50:09.090+0000] {logging_mixin.py:120} INFO - [2025-01-29T23:50:09.090+0000] {dag.py:2585} INFO - Sync 1 DAGs
[2025-01-29T23:50:09.140+0000] {logging_mixin.py:120} INFO - [2025-01-29T23:50:09.140+0000] {dag.py:3340} INFO - Setting next_dagrun for example_trigger_controller_dag to 2021-01-01T00:00:00+00:00, run_after=2021-01-01T00:00:00+00:00
[2025-01-29T23:50:09.180+0000] {processor.py:176} INFO - Processing /home/airflow/.local/lib/python3.7/site-packages/airflow/example_dags/example_trigger_controller_dag.py took 0.188 seconds
[2025-01-29T23:50:39.516+0000] {processor.py:154} INFO - Started process (PID=2337) to work on /home/airflow/.local/lib/python3.7/site-packages/airflow/example_dags/example_trigger_controller_dag.py
[2025-01-29T23:50:39.517+0000] {processor.py:756} INFO - Processing file /home/airflow/.local/lib/python3.7/site-packages/airflow/example_dags/example_trigger_controller_dag.py for tasks to queue
[2025-01-29T23:50:39.518+0000] {logging_mixin.py:120} INFO - [2025-01-29T23:50:39.518+0000] {dagbag.py:537} INFO - Filling up the DagBag from /home/airflow/.local/lib/python3.7/site-packages/airflow/example_dags/example_trigger_controller_dag.py
[2025-01-29T23:50:39.529+0000] {processor.py:766} INFO - DAG(s) dict_keys(['example_trigger_controller_dag']) retrieved from /home/airflow/.local/lib/python3.7/site-packages/airflow/example_dags/example_trigger_controller_dag.py
[2025-01-29T23:50:39.582+0000] {logging_mixin.py:120} INFO - [2025-01-29T23:50:39.582+0000] {dag.py:2585} INFO - Sync 1 DAGs
[2025-01-29T23:50:39.613+0000] {logging_mixin.py:120} INFO - [2025-01-29T23:50:39.613+0000] {dag.py:3340} INFO - Setting next_dagrun for example_trigger_controller_dag to 2021-01-01T00:00:00+00:00, run_after=2021-01-01T00:00:00+00:00
[2025-01-29T23:50:39.637+0000] {processor.py:176} INFO - Processing /home/airflow/.local/lib/python3.7/site-packages/airflow/example_dags/example_trigger_controller_dag.py took 0.124 seconds
[2025-01-29T23:51:10.161+0000] {processor.py:154} INFO - Started process (PID=2393) to work on /home/airflow/.local/lib/python3.7/site-packages/airflow/example_dags/example_trigger_controller_dag.py
[2025-01-29T23:51:10.162+0000] {processor.py:756} INFO - Processing file /home/airflow/.local/lib/python3.7/site-packages/airflow/example_dags/example_trigger_controller_dag.py for tasks to queue
[2025-01-29T23:51:10.162+0000] {logging_mixin.py:120} INFO - [2025-01-29T23:51:10.162+0000] {dagbag.py:537} INFO - Filling up the DagBag from /home/airflow/.local/lib/python3.7/site-packages/airflow/example_dags/example_trigger_controller_dag.py
[2025-01-29T23:51:10.174+0000] {processor.py:766} INFO - DAG(s) dict_keys(['example_trigger_controller_dag']) retrieved from /home/airflow/.local/lib/python3.7/site-packages/airflow/example_dags/example_trigger_controller_dag.py
[2025-01-29T23:51:10.239+0000] {logging_mixin.py:120} INFO - [2025-01-29T23:51:10.239+0000] {dag.py:2585} INFO - Sync 1 DAGs
[2025-01-29T23:51:10.277+0000] {logging_mixin.py:120} INFO - [2025-01-29T23:51:10.276+0000] {dag.py:3340} INFO - Setting next_dagrun for example_trigger_controller_dag to 2021-01-01T00:00:00+00:00, run_after=2021-01-01T00:00:00+00:00
[2025-01-29T23:51:10.300+0000] {processor.py:176} INFO - Processing /home/airflow/.local/lib/python3.7/site-packages/airflow/example_dags/example_trigger_controller_dag.py took 0.142 seconds
[2025-01-29T23:51:41.131+0000] {processor.py:154} INFO - Started process (PID=2457) to work on /home/airflow/.local/lib/python3.7/site-packages/airflow/example_dags/example_trigger_controller_dag.py
[2025-01-29T23:51:41.131+0000] {processor.py:756} INFO - Processing file /home/airflow/.local/lib/python3.7/site-packages/airflow/example_dags/example_trigger_controller_dag.py for tasks to queue
[2025-01-29T23:51:41.132+0000] {logging_mixin.py:120} INFO - [2025-01-29T23:51:41.132+0000] {dagbag.py:537} INFO - Filling up the DagBag from /home/airflow/.local/lib/python3.7/site-packages/airflow/example_dags/example_trigger_controller_dag.py
[2025-01-29T23:51:41.143+0000] {processor.py:766} INFO - DAG(s) dict_keys(['example_trigger_controller_dag']) retrieved from /home/airflow/.local/lib/python3.7/site-packages/airflow/example_dags/example_trigger_controller_dag.py
[2025-01-29T23:51:41.195+0000] {logging_mixin.py:120} INFO - [2025-01-29T23:51:41.195+0000] {dag.py:2585} INFO - Sync 1 DAGs
[2025-01-29T23:51:41.227+0000] {logging_mixin.py:120} INFO - [2025-01-29T23:51:41.227+0000] {dag.py:3340} INFO - Setting next_dagrun for example_trigger_controller_dag to 2021-01-01T00:00:00+00:00, run_after=2021-01-01T00:00:00+00:00
[2025-01-29T23:51:41.254+0000] {processor.py:176} INFO - Processing /home/airflow/.local/lib/python3.7/site-packages/airflow/example_dags/example_trigger_controller_dag.py took 0.126 seconds
[2025-01-29T23:52:11.560+0000] {processor.py:154} INFO - Started process (PID=2521) to work on /home/airflow/.local/lib/python3.7/site-packages/airflow/example_dags/example_trigger_controller_dag.py
[2025-01-29T23:52:11.560+0000] {processor.py:756} INFO - Processing file /home/airflow/.local/lib/python3.7/site-packages/airflow/example_dags/example_trigger_controller_dag.py for tasks to queue
[2025-01-29T23:52:11.561+0000] {logging_mixin.py:120} INFO - [2025-01-29T23:52:11.561+0000] {dagbag.py:537} INFO - Filling up the DagBag from /home/airflow/.local/lib/python3.7/site-packages/airflow/example_dags/example_trigger_controller_dag.py
[2025-01-29T23:52:11.571+0000] {processor.py:766} INFO - DAG(s) dict_keys(['example_trigger_controller_dag']) retrieved from /home/airflow/.local/lib/python3.7/site-packages/airflow/example_dags/example_trigger_controller_dag.py
[2025-01-29T23:52:11.627+0000] {logging_mixin.py:120} INFO - [2025-01-29T23:52:11.627+0000] {dag.py:2585} INFO - Sync 1 DAGs
[2025-01-29T23:52:11.662+0000] {logging_mixin.py:120} INFO - [2025-01-29T23:52:11.661+0000] {dag.py:3340} INFO - Setting next_dagrun for example_trigger_controller_dag to 2021-01-01T00:00:00+00:00, run_after=2021-01-01T00:00:00+00:00
[2025-01-29T23:52:11.691+0000] {processor.py:176} INFO - Processing /home/airflow/.local/lib/python3.7/site-packages/airflow/example_dags/example_trigger_controller_dag.py took 0.134 seconds
[2025-01-29T23:52:42.246+0000] {processor.py:154} INFO - Started process (PID=2583) to work on /home/airflow/.local/lib/python3.7/site-packages/airflow/example_dags/example_trigger_controller_dag.py
[2025-01-29T23:52:42.248+0000] {processor.py:756} INFO - Processing file /home/airflow/.local/lib/python3.7/site-packages/airflow/example_dags/example_trigger_controller_dag.py for tasks to queue
[2025-01-29T23:52:42.249+0000] {logging_mixin.py:120} INFO - [2025-01-29T23:52:42.248+0000] {dagbag.py:537} INFO - Filling up the DagBag from /home/airflow/.local/lib/python3.7/site-packages/airflow/example_dags/example_trigger_controller_dag.py
[2025-01-29T23:52:42.260+0000] {processor.py:766} INFO - DAG(s) dict_keys(['example_trigger_controller_dag']) retrieved from /home/airflow/.local/lib/python3.7/site-packages/airflow/example_dags/example_trigger_controller_dag.py
[2025-01-29T23:52:42.328+0000] {logging_mixin.py:120} INFO - [2025-01-29T23:52:42.328+0000] {dag.py:2585} INFO - Sync 1 DAGs
[2025-01-29T23:52:42.367+0000] {logging_mixin.py:120} INFO - [2025-01-29T23:52:42.366+0000] {dag.py:3340} INFO - Setting next_dagrun for example_trigger_controller_dag to 2021-01-01T00:00:00+00:00, run_after=2021-01-01T00:00:00+00:00
[2025-01-29T23:52:42.394+0000] {processor.py:176} INFO - Processing /home/airflow/.local/lib/python3.7/site-packages/airflow/example_dags/example_trigger_controller_dag.py took 0.150 seconds
[2025-01-29T23:53:12.748+0000] {processor.py:154} INFO - Started process (PID=2640) to work on /home/airflow/.local/lib/python3.7/site-packages/airflow/example_dags/example_trigger_controller_dag.py
[2025-01-29T23:53:12.748+0000] {processor.py:756} INFO - Processing file /home/airflow/.local/lib/python3.7/site-packages/airflow/example_dags/example_trigger_controller_dag.py for tasks to queue
[2025-01-29T23:53:12.749+0000] {logging_mixin.py:120} INFO - [2025-01-29T23:53:12.749+0000] {dagbag.py:537} INFO - Filling up the DagBag from /home/airflow/.local/lib/python3.7/site-packages/airflow/example_dags/example_trigger_controller_dag.py
[2025-01-29T23:53:12.760+0000] {processor.py:766} INFO - DAG(s) dict_keys(['example_trigger_controller_dag']) retrieved from /home/airflow/.local/lib/python3.7/site-packages/airflow/example_dags/example_trigger_controller_dag.py
[2025-01-29T23:53:12.813+0000] {logging_mixin.py:120} INFO - [2025-01-29T23:53:12.813+0000] {dag.py:2585} INFO - Sync 1 DAGs
[2025-01-29T23:53:12.844+0000] {logging_mixin.py:120} INFO - [2025-01-29T23:53:12.844+0000] {dag.py:3340} INFO - Setting next_dagrun for example_trigger_controller_dag to 2021-01-01T00:00:00+00:00, run_after=2021-01-01T00:00:00+00:00
[2025-01-29T23:53:12.866+0000] {processor.py:176} INFO - Processing /home/airflow/.local/lib/python3.7/site-packages/airflow/example_dags/example_trigger_controller_dag.py took 0.121 seconds
[2025-01-29T23:53:43.867+0000] {processor.py:154} INFO - Started process (PID=2704) to work on /home/airflow/.local/lib/python3.7/site-packages/airflow/example_dags/example_trigger_controller_dag.py
[2025-01-29T23:53:43.868+0000] {processor.py:756} INFO - Processing file /home/airflow/.local/lib/python3.7/site-packages/airflow/example_dags/example_trigger_controller_dag.py for tasks to queue
[2025-01-29T23:53:43.868+0000] {logging_mixin.py:120} INFO - [2025-01-29T23:53:43.868+0000] {dagbag.py:537} INFO - Filling up the DagBag from /home/airflow/.local/lib/python3.7/site-packages/airflow/example_dags/example_trigger_controller_dag.py
[2025-01-29T23:53:43.879+0000] {processor.py:766} INFO - DAG(s) dict_keys(['example_trigger_controller_dag']) retrieved from /home/airflow/.local/lib/python3.7/site-packages/airflow/example_dags/example_trigger_controller_dag.py
[2025-01-29T23:53:43.934+0000] {logging_mixin.py:120} INFO - [2025-01-29T23:53:43.934+0000] {dag.py:2585} INFO - Sync 1 DAGs
[2025-01-29T23:53:43.970+0000] {logging_mixin.py:120} INFO - [2025-01-29T23:53:43.970+0000] {dag.py:3340} INFO - Setting next_dagrun for example_trigger_controller_dag to 2021-01-01T00:00:00+00:00, run_after=2021-01-01T00:00:00+00:00
[2025-01-29T23:53:43.994+0000] {processor.py:176} INFO - Processing /home/airflow/.local/lib/python3.7/site-packages/airflow/example_dags/example_trigger_controller_dag.py took 0.130 seconds
[2025-01-29T23:54:14.381+0000] {processor.py:154} INFO - Started process (PID=2768) to work on /home/airflow/.local/lib/python3.7/site-packages/airflow/example_dags/example_trigger_controller_dag.py
[2025-01-29T23:54:14.383+0000] {processor.py:756} INFO - Processing file /home/airflow/.local/lib/python3.7/site-packages/airflow/example_dags/example_trigger_controller_dag.py for tasks to queue
[2025-01-29T23:54:14.384+0000] {logging_mixin.py:120} INFO - [2025-01-29T23:54:14.383+0000] {dagbag.py:537} INFO - Filling up the DagBag from /home/airflow/.local/lib/python3.7/site-packages/airflow/example_dags/example_trigger_controller_dag.py
[2025-01-29T23:54:14.394+0000] {processor.py:766} INFO - DAG(s) dict_keys(['example_trigger_controller_dag']) retrieved from /home/airflow/.local/lib/python3.7/site-packages/airflow/example_dags/example_trigger_controller_dag.py
[2025-01-29T23:54:14.455+0000] {logging_mixin.py:120} INFO - [2025-01-29T23:54:14.455+0000] {dag.py:2585} INFO - Sync 1 DAGs
[2025-01-29T23:54:14.492+0000] {logging_mixin.py:120} INFO - [2025-01-29T23:54:14.492+0000] {dag.py:3340} INFO - Setting next_dagrun for example_trigger_controller_dag to 2021-01-01T00:00:00+00:00, run_after=2021-01-01T00:00:00+00:00
[2025-01-29T23:54:14.521+0000] {processor.py:176} INFO - Processing /home/airflow/.local/lib/python3.7/site-packages/airflow/example_dags/example_trigger_controller_dag.py took 0.144 seconds
[2025-01-29T23:54:44.839+0000] {processor.py:154} INFO - Started process (PID=2823) to work on /home/airflow/.local/lib/python3.7/site-packages/airflow/example_dags/example_trigger_controller_dag.py
[2025-01-29T23:54:44.840+0000] {processor.py:756} INFO - Processing file /home/airflow/.local/lib/python3.7/site-packages/airflow/example_dags/example_trigger_controller_dag.py for tasks to queue
[2025-01-29T23:54:44.841+0000] {logging_mixin.py:120} INFO - [2025-01-29T23:54:44.841+0000] {dagbag.py:537} INFO - Filling up the DagBag from /home/airflow/.local/lib/python3.7/site-packages/airflow/example_dags/example_trigger_controller_dag.py
[2025-01-29T23:54:44.852+0000] {processor.py:766} INFO - DAG(s) dict_keys(['example_trigger_controller_dag']) retrieved from /home/airflow/.local/lib/python3.7/site-packages/airflow/example_dags/example_trigger_controller_dag.py
[2025-01-29T23:54:44.916+0000] {logging_mixin.py:120} INFO - [2025-01-29T23:54:44.916+0000] {dag.py:2585} INFO - Sync 1 DAGs
[2025-01-29T23:54:44.951+0000] {logging_mixin.py:120} INFO - [2025-01-29T23:54:44.950+0000] {dag.py:3340} INFO - Setting next_dagrun for example_trigger_controller_dag to 2021-01-01T00:00:00+00:00, run_after=2021-01-01T00:00:00+00:00
[2025-01-29T23:54:44.978+0000] {processor.py:176} INFO - Processing /home/airflow/.local/lib/python3.7/site-packages/airflow/example_dags/example_trigger_controller_dag.py took 0.141 seconds
[2025-01-29T23:55:15.325+0000] {processor.py:154} INFO - Started process (PID=2887) to work on /home/airflow/.local/lib/python3.7/site-packages/airflow/example_dags/example_trigger_controller_dag.py
[2025-01-29T23:55:15.326+0000] {processor.py:756} INFO - Processing file /home/airflow/.local/lib/python3.7/site-packages/airflow/example_dags/example_trigger_controller_dag.py for tasks to queue
[2025-01-29T23:55:15.327+0000] {logging_mixin.py:120} INFO - [2025-01-29T23:55:15.327+0000] {dagbag.py:537} INFO - Filling up the DagBag from /home/airflow/.local/lib/python3.7/site-packages/airflow/example_dags/example_trigger_controller_dag.py
[2025-01-29T23:55:15.337+0000] {processor.py:766} INFO - DAG(s) dict_keys(['example_trigger_controller_dag']) retrieved from /home/airflow/.local/lib/python3.7/site-packages/airflow/example_dags/example_trigger_controller_dag.py
[2025-01-29T23:55:15.387+0000] {logging_mixin.py:120} INFO - [2025-01-29T23:55:15.387+0000] {dag.py:2585} INFO - Sync 1 DAGs
[2025-01-29T23:55:15.419+0000] {logging_mixin.py:120} INFO - [2025-01-29T23:55:15.419+0000] {dag.py:3340} INFO - Setting next_dagrun for example_trigger_controller_dag to 2021-01-01T00:00:00+00:00, run_after=2021-01-01T00:00:00+00:00
[2025-01-29T23:55:15.442+0000] {processor.py:176} INFO - Processing /home/airflow/.local/lib/python3.7/site-packages/airflow/example_dags/example_trigger_controller_dag.py took 0.120 seconds
[2025-01-29T23:55:45.656+0000] {processor.py:154} INFO - Started process (PID=2951) to work on /home/airflow/.local/lib/python3.7/site-packages/airflow/example_dags/example_trigger_controller_dag.py
[2025-01-29T23:55:45.657+0000] {processor.py:756} INFO - Processing file /home/airflow/.local/lib/python3.7/site-packages/airflow/example_dags/example_trigger_controller_dag.py for tasks to queue
[2025-01-29T23:55:45.658+0000] {logging_mixin.py:120} INFO - [2025-01-29T23:55:45.658+0000] {dagbag.py:537} INFO - Filling up the DagBag from /home/airflow/.local/lib/python3.7/site-packages/airflow/example_dags/example_trigger_controller_dag.py
[2025-01-29T23:55:45.672+0000] {processor.py:766} INFO - DAG(s) dict_keys(['example_trigger_controller_dag']) retrieved from /home/airflow/.local/lib/python3.7/site-packages/airflow/example_dags/example_trigger_controller_dag.py
[2025-01-29T23:55:45.733+0000] {logging_mixin.py:120} INFO - [2025-01-29T23:55:45.732+0000] {dag.py:2585} INFO - Sync 1 DAGs
[2025-01-29T23:55:45.771+0000] {logging_mixin.py:120} INFO - [2025-01-29T23:55:45.770+0000] {dag.py:3340} INFO - Setting next_dagrun for example_trigger_controller_dag to 2021-01-01T00:00:00+00:00, run_after=2021-01-01T00:00:00+00:00
[2025-01-29T23:55:45.803+0000] {processor.py:176} INFO - Processing /home/airflow/.local/lib/python3.7/site-packages/airflow/example_dags/example_trigger_controller_dag.py took 0.150 seconds
[2025-01-29T23:56:15.984+0000] {processor.py:154} INFO - Started process (PID=3006) to work on /home/airflow/.local/lib/python3.7/site-packages/airflow/example_dags/example_trigger_controller_dag.py
[2025-01-29T23:56:15.985+0000] {processor.py:756} INFO - Processing file /home/airflow/.local/lib/python3.7/site-packages/airflow/example_dags/example_trigger_controller_dag.py for tasks to queue
[2025-01-29T23:56:15.986+0000] {logging_mixin.py:120} INFO - [2025-01-29T23:56:15.985+0000] {dagbag.py:537} INFO - Filling up the DagBag from /home/airflow/.local/lib/python3.7/site-packages/airflow/example_dags/example_trigger_controller_dag.py
[2025-01-29T23:56:15.996+0000] {processor.py:766} INFO - DAG(s) dict_keys(['example_trigger_controller_dag']) retrieved from /home/airflow/.local/lib/python3.7/site-packages/airflow/example_dags/example_trigger_controller_dag.py
[2025-01-29T23:56:16.050+0000] {logging_mixin.py:120} INFO - [2025-01-29T23:56:16.050+0000] {dag.py:2585} INFO - Sync 1 DAGs
[2025-01-29T23:56:16.082+0000] {logging_mixin.py:120} INFO - [2025-01-29T23:56:16.081+0000] {dag.py:3340} INFO - Setting next_dagrun for example_trigger_controller_dag to 2021-01-01T00:00:00+00:00, run_after=2021-01-01T00:00:00+00:00
[2025-01-29T23:56:16.104+0000] {processor.py:176} INFO - Processing /home/airflow/.local/lib/python3.7/site-packages/airflow/example_dags/example_trigger_controller_dag.py took 0.123 seconds
[2025-01-29T23:56:46.340+0000] {processor.py:154} INFO - Started process (PID=3070) to work on /home/airflow/.local/lib/python3.7/site-packages/airflow/example_dags/example_trigger_controller_dag.py
[2025-01-29T23:56:46.341+0000] {processor.py:756} INFO - Processing file /home/airflow/.local/lib/python3.7/site-packages/airflow/example_dags/example_trigger_controller_dag.py for tasks to queue
[2025-01-29T23:56:46.342+0000] {logging_mixin.py:120} INFO - [2025-01-29T23:56:46.342+0000] {dagbag.py:537} INFO - Filling up the DagBag from /home/airflow/.local/lib/python3.7/site-packages/airflow/example_dags/example_trigger_controller_dag.py
[2025-01-29T23:56:46.352+0000] {processor.py:766} INFO - DAG(s) dict_keys(['example_trigger_controller_dag']) retrieved from /home/airflow/.local/lib/python3.7/site-packages/airflow/example_dags/example_trigger_controller_dag.py
[2025-01-29T23:56:46.404+0000] {logging_mixin.py:120} INFO - [2025-01-29T23:56:46.404+0000] {dag.py:2585} INFO - Sync 1 DAGs
[2025-01-29T23:56:46.434+0000] {logging_mixin.py:120} INFO - [2025-01-29T23:56:46.434+0000] {dag.py:3340} INFO - Setting next_dagrun for example_trigger_controller_dag to 2021-01-01T00:00:00+00:00, run_after=2021-01-01T00:00:00+00:00
[2025-01-29T23:56:46.457+0000] {processor.py:176} INFO - Processing /home/airflow/.local/lib/python3.7/site-packages/airflow/example_dags/example_trigger_controller_dag.py took 0.119 seconds
[2025-01-29T23:57:16.640+0000] {processor.py:154} INFO - Started process (PID=3134) to work on /home/airflow/.local/lib/python3.7/site-packages/airflow/example_dags/example_trigger_controller_dag.py
[2025-01-29T23:57:16.641+0000] {processor.py:756} INFO - Processing file /home/airflow/.local/lib/python3.7/site-packages/airflow/example_dags/example_trigger_controller_dag.py for tasks to queue
[2025-01-29T23:57:16.642+0000] {logging_mixin.py:120} INFO - [2025-01-29T23:57:16.642+0000] {dagbag.py:537} INFO - Filling up the DagBag from /home/airflow/.local/lib/python3.7/site-packages/airflow/example_dags/example_trigger_controller_dag.py
[2025-01-29T23:57:16.654+0000] {processor.py:766} INFO - DAG(s) dict_keys(['example_trigger_controller_dag']) retrieved from /home/airflow/.local/lib/python3.7/site-packages/airflow/example_dags/example_trigger_controller_dag.py
[2025-01-29T23:57:16.722+0000] {logging_mixin.py:120} INFO - [2025-01-29T23:57:16.722+0000] {dag.py:2585} INFO - Sync 1 DAGs
[2025-01-29T23:57:16.759+0000] {logging_mixin.py:120} INFO - [2025-01-29T23:57:16.759+0000] {dag.py:3340} INFO - Setting next_dagrun for example_trigger_controller_dag to 2021-01-01T00:00:00+00:00, run_after=2021-01-01T00:00:00+00:00
[2025-01-29T23:57:16.781+0000] {processor.py:176} INFO - Processing /home/airflow/.local/lib/python3.7/site-packages/airflow/example_dags/example_trigger_controller_dag.py took 0.143 seconds
[2025-01-29T23:57:47.266+0000] {processor.py:154} INFO - Started process (PID=3189) to work on /home/airflow/.local/lib/python3.7/site-packages/airflow/example_dags/example_trigger_controller_dag.py
[2025-01-29T23:57:47.267+0000] {processor.py:756} INFO - Processing file /home/airflow/.local/lib/python3.7/site-packages/airflow/example_dags/example_trigger_controller_dag.py for tasks to queue
[2025-01-29T23:57:47.267+0000] {logging_mixin.py:120} INFO - [2025-01-29T23:57:47.267+0000] {dagbag.py:537} INFO - Filling up the DagBag from /home/airflow/.local/lib/python3.7/site-packages/airflow/example_dags/example_trigger_controller_dag.py
[2025-01-29T23:57:47.278+0000] {processor.py:766} INFO - DAG(s) dict_keys(['example_trigger_controller_dag']) retrieved from /home/airflow/.local/lib/python3.7/site-packages/airflow/example_dags/example_trigger_controller_dag.py
[2025-01-29T23:57:47.335+0000] {logging_mixin.py:120} INFO - [2025-01-29T23:57:47.334+0000] {dag.py:2585} INFO - Sync 1 DAGs
[2025-01-29T23:57:47.373+0000] {logging_mixin.py:120} INFO - [2025-01-29T23:57:47.372+0000] {dag.py:3340} INFO - Setting next_dagrun for example_trigger_controller_dag to 2021-01-01T00:00:00+00:00, run_after=2021-01-01T00:00:00+00:00
[2025-01-29T23:57:47.401+0000] {processor.py:176} INFO - Processing /home/airflow/.local/lib/python3.7/site-packages/airflow/example_dags/example_trigger_controller_dag.py took 0.139 seconds
[2025-01-29T23:58:17.843+0000] {processor.py:154} INFO - Started process (PID=3253) to work on /home/airflow/.local/lib/python3.7/site-packages/airflow/example_dags/example_trigger_controller_dag.py
[2025-01-29T23:58:17.844+0000] {processor.py:756} INFO - Processing file /home/airflow/.local/lib/python3.7/site-packages/airflow/example_dags/example_trigger_controller_dag.py for tasks to queue
[2025-01-29T23:58:17.845+0000] {logging_mixin.py:120} INFO - [2025-01-29T23:58:17.845+0000] {dagbag.py:537} INFO - Filling up the DagBag from /home/airflow/.local/lib/python3.7/site-packages/airflow/example_dags/example_trigger_controller_dag.py
[2025-01-29T23:58:17.857+0000] {processor.py:766} INFO - DAG(s) dict_keys(['example_trigger_controller_dag']) retrieved from /home/airflow/.local/lib/python3.7/site-packages/airflow/example_dags/example_trigger_controller_dag.py
[2025-01-29T23:58:17.916+0000] {logging_mixin.py:120} INFO - [2025-01-29T23:58:17.916+0000] {dag.py:2585} INFO - Sync 1 DAGs
[2025-01-29T23:58:17.947+0000] {logging_mixin.py:120} INFO - [2025-01-29T23:58:17.947+0000] {dag.py:3340} INFO - Setting next_dagrun for example_trigger_controller_dag to 2021-01-01T00:00:00+00:00, run_after=2021-01-01T00:00:00+00:00
[2025-01-29T23:58:17.971+0000] {processor.py:176} INFO - Processing /home/airflow/.local/lib/python3.7/site-packages/airflow/example_dags/example_trigger_controller_dag.py took 0.131 seconds
[2025-01-29T23:58:48.239+0000] {processor.py:154} INFO - Started process (PID=3317) to work on /home/airflow/.local/lib/python3.7/site-packages/airflow/example_dags/example_trigger_controller_dag.py
[2025-01-29T23:58:48.240+0000] {processor.py:756} INFO - Processing file /home/airflow/.local/lib/python3.7/site-packages/airflow/example_dags/example_trigger_controller_dag.py for tasks to queue
[2025-01-29T23:58:48.241+0000] {logging_mixin.py:120} INFO - [2025-01-29T23:58:48.241+0000] {dagbag.py:537} INFO - Filling up the DagBag from /home/airflow/.local/lib/python3.7/site-packages/airflow/example_dags/example_trigger_controller_dag.py
[2025-01-29T23:58:48.255+0000] {processor.py:766} INFO - DAG(s) dict_keys(['example_trigger_controller_dag']) retrieved from /home/airflow/.local/lib/python3.7/site-packages/airflow/example_dags/example_trigger_controller_dag.py
[2025-01-29T23:58:48.325+0000] {logging_mixin.py:120} INFO - [2025-01-29T23:58:48.325+0000] {dag.py:2585} INFO - Sync 1 DAGs
[2025-01-29T23:58:48.365+0000] {logging_mixin.py:120} INFO - [2025-01-29T23:58:48.365+0000] {dag.py:3340} INFO - Setting next_dagrun for example_trigger_controller_dag to 2021-01-01T00:00:00+00:00, run_after=2021-01-01T00:00:00+00:00
[2025-01-29T23:58:48.393+0000] {processor.py:176} INFO - Processing /home/airflow/.local/lib/python3.7/site-packages/airflow/example_dags/example_trigger_controller_dag.py took 0.158 seconds
[2025-01-29T23:59:19.112+0000] {processor.py:154} INFO - Started process (PID=3381) to work on /home/airflow/.local/lib/python3.7/site-packages/airflow/example_dags/example_trigger_controller_dag.py
[2025-01-29T23:59:19.113+0000] {processor.py:756} INFO - Processing file /home/airflow/.local/lib/python3.7/site-packages/airflow/example_dags/example_trigger_controller_dag.py for tasks to queue
[2025-01-29T23:59:19.114+0000] {logging_mixin.py:120} INFO - [2025-01-29T23:59:19.114+0000] {dagbag.py:537} INFO - Filling up the DagBag from /home/airflow/.local/lib/python3.7/site-packages/airflow/example_dags/example_trigger_controller_dag.py
[2025-01-29T23:59:19.126+0000] {processor.py:766} INFO - DAG(s) dict_keys(['example_trigger_controller_dag']) retrieved from /home/airflow/.local/lib/python3.7/site-packages/airflow/example_dags/example_trigger_controller_dag.py
[2025-01-29T23:59:19.185+0000] {logging_mixin.py:120} INFO - [2025-01-29T23:59:19.184+0000] {dag.py:2585} INFO - Sync 1 DAGs
[2025-01-29T23:59:19.218+0000] {logging_mixin.py:120} INFO - [2025-01-29T23:59:19.218+0000] {dag.py:3340} INFO - Setting next_dagrun for example_trigger_controller_dag to 2021-01-01T00:00:00+00:00, run_after=2021-01-01T00:00:00+00:00
[2025-01-29T23:59:19.241+0000] {processor.py:176} INFO - Processing /home/airflow/.local/lib/python3.7/site-packages/airflow/example_dags/example_trigger_controller_dag.py took 0.131 seconds
[2025-01-29T23:59:49.407+0000] {processor.py:154} INFO - Started process (PID=3436) to work on /home/airflow/.local/lib/python3.7/site-packages/airflow/example_dags/example_trigger_controller_dag.py
[2025-01-29T23:59:49.409+0000] {processor.py:756} INFO - Processing file /home/airflow/.local/lib/python3.7/site-packages/airflow/example_dags/example_trigger_controller_dag.py for tasks to queue
[2025-01-29T23:59:49.409+0000] {logging_mixin.py:120} INFO - [2025-01-29T23:59:49.409+0000] {dagbag.py:537} INFO - Filling up the DagBag from /home/airflow/.local/lib/python3.7/site-packages/airflow/example_dags/example_trigger_controller_dag.py
[2025-01-29T23:59:49.423+0000] {processor.py:766} INFO - DAG(s) dict_keys(['example_trigger_controller_dag']) retrieved from /home/airflow/.local/lib/python3.7/site-packages/airflow/example_dags/example_trigger_controller_dag.py
[2025-01-29T23:59:49.499+0000] {logging_mixin.py:120} INFO - [2025-01-29T23:59:49.499+0000] {dag.py:2585} INFO - Sync 1 DAGs
[2025-01-29T23:59:49.552+0000] {logging_mixin.py:120} INFO - [2025-01-29T23:59:49.551+0000] {dag.py:3340} INFO - Setting next_dagrun for example_trigger_controller_dag to 2021-01-01T00:00:00+00:00, run_after=2021-01-01T00:00:00+00:00
[2025-01-29T23:59:49.583+0000] {processor.py:176} INFO - Processing /home/airflow/.local/lib/python3.7/site-packages/airflow/example_dags/example_trigger_controller_dag.py took 0.179 seconds
