[2025-01-29T23:31:50.286+0000] {processor.py:154} INFO - Started process (PID=73) to work on /home/airflow/.local/lib/python3.7/site-packages/airflow/example_dags/example_latest_only_with_trigger.py
[2025-01-29T23:31:50.288+0000] {processor.py:756} INFO - Processing file /home/airflow/.local/lib/python3.7/site-packages/airflow/example_dags/example_latest_only_with_trigger.py for tasks to queue
[2025-01-29T23:31:50.289+0000] {logging_mixin.py:120} INFO - [2025-01-29T23:31:50.288+0000] {dagbag.py:537} INFO - Filling up the DagBag from /home/airflow/.local/lib/python3.7/site-packages/airflow/example_dags/example_latest_only_with_trigger.py
[2025-01-29T23:31:50.307+0000] {processor.py:766} INFO - DAG(s) dict_keys(['latest_only_with_trigger']) retrieved from /home/airflow/.local/lib/python3.7/site-packages/airflow/example_dags/example_latest_only_with_trigger.py
[2025-01-29T23:31:50.503+0000] {logging_mixin.py:120} INFO - [2025-01-29T23:31:50.502+0000] {manager.py:507} INFO - Created Permission View: can read on DAG:latest_only_with_trigger
[2025-01-29T23:31:50.514+0000] {logging_mixin.py:120} INFO - [2025-01-29T23:31:50.513+0000] {manager.py:507} INFO - Created Permission View: can delete on DAG:latest_only_with_trigger
[2025-01-29T23:31:50.524+0000] {logging_mixin.py:120} INFO - [2025-01-29T23:31:50.524+0000] {manager.py:507} INFO - Created Permission View: can edit on DAG:latest_only_with_trigger
[2025-01-29T23:31:50.524+0000] {logging_mixin.py:120} INFO - [2025-01-29T23:31:50.524+0000] {dag.py:2585} INFO - Sync 1 DAGs
[2025-01-29T23:31:50.546+0000] {logging_mixin.py:120} INFO - [2025-01-29T23:31:50.546+0000] {dag.py:2606} INFO - Creating ORM DAG for latest_only_with_trigger
[2025-01-29T23:31:50.564+0000] {logging_mixin.py:120} INFO - [2025-01-29T23:31:50.563+0000] {dag.py:3340} INFO - Setting next_dagrun for latest_only_with_trigger to 2025-01-29T19:31:50.563542+00:00, run_after=2025-01-29T23:31:50.563542+00:00
[2025-01-29T23:31:50.593+0000] {processor.py:176} INFO - Processing /home/airflow/.local/lib/python3.7/site-packages/airflow/example_dags/example_latest_only_with_trigger.py took 0.312 seconds
[2025-01-29T23:32:20.639+0000] {processor.py:154} INFO - Started process (PID=137) to work on /home/airflow/.local/lib/python3.7/site-packages/airflow/example_dags/example_latest_only_with_trigger.py
[2025-01-29T23:32:20.640+0000] {processor.py:756} INFO - Processing file /home/airflow/.local/lib/python3.7/site-packages/airflow/example_dags/example_latest_only_with_trigger.py for tasks to queue
[2025-01-29T23:32:20.641+0000] {logging_mixin.py:120} INFO - [2025-01-29T23:32:20.640+0000] {dagbag.py:537} INFO - Filling up the DagBag from /home/airflow/.local/lib/python3.7/site-packages/airflow/example_dags/example_latest_only_with_trigger.py
[2025-01-29T23:32:20.655+0000] {processor.py:766} INFO - DAG(s) dict_keys(['latest_only_with_trigger']) retrieved from /home/airflow/.local/lib/python3.7/site-packages/airflow/example_dags/example_latest_only_with_trigger.py
[2025-01-29T23:32:20.710+0000] {logging_mixin.py:120} INFO - [2025-01-29T23:32:20.709+0000] {dag.py:2585} INFO - Sync 1 DAGs
[2025-01-29T23:32:20.746+0000] {logging_mixin.py:120} INFO - [2025-01-29T23:32:20.745+0000] {dag.py:3340} INFO - Setting next_dagrun for latest_only_with_trigger to 2025-01-29T19:32:20.745642+00:00, run_after=2025-01-29T23:32:20.745642+00:00
[2025-01-29T23:32:20.777+0000] {processor.py:176} INFO - Processing /home/airflow/.local/lib/python3.7/site-packages/airflow/example_dags/example_latest_only_with_trigger.py took 0.142 seconds
[2025-01-29T23:32:51.155+0000] {processor.py:154} INFO - Started process (PID=193) to work on /home/airflow/.local/lib/python3.7/site-packages/airflow/example_dags/example_latest_only_with_trigger.py
[2025-01-29T23:32:51.156+0000] {processor.py:756} INFO - Processing file /home/airflow/.local/lib/python3.7/site-packages/airflow/example_dags/example_latest_only_with_trigger.py for tasks to queue
[2025-01-29T23:32:51.157+0000] {logging_mixin.py:120} INFO - [2025-01-29T23:32:51.156+0000] {dagbag.py:537} INFO - Filling up the DagBag from /home/airflow/.local/lib/python3.7/site-packages/airflow/example_dags/example_latest_only_with_trigger.py
[2025-01-29T23:32:51.169+0000] {processor.py:766} INFO - DAG(s) dict_keys(['latest_only_with_trigger']) retrieved from /home/airflow/.local/lib/python3.7/site-packages/airflow/example_dags/example_latest_only_with_trigger.py
[2025-01-29T23:32:51.223+0000] {logging_mixin.py:120} INFO - [2025-01-29T23:32:51.222+0000] {dag.py:2585} INFO - Sync 1 DAGs
[2025-01-29T23:32:51.254+0000] {logging_mixin.py:120} INFO - [2025-01-29T23:32:51.254+0000] {dag.py:3340} INFO - Setting next_dagrun for latest_only_with_trigger to 2025-01-29T19:32:51.253997+00:00, run_after=2025-01-29T23:32:51.253997+00:00
[2025-01-29T23:32:51.278+0000] {processor.py:176} INFO - Processing /home/airflow/.local/lib/python3.7/site-packages/airflow/example_dags/example_latest_only_with_trigger.py took 0.126 seconds
[2025-01-29T23:33:21.706+0000] {processor.py:154} INFO - Started process (PID=257) to work on /home/airflow/.local/lib/python3.7/site-packages/airflow/example_dags/example_latest_only_with_trigger.py
[2025-01-29T23:33:21.707+0000] {processor.py:756} INFO - Processing file /home/airflow/.local/lib/python3.7/site-packages/airflow/example_dags/example_latest_only_with_trigger.py for tasks to queue
[2025-01-29T23:33:21.708+0000] {logging_mixin.py:120} INFO - [2025-01-29T23:33:21.708+0000] {dagbag.py:537} INFO - Filling up the DagBag from /home/airflow/.local/lib/python3.7/site-packages/airflow/example_dags/example_latest_only_with_trigger.py
[2025-01-29T23:33:21.721+0000] {processor.py:766} INFO - DAG(s) dict_keys(['latest_only_with_trigger']) retrieved from /home/airflow/.local/lib/python3.7/site-packages/airflow/example_dags/example_latest_only_with_trigger.py
[2025-01-29T23:33:21.774+0000] {logging_mixin.py:120} INFO - [2025-01-29T23:33:21.774+0000] {dag.py:2585} INFO - Sync 1 DAGs
[2025-01-29T23:33:21.806+0000] {logging_mixin.py:120} INFO - [2025-01-29T23:33:21.806+0000] {dag.py:3340} INFO - Setting next_dagrun for latest_only_with_trigger to 2025-01-29T19:33:21.805796+00:00, run_after=2025-01-29T23:33:21.805796+00:00
[2025-01-29T23:33:21.835+0000] {processor.py:176} INFO - Processing /home/airflow/.local/lib/python3.7/site-packages/airflow/example_dags/example_latest_only_with_trigger.py took 0.132 seconds
[2025-01-29T23:33:52.020+0000] {processor.py:154} INFO - Started process (PID=321) to work on /home/airflow/.local/lib/python3.7/site-packages/airflow/example_dags/example_latest_only_with_trigger.py
[2025-01-29T23:33:52.021+0000] {processor.py:756} INFO - Processing file /home/airflow/.local/lib/python3.7/site-packages/airflow/example_dags/example_latest_only_with_trigger.py for tasks to queue
[2025-01-29T23:33:52.021+0000] {logging_mixin.py:120} INFO - [2025-01-29T23:33:52.021+0000] {dagbag.py:537} INFO - Filling up the DagBag from /home/airflow/.local/lib/python3.7/site-packages/airflow/example_dags/example_latest_only_with_trigger.py
[2025-01-29T23:33:52.034+0000] {processor.py:766} INFO - DAG(s) dict_keys(['latest_only_with_trigger']) retrieved from /home/airflow/.local/lib/python3.7/site-packages/airflow/example_dags/example_latest_only_with_trigger.py
[2025-01-29T23:33:52.087+0000] {logging_mixin.py:120} INFO - [2025-01-29T23:33:52.087+0000] {dag.py:2585} INFO - Sync 1 DAGs
[2025-01-29T23:33:52.121+0000] {logging_mixin.py:120} INFO - [2025-01-29T23:33:52.120+0000] {dag.py:3340} INFO - Setting next_dagrun for latest_only_with_trigger to 2025-01-29T19:33:52.120718+00:00, run_after=2025-01-29T23:33:52.120718+00:00
[2025-01-29T23:33:52.152+0000] {processor.py:176} INFO - Processing /home/airflow/.local/lib/python3.7/site-packages/airflow/example_dags/example_latest_only_with_trigger.py took 0.135 seconds
[2025-01-29T23:34:22.422+0000] {processor.py:154} INFO - Started process (PID=376) to work on /home/airflow/.local/lib/python3.7/site-packages/airflow/example_dags/example_latest_only_with_trigger.py
[2025-01-29T23:34:22.423+0000] {processor.py:756} INFO - Processing file /home/airflow/.local/lib/python3.7/site-packages/airflow/example_dags/example_latest_only_with_trigger.py for tasks to queue
[2025-01-29T23:34:22.424+0000] {logging_mixin.py:120} INFO - [2025-01-29T23:34:22.424+0000] {dagbag.py:537} INFO - Filling up the DagBag from /home/airflow/.local/lib/python3.7/site-packages/airflow/example_dags/example_latest_only_with_trigger.py
[2025-01-29T23:34:22.437+0000] {processor.py:766} INFO - DAG(s) dict_keys(['latest_only_with_trigger']) retrieved from /home/airflow/.local/lib/python3.7/site-packages/airflow/example_dags/example_latest_only_with_trigger.py
[2025-01-29T23:34:22.492+0000] {logging_mixin.py:120} INFO - [2025-01-29T23:34:22.492+0000] {dag.py:2585} INFO - Sync 1 DAGs
[2025-01-29T23:34:22.523+0000] {logging_mixin.py:120} INFO - [2025-01-29T23:34:22.523+0000] {dag.py:3340} INFO - Setting next_dagrun for latest_only_with_trigger to 2025-01-29T19:34:22.523137+00:00, run_after=2025-01-29T23:34:22.523137+00:00
[2025-01-29T23:34:22.547+0000] {processor.py:176} INFO - Processing /home/airflow/.local/lib/python3.7/site-packages/airflow/example_dags/example_latest_only_with_trigger.py took 0.127 seconds
[2025-01-29T23:34:52.705+0000] {processor.py:154} INFO - Started process (PID=439) to work on /home/airflow/.local/lib/python3.7/site-packages/airflow/example_dags/example_latest_only_with_trigger.py
[2025-01-29T23:34:52.706+0000] {processor.py:756} INFO - Processing file /home/airflow/.local/lib/python3.7/site-packages/airflow/example_dags/example_latest_only_with_trigger.py for tasks to queue
[2025-01-29T23:34:52.708+0000] {logging_mixin.py:120} INFO - [2025-01-29T23:34:52.707+0000] {dagbag.py:537} INFO - Filling up the DagBag from /home/airflow/.local/lib/python3.7/site-packages/airflow/example_dags/example_latest_only_with_trigger.py
[2025-01-29T23:34:52.723+0000] {processor.py:766} INFO - DAG(s) dict_keys(['latest_only_with_trigger']) retrieved from /home/airflow/.local/lib/python3.7/site-packages/airflow/example_dags/example_latest_only_with_trigger.py
[2025-01-29T23:34:52.777+0000] {logging_mixin.py:120} INFO - [2025-01-29T23:34:52.777+0000] {dag.py:2585} INFO - Sync 1 DAGs
[2025-01-29T23:34:52.814+0000] {logging_mixin.py:120} INFO - [2025-01-29T23:34:52.813+0000] {dag.py:3340} INFO - Setting next_dagrun for latest_only_with_trigger to 2025-01-29T19:34:52.813730+00:00, run_after=2025-01-29T23:34:52.813730+00:00
[2025-01-29T23:34:52.841+0000] {processor.py:176} INFO - Processing /home/airflow/.local/lib/python3.7/site-packages/airflow/example_dags/example_latest_only_with_trigger.py took 0.139 seconds
[2025-01-29T23:35:23.478+0000] {processor.py:154} INFO - Started process (PID=503) to work on /home/airflow/.local/lib/python3.7/site-packages/airflow/example_dags/example_latest_only_with_trigger.py
[2025-01-29T23:35:23.479+0000] {processor.py:756} INFO - Processing file /home/airflow/.local/lib/python3.7/site-packages/airflow/example_dags/example_latest_only_with_trigger.py for tasks to queue
[2025-01-29T23:35:23.479+0000] {logging_mixin.py:120} INFO - [2025-01-29T23:35:23.479+0000] {dagbag.py:537} INFO - Filling up the DagBag from /home/airflow/.local/lib/python3.7/site-packages/airflow/example_dags/example_latest_only_with_trigger.py
[2025-01-29T23:35:23.492+0000] {processor.py:766} INFO - DAG(s) dict_keys(['latest_only_with_trigger']) retrieved from /home/airflow/.local/lib/python3.7/site-packages/airflow/example_dags/example_latest_only_with_trigger.py
[2025-01-29T23:35:23.548+0000] {logging_mixin.py:120} INFO - [2025-01-29T23:35:23.548+0000] {dag.py:2585} INFO - Sync 1 DAGs
[2025-01-29T23:35:23.582+0000] {logging_mixin.py:120} INFO - [2025-01-29T23:35:23.581+0000] {dag.py:3340} INFO - Setting next_dagrun for latest_only_with_trigger to 2025-01-29T19:35:23.581553+00:00, run_after=2025-01-29T23:35:23.581553+00:00
[2025-01-29T23:35:23.608+0000] {processor.py:176} INFO - Processing /home/airflow/.local/lib/python3.7/site-packages/airflow/example_dags/example_latest_only_with_trigger.py took 0.133 seconds
[2025-01-29T23:35:53.730+0000] {processor.py:154} INFO - Started process (PID=565) to work on /home/airflow/.local/lib/python3.7/site-packages/airflow/example_dags/example_latest_only_with_trigger.py
[2025-01-29T23:35:53.731+0000] {processor.py:756} INFO - Processing file /home/airflow/.local/lib/python3.7/site-packages/airflow/example_dags/example_latest_only_with_trigger.py for tasks to queue
[2025-01-29T23:35:53.732+0000] {logging_mixin.py:120} INFO - [2025-01-29T23:35:53.732+0000] {dagbag.py:537} INFO - Filling up the DagBag from /home/airflow/.local/lib/python3.7/site-packages/airflow/example_dags/example_latest_only_with_trigger.py
[2025-01-29T23:35:53.751+0000] {processor.py:766} INFO - DAG(s) dict_keys(['latest_only_with_trigger']) retrieved from /home/airflow/.local/lib/python3.7/site-packages/airflow/example_dags/example_latest_only_with_trigger.py
[2025-01-29T23:35:53.805+0000] {logging_mixin.py:120} INFO - [2025-01-29T23:35:53.805+0000] {dag.py:2585} INFO - Sync 1 DAGs
[2025-01-29T23:35:53.853+0000] {logging_mixin.py:120} INFO - [2025-01-29T23:35:53.853+0000] {dag.py:3340} INFO - Setting next_dagrun for latest_only_with_trigger to 2025-01-29T19:35:53.853214+00:00, run_after=2025-01-29T23:35:53.853214+00:00
[2025-01-29T23:35:53.887+0000] {processor.py:176} INFO - Processing /home/airflow/.local/lib/python3.7/site-packages/airflow/example_dags/example_latest_only_with_trigger.py took 0.161 seconds
[2025-01-29T23:36:24.110+0000] {processor.py:154} INFO - Started process (PID=622) to work on /home/airflow/.local/lib/python3.7/site-packages/airflow/example_dags/example_latest_only_with_trigger.py
[2025-01-29T23:36:24.111+0000] {processor.py:756} INFO - Processing file /home/airflow/.local/lib/python3.7/site-packages/airflow/example_dags/example_latest_only_with_trigger.py for tasks to queue
[2025-01-29T23:36:24.111+0000] {logging_mixin.py:120} INFO - [2025-01-29T23:36:24.111+0000] {dagbag.py:537} INFO - Filling up the DagBag from /home/airflow/.local/lib/python3.7/site-packages/airflow/example_dags/example_latest_only_with_trigger.py
[2025-01-29T23:36:24.125+0000] {processor.py:766} INFO - DAG(s) dict_keys(['latest_only_with_trigger']) retrieved from /home/airflow/.local/lib/python3.7/site-packages/airflow/example_dags/example_latest_only_with_trigger.py
[2025-01-29T23:36:24.183+0000] {logging_mixin.py:120} INFO - [2025-01-29T23:36:24.183+0000] {dag.py:2585} INFO - Sync 1 DAGs
[2025-01-29T23:36:24.216+0000] {logging_mixin.py:120} INFO - [2025-01-29T23:36:24.215+0000] {dag.py:3340} INFO - Setting next_dagrun for latest_only_with_trigger to 2025-01-29T19:36:24.215718+00:00, run_after=2025-01-29T23:36:24.215718+00:00
[2025-01-29T23:36:24.242+0000] {processor.py:176} INFO - Processing /home/airflow/.local/lib/python3.7/site-packages/airflow/example_dags/example_latest_only_with_trigger.py took 0.135 seconds
[2025-01-29T23:36:54.297+0000] {processor.py:154} INFO - Started process (PID=686) to work on /home/airflow/.local/lib/python3.7/site-packages/airflow/example_dags/example_latest_only_with_trigger.py
[2025-01-29T23:36:54.298+0000] {processor.py:756} INFO - Processing file /home/airflow/.local/lib/python3.7/site-packages/airflow/example_dags/example_latest_only_with_trigger.py for tasks to queue
[2025-01-29T23:36:54.298+0000] {logging_mixin.py:120} INFO - [2025-01-29T23:36:54.298+0000] {dagbag.py:537} INFO - Filling up the DagBag from /home/airflow/.local/lib/python3.7/site-packages/airflow/example_dags/example_latest_only_with_trigger.py
[2025-01-29T23:36:54.311+0000] {processor.py:766} INFO - DAG(s) dict_keys(['latest_only_with_trigger']) retrieved from /home/airflow/.local/lib/python3.7/site-packages/airflow/example_dags/example_latest_only_with_trigger.py
[2025-01-29T23:36:54.370+0000] {logging_mixin.py:120} INFO - [2025-01-29T23:36:54.370+0000] {dag.py:2585} INFO - Sync 1 DAGs
[2025-01-29T23:36:54.403+0000] {logging_mixin.py:120} INFO - [2025-01-29T23:36:54.403+0000] {dag.py:3340} INFO - Setting next_dagrun for latest_only_with_trigger to 2025-01-29T19:36:54.403288+00:00, run_after=2025-01-29T23:36:54.403288+00:00
[2025-01-29T23:36:54.427+0000] {processor.py:176} INFO - Processing /home/airflow/.local/lib/python3.7/site-packages/airflow/example_dags/example_latest_only_with_trigger.py took 0.133 seconds
[2025-01-29T23:37:24.744+0000] {processor.py:154} INFO - Started process (PID=748) to work on /home/airflow/.local/lib/python3.7/site-packages/airflow/example_dags/example_latest_only_with_trigger.py
[2025-01-29T23:37:24.745+0000] {processor.py:756} INFO - Processing file /home/airflow/.local/lib/python3.7/site-packages/airflow/example_dags/example_latest_only_with_trigger.py for tasks to queue
[2025-01-29T23:37:24.746+0000] {logging_mixin.py:120} INFO - [2025-01-29T23:37:24.745+0000] {dagbag.py:537} INFO - Filling up the DagBag from /home/airflow/.local/lib/python3.7/site-packages/airflow/example_dags/example_latest_only_with_trigger.py
[2025-01-29T23:37:24.760+0000] {processor.py:766} INFO - DAG(s) dict_keys(['latest_only_with_trigger']) retrieved from /home/airflow/.local/lib/python3.7/site-packages/airflow/example_dags/example_latest_only_with_trigger.py
[2025-01-29T23:37:24.818+0000] {logging_mixin.py:120} INFO - [2025-01-29T23:37:24.818+0000] {dag.py:2585} INFO - Sync 1 DAGs
[2025-01-29T23:37:24.857+0000] {logging_mixin.py:120} INFO - [2025-01-29T23:37:24.857+0000] {dag.py:3340} INFO - Setting next_dagrun for latest_only_with_trigger to 2025-01-29T19:37:24.856964+00:00, run_after=2025-01-29T23:37:24.856964+00:00
[2025-01-29T23:37:24.891+0000] {processor.py:176} INFO - Processing /home/airflow/.local/lib/python3.7/site-packages/airflow/example_dags/example_latest_only_with_trigger.py took 0.151 seconds
[2025-01-29T23:37:55.492+0000] {processor.py:154} INFO - Started process (PID=805) to work on /home/airflow/.local/lib/python3.7/site-packages/airflow/example_dags/example_latest_only_with_trigger.py
[2025-01-29T23:37:55.493+0000] {processor.py:756} INFO - Processing file /home/airflow/.local/lib/python3.7/site-packages/airflow/example_dags/example_latest_only_with_trigger.py for tasks to queue
[2025-01-29T23:37:55.494+0000] {logging_mixin.py:120} INFO - [2025-01-29T23:37:55.494+0000] {dagbag.py:537} INFO - Filling up the DagBag from /home/airflow/.local/lib/python3.7/site-packages/airflow/example_dags/example_latest_only_with_trigger.py
[2025-01-29T23:37:55.508+0000] {processor.py:766} INFO - DAG(s) dict_keys(['latest_only_with_trigger']) retrieved from /home/airflow/.local/lib/python3.7/site-packages/airflow/example_dags/example_latest_only_with_trigger.py
[2025-01-29T23:37:55.570+0000] {logging_mixin.py:120} INFO - [2025-01-29T23:37:55.570+0000] {dag.py:2585} INFO - Sync 1 DAGs
[2025-01-29T23:37:55.603+0000] {logging_mixin.py:120} INFO - [2025-01-29T23:37:55.602+0000] {dag.py:3340} INFO - Setting next_dagrun for latest_only_with_trigger to 2025-01-29T19:37:55.602662+00:00, run_after=2025-01-29T23:37:55.602662+00:00
[2025-01-29T23:37:55.628+0000] {processor.py:176} INFO - Processing /home/airflow/.local/lib/python3.7/site-packages/airflow/example_dags/example_latest_only_with_trigger.py took 0.139 seconds
[2025-01-29T23:38:25.735+0000] {processor.py:154} INFO - Started process (PID=869) to work on /home/airflow/.local/lib/python3.7/site-packages/airflow/example_dags/example_latest_only_with_trigger.py
[2025-01-29T23:38:25.736+0000] {processor.py:756} INFO - Processing file /home/airflow/.local/lib/python3.7/site-packages/airflow/example_dags/example_latest_only_with_trigger.py for tasks to queue
[2025-01-29T23:38:25.737+0000] {logging_mixin.py:120} INFO - [2025-01-29T23:38:25.737+0000] {dagbag.py:537} INFO - Filling up the DagBag from /home/airflow/.local/lib/python3.7/site-packages/airflow/example_dags/example_latest_only_with_trigger.py
[2025-01-29T23:38:25.750+0000] {processor.py:766} INFO - DAG(s) dict_keys(['latest_only_with_trigger']) retrieved from /home/airflow/.local/lib/python3.7/site-packages/airflow/example_dags/example_latest_only_with_trigger.py
[2025-01-29T23:38:25.805+0000] {logging_mixin.py:120} INFO - [2025-01-29T23:38:25.804+0000] {dag.py:2585} INFO - Sync 1 DAGs
[2025-01-29T23:38:25.835+0000] {logging_mixin.py:120} INFO - [2025-01-29T23:38:25.834+0000] {dag.py:3340} INFO - Setting next_dagrun for latest_only_with_trigger to 2025-01-29T19:38:25.834583+00:00, run_after=2025-01-29T23:38:25.834583+00:00
[2025-01-29T23:38:25.858+0000] {processor.py:176} INFO - Processing /home/airflow/.local/lib/python3.7/site-packages/airflow/example_dags/example_latest_only_with_trigger.py took 0.127 seconds
[2025-01-29T23:38:56.237+0000] {processor.py:154} INFO - Started process (PID=933) to work on /home/airflow/.local/lib/python3.7/site-packages/airflow/example_dags/example_latest_only_with_trigger.py
[2025-01-29T23:38:56.238+0000] {processor.py:756} INFO - Processing file /home/airflow/.local/lib/python3.7/site-packages/airflow/example_dags/example_latest_only_with_trigger.py for tasks to queue
[2025-01-29T23:38:56.239+0000] {logging_mixin.py:120} INFO - [2025-01-29T23:38:56.239+0000] {dagbag.py:537} INFO - Filling up the DagBag from /home/airflow/.local/lib/python3.7/site-packages/airflow/example_dags/example_latest_only_with_trigger.py
[2025-01-29T23:38:56.253+0000] {processor.py:766} INFO - DAG(s) dict_keys(['latest_only_with_trigger']) retrieved from /home/airflow/.local/lib/python3.7/site-packages/airflow/example_dags/example_latest_only_with_trigger.py
[2025-01-29T23:38:56.311+0000] {logging_mixin.py:120} INFO - [2025-01-29T23:38:56.311+0000] {dag.py:2585} INFO - Sync 1 DAGs
[2025-01-29T23:38:56.348+0000] {logging_mixin.py:120} INFO - [2025-01-29T23:38:56.348+0000] {dag.py:3340} INFO - Setting next_dagrun for latest_only_with_trigger to 2025-01-29T19:38:56.348469+00:00, run_after=2025-01-29T23:38:56.348469+00:00
[2025-01-29T23:38:56.375+0000] {processor.py:176} INFO - Processing /home/airflow/.local/lib/python3.7/site-packages/airflow/example_dags/example_latest_only_with_trigger.py took 0.142 seconds
[2025-01-29T23:39:27.245+0000] {processor.py:154} INFO - Started process (PID=988) to work on /home/airflow/.local/lib/python3.7/site-packages/airflow/example_dags/example_latest_only_with_trigger.py
[2025-01-29T23:39:27.246+0000] {processor.py:756} INFO - Processing file /home/airflow/.local/lib/python3.7/site-packages/airflow/example_dags/example_latest_only_with_trigger.py for tasks to queue
[2025-01-29T23:39:27.247+0000] {logging_mixin.py:120} INFO - [2025-01-29T23:39:27.247+0000] {dagbag.py:537} INFO - Filling up the DagBag from /home/airflow/.local/lib/python3.7/site-packages/airflow/example_dags/example_latest_only_with_trigger.py
[2025-01-29T23:39:27.262+0000] {processor.py:766} INFO - DAG(s) dict_keys(['latest_only_with_trigger']) retrieved from /home/airflow/.local/lib/python3.7/site-packages/airflow/example_dags/example_latest_only_with_trigger.py
[2025-01-29T23:39:27.318+0000] {logging_mixin.py:120} INFO - [2025-01-29T23:39:27.317+0000] {dag.py:2585} INFO - Sync 1 DAGs
[2025-01-29T23:39:27.349+0000] {logging_mixin.py:120} INFO - [2025-01-29T23:39:27.349+0000] {dag.py:3340} INFO - Setting next_dagrun for latest_only_with_trigger to 2025-01-29T19:39:27.349110+00:00, run_after=2025-01-29T23:39:27.349110+00:00
[2025-01-29T23:39:27.372+0000] {processor.py:176} INFO - Processing /home/airflow/.local/lib/python3.7/site-packages/airflow/example_dags/example_latest_only_with_trigger.py took 0.131 seconds
[2025-01-29T23:39:57.634+0000] {processor.py:154} INFO - Started process (PID=1052) to work on /home/airflow/.local/lib/python3.7/site-packages/airflow/example_dags/example_latest_only_with_trigger.py
[2025-01-29T23:39:57.635+0000] {processor.py:756} INFO - Processing file /home/airflow/.local/lib/python3.7/site-packages/airflow/example_dags/example_latest_only_with_trigger.py for tasks to queue
[2025-01-29T23:39:57.636+0000] {logging_mixin.py:120} INFO - [2025-01-29T23:39:57.636+0000] {dagbag.py:537} INFO - Filling up the DagBag from /home/airflow/.local/lib/python3.7/site-packages/airflow/example_dags/example_latest_only_with_trigger.py
[2025-01-29T23:39:57.652+0000] {processor.py:766} INFO - DAG(s) dict_keys(['latest_only_with_trigger']) retrieved from /home/airflow/.local/lib/python3.7/site-packages/airflow/example_dags/example_latest_only_with_trigger.py
[2025-01-29T23:39:57.708+0000] {logging_mixin.py:120} INFO - [2025-01-29T23:39:57.708+0000] {dag.py:2585} INFO - Sync 1 DAGs
[2025-01-29T23:39:57.742+0000] {logging_mixin.py:120} INFO - [2025-01-29T23:39:57.741+0000] {dag.py:3340} INFO - Setting next_dagrun for latest_only_with_trigger to 2025-01-29T19:39:57.741512+00:00, run_after=2025-01-29T23:39:57.741512+00:00
[2025-01-29T23:39:57.769+0000] {processor.py:176} INFO - Processing /home/airflow/.local/lib/python3.7/site-packages/airflow/example_dags/example_latest_only_with_trigger.py took 0.138 seconds
[2025-01-29T23:40:28.038+0000] {processor.py:154} INFO - Started process (PID=1116) to work on /home/airflow/.local/lib/python3.7/site-packages/airflow/example_dags/example_latest_only_with_trigger.py
[2025-01-29T23:40:28.039+0000] {processor.py:756} INFO - Processing file /home/airflow/.local/lib/python3.7/site-packages/airflow/example_dags/example_latest_only_with_trigger.py for tasks to queue
[2025-01-29T23:40:28.040+0000] {logging_mixin.py:120} INFO - [2025-01-29T23:40:28.040+0000] {dagbag.py:537} INFO - Filling up the DagBag from /home/airflow/.local/lib/python3.7/site-packages/airflow/example_dags/example_latest_only_with_trigger.py
[2025-01-29T23:40:28.055+0000] {processor.py:766} INFO - DAG(s) dict_keys(['latest_only_with_trigger']) retrieved from /home/airflow/.local/lib/python3.7/site-packages/airflow/example_dags/example_latest_only_with_trigger.py
[2025-01-29T23:40:28.107+0000] {logging_mixin.py:120} INFO - [2025-01-29T23:40:28.107+0000] {dag.py:2585} INFO - Sync 1 DAGs
[2025-01-29T23:40:28.137+0000] {logging_mixin.py:120} INFO - [2025-01-29T23:40:28.137+0000] {dag.py:3340} INFO - Setting next_dagrun for latest_only_with_trigger to 2025-01-29T19:40:28.137557+00:00, run_after=2025-01-29T23:40:28.137557+00:00
[2025-01-29T23:40:28.162+0000] {processor.py:176} INFO - Processing /home/airflow/.local/lib/python3.7/site-packages/airflow/example_dags/example_latest_only_with_trigger.py took 0.126 seconds
[2025-01-29T23:40:58.581+0000] {processor.py:154} INFO - Started process (PID=1171) to work on /home/airflow/.local/lib/python3.7/site-packages/airflow/example_dags/example_latest_only_with_trigger.py
[2025-01-29T23:40:58.582+0000] {processor.py:756} INFO - Processing file /home/airflow/.local/lib/python3.7/site-packages/airflow/example_dags/example_latest_only_with_trigger.py for tasks to queue
[2025-01-29T23:40:58.583+0000] {logging_mixin.py:120} INFO - [2025-01-29T23:40:58.583+0000] {dagbag.py:537} INFO - Filling up the DagBag from /home/airflow/.local/lib/python3.7/site-packages/airflow/example_dags/example_latest_only_with_trigger.py
[2025-01-29T23:40:58.603+0000] {processor.py:766} INFO - DAG(s) dict_keys(['latest_only_with_trigger']) retrieved from /home/airflow/.local/lib/python3.7/site-packages/airflow/example_dags/example_latest_only_with_trigger.py
[2025-01-29T23:40:58.678+0000] {logging_mixin.py:120} INFO - [2025-01-29T23:40:58.677+0000] {dag.py:2585} INFO - Sync 1 DAGs
[2025-01-29T23:40:58.722+0000] {logging_mixin.py:120} INFO - [2025-01-29T23:40:58.721+0000] {dag.py:3340} INFO - Setting next_dagrun for latest_only_with_trigger to 2025-01-29T19:40:58.721425+00:00, run_after=2025-01-29T23:40:58.721425+00:00
[2025-01-29T23:40:58.754+0000] {processor.py:176} INFO - Processing /home/airflow/.local/lib/python3.7/site-packages/airflow/example_dags/example_latest_only_with_trigger.py took 0.177 seconds
[2025-01-29T23:41:29.350+0000] {processor.py:154} INFO - Started process (PID=1235) to work on /home/airflow/.local/lib/python3.7/site-packages/airflow/example_dags/example_latest_only_with_trigger.py
[2025-01-29T23:41:29.351+0000] {processor.py:756} INFO - Processing file /home/airflow/.local/lib/python3.7/site-packages/airflow/example_dags/example_latest_only_with_trigger.py for tasks to queue
[2025-01-29T23:41:29.352+0000] {logging_mixin.py:120} INFO - [2025-01-29T23:41:29.352+0000] {dagbag.py:537} INFO - Filling up the DagBag from /home/airflow/.local/lib/python3.7/site-packages/airflow/example_dags/example_latest_only_with_trigger.py
[2025-01-29T23:41:29.365+0000] {processor.py:766} INFO - DAG(s) dict_keys(['latest_only_with_trigger']) retrieved from /home/airflow/.local/lib/python3.7/site-packages/airflow/example_dags/example_latest_only_with_trigger.py
[2025-01-29T23:41:29.420+0000] {logging_mixin.py:120} INFO - [2025-01-29T23:41:29.419+0000] {dag.py:2585} INFO - Sync 1 DAGs
[2025-01-29T23:41:29.450+0000] {logging_mixin.py:120} INFO - [2025-01-29T23:41:29.450+0000] {dag.py:3340} INFO - Setting next_dagrun for latest_only_with_trigger to 2025-01-29T19:41:29.450522+00:00, run_after=2025-01-29T23:41:29.450522+00:00
[2025-01-29T23:41:29.474+0000] {processor.py:176} INFO - Processing /home/airflow/.local/lib/python3.7/site-packages/airflow/example_dags/example_latest_only_with_trigger.py took 0.126 seconds
[2025-01-29T23:42:00.213+0000] {processor.py:154} INFO - Started process (PID=1300) to work on /home/airflow/.local/lib/python3.7/site-packages/airflow/example_dags/example_latest_only_with_trigger.py
[2025-01-29T23:42:00.214+0000] {processor.py:756} INFO - Processing file /home/airflow/.local/lib/python3.7/site-packages/airflow/example_dags/example_latest_only_with_trigger.py for tasks to queue
[2025-01-29T23:42:00.215+0000] {logging_mixin.py:120} INFO - [2025-01-29T23:42:00.215+0000] {dagbag.py:537} INFO - Filling up the DagBag from /home/airflow/.local/lib/python3.7/site-packages/airflow/example_dags/example_latest_only_with_trigger.py
[2025-01-29T23:42:00.228+0000] {processor.py:766} INFO - DAG(s) dict_keys(['latest_only_with_trigger']) retrieved from /home/airflow/.local/lib/python3.7/site-packages/airflow/example_dags/example_latest_only_with_trigger.py
[2025-01-29T23:42:00.282+0000] {logging_mixin.py:120} INFO - [2025-01-29T23:42:00.282+0000] {dag.py:2585} INFO - Sync 1 DAGs
[2025-01-29T23:42:00.313+0000] {logging_mixin.py:120} INFO - [2025-01-29T23:42:00.313+0000] {dag.py:3340} INFO - Setting next_dagrun for latest_only_with_trigger to 2025-01-29T19:42:00.313546+00:00, run_after=2025-01-29T23:42:00.313546+00:00
[2025-01-29T23:42:00.337+0000] {processor.py:176} INFO - Processing /home/airflow/.local/lib/python3.7/site-packages/airflow/example_dags/example_latest_only_with_trigger.py took 0.126 seconds
[2025-01-29T23:42:30.922+0000] {processor.py:154} INFO - Started process (PID=1364) to work on /home/airflow/.local/lib/python3.7/site-packages/airflow/example_dags/example_latest_only_with_trigger.py
[2025-01-29T23:42:30.923+0000] {processor.py:756} INFO - Processing file /home/airflow/.local/lib/python3.7/site-packages/airflow/example_dags/example_latest_only_with_trigger.py for tasks to queue
[2025-01-29T23:42:30.924+0000] {logging_mixin.py:120} INFO - [2025-01-29T23:42:30.924+0000] {dagbag.py:537} INFO - Filling up the DagBag from /home/airflow/.local/lib/python3.7/site-packages/airflow/example_dags/example_latest_only_with_trigger.py
[2025-01-29T23:42:30.944+0000] {processor.py:766} INFO - DAG(s) dict_keys(['latest_only_with_trigger']) retrieved from /home/airflow/.local/lib/python3.7/site-packages/airflow/example_dags/example_latest_only_with_trigger.py
[2025-01-29T23:42:31.019+0000] {logging_mixin.py:120} INFO - [2025-01-29T23:42:31.019+0000] {dag.py:2585} INFO - Sync 1 DAGs
[2025-01-29T23:42:31.064+0000] {logging_mixin.py:120} INFO - [2025-01-29T23:42:31.064+0000] {dag.py:3340} INFO - Setting next_dagrun for latest_only_with_trigger to 2025-01-29T19:42:31.063848+00:00, run_after=2025-01-29T23:42:31.063848+00:00
[2025-01-29T23:42:31.094+0000] {processor.py:176} INFO - Processing /home/airflow/.local/lib/python3.7/site-packages/airflow/example_dags/example_latest_only_with_trigger.py took 0.176 seconds
[2025-01-29T23:43:01.590+0000] {processor.py:154} INFO - Started process (PID=1420) to work on /home/airflow/.local/lib/python3.7/site-packages/airflow/example_dags/example_latest_only_with_trigger.py
[2025-01-29T23:43:01.591+0000] {processor.py:756} INFO - Processing file /home/airflow/.local/lib/python3.7/site-packages/airflow/example_dags/example_latest_only_with_trigger.py for tasks to queue
[2025-01-29T23:43:01.592+0000] {logging_mixin.py:120} INFO - [2025-01-29T23:43:01.592+0000] {dagbag.py:537} INFO - Filling up the DagBag from /home/airflow/.local/lib/python3.7/site-packages/airflow/example_dags/example_latest_only_with_trigger.py
[2025-01-29T23:43:01.605+0000] {processor.py:766} INFO - DAG(s) dict_keys(['latest_only_with_trigger']) retrieved from /home/airflow/.local/lib/python3.7/site-packages/airflow/example_dags/example_latest_only_with_trigger.py
[2025-01-29T23:43:01.659+0000] {logging_mixin.py:120} INFO - [2025-01-29T23:43:01.658+0000] {dag.py:2585} INFO - Sync 1 DAGs
[2025-01-29T23:43:01.693+0000] {logging_mixin.py:120} INFO - [2025-01-29T23:43:01.693+0000] {dag.py:3340} INFO - Setting next_dagrun for latest_only_with_trigger to 2025-01-29T19:43:01.693428+00:00, run_after=2025-01-29T23:43:01.693428+00:00
[2025-01-29T23:43:01.720+0000] {processor.py:176} INFO - Processing /home/airflow/.local/lib/python3.7/site-packages/airflow/example_dags/example_latest_only_with_trigger.py took 0.132 seconds
[2025-01-29T23:43:32.527+0000] {processor.py:154} INFO - Started process (PID=1484) to work on /home/airflow/.local/lib/python3.7/site-packages/airflow/example_dags/example_latest_only_with_trigger.py
[2025-01-29T23:43:32.528+0000] {processor.py:756} INFO - Processing file /home/airflow/.local/lib/python3.7/site-packages/airflow/example_dags/example_latest_only_with_trigger.py for tasks to queue
[2025-01-29T23:43:32.529+0000] {logging_mixin.py:120} INFO - [2025-01-29T23:43:32.528+0000] {dagbag.py:537} INFO - Filling up the DagBag from /home/airflow/.local/lib/python3.7/site-packages/airflow/example_dags/example_latest_only_with_trigger.py
[2025-01-29T23:43:32.541+0000] {processor.py:766} INFO - DAG(s) dict_keys(['latest_only_with_trigger']) retrieved from /home/airflow/.local/lib/python3.7/site-packages/airflow/example_dags/example_latest_only_with_trigger.py
[2025-01-29T23:43:32.593+0000] {logging_mixin.py:120} INFO - [2025-01-29T23:43:32.593+0000] {dag.py:2585} INFO - Sync 1 DAGs
[2025-01-29T23:43:32.624+0000] {logging_mixin.py:120} INFO - [2025-01-29T23:43:32.624+0000] {dag.py:3340} INFO - Setting next_dagrun for latest_only_with_trigger to 2025-01-29T19:43:32.624107+00:00, run_after=2025-01-29T23:43:32.624107+00:00
[2025-01-29T23:43:32.646+0000] {processor.py:176} INFO - Processing /home/airflow/.local/lib/python3.7/site-packages/airflow/example_dags/example_latest_only_with_trigger.py took 0.122 seconds
[2025-01-29T23:44:03.060+0000] {processor.py:154} INFO - Started process (PID=1548) to work on /home/airflow/.local/lib/python3.7/site-packages/airflow/example_dags/example_latest_only_with_trigger.py
[2025-01-29T23:44:03.061+0000] {processor.py:756} INFO - Processing file /home/airflow/.local/lib/python3.7/site-packages/airflow/example_dags/example_latest_only_with_trigger.py for tasks to queue
[2025-01-29T23:44:03.062+0000] {logging_mixin.py:120} INFO - [2025-01-29T23:44:03.062+0000] {dagbag.py:537} INFO - Filling up the DagBag from /home/airflow/.local/lib/python3.7/site-packages/airflow/example_dags/example_latest_only_with_trigger.py
[2025-01-29T23:44:03.075+0000] {processor.py:766} INFO - DAG(s) dict_keys(['latest_only_with_trigger']) retrieved from /home/airflow/.local/lib/python3.7/site-packages/airflow/example_dags/example_latest_only_with_trigger.py
[2025-01-29T23:44:03.132+0000] {logging_mixin.py:120} INFO - [2025-01-29T23:44:03.132+0000] {dag.py:2585} INFO - Sync 1 DAGs
[2025-01-29T23:44:03.166+0000] {logging_mixin.py:120} INFO - [2025-01-29T23:44:03.166+0000] {dag.py:3340} INFO - Setting next_dagrun for latest_only_with_trigger to 2025-01-29T19:44:03.165741+00:00, run_after=2025-01-29T23:44:03.165741+00:00
[2025-01-29T23:44:03.194+0000] {processor.py:176} INFO - Processing /home/airflow/.local/lib/python3.7/site-packages/airflow/example_dags/example_latest_only_with_trigger.py took 0.137 seconds
[2025-01-29T23:44:33.621+0000] {processor.py:154} INFO - Started process (PID=1603) to work on /home/airflow/.local/lib/python3.7/site-packages/airflow/example_dags/example_latest_only_with_trigger.py
[2025-01-29T23:44:33.622+0000] {processor.py:756} INFO - Processing file /home/airflow/.local/lib/python3.7/site-packages/airflow/example_dags/example_latest_only_with_trigger.py for tasks to queue
[2025-01-29T23:44:33.623+0000] {logging_mixin.py:120} INFO - [2025-01-29T23:44:33.623+0000] {dagbag.py:537} INFO - Filling up the DagBag from /home/airflow/.local/lib/python3.7/site-packages/airflow/example_dags/example_latest_only_with_trigger.py
[2025-01-29T23:44:33.635+0000] {processor.py:766} INFO - DAG(s) dict_keys(['latest_only_with_trigger']) retrieved from /home/airflow/.local/lib/python3.7/site-packages/airflow/example_dags/example_latest_only_with_trigger.py
[2025-01-29T23:44:33.687+0000] {logging_mixin.py:120} INFO - [2025-01-29T23:44:33.687+0000] {dag.py:2585} INFO - Sync 1 DAGs
[2025-01-29T23:44:33.716+0000] {logging_mixin.py:120} INFO - [2025-01-29T23:44:33.716+0000] {dag.py:3340} INFO - Setting next_dagrun for latest_only_with_trigger to 2025-01-29T19:44:33.716563+00:00, run_after=2025-01-29T23:44:33.716563+00:00
[2025-01-29T23:44:33.740+0000] {processor.py:176} INFO - Processing /home/airflow/.local/lib/python3.7/site-packages/airflow/example_dags/example_latest_only_with_trigger.py took 0.121 seconds
[2025-01-29T23:45:04.145+0000] {processor.py:154} INFO - Started process (PID=1667) to work on /home/airflow/.local/lib/python3.7/site-packages/airflow/example_dags/example_latest_only_with_trigger.py
[2025-01-29T23:45:04.146+0000] {processor.py:756} INFO - Processing file /home/airflow/.local/lib/python3.7/site-packages/airflow/example_dags/example_latest_only_with_trigger.py for tasks to queue
[2025-01-29T23:45:04.147+0000] {logging_mixin.py:120} INFO - [2025-01-29T23:45:04.146+0000] {dagbag.py:537} INFO - Filling up the DagBag from /home/airflow/.local/lib/python3.7/site-packages/airflow/example_dags/example_latest_only_with_trigger.py
[2025-01-29T23:45:04.163+0000] {processor.py:766} INFO - DAG(s) dict_keys(['latest_only_with_trigger']) retrieved from /home/airflow/.local/lib/python3.7/site-packages/airflow/example_dags/example_latest_only_with_trigger.py
[2025-01-29T23:45:04.225+0000] {logging_mixin.py:120} INFO - [2025-01-29T23:45:04.225+0000] {dag.py:2585} INFO - Sync 1 DAGs
[2025-01-29T23:45:04.257+0000] {logging_mixin.py:120} INFO - [2025-01-29T23:45:04.257+0000] {dag.py:3340} INFO - Setting next_dagrun for latest_only_with_trigger to 2025-01-29T19:45:04.257123+00:00, run_after=2025-01-29T23:45:04.257123+00:00
[2025-01-29T23:45:04.281+0000] {processor.py:176} INFO - Processing /home/airflow/.local/lib/python3.7/site-packages/airflow/example_dags/example_latest_only_with_trigger.py took 0.139 seconds
[2025-01-29T23:45:34.701+0000] {processor.py:154} INFO - Started process (PID=1731) to work on /home/airflow/.local/lib/python3.7/site-packages/airflow/example_dags/example_latest_only_with_trigger.py
[2025-01-29T23:45:34.702+0000] {processor.py:756} INFO - Processing file /home/airflow/.local/lib/python3.7/site-packages/airflow/example_dags/example_latest_only_with_trigger.py for tasks to queue
[2025-01-29T23:45:34.703+0000] {logging_mixin.py:120} INFO - [2025-01-29T23:45:34.702+0000] {dagbag.py:537} INFO - Filling up the DagBag from /home/airflow/.local/lib/python3.7/site-packages/airflow/example_dags/example_latest_only_with_trigger.py
[2025-01-29T23:45:34.715+0000] {processor.py:766} INFO - DAG(s) dict_keys(['latest_only_with_trigger']) retrieved from /home/airflow/.local/lib/python3.7/site-packages/airflow/example_dags/example_latest_only_with_trigger.py
[2025-01-29T23:45:34.769+0000] {logging_mixin.py:120} INFO - [2025-01-29T23:45:34.769+0000] {dag.py:2585} INFO - Sync 1 DAGs
[2025-01-29T23:45:34.801+0000] {logging_mixin.py:120} INFO - [2025-01-29T23:45:34.800+0000] {dag.py:3340} INFO - Setting next_dagrun for latest_only_with_trigger to 2025-01-29T19:45:34.800706+00:00, run_after=2025-01-29T23:45:34.800706+00:00
[2025-01-29T23:45:34.823+0000] {processor.py:176} INFO - Processing /home/airflow/.local/lib/python3.7/site-packages/airflow/example_dags/example_latest_only_with_trigger.py took 0.125 seconds
[2025-01-29T23:46:05.402+0000] {processor.py:154} INFO - Started process (PID=1795) to work on /home/airflow/.local/lib/python3.7/site-packages/airflow/example_dags/example_latest_only_with_trigger.py
[2025-01-29T23:46:05.403+0000] {processor.py:756} INFO - Processing file /home/airflow/.local/lib/python3.7/site-packages/airflow/example_dags/example_latest_only_with_trigger.py for tasks to queue
[2025-01-29T23:46:05.404+0000] {logging_mixin.py:120} INFO - [2025-01-29T23:46:05.404+0000] {dagbag.py:537} INFO - Filling up the DagBag from /home/airflow/.local/lib/python3.7/site-packages/airflow/example_dags/example_latest_only_with_trigger.py
[2025-01-29T23:46:05.416+0000] {processor.py:766} INFO - DAG(s) dict_keys(['latest_only_with_trigger']) retrieved from /home/airflow/.local/lib/python3.7/site-packages/airflow/example_dags/example_latest_only_with_trigger.py
[2025-01-29T23:46:05.472+0000] {logging_mixin.py:120} INFO - [2025-01-29T23:46:05.471+0000] {dag.py:2585} INFO - Sync 1 DAGs
[2025-01-29T23:46:05.503+0000] {logging_mixin.py:120} INFO - [2025-01-29T23:46:05.503+0000] {dag.py:3340} INFO - Setting next_dagrun for latest_only_with_trigger to 2025-01-29T19:46:05.502956+00:00, run_after=2025-01-29T23:46:05.502956+00:00
[2025-01-29T23:46:05.528+0000] {processor.py:176} INFO - Processing /home/airflow/.local/lib/python3.7/site-packages/airflow/example_dags/example_latest_only_with_trigger.py took 0.129 seconds
[2025-01-29T23:46:35.900+0000] {processor.py:154} INFO - Started process (PID=1850) to work on /home/airflow/.local/lib/python3.7/site-packages/airflow/example_dags/example_latest_only_with_trigger.py
[2025-01-29T23:46:35.901+0000] {processor.py:756} INFO - Processing file /home/airflow/.local/lib/python3.7/site-packages/airflow/example_dags/example_latest_only_with_trigger.py for tasks to queue
[2025-01-29T23:46:35.902+0000] {logging_mixin.py:120} INFO - [2025-01-29T23:46:35.902+0000] {dagbag.py:537} INFO - Filling up the DagBag from /home/airflow/.local/lib/python3.7/site-packages/airflow/example_dags/example_latest_only_with_trigger.py
[2025-01-29T23:46:35.915+0000] {processor.py:766} INFO - DAG(s) dict_keys(['latest_only_with_trigger']) retrieved from /home/airflow/.local/lib/python3.7/site-packages/airflow/example_dags/example_latest_only_with_trigger.py
[2025-01-29T23:46:35.974+0000] {logging_mixin.py:120} INFO - [2025-01-29T23:46:35.973+0000] {dag.py:2585} INFO - Sync 1 DAGs
[2025-01-29T23:46:36.004+0000] {logging_mixin.py:120} INFO - [2025-01-29T23:46:36.004+0000] {dag.py:3340} INFO - Setting next_dagrun for latest_only_with_trigger to 2025-01-29T19:46:36.004005+00:00, run_after=2025-01-29T23:46:36.004005+00:00
[2025-01-29T23:46:36.029+0000] {processor.py:176} INFO - Processing /home/airflow/.local/lib/python3.7/site-packages/airflow/example_dags/example_latest_only_with_trigger.py took 0.132 seconds
[2025-01-29T23:47:06.136+0000] {processor.py:154} INFO - Started process (PID=1914) to work on /home/airflow/.local/lib/python3.7/site-packages/airflow/example_dags/example_latest_only_with_trigger.py
[2025-01-29T23:47:06.137+0000] {processor.py:756} INFO - Processing file /home/airflow/.local/lib/python3.7/site-packages/airflow/example_dags/example_latest_only_with_trigger.py for tasks to queue
[2025-01-29T23:47:06.138+0000] {logging_mixin.py:120} INFO - [2025-01-29T23:47:06.138+0000] {dagbag.py:537} INFO - Filling up the DagBag from /home/airflow/.local/lib/python3.7/site-packages/airflow/example_dags/example_latest_only_with_trigger.py
[2025-01-29T23:47:06.153+0000] {processor.py:766} INFO - DAG(s) dict_keys(['latest_only_with_trigger']) retrieved from /home/airflow/.local/lib/python3.7/site-packages/airflow/example_dags/example_latest_only_with_trigger.py
[2025-01-29T23:47:06.213+0000] {logging_mixin.py:120} INFO - [2025-01-29T23:47:06.212+0000] {dag.py:2585} INFO - Sync 1 DAGs
[2025-01-29T23:47:06.245+0000] {logging_mixin.py:120} INFO - [2025-01-29T23:47:06.245+0000] {dag.py:3340} INFO - Setting next_dagrun for latest_only_with_trigger to 2025-01-29T19:47:06.244927+00:00, run_after=2025-01-29T23:47:06.244927+00:00
[2025-01-29T23:47:06.269+0000] {processor.py:176} INFO - Processing /home/airflow/.local/lib/python3.7/site-packages/airflow/example_dags/example_latest_only_with_trigger.py took 0.137 seconds
[2025-01-29T23:47:36.806+0000] {processor.py:154} INFO - Started process (PID=1978) to work on /home/airflow/.local/lib/python3.7/site-packages/airflow/example_dags/example_latest_only_with_trigger.py
[2025-01-29T23:47:36.807+0000] {processor.py:756} INFO - Processing file /home/airflow/.local/lib/python3.7/site-packages/airflow/example_dags/example_latest_only_with_trigger.py for tasks to queue
[2025-01-29T23:47:36.808+0000] {logging_mixin.py:120} INFO - [2025-01-29T23:47:36.808+0000] {dagbag.py:537} INFO - Filling up the DagBag from /home/airflow/.local/lib/python3.7/site-packages/airflow/example_dags/example_latest_only_with_trigger.py
[2025-01-29T23:47:36.821+0000] {processor.py:766} INFO - DAG(s) dict_keys(['latest_only_with_trigger']) retrieved from /home/airflow/.local/lib/python3.7/site-packages/airflow/example_dags/example_latest_only_with_trigger.py
[2025-01-29T23:47:36.875+0000] {logging_mixin.py:120} INFO - [2025-01-29T23:47:36.874+0000] {dag.py:2585} INFO - Sync 1 DAGs
[2025-01-29T23:47:36.905+0000] {logging_mixin.py:120} INFO - [2025-01-29T23:47:36.905+0000] {dag.py:3340} INFO - Setting next_dagrun for latest_only_with_trigger to 2025-01-29T19:47:36.905191+00:00, run_after=2025-01-29T23:47:36.905191+00:00
[2025-01-29T23:47:36.927+0000] {processor.py:176} INFO - Processing /home/airflow/.local/lib/python3.7/site-packages/airflow/example_dags/example_latest_only_with_trigger.py took 0.124 seconds
[2025-01-29T23:48:07.726+0000] {processor.py:154} INFO - Started process (PID=2033) to work on /home/airflow/.local/lib/python3.7/site-packages/airflow/example_dags/example_latest_only_with_trigger.py
[2025-01-29T23:48:07.727+0000] {processor.py:756} INFO - Processing file /home/airflow/.local/lib/python3.7/site-packages/airflow/example_dags/example_latest_only_with_trigger.py for tasks to queue
[2025-01-29T23:48:07.728+0000] {logging_mixin.py:120} INFO - [2025-01-29T23:48:07.727+0000] {dagbag.py:537} INFO - Filling up the DagBag from /home/airflow/.local/lib/python3.7/site-packages/airflow/example_dags/example_latest_only_with_trigger.py
[2025-01-29T23:48:07.741+0000] {processor.py:766} INFO - DAG(s) dict_keys(['latest_only_with_trigger']) retrieved from /home/airflow/.local/lib/python3.7/site-packages/airflow/example_dags/example_latest_only_with_trigger.py
[2025-01-29T23:48:07.800+0000] {logging_mixin.py:120} INFO - [2025-01-29T23:48:07.800+0000] {dag.py:2585} INFO - Sync 1 DAGs
[2025-01-29T23:48:07.832+0000] {logging_mixin.py:120} INFO - [2025-01-29T23:48:07.832+0000] {dag.py:3340} INFO - Setting next_dagrun for latest_only_with_trigger to 2025-01-29T19:48:07.832063+00:00, run_after=2025-01-29T23:48:07.832063+00:00
[2025-01-29T23:48:07.856+0000] {processor.py:176} INFO - Processing /home/airflow/.local/lib/python3.7/site-packages/airflow/example_dags/example_latest_only_with_trigger.py took 0.133 seconds
[2025-01-29T23:48:38.546+0000] {processor.py:154} INFO - Started process (PID=2097) to work on /home/airflow/.local/lib/python3.7/site-packages/airflow/example_dags/example_latest_only_with_trigger.py
[2025-01-29T23:48:38.547+0000] {processor.py:756} INFO - Processing file /home/airflow/.local/lib/python3.7/site-packages/airflow/example_dags/example_latest_only_with_trigger.py for tasks to queue
[2025-01-29T23:48:38.548+0000] {logging_mixin.py:120} INFO - [2025-01-29T23:48:38.548+0000] {dagbag.py:537} INFO - Filling up the DagBag from /home/airflow/.local/lib/python3.7/site-packages/airflow/example_dags/example_latest_only_with_trigger.py
[2025-01-29T23:48:38.564+0000] {processor.py:766} INFO - DAG(s) dict_keys(['latest_only_with_trigger']) retrieved from /home/airflow/.local/lib/python3.7/site-packages/airflow/example_dags/example_latest_only_with_trigger.py
[2025-01-29T23:48:38.618+0000] {logging_mixin.py:120} INFO - [2025-01-29T23:48:38.618+0000] {dag.py:2585} INFO - Sync 1 DAGs
[2025-01-29T23:48:38.652+0000] {logging_mixin.py:120} INFO - [2025-01-29T23:48:38.651+0000] {dag.py:3340} INFO - Setting next_dagrun for latest_only_with_trigger to 2025-01-29T19:48:38.651617+00:00, run_after=2025-01-29T23:48:38.651617+00:00
[2025-01-29T23:48:38.679+0000] {processor.py:176} INFO - Processing /home/airflow/.local/lib/python3.7/site-packages/airflow/example_dags/example_latest_only_with_trigger.py took 0.136 seconds
[2025-01-29T23:49:08.941+0000] {processor.py:154} INFO - Started process (PID=2161) to work on /home/airflow/.local/lib/python3.7/site-packages/airflow/example_dags/example_latest_only_with_trigger.py
[2025-01-29T23:49:08.942+0000] {processor.py:756} INFO - Processing file /home/airflow/.local/lib/python3.7/site-packages/airflow/example_dags/example_latest_only_with_trigger.py for tasks to queue
[2025-01-29T23:49:08.943+0000] {logging_mixin.py:120} INFO - [2025-01-29T23:49:08.943+0000] {dagbag.py:537} INFO - Filling up the DagBag from /home/airflow/.local/lib/python3.7/site-packages/airflow/example_dags/example_latest_only_with_trigger.py
[2025-01-29T23:49:08.965+0000] {processor.py:766} INFO - DAG(s) dict_keys(['latest_only_with_trigger']) retrieved from /home/airflow/.local/lib/python3.7/site-packages/airflow/example_dags/example_latest_only_with_trigger.py
[2025-01-29T23:49:09.053+0000] {logging_mixin.py:120} INFO - [2025-01-29T23:49:09.053+0000] {dag.py:2585} INFO - Sync 1 DAGs
[2025-01-29T23:49:09.108+0000] {logging_mixin.py:120} INFO - [2025-01-29T23:49:09.108+0000] {dag.py:3340} INFO - Setting next_dagrun for latest_only_with_trigger to 2025-01-29T19:49:09.107767+00:00, run_after=2025-01-29T23:49:09.107767+00:00
[2025-01-29T23:49:09.140+0000] {processor.py:176} INFO - Processing /home/airflow/.local/lib/python3.7/site-packages/airflow/example_dags/example_latest_only_with_trigger.py took 0.202 seconds
[2025-01-29T23:49:39.335+0000] {processor.py:154} INFO - Started process (PID=2216) to work on /home/airflow/.local/lib/python3.7/site-packages/airflow/example_dags/example_latest_only_with_trigger.py
[2025-01-29T23:49:39.336+0000] {processor.py:756} INFO - Processing file /home/airflow/.local/lib/python3.7/site-packages/airflow/example_dags/example_latest_only_with_trigger.py for tasks to queue
[2025-01-29T23:49:39.337+0000] {logging_mixin.py:120} INFO - [2025-01-29T23:49:39.337+0000] {dagbag.py:537} INFO - Filling up the DagBag from /home/airflow/.local/lib/python3.7/site-packages/airflow/example_dags/example_latest_only_with_trigger.py
[2025-01-29T23:49:39.353+0000] {processor.py:766} INFO - DAG(s) dict_keys(['latest_only_with_trigger']) retrieved from /home/airflow/.local/lib/python3.7/site-packages/airflow/example_dags/example_latest_only_with_trigger.py
[2025-01-29T23:49:39.416+0000] {logging_mixin.py:120} INFO - [2025-01-29T23:49:39.416+0000] {dag.py:2585} INFO - Sync 1 DAGs
[2025-01-29T23:49:39.451+0000] {logging_mixin.py:120} INFO - [2025-01-29T23:49:39.451+0000] {dag.py:3340} INFO - Setting next_dagrun for latest_only_with_trigger to 2025-01-29T19:49:39.451326+00:00, run_after=2025-01-29T23:49:39.451326+00:00
[2025-01-29T23:49:39.477+0000] {processor.py:176} INFO - Processing /home/airflow/.local/lib/python3.7/site-packages/airflow/example_dags/example_latest_only_with_trigger.py took 0.145 seconds
[2025-01-29T23:50:09.598+0000] {processor.py:154} INFO - Started process (PID=2280) to work on /home/airflow/.local/lib/python3.7/site-packages/airflow/example_dags/example_latest_only_with_trigger.py
[2025-01-29T23:50:09.599+0000] {processor.py:756} INFO - Processing file /home/airflow/.local/lib/python3.7/site-packages/airflow/example_dags/example_latest_only_with_trigger.py for tasks to queue
[2025-01-29T23:50:09.600+0000] {logging_mixin.py:120} INFO - [2025-01-29T23:50:09.600+0000] {dagbag.py:537} INFO - Filling up the DagBag from /home/airflow/.local/lib/python3.7/site-packages/airflow/example_dags/example_latest_only_with_trigger.py
[2025-01-29T23:50:09.616+0000] {processor.py:766} INFO - DAG(s) dict_keys(['latest_only_with_trigger']) retrieved from /home/airflow/.local/lib/python3.7/site-packages/airflow/example_dags/example_latest_only_with_trigger.py
[2025-01-29T23:50:09.675+0000] {logging_mixin.py:120} INFO - [2025-01-29T23:50:09.675+0000] {dag.py:2585} INFO - Sync 1 DAGs
[2025-01-29T23:50:09.708+0000] {logging_mixin.py:120} INFO - [2025-01-29T23:50:09.708+0000] {dag.py:3340} INFO - Setting next_dagrun for latest_only_with_trigger to 2025-01-29T19:50:09.707739+00:00, run_after=2025-01-29T23:50:09.707739+00:00
[2025-01-29T23:50:09.748+0000] {processor.py:176} INFO - Processing /home/airflow/.local/lib/python3.7/site-packages/airflow/example_dags/example_latest_only_with_trigger.py took 0.153 seconds
[2025-01-29T23:50:40.119+0000] {processor.py:154} INFO - Started process (PID=2344) to work on /home/airflow/.local/lib/python3.7/site-packages/airflow/example_dags/example_latest_only_with_trigger.py
[2025-01-29T23:50:40.120+0000] {processor.py:756} INFO - Processing file /home/airflow/.local/lib/python3.7/site-packages/airflow/example_dags/example_latest_only_with_trigger.py for tasks to queue
[2025-01-29T23:50:40.121+0000] {logging_mixin.py:120} INFO - [2025-01-29T23:50:40.121+0000] {dagbag.py:537} INFO - Filling up the DagBag from /home/airflow/.local/lib/python3.7/site-packages/airflow/example_dags/example_latest_only_with_trigger.py
[2025-01-29T23:50:40.138+0000] {processor.py:766} INFO - DAG(s) dict_keys(['latest_only_with_trigger']) retrieved from /home/airflow/.local/lib/python3.7/site-packages/airflow/example_dags/example_latest_only_with_trigger.py
[2025-01-29T23:50:40.194+0000] {logging_mixin.py:120} INFO - [2025-01-29T23:50:40.193+0000] {dag.py:2585} INFO - Sync 1 DAGs
[2025-01-29T23:50:40.226+0000] {logging_mixin.py:120} INFO - [2025-01-29T23:50:40.226+0000] {dag.py:3340} INFO - Setting next_dagrun for latest_only_with_trigger to 2025-01-29T19:50:40.226183+00:00, run_after=2025-01-29T23:50:40.226183+00:00
[2025-01-29T23:50:40.251+0000] {processor.py:176} INFO - Processing /home/airflow/.local/lib/python3.7/site-packages/airflow/example_dags/example_latest_only_with_trigger.py took 0.135 seconds
[2025-01-29T23:51:10.749+0000] {processor.py:154} INFO - Started process (PID=2407) to work on /home/airflow/.local/lib/python3.7/site-packages/airflow/example_dags/example_latest_only_with_trigger.py
[2025-01-29T23:51:10.750+0000] {processor.py:756} INFO - Processing file /home/airflow/.local/lib/python3.7/site-packages/airflow/example_dags/example_latest_only_with_trigger.py for tasks to queue
[2025-01-29T23:51:10.751+0000] {logging_mixin.py:120} INFO - [2025-01-29T23:51:10.751+0000] {dagbag.py:537} INFO - Filling up the DagBag from /home/airflow/.local/lib/python3.7/site-packages/airflow/example_dags/example_latest_only_with_trigger.py
[2025-01-29T23:51:10.768+0000] {processor.py:766} INFO - DAG(s) dict_keys(['latest_only_with_trigger']) retrieved from /home/airflow/.local/lib/python3.7/site-packages/airflow/example_dags/example_latest_only_with_trigger.py
[2025-01-29T23:51:10.838+0000] {logging_mixin.py:120} INFO - [2025-01-29T23:51:10.837+0000] {dag.py:2585} INFO - Sync 1 DAGs
[2025-01-29T23:51:10.880+0000] {logging_mixin.py:120} INFO - [2025-01-29T23:51:10.880+0000] {dag.py:3340} INFO - Setting next_dagrun for latest_only_with_trigger to 2025-01-29T19:51:10.879839+00:00, run_after=2025-01-29T23:51:10.879839+00:00
[2025-01-29T23:51:10.906+0000] {processor.py:176} INFO - Processing /home/airflow/.local/lib/python3.7/site-packages/airflow/example_dags/example_latest_only_with_trigger.py took 0.161 seconds
[2025-01-29T23:51:41.792+0000] {processor.py:154} INFO - Started process (PID=2464) to work on /home/airflow/.local/lib/python3.7/site-packages/airflow/example_dags/example_latest_only_with_trigger.py
[2025-01-29T23:51:41.793+0000] {processor.py:756} INFO - Processing file /home/airflow/.local/lib/python3.7/site-packages/airflow/example_dags/example_latest_only_with_trigger.py for tasks to queue
[2025-01-29T23:51:41.794+0000] {logging_mixin.py:120} INFO - [2025-01-29T23:51:41.794+0000] {dagbag.py:537} INFO - Filling up the DagBag from /home/airflow/.local/lib/python3.7/site-packages/airflow/example_dags/example_latest_only_with_trigger.py
[2025-01-29T23:51:41.807+0000] {processor.py:766} INFO - DAG(s) dict_keys(['latest_only_with_trigger']) retrieved from /home/airflow/.local/lib/python3.7/site-packages/airflow/example_dags/example_latest_only_with_trigger.py
[2025-01-29T23:51:41.870+0000] {logging_mixin.py:120} INFO - [2025-01-29T23:51:41.869+0000] {dag.py:2585} INFO - Sync 1 DAGs
[2025-01-29T23:51:41.904+0000] {logging_mixin.py:120} INFO - [2025-01-29T23:51:41.904+0000] {dag.py:3340} INFO - Setting next_dagrun for latest_only_with_trigger to 2025-01-29T19:51:41.904228+00:00, run_after=2025-01-29T23:51:41.904228+00:00
[2025-01-29T23:51:41.940+0000] {processor.py:176} INFO - Processing /home/airflow/.local/lib/python3.7/site-packages/airflow/example_dags/example_latest_only_with_trigger.py took 0.152 seconds
[2025-01-29T23:52:12.230+0000] {processor.py:154} INFO - Started process (PID=2528) to work on /home/airflow/.local/lib/python3.7/site-packages/airflow/example_dags/example_latest_only_with_trigger.py
[2025-01-29T23:52:12.231+0000] {processor.py:756} INFO - Processing file /home/airflow/.local/lib/python3.7/site-packages/airflow/example_dags/example_latest_only_with_trigger.py for tasks to queue
[2025-01-29T23:52:12.232+0000] {logging_mixin.py:120} INFO - [2025-01-29T23:52:12.232+0000] {dagbag.py:537} INFO - Filling up the DagBag from /home/airflow/.local/lib/python3.7/site-packages/airflow/example_dags/example_latest_only_with_trigger.py
[2025-01-29T23:52:12.245+0000] {processor.py:766} INFO - DAG(s) dict_keys(['latest_only_with_trigger']) retrieved from /home/airflow/.local/lib/python3.7/site-packages/airflow/example_dags/example_latest_only_with_trigger.py
[2025-01-29T23:52:12.299+0000] {logging_mixin.py:120} INFO - [2025-01-29T23:52:12.299+0000] {dag.py:2585} INFO - Sync 1 DAGs
[2025-01-29T23:52:12.329+0000] {logging_mixin.py:120} INFO - [2025-01-29T23:52:12.329+0000] {dag.py:3340} INFO - Setting next_dagrun for latest_only_with_trigger to 2025-01-29T19:52:12.329082+00:00, run_after=2025-01-29T23:52:12.329082+00:00
[2025-01-29T23:52:12.352+0000] {processor.py:176} INFO - Processing /home/airflow/.local/lib/python3.7/site-packages/airflow/example_dags/example_latest_only_with_trigger.py took 0.125 seconds
[2025-01-29T23:52:42.977+0000] {processor.py:154} INFO - Started process (PID=2592) to work on /home/airflow/.local/lib/python3.7/site-packages/airflow/example_dags/example_latest_only_with_trigger.py
[2025-01-29T23:52:42.978+0000] {processor.py:756} INFO - Processing file /home/airflow/.local/lib/python3.7/site-packages/airflow/example_dags/example_latest_only_with_trigger.py for tasks to queue
[2025-01-29T23:52:42.979+0000] {logging_mixin.py:120} INFO - [2025-01-29T23:52:42.979+0000] {dagbag.py:537} INFO - Filling up the DagBag from /home/airflow/.local/lib/python3.7/site-packages/airflow/example_dags/example_latest_only_with_trigger.py
[2025-01-29T23:52:42.993+0000] {processor.py:766} INFO - DAG(s) dict_keys(['latest_only_with_trigger']) retrieved from /home/airflow/.local/lib/python3.7/site-packages/airflow/example_dags/example_latest_only_with_trigger.py
[2025-01-29T23:52:43.048+0000] {logging_mixin.py:120} INFO - [2025-01-29T23:52:43.048+0000] {dag.py:2585} INFO - Sync 1 DAGs
[2025-01-29T23:52:43.080+0000] {logging_mixin.py:120} INFO - [2025-01-29T23:52:43.080+0000] {dag.py:3340} INFO - Setting next_dagrun for latest_only_with_trigger to 2025-01-29T19:52:43.079949+00:00, run_after=2025-01-29T23:52:43.079949+00:00
[2025-01-29T23:52:43.108+0000] {processor.py:176} INFO - Processing /home/airflow/.local/lib/python3.7/site-packages/airflow/example_dags/example_latest_only_with_trigger.py took 0.133 seconds
[2025-01-29T23:53:13.358+0000] {processor.py:154} INFO - Started process (PID=2647) to work on /home/airflow/.local/lib/python3.7/site-packages/airflow/example_dags/example_latest_only_with_trigger.py
[2025-01-29T23:53:13.359+0000] {processor.py:756} INFO - Processing file /home/airflow/.local/lib/python3.7/site-packages/airflow/example_dags/example_latest_only_with_trigger.py for tasks to queue
[2025-01-29T23:53:13.360+0000] {logging_mixin.py:120} INFO - [2025-01-29T23:53:13.360+0000] {dagbag.py:537} INFO - Filling up the DagBag from /home/airflow/.local/lib/python3.7/site-packages/airflow/example_dags/example_latest_only_with_trigger.py
[2025-01-29T23:53:13.373+0000] {processor.py:766} INFO - DAG(s) dict_keys(['latest_only_with_trigger']) retrieved from /home/airflow/.local/lib/python3.7/site-packages/airflow/example_dags/example_latest_only_with_trigger.py
[2025-01-29T23:53:13.425+0000] {logging_mixin.py:120} INFO - [2025-01-29T23:53:13.425+0000] {dag.py:2585} INFO - Sync 1 DAGs
[2025-01-29T23:53:13.456+0000] {logging_mixin.py:120} INFO - [2025-01-29T23:53:13.456+0000] {dag.py:3340} INFO - Setting next_dagrun for latest_only_with_trigger to 2025-01-29T19:53:13.456424+00:00, run_after=2025-01-29T23:53:13.456424+00:00
[2025-01-29T23:53:13.477+0000] {processor.py:176} INFO - Processing /home/airflow/.local/lib/python3.7/site-packages/airflow/example_dags/example_latest_only_with_trigger.py took 0.121 seconds
[2025-01-29T23:53:44.508+0000] {processor.py:154} INFO - Started process (PID=2711) to work on /home/airflow/.local/lib/python3.7/site-packages/airflow/example_dags/example_latest_only_with_trigger.py
[2025-01-29T23:53:44.509+0000] {processor.py:756} INFO - Processing file /home/airflow/.local/lib/python3.7/site-packages/airflow/example_dags/example_latest_only_with_trigger.py for tasks to queue
[2025-01-29T23:53:44.510+0000] {logging_mixin.py:120} INFO - [2025-01-29T23:53:44.510+0000] {dagbag.py:537} INFO - Filling up the DagBag from /home/airflow/.local/lib/python3.7/site-packages/airflow/example_dags/example_latest_only_with_trigger.py
[2025-01-29T23:53:44.524+0000] {processor.py:766} INFO - DAG(s) dict_keys(['latest_only_with_trigger']) retrieved from /home/airflow/.local/lib/python3.7/site-packages/airflow/example_dags/example_latest_only_with_trigger.py
[2025-01-29T23:53:44.581+0000] {logging_mixin.py:120} INFO - [2025-01-29T23:53:44.581+0000] {dag.py:2585} INFO - Sync 1 DAGs
[2025-01-29T23:53:44.611+0000] {logging_mixin.py:120} INFO - [2025-01-29T23:53:44.611+0000] {dag.py:3340} INFO - Setting next_dagrun for latest_only_with_trigger to 2025-01-29T19:53:44.611094+00:00, run_after=2025-01-29T23:53:44.611094+00:00
[2025-01-29T23:53:44.633+0000] {processor.py:176} INFO - Processing /home/airflow/.local/lib/python3.7/site-packages/airflow/example_dags/example_latest_only_with_trigger.py took 0.129 seconds
[2025-01-29T23:54:15.038+0000] {processor.py:154} INFO - Started process (PID=2775) to work on /home/airflow/.local/lib/python3.7/site-packages/airflow/example_dags/example_latest_only_with_trigger.py
[2025-01-29T23:54:15.039+0000] {processor.py:756} INFO - Processing file /home/airflow/.local/lib/python3.7/site-packages/airflow/example_dags/example_latest_only_with_trigger.py for tasks to queue
[2025-01-29T23:54:15.039+0000] {logging_mixin.py:120} INFO - [2025-01-29T23:54:15.039+0000] {dagbag.py:537} INFO - Filling up the DagBag from /home/airflow/.local/lib/python3.7/site-packages/airflow/example_dags/example_latest_only_with_trigger.py
[2025-01-29T23:54:15.054+0000] {processor.py:766} INFO - DAG(s) dict_keys(['latest_only_with_trigger']) retrieved from /home/airflow/.local/lib/python3.7/site-packages/airflow/example_dags/example_latest_only_with_trigger.py
[2025-01-29T23:54:15.108+0000] {logging_mixin.py:120} INFO - [2025-01-29T23:54:15.108+0000] {dag.py:2585} INFO - Sync 1 DAGs
[2025-01-29T23:54:15.139+0000] {logging_mixin.py:120} INFO - [2025-01-29T23:54:15.139+0000] {dag.py:3340} INFO - Setting next_dagrun for latest_only_with_trigger to 2025-01-29T19:54:15.139518+00:00, run_after=2025-01-29T23:54:15.139518+00:00
[2025-01-29T23:54:15.163+0000] {processor.py:176} INFO - Processing /home/airflow/.local/lib/python3.7/site-packages/airflow/example_dags/example_latest_only_with_trigger.py took 0.128 seconds
[2025-01-29T23:54:45.676+0000] {processor.py:154} INFO - Started process (PID=2830) to work on /home/airflow/.local/lib/python3.7/site-packages/airflow/example_dags/example_latest_only_with_trigger.py
[2025-01-29T23:54:45.677+0000] {processor.py:756} INFO - Processing file /home/airflow/.local/lib/python3.7/site-packages/airflow/example_dags/example_latest_only_with_trigger.py for tasks to queue
[2025-01-29T23:54:45.678+0000] {logging_mixin.py:120} INFO - [2025-01-29T23:54:45.678+0000] {dagbag.py:537} INFO - Filling up the DagBag from /home/airflow/.local/lib/python3.7/site-packages/airflow/example_dags/example_latest_only_with_trigger.py
[2025-01-29T23:54:45.693+0000] {processor.py:766} INFO - DAG(s) dict_keys(['latest_only_with_trigger']) retrieved from /home/airflow/.local/lib/python3.7/site-packages/airflow/example_dags/example_latest_only_with_trigger.py
[2025-01-29T23:54:45.754+0000] {logging_mixin.py:120} INFO - [2025-01-29T23:54:45.754+0000] {dag.py:2585} INFO - Sync 1 DAGs
[2025-01-29T23:54:45.788+0000] {logging_mixin.py:120} INFO - [2025-01-29T23:54:45.788+0000] {dag.py:3340} INFO - Setting next_dagrun for latest_only_with_trigger to 2025-01-29T19:54:45.788528+00:00, run_after=2025-01-29T23:54:45.788528+00:00
[2025-01-29T23:54:45.814+0000] {processor.py:176} INFO - Processing /home/airflow/.local/lib/python3.7/site-packages/airflow/example_dags/example_latest_only_with_trigger.py took 0.142 seconds
[2025-01-29T23:55:15.943+0000] {processor.py:154} INFO - Started process (PID=2894) to work on /home/airflow/.local/lib/python3.7/site-packages/airflow/example_dags/example_latest_only_with_trigger.py
[2025-01-29T23:55:15.944+0000] {processor.py:756} INFO - Processing file /home/airflow/.local/lib/python3.7/site-packages/airflow/example_dags/example_latest_only_with_trigger.py for tasks to queue
[2025-01-29T23:55:15.945+0000] {logging_mixin.py:120} INFO - [2025-01-29T23:55:15.945+0000] {dagbag.py:537} INFO - Filling up the DagBag from /home/airflow/.local/lib/python3.7/site-packages/airflow/example_dags/example_latest_only_with_trigger.py
[2025-01-29T23:55:15.958+0000] {processor.py:766} INFO - DAG(s) dict_keys(['latest_only_with_trigger']) retrieved from /home/airflow/.local/lib/python3.7/site-packages/airflow/example_dags/example_latest_only_with_trigger.py
[2025-01-29T23:55:16.012+0000] {logging_mixin.py:120} INFO - [2025-01-29T23:55:16.012+0000] {dag.py:2585} INFO - Sync 1 DAGs
[2025-01-29T23:55:16.044+0000] {logging_mixin.py:120} INFO - [2025-01-29T23:55:16.044+0000] {dag.py:3340} INFO - Setting next_dagrun for latest_only_with_trigger to 2025-01-29T19:55:16.044365+00:00, run_after=2025-01-29T23:55:16.044365+00:00
[2025-01-29T23:55:16.067+0000] {processor.py:176} INFO - Processing /home/airflow/.local/lib/python3.7/site-packages/airflow/example_dags/example_latest_only_with_trigger.py took 0.127 seconds
[2025-01-29T23:55:46.311+0000] {processor.py:154} INFO - Started process (PID=2958) to work on /home/airflow/.local/lib/python3.7/site-packages/airflow/example_dags/example_latest_only_with_trigger.py
[2025-01-29T23:55:46.312+0000] {processor.py:756} INFO - Processing file /home/airflow/.local/lib/python3.7/site-packages/airflow/example_dags/example_latest_only_with_trigger.py for tasks to queue
[2025-01-29T23:55:46.312+0000] {logging_mixin.py:120} INFO - [2025-01-29T23:55:46.312+0000] {dagbag.py:537} INFO - Filling up the DagBag from /home/airflow/.local/lib/python3.7/site-packages/airflow/example_dags/example_latest_only_with_trigger.py
[2025-01-29T23:55:46.325+0000] {processor.py:766} INFO - DAG(s) dict_keys(['latest_only_with_trigger']) retrieved from /home/airflow/.local/lib/python3.7/site-packages/airflow/example_dags/example_latest_only_with_trigger.py
[2025-01-29T23:55:46.379+0000] {logging_mixin.py:120} INFO - [2025-01-29T23:55:46.379+0000] {dag.py:2585} INFO - Sync 1 DAGs
[2025-01-29T23:55:46.411+0000] {logging_mixin.py:120} INFO - [2025-01-29T23:55:46.411+0000] {dag.py:3340} INFO - Setting next_dagrun for latest_only_with_trigger to 2025-01-29T19:55:46.410778+00:00, run_after=2025-01-29T23:55:46.410778+00:00
[2025-01-29T23:55:46.435+0000] {processor.py:176} INFO - Processing /home/airflow/.local/lib/python3.7/site-packages/airflow/example_dags/example_latest_only_with_trigger.py took 0.127 seconds
[2025-01-29T23:56:16.659+0000] {processor.py:154} INFO - Started process (PID=3013) to work on /home/airflow/.local/lib/python3.7/site-packages/airflow/example_dags/example_latest_only_with_trigger.py
[2025-01-29T23:56:16.660+0000] {processor.py:756} INFO - Processing file /home/airflow/.local/lib/python3.7/site-packages/airflow/example_dags/example_latest_only_with_trigger.py for tasks to queue
[2025-01-29T23:56:16.661+0000] {logging_mixin.py:120} INFO - [2025-01-29T23:56:16.661+0000] {dagbag.py:537} INFO - Filling up the DagBag from /home/airflow/.local/lib/python3.7/site-packages/airflow/example_dags/example_latest_only_with_trigger.py
[2025-01-29T23:56:16.674+0000] {processor.py:766} INFO - DAG(s) dict_keys(['latest_only_with_trigger']) retrieved from /home/airflow/.local/lib/python3.7/site-packages/airflow/example_dags/example_latest_only_with_trigger.py
[2025-01-29T23:56:16.732+0000] {logging_mixin.py:120} INFO - [2025-01-29T23:56:16.731+0000] {dag.py:2585} INFO - Sync 1 DAGs
[2025-01-29T23:56:16.763+0000] {logging_mixin.py:120} INFO - [2025-01-29T23:56:16.763+0000] {dag.py:3340} INFO - Setting next_dagrun for latest_only_with_trigger to 2025-01-29T19:56:16.762966+00:00, run_after=2025-01-29T23:56:16.762966+00:00
[2025-01-29T23:56:16.785+0000] {processor.py:176} INFO - Processing /home/airflow/.local/lib/python3.7/site-packages/airflow/example_dags/example_latest_only_with_trigger.py took 0.129 seconds
[2025-01-29T23:56:46.943+0000] {processor.py:154} INFO - Started process (PID=3077) to work on /home/airflow/.local/lib/python3.7/site-packages/airflow/example_dags/example_latest_only_with_trigger.py
[2025-01-29T23:56:46.944+0000] {processor.py:756} INFO - Processing file /home/airflow/.local/lib/python3.7/site-packages/airflow/example_dags/example_latest_only_with_trigger.py for tasks to queue
[2025-01-29T23:56:46.945+0000] {logging_mixin.py:120} INFO - [2025-01-29T23:56:46.945+0000] {dagbag.py:537} INFO - Filling up the DagBag from /home/airflow/.local/lib/python3.7/site-packages/airflow/example_dags/example_latest_only_with_trigger.py
[2025-01-29T23:56:46.960+0000] {processor.py:766} INFO - DAG(s) dict_keys(['latest_only_with_trigger']) retrieved from /home/airflow/.local/lib/python3.7/site-packages/airflow/example_dags/example_latest_only_with_trigger.py
[2025-01-29T23:56:47.018+0000] {logging_mixin.py:120} INFO - [2025-01-29T23:56:47.018+0000] {dag.py:2585} INFO - Sync 1 DAGs
[2025-01-29T23:56:47.052+0000] {logging_mixin.py:120} INFO - [2025-01-29T23:56:47.052+0000] {dag.py:3340} INFO - Setting next_dagrun for latest_only_with_trigger to 2025-01-29T19:56:47.051795+00:00, run_after=2025-01-29T23:56:47.051795+00:00
[2025-01-29T23:56:47.076+0000] {processor.py:176} INFO - Processing /home/airflow/.local/lib/python3.7/site-packages/airflow/example_dags/example_latest_only_with_trigger.py took 0.136 seconds
[2025-01-29T23:57:17.512+0000] {processor.py:154} INFO - Started process (PID=3141) to work on /home/airflow/.local/lib/python3.7/site-packages/airflow/example_dags/example_latest_only_with_trigger.py
[2025-01-29T23:57:17.513+0000] {processor.py:756} INFO - Processing file /home/airflow/.local/lib/python3.7/site-packages/airflow/example_dags/example_latest_only_with_trigger.py for tasks to queue
[2025-01-29T23:57:17.514+0000] {logging_mixin.py:120} INFO - [2025-01-29T23:57:17.514+0000] {dagbag.py:537} INFO - Filling up the DagBag from /home/airflow/.local/lib/python3.7/site-packages/airflow/example_dags/example_latest_only_with_trigger.py
[2025-01-29T23:57:17.529+0000] {processor.py:766} INFO - DAG(s) dict_keys(['latest_only_with_trigger']) retrieved from /home/airflow/.local/lib/python3.7/site-packages/airflow/example_dags/example_latest_only_with_trigger.py
[2025-01-29T23:57:17.591+0000] {logging_mixin.py:120} INFO - [2025-01-29T23:57:17.591+0000] {dag.py:2585} INFO - Sync 1 DAGs
[2025-01-29T23:57:17.634+0000] {logging_mixin.py:120} INFO - [2025-01-29T23:57:17.633+0000] {dag.py:3340} INFO - Setting next_dagrun for latest_only_with_trigger to 2025-01-29T19:57:17.633612+00:00, run_after=2025-01-29T23:57:17.633612+00:00
[2025-01-29T23:57:17.660+0000] {processor.py:176} INFO - Processing /home/airflow/.local/lib/python3.7/site-packages/airflow/example_dags/example_latest_only_with_trigger.py took 0.152 seconds
[2025-01-29T23:57:48.169+0000] {processor.py:154} INFO - Started process (PID=3205) to work on /home/airflow/.local/lib/python3.7/site-packages/airflow/example_dags/example_latest_only_with_trigger.py
[2025-01-29T23:57:48.170+0000] {processor.py:756} INFO - Processing file /home/airflow/.local/lib/python3.7/site-packages/airflow/example_dags/example_latest_only_with_trigger.py for tasks to queue
[2025-01-29T23:57:48.171+0000] {logging_mixin.py:120} INFO - [2025-01-29T23:57:48.170+0000] {dagbag.py:537} INFO - Filling up the DagBag from /home/airflow/.local/lib/python3.7/site-packages/airflow/example_dags/example_latest_only_with_trigger.py
[2025-01-29T23:57:48.189+0000] {processor.py:766} INFO - DAG(s) dict_keys(['latest_only_with_trigger']) retrieved from /home/airflow/.local/lib/python3.7/site-packages/airflow/example_dags/example_latest_only_with_trigger.py
[2025-01-29T23:57:48.249+0000] {logging_mixin.py:120} INFO - [2025-01-29T23:57:48.248+0000] {dag.py:2585} INFO - Sync 1 DAGs
[2025-01-29T23:57:48.284+0000] {logging_mixin.py:120} INFO - [2025-01-29T23:57:48.283+0000] {dag.py:3340} INFO - Setting next_dagrun for latest_only_with_trigger to 2025-01-29T19:57:48.283454+00:00, run_after=2025-01-29T23:57:48.283454+00:00
[2025-01-29T23:57:48.312+0000] {processor.py:176} INFO - Processing /home/airflow/.local/lib/python3.7/site-packages/airflow/example_dags/example_latest_only_with_trigger.py took 0.146 seconds
[2025-01-29T23:58:18.435+0000] {processor.py:154} INFO - Started process (PID=3260) to work on /home/airflow/.local/lib/python3.7/site-packages/airflow/example_dags/example_latest_only_with_trigger.py
[2025-01-29T23:58:18.435+0000] {processor.py:756} INFO - Processing file /home/airflow/.local/lib/python3.7/site-packages/airflow/example_dags/example_latest_only_with_trigger.py for tasks to queue
[2025-01-29T23:58:18.436+0000] {logging_mixin.py:120} INFO - [2025-01-29T23:58:18.436+0000] {dagbag.py:537} INFO - Filling up the DagBag from /home/airflow/.local/lib/python3.7/site-packages/airflow/example_dags/example_latest_only_with_trigger.py
[2025-01-29T23:58:18.449+0000] {processor.py:766} INFO - DAG(s) dict_keys(['latest_only_with_trigger']) retrieved from /home/airflow/.local/lib/python3.7/site-packages/airflow/example_dags/example_latest_only_with_trigger.py
[2025-01-29T23:58:18.501+0000] {logging_mixin.py:120} INFO - [2025-01-29T23:58:18.501+0000] {dag.py:2585} INFO - Sync 1 DAGs
[2025-01-29T23:58:18.532+0000] {logging_mixin.py:120} INFO - [2025-01-29T23:58:18.532+0000] {dag.py:3340} INFO - Setting next_dagrun for latest_only_with_trigger to 2025-01-29T19:58:18.532164+00:00, run_after=2025-01-29T23:58:18.532164+00:00
[2025-01-29T23:58:18.554+0000] {processor.py:176} INFO - Processing /home/airflow/.local/lib/python3.7/site-packages/airflow/example_dags/example_latest_only_with_trigger.py took 0.123 seconds
[2025-01-29T23:58:49.147+0000] {processor.py:154} INFO - Started process (PID=3324) to work on /home/airflow/.local/lib/python3.7/site-packages/airflow/example_dags/example_latest_only_with_trigger.py
[2025-01-29T23:58:49.148+0000] {processor.py:756} INFO - Processing file /home/airflow/.local/lib/python3.7/site-packages/airflow/example_dags/example_latest_only_with_trigger.py for tasks to queue
[2025-01-29T23:58:49.149+0000] {logging_mixin.py:120} INFO - [2025-01-29T23:58:49.149+0000] {dagbag.py:537} INFO - Filling up the DagBag from /home/airflow/.local/lib/python3.7/site-packages/airflow/example_dags/example_latest_only_with_trigger.py
[2025-01-29T23:58:49.162+0000] {processor.py:766} INFO - DAG(s) dict_keys(['latest_only_with_trigger']) retrieved from /home/airflow/.local/lib/python3.7/site-packages/airflow/example_dags/example_latest_only_with_trigger.py
[2025-01-29T23:58:49.218+0000] {logging_mixin.py:120} INFO - [2025-01-29T23:58:49.217+0000] {dag.py:2585} INFO - Sync 1 DAGs
[2025-01-29T23:58:49.250+0000] {logging_mixin.py:120} INFO - [2025-01-29T23:58:49.249+0000] {dag.py:3340} INFO - Setting next_dagrun for latest_only_with_trigger to 2025-01-29T19:58:49.249699+00:00, run_after=2025-01-29T23:58:49.249699+00:00
[2025-01-29T23:58:49.277+0000] {processor.py:176} INFO - Processing /home/airflow/.local/lib/python3.7/site-packages/airflow/example_dags/example_latest_only_with_trigger.py took 0.133 seconds
[2025-01-29T23:59:19.929+0000] {processor.py:154} INFO - Started process (PID=3388) to work on /home/airflow/.local/lib/python3.7/site-packages/airflow/example_dags/example_latest_only_with_trigger.py
[2025-01-29T23:59:19.930+0000] {processor.py:756} INFO - Processing file /home/airflow/.local/lib/python3.7/site-packages/airflow/example_dags/example_latest_only_with_trigger.py for tasks to queue
[2025-01-29T23:59:19.931+0000] {logging_mixin.py:120} INFO - [2025-01-29T23:59:19.931+0000] {dagbag.py:537} INFO - Filling up the DagBag from /home/airflow/.local/lib/python3.7/site-packages/airflow/example_dags/example_latest_only_with_trigger.py
[2025-01-29T23:59:19.947+0000] {processor.py:766} INFO - DAG(s) dict_keys(['latest_only_with_trigger']) retrieved from /home/airflow/.local/lib/python3.7/site-packages/airflow/example_dags/example_latest_only_with_trigger.py
[2025-01-29T23:59:20.006+0000] {logging_mixin.py:120} INFO - [2025-01-29T23:59:20.005+0000] {dag.py:2585} INFO - Sync 1 DAGs
[2025-01-29T23:59:20.044+0000] {logging_mixin.py:120} INFO - [2025-01-29T23:59:20.044+0000] {dag.py:3340} INFO - Setting next_dagrun for latest_only_with_trigger to 2025-01-29T19:59:20.043734+00:00, run_after=2025-01-29T23:59:20.043734+00:00
[2025-01-29T23:59:20.073+0000] {processor.py:176} INFO - Processing /home/airflow/.local/lib/python3.7/site-packages/airflow/example_dags/example_latest_only_with_trigger.py took 0.147 seconds
[2025-01-29T23:59:50.307+0000] {processor.py:154} INFO - Started process (PID=3443) to work on /home/airflow/.local/lib/python3.7/site-packages/airflow/example_dags/example_latest_only_with_trigger.py
[2025-01-29T23:59:50.309+0000] {processor.py:756} INFO - Processing file /home/airflow/.local/lib/python3.7/site-packages/airflow/example_dags/example_latest_only_with_trigger.py for tasks to queue
[2025-01-29T23:59:50.309+0000] {logging_mixin.py:120} INFO - [2025-01-29T23:59:50.309+0000] {dagbag.py:537} INFO - Filling up the DagBag from /home/airflow/.local/lib/python3.7/site-packages/airflow/example_dags/example_latest_only_with_trigger.py
[2025-01-29T23:59:50.324+0000] {processor.py:766} INFO - DAG(s) dict_keys(['latest_only_with_trigger']) retrieved from /home/airflow/.local/lib/python3.7/site-packages/airflow/example_dags/example_latest_only_with_trigger.py
[2025-01-29T23:59:50.390+0000] {logging_mixin.py:120} INFO - [2025-01-29T23:59:50.390+0000] {dag.py:2585} INFO - Sync 1 DAGs
[2025-01-29T23:59:50.418+0000] {logging_mixin.py:120} INFO - [2025-01-29T23:59:50.418+0000] {dag.py:3340} INFO - Setting next_dagrun for latest_only_with_trigger to 2025-01-29T19:59:50.418502+00:00, run_after=2025-01-29T23:59:50.418502+00:00
[2025-01-29T23:59:50.442+0000] {processor.py:176} INFO - Processing /home/airflow/.local/lib/python3.7/site-packages/airflow/example_dags/example_latest_only_with_trigger.py took 0.137 seconds
