[2025-01-29T23:31:50.670+0000] {processor.py:154} INFO - Started process (PID=76) to work on /home/airflow/.local/lib/python3.7/site-packages/airflow/example_dags/example_time_delta_sensor_async.py
[2025-01-29T23:31:50.672+0000] {processor.py:756} INFO - Processing file /home/airflow/.local/lib/python3.7/site-packages/airflow/example_dags/example_time_delta_sensor_async.py for tasks to queue
[2025-01-29T23:31:50.672+0000] {logging_mixin.py:120} INFO - [2025-01-29T23:31:50.672+0000] {dagbag.py:537} INFO - Filling up the DagBag from /home/airflow/.local/lib/python3.7/site-packages/airflow/example_dags/example_time_delta_sensor_async.py
[2025-01-29T23:31:50.690+0000] {processor.py:766} INFO - DAG(s) dict_keys(['example_time_delta_sensor_async']) retrieved from /home/airflow/.local/lib/python3.7/site-packages/airflow/example_dags/example_time_delta_sensor_async.py
[2025-01-29T23:31:51.145+0000] {logging_mixin.py:120} INFO - [2025-01-29T23:31:51.145+0000] {manager.py:507} INFO - Created Permission View: can read on DAG:example_time_delta_sensor_async
[2025-01-29T23:31:51.162+0000] {logging_mixin.py:120} INFO - [2025-01-29T23:31:51.161+0000] {manager.py:507} INFO - Created Permission View: can delete on DAG:example_time_delta_sensor_async
[2025-01-29T23:31:51.172+0000] {logging_mixin.py:120} INFO - [2025-01-29T23:31:51.172+0000] {manager.py:507} INFO - Created Permission View: can edit on DAG:example_time_delta_sensor_async
[2025-01-29T23:31:51.173+0000] {logging_mixin.py:120} INFO - [2025-01-29T23:31:51.173+0000] {dag.py:2585} INFO - Sync 1 DAGs
[2025-01-29T23:31:51.204+0000] {logging_mixin.py:120} INFO - [2025-01-29T23:31:51.204+0000] {dag.py:2606} INFO - Creating ORM DAG for example_time_delta_sensor_async
[2025-01-29T23:31:51.228+0000] {logging_mixin.py:120} INFO - [2025-01-29T23:31:51.228+0000] {dag.py:3340} INFO - Setting next_dagrun for example_time_delta_sensor_async to None, run_after=None
[2025-01-29T23:31:51.270+0000] {processor.py:176} INFO - Processing /home/airflow/.local/lib/python3.7/site-packages/airflow/example_dags/example_time_delta_sensor_async.py took 0.603 seconds
[2025-01-29T23:32:21.822+0000] {processor.py:154} INFO - Started process (PID=140) to work on /home/airflow/.local/lib/python3.7/site-packages/airflow/example_dags/example_time_delta_sensor_async.py
[2025-01-29T23:32:21.823+0000] {processor.py:756} INFO - Processing file /home/airflow/.local/lib/python3.7/site-packages/airflow/example_dags/example_time_delta_sensor_async.py for tasks to queue
[2025-01-29T23:32:21.824+0000] {logging_mixin.py:120} INFO - [2025-01-29T23:32:21.824+0000] {dagbag.py:537} INFO - Filling up the DagBag from /home/airflow/.local/lib/python3.7/site-packages/airflow/example_dags/example_time_delta_sensor_async.py
[2025-01-29T23:32:21.841+0000] {processor.py:766} INFO - DAG(s) dict_keys(['example_time_delta_sensor_async']) retrieved from /home/airflow/.local/lib/python3.7/site-packages/airflow/example_dags/example_time_delta_sensor_async.py
[2025-01-29T23:32:22.058+0000] {logging_mixin.py:120} INFO - [2025-01-29T23:32:22.057+0000] {dag.py:2585} INFO - Sync 1 DAGs
[2025-01-29T23:32:22.094+0000] {logging_mixin.py:120} INFO - [2025-01-29T23:32:22.094+0000] {dag.py:3340} INFO - Setting next_dagrun for example_time_delta_sensor_async to None, run_after=None
[2025-01-29T23:32:22.119+0000] {processor.py:176} INFO - Processing /home/airflow/.local/lib/python3.7/site-packages/airflow/example_dags/example_time_delta_sensor_async.py took 0.300 seconds
[2025-01-29T23:32:52.312+0000] {processor.py:154} INFO - Started process (PID=196) to work on /home/airflow/.local/lib/python3.7/site-packages/airflow/example_dags/example_time_delta_sensor_async.py
[2025-01-29T23:32:52.313+0000] {processor.py:756} INFO - Processing file /home/airflow/.local/lib/python3.7/site-packages/airflow/example_dags/example_time_delta_sensor_async.py for tasks to queue
[2025-01-29T23:32:52.313+0000] {logging_mixin.py:120} INFO - [2025-01-29T23:32:52.313+0000] {dagbag.py:537} INFO - Filling up the DagBag from /home/airflow/.local/lib/python3.7/site-packages/airflow/example_dags/example_time_delta_sensor_async.py
[2025-01-29T23:32:52.324+0000] {processor.py:766} INFO - DAG(s) dict_keys(['example_time_delta_sensor_async']) retrieved from /home/airflow/.local/lib/python3.7/site-packages/airflow/example_dags/example_time_delta_sensor_async.py
[2025-01-29T23:32:52.521+0000] {logging_mixin.py:120} INFO - [2025-01-29T23:32:52.521+0000] {dag.py:2585} INFO - Sync 1 DAGs
[2025-01-29T23:32:52.551+0000] {logging_mixin.py:120} INFO - [2025-01-29T23:32:52.551+0000] {dag.py:3340} INFO - Setting next_dagrun for example_time_delta_sensor_async to None, run_after=None
[2025-01-29T23:32:52.574+0000] {processor.py:176} INFO - Processing /home/airflow/.local/lib/python3.7/site-packages/airflow/example_dags/example_time_delta_sensor_async.py took 0.265 seconds
[2025-01-29T23:33:22.873+0000] {processor.py:154} INFO - Started process (PID=260) to work on /home/airflow/.local/lib/python3.7/site-packages/airflow/example_dags/example_time_delta_sensor_async.py
[2025-01-29T23:33:22.875+0000] {processor.py:756} INFO - Processing file /home/airflow/.local/lib/python3.7/site-packages/airflow/example_dags/example_time_delta_sensor_async.py for tasks to queue
[2025-01-29T23:33:22.875+0000] {logging_mixin.py:120} INFO - [2025-01-29T23:33:22.875+0000] {dagbag.py:537} INFO - Filling up the DagBag from /home/airflow/.local/lib/python3.7/site-packages/airflow/example_dags/example_time_delta_sensor_async.py
[2025-01-29T23:33:22.887+0000] {processor.py:766} INFO - DAG(s) dict_keys(['example_time_delta_sensor_async']) retrieved from /home/airflow/.local/lib/python3.7/site-packages/airflow/example_dags/example_time_delta_sensor_async.py
[2025-01-29T23:33:23.087+0000] {logging_mixin.py:120} INFO - [2025-01-29T23:33:23.087+0000] {dag.py:2585} INFO - Sync 1 DAGs
[2025-01-29T23:33:23.119+0000] {logging_mixin.py:120} INFO - [2025-01-29T23:33:23.119+0000] {dag.py:3340} INFO - Setting next_dagrun for example_time_delta_sensor_async to None, run_after=None
[2025-01-29T23:33:23.143+0000] {processor.py:176} INFO - Processing /home/airflow/.local/lib/python3.7/site-packages/airflow/example_dags/example_time_delta_sensor_async.py took 0.272 seconds
[2025-01-29T23:33:53.194+0000] {processor.py:154} INFO - Started process (PID=324) to work on /home/airflow/.local/lib/python3.7/site-packages/airflow/example_dags/example_time_delta_sensor_async.py
[2025-01-29T23:33:53.195+0000] {processor.py:756} INFO - Processing file /home/airflow/.local/lib/python3.7/site-packages/airflow/example_dags/example_time_delta_sensor_async.py for tasks to queue
[2025-01-29T23:33:53.196+0000] {logging_mixin.py:120} INFO - [2025-01-29T23:33:53.195+0000] {dagbag.py:537} INFO - Filling up the DagBag from /home/airflow/.local/lib/python3.7/site-packages/airflow/example_dags/example_time_delta_sensor_async.py
[2025-01-29T23:33:53.206+0000] {processor.py:766} INFO - DAG(s) dict_keys(['example_time_delta_sensor_async']) retrieved from /home/airflow/.local/lib/python3.7/site-packages/airflow/example_dags/example_time_delta_sensor_async.py
[2025-01-29T23:33:53.413+0000] {logging_mixin.py:120} INFO - [2025-01-29T23:33:53.412+0000] {dag.py:2585} INFO - Sync 1 DAGs
[2025-01-29T23:33:53.448+0000] {logging_mixin.py:120} INFO - [2025-01-29T23:33:53.448+0000] {dag.py:3340} INFO - Setting next_dagrun for example_time_delta_sensor_async to None, run_after=None
[2025-01-29T23:33:53.478+0000] {processor.py:176} INFO - Processing /home/airflow/.local/lib/python3.7/site-packages/airflow/example_dags/example_time_delta_sensor_async.py took 0.287 seconds
[2025-01-29T23:34:23.589+0000] {processor.py:154} INFO - Started process (PID=387) to work on /home/airflow/.local/lib/python3.7/site-packages/airflow/example_dags/example_time_delta_sensor_async.py
[2025-01-29T23:34:23.590+0000] {processor.py:756} INFO - Processing file /home/airflow/.local/lib/python3.7/site-packages/airflow/example_dags/example_time_delta_sensor_async.py for tasks to queue
[2025-01-29T23:34:23.591+0000] {logging_mixin.py:120} INFO - [2025-01-29T23:34:23.591+0000] {dagbag.py:537} INFO - Filling up the DagBag from /home/airflow/.local/lib/python3.7/site-packages/airflow/example_dags/example_time_delta_sensor_async.py
[2025-01-29T23:34:23.601+0000] {processor.py:766} INFO - DAG(s) dict_keys(['example_time_delta_sensor_async']) retrieved from /home/airflow/.local/lib/python3.7/site-packages/airflow/example_dags/example_time_delta_sensor_async.py
[2025-01-29T23:34:23.808+0000] {logging_mixin.py:120} INFO - [2025-01-29T23:34:23.808+0000] {dag.py:2585} INFO - Sync 1 DAGs
[2025-01-29T23:34:23.845+0000] {logging_mixin.py:120} INFO - [2025-01-29T23:34:23.844+0000] {dag.py:3340} INFO - Setting next_dagrun for example_time_delta_sensor_async to None, run_after=None
[2025-01-29T23:34:23.874+0000] {processor.py:176} INFO - Processing /home/airflow/.local/lib/python3.7/site-packages/airflow/example_dags/example_time_delta_sensor_async.py took 0.288 seconds
[2025-01-29T23:34:53.984+0000] {processor.py:154} INFO - Started process (PID=442) to work on /home/airflow/.local/lib/python3.7/site-packages/airflow/example_dags/example_time_delta_sensor_async.py
[2025-01-29T23:34:53.985+0000] {processor.py:756} INFO - Processing file /home/airflow/.local/lib/python3.7/site-packages/airflow/example_dags/example_time_delta_sensor_async.py for tasks to queue
[2025-01-29T23:34:53.986+0000] {logging_mixin.py:120} INFO - [2025-01-29T23:34:53.985+0000] {dagbag.py:537} INFO - Filling up the DagBag from /home/airflow/.local/lib/python3.7/site-packages/airflow/example_dags/example_time_delta_sensor_async.py
[2025-01-29T23:34:53.997+0000] {processor.py:766} INFO - DAG(s) dict_keys(['example_time_delta_sensor_async']) retrieved from /home/airflow/.local/lib/python3.7/site-packages/airflow/example_dags/example_time_delta_sensor_async.py
[2025-01-29T23:34:54.204+0000] {logging_mixin.py:120} INFO - [2025-01-29T23:34:54.203+0000] {dag.py:2585} INFO - Sync 1 DAGs
[2025-01-29T23:34:54.236+0000] {logging_mixin.py:120} INFO - [2025-01-29T23:34:54.236+0000] {dag.py:3340} INFO - Setting next_dagrun for example_time_delta_sensor_async to None, run_after=None
[2025-01-29T23:34:54.263+0000] {processor.py:176} INFO - Processing /home/airflow/.local/lib/python3.7/site-packages/airflow/example_dags/example_time_delta_sensor_async.py took 0.282 seconds
[2025-01-29T23:35:24.663+0000] {processor.py:154} INFO - Started process (PID=506) to work on /home/airflow/.local/lib/python3.7/site-packages/airflow/example_dags/example_time_delta_sensor_async.py
[2025-01-29T23:35:24.664+0000] {processor.py:756} INFO - Processing file /home/airflow/.local/lib/python3.7/site-packages/airflow/example_dags/example_time_delta_sensor_async.py for tasks to queue
[2025-01-29T23:35:24.665+0000] {logging_mixin.py:120} INFO - [2025-01-29T23:35:24.665+0000] {dagbag.py:537} INFO - Filling up the DagBag from /home/airflow/.local/lib/python3.7/site-packages/airflow/example_dags/example_time_delta_sensor_async.py
[2025-01-29T23:35:24.699+0000] {processor.py:766} INFO - DAG(s) dict_keys(['example_time_delta_sensor_async']) retrieved from /home/airflow/.local/lib/python3.7/site-packages/airflow/example_dags/example_time_delta_sensor_async.py
[2025-01-29T23:35:24.981+0000] {logging_mixin.py:120} INFO - [2025-01-29T23:35:24.981+0000] {dag.py:2585} INFO - Sync 1 DAGs
[2025-01-29T23:35:25.018+0000] {logging_mixin.py:120} INFO - [2025-01-29T23:35:25.018+0000] {dag.py:3340} INFO - Setting next_dagrun for example_time_delta_sensor_async to None, run_after=None
[2025-01-29T23:35:25.057+0000] {processor.py:176} INFO - Processing /home/airflow/.local/lib/python3.7/site-packages/airflow/example_dags/example_time_delta_sensor_async.py took 0.399 seconds
[2025-01-29T23:35:55.288+0000] {processor.py:154} INFO - Started process (PID=571) to work on /home/airflow/.local/lib/python3.7/site-packages/airflow/example_dags/example_time_delta_sensor_async.py
[2025-01-29T23:35:55.289+0000] {processor.py:756} INFO - Processing file /home/airflow/.local/lib/python3.7/site-packages/airflow/example_dags/example_time_delta_sensor_async.py for tasks to queue
[2025-01-29T23:35:55.290+0000] {logging_mixin.py:120} INFO - [2025-01-29T23:35:55.290+0000] {dagbag.py:537} INFO - Filling up the DagBag from /home/airflow/.local/lib/python3.7/site-packages/airflow/example_dags/example_time_delta_sensor_async.py
[2025-01-29T23:35:55.304+0000] {processor.py:766} INFO - DAG(s) dict_keys(['example_time_delta_sensor_async']) retrieved from /home/airflow/.local/lib/python3.7/site-packages/airflow/example_dags/example_time_delta_sensor_async.py
[2025-01-29T23:35:55.354+0000] {logging_mixin.py:120} INFO - [2025-01-29T23:35:55.354+0000] {dag.py:2585} INFO - Sync 1 DAGs
[2025-01-29T23:35:55.389+0000] {logging_mixin.py:120} INFO - [2025-01-29T23:35:55.389+0000] {dag.py:3340} INFO - Setting next_dagrun for example_time_delta_sensor_async to None, run_after=None
[2025-01-29T23:35:55.415+0000] {processor.py:176} INFO - Processing /home/airflow/.local/lib/python3.7/site-packages/airflow/example_dags/example_time_delta_sensor_async.py took 0.130 seconds
[2025-01-29T23:36:25.438+0000] {processor.py:154} INFO - Started process (PID=626) to work on /home/airflow/.local/lib/python3.7/site-packages/airflow/example_dags/example_time_delta_sensor_async.py
[2025-01-29T23:36:25.439+0000] {processor.py:756} INFO - Processing file /home/airflow/.local/lib/python3.7/site-packages/airflow/example_dags/example_time_delta_sensor_async.py for tasks to queue
[2025-01-29T23:36:25.440+0000] {logging_mixin.py:120} INFO - [2025-01-29T23:36:25.440+0000] {dagbag.py:537} INFO - Filling up the DagBag from /home/airflow/.local/lib/python3.7/site-packages/airflow/example_dags/example_time_delta_sensor_async.py
[2025-01-29T23:36:25.452+0000] {processor.py:766} INFO - DAG(s) dict_keys(['example_time_delta_sensor_async']) retrieved from /home/airflow/.local/lib/python3.7/site-packages/airflow/example_dags/example_time_delta_sensor_async.py
[2025-01-29T23:36:25.675+0000] {logging_mixin.py:120} INFO - [2025-01-29T23:36:25.674+0000] {dag.py:2585} INFO - Sync 1 DAGs
[2025-01-29T23:36:25.714+0000] {logging_mixin.py:120} INFO - [2025-01-29T23:36:25.713+0000] {dag.py:3340} INFO - Setting next_dagrun for example_time_delta_sensor_async to None, run_after=None
[2025-01-29T23:36:25.743+0000] {processor.py:176} INFO - Processing /home/airflow/.local/lib/python3.7/site-packages/airflow/example_dags/example_time_delta_sensor_async.py took 0.307 seconds
[2025-01-29T23:36:55.805+0000] {processor.py:154} INFO - Started process (PID=691) to work on /home/airflow/.local/lib/python3.7/site-packages/airflow/example_dags/example_time_delta_sensor_async.py
[2025-01-29T23:36:55.806+0000] {processor.py:756} INFO - Processing file /home/airflow/.local/lib/python3.7/site-packages/airflow/example_dags/example_time_delta_sensor_async.py for tasks to queue
[2025-01-29T23:36:55.806+0000] {logging_mixin.py:120} INFO - [2025-01-29T23:36:55.806+0000] {dagbag.py:537} INFO - Filling up the DagBag from /home/airflow/.local/lib/python3.7/site-packages/airflow/example_dags/example_time_delta_sensor_async.py
[2025-01-29T23:36:55.818+0000] {processor.py:766} INFO - DAG(s) dict_keys(['example_time_delta_sensor_async']) retrieved from /home/airflow/.local/lib/python3.7/site-packages/airflow/example_dags/example_time_delta_sensor_async.py
[2025-01-29T23:36:56.024+0000] {logging_mixin.py:120} INFO - [2025-01-29T23:36:56.024+0000] {dag.py:2585} INFO - Sync 1 DAGs
[2025-01-29T23:36:56.056+0000] {logging_mixin.py:120} INFO - [2025-01-29T23:36:56.056+0000] {dag.py:3340} INFO - Setting next_dagrun for example_time_delta_sensor_async to None, run_after=None
[2025-01-29T23:36:56.080+0000] {processor.py:176} INFO - Processing /home/airflow/.local/lib/python3.7/site-packages/airflow/example_dags/example_time_delta_sensor_async.py took 0.278 seconds
[2025-01-29T23:37:26.252+0000] {processor.py:154} INFO - Started process (PID=755) to work on /home/airflow/.local/lib/python3.7/site-packages/airflow/example_dags/example_time_delta_sensor_async.py
[2025-01-29T23:37:26.253+0000] {processor.py:756} INFO - Processing file /home/airflow/.local/lib/python3.7/site-packages/airflow/example_dags/example_time_delta_sensor_async.py for tasks to queue
[2025-01-29T23:37:26.253+0000] {logging_mixin.py:120} INFO - [2025-01-29T23:37:26.253+0000] {dagbag.py:537} INFO - Filling up the DagBag from /home/airflow/.local/lib/python3.7/site-packages/airflow/example_dags/example_time_delta_sensor_async.py
[2025-01-29T23:37:26.264+0000] {processor.py:766} INFO - DAG(s) dict_keys(['example_time_delta_sensor_async']) retrieved from /home/airflow/.local/lib/python3.7/site-packages/airflow/example_dags/example_time_delta_sensor_async.py
[2025-01-29T23:37:26.466+0000] {logging_mixin.py:120} INFO - [2025-01-29T23:37:26.466+0000] {dag.py:2585} INFO - Sync 1 DAGs
[2025-01-29T23:37:26.501+0000] {logging_mixin.py:120} INFO - [2025-01-29T23:37:26.500+0000] {dag.py:3340} INFO - Setting next_dagrun for example_time_delta_sensor_async to None, run_after=None
[2025-01-29T23:37:26.526+0000] {processor.py:176} INFO - Processing /home/airflow/.local/lib/python3.7/site-packages/airflow/example_dags/example_time_delta_sensor_async.py took 0.277 seconds
[2025-01-29T23:37:56.662+0000] {processor.py:154} INFO - Started process (PID=808) to work on /home/airflow/.local/lib/python3.7/site-packages/airflow/example_dags/example_time_delta_sensor_async.py
[2025-01-29T23:37:56.663+0000] {processor.py:756} INFO - Processing file /home/airflow/.local/lib/python3.7/site-packages/airflow/example_dags/example_time_delta_sensor_async.py for tasks to queue
[2025-01-29T23:37:56.664+0000] {logging_mixin.py:120} INFO - [2025-01-29T23:37:56.664+0000] {dagbag.py:537} INFO - Filling up the DagBag from /home/airflow/.local/lib/python3.7/site-packages/airflow/example_dags/example_time_delta_sensor_async.py
[2025-01-29T23:37:56.675+0000] {processor.py:766} INFO - DAG(s) dict_keys(['example_time_delta_sensor_async']) retrieved from /home/airflow/.local/lib/python3.7/site-packages/airflow/example_dags/example_time_delta_sensor_async.py
[2025-01-29T23:37:56.909+0000] {logging_mixin.py:120} INFO - [2025-01-29T23:37:56.909+0000] {dag.py:2585} INFO - Sync 1 DAGs
[2025-01-29T23:37:56.973+0000] {logging_mixin.py:120} INFO - [2025-01-29T23:37:56.973+0000] {dag.py:3340} INFO - Setting next_dagrun for example_time_delta_sensor_async to None, run_after=None
[2025-01-29T23:37:57.024+0000] {processor.py:176} INFO - Processing /home/airflow/.local/lib/python3.7/site-packages/airflow/example_dags/example_time_delta_sensor_async.py took 0.365 seconds
[2025-01-29T23:38:27.950+0000] {processor.py:154} INFO - Started process (PID=872) to work on /home/airflow/.local/lib/python3.7/site-packages/airflow/example_dags/example_time_delta_sensor_async.py
[2025-01-29T23:38:27.951+0000] {processor.py:756} INFO - Processing file /home/airflow/.local/lib/python3.7/site-packages/airflow/example_dags/example_time_delta_sensor_async.py for tasks to queue
[2025-01-29T23:38:27.952+0000] {logging_mixin.py:120} INFO - [2025-01-29T23:38:27.952+0000] {dagbag.py:537} INFO - Filling up the DagBag from /home/airflow/.local/lib/python3.7/site-packages/airflow/example_dags/example_time_delta_sensor_async.py
[2025-01-29T23:38:27.964+0000] {processor.py:766} INFO - DAG(s) dict_keys(['example_time_delta_sensor_async']) retrieved from /home/airflow/.local/lib/python3.7/site-packages/airflow/example_dags/example_time_delta_sensor_async.py
[2025-01-29T23:38:28.171+0000] {logging_mixin.py:120} INFO - [2025-01-29T23:38:28.171+0000] {dag.py:2585} INFO - Sync 1 DAGs
[2025-01-29T23:38:28.204+0000] {logging_mixin.py:120} INFO - [2025-01-29T23:38:28.204+0000] {dag.py:3340} INFO - Setting next_dagrun for example_time_delta_sensor_async to None, run_after=None
[2025-01-29T23:38:28.231+0000] {processor.py:176} INFO - Processing /home/airflow/.local/lib/python3.7/site-packages/airflow/example_dags/example_time_delta_sensor_async.py took 0.283 seconds
[2025-01-29T23:38:58.488+0000] {processor.py:154} INFO - Started process (PID=936) to work on /home/airflow/.local/lib/python3.7/site-packages/airflow/example_dags/example_time_delta_sensor_async.py
[2025-01-29T23:38:58.489+0000] {processor.py:756} INFO - Processing file /home/airflow/.local/lib/python3.7/site-packages/airflow/example_dags/example_time_delta_sensor_async.py for tasks to queue
[2025-01-29T23:38:58.490+0000] {logging_mixin.py:120} INFO - [2025-01-29T23:38:58.490+0000] {dagbag.py:537} INFO - Filling up the DagBag from /home/airflow/.local/lib/python3.7/site-packages/airflow/example_dags/example_time_delta_sensor_async.py
[2025-01-29T23:38:58.507+0000] {processor.py:766} INFO - DAG(s) dict_keys(['example_time_delta_sensor_async']) retrieved from /home/airflow/.local/lib/python3.7/site-packages/airflow/example_dags/example_time_delta_sensor_async.py
[2025-01-29T23:38:58.815+0000] {logging_mixin.py:120} INFO - [2025-01-29T23:38:58.815+0000] {dag.py:2585} INFO - Sync 1 DAGs
[2025-01-29T23:38:58.847+0000] {logging_mixin.py:120} INFO - [2025-01-29T23:38:58.847+0000] {dag.py:3340} INFO - Setting next_dagrun for example_time_delta_sensor_async to None, run_after=None
[2025-01-29T23:38:58.872+0000] {processor.py:176} INFO - Processing /home/airflow/.local/lib/python3.7/site-packages/airflow/example_dags/example_time_delta_sensor_async.py took 0.388 seconds
[2025-01-29T23:39:29.436+0000] {processor.py:154} INFO - Started process (PID=998) to work on /home/airflow/.local/lib/python3.7/site-packages/airflow/example_dags/example_time_delta_sensor_async.py
[2025-01-29T23:39:29.437+0000] {processor.py:756} INFO - Processing file /home/airflow/.local/lib/python3.7/site-packages/airflow/example_dags/example_time_delta_sensor_async.py for tasks to queue
[2025-01-29T23:39:29.438+0000] {logging_mixin.py:120} INFO - [2025-01-29T23:39:29.438+0000] {dagbag.py:537} INFO - Filling up the DagBag from /home/airflow/.local/lib/python3.7/site-packages/airflow/example_dags/example_time_delta_sensor_async.py
[2025-01-29T23:39:29.449+0000] {processor.py:766} INFO - DAG(s) dict_keys(['example_time_delta_sensor_async']) retrieved from /home/airflow/.local/lib/python3.7/site-packages/airflow/example_dags/example_time_delta_sensor_async.py
[2025-01-29T23:39:29.677+0000] {logging_mixin.py:120} INFO - [2025-01-29T23:39:29.677+0000] {dag.py:2585} INFO - Sync 1 DAGs
[2025-01-29T23:39:29.716+0000] {logging_mixin.py:120} INFO - [2025-01-29T23:39:29.715+0000] {dag.py:3340} INFO - Setting next_dagrun for example_time_delta_sensor_async to None, run_after=None
[2025-01-29T23:39:29.751+0000] {processor.py:176} INFO - Processing /home/airflow/.local/lib/python3.7/site-packages/airflow/example_dags/example_time_delta_sensor_async.py took 0.318 seconds
[2025-01-29T23:39:59.842+0000] {processor.py:154} INFO - Started process (PID=1055) to work on /home/airflow/.local/lib/python3.7/site-packages/airflow/example_dags/example_time_delta_sensor_async.py
[2025-01-29T23:39:59.843+0000] {processor.py:756} INFO - Processing file /home/airflow/.local/lib/python3.7/site-packages/airflow/example_dags/example_time_delta_sensor_async.py for tasks to queue
[2025-01-29T23:39:59.844+0000] {logging_mixin.py:120} INFO - [2025-01-29T23:39:59.844+0000] {dagbag.py:537} INFO - Filling up the DagBag from /home/airflow/.local/lib/python3.7/site-packages/airflow/example_dags/example_time_delta_sensor_async.py
[2025-01-29T23:39:59.856+0000] {processor.py:766} INFO - DAG(s) dict_keys(['example_time_delta_sensor_async']) retrieved from /home/airflow/.local/lib/python3.7/site-packages/airflow/example_dags/example_time_delta_sensor_async.py
[2025-01-29T23:40:00.056+0000] {logging_mixin.py:120} INFO - [2025-01-29T23:40:00.056+0000] {dag.py:2585} INFO - Sync 1 DAGs
[2025-01-29T23:40:00.087+0000] {logging_mixin.py:120} INFO - [2025-01-29T23:40:00.087+0000] {dag.py:3340} INFO - Setting next_dagrun for example_time_delta_sensor_async to None, run_after=None
[2025-01-29T23:40:00.109+0000] {processor.py:176} INFO - Processing /home/airflow/.local/lib/python3.7/site-packages/airflow/example_dags/example_time_delta_sensor_async.py took 0.269 seconds
[2025-01-29T23:40:30.229+0000] {processor.py:154} INFO - Started process (PID=1119) to work on /home/airflow/.local/lib/python3.7/site-packages/airflow/example_dags/example_time_delta_sensor_async.py
[2025-01-29T23:40:30.230+0000] {processor.py:756} INFO - Processing file /home/airflow/.local/lib/python3.7/site-packages/airflow/example_dags/example_time_delta_sensor_async.py for tasks to queue
[2025-01-29T23:40:30.231+0000] {logging_mixin.py:120} INFO - [2025-01-29T23:40:30.230+0000] {dagbag.py:537} INFO - Filling up the DagBag from /home/airflow/.local/lib/python3.7/site-packages/airflow/example_dags/example_time_delta_sensor_async.py
[2025-01-29T23:40:30.243+0000] {processor.py:766} INFO - DAG(s) dict_keys(['example_time_delta_sensor_async']) retrieved from /home/airflow/.local/lib/python3.7/site-packages/airflow/example_dags/example_time_delta_sensor_async.py
[2025-01-29T23:40:30.455+0000] {logging_mixin.py:120} INFO - [2025-01-29T23:40:30.455+0000] {dag.py:2585} INFO - Sync 1 DAGs
[2025-01-29T23:40:30.487+0000] {logging_mixin.py:120} INFO - [2025-01-29T23:40:30.486+0000] {dag.py:3340} INFO - Setting next_dagrun for example_time_delta_sensor_async to None, run_after=None
[2025-01-29T23:40:30.509+0000] {processor.py:176} INFO - Processing /home/airflow/.local/lib/python3.7/site-packages/airflow/example_dags/example_time_delta_sensor_async.py took 0.284 seconds
[2025-01-29T23:41:00.825+0000] {processor.py:154} INFO - Started process (PID=1183) to work on /home/airflow/.local/lib/python3.7/site-packages/airflow/example_dags/example_time_delta_sensor_async.py
[2025-01-29T23:41:00.827+0000] {processor.py:756} INFO - Processing file /home/airflow/.local/lib/python3.7/site-packages/airflow/example_dags/example_time_delta_sensor_async.py for tasks to queue
[2025-01-29T23:41:00.828+0000] {logging_mixin.py:120} INFO - [2025-01-29T23:41:00.828+0000] {dagbag.py:537} INFO - Filling up the DagBag from /home/airflow/.local/lib/python3.7/site-packages/airflow/example_dags/example_time_delta_sensor_async.py
[2025-01-29T23:41:00.847+0000] {processor.py:766} INFO - DAG(s) dict_keys(['example_time_delta_sensor_async']) retrieved from /home/airflow/.local/lib/python3.7/site-packages/airflow/example_dags/example_time_delta_sensor_async.py
[2025-01-29T23:41:01.051+0000] {logging_mixin.py:120} INFO - [2025-01-29T23:41:01.051+0000] {dag.py:2585} INFO - Sync 1 DAGs
[2025-01-29T23:41:01.091+0000] {logging_mixin.py:120} INFO - [2025-01-29T23:41:01.091+0000] {dag.py:3340} INFO - Setting next_dagrun for example_time_delta_sensor_async to None, run_after=None
[2025-01-29T23:41:01.123+0000] {processor.py:176} INFO - Processing /home/airflow/.local/lib/python3.7/site-packages/airflow/example_dags/example_time_delta_sensor_async.py took 0.300 seconds
[2025-01-29T23:41:31.523+0000] {processor.py:154} INFO - Started process (PID=1238) to work on /home/airflow/.local/lib/python3.7/site-packages/airflow/example_dags/example_time_delta_sensor_async.py
[2025-01-29T23:41:31.525+0000] {processor.py:756} INFO - Processing file /home/airflow/.local/lib/python3.7/site-packages/airflow/example_dags/example_time_delta_sensor_async.py for tasks to queue
[2025-01-29T23:41:31.525+0000] {logging_mixin.py:120} INFO - [2025-01-29T23:41:31.525+0000] {dagbag.py:537} INFO - Filling up the DagBag from /home/airflow/.local/lib/python3.7/site-packages/airflow/example_dags/example_time_delta_sensor_async.py
[2025-01-29T23:41:31.536+0000] {processor.py:766} INFO - DAG(s) dict_keys(['example_time_delta_sensor_async']) retrieved from /home/airflow/.local/lib/python3.7/site-packages/airflow/example_dags/example_time_delta_sensor_async.py
[2025-01-29T23:41:31.742+0000] {logging_mixin.py:120} INFO - [2025-01-29T23:41:31.742+0000] {dag.py:2585} INFO - Sync 1 DAGs
[2025-01-29T23:41:31.773+0000] {logging_mixin.py:120} INFO - [2025-01-29T23:41:31.773+0000] {dag.py:3340} INFO - Setting next_dagrun for example_time_delta_sensor_async to None, run_after=None
[2025-01-29T23:41:31.795+0000] {processor.py:176} INFO - Processing /home/airflow/.local/lib/python3.7/site-packages/airflow/example_dags/example_time_delta_sensor_async.py took 0.275 seconds
[2025-01-29T23:42:02.389+0000] {processor.py:154} INFO - Started process (PID=1303) to work on /home/airflow/.local/lib/python3.7/site-packages/airflow/example_dags/example_time_delta_sensor_async.py
[2025-01-29T23:42:02.390+0000] {processor.py:756} INFO - Processing file /home/airflow/.local/lib/python3.7/site-packages/airflow/example_dags/example_time_delta_sensor_async.py for tasks to queue
[2025-01-29T23:42:02.391+0000] {logging_mixin.py:120} INFO - [2025-01-29T23:42:02.391+0000] {dagbag.py:537} INFO - Filling up the DagBag from /home/airflow/.local/lib/python3.7/site-packages/airflow/example_dags/example_time_delta_sensor_async.py
[2025-01-29T23:42:02.404+0000] {processor.py:766} INFO - DAG(s) dict_keys(['example_time_delta_sensor_async']) retrieved from /home/airflow/.local/lib/python3.7/site-packages/airflow/example_dags/example_time_delta_sensor_async.py
[2025-01-29T23:42:02.619+0000] {logging_mixin.py:120} INFO - [2025-01-29T23:42:02.619+0000] {dag.py:2585} INFO - Sync 1 DAGs
[2025-01-29T23:42:02.657+0000] {logging_mixin.py:120} INFO - [2025-01-29T23:42:02.657+0000] {dag.py:3340} INFO - Setting next_dagrun for example_time_delta_sensor_async to None, run_after=None
[2025-01-29T23:42:02.687+0000] {processor.py:176} INFO - Processing /home/airflow/.local/lib/python3.7/site-packages/airflow/example_dags/example_time_delta_sensor_async.py took 0.302 seconds
[2025-01-29T23:42:33.285+0000] {processor.py:154} INFO - Started process (PID=1367) to work on /home/airflow/.local/lib/python3.7/site-packages/airflow/example_dags/example_time_delta_sensor_async.py
[2025-01-29T23:42:33.286+0000] {processor.py:756} INFO - Processing file /home/airflow/.local/lib/python3.7/site-packages/airflow/example_dags/example_time_delta_sensor_async.py for tasks to queue
[2025-01-29T23:42:33.287+0000] {logging_mixin.py:120} INFO - [2025-01-29T23:42:33.287+0000] {dagbag.py:537} INFO - Filling up the DagBag from /home/airflow/.local/lib/python3.7/site-packages/airflow/example_dags/example_time_delta_sensor_async.py
[2025-01-29T23:42:33.301+0000] {processor.py:766} INFO - DAG(s) dict_keys(['example_time_delta_sensor_async']) retrieved from /home/airflow/.local/lib/python3.7/site-packages/airflow/example_dags/example_time_delta_sensor_async.py
[2025-01-29T23:42:33.508+0000] {logging_mixin.py:120} INFO - [2025-01-29T23:42:33.508+0000] {dag.py:2585} INFO - Sync 1 DAGs
[2025-01-29T23:42:33.542+0000] {logging_mixin.py:120} INFO - [2025-01-29T23:42:33.542+0000] {dag.py:3340} INFO - Setting next_dagrun for example_time_delta_sensor_async to None, run_after=None
[2025-01-29T23:42:33.569+0000] {processor.py:176} INFO - Processing /home/airflow/.local/lib/python3.7/site-packages/airflow/example_dags/example_time_delta_sensor_async.py took 0.287 seconds
[2025-01-29T23:43:03.930+0000] {processor.py:154} INFO - Started process (PID=1423) to work on /home/airflow/.local/lib/python3.7/site-packages/airflow/example_dags/example_time_delta_sensor_async.py
[2025-01-29T23:43:03.931+0000] {processor.py:756} INFO - Processing file /home/airflow/.local/lib/python3.7/site-packages/airflow/example_dags/example_time_delta_sensor_async.py for tasks to queue
[2025-01-29T23:43:03.931+0000] {logging_mixin.py:120} INFO - [2025-01-29T23:43:03.931+0000] {dagbag.py:537} INFO - Filling up the DagBag from /home/airflow/.local/lib/python3.7/site-packages/airflow/example_dags/example_time_delta_sensor_async.py
[2025-01-29T23:43:03.942+0000] {processor.py:766} INFO - DAG(s) dict_keys(['example_time_delta_sensor_async']) retrieved from /home/airflow/.local/lib/python3.7/site-packages/airflow/example_dags/example_time_delta_sensor_async.py
[2025-01-29T23:43:04.158+0000] {logging_mixin.py:120} INFO - [2025-01-29T23:43:04.157+0000] {dag.py:2585} INFO - Sync 1 DAGs
[2025-01-29T23:43:04.193+0000] {logging_mixin.py:120} INFO - [2025-01-29T23:43:04.193+0000] {dag.py:3340} INFO - Setting next_dagrun for example_time_delta_sensor_async to None, run_after=None
[2025-01-29T23:43:04.219+0000] {processor.py:176} INFO - Processing /home/airflow/.local/lib/python3.7/site-packages/airflow/example_dags/example_time_delta_sensor_async.py took 0.293 seconds
[2025-01-29T23:43:34.707+0000] {processor.py:154} INFO - Started process (PID=1487) to work on /home/airflow/.local/lib/python3.7/site-packages/airflow/example_dags/example_time_delta_sensor_async.py
[2025-01-29T23:43:34.709+0000] {processor.py:756} INFO - Processing file /home/airflow/.local/lib/python3.7/site-packages/airflow/example_dags/example_time_delta_sensor_async.py for tasks to queue
[2025-01-29T23:43:34.709+0000] {logging_mixin.py:120} INFO - [2025-01-29T23:43:34.709+0000] {dagbag.py:537} INFO - Filling up the DagBag from /home/airflow/.local/lib/python3.7/site-packages/airflow/example_dags/example_time_delta_sensor_async.py
[2025-01-29T23:43:34.720+0000] {processor.py:766} INFO - DAG(s) dict_keys(['example_time_delta_sensor_async']) retrieved from /home/airflow/.local/lib/python3.7/site-packages/airflow/example_dags/example_time_delta_sensor_async.py
[2025-01-29T23:43:34.922+0000] {logging_mixin.py:120} INFO - [2025-01-29T23:43:34.922+0000] {dag.py:2585} INFO - Sync 1 DAGs
[2025-01-29T23:43:34.954+0000] {logging_mixin.py:120} INFO - [2025-01-29T23:43:34.954+0000] {dag.py:3340} INFO - Setting next_dagrun for example_time_delta_sensor_async to None, run_after=None
[2025-01-29T23:43:34.978+0000] {processor.py:176} INFO - Processing /home/airflow/.local/lib/python3.7/site-packages/airflow/example_dags/example_time_delta_sensor_async.py took 0.273 seconds
[2025-01-29T23:44:05.252+0000] {processor.py:154} INFO - Started process (PID=1551) to work on /home/airflow/.local/lib/python3.7/site-packages/airflow/example_dags/example_time_delta_sensor_async.py
[2025-01-29T23:44:05.253+0000] {processor.py:756} INFO - Processing file /home/airflow/.local/lib/python3.7/site-packages/airflow/example_dags/example_time_delta_sensor_async.py for tasks to queue
[2025-01-29T23:44:05.254+0000] {logging_mixin.py:120} INFO - [2025-01-29T23:44:05.254+0000] {dagbag.py:537} INFO - Filling up the DagBag from /home/airflow/.local/lib/python3.7/site-packages/airflow/example_dags/example_time_delta_sensor_async.py
[2025-01-29T23:44:05.268+0000] {processor.py:766} INFO - DAG(s) dict_keys(['example_time_delta_sensor_async']) retrieved from /home/airflow/.local/lib/python3.7/site-packages/airflow/example_dags/example_time_delta_sensor_async.py
[2025-01-29T23:44:05.471+0000] {logging_mixin.py:120} INFO - [2025-01-29T23:44:05.471+0000] {dag.py:2585} INFO - Sync 1 DAGs
[2025-01-29T23:44:05.503+0000] {logging_mixin.py:120} INFO - [2025-01-29T23:44:05.503+0000] {dag.py:3340} INFO - Setting next_dagrun for example_time_delta_sensor_async to None, run_after=None
[2025-01-29T23:44:05.526+0000] {processor.py:176} INFO - Processing /home/airflow/.local/lib/python3.7/site-packages/airflow/example_dags/example_time_delta_sensor_async.py took 0.277 seconds
[2025-01-29T23:44:35.784+0000] {processor.py:154} INFO - Started process (PID=1615) to work on /home/airflow/.local/lib/python3.7/site-packages/airflow/example_dags/example_time_delta_sensor_async.py
[2025-01-29T23:44:35.785+0000] {processor.py:756} INFO - Processing file /home/airflow/.local/lib/python3.7/site-packages/airflow/example_dags/example_time_delta_sensor_async.py for tasks to queue
[2025-01-29T23:44:35.786+0000] {logging_mixin.py:120} INFO - [2025-01-29T23:44:35.786+0000] {dagbag.py:537} INFO - Filling up the DagBag from /home/airflow/.local/lib/python3.7/site-packages/airflow/example_dags/example_time_delta_sensor_async.py
[2025-01-29T23:44:35.797+0000] {processor.py:766} INFO - DAG(s) dict_keys(['example_time_delta_sensor_async']) retrieved from /home/airflow/.local/lib/python3.7/site-packages/airflow/example_dags/example_time_delta_sensor_async.py
[2025-01-29T23:44:35.993+0000] {logging_mixin.py:120} INFO - [2025-01-29T23:44:35.993+0000] {dag.py:2585} INFO - Sync 1 DAGs
[2025-01-29T23:44:36.026+0000] {logging_mixin.py:120} INFO - [2025-01-29T23:44:36.026+0000] {dag.py:3340} INFO - Setting next_dagrun for example_time_delta_sensor_async to None, run_after=None
[2025-01-29T23:44:36.048+0000] {processor.py:176} INFO - Processing /home/airflow/.local/lib/python3.7/site-packages/airflow/example_dags/example_time_delta_sensor_async.py took 0.266 seconds
[2025-01-29T23:45:06.337+0000] {processor.py:154} INFO - Started process (PID=1670) to work on /home/airflow/.local/lib/python3.7/site-packages/airflow/example_dags/example_time_delta_sensor_async.py
[2025-01-29T23:45:06.338+0000] {processor.py:756} INFO - Processing file /home/airflow/.local/lib/python3.7/site-packages/airflow/example_dags/example_time_delta_sensor_async.py for tasks to queue
[2025-01-29T23:45:06.338+0000] {logging_mixin.py:120} INFO - [2025-01-29T23:45:06.338+0000] {dagbag.py:537} INFO - Filling up the DagBag from /home/airflow/.local/lib/python3.7/site-packages/airflow/example_dags/example_time_delta_sensor_async.py
[2025-01-29T23:45:06.350+0000] {processor.py:766} INFO - DAG(s) dict_keys(['example_time_delta_sensor_async']) retrieved from /home/airflow/.local/lib/python3.7/site-packages/airflow/example_dags/example_time_delta_sensor_async.py
[2025-01-29T23:45:06.556+0000] {logging_mixin.py:120} INFO - [2025-01-29T23:45:06.556+0000] {dag.py:2585} INFO - Sync 1 DAGs
[2025-01-29T23:45:06.589+0000] {logging_mixin.py:120} INFO - [2025-01-29T23:45:06.588+0000] {dag.py:3340} INFO - Setting next_dagrun for example_time_delta_sensor_async to None, run_after=None
[2025-01-29T23:45:06.613+0000] {processor.py:176} INFO - Processing /home/airflow/.local/lib/python3.7/site-packages/airflow/example_dags/example_time_delta_sensor_async.py took 0.279 seconds
[2025-01-29T23:45:37.007+0000] {processor.py:154} INFO - Started process (PID=1734) to work on /home/airflow/.local/lib/python3.7/site-packages/airflow/example_dags/example_time_delta_sensor_async.py
[2025-01-29T23:45:37.008+0000] {processor.py:756} INFO - Processing file /home/airflow/.local/lib/python3.7/site-packages/airflow/example_dags/example_time_delta_sensor_async.py for tasks to queue
[2025-01-29T23:45:37.009+0000] {logging_mixin.py:120} INFO - [2025-01-29T23:45:37.009+0000] {dagbag.py:537} INFO - Filling up the DagBag from /home/airflow/.local/lib/python3.7/site-packages/airflow/example_dags/example_time_delta_sensor_async.py
[2025-01-29T23:45:37.021+0000] {processor.py:766} INFO - DAG(s) dict_keys(['example_time_delta_sensor_async']) retrieved from /home/airflow/.local/lib/python3.7/site-packages/airflow/example_dags/example_time_delta_sensor_async.py
[2025-01-29T23:45:37.237+0000] {logging_mixin.py:120} INFO - [2025-01-29T23:45:37.236+0000] {dag.py:2585} INFO - Sync 1 DAGs
[2025-01-29T23:45:37.268+0000] {logging_mixin.py:120} INFO - [2025-01-29T23:45:37.268+0000] {dag.py:3340} INFO - Setting next_dagrun for example_time_delta_sensor_async to None, run_after=None
[2025-01-29T23:45:37.290+0000] {processor.py:176} INFO - Processing /home/airflow/.local/lib/python3.7/site-packages/airflow/example_dags/example_time_delta_sensor_async.py took 0.285 seconds
[2025-01-29T23:46:07.577+0000] {processor.py:154} INFO - Started process (PID=1798) to work on /home/airflow/.local/lib/python3.7/site-packages/airflow/example_dags/example_time_delta_sensor_async.py
[2025-01-29T23:46:07.578+0000] {processor.py:756} INFO - Processing file /home/airflow/.local/lib/python3.7/site-packages/airflow/example_dags/example_time_delta_sensor_async.py for tasks to queue
[2025-01-29T23:46:07.579+0000] {logging_mixin.py:120} INFO - [2025-01-29T23:46:07.578+0000] {dagbag.py:537} INFO - Filling up the DagBag from /home/airflow/.local/lib/python3.7/site-packages/airflow/example_dags/example_time_delta_sensor_async.py
[2025-01-29T23:46:07.590+0000] {processor.py:766} INFO - DAG(s) dict_keys(['example_time_delta_sensor_async']) retrieved from /home/airflow/.local/lib/python3.7/site-packages/airflow/example_dags/example_time_delta_sensor_async.py
[2025-01-29T23:46:07.789+0000] {logging_mixin.py:120} INFO - [2025-01-29T23:46:07.789+0000] {dag.py:2585} INFO - Sync 1 DAGs
[2025-01-29T23:46:07.820+0000] {logging_mixin.py:120} INFO - [2025-01-29T23:46:07.820+0000] {dag.py:3340} INFO - Setting next_dagrun for example_time_delta_sensor_async to None, run_after=None
[2025-01-29T23:46:07.843+0000] {processor.py:176} INFO - Processing /home/airflow/.local/lib/python3.7/site-packages/airflow/example_dags/example_time_delta_sensor_async.py took 0.268 seconds
[2025-01-29T23:46:38.132+0000] {processor.py:154} INFO - Started process (PID=1853) to work on /home/airflow/.local/lib/python3.7/site-packages/airflow/example_dags/example_time_delta_sensor_async.py
[2025-01-29T23:46:38.133+0000] {processor.py:756} INFO - Processing file /home/airflow/.local/lib/python3.7/site-packages/airflow/example_dags/example_time_delta_sensor_async.py for tasks to queue
[2025-01-29T23:46:38.134+0000] {logging_mixin.py:120} INFO - [2025-01-29T23:46:38.134+0000] {dagbag.py:537} INFO - Filling up the DagBag from /home/airflow/.local/lib/python3.7/site-packages/airflow/example_dags/example_time_delta_sensor_async.py
[2025-01-29T23:46:38.147+0000] {processor.py:766} INFO - DAG(s) dict_keys(['example_time_delta_sensor_async']) retrieved from /home/airflow/.local/lib/python3.7/site-packages/airflow/example_dags/example_time_delta_sensor_async.py
[2025-01-29T23:46:38.357+0000] {logging_mixin.py:120} INFO - [2025-01-29T23:46:38.357+0000] {dag.py:2585} INFO - Sync 1 DAGs
[2025-01-29T23:46:38.389+0000] {logging_mixin.py:120} INFO - [2025-01-29T23:46:38.389+0000] {dag.py:3340} INFO - Setting next_dagrun for example_time_delta_sensor_async to None, run_after=None
[2025-01-29T23:46:38.411+0000] {processor.py:176} INFO - Processing /home/airflow/.local/lib/python3.7/site-packages/airflow/example_dags/example_time_delta_sensor_async.py took 0.282 seconds
[2025-01-29T23:47:08.459+0000] {processor.py:154} INFO - Started process (PID=1918) to work on /home/airflow/.local/lib/python3.7/site-packages/airflow/example_dags/example_time_delta_sensor_async.py
[2025-01-29T23:47:08.460+0000] {processor.py:756} INFO - Processing file /home/airflow/.local/lib/python3.7/site-packages/airflow/example_dags/example_time_delta_sensor_async.py for tasks to queue
[2025-01-29T23:47:08.460+0000] {logging_mixin.py:120} INFO - [2025-01-29T23:47:08.460+0000] {dagbag.py:537} INFO - Filling up the DagBag from /home/airflow/.local/lib/python3.7/site-packages/airflow/example_dags/example_time_delta_sensor_async.py
[2025-01-29T23:47:08.474+0000] {processor.py:766} INFO - DAG(s) dict_keys(['example_time_delta_sensor_async']) retrieved from /home/airflow/.local/lib/python3.7/site-packages/airflow/example_dags/example_time_delta_sensor_async.py
[2025-01-29T23:47:08.696+0000] {logging_mixin.py:120} INFO - [2025-01-29T23:47:08.696+0000] {dag.py:2585} INFO - Sync 1 DAGs
[2025-01-29T23:47:08.726+0000] {logging_mixin.py:120} INFO - [2025-01-29T23:47:08.726+0000] {dag.py:3340} INFO - Setting next_dagrun for example_time_delta_sensor_async to None, run_after=None
[2025-01-29T23:47:08.748+0000] {processor.py:176} INFO - Processing /home/airflow/.local/lib/python3.7/site-packages/airflow/example_dags/example_time_delta_sensor_async.py took 0.292 seconds
[2025-01-29T23:47:38.994+0000] {processor.py:154} INFO - Started process (PID=1981) to work on /home/airflow/.local/lib/python3.7/site-packages/airflow/example_dags/example_time_delta_sensor_async.py
[2025-01-29T23:47:38.995+0000] {processor.py:756} INFO - Processing file /home/airflow/.local/lib/python3.7/site-packages/airflow/example_dags/example_time_delta_sensor_async.py for tasks to queue
[2025-01-29T23:47:38.995+0000] {logging_mixin.py:120} INFO - [2025-01-29T23:47:38.995+0000] {dagbag.py:537} INFO - Filling up the DagBag from /home/airflow/.local/lib/python3.7/site-packages/airflow/example_dags/example_time_delta_sensor_async.py
[2025-01-29T23:47:39.011+0000] {processor.py:766} INFO - DAG(s) dict_keys(['example_time_delta_sensor_async']) retrieved from /home/airflow/.local/lib/python3.7/site-packages/airflow/example_dags/example_time_delta_sensor_async.py
[2025-01-29T23:47:39.251+0000] {logging_mixin.py:120} INFO - [2025-01-29T23:47:39.251+0000] {dag.py:2585} INFO - Sync 1 DAGs
[2025-01-29T23:47:39.282+0000] {logging_mixin.py:120} INFO - [2025-01-29T23:47:39.281+0000] {dag.py:3340} INFO - Setting next_dagrun for example_time_delta_sensor_async to None, run_after=None
[2025-01-29T23:47:39.304+0000] {processor.py:176} INFO - Processing /home/airflow/.local/lib/python3.7/site-packages/airflow/example_dags/example_time_delta_sensor_async.py took 0.313 seconds
[2025-01-29T23:48:09.925+0000] {processor.py:154} INFO - Started process (PID=2045) to work on /home/airflow/.local/lib/python3.7/site-packages/airflow/example_dags/example_time_delta_sensor_async.py
[2025-01-29T23:48:09.926+0000] {processor.py:756} INFO - Processing file /home/airflow/.local/lib/python3.7/site-packages/airflow/example_dags/example_time_delta_sensor_async.py for tasks to queue
[2025-01-29T23:48:09.926+0000] {logging_mixin.py:120} INFO - [2025-01-29T23:48:09.926+0000] {dagbag.py:537} INFO - Filling up the DagBag from /home/airflow/.local/lib/python3.7/site-packages/airflow/example_dags/example_time_delta_sensor_async.py
[2025-01-29T23:48:09.937+0000] {processor.py:766} INFO - DAG(s) dict_keys(['example_time_delta_sensor_async']) retrieved from /home/airflow/.local/lib/python3.7/site-packages/airflow/example_dags/example_time_delta_sensor_async.py
[2025-01-29T23:48:10.144+0000] {logging_mixin.py:120} INFO - [2025-01-29T23:48:10.144+0000] {dag.py:2585} INFO - Sync 1 DAGs
[2025-01-29T23:48:10.181+0000] {logging_mixin.py:120} INFO - [2025-01-29T23:48:10.181+0000] {dag.py:3340} INFO - Setting next_dagrun for example_time_delta_sensor_async to None, run_after=None
[2025-01-29T23:48:10.220+0000] {processor.py:176} INFO - Processing /home/airflow/.local/lib/python3.7/site-packages/airflow/example_dags/example_time_delta_sensor_async.py took 0.298 seconds
[2025-01-29T23:48:40.726+0000] {processor.py:154} INFO - Started process (PID=2100) to work on /home/airflow/.local/lib/python3.7/site-packages/airflow/example_dags/example_time_delta_sensor_async.py
[2025-01-29T23:48:40.726+0000] {processor.py:756} INFO - Processing file /home/airflow/.local/lib/python3.7/site-packages/airflow/example_dags/example_time_delta_sensor_async.py for tasks to queue
[2025-01-29T23:48:40.727+0000] {logging_mixin.py:120} INFO - [2025-01-29T23:48:40.727+0000] {dagbag.py:537} INFO - Filling up the DagBag from /home/airflow/.local/lib/python3.7/site-packages/airflow/example_dags/example_time_delta_sensor_async.py
[2025-01-29T23:48:40.738+0000] {processor.py:766} INFO - DAG(s) dict_keys(['example_time_delta_sensor_async']) retrieved from /home/airflow/.local/lib/python3.7/site-packages/airflow/example_dags/example_time_delta_sensor_async.py
[2025-01-29T23:48:40.936+0000] {logging_mixin.py:120} INFO - [2025-01-29T23:48:40.935+0000] {dag.py:2585} INFO - Sync 1 DAGs
[2025-01-29T23:48:40.967+0000] {logging_mixin.py:120} INFO - [2025-01-29T23:48:40.967+0000] {dag.py:3340} INFO - Setting next_dagrun for example_time_delta_sensor_async to None, run_after=None
[2025-01-29T23:48:40.990+0000] {processor.py:176} INFO - Processing /home/airflow/.local/lib/python3.7/site-packages/airflow/example_dags/example_time_delta_sensor_async.py took 0.267 seconds
[2025-01-29T23:49:11.250+0000] {processor.py:154} INFO - Started process (PID=2164) to work on /home/airflow/.local/lib/python3.7/site-packages/airflow/example_dags/example_time_delta_sensor_async.py
[2025-01-29T23:49:11.251+0000] {processor.py:756} INFO - Processing file /home/airflow/.local/lib/python3.7/site-packages/airflow/example_dags/example_time_delta_sensor_async.py for tasks to queue
[2025-01-29T23:49:11.251+0000] {logging_mixin.py:120} INFO - [2025-01-29T23:49:11.251+0000] {dagbag.py:537} INFO - Filling up the DagBag from /home/airflow/.local/lib/python3.7/site-packages/airflow/example_dags/example_time_delta_sensor_async.py
[2025-01-29T23:49:11.262+0000] {processor.py:766} INFO - DAG(s) dict_keys(['example_time_delta_sensor_async']) retrieved from /home/airflow/.local/lib/python3.7/site-packages/airflow/example_dags/example_time_delta_sensor_async.py
[2025-01-29T23:49:11.465+0000] {logging_mixin.py:120} INFO - [2025-01-29T23:49:11.465+0000] {dag.py:2585} INFO - Sync 1 DAGs
[2025-01-29T23:49:11.498+0000] {logging_mixin.py:120} INFO - [2025-01-29T23:49:11.497+0000] {dag.py:3340} INFO - Setting next_dagrun for example_time_delta_sensor_async to None, run_after=None
[2025-01-29T23:49:11.523+0000] {processor.py:176} INFO - Processing /home/airflow/.local/lib/python3.7/site-packages/airflow/example_dags/example_time_delta_sensor_async.py took 0.276 seconds
[2025-01-29T23:49:41.701+0000] {processor.py:154} INFO - Started process (PID=2229) to work on /home/airflow/.local/lib/python3.7/site-packages/airflow/example_dags/example_time_delta_sensor_async.py
[2025-01-29T23:49:41.702+0000] {processor.py:756} INFO - Processing file /home/airflow/.local/lib/python3.7/site-packages/airflow/example_dags/example_time_delta_sensor_async.py for tasks to queue
[2025-01-29T23:49:41.703+0000] {logging_mixin.py:120} INFO - [2025-01-29T23:49:41.703+0000] {dagbag.py:537} INFO - Filling up the DagBag from /home/airflow/.local/lib/python3.7/site-packages/airflow/example_dags/example_time_delta_sensor_async.py
[2025-01-29T23:49:41.715+0000] {processor.py:766} INFO - DAG(s) dict_keys(['example_time_delta_sensor_async']) retrieved from /home/airflow/.local/lib/python3.7/site-packages/airflow/example_dags/example_time_delta_sensor_async.py
[2025-01-29T23:49:41.932+0000] {logging_mixin.py:120} INFO - [2025-01-29T23:49:41.932+0000] {dag.py:2585} INFO - Sync 1 DAGs
[2025-01-29T23:49:41.962+0000] {logging_mixin.py:120} INFO - [2025-01-29T23:49:41.961+0000] {dag.py:3340} INFO - Setting next_dagrun for example_time_delta_sensor_async to None, run_after=None
[2025-01-29T23:49:41.984+0000] {processor.py:176} INFO - Processing /home/airflow/.local/lib/python3.7/site-packages/airflow/example_dags/example_time_delta_sensor_async.py took 0.286 seconds
[2025-01-29T23:50:12.101+0000] {processor.py:154} INFO - Started process (PID=2285) to work on /home/airflow/.local/lib/python3.7/site-packages/airflow/example_dags/example_time_delta_sensor_async.py
[2025-01-29T23:50:12.102+0000] {processor.py:756} INFO - Processing file /home/airflow/.local/lib/python3.7/site-packages/airflow/example_dags/example_time_delta_sensor_async.py for tasks to queue
[2025-01-29T23:50:12.103+0000] {logging_mixin.py:120} INFO - [2025-01-29T23:50:12.103+0000] {dagbag.py:537} INFO - Filling up the DagBag from /home/airflow/.local/lib/python3.7/site-packages/airflow/example_dags/example_time_delta_sensor_async.py
[2025-01-29T23:50:12.115+0000] {processor.py:766} INFO - DAG(s) dict_keys(['example_time_delta_sensor_async']) retrieved from /home/airflow/.local/lib/python3.7/site-packages/airflow/example_dags/example_time_delta_sensor_async.py
[2025-01-29T23:50:12.324+0000] {logging_mixin.py:120} INFO - [2025-01-29T23:50:12.324+0000] {dag.py:2585} INFO - Sync 1 DAGs
[2025-01-29T23:50:12.353+0000] {logging_mixin.py:120} INFO - [2025-01-29T23:50:12.353+0000] {dag.py:3340} INFO - Setting next_dagrun for example_time_delta_sensor_async to None, run_after=None
[2025-01-29T23:50:12.375+0000] {processor.py:176} INFO - Processing /home/airflow/.local/lib/python3.7/site-packages/airflow/example_dags/example_time_delta_sensor_async.py took 0.276 seconds
[2025-01-29T23:50:42.495+0000] {processor.py:154} INFO - Started process (PID=2349) to work on /home/airflow/.local/lib/python3.7/site-packages/airflow/example_dags/example_time_delta_sensor_async.py
[2025-01-29T23:50:42.496+0000] {processor.py:756} INFO - Processing file /home/airflow/.local/lib/python3.7/site-packages/airflow/example_dags/example_time_delta_sensor_async.py for tasks to queue
[2025-01-29T23:50:42.497+0000] {logging_mixin.py:120} INFO - [2025-01-29T23:50:42.497+0000] {dagbag.py:537} INFO - Filling up the DagBag from /home/airflow/.local/lib/python3.7/site-packages/airflow/example_dags/example_time_delta_sensor_async.py
[2025-01-29T23:50:42.508+0000] {processor.py:766} INFO - DAG(s) dict_keys(['example_time_delta_sensor_async']) retrieved from /home/airflow/.local/lib/python3.7/site-packages/airflow/example_dags/example_time_delta_sensor_async.py
[2025-01-29T23:50:42.702+0000] {logging_mixin.py:120} INFO - [2025-01-29T23:50:42.702+0000] {dag.py:2585} INFO - Sync 1 DAGs
[2025-01-29T23:50:42.733+0000] {logging_mixin.py:120} INFO - [2025-01-29T23:50:42.733+0000] {dag.py:3340} INFO - Setting next_dagrun for example_time_delta_sensor_async to None, run_after=None
[2025-01-29T23:50:42.755+0000] {processor.py:176} INFO - Processing /home/airflow/.local/lib/python3.7/site-packages/airflow/example_dags/example_time_delta_sensor_async.py took 0.262 seconds
[2025-01-29T23:51:13.074+0000] {processor.py:154} INFO - Started process (PID=2412) to work on /home/airflow/.local/lib/python3.7/site-packages/airflow/example_dags/example_time_delta_sensor_async.py
[2025-01-29T23:51:13.075+0000] {processor.py:756} INFO - Processing file /home/airflow/.local/lib/python3.7/site-packages/airflow/example_dags/example_time_delta_sensor_async.py for tasks to queue
[2025-01-29T23:51:13.076+0000] {logging_mixin.py:120} INFO - [2025-01-29T23:51:13.076+0000] {dagbag.py:537} INFO - Filling up the DagBag from /home/airflow/.local/lib/python3.7/site-packages/airflow/example_dags/example_time_delta_sensor_async.py
[2025-01-29T23:51:13.087+0000] {processor.py:766} INFO - DAG(s) dict_keys(['example_time_delta_sensor_async']) retrieved from /home/airflow/.local/lib/python3.7/site-packages/airflow/example_dags/example_time_delta_sensor_async.py
[2025-01-29T23:51:13.298+0000] {logging_mixin.py:120} INFO - [2025-01-29T23:51:13.298+0000] {dag.py:2585} INFO - Sync 1 DAGs
[2025-01-29T23:51:13.336+0000] {logging_mixin.py:120} INFO - [2025-01-29T23:51:13.336+0000] {dag.py:3340} INFO - Setting next_dagrun for example_time_delta_sensor_async to None, run_after=None
[2025-01-29T23:51:13.363+0000] {processor.py:176} INFO - Processing /home/airflow/.local/lib/python3.7/site-packages/airflow/example_dags/example_time_delta_sensor_async.py took 0.292 seconds
[2025-01-29T23:51:44.031+0000] {processor.py:154} INFO - Started process (PID=2467) to work on /home/airflow/.local/lib/python3.7/site-packages/airflow/example_dags/example_time_delta_sensor_async.py
[2025-01-29T23:51:44.032+0000] {processor.py:756} INFO - Processing file /home/airflow/.local/lib/python3.7/site-packages/airflow/example_dags/example_time_delta_sensor_async.py for tasks to queue
[2025-01-29T23:51:44.033+0000] {logging_mixin.py:120} INFO - [2025-01-29T23:51:44.033+0000] {dagbag.py:537} INFO - Filling up the DagBag from /home/airflow/.local/lib/python3.7/site-packages/airflow/example_dags/example_time_delta_sensor_async.py
[2025-01-29T23:51:44.044+0000] {processor.py:766} INFO - DAG(s) dict_keys(['example_time_delta_sensor_async']) retrieved from /home/airflow/.local/lib/python3.7/site-packages/airflow/example_dags/example_time_delta_sensor_async.py
[2025-01-29T23:51:44.250+0000] {logging_mixin.py:120} INFO - [2025-01-29T23:51:44.250+0000] {dag.py:2585} INFO - Sync 1 DAGs
[2025-01-29T23:51:44.280+0000] {logging_mixin.py:120} INFO - [2025-01-29T23:51:44.279+0000] {dag.py:3340} INFO - Setting next_dagrun for example_time_delta_sensor_async to None, run_after=None
[2025-01-29T23:51:44.303+0000] {processor.py:176} INFO - Processing /home/airflow/.local/lib/python3.7/site-packages/airflow/example_dags/example_time_delta_sensor_async.py took 0.274 seconds
[2025-01-29T23:52:14.534+0000] {processor.py:154} INFO - Started process (PID=2531) to work on /home/airflow/.local/lib/python3.7/site-packages/airflow/example_dags/example_time_delta_sensor_async.py
[2025-01-29T23:52:14.535+0000] {processor.py:756} INFO - Processing file /home/airflow/.local/lib/python3.7/site-packages/airflow/example_dags/example_time_delta_sensor_async.py for tasks to queue
[2025-01-29T23:52:14.536+0000] {logging_mixin.py:120} INFO - [2025-01-29T23:52:14.536+0000] {dagbag.py:537} INFO - Filling up the DagBag from /home/airflow/.local/lib/python3.7/site-packages/airflow/example_dags/example_time_delta_sensor_async.py
[2025-01-29T23:52:14.546+0000] {processor.py:766} INFO - DAG(s) dict_keys(['example_time_delta_sensor_async']) retrieved from /home/airflow/.local/lib/python3.7/site-packages/airflow/example_dags/example_time_delta_sensor_async.py
[2025-01-29T23:52:14.747+0000] {logging_mixin.py:120} INFO - [2025-01-29T23:52:14.747+0000] {dag.py:2585} INFO - Sync 1 DAGs
[2025-01-29T23:52:14.778+0000] {logging_mixin.py:120} INFO - [2025-01-29T23:52:14.778+0000] {dag.py:3340} INFO - Setting next_dagrun for example_time_delta_sensor_async to None, run_after=None
[2025-01-29T23:52:14.800+0000] {processor.py:176} INFO - Processing /home/airflow/.local/lib/python3.7/site-packages/airflow/example_dags/example_time_delta_sensor_async.py took 0.269 seconds
[2025-01-29T23:52:45.159+0000] {processor.py:154} INFO - Started process (PID=2595) to work on /home/airflow/.local/lib/python3.7/site-packages/airflow/example_dags/example_time_delta_sensor_async.py
[2025-01-29T23:52:45.160+0000] {processor.py:756} INFO - Processing file /home/airflow/.local/lib/python3.7/site-packages/airflow/example_dags/example_time_delta_sensor_async.py for tasks to queue
[2025-01-29T23:52:45.161+0000] {logging_mixin.py:120} INFO - [2025-01-29T23:52:45.161+0000] {dagbag.py:537} INFO - Filling up the DagBag from /home/airflow/.local/lib/python3.7/site-packages/airflow/example_dags/example_time_delta_sensor_async.py
[2025-01-29T23:52:45.174+0000] {processor.py:766} INFO - DAG(s) dict_keys(['example_time_delta_sensor_async']) retrieved from /home/airflow/.local/lib/python3.7/site-packages/airflow/example_dags/example_time_delta_sensor_async.py
[2025-01-29T23:52:45.404+0000] {logging_mixin.py:120} INFO - [2025-01-29T23:52:45.404+0000] {dag.py:2585} INFO - Sync 1 DAGs
[2025-01-29T23:52:45.435+0000] {logging_mixin.py:120} INFO - [2025-01-29T23:52:45.435+0000] {dag.py:3340} INFO - Setting next_dagrun for example_time_delta_sensor_async to None, run_after=None
[2025-01-29T23:52:45.456+0000] {processor.py:176} INFO - Processing /home/airflow/.local/lib/python3.7/site-packages/airflow/example_dags/example_time_delta_sensor_async.py took 0.300 seconds
[2025-01-29T23:53:15.521+0000] {processor.py:154} INFO - Started process (PID=2650) to work on /home/airflow/.local/lib/python3.7/site-packages/airflow/example_dags/example_time_delta_sensor_async.py
[2025-01-29T23:53:15.522+0000] {processor.py:756} INFO - Processing file /home/airflow/.local/lib/python3.7/site-packages/airflow/example_dags/example_time_delta_sensor_async.py for tasks to queue
[2025-01-29T23:53:15.522+0000] {logging_mixin.py:120} INFO - [2025-01-29T23:53:15.522+0000] {dagbag.py:537} INFO - Filling up the DagBag from /home/airflow/.local/lib/python3.7/site-packages/airflow/example_dags/example_time_delta_sensor_async.py
[2025-01-29T23:53:15.533+0000] {processor.py:766} INFO - DAG(s) dict_keys(['example_time_delta_sensor_async']) retrieved from /home/airflow/.local/lib/python3.7/site-packages/airflow/example_dags/example_time_delta_sensor_async.py
[2025-01-29T23:53:15.730+0000] {logging_mixin.py:120} INFO - [2025-01-29T23:53:15.730+0000] {dag.py:2585} INFO - Sync 1 DAGs
[2025-01-29T23:53:15.760+0000] {logging_mixin.py:120} INFO - [2025-01-29T23:53:15.760+0000] {dag.py:3340} INFO - Setting next_dagrun for example_time_delta_sensor_async to None, run_after=None
[2025-01-29T23:53:15.781+0000] {processor.py:176} INFO - Processing /home/airflow/.local/lib/python3.7/site-packages/airflow/example_dags/example_time_delta_sensor_async.py took 0.263 seconds
[2025-01-29T23:53:45.837+0000] {processor.py:154} INFO - Started process (PID=2714) to work on /home/airflow/.local/lib/python3.7/site-packages/airflow/example_dags/example_time_delta_sensor_async.py
[2025-01-29T23:53:45.838+0000] {processor.py:756} INFO - Processing file /home/airflow/.local/lib/python3.7/site-packages/airflow/example_dags/example_time_delta_sensor_async.py for tasks to queue
[2025-01-29T23:53:45.839+0000] {logging_mixin.py:120} INFO - [2025-01-29T23:53:45.839+0000] {dagbag.py:537} INFO - Filling up the DagBag from /home/airflow/.local/lib/python3.7/site-packages/airflow/example_dags/example_time_delta_sensor_async.py
[2025-01-29T23:53:45.852+0000] {processor.py:766} INFO - DAG(s) dict_keys(['example_time_delta_sensor_async']) retrieved from /home/airflow/.local/lib/python3.7/site-packages/airflow/example_dags/example_time_delta_sensor_async.py
[2025-01-29T23:53:46.074+0000] {logging_mixin.py:120} INFO - [2025-01-29T23:53:46.073+0000] {dag.py:2585} INFO - Sync 1 DAGs
[2025-01-29T23:53:46.109+0000] {logging_mixin.py:120} INFO - [2025-01-29T23:53:46.109+0000] {dag.py:3340} INFO - Setting next_dagrun for example_time_delta_sensor_async to None, run_after=None
[2025-01-29T23:53:46.141+0000] {processor.py:176} INFO - Processing /home/airflow/.local/lib/python3.7/site-packages/airflow/example_dags/example_time_delta_sensor_async.py took 0.308 seconds
[2025-01-29T23:54:16.246+0000] {processor.py:154} INFO - Started process (PID=2778) to work on /home/airflow/.local/lib/python3.7/site-packages/airflow/example_dags/example_time_delta_sensor_async.py
[2025-01-29T23:54:16.247+0000] {processor.py:756} INFO - Processing file /home/airflow/.local/lib/python3.7/site-packages/airflow/example_dags/example_time_delta_sensor_async.py for tasks to queue
[2025-01-29T23:54:16.247+0000] {logging_mixin.py:120} INFO - [2025-01-29T23:54:16.247+0000] {dagbag.py:537} INFO - Filling up the DagBag from /home/airflow/.local/lib/python3.7/site-packages/airflow/example_dags/example_time_delta_sensor_async.py
[2025-01-29T23:54:16.262+0000] {processor.py:766} INFO - DAG(s) dict_keys(['example_time_delta_sensor_async']) retrieved from /home/airflow/.local/lib/python3.7/site-packages/airflow/example_dags/example_time_delta_sensor_async.py
[2025-01-29T23:54:16.487+0000] {logging_mixin.py:120} INFO - [2025-01-29T23:54:16.486+0000] {dag.py:2585} INFO - Sync 1 DAGs
[2025-01-29T23:54:16.522+0000] {logging_mixin.py:120} INFO - [2025-01-29T23:54:16.522+0000] {dag.py:3340} INFO - Setting next_dagrun for example_time_delta_sensor_async to None, run_after=None
[2025-01-29T23:54:16.549+0000] {processor.py:176} INFO - Processing /home/airflow/.local/lib/python3.7/site-packages/airflow/example_dags/example_time_delta_sensor_async.py took 0.307 seconds
[2025-01-29T23:54:46.864+0000] {processor.py:154} INFO - Started process (PID=2840) to work on /home/airflow/.local/lib/python3.7/site-packages/airflow/example_dags/example_time_delta_sensor_async.py
[2025-01-29T23:54:46.865+0000] {processor.py:756} INFO - Processing file /home/airflow/.local/lib/python3.7/site-packages/airflow/example_dags/example_time_delta_sensor_async.py for tasks to queue
[2025-01-29T23:54:46.866+0000] {logging_mixin.py:120} INFO - [2025-01-29T23:54:46.866+0000] {dagbag.py:537} INFO - Filling up the DagBag from /home/airflow/.local/lib/python3.7/site-packages/airflow/example_dags/example_time_delta_sensor_async.py
[2025-01-29T23:54:46.877+0000] {processor.py:766} INFO - DAG(s) dict_keys(['example_time_delta_sensor_async']) retrieved from /home/airflow/.local/lib/python3.7/site-packages/airflow/example_dags/example_time_delta_sensor_async.py
[2025-01-29T23:54:47.099+0000] {logging_mixin.py:120} INFO - [2025-01-29T23:54:47.099+0000] {dag.py:2585} INFO - Sync 1 DAGs
[2025-01-29T23:54:47.137+0000] {logging_mixin.py:120} INFO - [2025-01-29T23:54:47.136+0000] {dag.py:3340} INFO - Setting next_dagrun for example_time_delta_sensor_async to None, run_after=None
[2025-01-29T23:54:47.165+0000] {processor.py:176} INFO - Processing /home/airflow/.local/lib/python3.7/site-packages/airflow/example_dags/example_time_delta_sensor_async.py took 0.304 seconds
[2025-01-29T23:55:17.244+0000] {processor.py:154} INFO - Started process (PID=2898) to work on /home/airflow/.local/lib/python3.7/site-packages/airflow/example_dags/example_time_delta_sensor_async.py
[2025-01-29T23:55:17.245+0000] {processor.py:756} INFO - Processing file /home/airflow/.local/lib/python3.7/site-packages/airflow/example_dags/example_time_delta_sensor_async.py for tasks to queue
[2025-01-29T23:55:17.245+0000] {logging_mixin.py:120} INFO - [2025-01-29T23:55:17.245+0000] {dagbag.py:537} INFO - Filling up the DagBag from /home/airflow/.local/lib/python3.7/site-packages/airflow/example_dags/example_time_delta_sensor_async.py
[2025-01-29T23:55:17.256+0000] {processor.py:766} INFO - DAG(s) dict_keys(['example_time_delta_sensor_async']) retrieved from /home/airflow/.local/lib/python3.7/site-packages/airflow/example_dags/example_time_delta_sensor_async.py
[2025-01-29T23:55:17.461+0000] {logging_mixin.py:120} INFO - [2025-01-29T23:55:17.460+0000] {dag.py:2585} INFO - Sync 1 DAGs
[2025-01-29T23:55:17.494+0000] {logging_mixin.py:120} INFO - [2025-01-29T23:55:17.494+0000] {dag.py:3340} INFO - Setting next_dagrun for example_time_delta_sensor_async to None, run_after=None
[2025-01-29T23:55:17.522+0000] {processor.py:176} INFO - Processing /home/airflow/.local/lib/python3.7/site-packages/airflow/example_dags/example_time_delta_sensor_async.py took 0.281 seconds
[2025-01-29T23:55:47.681+0000] {processor.py:154} INFO - Started process (PID=2963) to work on /home/airflow/.local/lib/python3.7/site-packages/airflow/example_dags/example_time_delta_sensor_async.py
[2025-01-29T23:55:47.682+0000] {processor.py:756} INFO - Processing file /home/airflow/.local/lib/python3.7/site-packages/airflow/example_dags/example_time_delta_sensor_async.py for tasks to queue
[2025-01-29T23:55:47.682+0000] {logging_mixin.py:120} INFO - [2025-01-29T23:55:47.682+0000] {dagbag.py:537} INFO - Filling up the DagBag from /home/airflow/.local/lib/python3.7/site-packages/airflow/example_dags/example_time_delta_sensor_async.py
[2025-01-29T23:55:47.694+0000] {processor.py:766} INFO - DAG(s) dict_keys(['example_time_delta_sensor_async']) retrieved from /home/airflow/.local/lib/python3.7/site-packages/airflow/example_dags/example_time_delta_sensor_async.py
[2025-01-29T23:55:47.892+0000] {logging_mixin.py:120} INFO - [2025-01-29T23:55:47.892+0000] {dag.py:2585} INFO - Sync 1 DAGs
[2025-01-29T23:55:47.929+0000] {logging_mixin.py:120} INFO - [2025-01-29T23:55:47.929+0000] {dag.py:3340} INFO - Setting next_dagrun for example_time_delta_sensor_async to None, run_after=None
[2025-01-29T23:55:47.954+0000] {processor.py:176} INFO - Processing /home/airflow/.local/lib/python3.7/site-packages/airflow/example_dags/example_time_delta_sensor_async.py took 0.276 seconds
[2025-01-29T23:56:18.000+0000] {processor.py:154} INFO - Started process (PID=3025) to work on /home/airflow/.local/lib/python3.7/site-packages/airflow/example_dags/example_time_delta_sensor_async.py
[2025-01-29T23:56:18.001+0000] {processor.py:756} INFO - Processing file /home/airflow/.local/lib/python3.7/site-packages/airflow/example_dags/example_time_delta_sensor_async.py for tasks to queue
[2025-01-29T23:56:18.001+0000] {logging_mixin.py:120} INFO - [2025-01-29T23:56:18.001+0000] {dagbag.py:537} INFO - Filling up the DagBag from /home/airflow/.local/lib/python3.7/site-packages/airflow/example_dags/example_time_delta_sensor_async.py
[2025-01-29T23:56:18.013+0000] {processor.py:766} INFO - DAG(s) dict_keys(['example_time_delta_sensor_async']) retrieved from /home/airflow/.local/lib/python3.7/site-packages/airflow/example_dags/example_time_delta_sensor_async.py
[2025-01-29T23:56:18.242+0000] {logging_mixin.py:120} INFO - [2025-01-29T23:56:18.242+0000] {dag.py:2585} INFO - Sync 1 DAGs
[2025-01-29T23:56:18.277+0000] {logging_mixin.py:120} INFO - [2025-01-29T23:56:18.277+0000] {dag.py:3340} INFO - Setting next_dagrun for example_time_delta_sensor_async to None, run_after=None
[2025-01-29T23:56:18.303+0000] {processor.py:176} INFO - Processing /home/airflow/.local/lib/python3.7/site-packages/airflow/example_dags/example_time_delta_sensor_async.py took 0.307 seconds
[2025-01-29T23:56:48.469+0000] {processor.py:154} INFO - Started process (PID=3081) to work on /home/airflow/.local/lib/python3.7/site-packages/airflow/example_dags/example_time_delta_sensor_async.py
[2025-01-29T23:56:48.470+0000] {processor.py:756} INFO - Processing file /home/airflow/.local/lib/python3.7/site-packages/airflow/example_dags/example_time_delta_sensor_async.py for tasks to queue
[2025-01-29T23:56:48.471+0000] {logging_mixin.py:120} INFO - [2025-01-29T23:56:48.471+0000] {dagbag.py:537} INFO - Filling up the DagBag from /home/airflow/.local/lib/python3.7/site-packages/airflow/example_dags/example_time_delta_sensor_async.py
[2025-01-29T23:56:48.484+0000] {processor.py:766} INFO - DAG(s) dict_keys(['example_time_delta_sensor_async']) retrieved from /home/airflow/.local/lib/python3.7/site-packages/airflow/example_dags/example_time_delta_sensor_async.py
[2025-01-29T23:56:48.684+0000] {logging_mixin.py:120} INFO - [2025-01-29T23:56:48.683+0000] {dag.py:2585} INFO - Sync 1 DAGs
[2025-01-29T23:56:48.716+0000] {logging_mixin.py:120} INFO - [2025-01-29T23:56:48.715+0000] {dag.py:3340} INFO - Setting next_dagrun for example_time_delta_sensor_async to None, run_after=None
[2025-01-29T23:56:48.738+0000] {processor.py:176} INFO - Processing /home/airflow/.local/lib/python3.7/site-packages/airflow/example_dags/example_time_delta_sensor_async.py took 0.272 seconds
[2025-01-29T23:57:18.856+0000] {processor.py:154} INFO - Started process (PID=3144) to work on /home/airflow/.local/lib/python3.7/site-packages/airflow/example_dags/example_time_delta_sensor_async.py
[2025-01-29T23:57:18.857+0000] {processor.py:756} INFO - Processing file /home/airflow/.local/lib/python3.7/site-packages/airflow/example_dags/example_time_delta_sensor_async.py for tasks to queue
[2025-01-29T23:57:18.858+0000] {logging_mixin.py:120} INFO - [2025-01-29T23:57:18.858+0000] {dagbag.py:537} INFO - Filling up the DagBag from /home/airflow/.local/lib/python3.7/site-packages/airflow/example_dags/example_time_delta_sensor_async.py
[2025-01-29T23:57:18.872+0000] {processor.py:766} INFO - DAG(s) dict_keys(['example_time_delta_sensor_async']) retrieved from /home/airflow/.local/lib/python3.7/site-packages/airflow/example_dags/example_time_delta_sensor_async.py
[2025-01-29T23:57:19.098+0000] {logging_mixin.py:120} INFO - [2025-01-29T23:57:19.098+0000] {dag.py:2585} INFO - Sync 1 DAGs
[2025-01-29T23:57:19.134+0000] {logging_mixin.py:120} INFO - [2025-01-29T23:57:19.134+0000] {dag.py:3340} INFO - Setting next_dagrun for example_time_delta_sensor_async to None, run_after=None
[2025-01-29T23:57:19.161+0000] {processor.py:176} INFO - Processing /home/airflow/.local/lib/python3.7/site-packages/airflow/example_dags/example_time_delta_sensor_async.py took 0.308 seconds
[2025-01-29T23:57:49.380+0000] {processor.py:154} INFO - Started process (PID=3208) to work on /home/airflow/.local/lib/python3.7/site-packages/airflow/example_dags/example_time_delta_sensor_async.py
[2025-01-29T23:57:49.381+0000] {processor.py:756} INFO - Processing file /home/airflow/.local/lib/python3.7/site-packages/airflow/example_dags/example_time_delta_sensor_async.py for tasks to queue
[2025-01-29T23:57:49.382+0000] {logging_mixin.py:120} INFO - [2025-01-29T23:57:49.382+0000] {dagbag.py:537} INFO - Filling up the DagBag from /home/airflow/.local/lib/python3.7/site-packages/airflow/example_dags/example_time_delta_sensor_async.py
[2025-01-29T23:57:49.402+0000] {processor.py:766} INFO - DAG(s) dict_keys(['example_time_delta_sensor_async']) retrieved from /home/airflow/.local/lib/python3.7/site-packages/airflow/example_dags/example_time_delta_sensor_async.py
[2025-01-29T23:57:49.773+0000] {logging_mixin.py:120} INFO - [2025-01-29T23:57:49.773+0000] {dag.py:2585} INFO - Sync 1 DAGs
[2025-01-29T23:57:49.813+0000] {logging_mixin.py:120} INFO - [2025-01-29T23:57:49.813+0000] {dag.py:3340} INFO - Setting next_dagrun for example_time_delta_sensor_async to None, run_after=None
[2025-01-29T23:57:49.844+0000] {processor.py:176} INFO - Processing /home/airflow/.local/lib/python3.7/site-packages/airflow/example_dags/example_time_delta_sensor_async.py took 0.469 seconds
[2025-01-29T23:58:19.903+0000] {processor.py:154} INFO - Started process (PID=3264) to work on /home/airflow/.local/lib/python3.7/site-packages/airflow/example_dags/example_time_delta_sensor_async.py
[2025-01-29T23:58:19.904+0000] {processor.py:756} INFO - Processing file /home/airflow/.local/lib/python3.7/site-packages/airflow/example_dags/example_time_delta_sensor_async.py for tasks to queue
[2025-01-29T23:58:19.904+0000] {logging_mixin.py:120} INFO - [2025-01-29T23:58:19.904+0000] {dagbag.py:537} INFO - Filling up the DagBag from /home/airflow/.local/lib/python3.7/site-packages/airflow/example_dags/example_time_delta_sensor_async.py
[2025-01-29T23:58:19.915+0000] {processor.py:766} INFO - DAG(s) dict_keys(['example_time_delta_sensor_async']) retrieved from /home/airflow/.local/lib/python3.7/site-packages/airflow/example_dags/example_time_delta_sensor_async.py
[2025-01-29T23:58:20.113+0000] {logging_mixin.py:120} INFO - [2025-01-29T23:58:20.113+0000] {dag.py:2585} INFO - Sync 1 DAGs
[2025-01-29T23:58:20.146+0000] {logging_mixin.py:120} INFO - [2025-01-29T23:58:20.146+0000] {dag.py:3340} INFO - Setting next_dagrun for example_time_delta_sensor_async to None, run_after=None
[2025-01-29T23:58:20.172+0000] {processor.py:176} INFO - Processing /home/airflow/.local/lib/python3.7/site-packages/airflow/example_dags/example_time_delta_sensor_async.py took 0.272 seconds
[2025-01-29T23:58:50.594+0000] {processor.py:154} INFO - Started process (PID=3327) to work on /home/airflow/.local/lib/python3.7/site-packages/airflow/example_dags/example_time_delta_sensor_async.py
[2025-01-29T23:58:50.595+0000] {processor.py:756} INFO - Processing file /home/airflow/.local/lib/python3.7/site-packages/airflow/example_dags/example_time_delta_sensor_async.py for tasks to queue
[2025-01-29T23:58:50.596+0000] {logging_mixin.py:120} INFO - [2025-01-29T23:58:50.596+0000] {dagbag.py:537} INFO - Filling up the DagBag from /home/airflow/.local/lib/python3.7/site-packages/airflow/example_dags/example_time_delta_sensor_async.py
[2025-01-29T23:58:50.608+0000] {processor.py:766} INFO - DAG(s) dict_keys(['example_time_delta_sensor_async']) retrieved from /home/airflow/.local/lib/python3.7/site-packages/airflow/example_dags/example_time_delta_sensor_async.py
[2025-01-29T23:58:50.830+0000] {logging_mixin.py:120} INFO - [2025-01-29T23:58:50.830+0000] {dag.py:2585} INFO - Sync 1 DAGs
[2025-01-29T23:58:50.863+0000] {logging_mixin.py:120} INFO - [2025-01-29T23:58:50.863+0000] {dag.py:3340} INFO - Setting next_dagrun for example_time_delta_sensor_async to None, run_after=None
[2025-01-29T23:58:50.886+0000] {processor.py:176} INFO - Processing /home/airflow/.local/lib/python3.7/site-packages/airflow/example_dags/example_time_delta_sensor_async.py took 0.296 seconds
[2025-01-29T23:59:21.261+0000] {processor.py:154} INFO - Started process (PID=3391) to work on /home/airflow/.local/lib/python3.7/site-packages/airflow/example_dags/example_time_delta_sensor_async.py
[2025-01-29T23:59:21.262+0000] {processor.py:756} INFO - Processing file /home/airflow/.local/lib/python3.7/site-packages/airflow/example_dags/example_time_delta_sensor_async.py for tasks to queue
[2025-01-29T23:59:21.262+0000] {logging_mixin.py:120} INFO - [2025-01-29T23:59:21.262+0000] {dagbag.py:537} INFO - Filling up the DagBag from /home/airflow/.local/lib/python3.7/site-packages/airflow/example_dags/example_time_delta_sensor_async.py
[2025-01-29T23:59:21.274+0000] {processor.py:766} INFO - DAG(s) dict_keys(['example_time_delta_sensor_async']) retrieved from /home/airflow/.local/lib/python3.7/site-packages/airflow/example_dags/example_time_delta_sensor_async.py
[2025-01-29T23:59:21.476+0000] {logging_mixin.py:120} INFO - [2025-01-29T23:59:21.475+0000] {dag.py:2585} INFO - Sync 1 DAGs
[2025-01-29T23:59:21.505+0000] {logging_mixin.py:120} INFO - [2025-01-29T23:59:21.504+0000] {dag.py:3340} INFO - Setting next_dagrun for example_time_delta_sensor_async to None, run_after=None
[2025-01-29T23:59:21.527+0000] {processor.py:176} INFO - Processing /home/airflow/.local/lib/python3.7/site-packages/airflow/example_dags/example_time_delta_sensor_async.py took 0.268 seconds
[2025-01-29T23:59:51.652+0000] {processor.py:154} INFO - Started process (PID=3446) to work on /home/airflow/.local/lib/python3.7/site-packages/airflow/example_dags/example_time_delta_sensor_async.py
[2025-01-29T23:59:51.653+0000] {processor.py:756} INFO - Processing file /home/airflow/.local/lib/python3.7/site-packages/airflow/example_dags/example_time_delta_sensor_async.py for tasks to queue
[2025-01-29T23:59:51.654+0000] {logging_mixin.py:120} INFO - [2025-01-29T23:59:51.654+0000] {dagbag.py:537} INFO - Filling up the DagBag from /home/airflow/.local/lib/python3.7/site-packages/airflow/example_dags/example_time_delta_sensor_async.py
[2025-01-29T23:59:51.673+0000] {processor.py:766} INFO - DAG(s) dict_keys(['example_time_delta_sensor_async']) retrieved from /home/airflow/.local/lib/python3.7/site-packages/airflow/example_dags/example_time_delta_sensor_async.py
[2025-01-29T23:59:51.879+0000] {logging_mixin.py:120} INFO - [2025-01-29T23:59:51.879+0000] {dag.py:2585} INFO - Sync 1 DAGs
[2025-01-29T23:59:51.911+0000] {logging_mixin.py:120} INFO - [2025-01-29T23:59:51.911+0000] {dag.py:3340} INFO - Setting next_dagrun for example_time_delta_sensor_async to None, run_after=None
[2025-01-29T23:59:51.933+0000] {processor.py:176} INFO - Processing /home/airflow/.local/lib/python3.7/site-packages/airflow/example_dags/example_time_delta_sensor_async.py took 0.284 seconds
