[2025-01-29T23:31:50.328+0000] {processor.py:154} INFO - Started process (PID=74) to work on /home/airflow/.local/lib/python3.7/site-packages/airflow/example_dags/example_branch_operator_decorator.py
[2025-01-29T23:31:50.329+0000] {processor.py:756} INFO - Processing file /home/airflow/.local/lib/python3.7/site-packages/airflow/example_dags/example_branch_operator_decorator.py for tasks to queue
[2025-01-29T23:31:50.331+0000] {logging_mixin.py:120} INFO - [2025-01-29T23:31:50.330+0000] {dagbag.py:537} INFO - Filling up the DagBag from /home/airflow/.local/lib/python3.7/site-packages/airflow/example_dags/example_branch_operator_decorator.py
[2025-01-29T23:31:50.360+0000] {processor.py:766} INFO - DAG(s) dict_keys(['example_branch_python_operator_decorator']) retrieved from /home/airflow/.local/lib/python3.7/site-packages/airflow/example_dags/example_branch_operator_decorator.py
[2025-01-29T23:31:50.545+0000] {logging_mixin.py:120} INFO - [2025-01-29T23:31:50.545+0000] {manager.py:507} INFO - Created Permission View: can read on DAG:example_branch_python_operator_decorator
[2025-01-29T23:31:50.556+0000] {logging_mixin.py:120} INFO - [2025-01-29T23:31:50.556+0000] {manager.py:507} INFO - Created Permission View: can delete on DAG:example_branch_python_operator_decorator
[2025-01-29T23:31:50.563+0000] {logging_mixin.py:120} INFO - [2025-01-29T23:31:50.563+0000] {manager.py:507} INFO - Created Permission View: can edit on DAG:example_branch_python_operator_decorator
[2025-01-29T23:31:50.564+0000] {logging_mixin.py:120} INFO - [2025-01-29T23:31:50.564+0000] {dag.py:2585} INFO - Sync 1 DAGs
[2025-01-29T23:31:50.583+0000] {logging_mixin.py:120} INFO - [2025-01-29T23:31:50.583+0000] {dag.py:2606} INFO - Creating ORM DAG for example_branch_python_operator_decorator
[2025-01-29T23:31:50.605+0000] {logging_mixin.py:120} INFO - [2025-01-29T23:31:50.605+0000] {dag.py:3340} INFO - Setting next_dagrun for example_branch_python_operator_decorator to 2025-01-28T00:00:00+00:00, run_after=2025-01-29T00:00:00+00:00
[2025-01-29T23:31:50.638+0000] {processor.py:176} INFO - Processing /home/airflow/.local/lib/python3.7/site-packages/airflow/example_dags/example_branch_operator_decorator.py took 0.313 seconds
[2025-01-29T23:32:20.815+0000] {processor.py:154} INFO - Started process (PID=138) to work on /home/airflow/.local/lib/python3.7/site-packages/airflow/example_dags/example_branch_operator_decorator.py
[2025-01-29T23:32:20.816+0000] {processor.py:756} INFO - Processing file /home/airflow/.local/lib/python3.7/site-packages/airflow/example_dags/example_branch_operator_decorator.py for tasks to queue
[2025-01-29T23:32:20.817+0000] {logging_mixin.py:120} INFO - [2025-01-29T23:32:20.817+0000] {dagbag.py:537} INFO - Filling up the DagBag from /home/airflow/.local/lib/python3.7/site-packages/airflow/example_dags/example_branch_operator_decorator.py
[2025-01-29T23:32:20.844+0000] {processor.py:766} INFO - DAG(s) dict_keys(['example_branch_python_operator_decorator']) retrieved from /home/airflow/.local/lib/python3.7/site-packages/airflow/example_dags/example_branch_operator_decorator.py
[2025-01-29T23:32:20.906+0000] {logging_mixin.py:120} INFO - [2025-01-29T23:32:20.905+0000] {dag.py:2585} INFO - Sync 1 DAGs
[2025-01-29T23:32:20.943+0000] {logging_mixin.py:120} INFO - [2025-01-29T23:32:20.943+0000] {dag.py:3340} INFO - Setting next_dagrun for example_branch_python_operator_decorator to 2025-01-28T00:00:00+00:00, run_after=2025-01-29T00:00:00+00:00
[2025-01-29T23:32:20.977+0000] {processor.py:176} INFO - Processing /home/airflow/.local/lib/python3.7/site-packages/airflow/example_dags/example_branch_operator_decorator.py took 0.166 seconds
[2025-01-29T23:32:51.174+0000] {processor.py:154} INFO - Started process (PID=194) to work on /home/airflow/.local/lib/python3.7/site-packages/airflow/example_dags/example_branch_operator_decorator.py
[2025-01-29T23:32:51.175+0000] {processor.py:756} INFO - Processing file /home/airflow/.local/lib/python3.7/site-packages/airflow/example_dags/example_branch_operator_decorator.py for tasks to queue
[2025-01-29T23:32:51.176+0000] {logging_mixin.py:120} INFO - [2025-01-29T23:32:51.176+0000] {dagbag.py:537} INFO - Filling up the DagBag from /home/airflow/.local/lib/python3.7/site-packages/airflow/example_dags/example_branch_operator_decorator.py
[2025-01-29T23:32:51.198+0000] {processor.py:766} INFO - DAG(s) dict_keys(['example_branch_python_operator_decorator']) retrieved from /home/airflow/.local/lib/python3.7/site-packages/airflow/example_dags/example_branch_operator_decorator.py
[2025-01-29T23:32:51.254+0000] {logging_mixin.py:120} INFO - [2025-01-29T23:32:51.254+0000] {dag.py:2585} INFO - Sync 1 DAGs
[2025-01-29T23:32:51.285+0000] {logging_mixin.py:120} INFO - [2025-01-29T23:32:51.285+0000] {dag.py:3340} INFO - Setting next_dagrun for example_branch_python_operator_decorator to 2025-01-28T00:00:00+00:00, run_after=2025-01-29T00:00:00+00:00
[2025-01-29T23:32:51.308+0000] {processor.py:176} INFO - Processing /home/airflow/.local/lib/python3.7/site-packages/airflow/example_dags/example_branch_operator_decorator.py took 0.137 seconds
[2025-01-29T23:33:21.866+0000] {processor.py:154} INFO - Started process (PID=258) to work on /home/airflow/.local/lib/python3.7/site-packages/airflow/example_dags/example_branch_operator_decorator.py
[2025-01-29T23:33:21.867+0000] {processor.py:756} INFO - Processing file /home/airflow/.local/lib/python3.7/site-packages/airflow/example_dags/example_branch_operator_decorator.py for tasks to queue
[2025-01-29T23:33:21.868+0000] {logging_mixin.py:120} INFO - [2025-01-29T23:33:21.868+0000] {dagbag.py:537} INFO - Filling up the DagBag from /home/airflow/.local/lib/python3.7/site-packages/airflow/example_dags/example_branch_operator_decorator.py
[2025-01-29T23:33:21.890+0000] {processor.py:766} INFO - DAG(s) dict_keys(['example_branch_python_operator_decorator']) retrieved from /home/airflow/.local/lib/python3.7/site-packages/airflow/example_dags/example_branch_operator_decorator.py
[2025-01-29T23:33:21.946+0000] {logging_mixin.py:120} INFO - [2025-01-29T23:33:21.945+0000] {dag.py:2585} INFO - Sync 1 DAGs
[2025-01-29T23:33:21.979+0000] {logging_mixin.py:120} INFO - [2025-01-29T23:33:21.978+0000] {dag.py:3340} INFO - Setting next_dagrun for example_branch_python_operator_decorator to 2025-01-28T00:00:00+00:00, run_after=2025-01-29T00:00:00+00:00
[2025-01-29T23:33:22.002+0000] {processor.py:176} INFO - Processing /home/airflow/.local/lib/python3.7/site-packages/airflow/example_dags/example_branch_operator_decorator.py took 0.139 seconds
[2025-01-29T23:33:52.188+0000] {processor.py:154} INFO - Started process (PID=322) to work on /home/airflow/.local/lib/python3.7/site-packages/airflow/example_dags/example_branch_operator_decorator.py
[2025-01-29T23:33:52.189+0000] {processor.py:756} INFO - Processing file /home/airflow/.local/lib/python3.7/site-packages/airflow/example_dags/example_branch_operator_decorator.py for tasks to queue
[2025-01-29T23:33:52.190+0000] {logging_mixin.py:120} INFO - [2025-01-29T23:33:52.189+0000] {dagbag.py:537} INFO - Filling up the DagBag from /home/airflow/.local/lib/python3.7/site-packages/airflow/example_dags/example_branch_operator_decorator.py
[2025-01-29T23:33:52.213+0000] {processor.py:766} INFO - DAG(s) dict_keys(['example_branch_python_operator_decorator']) retrieved from /home/airflow/.local/lib/python3.7/site-packages/airflow/example_dags/example_branch_operator_decorator.py
[2025-01-29T23:33:52.271+0000] {logging_mixin.py:120} INFO - [2025-01-29T23:33:52.270+0000] {dag.py:2585} INFO - Sync 1 DAGs
[2025-01-29T23:33:52.305+0000] {logging_mixin.py:120} INFO - [2025-01-29T23:33:52.305+0000] {dag.py:3340} INFO - Setting next_dagrun for example_branch_python_operator_decorator to 2025-01-28T00:00:00+00:00, run_after=2025-01-29T00:00:00+00:00
[2025-01-29T23:33:52.332+0000] {processor.py:176} INFO - Processing /home/airflow/.local/lib/python3.7/site-packages/airflow/example_dags/example_branch_operator_decorator.py took 0.148 seconds
[2025-01-29T23:34:22.578+0000] {processor.py:154} INFO - Started process (PID=377) to work on /home/airflow/.local/lib/python3.7/site-packages/airflow/example_dags/example_branch_operator_decorator.py
[2025-01-29T23:34:22.579+0000] {processor.py:756} INFO - Processing file /home/airflow/.local/lib/python3.7/site-packages/airflow/example_dags/example_branch_operator_decorator.py for tasks to queue
[2025-01-29T23:34:22.580+0000] {logging_mixin.py:120} INFO - [2025-01-29T23:34:22.580+0000] {dagbag.py:537} INFO - Filling up the DagBag from /home/airflow/.local/lib/python3.7/site-packages/airflow/example_dags/example_branch_operator_decorator.py
[2025-01-29T23:34:22.604+0000] {processor.py:766} INFO - DAG(s) dict_keys(['example_branch_python_operator_decorator']) retrieved from /home/airflow/.local/lib/python3.7/site-packages/airflow/example_dags/example_branch_operator_decorator.py
[2025-01-29T23:34:22.657+0000] {logging_mixin.py:120} INFO - [2025-01-29T23:34:22.657+0000] {dag.py:2585} INFO - Sync 1 DAGs
[2025-01-29T23:34:22.690+0000] {logging_mixin.py:120} INFO - [2025-01-29T23:34:22.690+0000] {dag.py:3340} INFO - Setting next_dagrun for example_branch_python_operator_decorator to 2025-01-28T00:00:00+00:00, run_after=2025-01-29T00:00:00+00:00
[2025-01-29T23:34:22.714+0000] {processor.py:176} INFO - Processing /home/airflow/.local/lib/python3.7/site-packages/airflow/example_dags/example_branch_operator_decorator.py took 0.139 seconds
[2025-01-29T23:34:52.817+0000] {processor.py:154} INFO - Started process (PID=440) to work on /home/airflow/.local/lib/python3.7/site-packages/airflow/example_dags/example_branch_operator_decorator.py
[2025-01-29T23:34:52.818+0000] {processor.py:756} INFO - Processing file /home/airflow/.local/lib/python3.7/site-packages/airflow/example_dags/example_branch_operator_decorator.py for tasks to queue
[2025-01-29T23:34:52.818+0000] {logging_mixin.py:120} INFO - [2025-01-29T23:34:52.818+0000] {dagbag.py:537} INFO - Filling up the DagBag from /home/airflow/.local/lib/python3.7/site-packages/airflow/example_dags/example_branch_operator_decorator.py
[2025-01-29T23:34:52.842+0000] {processor.py:766} INFO - DAG(s) dict_keys(['example_branch_python_operator_decorator']) retrieved from /home/airflow/.local/lib/python3.7/site-packages/airflow/example_dags/example_branch_operator_decorator.py
[2025-01-29T23:34:52.896+0000] {logging_mixin.py:120} INFO - [2025-01-29T23:34:52.896+0000] {dag.py:2585} INFO - Sync 1 DAGs
[2025-01-29T23:34:52.930+0000] {logging_mixin.py:120} INFO - [2025-01-29T23:34:52.929+0000] {dag.py:3340} INFO - Setting next_dagrun for example_branch_python_operator_decorator to 2025-01-28T00:00:00+00:00, run_after=2025-01-29T00:00:00+00:00
[2025-01-29T23:34:52.953+0000] {processor.py:176} INFO - Processing /home/airflow/.local/lib/python3.7/site-packages/airflow/example_dags/example_branch_operator_decorator.py took 0.140 seconds
[2025-01-29T23:35:23.478+0000] {processor.py:154} INFO - Started process (PID=504) to work on /home/airflow/.local/lib/python3.7/site-packages/airflow/example_dags/example_branch_operator_decorator.py
[2025-01-29T23:35:23.479+0000] {processor.py:756} INFO - Processing file /home/airflow/.local/lib/python3.7/site-packages/airflow/example_dags/example_branch_operator_decorator.py for tasks to queue
[2025-01-29T23:35:23.480+0000] {logging_mixin.py:120} INFO - [2025-01-29T23:35:23.479+0000] {dagbag.py:537} INFO - Filling up the DagBag from /home/airflow/.local/lib/python3.7/site-packages/airflow/example_dags/example_branch_operator_decorator.py
[2025-01-29T23:35:23.505+0000] {processor.py:766} INFO - DAG(s) dict_keys(['example_branch_python_operator_decorator']) retrieved from /home/airflow/.local/lib/python3.7/site-packages/airflow/example_dags/example_branch_operator_decorator.py
[2025-01-29T23:35:23.561+0000] {logging_mixin.py:120} INFO - [2025-01-29T23:35:23.561+0000] {dag.py:2585} INFO - Sync 1 DAGs
[2025-01-29T23:35:23.595+0000] {logging_mixin.py:120} INFO - [2025-01-29T23:35:23.595+0000] {dag.py:3340} INFO - Setting next_dagrun for example_branch_python_operator_decorator to 2025-01-28T00:00:00+00:00, run_after=2025-01-29T00:00:00+00:00
[2025-01-29T23:35:23.623+0000] {processor.py:176} INFO - Processing /home/airflow/.local/lib/python3.7/site-packages/airflow/example_dags/example_branch_operator_decorator.py took 0.148 seconds
[2025-01-29T23:35:53.731+0000] {processor.py:154} INFO - Started process (PID=566) to work on /home/airflow/.local/lib/python3.7/site-packages/airflow/example_dags/example_branch_operator_decorator.py
[2025-01-29T23:35:53.732+0000] {processor.py:756} INFO - Processing file /home/airflow/.local/lib/python3.7/site-packages/airflow/example_dags/example_branch_operator_decorator.py for tasks to queue
[2025-01-29T23:35:53.733+0000] {logging_mixin.py:120} INFO - [2025-01-29T23:35:53.733+0000] {dagbag.py:537} INFO - Filling up the DagBag from /home/airflow/.local/lib/python3.7/site-packages/airflow/example_dags/example_branch_operator_decorator.py
[2025-01-29T23:35:53.765+0000] {processor.py:766} INFO - DAG(s) dict_keys(['example_branch_python_operator_decorator']) retrieved from /home/airflow/.local/lib/python3.7/site-packages/airflow/example_dags/example_branch_operator_decorator.py
[2025-01-29T23:35:53.819+0000] {logging_mixin.py:120} INFO - [2025-01-29T23:35:53.819+0000] {dag.py:2585} INFO - Sync 1 DAGs
[2025-01-29T23:35:53.866+0000] {logging_mixin.py:120} INFO - [2025-01-29T23:35:53.866+0000] {dag.py:3340} INFO - Setting next_dagrun for example_branch_python_operator_decorator to 2025-01-28T00:00:00+00:00, run_after=2025-01-29T00:00:00+00:00
[2025-01-29T23:35:53.899+0000] {processor.py:176} INFO - Processing /home/airflow/.local/lib/python3.7/site-packages/airflow/example_dags/example_branch_operator_decorator.py took 0.171 seconds
[2025-01-29T23:36:24.110+0000] {processor.py:154} INFO - Started process (PID=623) to work on /home/airflow/.local/lib/python3.7/site-packages/airflow/example_dags/example_branch_operator_decorator.py
[2025-01-29T23:36:24.111+0000] {processor.py:756} INFO - Processing file /home/airflow/.local/lib/python3.7/site-packages/airflow/example_dags/example_branch_operator_decorator.py for tasks to queue
[2025-01-29T23:36:24.111+0000] {logging_mixin.py:120} INFO - [2025-01-29T23:36:24.111+0000] {dagbag.py:537} INFO - Filling up the DagBag from /home/airflow/.local/lib/python3.7/site-packages/airflow/example_dags/example_branch_operator_decorator.py
[2025-01-29T23:36:24.136+0000] {processor.py:766} INFO - DAG(s) dict_keys(['example_branch_python_operator_decorator']) retrieved from /home/airflow/.local/lib/python3.7/site-packages/airflow/example_dags/example_branch_operator_decorator.py
[2025-01-29T23:36:24.193+0000] {logging_mixin.py:120} INFO - [2025-01-29T23:36:24.193+0000] {dag.py:2585} INFO - Sync 1 DAGs
[2025-01-29T23:36:24.228+0000] {logging_mixin.py:120} INFO - [2025-01-29T23:36:24.228+0000] {dag.py:3340} INFO - Setting next_dagrun for example_branch_python_operator_decorator to 2025-01-28T00:00:00+00:00, run_after=2025-01-29T00:00:00+00:00
[2025-01-29T23:36:24.255+0000] {processor.py:176} INFO - Processing /home/airflow/.local/lib/python3.7/site-packages/airflow/example_dags/example_branch_operator_decorator.py took 0.147 seconds
[2025-01-29T23:36:54.457+0000] {processor.py:154} INFO - Started process (PID=687) to work on /home/airflow/.local/lib/python3.7/site-packages/airflow/example_dags/example_branch_operator_decorator.py
[2025-01-29T23:36:54.458+0000] {processor.py:756} INFO - Processing file /home/airflow/.local/lib/python3.7/site-packages/airflow/example_dags/example_branch_operator_decorator.py for tasks to queue
[2025-01-29T23:36:54.459+0000] {logging_mixin.py:120} INFO - [2025-01-29T23:36:54.459+0000] {dagbag.py:537} INFO - Filling up the DagBag from /home/airflow/.local/lib/python3.7/site-packages/airflow/example_dags/example_branch_operator_decorator.py
[2025-01-29T23:36:54.482+0000] {processor.py:766} INFO - DAG(s) dict_keys(['example_branch_python_operator_decorator']) retrieved from /home/airflow/.local/lib/python3.7/site-packages/airflow/example_dags/example_branch_operator_decorator.py
[2025-01-29T23:36:54.536+0000] {logging_mixin.py:120} INFO - [2025-01-29T23:36:54.536+0000] {dag.py:2585} INFO - Sync 1 DAGs
[2025-01-29T23:36:54.568+0000] {logging_mixin.py:120} INFO - [2025-01-29T23:36:54.568+0000] {dag.py:3340} INFO - Setting next_dagrun for example_branch_python_operator_decorator to 2025-01-28T00:00:00+00:00, run_after=2025-01-29T00:00:00+00:00
[2025-01-29T23:36:54.590+0000] {processor.py:176} INFO - Processing /home/airflow/.local/lib/python3.7/site-packages/airflow/example_dags/example_branch_operator_decorator.py took 0.136 seconds
[2025-01-29T23:37:24.766+0000] {processor.py:154} INFO - Started process (PID=749) to work on /home/airflow/.local/lib/python3.7/site-packages/airflow/example_dags/example_branch_operator_decorator.py
[2025-01-29T23:37:24.767+0000] {processor.py:756} INFO - Processing file /home/airflow/.local/lib/python3.7/site-packages/airflow/example_dags/example_branch_operator_decorator.py for tasks to queue
[2025-01-29T23:37:24.768+0000] {logging_mixin.py:120} INFO - [2025-01-29T23:37:24.768+0000] {dagbag.py:537} INFO - Filling up the DagBag from /home/airflow/.local/lib/python3.7/site-packages/airflow/example_dags/example_branch_operator_decorator.py
[2025-01-29T23:37:24.795+0000] {processor.py:766} INFO - DAG(s) dict_keys(['example_branch_python_operator_decorator']) retrieved from /home/airflow/.local/lib/python3.7/site-packages/airflow/example_dags/example_branch_operator_decorator.py
[2025-01-29T23:37:24.868+0000] {logging_mixin.py:120} INFO - [2025-01-29T23:37:24.868+0000] {dag.py:2585} INFO - Sync 1 DAGs
[2025-01-29T23:37:24.913+0000] {logging_mixin.py:120} INFO - [2025-01-29T23:37:24.912+0000] {dag.py:3340} INFO - Setting next_dagrun for example_branch_python_operator_decorator to 2025-01-28T00:00:00+00:00, run_after=2025-01-29T00:00:00+00:00
[2025-01-29T23:37:24.941+0000] {processor.py:176} INFO - Processing /home/airflow/.local/lib/python3.7/site-packages/airflow/example_dags/example_branch_operator_decorator.py took 0.177 seconds
[2025-01-29T23:37:55.492+0000] {processor.py:154} INFO - Started process (PID=806) to work on /home/airflow/.local/lib/python3.7/site-packages/airflow/example_dags/example_branch_operator_decorator.py
[2025-01-29T23:37:55.493+0000] {processor.py:756} INFO - Processing file /home/airflow/.local/lib/python3.7/site-packages/airflow/example_dags/example_branch_operator_decorator.py for tasks to queue
[2025-01-29T23:37:55.494+0000] {logging_mixin.py:120} INFO - [2025-01-29T23:37:55.494+0000] {dagbag.py:537} INFO - Filling up the DagBag from /home/airflow/.local/lib/python3.7/site-packages/airflow/example_dags/example_branch_operator_decorator.py
[2025-01-29T23:37:55.522+0000] {processor.py:766} INFO - DAG(s) dict_keys(['example_branch_python_operator_decorator']) retrieved from /home/airflow/.local/lib/python3.7/site-packages/airflow/example_dags/example_branch_operator_decorator.py
[2025-01-29T23:37:55.584+0000] {logging_mixin.py:120} INFO - [2025-01-29T23:37:55.584+0000] {dag.py:2585} INFO - Sync 1 DAGs
[2025-01-29T23:37:55.616+0000] {logging_mixin.py:120} INFO - [2025-01-29T23:37:55.616+0000] {dag.py:3340} INFO - Setting next_dagrun for example_branch_python_operator_decorator to 2025-01-28T00:00:00+00:00, run_after=2025-01-29T00:00:00+00:00
[2025-01-29T23:37:55.640+0000] {processor.py:176} INFO - Processing /home/airflow/.local/lib/python3.7/site-packages/airflow/example_dags/example_branch_operator_decorator.py took 0.152 seconds
[2025-01-29T23:38:25.773+0000] {processor.py:154} INFO - Started process (PID=870) to work on /home/airflow/.local/lib/python3.7/site-packages/airflow/example_dags/example_branch_operator_decorator.py
[2025-01-29T23:38:25.774+0000] {processor.py:756} INFO - Processing file /home/airflow/.local/lib/python3.7/site-packages/airflow/example_dags/example_branch_operator_decorator.py for tasks to queue
[2025-01-29T23:38:25.775+0000] {logging_mixin.py:120} INFO - [2025-01-29T23:38:25.775+0000] {dagbag.py:537} INFO - Filling up the DagBag from /home/airflow/.local/lib/python3.7/site-packages/airflow/example_dags/example_branch_operator_decorator.py
[2025-01-29T23:38:25.797+0000] {processor.py:766} INFO - DAG(s) dict_keys(['example_branch_python_operator_decorator']) retrieved from /home/airflow/.local/lib/python3.7/site-packages/airflow/example_dags/example_branch_operator_decorator.py
[2025-01-29T23:38:25.851+0000] {logging_mixin.py:120} INFO - [2025-01-29T23:38:25.851+0000] {dag.py:2585} INFO - Sync 1 DAGs
[2025-01-29T23:38:25.885+0000] {logging_mixin.py:120} INFO - [2025-01-29T23:38:25.885+0000] {dag.py:3340} INFO - Setting next_dagrun for example_branch_python_operator_decorator to 2025-01-28T00:00:00+00:00, run_after=2025-01-29T00:00:00+00:00
[2025-01-29T23:38:25.910+0000] {processor.py:176} INFO - Processing /home/airflow/.local/lib/python3.7/site-packages/airflow/example_dags/example_branch_operator_decorator.py took 0.140 seconds
[2025-01-29T23:38:56.295+0000] {processor.py:154} INFO - Started process (PID=934) to work on /home/airflow/.local/lib/python3.7/site-packages/airflow/example_dags/example_branch_operator_decorator.py
[2025-01-29T23:38:56.296+0000] {processor.py:756} INFO - Processing file /home/airflow/.local/lib/python3.7/site-packages/airflow/example_dags/example_branch_operator_decorator.py for tasks to queue
[2025-01-29T23:38:56.297+0000] {logging_mixin.py:120} INFO - [2025-01-29T23:38:56.297+0000] {dagbag.py:537} INFO - Filling up the DagBag from /home/airflow/.local/lib/python3.7/site-packages/airflow/example_dags/example_branch_operator_decorator.py
[2025-01-29T23:38:56.321+0000] {processor.py:766} INFO - DAG(s) dict_keys(['example_branch_python_operator_decorator']) retrieved from /home/airflow/.local/lib/python3.7/site-packages/airflow/example_dags/example_branch_operator_decorator.py
[2025-01-29T23:38:56.380+0000] {logging_mixin.py:120} INFO - [2025-01-29T23:38:56.380+0000] {dag.py:2585} INFO - Sync 1 DAGs
[2025-01-29T23:38:56.417+0000] {logging_mixin.py:120} INFO - [2025-01-29T23:38:56.417+0000] {dag.py:3340} INFO - Setting next_dagrun for example_branch_python_operator_decorator to 2025-01-28T00:00:00+00:00, run_after=2025-01-29T00:00:00+00:00
[2025-01-29T23:38:56.443+0000] {processor.py:176} INFO - Processing /home/airflow/.local/lib/python3.7/site-packages/airflow/example_dags/example_branch_operator_decorator.py took 0.151 seconds
[2025-01-29T23:39:27.248+0000] {processor.py:154} INFO - Started process (PID=989) to work on /home/airflow/.local/lib/python3.7/site-packages/airflow/example_dags/example_branch_operator_decorator.py
[2025-01-29T23:39:27.249+0000] {processor.py:756} INFO - Processing file /home/airflow/.local/lib/python3.7/site-packages/airflow/example_dags/example_branch_operator_decorator.py for tasks to queue
[2025-01-29T23:39:27.250+0000] {logging_mixin.py:120} INFO - [2025-01-29T23:39:27.250+0000] {dagbag.py:537} INFO - Filling up the DagBag from /home/airflow/.local/lib/python3.7/site-packages/airflow/example_dags/example_branch_operator_decorator.py
[2025-01-29T23:39:27.278+0000] {processor.py:766} INFO - DAG(s) dict_keys(['example_branch_python_operator_decorator']) retrieved from /home/airflow/.local/lib/python3.7/site-packages/airflow/example_dags/example_branch_operator_decorator.py
[2025-01-29T23:39:27.334+0000] {logging_mixin.py:120} INFO - [2025-01-29T23:39:27.334+0000] {dag.py:2585} INFO - Sync 1 DAGs
[2025-01-29T23:39:27.365+0000] {logging_mixin.py:120} INFO - [2025-01-29T23:39:27.365+0000] {dag.py:3340} INFO - Setting next_dagrun for example_branch_python_operator_decorator to 2025-01-28T00:00:00+00:00, run_after=2025-01-29T00:00:00+00:00
[2025-01-29T23:39:27.395+0000] {processor.py:176} INFO - Processing /home/airflow/.local/lib/python3.7/site-packages/airflow/example_dags/example_branch_operator_decorator.py took 0.151 seconds
[2025-01-29T23:39:57.663+0000] {processor.py:154} INFO - Started process (PID=1053) to work on /home/airflow/.local/lib/python3.7/site-packages/airflow/example_dags/example_branch_operator_decorator.py
[2025-01-29T23:39:57.664+0000] {processor.py:756} INFO - Processing file /home/airflow/.local/lib/python3.7/site-packages/airflow/example_dags/example_branch_operator_decorator.py for tasks to queue
[2025-01-29T23:39:57.665+0000] {logging_mixin.py:120} INFO - [2025-01-29T23:39:57.664+0000] {dagbag.py:537} INFO - Filling up the DagBag from /home/airflow/.local/lib/python3.7/site-packages/airflow/example_dags/example_branch_operator_decorator.py
[2025-01-29T23:39:57.687+0000] {processor.py:766} INFO - DAG(s) dict_keys(['example_branch_python_operator_decorator']) retrieved from /home/airflow/.local/lib/python3.7/site-packages/airflow/example_dags/example_branch_operator_decorator.py
[2025-01-29T23:39:57.742+0000] {logging_mixin.py:120} INFO - [2025-01-29T23:39:57.742+0000] {dag.py:2585} INFO - Sync 1 DAGs
[2025-01-29T23:39:57.779+0000] {logging_mixin.py:120} INFO - [2025-01-29T23:39:57.779+0000] {dag.py:3340} INFO - Setting next_dagrun for example_branch_python_operator_decorator to 2025-01-28T00:00:00+00:00, run_after=2025-01-29T00:00:00+00:00
[2025-01-29T23:39:57.802+0000] {processor.py:176} INFO - Processing /home/airflow/.local/lib/python3.7/site-packages/airflow/example_dags/example_branch_operator_decorator.py took 0.143 seconds
[2025-01-29T23:40:28.052+0000] {processor.py:154} INFO - Started process (PID=1117) to work on /home/airflow/.local/lib/python3.7/site-packages/airflow/example_dags/example_branch_operator_decorator.py
[2025-01-29T23:40:28.053+0000] {processor.py:756} INFO - Processing file /home/airflow/.local/lib/python3.7/site-packages/airflow/example_dags/example_branch_operator_decorator.py for tasks to queue
[2025-01-29T23:40:28.053+0000] {logging_mixin.py:120} INFO - [2025-01-29T23:40:28.053+0000] {dagbag.py:537} INFO - Filling up the DagBag from /home/airflow/.local/lib/python3.7/site-packages/airflow/example_dags/example_branch_operator_decorator.py
[2025-01-29T23:40:28.076+0000] {processor.py:766} INFO - DAG(s) dict_keys(['example_branch_python_operator_decorator']) retrieved from /home/airflow/.local/lib/python3.7/site-packages/airflow/example_dags/example_branch_operator_decorator.py
[2025-01-29T23:40:28.128+0000] {logging_mixin.py:120} INFO - [2025-01-29T23:40:28.128+0000] {dag.py:2585} INFO - Sync 1 DAGs
[2025-01-29T23:40:28.160+0000] {logging_mixin.py:120} INFO - [2025-01-29T23:40:28.160+0000] {dag.py:3340} INFO - Setting next_dagrun for example_branch_python_operator_decorator to 2025-01-28T00:00:00+00:00, run_after=2025-01-29T00:00:00+00:00
[2025-01-29T23:40:28.182+0000] {processor.py:176} INFO - Processing /home/airflow/.local/lib/python3.7/site-packages/airflow/example_dags/example_branch_operator_decorator.py took 0.134 seconds
[2025-01-29T23:40:58.580+0000] {processor.py:154} INFO - Started process (PID=1172) to work on /home/airflow/.local/lib/python3.7/site-packages/airflow/example_dags/example_branch_operator_decorator.py
[2025-01-29T23:40:58.582+0000] {processor.py:756} INFO - Processing file /home/airflow/.local/lib/python3.7/site-packages/airflow/example_dags/example_branch_operator_decorator.py for tasks to queue
[2025-01-29T23:40:58.584+0000] {logging_mixin.py:120} INFO - [2025-01-29T23:40:58.584+0000] {dagbag.py:537} INFO - Filling up the DagBag from /home/airflow/.local/lib/python3.7/site-packages/airflow/example_dags/example_branch_operator_decorator.py
[2025-01-29T23:40:58.620+0000] {processor.py:766} INFO - DAG(s) dict_keys(['example_branch_python_operator_decorator']) retrieved from /home/airflow/.local/lib/python3.7/site-packages/airflow/example_dags/example_branch_operator_decorator.py
[2025-01-29T23:40:58.695+0000] {logging_mixin.py:120} INFO - [2025-01-29T23:40:58.695+0000] {dag.py:2585} INFO - Sync 1 DAGs
[2025-01-29T23:40:58.745+0000] {logging_mixin.py:120} INFO - [2025-01-29T23:40:58.745+0000] {dag.py:3340} INFO - Setting next_dagrun for example_branch_python_operator_decorator to 2025-01-28T00:00:00+00:00, run_after=2025-01-29T00:00:00+00:00
[2025-01-29T23:40:58.778+0000] {processor.py:176} INFO - Processing /home/airflow/.local/lib/python3.7/site-packages/airflow/example_dags/example_branch_operator_decorator.py took 0.202 seconds
[2025-01-29T23:41:29.505+0000] {processor.py:154} INFO - Started process (PID=1236) to work on /home/airflow/.local/lib/python3.7/site-packages/airflow/example_dags/example_branch_operator_decorator.py
[2025-01-29T23:41:29.506+0000] {processor.py:756} INFO - Processing file /home/airflow/.local/lib/python3.7/site-packages/airflow/example_dags/example_branch_operator_decorator.py for tasks to queue
[2025-01-29T23:41:29.507+0000] {logging_mixin.py:120} INFO - [2025-01-29T23:41:29.506+0000] {dagbag.py:537} INFO - Filling up the DagBag from /home/airflow/.local/lib/python3.7/site-packages/airflow/example_dags/example_branch_operator_decorator.py
[2025-01-29T23:41:29.529+0000] {processor.py:766} INFO - DAG(s) dict_keys(['example_branch_python_operator_decorator']) retrieved from /home/airflow/.local/lib/python3.7/site-packages/airflow/example_dags/example_branch_operator_decorator.py
[2025-01-29T23:41:29.586+0000] {logging_mixin.py:120} INFO - [2025-01-29T23:41:29.586+0000] {dag.py:2585} INFO - Sync 1 DAGs
[2025-01-29T23:41:29.618+0000] {logging_mixin.py:120} INFO - [2025-01-29T23:41:29.618+0000] {dag.py:3340} INFO - Setting next_dagrun for example_branch_python_operator_decorator to 2025-01-28T00:00:00+00:00, run_after=2025-01-29T00:00:00+00:00
[2025-01-29T23:41:29.641+0000] {processor.py:176} INFO - Processing /home/airflow/.local/lib/python3.7/site-packages/airflow/example_dags/example_branch_operator_decorator.py took 0.139 seconds
[2025-01-29T23:42:00.213+0000] {processor.py:154} INFO - Started process (PID=1301) to work on /home/airflow/.local/lib/python3.7/site-packages/airflow/example_dags/example_branch_operator_decorator.py
[2025-01-29T23:42:00.214+0000] {processor.py:756} INFO - Processing file /home/airflow/.local/lib/python3.7/site-packages/airflow/example_dags/example_branch_operator_decorator.py for tasks to queue
[2025-01-29T23:42:00.215+0000] {logging_mixin.py:120} INFO - [2025-01-29T23:42:00.215+0000] {dagbag.py:537} INFO - Filling up the DagBag from /home/airflow/.local/lib/python3.7/site-packages/airflow/example_dags/example_branch_operator_decorator.py
[2025-01-29T23:42:00.237+0000] {processor.py:766} INFO - DAG(s) dict_keys(['example_branch_python_operator_decorator']) retrieved from /home/airflow/.local/lib/python3.7/site-packages/airflow/example_dags/example_branch_operator_decorator.py
[2025-01-29T23:42:00.291+0000] {logging_mixin.py:120} INFO - [2025-01-29T23:42:00.291+0000] {dag.py:2585} INFO - Sync 1 DAGs
[2025-01-29T23:42:00.324+0000] {logging_mixin.py:120} INFO - [2025-01-29T23:42:00.324+0000] {dag.py:3340} INFO - Setting next_dagrun for example_branch_python_operator_decorator to 2025-01-28T00:00:00+00:00, run_after=2025-01-29T00:00:00+00:00
[2025-01-29T23:42:00.347+0000] {processor.py:176} INFO - Processing /home/airflow/.local/lib/python3.7/site-packages/airflow/example_dags/example_branch_operator_decorator.py took 0.136 seconds
[2025-01-29T23:42:31.079+0000] {processor.py:154} INFO - Started process (PID=1365) to work on /home/airflow/.local/lib/python3.7/site-packages/airflow/example_dags/example_branch_operator_decorator.py
[2025-01-29T23:42:31.080+0000] {processor.py:756} INFO - Processing file /home/airflow/.local/lib/python3.7/site-packages/airflow/example_dags/example_branch_operator_decorator.py for tasks to queue
[2025-01-29T23:42:31.081+0000] {logging_mixin.py:120} INFO - [2025-01-29T23:42:31.080+0000] {dagbag.py:537} INFO - Filling up the DagBag from /home/airflow/.local/lib/python3.7/site-packages/airflow/example_dags/example_branch_operator_decorator.py
[2025-01-29T23:42:31.110+0000] {processor.py:766} INFO - DAG(s) dict_keys(['example_branch_python_operator_decorator']) retrieved from /home/airflow/.local/lib/python3.7/site-packages/airflow/example_dags/example_branch_operator_decorator.py
[2025-01-29T23:42:31.167+0000] {logging_mixin.py:120} INFO - [2025-01-29T23:42:31.167+0000] {dag.py:2585} INFO - Sync 1 DAGs
[2025-01-29T23:42:31.204+0000] {logging_mixin.py:120} INFO - [2025-01-29T23:42:31.204+0000] {dag.py:3340} INFO - Setting next_dagrun for example_branch_python_operator_decorator to 2025-01-28T00:00:00+00:00, run_after=2025-01-29T00:00:00+00:00
[2025-01-29T23:42:31.234+0000] {processor.py:176} INFO - Processing /home/airflow/.local/lib/python3.7/site-packages/airflow/example_dags/example_branch_operator_decorator.py took 0.159 seconds
[2025-01-29T23:43:01.750+0000] {processor.py:154} INFO - Started process (PID=1421) to work on /home/airflow/.local/lib/python3.7/site-packages/airflow/example_dags/example_branch_operator_decorator.py
[2025-01-29T23:43:01.751+0000] {processor.py:756} INFO - Processing file /home/airflow/.local/lib/python3.7/site-packages/airflow/example_dags/example_branch_operator_decorator.py for tasks to queue
[2025-01-29T23:43:01.752+0000] {logging_mixin.py:120} INFO - [2025-01-29T23:43:01.752+0000] {dagbag.py:537} INFO - Filling up the DagBag from /home/airflow/.local/lib/python3.7/site-packages/airflow/example_dags/example_branch_operator_decorator.py
[2025-01-29T23:43:01.775+0000] {processor.py:766} INFO - DAG(s) dict_keys(['example_branch_python_operator_decorator']) retrieved from /home/airflow/.local/lib/python3.7/site-packages/airflow/example_dags/example_branch_operator_decorator.py
[2025-01-29T23:43:01.828+0000] {logging_mixin.py:120} INFO - [2025-01-29T23:43:01.827+0000] {dag.py:2585} INFO - Sync 1 DAGs
[2025-01-29T23:43:01.863+0000] {logging_mixin.py:120} INFO - [2025-01-29T23:43:01.863+0000] {dag.py:3340} INFO - Setting next_dagrun for example_branch_python_operator_decorator to 2025-01-28T00:00:00+00:00, run_after=2025-01-29T00:00:00+00:00
[2025-01-29T23:43:01.888+0000] {processor.py:176} INFO - Processing /home/airflow/.local/lib/python3.7/site-packages/airflow/example_dags/example_branch_operator_decorator.py took 0.141 seconds
[2025-01-29T23:43:32.527+0000] {processor.py:154} INFO - Started process (PID=1485) to work on /home/airflow/.local/lib/python3.7/site-packages/airflow/example_dags/example_branch_operator_decorator.py
[2025-01-29T23:43:32.528+0000] {processor.py:756} INFO - Processing file /home/airflow/.local/lib/python3.7/site-packages/airflow/example_dags/example_branch_operator_decorator.py for tasks to queue
[2025-01-29T23:43:32.529+0000] {logging_mixin.py:120} INFO - [2025-01-29T23:43:32.528+0000] {dagbag.py:537} INFO - Filling up the DagBag from /home/airflow/.local/lib/python3.7/site-packages/airflow/example_dags/example_branch_operator_decorator.py
[2025-01-29T23:43:32.551+0000] {processor.py:766} INFO - DAG(s) dict_keys(['example_branch_python_operator_decorator']) retrieved from /home/airflow/.local/lib/python3.7/site-packages/airflow/example_dags/example_branch_operator_decorator.py
[2025-01-29T23:43:32.610+0000] {logging_mixin.py:120} INFO - [2025-01-29T23:43:32.610+0000] {dag.py:2585} INFO - Sync 1 DAGs
[2025-01-29T23:43:32.642+0000] {logging_mixin.py:120} INFO - [2025-01-29T23:43:32.642+0000] {dag.py:3340} INFO - Setting next_dagrun for example_branch_python_operator_decorator to 2025-01-28T00:00:00+00:00, run_after=2025-01-29T00:00:00+00:00
[2025-01-29T23:43:32.666+0000] {processor.py:176} INFO - Processing /home/airflow/.local/lib/python3.7/site-packages/airflow/example_dags/example_branch_operator_decorator.py took 0.141 seconds
[2025-01-29T23:44:03.061+0000] {processor.py:154} INFO - Started process (PID=1549) to work on /home/airflow/.local/lib/python3.7/site-packages/airflow/example_dags/example_branch_operator_decorator.py
[2025-01-29T23:44:03.062+0000] {processor.py:756} INFO - Processing file /home/airflow/.local/lib/python3.7/site-packages/airflow/example_dags/example_branch_operator_decorator.py for tasks to queue
[2025-01-29T23:44:03.063+0000] {logging_mixin.py:120} INFO - [2025-01-29T23:44:03.062+0000] {dagbag.py:537} INFO - Filling up the DagBag from /home/airflow/.local/lib/python3.7/site-packages/airflow/example_dags/example_branch_operator_decorator.py
[2025-01-29T23:44:03.086+0000] {processor.py:766} INFO - DAG(s) dict_keys(['example_branch_python_operator_decorator']) retrieved from /home/airflow/.local/lib/python3.7/site-packages/airflow/example_dags/example_branch_operator_decorator.py
[2025-01-29T23:44:03.143+0000] {logging_mixin.py:120} INFO - [2025-01-29T23:44:03.143+0000] {dag.py:2585} INFO - Sync 1 DAGs
[2025-01-29T23:44:03.180+0000] {logging_mixin.py:120} INFO - [2025-01-29T23:44:03.180+0000] {dag.py:3340} INFO - Setting next_dagrun for example_branch_python_operator_decorator to 2025-01-28T00:00:00+00:00, run_after=2025-01-29T00:00:00+00:00
[2025-01-29T23:44:03.209+0000] {processor.py:176} INFO - Processing /home/airflow/.local/lib/python3.7/site-packages/airflow/example_dags/example_branch_operator_decorator.py took 0.151 seconds
[2025-01-29T23:44:33.765+0000] {processor.py:154} INFO - Started process (PID=1604) to work on /home/airflow/.local/lib/python3.7/site-packages/airflow/example_dags/example_branch_operator_decorator.py
[2025-01-29T23:44:33.766+0000] {processor.py:756} INFO - Processing file /home/airflow/.local/lib/python3.7/site-packages/airflow/example_dags/example_branch_operator_decorator.py for tasks to queue
[2025-01-29T23:44:33.767+0000] {logging_mixin.py:120} INFO - [2025-01-29T23:44:33.767+0000] {dagbag.py:537} INFO - Filling up the DagBag from /home/airflow/.local/lib/python3.7/site-packages/airflow/example_dags/example_branch_operator_decorator.py
[2025-01-29T23:44:33.789+0000] {processor.py:766} INFO - DAG(s) dict_keys(['example_branch_python_operator_decorator']) retrieved from /home/airflow/.local/lib/python3.7/site-packages/airflow/example_dags/example_branch_operator_decorator.py
[2025-01-29T23:44:33.842+0000] {logging_mixin.py:120} INFO - [2025-01-29T23:44:33.842+0000] {dag.py:2585} INFO - Sync 1 DAGs
[2025-01-29T23:44:33.874+0000] {logging_mixin.py:120} INFO - [2025-01-29T23:44:33.874+0000] {dag.py:3340} INFO - Setting next_dagrun for example_branch_python_operator_decorator to 2025-01-28T00:00:00+00:00, run_after=2025-01-29T00:00:00+00:00
[2025-01-29T23:44:33.898+0000] {processor.py:176} INFO - Processing /home/airflow/.local/lib/python3.7/site-packages/airflow/example_dags/example_branch_operator_decorator.py took 0.136 seconds
[2025-01-29T23:45:04.145+0000] {processor.py:154} INFO - Started process (PID=1668) to work on /home/airflow/.local/lib/python3.7/site-packages/airflow/example_dags/example_branch_operator_decorator.py
[2025-01-29T23:45:04.146+0000] {processor.py:756} INFO - Processing file /home/airflow/.local/lib/python3.7/site-packages/airflow/example_dags/example_branch_operator_decorator.py for tasks to queue
[2025-01-29T23:45:04.147+0000] {logging_mixin.py:120} INFO - [2025-01-29T23:45:04.146+0000] {dagbag.py:537} INFO - Filling up the DagBag from /home/airflow/.local/lib/python3.7/site-packages/airflow/example_dags/example_branch_operator_decorator.py
[2025-01-29T23:45:04.173+0000] {processor.py:766} INFO - DAG(s) dict_keys(['example_branch_python_operator_decorator']) retrieved from /home/airflow/.local/lib/python3.7/site-packages/airflow/example_dags/example_branch_operator_decorator.py
[2025-01-29T23:45:04.237+0000] {logging_mixin.py:120} INFO - [2025-01-29T23:45:04.237+0000] {dag.py:2585} INFO - Sync 1 DAGs
[2025-01-29T23:45:04.270+0000] {logging_mixin.py:120} INFO - [2025-01-29T23:45:04.270+0000] {dag.py:3340} INFO - Setting next_dagrun for example_branch_python_operator_decorator to 2025-01-28T00:00:00+00:00, run_after=2025-01-29T00:00:00+00:00
[2025-01-29T23:45:04.293+0000] {processor.py:176} INFO - Processing /home/airflow/.local/lib/python3.7/site-packages/airflow/example_dags/example_branch_operator_decorator.py took 0.151 seconds
[2025-01-29T23:45:34.836+0000] {processor.py:154} INFO - Started process (PID=1732) to work on /home/airflow/.local/lib/python3.7/site-packages/airflow/example_dags/example_branch_operator_decorator.py
[2025-01-29T23:45:34.836+0000] {processor.py:756} INFO - Processing file /home/airflow/.local/lib/python3.7/site-packages/airflow/example_dags/example_branch_operator_decorator.py for tasks to queue
[2025-01-29T23:45:34.837+0000] {logging_mixin.py:120} INFO - [2025-01-29T23:45:34.837+0000] {dagbag.py:537} INFO - Filling up the DagBag from /home/airflow/.local/lib/python3.7/site-packages/airflow/example_dags/example_branch_operator_decorator.py
[2025-01-29T23:45:34.860+0000] {processor.py:766} INFO - DAG(s) dict_keys(['example_branch_python_operator_decorator']) retrieved from /home/airflow/.local/lib/python3.7/site-packages/airflow/example_dags/example_branch_operator_decorator.py
[2025-01-29T23:45:34.913+0000] {logging_mixin.py:120} INFO - [2025-01-29T23:45:34.913+0000] {dag.py:2585} INFO - Sync 1 DAGs
[2025-01-29T23:45:34.946+0000] {logging_mixin.py:120} INFO - [2025-01-29T23:45:34.946+0000] {dag.py:3340} INFO - Setting next_dagrun for example_branch_python_operator_decorator to 2025-01-28T00:00:00+00:00, run_after=2025-01-29T00:00:00+00:00
[2025-01-29T23:45:34.967+0000] {processor.py:176} INFO - Processing /home/airflow/.local/lib/python3.7/site-packages/airflow/example_dags/example_branch_operator_decorator.py took 0.134 seconds
[2025-01-29T23:46:05.559+0000] {processor.py:154} INFO - Started process (PID=1796) to work on /home/airflow/.local/lib/python3.7/site-packages/airflow/example_dags/example_branch_operator_decorator.py
[2025-01-29T23:46:05.560+0000] {processor.py:756} INFO - Processing file /home/airflow/.local/lib/python3.7/site-packages/airflow/example_dags/example_branch_operator_decorator.py for tasks to queue
[2025-01-29T23:46:05.560+0000] {logging_mixin.py:120} INFO - [2025-01-29T23:46:05.560+0000] {dagbag.py:537} INFO - Filling up the DagBag from /home/airflow/.local/lib/python3.7/site-packages/airflow/example_dags/example_branch_operator_decorator.py
[2025-01-29T23:46:05.583+0000] {processor.py:766} INFO - DAG(s) dict_keys(['example_branch_python_operator_decorator']) retrieved from /home/airflow/.local/lib/python3.7/site-packages/airflow/example_dags/example_branch_operator_decorator.py
[2025-01-29T23:46:05.639+0000] {logging_mixin.py:120} INFO - [2025-01-29T23:46:05.639+0000] {dag.py:2585} INFO - Sync 1 DAGs
[2025-01-29T23:46:05.675+0000] {logging_mixin.py:120} INFO - [2025-01-29T23:46:05.675+0000] {dag.py:3340} INFO - Setting next_dagrun for example_branch_python_operator_decorator to 2025-01-28T00:00:00+00:00, run_after=2025-01-29T00:00:00+00:00
[2025-01-29T23:46:05.705+0000] {processor.py:176} INFO - Processing /home/airflow/.local/lib/python3.7/site-packages/airflow/example_dags/example_branch_operator_decorator.py took 0.149 seconds
[2025-01-29T23:46:35.943+0000] {processor.py:154} INFO - Started process (PID=1851) to work on /home/airflow/.local/lib/python3.7/site-packages/airflow/example_dags/example_branch_operator_decorator.py
[2025-01-29T23:46:35.944+0000] {processor.py:756} INFO - Processing file /home/airflow/.local/lib/python3.7/site-packages/airflow/example_dags/example_branch_operator_decorator.py for tasks to queue
[2025-01-29T23:46:35.944+0000] {logging_mixin.py:120} INFO - [2025-01-29T23:46:35.944+0000] {dagbag.py:537} INFO - Filling up the DagBag from /home/airflow/.local/lib/python3.7/site-packages/airflow/example_dags/example_branch_operator_decorator.py
[2025-01-29T23:46:35.969+0000] {processor.py:766} INFO - DAG(s) dict_keys(['example_branch_python_operator_decorator']) retrieved from /home/airflow/.local/lib/python3.7/site-packages/airflow/example_dags/example_branch_operator_decorator.py
[2025-01-29T23:46:36.023+0000] {logging_mixin.py:120} INFO - [2025-01-29T23:46:36.022+0000] {dag.py:2585} INFO - Sync 1 DAGs
[2025-01-29T23:46:36.058+0000] {logging_mixin.py:120} INFO - [2025-01-29T23:46:36.058+0000] {dag.py:3340} INFO - Setting next_dagrun for example_branch_python_operator_decorator to 2025-01-28T00:00:00+00:00, run_after=2025-01-29T00:00:00+00:00
[2025-01-29T23:46:36.087+0000] {processor.py:176} INFO - Processing /home/airflow/.local/lib/python3.7/site-packages/airflow/example_dags/example_branch_operator_decorator.py took 0.147 seconds
[2025-01-29T23:47:06.157+0000] {processor.py:154} INFO - Started process (PID=1915) to work on /home/airflow/.local/lib/python3.7/site-packages/airflow/example_dags/example_branch_operator_decorator.py
[2025-01-29T23:47:06.157+0000] {processor.py:756} INFO - Processing file /home/airflow/.local/lib/python3.7/site-packages/airflow/example_dags/example_branch_operator_decorator.py for tasks to queue
[2025-01-29T23:47:06.158+0000] {logging_mixin.py:120} INFO - [2025-01-29T23:47:06.158+0000] {dagbag.py:537} INFO - Filling up the DagBag from /home/airflow/.local/lib/python3.7/site-packages/airflow/example_dags/example_branch_operator_decorator.py
[2025-01-29T23:47:06.180+0000] {processor.py:766} INFO - DAG(s) dict_keys(['example_branch_python_operator_decorator']) retrieved from /home/airflow/.local/lib/python3.7/site-packages/airflow/example_dags/example_branch_operator_decorator.py
[2025-01-29T23:47:06.232+0000] {logging_mixin.py:120} INFO - [2025-01-29T23:47:06.232+0000] {dag.py:2585} INFO - Sync 1 DAGs
[2025-01-29T23:47:06.265+0000] {logging_mixin.py:120} INFO - [2025-01-29T23:47:06.265+0000] {dag.py:3340} INFO - Setting next_dagrun for example_branch_python_operator_decorator to 2025-01-28T00:00:00+00:00, run_after=2025-01-29T00:00:00+00:00
[2025-01-29T23:47:06.288+0000] {processor.py:176} INFO - Processing /home/airflow/.local/lib/python3.7/site-packages/airflow/example_dags/example_branch_operator_decorator.py took 0.134 seconds
[2025-01-29T23:47:36.821+0000] {processor.py:154} INFO - Started process (PID=1979) to work on /home/airflow/.local/lib/python3.7/site-packages/airflow/example_dags/example_branch_operator_decorator.py
[2025-01-29T23:47:36.821+0000] {processor.py:756} INFO - Processing file /home/airflow/.local/lib/python3.7/site-packages/airflow/example_dags/example_branch_operator_decorator.py for tasks to queue
[2025-01-29T23:47:36.822+0000] {logging_mixin.py:120} INFO - [2025-01-29T23:47:36.822+0000] {dagbag.py:537} INFO - Filling up the DagBag from /home/airflow/.local/lib/python3.7/site-packages/airflow/example_dags/example_branch_operator_decorator.py
[2025-01-29T23:47:36.844+0000] {processor.py:766} INFO - DAG(s) dict_keys(['example_branch_python_operator_decorator']) retrieved from /home/airflow/.local/lib/python3.7/site-packages/airflow/example_dags/example_branch_operator_decorator.py
[2025-01-29T23:47:36.898+0000] {logging_mixin.py:120} INFO - [2025-01-29T23:47:36.898+0000] {dag.py:2585} INFO - Sync 1 DAGs
[2025-01-29T23:47:36.930+0000] {logging_mixin.py:120} INFO - [2025-01-29T23:47:36.930+0000] {dag.py:3340} INFO - Setting next_dagrun for example_branch_python_operator_decorator to 2025-01-28T00:00:00+00:00, run_after=2025-01-29T00:00:00+00:00
[2025-01-29T23:47:36.952+0000] {processor.py:176} INFO - Processing /home/airflow/.local/lib/python3.7/site-packages/airflow/example_dags/example_branch_operator_decorator.py took 0.134 seconds
[2025-01-29T23:48:07.730+0000] {processor.py:154} INFO - Started process (PID=2034) to work on /home/airflow/.local/lib/python3.7/site-packages/airflow/example_dags/example_branch_operator_decorator.py
[2025-01-29T23:48:07.732+0000] {processor.py:756} INFO - Processing file /home/airflow/.local/lib/python3.7/site-packages/airflow/example_dags/example_branch_operator_decorator.py for tasks to queue
[2025-01-29T23:48:07.732+0000] {logging_mixin.py:120} INFO - [2025-01-29T23:48:07.732+0000] {dagbag.py:537} INFO - Filling up the DagBag from /home/airflow/.local/lib/python3.7/site-packages/airflow/example_dags/example_branch_operator_decorator.py
[2025-01-29T23:48:07.754+0000] {processor.py:766} INFO - DAG(s) dict_keys(['example_branch_python_operator_decorator']) retrieved from /home/airflow/.local/lib/python3.7/site-packages/airflow/example_dags/example_branch_operator_decorator.py
[2025-01-29T23:48:07.818+0000] {logging_mixin.py:120} INFO - [2025-01-29T23:48:07.818+0000] {dag.py:2585} INFO - Sync 1 DAGs
[2025-01-29T23:48:07.858+0000] {logging_mixin.py:120} INFO - [2025-01-29T23:48:07.858+0000] {dag.py:3340} INFO - Setting next_dagrun for example_branch_python_operator_decorator to 2025-01-28T00:00:00+00:00, run_after=2025-01-29T00:00:00+00:00
[2025-01-29T23:48:07.883+0000] {processor.py:176} INFO - Processing /home/airflow/.local/lib/python3.7/site-packages/airflow/example_dags/example_branch_operator_decorator.py took 0.155 seconds
[2025-01-29T23:48:38.710+0000] {processor.py:154} INFO - Started process (PID=2098) to work on /home/airflow/.local/lib/python3.7/site-packages/airflow/example_dags/example_branch_operator_decorator.py
[2025-01-29T23:48:38.711+0000] {processor.py:756} INFO - Processing file /home/airflow/.local/lib/python3.7/site-packages/airflow/example_dags/example_branch_operator_decorator.py for tasks to queue
[2025-01-29T23:48:38.712+0000] {logging_mixin.py:120} INFO - [2025-01-29T23:48:38.712+0000] {dagbag.py:537} INFO - Filling up the DagBag from /home/airflow/.local/lib/python3.7/site-packages/airflow/example_dags/example_branch_operator_decorator.py
[2025-01-29T23:48:38.735+0000] {processor.py:766} INFO - DAG(s) dict_keys(['example_branch_python_operator_decorator']) retrieved from /home/airflow/.local/lib/python3.7/site-packages/airflow/example_dags/example_branch_operator_decorator.py
[2025-01-29T23:48:38.790+0000] {logging_mixin.py:120} INFO - [2025-01-29T23:48:38.790+0000] {dag.py:2585} INFO - Sync 1 DAGs
[2025-01-29T23:48:38.825+0000] {logging_mixin.py:120} INFO - [2025-01-29T23:48:38.825+0000] {dag.py:3340} INFO - Setting next_dagrun for example_branch_python_operator_decorator to 2025-01-28T00:00:00+00:00, run_after=2025-01-29T00:00:00+00:00
[2025-01-29T23:48:38.849+0000] {processor.py:176} INFO - Processing /home/airflow/.local/lib/python3.7/site-packages/airflow/example_dags/example_branch_operator_decorator.py took 0.141 seconds
[2025-01-29T23:49:08.985+0000] {processor.py:154} INFO - Started process (PID=2162) to work on /home/airflow/.local/lib/python3.7/site-packages/airflow/example_dags/example_branch_operator_decorator.py
[2025-01-29T23:49:08.986+0000] {processor.py:756} INFO - Processing file /home/airflow/.local/lib/python3.7/site-packages/airflow/example_dags/example_branch_operator_decorator.py for tasks to queue
[2025-01-29T23:49:08.987+0000] {logging_mixin.py:120} INFO - [2025-01-29T23:49:08.987+0000] {dagbag.py:537} INFO - Filling up the DagBag from /home/airflow/.local/lib/python3.7/site-packages/airflow/example_dags/example_branch_operator_decorator.py
[2025-01-29T23:49:09.040+0000] {processor.py:766} INFO - DAG(s) dict_keys(['example_branch_python_operator_decorator']) retrieved from /home/airflow/.local/lib/python3.7/site-packages/airflow/example_dags/example_branch_operator_decorator.py
[2025-01-29T23:49:09.125+0000] {logging_mixin.py:120} INFO - [2025-01-29T23:49:09.125+0000] {dag.py:2585} INFO - Sync 1 DAGs
[2025-01-29T23:49:09.171+0000] {logging_mixin.py:120} INFO - [2025-01-29T23:49:09.171+0000] {dag.py:3340} INFO - Setting next_dagrun for example_branch_python_operator_decorator to 2025-01-28T00:00:00+00:00, run_after=2025-01-29T00:00:00+00:00
[2025-01-29T23:49:09.203+0000] {processor.py:176} INFO - Processing /home/airflow/.local/lib/python3.7/site-packages/airflow/example_dags/example_branch_operator_decorator.py took 0.222 seconds
[2025-01-29T23:49:39.360+0000] {processor.py:154} INFO - Started process (PID=2217) to work on /home/airflow/.local/lib/python3.7/site-packages/airflow/example_dags/example_branch_operator_decorator.py
[2025-01-29T23:49:39.361+0000] {processor.py:756} INFO - Processing file /home/airflow/.local/lib/python3.7/site-packages/airflow/example_dags/example_branch_operator_decorator.py for tasks to queue
[2025-01-29T23:49:39.362+0000] {logging_mixin.py:120} INFO - [2025-01-29T23:49:39.362+0000] {dagbag.py:537} INFO - Filling up the DagBag from /home/airflow/.local/lib/python3.7/site-packages/airflow/example_dags/example_branch_operator_decorator.py
[2025-01-29T23:49:39.387+0000] {processor.py:766} INFO - DAG(s) dict_keys(['example_branch_python_operator_decorator']) retrieved from /home/airflow/.local/lib/python3.7/site-packages/airflow/example_dags/example_branch_operator_decorator.py
[2025-01-29T23:49:39.447+0000] {logging_mixin.py:120} INFO - [2025-01-29T23:49:39.446+0000] {dag.py:2585} INFO - Sync 1 DAGs
[2025-01-29T23:49:39.480+0000] {logging_mixin.py:120} INFO - [2025-01-29T23:49:39.480+0000] {dag.py:3340} INFO - Setting next_dagrun for example_branch_python_operator_decorator to 2025-01-28T00:00:00+00:00, run_after=2025-01-29T00:00:00+00:00
[2025-01-29T23:49:39.504+0000] {processor.py:176} INFO - Processing /home/airflow/.local/lib/python3.7/site-packages/airflow/example_dags/example_branch_operator_decorator.py took 0.148 seconds
[2025-01-29T23:50:09.723+0000] {processor.py:154} INFO - Started process (PID=2281) to work on /home/airflow/.local/lib/python3.7/site-packages/airflow/example_dags/example_branch_operator_decorator.py
[2025-01-29T23:50:09.724+0000] {processor.py:756} INFO - Processing file /home/airflow/.local/lib/python3.7/site-packages/airflow/example_dags/example_branch_operator_decorator.py for tasks to queue
[2025-01-29T23:50:09.725+0000] {logging_mixin.py:120} INFO - [2025-01-29T23:50:09.725+0000] {dagbag.py:537} INFO - Filling up the DagBag from /home/airflow/.local/lib/python3.7/site-packages/airflow/example_dags/example_branch_operator_decorator.py
[2025-01-29T23:50:09.755+0000] {processor.py:766} INFO - DAG(s) dict_keys(['example_branch_python_operator_decorator']) retrieved from /home/airflow/.local/lib/python3.7/site-packages/airflow/example_dags/example_branch_operator_decorator.py
[2025-01-29T23:50:09.813+0000] {logging_mixin.py:120} INFO - [2025-01-29T23:50:09.813+0000] {dag.py:2585} INFO - Sync 1 DAGs
[2025-01-29T23:50:09.845+0000] {logging_mixin.py:120} INFO - [2025-01-29T23:50:09.845+0000] {dag.py:3340} INFO - Setting next_dagrun for example_branch_python_operator_decorator to 2025-01-28T00:00:00+00:00, run_after=2025-01-29T00:00:00+00:00
[2025-01-29T23:50:09.869+0000] {processor.py:176} INFO - Processing /home/airflow/.local/lib/python3.7/site-packages/airflow/example_dags/example_branch_operator_decorator.py took 0.148 seconds
[2025-01-29T23:50:40.160+0000] {processor.py:154} INFO - Started process (PID=2345) to work on /home/airflow/.local/lib/python3.7/site-packages/airflow/example_dags/example_branch_operator_decorator.py
[2025-01-29T23:50:40.161+0000] {processor.py:756} INFO - Processing file /home/airflow/.local/lib/python3.7/site-packages/airflow/example_dags/example_branch_operator_decorator.py for tasks to queue
[2025-01-29T23:50:40.162+0000] {logging_mixin.py:120} INFO - [2025-01-29T23:50:40.162+0000] {dagbag.py:537} INFO - Filling up the DagBag from /home/airflow/.local/lib/python3.7/site-packages/airflow/example_dags/example_branch_operator_decorator.py
[2025-01-29T23:50:40.184+0000] {processor.py:766} INFO - DAG(s) dict_keys(['example_branch_python_operator_decorator']) retrieved from /home/airflow/.local/lib/python3.7/site-packages/airflow/example_dags/example_branch_operator_decorator.py
[2025-01-29T23:50:40.240+0000] {logging_mixin.py:120} INFO - [2025-01-29T23:50:40.239+0000] {dag.py:2585} INFO - Sync 1 DAGs
[2025-01-29T23:50:40.272+0000] {logging_mixin.py:120} INFO - [2025-01-29T23:50:40.272+0000] {dag.py:3340} INFO - Setting next_dagrun for example_branch_python_operator_decorator to 2025-01-28T00:00:00+00:00, run_after=2025-01-29T00:00:00+00:00
[2025-01-29T23:50:40.294+0000] {processor.py:176} INFO - Processing /home/airflow/.local/lib/python3.7/site-packages/airflow/example_dags/example_branch_operator_decorator.py took 0.137 seconds
[2025-01-29T23:51:10.882+0000] {processor.py:154} INFO - Started process (PID=2408) to work on /home/airflow/.local/lib/python3.7/site-packages/airflow/example_dags/example_branch_operator_decorator.py
[2025-01-29T23:51:10.883+0000] {processor.py:756} INFO - Processing file /home/airflow/.local/lib/python3.7/site-packages/airflow/example_dags/example_branch_operator_decorator.py for tasks to queue
[2025-01-29T23:51:10.884+0000] {logging_mixin.py:120} INFO - [2025-01-29T23:51:10.883+0000] {dagbag.py:537} INFO - Filling up the DagBag from /home/airflow/.local/lib/python3.7/site-packages/airflow/example_dags/example_branch_operator_decorator.py
[2025-01-29T23:51:10.910+0000] {processor.py:766} INFO - DAG(s) dict_keys(['example_branch_python_operator_decorator']) retrieved from /home/airflow/.local/lib/python3.7/site-packages/airflow/example_dags/example_branch_operator_decorator.py
[2025-01-29T23:51:10.971+0000] {logging_mixin.py:120} INFO - [2025-01-29T23:51:10.971+0000] {dag.py:2585} INFO - Sync 1 DAGs
[2025-01-29T23:51:11.008+0000] {logging_mixin.py:120} INFO - [2025-01-29T23:51:11.008+0000] {dag.py:3340} INFO - Setting next_dagrun for example_branch_python_operator_decorator to 2025-01-28T00:00:00+00:00, run_after=2025-01-29T00:00:00+00:00
[2025-01-29T23:51:11.032+0000] {processor.py:176} INFO - Processing /home/airflow/.local/lib/python3.7/site-packages/airflow/example_dags/example_branch_operator_decorator.py took 0.153 seconds
[2025-01-29T23:51:41.814+0000] {processor.py:154} INFO - Started process (PID=2465) to work on /home/airflow/.local/lib/python3.7/site-packages/airflow/example_dags/example_branch_operator_decorator.py
[2025-01-29T23:51:41.815+0000] {processor.py:756} INFO - Processing file /home/airflow/.local/lib/python3.7/site-packages/airflow/example_dags/example_branch_operator_decorator.py for tasks to queue
[2025-01-29T23:51:41.816+0000] {logging_mixin.py:120} INFO - [2025-01-29T23:51:41.815+0000] {dagbag.py:537} INFO - Filling up the DagBag from /home/airflow/.local/lib/python3.7/site-packages/airflow/example_dags/example_branch_operator_decorator.py
[2025-01-29T23:51:41.845+0000] {processor.py:766} INFO - DAG(s) dict_keys(['example_branch_python_operator_decorator']) retrieved from /home/airflow/.local/lib/python3.7/site-packages/airflow/example_dags/example_branch_operator_decorator.py
[2025-01-29T23:51:41.911+0000] {logging_mixin.py:120} INFO - [2025-01-29T23:51:41.911+0000] {dag.py:2585} INFO - Sync 1 DAGs
[2025-01-29T23:51:41.956+0000] {logging_mixin.py:120} INFO - [2025-01-29T23:51:41.956+0000] {dag.py:3340} INFO - Setting next_dagrun for example_branch_python_operator_decorator to 2025-01-28T00:00:00+00:00, run_after=2025-01-29T00:00:00+00:00
[2025-01-29T23:51:41.989+0000] {processor.py:176} INFO - Processing /home/airflow/.local/lib/python3.7/site-packages/airflow/example_dags/example_branch_operator_decorator.py took 0.178 seconds
[2025-01-29T23:52:12.365+0000] {processor.py:154} INFO - Started process (PID=2529) to work on /home/airflow/.local/lib/python3.7/site-packages/airflow/example_dags/example_branch_operator_decorator.py
[2025-01-29T23:52:12.366+0000] {processor.py:756} INFO - Processing file /home/airflow/.local/lib/python3.7/site-packages/airflow/example_dags/example_branch_operator_decorator.py for tasks to queue
[2025-01-29T23:52:12.366+0000] {logging_mixin.py:120} INFO - [2025-01-29T23:52:12.366+0000] {dagbag.py:537} INFO - Filling up the DagBag from /home/airflow/.local/lib/python3.7/site-packages/airflow/example_dags/example_branch_operator_decorator.py
[2025-01-29T23:52:12.388+0000] {processor.py:766} INFO - DAG(s) dict_keys(['example_branch_python_operator_decorator']) retrieved from /home/airflow/.local/lib/python3.7/site-packages/airflow/example_dags/example_branch_operator_decorator.py
[2025-01-29T23:52:12.442+0000] {logging_mixin.py:120} INFO - [2025-01-29T23:52:12.442+0000] {dag.py:2585} INFO - Sync 1 DAGs
[2025-01-29T23:52:12.474+0000] {logging_mixin.py:120} INFO - [2025-01-29T23:52:12.474+0000] {dag.py:3340} INFO - Setting next_dagrun for example_branch_python_operator_decorator to 2025-01-28T00:00:00+00:00, run_after=2025-01-29T00:00:00+00:00
[2025-01-29T23:52:12.496+0000] {processor.py:176} INFO - Processing /home/airflow/.local/lib/python3.7/site-packages/airflow/example_dags/example_branch_operator_decorator.py took 0.134 seconds
[2025-01-29T23:52:43.139+0000] {processor.py:154} INFO - Started process (PID=2593) to work on /home/airflow/.local/lib/python3.7/site-packages/airflow/example_dags/example_branch_operator_decorator.py
[2025-01-29T23:52:43.139+0000] {processor.py:756} INFO - Processing file /home/airflow/.local/lib/python3.7/site-packages/airflow/example_dags/example_branch_operator_decorator.py for tasks to queue
[2025-01-29T23:52:43.140+0000] {logging_mixin.py:120} INFO - [2025-01-29T23:52:43.140+0000] {dagbag.py:537} INFO - Filling up the DagBag from /home/airflow/.local/lib/python3.7/site-packages/airflow/example_dags/example_branch_operator_decorator.py
[2025-01-29T23:52:43.163+0000] {processor.py:766} INFO - DAG(s) dict_keys(['example_branch_python_operator_decorator']) retrieved from /home/airflow/.local/lib/python3.7/site-packages/airflow/example_dags/example_branch_operator_decorator.py
[2025-01-29T23:52:43.221+0000] {logging_mixin.py:120} INFO - [2025-01-29T23:52:43.220+0000] {dag.py:2585} INFO - Sync 1 DAGs
[2025-01-29T23:52:43.262+0000] {logging_mixin.py:120} INFO - [2025-01-29T23:52:43.262+0000] {dag.py:3340} INFO - Setting next_dagrun for example_branch_python_operator_decorator to 2025-01-28T00:00:00+00:00, run_after=2025-01-29T00:00:00+00:00
[2025-01-29T23:52:43.296+0000] {processor.py:176} INFO - Processing /home/airflow/.local/lib/python3.7/site-packages/airflow/example_dags/example_branch_operator_decorator.py took 0.161 seconds
[2025-01-29T23:53:13.506+0000] {processor.py:154} INFO - Started process (PID=2648) to work on /home/airflow/.local/lib/python3.7/site-packages/airflow/example_dags/example_branch_operator_decorator.py
[2025-01-29T23:53:13.507+0000] {processor.py:756} INFO - Processing file /home/airflow/.local/lib/python3.7/site-packages/airflow/example_dags/example_branch_operator_decorator.py for tasks to queue
[2025-01-29T23:53:13.508+0000] {logging_mixin.py:120} INFO - [2025-01-29T23:53:13.507+0000] {dagbag.py:537} INFO - Filling up the DagBag from /home/airflow/.local/lib/python3.7/site-packages/airflow/example_dags/example_branch_operator_decorator.py
[2025-01-29T23:53:13.529+0000] {processor.py:766} INFO - DAG(s) dict_keys(['example_branch_python_operator_decorator']) retrieved from /home/airflow/.local/lib/python3.7/site-packages/airflow/example_dags/example_branch_operator_decorator.py
[2025-01-29T23:53:13.582+0000] {logging_mixin.py:120} INFO - [2025-01-29T23:53:13.582+0000] {dag.py:2585} INFO - Sync 1 DAGs
[2025-01-29T23:53:13.615+0000] {logging_mixin.py:120} INFO - [2025-01-29T23:53:13.614+0000] {dag.py:3340} INFO - Setting next_dagrun for example_branch_python_operator_decorator to 2025-01-28T00:00:00+00:00, run_after=2025-01-29T00:00:00+00:00
[2025-01-29T23:53:13.636+0000] {processor.py:176} INFO - Processing /home/airflow/.local/lib/python3.7/site-packages/airflow/example_dags/example_branch_operator_decorator.py took 0.133 seconds
[2025-01-29T23:53:44.660+0000] {processor.py:154} INFO - Started process (PID=2712) to work on /home/airflow/.local/lib/python3.7/site-packages/airflow/example_dags/example_branch_operator_decorator.py
[2025-01-29T23:53:44.661+0000] {processor.py:756} INFO - Processing file /home/airflow/.local/lib/python3.7/site-packages/airflow/example_dags/example_branch_operator_decorator.py for tasks to queue
[2025-01-29T23:53:44.662+0000] {logging_mixin.py:120} INFO - [2025-01-29T23:53:44.662+0000] {dagbag.py:537} INFO - Filling up the DagBag from /home/airflow/.local/lib/python3.7/site-packages/airflow/example_dags/example_branch_operator_decorator.py
[2025-01-29T23:53:44.683+0000] {processor.py:766} INFO - DAG(s) dict_keys(['example_branch_python_operator_decorator']) retrieved from /home/airflow/.local/lib/python3.7/site-packages/airflow/example_dags/example_branch_operator_decorator.py
[2025-01-29T23:53:44.739+0000] {logging_mixin.py:120} INFO - [2025-01-29T23:53:44.739+0000] {dag.py:2585} INFO - Sync 1 DAGs
[2025-01-29T23:53:44.772+0000] {logging_mixin.py:120} INFO - [2025-01-29T23:53:44.772+0000] {dag.py:3340} INFO - Setting next_dagrun for example_branch_python_operator_decorator to 2025-01-28T00:00:00+00:00, run_after=2025-01-29T00:00:00+00:00
[2025-01-29T23:53:44.795+0000] {processor.py:176} INFO - Processing /home/airflow/.local/lib/python3.7/site-packages/airflow/example_dags/example_branch_operator_decorator.py took 0.138 seconds
[2025-01-29T23:54:15.072+0000] {processor.py:154} INFO - Started process (PID=2776) to work on /home/airflow/.local/lib/python3.7/site-packages/airflow/example_dags/example_branch_operator_decorator.py
[2025-01-29T23:54:15.073+0000] {processor.py:756} INFO - Processing file /home/airflow/.local/lib/python3.7/site-packages/airflow/example_dags/example_branch_operator_decorator.py for tasks to queue
[2025-01-29T23:54:15.073+0000] {logging_mixin.py:120} INFO - [2025-01-29T23:54:15.073+0000] {dagbag.py:537} INFO - Filling up the DagBag from /home/airflow/.local/lib/python3.7/site-packages/airflow/example_dags/example_branch_operator_decorator.py
[2025-01-29T23:54:15.096+0000] {processor.py:766} INFO - DAG(s) dict_keys(['example_branch_python_operator_decorator']) retrieved from /home/airflow/.local/lib/python3.7/site-packages/airflow/example_dags/example_branch_operator_decorator.py
[2025-01-29T23:54:15.150+0000] {logging_mixin.py:120} INFO - [2025-01-29T23:54:15.150+0000] {dag.py:2585} INFO - Sync 1 DAGs
[2025-01-29T23:54:15.184+0000] {logging_mixin.py:120} INFO - [2025-01-29T23:54:15.184+0000] {dag.py:3340} INFO - Setting next_dagrun for example_branch_python_operator_decorator to 2025-01-28T00:00:00+00:00, run_after=2025-01-29T00:00:00+00:00
[2025-01-29T23:54:15.208+0000] {processor.py:176} INFO - Processing /home/airflow/.local/lib/python3.7/site-packages/airflow/example_dags/example_branch_operator_decorator.py took 0.139 seconds
[2025-01-29T23:54:45.676+0000] {processor.py:154} INFO - Started process (PID=2831) to work on /home/airflow/.local/lib/python3.7/site-packages/airflow/example_dags/example_branch_operator_decorator.py
[2025-01-29T23:54:45.677+0000] {processor.py:756} INFO - Processing file /home/airflow/.local/lib/python3.7/site-packages/airflow/example_dags/example_branch_operator_decorator.py for tasks to queue
[2025-01-29T23:54:45.679+0000] {logging_mixin.py:120} INFO - [2025-01-29T23:54:45.678+0000] {dagbag.py:537} INFO - Filling up the DagBag from /home/airflow/.local/lib/python3.7/site-packages/airflow/example_dags/example_branch_operator_decorator.py
[2025-01-29T23:54:45.704+0000] {processor.py:766} INFO - DAG(s) dict_keys(['example_branch_python_operator_decorator']) retrieved from /home/airflow/.local/lib/python3.7/site-packages/airflow/example_dags/example_branch_operator_decorator.py
[2025-01-29T23:54:45.765+0000] {logging_mixin.py:120} INFO - [2025-01-29T23:54:45.765+0000] {dag.py:2585} INFO - Sync 1 DAGs
[2025-01-29T23:54:45.800+0000] {logging_mixin.py:120} INFO - [2025-01-29T23:54:45.800+0000] {dag.py:3340} INFO - Setting next_dagrun for example_branch_python_operator_decorator to 2025-01-28T00:00:00+00:00, run_after=2025-01-29T00:00:00+00:00
[2025-01-29T23:54:45.825+0000] {processor.py:176} INFO - Processing /home/airflow/.local/lib/python3.7/site-packages/airflow/example_dags/example_branch_operator_decorator.py took 0.152 seconds
[2025-01-29T23:55:15.957+0000] {processor.py:154} INFO - Started process (PID=2895) to work on /home/airflow/.local/lib/python3.7/site-packages/airflow/example_dags/example_branch_operator_decorator.py
[2025-01-29T23:55:15.958+0000] {processor.py:756} INFO - Processing file /home/airflow/.local/lib/python3.7/site-packages/airflow/example_dags/example_branch_operator_decorator.py for tasks to queue
[2025-01-29T23:55:15.959+0000] {logging_mixin.py:120} INFO - [2025-01-29T23:55:15.959+0000] {dagbag.py:537} INFO - Filling up the DagBag from /home/airflow/.local/lib/python3.7/site-packages/airflow/example_dags/example_branch_operator_decorator.py
[2025-01-29T23:55:15.981+0000] {processor.py:766} INFO - DAG(s) dict_keys(['example_branch_python_operator_decorator']) retrieved from /home/airflow/.local/lib/python3.7/site-packages/airflow/example_dags/example_branch_operator_decorator.py
[2025-01-29T23:55:16.031+0000] {logging_mixin.py:120} INFO - [2025-01-29T23:55:16.031+0000] {dag.py:2585} INFO - Sync 1 DAGs
[2025-01-29T23:55:16.064+0000] {logging_mixin.py:120} INFO - [2025-01-29T23:55:16.063+0000] {dag.py:3340} INFO - Setting next_dagrun for example_branch_python_operator_decorator to 2025-01-28T00:00:00+00:00, run_after=2025-01-29T00:00:00+00:00
[2025-01-29T23:55:16.087+0000] {processor.py:176} INFO - Processing /home/airflow/.local/lib/python3.7/site-packages/airflow/example_dags/example_branch_operator_decorator.py took 0.132 seconds
[2025-01-29T23:55:46.346+0000] {processor.py:154} INFO - Started process (PID=2959) to work on /home/airflow/.local/lib/python3.7/site-packages/airflow/example_dags/example_branch_operator_decorator.py
[2025-01-29T23:55:46.347+0000] {processor.py:756} INFO - Processing file /home/airflow/.local/lib/python3.7/site-packages/airflow/example_dags/example_branch_operator_decorator.py for tasks to queue
[2025-01-29T23:55:46.348+0000] {logging_mixin.py:120} INFO - [2025-01-29T23:55:46.348+0000] {dagbag.py:537} INFO - Filling up the DagBag from /home/airflow/.local/lib/python3.7/site-packages/airflow/example_dags/example_branch_operator_decorator.py
[2025-01-29T23:55:46.373+0000] {processor.py:766} INFO - DAG(s) dict_keys(['example_branch_python_operator_decorator']) retrieved from /home/airflow/.local/lib/python3.7/site-packages/airflow/example_dags/example_branch_operator_decorator.py
[2025-01-29T23:55:46.430+0000] {logging_mixin.py:120} INFO - [2025-01-29T23:55:46.429+0000] {dag.py:2585} INFO - Sync 1 DAGs
[2025-01-29T23:55:46.464+0000] {logging_mixin.py:120} INFO - [2025-01-29T23:55:46.464+0000] {dag.py:3340} INFO - Setting next_dagrun for example_branch_python_operator_decorator to 2025-01-28T00:00:00+00:00, run_after=2025-01-29T00:00:00+00:00
[2025-01-29T23:55:46.487+0000] {processor.py:176} INFO - Processing /home/airflow/.local/lib/python3.7/site-packages/airflow/example_dags/example_branch_operator_decorator.py took 0.145 seconds
[2025-01-29T23:56:16.816+0000] {processor.py:154} INFO - Started process (PID=3014) to work on /home/airflow/.local/lib/python3.7/site-packages/airflow/example_dags/example_branch_operator_decorator.py
[2025-01-29T23:56:16.817+0000] {processor.py:756} INFO - Processing file /home/airflow/.local/lib/python3.7/site-packages/airflow/example_dags/example_branch_operator_decorator.py for tasks to queue
[2025-01-29T23:56:16.819+0000] {logging_mixin.py:120} INFO - [2025-01-29T23:56:16.818+0000] {dagbag.py:537} INFO - Filling up the DagBag from /home/airflow/.local/lib/python3.7/site-packages/airflow/example_dags/example_branch_operator_decorator.py
[2025-01-29T23:56:16.844+0000] {processor.py:766} INFO - DAG(s) dict_keys(['example_branch_python_operator_decorator']) retrieved from /home/airflow/.local/lib/python3.7/site-packages/airflow/example_dags/example_branch_operator_decorator.py
[2025-01-29T23:56:16.910+0000] {logging_mixin.py:120} INFO - [2025-01-29T23:56:16.910+0000] {dag.py:2585} INFO - Sync 1 DAGs
[2025-01-29T23:56:16.944+0000] {logging_mixin.py:120} INFO - [2025-01-29T23:56:16.943+0000] {dag.py:3340} INFO - Setting next_dagrun for example_branch_python_operator_decorator to 2025-01-28T00:00:00+00:00, run_after=2025-01-29T00:00:00+00:00
[2025-01-29T23:56:16.970+0000] {processor.py:176} INFO - Processing /home/airflow/.local/lib/python3.7/site-packages/airflow/example_dags/example_branch_operator_decorator.py took 0.157 seconds
[2025-01-29T23:56:47.104+0000] {processor.py:154} INFO - Started process (PID=3078) to work on /home/airflow/.local/lib/python3.7/site-packages/airflow/example_dags/example_branch_operator_decorator.py
[2025-01-29T23:56:47.105+0000] {processor.py:756} INFO - Processing file /home/airflow/.local/lib/python3.7/site-packages/airflow/example_dags/example_branch_operator_decorator.py for tasks to queue
[2025-01-29T23:56:47.106+0000] {logging_mixin.py:120} INFO - [2025-01-29T23:56:47.106+0000] {dagbag.py:537} INFO - Filling up the DagBag from /home/airflow/.local/lib/python3.7/site-packages/airflow/example_dags/example_branch_operator_decorator.py
[2025-01-29T23:56:47.130+0000] {processor.py:766} INFO - DAG(s) dict_keys(['example_branch_python_operator_decorator']) retrieved from /home/airflow/.local/lib/python3.7/site-packages/airflow/example_dags/example_branch_operator_decorator.py
[2025-01-29T23:56:47.185+0000] {logging_mixin.py:120} INFO - [2025-01-29T23:56:47.184+0000] {dag.py:2585} INFO - Sync 1 DAGs
[2025-01-29T23:56:47.217+0000] {logging_mixin.py:120} INFO - [2025-01-29T23:56:47.216+0000] {dag.py:3340} INFO - Setting next_dagrun for example_branch_python_operator_decorator to 2025-01-28T00:00:00+00:00, run_after=2025-01-29T00:00:00+00:00
[2025-01-29T23:56:47.239+0000] {processor.py:176} INFO - Processing /home/airflow/.local/lib/python3.7/site-packages/airflow/example_dags/example_branch_operator_decorator.py took 0.138 seconds
[2025-01-29T23:57:17.690+0000] {processor.py:154} INFO - Started process (PID=3142) to work on /home/airflow/.local/lib/python3.7/site-packages/airflow/example_dags/example_branch_operator_decorator.py
[2025-01-29T23:57:17.691+0000] {processor.py:756} INFO - Processing file /home/airflow/.local/lib/python3.7/site-packages/airflow/example_dags/example_branch_operator_decorator.py for tasks to queue
[2025-01-29T23:57:17.691+0000] {logging_mixin.py:120} INFO - [2025-01-29T23:57:17.691+0000] {dagbag.py:537} INFO - Filling up the DagBag from /home/airflow/.local/lib/python3.7/site-packages/airflow/example_dags/example_branch_operator_decorator.py
[2025-01-29T23:57:17.717+0000] {processor.py:766} INFO - DAG(s) dict_keys(['example_branch_python_operator_decorator']) retrieved from /home/airflow/.local/lib/python3.7/site-packages/airflow/example_dags/example_branch_operator_decorator.py
[2025-01-29T23:57:17.774+0000] {logging_mixin.py:120} INFO - [2025-01-29T23:57:17.774+0000] {dag.py:2585} INFO - Sync 1 DAGs
[2025-01-29T23:57:17.807+0000] {logging_mixin.py:120} INFO - [2025-01-29T23:57:17.807+0000] {dag.py:3340} INFO - Setting next_dagrun for example_branch_python_operator_decorator to 2025-01-28T00:00:00+00:00, run_after=2025-01-29T00:00:00+00:00
[2025-01-29T23:57:17.834+0000] {processor.py:176} INFO - Processing /home/airflow/.local/lib/python3.7/site-packages/airflow/example_dags/example_branch_operator_decorator.py took 0.147 seconds
[2025-01-29T23:57:48.185+0000] {processor.py:154} INFO - Started process (PID=3206) to work on /home/airflow/.local/lib/python3.7/site-packages/airflow/example_dags/example_branch_operator_decorator.py
[2025-01-29T23:57:48.187+0000] {processor.py:756} INFO - Processing file /home/airflow/.local/lib/python3.7/site-packages/airflow/example_dags/example_branch_operator_decorator.py for tasks to queue
[2025-01-29T23:57:48.188+0000] {logging_mixin.py:120} INFO - [2025-01-29T23:57:48.188+0000] {dagbag.py:537} INFO - Filling up the DagBag from /home/airflow/.local/lib/python3.7/site-packages/airflow/example_dags/example_branch_operator_decorator.py
[2025-01-29T23:57:48.216+0000] {processor.py:766} INFO - DAG(s) dict_keys(['example_branch_python_operator_decorator']) retrieved from /home/airflow/.local/lib/python3.7/site-packages/airflow/example_dags/example_branch_operator_decorator.py
[2025-01-29T23:57:48.276+0000] {logging_mixin.py:120} INFO - [2025-01-29T23:57:48.276+0000] {dag.py:2585} INFO - Sync 1 DAGs
[2025-01-29T23:57:48.310+0000] {logging_mixin.py:120} INFO - [2025-01-29T23:57:48.309+0000] {dag.py:3340} INFO - Setting next_dagrun for example_branch_python_operator_decorator to 2025-01-28T00:00:00+00:00, run_after=2025-01-29T00:00:00+00:00
[2025-01-29T23:57:48.335+0000] {processor.py:176} INFO - Processing /home/airflow/.local/lib/python3.7/site-packages/airflow/example_dags/example_branch_operator_decorator.py took 0.154 seconds
[2025-01-29T23:58:18.461+0000] {processor.py:154} INFO - Started process (PID=3261) to work on /home/airflow/.local/lib/python3.7/site-packages/airflow/example_dags/example_branch_operator_decorator.py
[2025-01-29T23:58:18.462+0000] {processor.py:756} INFO - Processing file /home/airflow/.local/lib/python3.7/site-packages/airflow/example_dags/example_branch_operator_decorator.py for tasks to queue
[2025-01-29T23:58:18.462+0000] {logging_mixin.py:120} INFO - [2025-01-29T23:58:18.462+0000] {dagbag.py:537} INFO - Filling up the DagBag from /home/airflow/.local/lib/python3.7/site-packages/airflow/example_dags/example_branch_operator_decorator.py
[2025-01-29T23:58:18.491+0000] {processor.py:766} INFO - DAG(s) dict_keys(['example_branch_python_operator_decorator']) retrieved from /home/airflow/.local/lib/python3.7/site-packages/airflow/example_dags/example_branch_operator_decorator.py
[2025-01-29T23:58:18.547+0000] {logging_mixin.py:120} INFO - [2025-01-29T23:58:18.547+0000] {dag.py:2585} INFO - Sync 1 DAGs
[2025-01-29T23:58:18.579+0000] {logging_mixin.py:120} INFO - [2025-01-29T23:58:18.579+0000] {dag.py:3340} INFO - Setting next_dagrun for example_branch_python_operator_decorator to 2025-01-28T00:00:00+00:00, run_after=2025-01-29T00:00:00+00:00
[2025-01-29T23:58:18.603+0000] {processor.py:176} INFO - Processing /home/airflow/.local/lib/python3.7/site-packages/airflow/example_dags/example_branch_operator_decorator.py took 0.145 seconds
[2025-01-29T23:58:49.308+0000] {processor.py:154} INFO - Started process (PID=3325) to work on /home/airflow/.local/lib/python3.7/site-packages/airflow/example_dags/example_branch_operator_decorator.py
[2025-01-29T23:58:49.309+0000] {processor.py:756} INFO - Processing file /home/airflow/.local/lib/python3.7/site-packages/airflow/example_dags/example_branch_operator_decorator.py for tasks to queue
[2025-01-29T23:58:49.310+0000] {logging_mixin.py:120} INFO - [2025-01-29T23:58:49.310+0000] {dagbag.py:537} INFO - Filling up the DagBag from /home/airflow/.local/lib/python3.7/site-packages/airflow/example_dags/example_branch_operator_decorator.py
[2025-01-29T23:58:49.336+0000] {processor.py:766} INFO - DAG(s) dict_keys(['example_branch_python_operator_decorator']) retrieved from /home/airflow/.local/lib/python3.7/site-packages/airflow/example_dags/example_branch_operator_decorator.py
[2025-01-29T23:58:49.435+0000] {logging_mixin.py:120} INFO - [2025-01-29T23:58:49.435+0000] {dag.py:2585} INFO - Sync 1 DAGs
[2025-01-29T23:58:49.501+0000] {logging_mixin.py:120} INFO - [2025-01-29T23:58:49.500+0000] {dag.py:3340} INFO - Setting next_dagrun for example_branch_python_operator_decorator to 2025-01-28T00:00:00+00:00, run_after=2025-01-29T00:00:00+00:00
[2025-01-29T23:58:49.575+0000] {processor.py:176} INFO - Processing /home/airflow/.local/lib/python3.7/site-packages/airflow/example_dags/example_branch_operator_decorator.py took 0.270 seconds
[2025-01-29T23:59:20.077+0000] {processor.py:154} INFO - Started process (PID=3389) to work on /home/airflow/.local/lib/python3.7/site-packages/airflow/example_dags/example_branch_operator_decorator.py
[2025-01-29T23:59:20.078+0000] {processor.py:756} INFO - Processing file /home/airflow/.local/lib/python3.7/site-packages/airflow/example_dags/example_branch_operator_decorator.py for tasks to queue
[2025-01-29T23:59:20.079+0000] {logging_mixin.py:120} INFO - [2025-01-29T23:59:20.078+0000] {dagbag.py:537} INFO - Filling up the DagBag from /home/airflow/.local/lib/python3.7/site-packages/airflow/example_dags/example_branch_operator_decorator.py
[2025-01-29T23:59:20.105+0000] {processor.py:766} INFO - DAG(s) dict_keys(['example_branch_python_operator_decorator']) retrieved from /home/airflow/.local/lib/python3.7/site-packages/airflow/example_dags/example_branch_operator_decorator.py
[2025-01-29T23:59:20.164+0000] {logging_mixin.py:120} INFO - [2025-01-29T23:59:20.164+0000] {dag.py:2585} INFO - Sync 1 DAGs
[2025-01-29T23:59:20.202+0000] {logging_mixin.py:120} INFO - [2025-01-29T23:59:20.202+0000] {dag.py:3340} INFO - Setting next_dagrun for example_branch_python_operator_decorator to 2025-01-28T00:00:00+00:00, run_after=2025-01-29T00:00:00+00:00
[2025-01-29T23:59:20.227+0000] {processor.py:176} INFO - Processing /home/airflow/.local/lib/python3.7/site-packages/airflow/example_dags/example_branch_operator_decorator.py took 0.153 seconds
[2025-01-29T23:59:50.471+0000] {processor.py:154} INFO - Started process (PID=3444) to work on /home/airflow/.local/lib/python3.7/site-packages/airflow/example_dags/example_branch_operator_decorator.py
[2025-01-29T23:59:50.472+0000] {processor.py:756} INFO - Processing file /home/airflow/.local/lib/python3.7/site-packages/airflow/example_dags/example_branch_operator_decorator.py for tasks to queue
[2025-01-29T23:59:50.473+0000] {logging_mixin.py:120} INFO - [2025-01-29T23:59:50.473+0000] {dagbag.py:537} INFO - Filling up the DagBag from /home/airflow/.local/lib/python3.7/site-packages/airflow/example_dags/example_branch_operator_decorator.py
[2025-01-29T23:59:50.495+0000] {processor.py:766} INFO - DAG(s) dict_keys(['example_branch_python_operator_decorator']) retrieved from /home/airflow/.local/lib/python3.7/site-packages/airflow/example_dags/example_branch_operator_decorator.py
[2025-01-29T23:59:50.551+0000] {logging_mixin.py:120} INFO - [2025-01-29T23:59:50.551+0000] {dag.py:2585} INFO - Sync 1 DAGs
[2025-01-29T23:59:50.584+0000] {logging_mixin.py:120} INFO - [2025-01-29T23:59:50.584+0000] {dag.py:3340} INFO - Setting next_dagrun for example_branch_python_operator_decorator to 2025-01-28T00:00:00+00:00, run_after=2025-01-29T00:00:00+00:00
[2025-01-29T23:59:50.613+0000] {processor.py:176} INFO - Processing /home/airflow/.local/lib/python3.7/site-packages/airflow/example_dags/example_branch_operator_decorator.py took 0.144 seconds
