[2025-01-29T23:31:51.944+0000] {processor.py:154} INFO - Started process (PID=81) to work on /home/airflow/.local/lib/python3.7/site-packages/airflow/example_dags/example_short_circuit_operator.py
[2025-01-29T23:31:51.945+0000] {processor.py:756} INFO - Processing file /home/airflow/.local/lib/python3.7/site-packages/airflow/example_dags/example_short_circuit_operator.py for tasks to queue
[2025-01-29T23:31:51.946+0000] {logging_mixin.py:120} INFO - [2025-01-29T23:31:51.946+0000] {dagbag.py:537} INFO - Filling up the DagBag from /home/airflow/.local/lib/python3.7/site-packages/airflow/example_dags/example_short_circuit_operator.py
[2025-01-29T23:31:51.973+0000] {processor.py:766} INFO - DAG(s) dict_keys(['example_short_circuit_operator']) retrieved from /home/airflow/.local/lib/python3.7/site-packages/airflow/example_dags/example_short_circuit_operator.py
[2025-01-29T23:31:52.207+0000] {logging_mixin.py:120} INFO - [2025-01-29T23:31:52.207+0000] {manager.py:507} INFO - Created Permission View: can read on DAG:example_short_circuit_operator
[2025-01-29T23:31:52.221+0000] {logging_mixin.py:120} INFO - [2025-01-29T23:31:52.221+0000] {manager.py:507} INFO - Created Permission View: can delete on DAG:example_short_circuit_operator
[2025-01-29T23:31:52.232+0000] {logging_mixin.py:120} INFO - [2025-01-29T23:31:52.232+0000] {manager.py:507} INFO - Created Permission View: can edit on DAG:example_short_circuit_operator
[2025-01-29T23:31:52.233+0000] {logging_mixin.py:120} INFO - [2025-01-29T23:31:52.233+0000] {dag.py:2585} INFO - Sync 1 DAGs
[2025-01-29T23:31:52.261+0000] {logging_mixin.py:120} INFO - [2025-01-29T23:31:52.260+0000] {dag.py:2606} INFO - Creating ORM DAG for example_short_circuit_operator
[2025-01-29T23:31:52.282+0000] {logging_mixin.py:120} INFO - [2025-01-29T23:31:52.281+0000] {dag.py:3340} INFO - Setting next_dagrun for example_short_circuit_operator to 2025-01-28T23:31:52.281677+00:00, run_after=2025-01-29T23:31:52.281677+00:00
[2025-01-29T23:31:52.319+0000] {processor.py:176} INFO - Processing /home/airflow/.local/lib/python3.7/site-packages/airflow/example_dags/example_short_circuit_operator.py took 0.378 seconds
[2025-01-29T23:32:22.375+0000] {processor.py:154} INFO - Started process (PID=145) to work on /home/airflow/.local/lib/python3.7/site-packages/airflow/example_dags/example_short_circuit_operator.py
[2025-01-29T23:32:22.376+0000] {processor.py:756} INFO - Processing file /home/airflow/.local/lib/python3.7/site-packages/airflow/example_dags/example_short_circuit_operator.py for tasks to queue
[2025-01-29T23:32:22.377+0000] {logging_mixin.py:120} INFO - [2025-01-29T23:32:22.376+0000] {dagbag.py:537} INFO - Filling up the DagBag from /home/airflow/.local/lib/python3.7/site-packages/airflow/example_dags/example_short_circuit_operator.py
[2025-01-29T23:32:22.393+0000] {processor.py:766} INFO - DAG(s) dict_keys(['example_short_circuit_operator']) retrieved from /home/airflow/.local/lib/python3.7/site-packages/airflow/example_dags/example_short_circuit_operator.py
[2025-01-29T23:32:22.449+0000] {logging_mixin.py:120} INFO - [2025-01-29T23:32:22.449+0000] {dag.py:2585} INFO - Sync 1 DAGs
[2025-01-29T23:32:22.483+0000] {logging_mixin.py:120} INFO - [2025-01-29T23:32:22.483+0000] {dag.py:3340} INFO - Setting next_dagrun for example_short_circuit_operator to 2025-01-28T23:32:22.483018+00:00, run_after=2025-01-29T23:32:22.483018+00:00
[2025-01-29T23:32:22.507+0000] {processor.py:176} INFO - Processing /home/airflow/.local/lib/python3.7/site-packages/airflow/example_dags/example_short_circuit_operator.py took 0.135 seconds
[2025-01-29T23:32:52.823+0000] {processor.py:154} INFO - Started process (PID=201) to work on /home/airflow/.local/lib/python3.7/site-packages/airflow/example_dags/example_short_circuit_operator.py
[2025-01-29T23:32:52.824+0000] {processor.py:756} INFO - Processing file /home/airflow/.local/lib/python3.7/site-packages/airflow/example_dags/example_short_circuit_operator.py for tasks to queue
[2025-01-29T23:32:52.825+0000] {logging_mixin.py:120} INFO - [2025-01-29T23:32:52.825+0000] {dagbag.py:537} INFO - Filling up the DagBag from /home/airflow/.local/lib/python3.7/site-packages/airflow/example_dags/example_short_circuit_operator.py
[2025-01-29T23:32:52.843+0000] {processor.py:766} INFO - DAG(s) dict_keys(['example_short_circuit_operator']) retrieved from /home/airflow/.local/lib/python3.7/site-packages/airflow/example_dags/example_short_circuit_operator.py
[2025-01-29T23:32:52.903+0000] {logging_mixin.py:120} INFO - [2025-01-29T23:32:52.903+0000] {dag.py:2585} INFO - Sync 1 DAGs
[2025-01-29T23:32:52.939+0000] {logging_mixin.py:120} INFO - [2025-01-29T23:32:52.939+0000] {dag.py:3340} INFO - Setting next_dagrun for example_short_circuit_operator to 2025-01-28T23:32:52.938898+00:00, run_after=2025-01-29T23:32:52.938898+00:00
[2025-01-29T23:32:52.966+0000] {processor.py:176} INFO - Processing /home/airflow/.local/lib/python3.7/site-packages/airflow/example_dags/example_short_circuit_operator.py took 0.145 seconds
[2025-01-29T23:33:23.387+0000] {processor.py:154} INFO - Started process (PID=265) to work on /home/airflow/.local/lib/python3.7/site-packages/airflow/example_dags/example_short_circuit_operator.py
[2025-01-29T23:33:23.388+0000] {processor.py:756} INFO - Processing file /home/airflow/.local/lib/python3.7/site-packages/airflow/example_dags/example_short_circuit_operator.py for tasks to queue
[2025-01-29T23:33:23.388+0000] {logging_mixin.py:120} INFO - [2025-01-29T23:33:23.388+0000] {dagbag.py:537} INFO - Filling up the DagBag from /home/airflow/.local/lib/python3.7/site-packages/airflow/example_dags/example_short_circuit_operator.py
[2025-01-29T23:33:23.403+0000] {processor.py:766} INFO - DAG(s) dict_keys(['example_short_circuit_operator']) retrieved from /home/airflow/.local/lib/python3.7/site-packages/airflow/example_dags/example_short_circuit_operator.py
[2025-01-29T23:33:23.460+0000] {logging_mixin.py:120} INFO - [2025-01-29T23:33:23.460+0000] {dag.py:2585} INFO - Sync 1 DAGs
[2025-01-29T23:33:23.493+0000] {logging_mixin.py:120} INFO - [2025-01-29T23:33:23.493+0000] {dag.py:3340} INFO - Setting next_dagrun for example_short_circuit_operator to 2025-01-28T23:33:23.492864+00:00, run_after=2025-01-29T23:33:23.492864+00:00
[2025-01-29T23:33:23.518+0000] {processor.py:176} INFO - Processing /home/airflow/.local/lib/python3.7/site-packages/airflow/example_dags/example_short_circuit_operator.py took 0.134 seconds
[2025-01-29T23:33:53.740+0000] {processor.py:154} INFO - Started process (PID=329) to work on /home/airflow/.local/lib/python3.7/site-packages/airflow/example_dags/example_short_circuit_operator.py
[2025-01-29T23:33:53.741+0000] {processor.py:756} INFO - Processing file /home/airflow/.local/lib/python3.7/site-packages/airflow/example_dags/example_short_circuit_operator.py for tasks to queue
[2025-01-29T23:33:53.742+0000] {logging_mixin.py:120} INFO - [2025-01-29T23:33:53.742+0000] {dagbag.py:537} INFO - Filling up the DagBag from /home/airflow/.local/lib/python3.7/site-packages/airflow/example_dags/example_short_circuit_operator.py
[2025-01-29T23:33:53.757+0000] {processor.py:766} INFO - DAG(s) dict_keys(['example_short_circuit_operator']) retrieved from /home/airflow/.local/lib/python3.7/site-packages/airflow/example_dags/example_short_circuit_operator.py
[2025-01-29T23:33:53.813+0000] {logging_mixin.py:120} INFO - [2025-01-29T23:33:53.813+0000] {dag.py:2585} INFO - Sync 1 DAGs
[2025-01-29T23:33:53.847+0000] {logging_mixin.py:120} INFO - [2025-01-29T23:33:53.846+0000] {dag.py:3340} INFO - Setting next_dagrun for example_short_circuit_operator to 2025-01-28T23:33:53.846544+00:00, run_after=2025-01-29T23:33:53.846544+00:00
[2025-01-29T23:33:53.872+0000] {processor.py:176} INFO - Processing /home/airflow/.local/lib/python3.7/site-packages/airflow/example_dags/example_short_circuit_operator.py took 0.135 seconds
[2025-01-29T23:34:24.198+0000] {processor.py:154} INFO - Started process (PID=392) to work on /home/airflow/.local/lib/python3.7/site-packages/airflow/example_dags/example_short_circuit_operator.py
[2025-01-29T23:34:24.199+0000] {processor.py:756} INFO - Processing file /home/airflow/.local/lib/python3.7/site-packages/airflow/example_dags/example_short_circuit_operator.py for tasks to queue
[2025-01-29T23:34:24.200+0000] {logging_mixin.py:120} INFO - [2025-01-29T23:34:24.200+0000] {dagbag.py:537} INFO - Filling up the DagBag from /home/airflow/.local/lib/python3.7/site-packages/airflow/example_dags/example_short_circuit_operator.py
[2025-01-29T23:34:24.217+0000] {processor.py:766} INFO - DAG(s) dict_keys(['example_short_circuit_operator']) retrieved from /home/airflow/.local/lib/python3.7/site-packages/airflow/example_dags/example_short_circuit_operator.py
[2025-01-29T23:34:24.274+0000] {logging_mixin.py:120} INFO - [2025-01-29T23:34:24.274+0000] {dag.py:2585} INFO - Sync 1 DAGs
[2025-01-29T23:34:24.309+0000] {logging_mixin.py:120} INFO - [2025-01-29T23:34:24.309+0000] {dag.py:3340} INFO - Setting next_dagrun for example_short_circuit_operator to 2025-01-28T23:34:24.309401+00:00, run_after=2025-01-29T23:34:24.309401+00:00
[2025-01-29T23:34:24.334+0000] {processor.py:176} INFO - Processing /home/airflow/.local/lib/python3.7/site-packages/airflow/example_dags/example_short_circuit_operator.py took 0.139 seconds
[2025-01-29T23:34:54.546+0000] {processor.py:154} INFO - Started process (PID=447) to work on /home/airflow/.local/lib/python3.7/site-packages/airflow/example_dags/example_short_circuit_operator.py
[2025-01-29T23:34:54.547+0000] {processor.py:756} INFO - Processing file /home/airflow/.local/lib/python3.7/site-packages/airflow/example_dags/example_short_circuit_operator.py for tasks to queue
[2025-01-29T23:34:54.548+0000] {logging_mixin.py:120} INFO - [2025-01-29T23:34:54.548+0000] {dagbag.py:537} INFO - Filling up the DagBag from /home/airflow/.local/lib/python3.7/site-packages/airflow/example_dags/example_short_circuit_operator.py
[2025-01-29T23:34:54.565+0000] {processor.py:766} INFO - DAG(s) dict_keys(['example_short_circuit_operator']) retrieved from /home/airflow/.local/lib/python3.7/site-packages/airflow/example_dags/example_short_circuit_operator.py
[2025-01-29T23:34:54.632+0000] {logging_mixin.py:120} INFO - [2025-01-29T23:34:54.632+0000] {dag.py:2585} INFO - Sync 1 DAGs
[2025-01-29T23:34:54.672+0000] {logging_mixin.py:120} INFO - [2025-01-29T23:34:54.672+0000] {dag.py:3340} INFO - Setting next_dagrun for example_short_circuit_operator to 2025-01-28T23:34:54.672518+00:00, run_after=2025-01-29T23:34:54.672518+00:00
[2025-01-29T23:34:54.702+0000] {processor.py:176} INFO - Processing /home/airflow/.local/lib/python3.7/site-packages/airflow/example_dags/example_short_circuit_operator.py took 0.159 seconds
[2025-01-29T23:35:25.401+0000] {processor.py:154} INFO - Started process (PID=511) to work on /home/airflow/.local/lib/python3.7/site-packages/airflow/example_dags/example_short_circuit_operator.py
[2025-01-29T23:35:25.402+0000] {processor.py:756} INFO - Processing file /home/airflow/.local/lib/python3.7/site-packages/airflow/example_dags/example_short_circuit_operator.py for tasks to queue
[2025-01-29T23:35:25.403+0000] {logging_mixin.py:120} INFO - [2025-01-29T23:35:25.403+0000] {dagbag.py:537} INFO - Filling up the DagBag from /home/airflow/.local/lib/python3.7/site-packages/airflow/example_dags/example_short_circuit_operator.py
[2025-01-29T23:35:25.418+0000] {processor.py:766} INFO - DAG(s) dict_keys(['example_short_circuit_operator']) retrieved from /home/airflow/.local/lib/python3.7/site-packages/airflow/example_dags/example_short_circuit_operator.py
[2025-01-29T23:35:25.475+0000] {logging_mixin.py:120} INFO - [2025-01-29T23:35:25.475+0000] {dag.py:2585} INFO - Sync 1 DAGs
[2025-01-29T23:35:25.509+0000] {logging_mixin.py:120} INFO - [2025-01-29T23:35:25.509+0000] {dag.py:3340} INFO - Setting next_dagrun for example_short_circuit_operator to 2025-01-28T23:35:25.509253+00:00, run_after=2025-01-29T23:35:25.509253+00:00
[2025-01-29T23:35:25.535+0000] {processor.py:176} INFO - Processing /home/airflow/.local/lib/python3.7/site-packages/airflow/example_dags/example_short_circuit_operator.py took 0.137 seconds
[2025-01-29T23:35:55.593+0000] {processor.py:154} INFO - Started process (PID=574) to work on /home/airflow/.local/lib/python3.7/site-packages/airflow/example_dags/example_short_circuit_operator.py
[2025-01-29T23:35:55.594+0000] {processor.py:756} INFO - Processing file /home/airflow/.local/lib/python3.7/site-packages/airflow/example_dags/example_short_circuit_operator.py for tasks to queue
[2025-01-29T23:35:55.595+0000] {logging_mixin.py:120} INFO - [2025-01-29T23:35:55.594+0000] {dagbag.py:537} INFO - Filling up the DagBag from /home/airflow/.local/lib/python3.7/site-packages/airflow/example_dags/example_short_circuit_operator.py
[2025-01-29T23:35:55.610+0000] {processor.py:766} INFO - DAG(s) dict_keys(['example_short_circuit_operator']) retrieved from /home/airflow/.local/lib/python3.7/site-packages/airflow/example_dags/example_short_circuit_operator.py
[2025-01-29T23:35:55.653+0000] {logging_mixin.py:120} INFO - [2025-01-29T23:35:55.652+0000] {dag.py:2585} INFO - Sync 1 DAGs
[2025-01-29T23:35:55.685+0000] {logging_mixin.py:120} INFO - [2025-01-29T23:35:55.685+0000] {dag.py:3340} INFO - Setting next_dagrun for example_short_circuit_operator to 2025-01-28T23:35:55.685181+00:00, run_after=2025-01-29T23:35:55.685181+00:00
[2025-01-29T23:35:55.710+0000] {processor.py:176} INFO - Processing /home/airflow/.local/lib/python3.7/site-packages/airflow/example_dags/example_short_circuit_operator.py took 0.119 seconds
[2025-01-29T23:36:25.771+0000] {processor.py:154} INFO - Started process (PID=629) to work on /home/airflow/.local/lib/python3.7/site-packages/airflow/example_dags/example_short_circuit_operator.py
[2025-01-29T23:36:25.772+0000] {processor.py:756} INFO - Processing file /home/airflow/.local/lib/python3.7/site-packages/airflow/example_dags/example_short_circuit_operator.py for tasks to queue
[2025-01-29T23:36:25.773+0000] {logging_mixin.py:120} INFO - [2025-01-29T23:36:25.773+0000] {dagbag.py:537} INFO - Filling up the DagBag from /home/airflow/.local/lib/python3.7/site-packages/airflow/example_dags/example_short_circuit_operator.py
[2025-01-29T23:36:25.796+0000] {processor.py:766} INFO - DAG(s) dict_keys(['example_short_circuit_operator']) retrieved from /home/airflow/.local/lib/python3.7/site-packages/airflow/example_dags/example_short_circuit_operator.py
[2025-01-29T23:36:25.860+0000] {logging_mixin.py:120} INFO - [2025-01-29T23:36:25.860+0000] {dag.py:2585} INFO - Sync 1 DAGs
[2025-01-29T23:36:25.895+0000] {logging_mixin.py:120} INFO - [2025-01-29T23:36:25.895+0000] {dag.py:3340} INFO - Setting next_dagrun for example_short_circuit_operator to 2025-01-28T23:36:25.894939+00:00, run_after=2025-01-29T23:36:25.894939+00:00
[2025-01-29T23:36:25.923+0000] {processor.py:176} INFO - Processing /home/airflow/.local/lib/python3.7/site-packages/airflow/example_dags/example_short_circuit_operator.py took 0.155 seconds
[2025-01-29T23:36:56.112+0000] {processor.py:154} INFO - Started process (PID=693) to work on /home/airflow/.local/lib/python3.7/site-packages/airflow/example_dags/example_short_circuit_operator.py
[2025-01-29T23:36:56.113+0000] {processor.py:756} INFO - Processing file /home/airflow/.local/lib/python3.7/site-packages/airflow/example_dags/example_short_circuit_operator.py for tasks to queue
[2025-01-29T23:36:56.115+0000] {logging_mixin.py:120} INFO - [2025-01-29T23:36:56.115+0000] {dagbag.py:537} INFO - Filling up the DagBag from /home/airflow/.local/lib/python3.7/site-packages/airflow/example_dags/example_short_circuit_operator.py
[2025-01-29T23:36:56.133+0000] {processor.py:766} INFO - DAG(s) dict_keys(['example_short_circuit_operator']) retrieved from /home/airflow/.local/lib/python3.7/site-packages/airflow/example_dags/example_short_circuit_operator.py
[2025-01-29T23:36:56.190+0000] {logging_mixin.py:120} INFO - [2025-01-29T23:36:56.190+0000] {dag.py:2585} INFO - Sync 1 DAGs
[2025-01-29T23:36:56.223+0000] {logging_mixin.py:120} INFO - [2025-01-29T23:36:56.223+0000] {dag.py:3340} INFO - Setting next_dagrun for example_short_circuit_operator to 2025-01-28T23:36:56.223311+00:00, run_after=2025-01-29T23:36:56.223311+00:00
[2025-01-29T23:36:56.250+0000] {processor.py:176} INFO - Processing /home/airflow/.local/lib/python3.7/site-packages/airflow/example_dags/example_short_circuit_operator.py took 0.140 seconds
[2025-01-29T23:37:26.554+0000] {processor.py:154} INFO - Started process (PID=757) to work on /home/airflow/.local/lib/python3.7/site-packages/airflow/example_dags/example_short_circuit_operator.py
[2025-01-29T23:37:26.555+0000] {processor.py:756} INFO - Processing file /home/airflow/.local/lib/python3.7/site-packages/airflow/example_dags/example_short_circuit_operator.py for tasks to queue
[2025-01-29T23:37:26.556+0000] {logging_mixin.py:120} INFO - [2025-01-29T23:37:26.556+0000] {dagbag.py:537} INFO - Filling up the DagBag from /home/airflow/.local/lib/python3.7/site-packages/airflow/example_dags/example_short_circuit_operator.py
[2025-01-29T23:37:26.571+0000] {processor.py:766} INFO - DAG(s) dict_keys(['example_short_circuit_operator']) retrieved from /home/airflow/.local/lib/python3.7/site-packages/airflow/example_dags/example_short_circuit_operator.py
[2025-01-29T23:37:26.627+0000] {logging_mixin.py:120} INFO - [2025-01-29T23:37:26.627+0000] {dag.py:2585} INFO - Sync 1 DAGs
[2025-01-29T23:37:26.657+0000] {logging_mixin.py:120} INFO - [2025-01-29T23:37:26.657+0000] {dag.py:3340} INFO - Setting next_dagrun for example_short_circuit_operator to 2025-01-28T23:37:26.657445+00:00, run_after=2025-01-29T23:37:26.657445+00:00
[2025-01-29T23:37:26.681+0000] {processor.py:176} INFO - Processing /home/airflow/.local/lib/python3.7/site-packages/airflow/example_dags/example_short_circuit_operator.py took 0.129 seconds
[2025-01-29T23:37:57.228+0000] {processor.py:154} INFO - Started process (PID=812) to work on /home/airflow/.local/lib/python3.7/site-packages/airflow/example_dags/example_short_circuit_operator.py
[2025-01-29T23:37:57.229+0000] {processor.py:756} INFO - Processing file /home/airflow/.local/lib/python3.7/site-packages/airflow/example_dags/example_short_circuit_operator.py for tasks to queue
[2025-01-29T23:37:57.230+0000] {logging_mixin.py:120} INFO - [2025-01-29T23:37:57.230+0000] {dagbag.py:537} INFO - Filling up the DagBag from /home/airflow/.local/lib/python3.7/site-packages/airflow/example_dags/example_short_circuit_operator.py
[2025-01-29T23:37:57.244+0000] {processor.py:766} INFO - DAG(s) dict_keys(['example_short_circuit_operator']) retrieved from /home/airflow/.local/lib/python3.7/site-packages/airflow/example_dags/example_short_circuit_operator.py
[2025-01-29T23:37:57.300+0000] {logging_mixin.py:120} INFO - [2025-01-29T23:37:57.300+0000] {dag.py:2585} INFO - Sync 1 DAGs
[2025-01-29T23:37:57.331+0000] {logging_mixin.py:120} INFO - [2025-01-29T23:37:57.331+0000] {dag.py:3340} INFO - Setting next_dagrun for example_short_circuit_operator to 2025-01-28T23:37:57.331133+00:00, run_after=2025-01-29T23:37:57.331133+00:00
[2025-01-29T23:37:57.354+0000] {processor.py:176} INFO - Processing /home/airflow/.local/lib/python3.7/site-packages/airflow/example_dags/example_short_circuit_operator.py took 0.128 seconds
[2025-01-29T23:38:28.285+0000] {processor.py:154} INFO - Started process (PID=876) to work on /home/airflow/.local/lib/python3.7/site-packages/airflow/example_dags/example_short_circuit_operator.py
[2025-01-29T23:38:28.286+0000] {processor.py:756} INFO - Processing file /home/airflow/.local/lib/python3.7/site-packages/airflow/example_dags/example_short_circuit_operator.py for tasks to queue
[2025-01-29T23:38:28.287+0000] {logging_mixin.py:120} INFO - [2025-01-29T23:38:28.287+0000] {dagbag.py:537} INFO - Filling up the DagBag from /home/airflow/.local/lib/python3.7/site-packages/airflow/example_dags/example_short_circuit_operator.py
[2025-01-29T23:38:28.304+0000] {processor.py:766} INFO - DAG(s) dict_keys(['example_short_circuit_operator']) retrieved from /home/airflow/.local/lib/python3.7/site-packages/airflow/example_dags/example_short_circuit_operator.py
[2025-01-29T23:38:28.360+0000] {logging_mixin.py:120} INFO - [2025-01-29T23:38:28.360+0000] {dag.py:2585} INFO - Sync 1 DAGs
[2025-01-29T23:38:28.394+0000] {logging_mixin.py:120} INFO - [2025-01-29T23:38:28.394+0000] {dag.py:3340} INFO - Setting next_dagrun for example_short_circuit_operator to 2025-01-28T23:38:28.394008+00:00, run_after=2025-01-29T23:38:28.394008+00:00
[2025-01-29T23:38:28.417+0000] {processor.py:176} INFO - Processing /home/airflow/.local/lib/python3.7/site-packages/airflow/example_dags/example_short_circuit_operator.py took 0.135 seconds
[2025-01-29T23:38:58.919+0000] {processor.py:154} INFO - Started process (PID=940) to work on /home/airflow/.local/lib/python3.7/site-packages/airflow/example_dags/example_short_circuit_operator.py
[2025-01-29T23:38:58.920+0000] {processor.py:756} INFO - Processing file /home/airflow/.local/lib/python3.7/site-packages/airflow/example_dags/example_short_circuit_operator.py for tasks to queue
[2025-01-29T23:38:58.921+0000] {logging_mixin.py:120} INFO - [2025-01-29T23:38:58.921+0000] {dagbag.py:537} INFO - Filling up the DagBag from /home/airflow/.local/lib/python3.7/site-packages/airflow/example_dags/example_short_circuit_operator.py
[2025-01-29T23:38:58.937+0000] {processor.py:766} INFO - DAG(s) dict_keys(['example_short_circuit_operator']) retrieved from /home/airflow/.local/lib/python3.7/site-packages/airflow/example_dags/example_short_circuit_operator.py
[2025-01-29T23:38:58.992+0000] {logging_mixin.py:120} INFO - [2025-01-29T23:38:58.992+0000] {dag.py:2585} INFO - Sync 1 DAGs
[2025-01-29T23:38:59.024+0000] {logging_mixin.py:120} INFO - [2025-01-29T23:38:59.023+0000] {dag.py:3340} INFO - Setting next_dagrun for example_short_circuit_operator to 2025-01-28T23:38:59.023603+00:00, run_after=2025-01-29T23:38:59.023603+00:00
[2025-01-29T23:38:59.050+0000] {processor.py:176} INFO - Processing /home/airflow/.local/lib/python3.7/site-packages/airflow/example_dags/example_short_circuit_operator.py took 0.134 seconds
[2025-01-29T23:39:29.803+0000] {processor.py:154} INFO - Started process (PID=1004) to work on /home/airflow/.local/lib/python3.7/site-packages/airflow/example_dags/example_short_circuit_operator.py
[2025-01-29T23:39:29.804+0000] {processor.py:756} INFO - Processing file /home/airflow/.local/lib/python3.7/site-packages/airflow/example_dags/example_short_circuit_operator.py for tasks to queue
[2025-01-29T23:39:29.805+0000] {logging_mixin.py:120} INFO - [2025-01-29T23:39:29.805+0000] {dagbag.py:537} INFO - Filling up the DagBag from /home/airflow/.local/lib/python3.7/site-packages/airflow/example_dags/example_short_circuit_operator.py
[2025-01-29T23:39:29.821+0000] {processor.py:766} INFO - DAG(s) dict_keys(['example_short_circuit_operator']) retrieved from /home/airflow/.local/lib/python3.7/site-packages/airflow/example_dags/example_short_circuit_operator.py
[2025-01-29T23:39:29.885+0000] {logging_mixin.py:120} INFO - [2025-01-29T23:39:29.885+0000] {dag.py:2585} INFO - Sync 1 DAGs
[2025-01-29T23:39:29.919+0000] {logging_mixin.py:120} INFO - [2025-01-29T23:39:29.919+0000] {dag.py:3340} INFO - Setting next_dagrun for example_short_circuit_operator to 2025-01-28T23:39:29.918671+00:00, run_after=2025-01-29T23:39:29.918671+00:00
[2025-01-29T23:39:29.945+0000] {processor.py:176} INFO - Processing /home/airflow/.local/lib/python3.7/site-packages/airflow/example_dags/example_short_circuit_operator.py took 0.145 seconds
[2025-01-29T23:40:00.157+0000] {processor.py:154} INFO - Started process (PID=1059) to work on /home/airflow/.local/lib/python3.7/site-packages/airflow/example_dags/example_short_circuit_operator.py
[2025-01-29T23:40:00.158+0000] {processor.py:756} INFO - Processing file /home/airflow/.local/lib/python3.7/site-packages/airflow/example_dags/example_short_circuit_operator.py for tasks to queue
[2025-01-29T23:40:00.159+0000] {logging_mixin.py:120} INFO - [2025-01-29T23:40:00.159+0000] {dagbag.py:537} INFO - Filling up the DagBag from /home/airflow/.local/lib/python3.7/site-packages/airflow/example_dags/example_short_circuit_operator.py
[2025-01-29T23:40:00.174+0000] {processor.py:766} INFO - DAG(s) dict_keys(['example_short_circuit_operator']) retrieved from /home/airflow/.local/lib/python3.7/site-packages/airflow/example_dags/example_short_circuit_operator.py
[2025-01-29T23:40:00.230+0000] {logging_mixin.py:120} INFO - [2025-01-29T23:40:00.230+0000] {dag.py:2585} INFO - Sync 1 DAGs
[2025-01-29T23:40:00.260+0000] {logging_mixin.py:120} INFO - [2025-01-29T23:40:00.260+0000] {dag.py:3340} INFO - Setting next_dagrun for example_short_circuit_operator to 2025-01-28T23:40:00.259893+00:00, run_after=2025-01-29T23:40:00.259893+00:00
[2025-01-29T23:40:00.284+0000] {processor.py:176} INFO - Processing /home/airflow/.local/lib/python3.7/site-packages/airflow/example_dags/example_short_circuit_operator.py took 0.130 seconds
[2025-01-29T23:40:30.556+0000] {processor.py:154} INFO - Started process (PID=1123) to work on /home/airflow/.local/lib/python3.7/site-packages/airflow/example_dags/example_short_circuit_operator.py
[2025-01-29T23:40:30.557+0000] {processor.py:756} INFO - Processing file /home/airflow/.local/lib/python3.7/site-packages/airflow/example_dags/example_short_circuit_operator.py for tasks to queue
[2025-01-29T23:40:30.557+0000] {logging_mixin.py:120} INFO - [2025-01-29T23:40:30.557+0000] {dagbag.py:537} INFO - Filling up the DagBag from /home/airflow/.local/lib/python3.7/site-packages/airflow/example_dags/example_short_circuit_operator.py
[2025-01-29T23:40:30.572+0000] {processor.py:766} INFO - DAG(s) dict_keys(['example_short_circuit_operator']) retrieved from /home/airflow/.local/lib/python3.7/site-packages/airflow/example_dags/example_short_circuit_operator.py
[2025-01-29T23:40:30.627+0000] {logging_mixin.py:120} INFO - [2025-01-29T23:40:30.627+0000] {dag.py:2585} INFO - Sync 1 DAGs
[2025-01-29T23:40:30.658+0000] {logging_mixin.py:120} INFO - [2025-01-29T23:40:30.658+0000] {dag.py:3340} INFO - Setting next_dagrun for example_short_circuit_operator to 2025-01-28T23:40:30.657795+00:00, run_after=2025-01-29T23:40:30.657795+00:00
[2025-01-29T23:40:30.684+0000] {processor.py:176} INFO - Processing /home/airflow/.local/lib/python3.7/site-packages/airflow/example_dags/example_short_circuit_operator.py took 0.131 seconds
[2025-01-29T23:41:01.174+0000] {processor.py:154} INFO - Started process (PID=1187) to work on /home/airflow/.local/lib/python3.7/site-packages/airflow/example_dags/example_short_circuit_operator.py
[2025-01-29T23:41:01.176+0000] {processor.py:756} INFO - Processing file /home/airflow/.local/lib/python3.7/site-packages/airflow/example_dags/example_short_circuit_operator.py for tasks to queue
[2025-01-29T23:41:01.176+0000] {logging_mixin.py:120} INFO - [2025-01-29T23:41:01.176+0000] {dagbag.py:537} INFO - Filling up the DagBag from /home/airflow/.local/lib/python3.7/site-packages/airflow/example_dags/example_short_circuit_operator.py
[2025-01-29T23:41:01.194+0000] {processor.py:766} INFO - DAG(s) dict_keys(['example_short_circuit_operator']) retrieved from /home/airflow/.local/lib/python3.7/site-packages/airflow/example_dags/example_short_circuit_operator.py
[2025-01-29T23:41:01.257+0000] {logging_mixin.py:120} INFO - [2025-01-29T23:41:01.257+0000] {dag.py:2585} INFO - Sync 1 DAGs
[2025-01-29T23:41:01.295+0000] {logging_mixin.py:120} INFO - [2025-01-29T23:41:01.295+0000] {dag.py:3340} INFO - Setting next_dagrun for example_short_circuit_operator to 2025-01-28T23:41:01.294914+00:00, run_after=2025-01-29T23:41:01.294914+00:00
[2025-01-29T23:41:01.322+0000] {processor.py:176} INFO - Processing /home/airflow/.local/lib/python3.7/site-packages/airflow/example_dags/example_short_circuit_operator.py took 0.151 seconds
[2025-01-29T23:41:31.843+0000] {processor.py:154} INFO - Started process (PID=1242) to work on /home/airflow/.local/lib/python3.7/site-packages/airflow/example_dags/example_short_circuit_operator.py
[2025-01-29T23:41:31.844+0000] {processor.py:756} INFO - Processing file /home/airflow/.local/lib/python3.7/site-packages/airflow/example_dags/example_short_circuit_operator.py for tasks to queue
[2025-01-29T23:41:31.844+0000] {logging_mixin.py:120} INFO - [2025-01-29T23:41:31.844+0000] {dagbag.py:537} INFO - Filling up the DagBag from /home/airflow/.local/lib/python3.7/site-packages/airflow/example_dags/example_short_circuit_operator.py
[2025-01-29T23:41:31.859+0000] {processor.py:766} INFO - DAG(s) dict_keys(['example_short_circuit_operator']) retrieved from /home/airflow/.local/lib/python3.7/site-packages/airflow/example_dags/example_short_circuit_operator.py
[2025-01-29T23:41:31.914+0000] {logging_mixin.py:120} INFO - [2025-01-29T23:41:31.914+0000] {dag.py:2585} INFO - Sync 1 DAGs
[2025-01-29T23:41:31.950+0000] {logging_mixin.py:120} INFO - [2025-01-29T23:41:31.950+0000] {dag.py:3340} INFO - Setting next_dagrun for example_short_circuit_operator to 2025-01-28T23:41:31.950284+00:00, run_after=2025-01-29T23:41:31.950284+00:00
[2025-01-29T23:41:31.986+0000] {processor.py:176} INFO - Processing /home/airflow/.local/lib/python3.7/site-packages/airflow/example_dags/example_short_circuit_operator.py took 0.146 seconds
[2025-01-29T23:42:02.737+0000] {processor.py:154} INFO - Started process (PID=1307) to work on /home/airflow/.local/lib/python3.7/site-packages/airflow/example_dags/example_short_circuit_operator.py
[2025-01-29T23:42:02.739+0000] {processor.py:756} INFO - Processing file /home/airflow/.local/lib/python3.7/site-packages/airflow/example_dags/example_short_circuit_operator.py for tasks to queue
[2025-01-29T23:42:02.739+0000] {logging_mixin.py:120} INFO - [2025-01-29T23:42:02.739+0000] {dagbag.py:537} INFO - Filling up the DagBag from /home/airflow/.local/lib/python3.7/site-packages/airflow/example_dags/example_short_circuit_operator.py
[2025-01-29T23:42:02.755+0000] {processor.py:766} INFO - DAG(s) dict_keys(['example_short_circuit_operator']) retrieved from /home/airflow/.local/lib/python3.7/site-packages/airflow/example_dags/example_short_circuit_operator.py
[2025-01-29T23:42:02.815+0000] {logging_mixin.py:120} INFO - [2025-01-29T23:42:02.814+0000] {dag.py:2585} INFO - Sync 1 DAGs
[2025-01-29T23:42:02.847+0000] {logging_mixin.py:120} INFO - [2025-01-29T23:42:02.847+0000] {dag.py:3340} INFO - Setting next_dagrun for example_short_circuit_operator to 2025-01-28T23:42:02.847430+00:00, run_after=2025-01-29T23:42:02.847430+00:00
[2025-01-29T23:42:02.879+0000] {processor.py:176} INFO - Processing /home/airflow/.local/lib/python3.7/site-packages/airflow/example_dags/example_short_circuit_operator.py took 0.145 seconds
[2025-01-29T23:42:33.629+0000] {processor.py:154} INFO - Started process (PID=1371) to work on /home/airflow/.local/lib/python3.7/site-packages/airflow/example_dags/example_short_circuit_operator.py
[2025-01-29T23:42:33.631+0000] {processor.py:756} INFO - Processing file /home/airflow/.local/lib/python3.7/site-packages/airflow/example_dags/example_short_circuit_operator.py for tasks to queue
[2025-01-29T23:42:33.632+0000] {logging_mixin.py:120} INFO - [2025-01-29T23:42:33.631+0000] {dagbag.py:537} INFO - Filling up the DagBag from /home/airflow/.local/lib/python3.7/site-packages/airflow/example_dags/example_short_circuit_operator.py
[2025-01-29T23:42:33.652+0000] {processor.py:766} INFO - DAG(s) dict_keys(['example_short_circuit_operator']) retrieved from /home/airflow/.local/lib/python3.7/site-packages/airflow/example_dags/example_short_circuit_operator.py
[2025-01-29T23:42:33.713+0000] {logging_mixin.py:120} INFO - [2025-01-29T23:42:33.713+0000] {dag.py:2585} INFO - Sync 1 DAGs
[2025-01-29T23:42:33.750+0000] {logging_mixin.py:120} INFO - [2025-01-29T23:42:33.750+0000] {dag.py:3340} INFO - Setting next_dagrun for example_short_circuit_operator to 2025-01-28T23:42:33.750023+00:00, run_after=2025-01-29T23:42:33.750023+00:00
[2025-01-29T23:42:33.777+0000] {processor.py:176} INFO - Processing /home/airflow/.local/lib/python3.7/site-packages/airflow/example_dags/example_short_circuit_operator.py took 0.152 seconds
[2025-01-29T23:43:04.263+0000] {processor.py:154} INFO - Started process (PID=1434) to work on /home/airflow/.local/lib/python3.7/site-packages/airflow/example_dags/example_short_circuit_operator.py
[2025-01-29T23:43:04.264+0000] {processor.py:756} INFO - Processing file /home/airflow/.local/lib/python3.7/site-packages/airflow/example_dags/example_short_circuit_operator.py for tasks to queue
[2025-01-29T23:43:04.265+0000] {logging_mixin.py:120} INFO - [2025-01-29T23:43:04.265+0000] {dagbag.py:537} INFO - Filling up the DagBag from /home/airflow/.local/lib/python3.7/site-packages/airflow/example_dags/example_short_circuit_operator.py
[2025-01-29T23:43:04.285+0000] {processor.py:766} INFO - DAG(s) dict_keys(['example_short_circuit_operator']) retrieved from /home/airflow/.local/lib/python3.7/site-packages/airflow/example_dags/example_short_circuit_operator.py
[2025-01-29T23:43:04.352+0000] {logging_mixin.py:120} INFO - [2025-01-29T23:43:04.352+0000] {dag.py:2585} INFO - Sync 1 DAGs
[2025-01-29T23:43:04.391+0000] {logging_mixin.py:120} INFO - [2025-01-29T23:43:04.390+0000] {dag.py:3340} INFO - Setting next_dagrun for example_short_circuit_operator to 2025-01-28T23:43:04.390603+00:00, run_after=2025-01-29T23:43:04.390603+00:00
[2025-01-29T23:43:04.416+0000] {processor.py:176} INFO - Processing /home/airflow/.local/lib/python3.7/site-packages/airflow/example_dags/example_short_circuit_operator.py took 0.156 seconds
[2025-01-29T23:43:35.027+0000] {processor.py:154} INFO - Started process (PID=1491) to work on /home/airflow/.local/lib/python3.7/site-packages/airflow/example_dags/example_short_circuit_operator.py
[2025-01-29T23:43:35.028+0000] {processor.py:756} INFO - Processing file /home/airflow/.local/lib/python3.7/site-packages/airflow/example_dags/example_short_circuit_operator.py for tasks to queue
[2025-01-29T23:43:35.029+0000] {logging_mixin.py:120} INFO - [2025-01-29T23:43:35.029+0000] {dagbag.py:537} INFO - Filling up the DagBag from /home/airflow/.local/lib/python3.7/site-packages/airflow/example_dags/example_short_circuit_operator.py
[2025-01-29T23:43:35.045+0000] {processor.py:766} INFO - DAG(s) dict_keys(['example_short_circuit_operator']) retrieved from /home/airflow/.local/lib/python3.7/site-packages/airflow/example_dags/example_short_circuit_operator.py
[2025-01-29T23:43:35.102+0000] {logging_mixin.py:120} INFO - [2025-01-29T23:43:35.102+0000] {dag.py:2585} INFO - Sync 1 DAGs
[2025-01-29T23:43:35.135+0000] {logging_mixin.py:120} INFO - [2025-01-29T23:43:35.135+0000] {dag.py:3340} INFO - Setting next_dagrun for example_short_circuit_operator to 2025-01-28T23:43:35.135197+00:00, run_after=2025-01-29T23:43:35.135197+00:00
[2025-01-29T23:43:35.158+0000] {processor.py:176} INFO - Processing /home/airflow/.local/lib/python3.7/site-packages/airflow/example_dags/example_short_circuit_operator.py took 0.134 seconds
[2025-01-29T23:44:05.573+0000] {processor.py:154} INFO - Started process (PID=1555) to work on /home/airflow/.local/lib/python3.7/site-packages/airflow/example_dags/example_short_circuit_operator.py
[2025-01-29T23:44:05.574+0000] {processor.py:756} INFO - Processing file /home/airflow/.local/lib/python3.7/site-packages/airflow/example_dags/example_short_circuit_operator.py for tasks to queue
[2025-01-29T23:44:05.575+0000] {logging_mixin.py:120} INFO - [2025-01-29T23:44:05.575+0000] {dagbag.py:537} INFO - Filling up the DagBag from /home/airflow/.local/lib/python3.7/site-packages/airflow/example_dags/example_short_circuit_operator.py
[2025-01-29T23:44:05.592+0000] {processor.py:766} INFO - DAG(s) dict_keys(['example_short_circuit_operator']) retrieved from /home/airflow/.local/lib/python3.7/site-packages/airflow/example_dags/example_short_circuit_operator.py
[2025-01-29T23:44:05.648+0000] {logging_mixin.py:120} INFO - [2025-01-29T23:44:05.648+0000] {dag.py:2585} INFO - Sync 1 DAGs
[2025-01-29T23:44:05.680+0000] {logging_mixin.py:120} INFO - [2025-01-29T23:44:05.680+0000] {dag.py:3340} INFO - Setting next_dagrun for example_short_circuit_operator to 2025-01-28T23:44:05.680468+00:00, run_after=2025-01-29T23:44:05.680468+00:00
[2025-01-29T23:44:05.705+0000] {processor.py:176} INFO - Processing /home/airflow/.local/lib/python3.7/site-packages/airflow/example_dags/example_short_circuit_operator.py took 0.134 seconds
[2025-01-29T23:44:36.093+0000] {processor.py:154} INFO - Started process (PID=1619) to work on /home/airflow/.local/lib/python3.7/site-packages/airflow/example_dags/example_short_circuit_operator.py
[2025-01-29T23:44:36.094+0000] {processor.py:756} INFO - Processing file /home/airflow/.local/lib/python3.7/site-packages/airflow/example_dags/example_short_circuit_operator.py for tasks to queue
[2025-01-29T23:44:36.094+0000] {logging_mixin.py:120} INFO - [2025-01-29T23:44:36.094+0000] {dagbag.py:537} INFO - Filling up the DagBag from /home/airflow/.local/lib/python3.7/site-packages/airflow/example_dags/example_short_circuit_operator.py
[2025-01-29T23:44:36.110+0000] {processor.py:766} INFO - DAG(s) dict_keys(['example_short_circuit_operator']) retrieved from /home/airflow/.local/lib/python3.7/site-packages/airflow/example_dags/example_short_circuit_operator.py
[2025-01-29T23:44:36.169+0000] {logging_mixin.py:120} INFO - [2025-01-29T23:44:36.169+0000] {dag.py:2585} INFO - Sync 1 DAGs
[2025-01-29T23:44:36.200+0000] {logging_mixin.py:120} INFO - [2025-01-29T23:44:36.199+0000] {dag.py:3340} INFO - Setting next_dagrun for example_short_circuit_operator to 2025-01-28T23:44:36.199641+00:00, run_after=2025-01-29T23:44:36.199641+00:00
[2025-01-29T23:44:36.224+0000] {processor.py:176} INFO - Processing /home/airflow/.local/lib/python3.7/site-packages/airflow/example_dags/example_short_circuit_operator.py took 0.134 seconds
[2025-01-29T23:45:06.668+0000] {processor.py:154} INFO - Started process (PID=1674) to work on /home/airflow/.local/lib/python3.7/site-packages/airflow/example_dags/example_short_circuit_operator.py
[2025-01-29T23:45:06.669+0000] {processor.py:756} INFO - Processing file /home/airflow/.local/lib/python3.7/site-packages/airflow/example_dags/example_short_circuit_operator.py for tasks to queue
[2025-01-29T23:45:06.670+0000] {logging_mixin.py:120} INFO - [2025-01-29T23:45:06.670+0000] {dagbag.py:537} INFO - Filling up the DagBag from /home/airflow/.local/lib/python3.7/site-packages/airflow/example_dags/example_short_circuit_operator.py
[2025-01-29T23:45:06.685+0000] {processor.py:766} INFO - DAG(s) dict_keys(['example_short_circuit_operator']) retrieved from /home/airflow/.local/lib/python3.7/site-packages/airflow/example_dags/example_short_circuit_operator.py
[2025-01-29T23:45:06.741+0000] {logging_mixin.py:120} INFO - [2025-01-29T23:45:06.740+0000] {dag.py:2585} INFO - Sync 1 DAGs
[2025-01-29T23:45:06.776+0000] {logging_mixin.py:120} INFO - [2025-01-29T23:45:06.776+0000] {dag.py:3340} INFO - Setting next_dagrun for example_short_circuit_operator to 2025-01-28T23:45:06.775884+00:00, run_after=2025-01-29T23:45:06.775884+00:00
[2025-01-29T23:45:06.799+0000] {processor.py:176} INFO - Processing /home/airflow/.local/lib/python3.7/site-packages/airflow/example_dags/example_short_circuit_operator.py took 0.134 seconds
[2025-01-29T23:45:37.332+0000] {processor.py:154} INFO - Started process (PID=1738) to work on /home/airflow/.local/lib/python3.7/site-packages/airflow/example_dags/example_short_circuit_operator.py
[2025-01-29T23:45:37.333+0000] {processor.py:756} INFO - Processing file /home/airflow/.local/lib/python3.7/site-packages/airflow/example_dags/example_short_circuit_operator.py for tasks to queue
[2025-01-29T23:45:37.333+0000] {logging_mixin.py:120} INFO - [2025-01-29T23:45:37.333+0000] {dagbag.py:537} INFO - Filling up the DagBag from /home/airflow/.local/lib/python3.7/site-packages/airflow/example_dags/example_short_circuit_operator.py
[2025-01-29T23:45:37.349+0000] {processor.py:766} INFO - DAG(s) dict_keys(['example_short_circuit_operator']) retrieved from /home/airflow/.local/lib/python3.7/site-packages/airflow/example_dags/example_short_circuit_operator.py
[2025-01-29T23:45:37.403+0000] {logging_mixin.py:120} INFO - [2025-01-29T23:45:37.403+0000] {dag.py:2585} INFO - Sync 1 DAGs
[2025-01-29T23:45:37.433+0000] {logging_mixin.py:120} INFO - [2025-01-29T23:45:37.433+0000] {dag.py:3340} INFO - Setting next_dagrun for example_short_circuit_operator to 2025-01-28T23:45:37.433437+00:00, run_after=2025-01-29T23:45:37.433437+00:00
[2025-01-29T23:45:37.456+0000] {processor.py:176} INFO - Processing /home/airflow/.local/lib/python3.7/site-packages/airflow/example_dags/example_short_circuit_operator.py took 0.127 seconds
[2025-01-29T23:46:07.893+0000] {processor.py:154} INFO - Started process (PID=1802) to work on /home/airflow/.local/lib/python3.7/site-packages/airflow/example_dags/example_short_circuit_operator.py
[2025-01-29T23:46:07.894+0000] {processor.py:756} INFO - Processing file /home/airflow/.local/lib/python3.7/site-packages/airflow/example_dags/example_short_circuit_operator.py for tasks to queue
[2025-01-29T23:46:07.895+0000] {logging_mixin.py:120} INFO - [2025-01-29T23:46:07.895+0000] {dagbag.py:537} INFO - Filling up the DagBag from /home/airflow/.local/lib/python3.7/site-packages/airflow/example_dags/example_short_circuit_operator.py
[2025-01-29T23:46:07.910+0000] {processor.py:766} INFO - DAG(s) dict_keys(['example_short_circuit_operator']) retrieved from /home/airflow/.local/lib/python3.7/site-packages/airflow/example_dags/example_short_circuit_operator.py
[2025-01-29T23:46:07.966+0000] {logging_mixin.py:120} INFO - [2025-01-29T23:46:07.966+0000] {dag.py:2585} INFO - Sync 1 DAGs
[2025-01-29T23:46:07.995+0000] {logging_mixin.py:120} INFO - [2025-01-29T23:46:07.995+0000] {dag.py:3340} INFO - Setting next_dagrun for example_short_circuit_operator to 2025-01-28T23:46:07.995346+00:00, run_after=2025-01-29T23:46:07.995346+00:00
[2025-01-29T23:46:08.017+0000] {processor.py:176} INFO - Processing /home/airflow/.local/lib/python3.7/site-packages/airflow/example_dags/example_short_circuit_operator.py took 0.127 seconds
[2025-01-29T23:46:38.462+0000] {processor.py:154} INFO - Started process (PID=1857) to work on /home/airflow/.local/lib/python3.7/site-packages/airflow/example_dags/example_short_circuit_operator.py
[2025-01-29T23:46:38.463+0000] {processor.py:756} INFO - Processing file /home/airflow/.local/lib/python3.7/site-packages/airflow/example_dags/example_short_circuit_operator.py for tasks to queue
[2025-01-29T23:46:38.464+0000] {logging_mixin.py:120} INFO - [2025-01-29T23:46:38.464+0000] {dagbag.py:537} INFO - Filling up the DagBag from /home/airflow/.local/lib/python3.7/site-packages/airflow/example_dags/example_short_circuit_operator.py
[2025-01-29T23:46:38.480+0000] {processor.py:766} INFO - DAG(s) dict_keys(['example_short_circuit_operator']) retrieved from /home/airflow/.local/lib/python3.7/site-packages/airflow/example_dags/example_short_circuit_operator.py
[2025-01-29T23:46:38.534+0000] {logging_mixin.py:120} INFO - [2025-01-29T23:46:38.533+0000] {dag.py:2585} INFO - Sync 1 DAGs
[2025-01-29T23:46:38.564+0000] {logging_mixin.py:120} INFO - [2025-01-29T23:46:38.564+0000] {dag.py:3340} INFO - Setting next_dagrun for example_short_circuit_operator to 2025-01-28T23:46:38.564557+00:00, run_after=2025-01-29T23:46:38.564557+00:00
[2025-01-29T23:46:38.591+0000] {processor.py:176} INFO - Processing /home/airflow/.local/lib/python3.7/site-packages/airflow/example_dags/example_short_circuit_operator.py took 0.132 seconds
[2025-01-29T23:47:08.772+0000] {processor.py:154} INFO - Started process (PID=1921) to work on /home/airflow/.local/lib/python3.7/site-packages/airflow/example_dags/example_short_circuit_operator.py
[2025-01-29T23:47:08.773+0000] {processor.py:756} INFO - Processing file /home/airflow/.local/lib/python3.7/site-packages/airflow/example_dags/example_short_circuit_operator.py for tasks to queue
[2025-01-29T23:47:08.774+0000] {logging_mixin.py:120} INFO - [2025-01-29T23:47:08.774+0000] {dagbag.py:537} INFO - Filling up the DagBag from /home/airflow/.local/lib/python3.7/site-packages/airflow/example_dags/example_short_circuit_operator.py
[2025-01-29T23:47:08.789+0000] {processor.py:766} INFO - DAG(s) dict_keys(['example_short_circuit_operator']) retrieved from /home/airflow/.local/lib/python3.7/site-packages/airflow/example_dags/example_short_circuit_operator.py
[2025-01-29T23:47:08.855+0000] {logging_mixin.py:120} INFO - [2025-01-29T23:47:08.854+0000] {dag.py:2585} INFO - Sync 1 DAGs
[2025-01-29T23:47:08.910+0000] {logging_mixin.py:120} INFO - [2025-01-29T23:47:08.909+0000] {dag.py:3340} INFO - Setting next_dagrun for example_short_circuit_operator to 2025-01-28T23:47:08.909070+00:00, run_after=2025-01-29T23:47:08.909070+00:00
[2025-01-29T23:47:08.949+0000] {processor.py:176} INFO - Processing /home/airflow/.local/lib/python3.7/site-packages/airflow/example_dags/example_short_circuit_operator.py took 0.179 seconds
[2025-01-29T23:47:39.486+0000] {processor.py:154} INFO - Started process (PID=1985) to work on /home/airflow/.local/lib/python3.7/site-packages/airflow/example_dags/example_short_circuit_operator.py
[2025-01-29T23:47:39.487+0000] {processor.py:756} INFO - Processing file /home/airflow/.local/lib/python3.7/site-packages/airflow/example_dags/example_short_circuit_operator.py for tasks to queue
[2025-01-29T23:47:39.488+0000] {logging_mixin.py:120} INFO - [2025-01-29T23:47:39.488+0000] {dagbag.py:537} INFO - Filling up the DagBag from /home/airflow/.local/lib/python3.7/site-packages/airflow/example_dags/example_short_circuit_operator.py
[2025-01-29T23:47:39.502+0000] {processor.py:766} INFO - DAG(s) dict_keys(['example_short_circuit_operator']) retrieved from /home/airflow/.local/lib/python3.7/site-packages/airflow/example_dags/example_short_circuit_operator.py
[2025-01-29T23:47:39.556+0000] {logging_mixin.py:120} INFO - [2025-01-29T23:47:39.556+0000] {dag.py:2585} INFO - Sync 1 DAGs
[2025-01-29T23:47:39.586+0000] {logging_mixin.py:120} INFO - [2025-01-29T23:47:39.586+0000] {dag.py:3340} INFO - Setting next_dagrun for example_short_circuit_operator to 2025-01-28T23:47:39.586265+00:00, run_after=2025-01-29T23:47:39.586265+00:00
[2025-01-29T23:47:39.607+0000] {processor.py:176} INFO - Processing /home/airflow/.local/lib/python3.7/site-packages/airflow/example_dags/example_short_circuit_operator.py took 0.124 seconds
[2025-01-29T23:48:10.287+0000] {processor.py:154} INFO - Started process (PID=2049) to work on /home/airflow/.local/lib/python3.7/site-packages/airflow/example_dags/example_short_circuit_operator.py
[2025-01-29T23:48:10.288+0000] {processor.py:756} INFO - Processing file /home/airflow/.local/lib/python3.7/site-packages/airflow/example_dags/example_short_circuit_operator.py for tasks to queue
[2025-01-29T23:48:10.288+0000] {logging_mixin.py:120} INFO - [2025-01-29T23:48:10.288+0000] {dagbag.py:537} INFO - Filling up the DagBag from /home/airflow/.local/lib/python3.7/site-packages/airflow/example_dags/example_short_circuit_operator.py
[2025-01-29T23:48:10.307+0000] {processor.py:766} INFO - DAG(s) dict_keys(['example_short_circuit_operator']) retrieved from /home/airflow/.local/lib/python3.7/site-packages/airflow/example_dags/example_short_circuit_operator.py
[2025-01-29T23:48:10.382+0000] {logging_mixin.py:120} INFO - [2025-01-29T23:48:10.381+0000] {dag.py:2585} INFO - Sync 1 DAGs
[2025-01-29T23:48:10.422+0000] {logging_mixin.py:120} INFO - [2025-01-29T23:48:10.422+0000] {dag.py:3340} INFO - Setting next_dagrun for example_short_circuit_operator to 2025-01-28T23:48:10.421826+00:00, run_after=2025-01-29T23:48:10.421826+00:00
[2025-01-29T23:48:10.451+0000] {processor.py:176} INFO - Processing /home/airflow/.local/lib/python3.7/site-packages/airflow/example_dags/example_short_circuit_operator.py took 0.167 seconds
[2025-01-29T23:48:41.031+0000] {processor.py:154} INFO - Started process (PID=2104) to work on /home/airflow/.local/lib/python3.7/site-packages/airflow/example_dags/example_short_circuit_operator.py
[2025-01-29T23:48:41.032+0000] {processor.py:756} INFO - Processing file /home/airflow/.local/lib/python3.7/site-packages/airflow/example_dags/example_short_circuit_operator.py for tasks to queue
[2025-01-29T23:48:41.032+0000] {logging_mixin.py:120} INFO - [2025-01-29T23:48:41.032+0000] {dagbag.py:537} INFO - Filling up the DagBag from /home/airflow/.local/lib/python3.7/site-packages/airflow/example_dags/example_short_circuit_operator.py
[2025-01-29T23:48:41.048+0000] {processor.py:766} INFO - DAG(s) dict_keys(['example_short_circuit_operator']) retrieved from /home/airflow/.local/lib/python3.7/site-packages/airflow/example_dags/example_short_circuit_operator.py
[2025-01-29T23:48:41.101+0000] {logging_mixin.py:120} INFO - [2025-01-29T23:48:41.101+0000] {dag.py:2585} INFO - Sync 1 DAGs
[2025-01-29T23:48:41.131+0000] {logging_mixin.py:120} INFO - [2025-01-29T23:48:41.131+0000] {dag.py:3340} INFO - Setting next_dagrun for example_short_circuit_operator to 2025-01-28T23:48:41.130887+00:00, run_after=2025-01-29T23:48:41.130887+00:00
[2025-01-29T23:48:41.162+0000] {processor.py:176} INFO - Processing /home/airflow/.local/lib/python3.7/site-packages/airflow/example_dags/example_short_circuit_operator.py took 0.134 seconds
[2025-01-29T23:49:11.569+0000] {processor.py:154} INFO - Started process (PID=2168) to work on /home/airflow/.local/lib/python3.7/site-packages/airflow/example_dags/example_short_circuit_operator.py
[2025-01-29T23:49:11.570+0000] {processor.py:756} INFO - Processing file /home/airflow/.local/lib/python3.7/site-packages/airflow/example_dags/example_short_circuit_operator.py for tasks to queue
[2025-01-29T23:49:11.571+0000] {logging_mixin.py:120} INFO - [2025-01-29T23:49:11.571+0000] {dagbag.py:537} INFO - Filling up the DagBag from /home/airflow/.local/lib/python3.7/site-packages/airflow/example_dags/example_short_circuit_operator.py
[2025-01-29T23:49:11.588+0000] {processor.py:766} INFO - DAG(s) dict_keys(['example_short_circuit_operator']) retrieved from /home/airflow/.local/lib/python3.7/site-packages/airflow/example_dags/example_short_circuit_operator.py
[2025-01-29T23:49:11.645+0000] {logging_mixin.py:120} INFO - [2025-01-29T23:49:11.645+0000] {dag.py:2585} INFO - Sync 1 DAGs
[2025-01-29T23:49:11.676+0000] {logging_mixin.py:120} INFO - [2025-01-29T23:49:11.676+0000] {dag.py:3340} INFO - Setting next_dagrun for example_short_circuit_operator to 2025-01-28T23:49:11.676510+00:00, run_after=2025-01-29T23:49:11.676510+00:00
[2025-01-29T23:49:11.704+0000] {processor.py:176} INFO - Processing /home/airflow/.local/lib/python3.7/site-packages/airflow/example_dags/example_short_circuit_operator.py took 0.137 seconds
[2025-01-29T23:49:42.008+0000] {processor.py:154} INFO - Started process (PID=2232) to work on /home/airflow/.local/lib/python3.7/site-packages/airflow/example_dags/example_short_circuit_operator.py
[2025-01-29T23:49:42.009+0000] {processor.py:756} INFO - Processing file /home/airflow/.local/lib/python3.7/site-packages/airflow/example_dags/example_short_circuit_operator.py for tasks to queue
[2025-01-29T23:49:42.010+0000] {logging_mixin.py:120} INFO - [2025-01-29T23:49:42.010+0000] {dagbag.py:537} INFO - Filling up the DagBag from /home/airflow/.local/lib/python3.7/site-packages/airflow/example_dags/example_short_circuit_operator.py
[2025-01-29T23:49:42.026+0000] {processor.py:766} INFO - DAG(s) dict_keys(['example_short_circuit_operator']) retrieved from /home/airflow/.local/lib/python3.7/site-packages/airflow/example_dags/example_short_circuit_operator.py
[2025-01-29T23:49:42.079+0000] {logging_mixin.py:120} INFO - [2025-01-29T23:49:42.079+0000] {dag.py:2585} INFO - Sync 1 DAGs
[2025-01-29T23:49:42.109+0000] {logging_mixin.py:120} INFO - [2025-01-29T23:49:42.109+0000] {dag.py:3340} INFO - Setting next_dagrun for example_short_circuit_operator to 2025-01-28T23:49:42.109109+00:00, run_after=2025-01-29T23:49:42.109109+00:00
[2025-01-29T23:49:42.131+0000] {processor.py:176} INFO - Processing /home/airflow/.local/lib/python3.7/site-packages/airflow/example_dags/example_short_circuit_operator.py took 0.125 seconds
[2025-01-29T23:50:12.555+0000] {processor.py:154} INFO - Started process (PID=2287) to work on /home/airflow/.local/lib/python3.7/site-packages/airflow/example_dags/example_short_circuit_operator.py
[2025-01-29T23:50:12.556+0000] {processor.py:756} INFO - Processing file /home/airflow/.local/lib/python3.7/site-packages/airflow/example_dags/example_short_circuit_operator.py for tasks to queue
[2025-01-29T23:50:12.557+0000] {logging_mixin.py:120} INFO - [2025-01-29T23:50:12.557+0000] {dagbag.py:537} INFO - Filling up the DagBag from /home/airflow/.local/lib/python3.7/site-packages/airflow/example_dags/example_short_circuit_operator.py
[2025-01-29T23:50:12.572+0000] {processor.py:766} INFO - DAG(s) dict_keys(['example_short_circuit_operator']) retrieved from /home/airflow/.local/lib/python3.7/site-packages/airflow/example_dags/example_short_circuit_operator.py
[2025-01-29T23:50:12.626+0000] {logging_mixin.py:120} INFO - [2025-01-29T23:50:12.625+0000] {dag.py:2585} INFO - Sync 1 DAGs
[2025-01-29T23:50:12.657+0000] {logging_mixin.py:120} INFO - [2025-01-29T23:50:12.657+0000] {dag.py:3340} INFO - Setting next_dagrun for example_short_circuit_operator to 2025-01-28T23:50:12.657234+00:00, run_after=2025-01-29T23:50:12.657234+00:00
[2025-01-29T23:50:12.681+0000] {processor.py:176} INFO - Processing /home/airflow/.local/lib/python3.7/site-packages/airflow/example_dags/example_short_circuit_operator.py took 0.129 seconds
[2025-01-29T23:50:42.783+0000] {processor.py:154} INFO - Started process (PID=2351) to work on /home/airflow/.local/lib/python3.7/site-packages/airflow/example_dags/example_short_circuit_operator.py
[2025-01-29T23:50:42.784+0000] {processor.py:756} INFO - Processing file /home/airflow/.local/lib/python3.7/site-packages/airflow/example_dags/example_short_circuit_operator.py for tasks to queue
[2025-01-29T23:50:42.785+0000] {logging_mixin.py:120} INFO - [2025-01-29T23:50:42.785+0000] {dagbag.py:537} INFO - Filling up the DagBag from /home/airflow/.local/lib/python3.7/site-packages/airflow/example_dags/example_short_circuit_operator.py
[2025-01-29T23:50:42.800+0000] {processor.py:766} INFO - DAG(s) dict_keys(['example_short_circuit_operator']) retrieved from /home/airflow/.local/lib/python3.7/site-packages/airflow/example_dags/example_short_circuit_operator.py
[2025-01-29T23:50:42.854+0000] {logging_mixin.py:120} INFO - [2025-01-29T23:50:42.854+0000] {dag.py:2585} INFO - Sync 1 DAGs
[2025-01-29T23:50:42.885+0000] {logging_mixin.py:120} INFO - [2025-01-29T23:50:42.885+0000] {dag.py:3340} INFO - Setting next_dagrun for example_short_circuit_operator to 2025-01-28T23:50:42.885267+00:00, run_after=2025-01-29T23:50:42.885267+00:00
[2025-01-29T23:50:42.908+0000] {processor.py:176} INFO - Processing /home/airflow/.local/lib/python3.7/site-packages/airflow/example_dags/example_short_circuit_operator.py took 0.128 seconds
[2025-01-29T23:51:13.423+0000] {processor.py:154} INFO - Started process (PID=2416) to work on /home/airflow/.local/lib/python3.7/site-packages/airflow/example_dags/example_short_circuit_operator.py
[2025-01-29T23:51:13.424+0000] {processor.py:756} INFO - Processing file /home/airflow/.local/lib/python3.7/site-packages/airflow/example_dags/example_short_circuit_operator.py for tasks to queue
[2025-01-29T23:51:13.425+0000] {logging_mixin.py:120} INFO - [2025-01-29T23:51:13.425+0000] {dagbag.py:537} INFO - Filling up the DagBag from /home/airflow/.local/lib/python3.7/site-packages/airflow/example_dags/example_short_circuit_operator.py
[2025-01-29T23:51:13.441+0000] {processor.py:766} INFO - DAG(s) dict_keys(['example_short_circuit_operator']) retrieved from /home/airflow/.local/lib/python3.7/site-packages/airflow/example_dags/example_short_circuit_operator.py
[2025-01-29T23:51:13.496+0000] {logging_mixin.py:120} INFO - [2025-01-29T23:51:13.496+0000] {dag.py:2585} INFO - Sync 1 DAGs
[2025-01-29T23:51:13.538+0000] {logging_mixin.py:120} INFO - [2025-01-29T23:51:13.537+0000] {dag.py:3340} INFO - Setting next_dagrun for example_short_circuit_operator to 2025-01-28T23:51:13.537496+00:00, run_after=2025-01-29T23:51:13.537496+00:00
[2025-01-29T23:51:13.569+0000] {processor.py:176} INFO - Processing /home/airflow/.local/lib/python3.7/site-packages/airflow/example_dags/example_short_circuit_operator.py took 0.148 seconds
[2025-01-29T23:51:44.369+0000] {processor.py:154} INFO - Started process (PID=2471) to work on /home/airflow/.local/lib/python3.7/site-packages/airflow/example_dags/example_short_circuit_operator.py
[2025-01-29T23:51:44.369+0000] {processor.py:756} INFO - Processing file /home/airflow/.local/lib/python3.7/site-packages/airflow/example_dags/example_short_circuit_operator.py for tasks to queue
[2025-01-29T23:51:44.370+0000] {logging_mixin.py:120} INFO - [2025-01-29T23:51:44.370+0000] {dagbag.py:537} INFO - Filling up the DagBag from /home/airflow/.local/lib/python3.7/site-packages/airflow/example_dags/example_short_circuit_operator.py
[2025-01-29T23:51:44.385+0000] {processor.py:766} INFO - DAG(s) dict_keys(['example_short_circuit_operator']) retrieved from /home/airflow/.local/lib/python3.7/site-packages/airflow/example_dags/example_short_circuit_operator.py
[2025-01-29T23:51:44.443+0000] {logging_mixin.py:120} INFO - [2025-01-29T23:51:44.442+0000] {dag.py:2585} INFO - Sync 1 DAGs
[2025-01-29T23:51:44.473+0000] {logging_mixin.py:120} INFO - [2025-01-29T23:51:44.473+0000] {dag.py:3340} INFO - Setting next_dagrun for example_short_circuit_operator to 2025-01-28T23:51:44.473477+00:00, run_after=2025-01-29T23:51:44.473477+00:00
[2025-01-29T23:51:44.495+0000] {processor.py:176} INFO - Processing /home/airflow/.local/lib/python3.7/site-packages/airflow/example_dags/example_short_circuit_operator.py took 0.129 seconds
[2025-01-29T23:52:14.851+0000] {processor.py:154} INFO - Started process (PID=2535) to work on /home/airflow/.local/lib/python3.7/site-packages/airflow/example_dags/example_short_circuit_operator.py
[2025-01-29T23:52:14.852+0000] {processor.py:756} INFO - Processing file /home/airflow/.local/lib/python3.7/site-packages/airflow/example_dags/example_short_circuit_operator.py for tasks to queue
[2025-01-29T23:52:14.852+0000] {logging_mixin.py:120} INFO - [2025-01-29T23:52:14.852+0000] {dagbag.py:537} INFO - Filling up the DagBag from /home/airflow/.local/lib/python3.7/site-packages/airflow/example_dags/example_short_circuit_operator.py
[2025-01-29T23:52:14.868+0000] {processor.py:766} INFO - DAG(s) dict_keys(['example_short_circuit_operator']) retrieved from /home/airflow/.local/lib/python3.7/site-packages/airflow/example_dags/example_short_circuit_operator.py
[2025-01-29T23:52:14.928+0000] {logging_mixin.py:120} INFO - [2025-01-29T23:52:14.928+0000] {dag.py:2585} INFO - Sync 1 DAGs
[2025-01-29T23:52:14.958+0000] {logging_mixin.py:120} INFO - [2025-01-29T23:52:14.958+0000] {dag.py:3340} INFO - Setting next_dagrun for example_short_circuit_operator to 2025-01-28T23:52:14.958280+00:00, run_after=2025-01-29T23:52:14.958280+00:00
[2025-01-29T23:52:14.983+0000] {processor.py:176} INFO - Processing /home/airflow/.local/lib/python3.7/site-packages/airflow/example_dags/example_short_circuit_operator.py took 0.135 seconds
[2025-01-29T23:52:45.496+0000] {processor.py:154} INFO - Started process (PID=2599) to work on /home/airflow/.local/lib/python3.7/site-packages/airflow/example_dags/example_short_circuit_operator.py
[2025-01-29T23:52:45.497+0000] {processor.py:756} INFO - Processing file /home/airflow/.local/lib/python3.7/site-packages/airflow/example_dags/example_short_circuit_operator.py for tasks to queue
[2025-01-29T23:52:45.498+0000] {logging_mixin.py:120} INFO - [2025-01-29T23:52:45.498+0000] {dagbag.py:537} INFO - Filling up the DagBag from /home/airflow/.local/lib/python3.7/site-packages/airflow/example_dags/example_short_circuit_operator.py
[2025-01-29T23:52:45.513+0000] {processor.py:766} INFO - DAG(s) dict_keys(['example_short_circuit_operator']) retrieved from /home/airflow/.local/lib/python3.7/site-packages/airflow/example_dags/example_short_circuit_operator.py
[2025-01-29T23:52:45.568+0000] {logging_mixin.py:120} INFO - [2025-01-29T23:52:45.567+0000] {dag.py:2585} INFO - Sync 1 DAGs
[2025-01-29T23:52:45.597+0000] {logging_mixin.py:120} INFO - [2025-01-29T23:52:45.597+0000] {dag.py:3340} INFO - Setting next_dagrun for example_short_circuit_operator to 2025-01-28T23:52:45.596725+00:00, run_after=2025-01-29T23:52:45.596725+00:00
[2025-01-29T23:52:45.621+0000] {processor.py:176} INFO - Processing /home/airflow/.local/lib/python3.7/site-packages/airflow/example_dags/example_short_circuit_operator.py took 0.127 seconds
[2025-01-29T23:53:15.836+0000] {processor.py:154} INFO - Started process (PID=2654) to work on /home/airflow/.local/lib/python3.7/site-packages/airflow/example_dags/example_short_circuit_operator.py
[2025-01-29T23:53:15.837+0000] {processor.py:756} INFO - Processing file /home/airflow/.local/lib/python3.7/site-packages/airflow/example_dags/example_short_circuit_operator.py for tasks to queue
[2025-01-29T23:53:15.838+0000] {logging_mixin.py:120} INFO - [2025-01-29T23:53:15.838+0000] {dagbag.py:537} INFO - Filling up the DagBag from /home/airflow/.local/lib/python3.7/site-packages/airflow/example_dags/example_short_circuit_operator.py
[2025-01-29T23:53:15.858+0000] {processor.py:766} INFO - DAG(s) dict_keys(['example_short_circuit_operator']) retrieved from /home/airflow/.local/lib/python3.7/site-packages/airflow/example_dags/example_short_circuit_operator.py
[2025-01-29T23:53:15.914+0000] {logging_mixin.py:120} INFO - [2025-01-29T23:53:15.913+0000] {dag.py:2585} INFO - Sync 1 DAGs
[2025-01-29T23:53:15.945+0000] {logging_mixin.py:120} INFO - [2025-01-29T23:53:15.945+0000] {dag.py:3340} INFO - Setting next_dagrun for example_short_circuit_operator to 2025-01-28T23:53:15.945544+00:00, run_after=2025-01-29T23:53:15.945544+00:00
[2025-01-29T23:53:15.968+0000] {processor.py:176} INFO - Processing /home/airflow/.local/lib/python3.7/site-packages/airflow/example_dags/example_short_circuit_operator.py took 0.134 seconds
[2025-01-29T23:53:46.196+0000] {processor.py:154} INFO - Started process (PID=2718) to work on /home/airflow/.local/lib/python3.7/site-packages/airflow/example_dags/example_short_circuit_operator.py
[2025-01-29T23:53:46.197+0000] {processor.py:756} INFO - Processing file /home/airflow/.local/lib/python3.7/site-packages/airflow/example_dags/example_short_circuit_operator.py for tasks to queue
[2025-01-29T23:53:46.198+0000] {logging_mixin.py:120} INFO - [2025-01-29T23:53:46.198+0000] {dagbag.py:537} INFO - Filling up the DagBag from /home/airflow/.local/lib/python3.7/site-packages/airflow/example_dags/example_short_circuit_operator.py
[2025-01-29T23:53:46.216+0000] {processor.py:766} INFO - DAG(s) dict_keys(['example_short_circuit_operator']) retrieved from /home/airflow/.local/lib/python3.7/site-packages/airflow/example_dags/example_short_circuit_operator.py
[2025-01-29T23:53:46.274+0000] {logging_mixin.py:120} INFO - [2025-01-29T23:53:46.274+0000] {dag.py:2585} INFO - Sync 1 DAGs
[2025-01-29T23:53:46.304+0000] {logging_mixin.py:120} INFO - [2025-01-29T23:53:46.304+0000] {dag.py:3340} INFO - Setting next_dagrun for example_short_circuit_operator to 2025-01-28T23:53:46.303972+00:00, run_after=2025-01-29T23:53:46.303972+00:00
[2025-01-29T23:53:46.327+0000] {processor.py:176} INFO - Processing /home/airflow/.local/lib/python3.7/site-packages/airflow/example_dags/example_short_circuit_operator.py took 0.134 seconds
[2025-01-29T23:54:16.604+0000] {processor.py:154} INFO - Started process (PID=2782) to work on /home/airflow/.local/lib/python3.7/site-packages/airflow/example_dags/example_short_circuit_operator.py
[2025-01-29T23:54:16.605+0000] {processor.py:756} INFO - Processing file /home/airflow/.local/lib/python3.7/site-packages/airflow/example_dags/example_short_circuit_operator.py for tasks to queue
[2025-01-29T23:54:16.606+0000] {logging_mixin.py:120} INFO - [2025-01-29T23:54:16.606+0000] {dagbag.py:537} INFO - Filling up the DagBag from /home/airflow/.local/lib/python3.7/site-packages/airflow/example_dags/example_short_circuit_operator.py
[2025-01-29T23:54:16.622+0000] {processor.py:766} INFO - DAG(s) dict_keys(['example_short_circuit_operator']) retrieved from /home/airflow/.local/lib/python3.7/site-packages/airflow/example_dags/example_short_circuit_operator.py
[2025-01-29T23:54:16.712+0000] {logging_mixin.py:120} INFO - [2025-01-29T23:54:16.712+0000] {dag.py:2585} INFO - Sync 1 DAGs
[2025-01-29T23:54:16.757+0000] {logging_mixin.py:120} INFO - [2025-01-29T23:54:16.757+0000] {dag.py:3340} INFO - Setting next_dagrun for example_short_circuit_operator to 2025-01-28T23:54:16.757386+00:00, run_after=2025-01-29T23:54:16.757386+00:00
[2025-01-29T23:54:16.786+0000] {processor.py:176} INFO - Processing /home/airflow/.local/lib/python3.7/site-packages/airflow/example_dags/example_short_circuit_operator.py took 0.185 seconds
[2025-01-29T23:54:47.353+0000] {processor.py:154} INFO - Started process (PID=2846) to work on /home/airflow/.local/lib/python3.7/site-packages/airflow/example_dags/example_short_circuit_operator.py
[2025-01-29T23:54:47.354+0000] {processor.py:756} INFO - Processing file /home/airflow/.local/lib/python3.7/site-packages/airflow/example_dags/example_short_circuit_operator.py for tasks to queue
[2025-01-29T23:54:47.355+0000] {logging_mixin.py:120} INFO - [2025-01-29T23:54:47.355+0000] {dagbag.py:537} INFO - Filling up the DagBag from /home/airflow/.local/lib/python3.7/site-packages/airflow/example_dags/example_short_circuit_operator.py
[2025-01-29T23:54:47.374+0000] {processor.py:766} INFO - DAG(s) dict_keys(['example_short_circuit_operator']) retrieved from /home/airflow/.local/lib/python3.7/site-packages/airflow/example_dags/example_short_circuit_operator.py
[2025-01-29T23:54:47.438+0000] {logging_mixin.py:120} INFO - [2025-01-29T23:54:47.438+0000] {dag.py:2585} INFO - Sync 1 DAGs
[2025-01-29T23:54:47.473+0000] {logging_mixin.py:120} INFO - [2025-01-29T23:54:47.473+0000] {dag.py:3340} INFO - Setting next_dagrun for example_short_circuit_operator to 2025-01-28T23:54:47.473263+00:00, run_after=2025-01-29T23:54:47.473263+00:00
[2025-01-29T23:54:47.502+0000] {processor.py:176} INFO - Processing /home/airflow/.local/lib/python3.7/site-packages/airflow/example_dags/example_short_circuit_operator.py took 0.152 seconds
[2025-01-29T23:55:17.550+0000] {processor.py:154} INFO - Started process (PID=2901) to work on /home/airflow/.local/lib/python3.7/site-packages/airflow/example_dags/example_short_circuit_operator.py
[2025-01-29T23:55:17.552+0000] {processor.py:756} INFO - Processing file /home/airflow/.local/lib/python3.7/site-packages/airflow/example_dags/example_short_circuit_operator.py for tasks to queue
[2025-01-29T23:55:17.553+0000] {logging_mixin.py:120} INFO - [2025-01-29T23:55:17.552+0000] {dagbag.py:537} INFO - Filling up the DagBag from /home/airflow/.local/lib/python3.7/site-packages/airflow/example_dags/example_short_circuit_operator.py
[2025-01-29T23:55:17.569+0000] {processor.py:766} INFO - DAG(s) dict_keys(['example_short_circuit_operator']) retrieved from /home/airflow/.local/lib/python3.7/site-packages/airflow/example_dags/example_short_circuit_operator.py
[2025-01-29T23:55:17.627+0000] {logging_mixin.py:120} INFO - [2025-01-29T23:55:17.627+0000] {dag.py:2585} INFO - Sync 1 DAGs
[2025-01-29T23:55:17.660+0000] {logging_mixin.py:120} INFO - [2025-01-29T23:55:17.660+0000] {dag.py:3340} INFO - Setting next_dagrun for example_short_circuit_operator to 2025-01-28T23:55:17.660477+00:00, run_after=2025-01-29T23:55:17.660477+00:00
[2025-01-29T23:55:17.686+0000] {processor.py:176} INFO - Processing /home/airflow/.local/lib/python3.7/site-packages/airflow/example_dags/example_short_circuit_operator.py took 0.139 seconds
[2025-01-29T23:55:47.984+0000] {processor.py:154} INFO - Started process (PID=2965) to work on /home/airflow/.local/lib/python3.7/site-packages/airflow/example_dags/example_short_circuit_operator.py
[2025-01-29T23:55:47.985+0000] {processor.py:756} INFO - Processing file /home/airflow/.local/lib/python3.7/site-packages/airflow/example_dags/example_short_circuit_operator.py for tasks to queue
[2025-01-29T23:55:47.986+0000] {logging_mixin.py:120} INFO - [2025-01-29T23:55:47.985+0000] {dagbag.py:537} INFO - Filling up the DagBag from /home/airflow/.local/lib/python3.7/site-packages/airflow/example_dags/example_short_circuit_operator.py
[2025-01-29T23:55:48.005+0000] {processor.py:766} INFO - DAG(s) dict_keys(['example_short_circuit_operator']) retrieved from /home/airflow/.local/lib/python3.7/site-packages/airflow/example_dags/example_short_circuit_operator.py
[2025-01-29T23:55:48.066+0000] {logging_mixin.py:120} INFO - [2025-01-29T23:55:48.066+0000] {dag.py:2585} INFO - Sync 1 DAGs
[2025-01-29T23:55:48.100+0000] {logging_mixin.py:120} INFO - [2025-01-29T23:55:48.100+0000] {dag.py:3340} INFO - Setting next_dagrun for example_short_circuit_operator to 2025-01-28T23:55:48.099838+00:00, run_after=2025-01-29T23:55:48.099838+00:00
[2025-01-29T23:55:48.124+0000] {processor.py:176} INFO - Processing /home/airflow/.local/lib/python3.7/site-packages/airflow/example_dags/example_short_circuit_operator.py took 0.143 seconds
[2025-01-29T23:56:18.366+0000] {processor.py:154} INFO - Started process (PID=3029) to work on /home/airflow/.local/lib/python3.7/site-packages/airflow/example_dags/example_short_circuit_operator.py
[2025-01-29T23:56:18.367+0000] {processor.py:756} INFO - Processing file /home/airflow/.local/lib/python3.7/site-packages/airflow/example_dags/example_short_circuit_operator.py for tasks to queue
[2025-01-29T23:56:18.368+0000] {logging_mixin.py:120} INFO - [2025-01-29T23:56:18.368+0000] {dagbag.py:537} INFO - Filling up the DagBag from /home/airflow/.local/lib/python3.7/site-packages/airflow/example_dags/example_short_circuit_operator.py
[2025-01-29T23:56:18.385+0000] {processor.py:766} INFO - DAG(s) dict_keys(['example_short_circuit_operator']) retrieved from /home/airflow/.local/lib/python3.7/site-packages/airflow/example_dags/example_short_circuit_operator.py
[2025-01-29T23:56:18.442+0000] {logging_mixin.py:120} INFO - [2025-01-29T23:56:18.441+0000] {dag.py:2585} INFO - Sync 1 DAGs
[2025-01-29T23:56:18.479+0000] {logging_mixin.py:120} INFO - [2025-01-29T23:56:18.479+0000] {dag.py:3340} INFO - Setting next_dagrun for example_short_circuit_operator to 2025-01-28T23:56:18.479133+00:00, run_after=2025-01-29T23:56:18.479133+00:00
[2025-01-29T23:56:18.516+0000] {processor.py:176} INFO - Processing /home/airflow/.local/lib/python3.7/site-packages/airflow/example_dags/example_short_circuit_operator.py took 0.152 seconds
[2025-01-29T23:56:48.762+0000] {processor.py:154} INFO - Started process (PID=3084) to work on /home/airflow/.local/lib/python3.7/site-packages/airflow/example_dags/example_short_circuit_operator.py
[2025-01-29T23:56:48.762+0000] {processor.py:756} INFO - Processing file /home/airflow/.local/lib/python3.7/site-packages/airflow/example_dags/example_short_circuit_operator.py for tasks to queue
[2025-01-29T23:56:48.763+0000] {logging_mixin.py:120} INFO - [2025-01-29T23:56:48.763+0000] {dagbag.py:537} INFO - Filling up the DagBag from /home/airflow/.local/lib/python3.7/site-packages/airflow/example_dags/example_short_circuit_operator.py
[2025-01-29T23:56:48.778+0000] {processor.py:766} INFO - DAG(s) dict_keys(['example_short_circuit_operator']) retrieved from /home/airflow/.local/lib/python3.7/site-packages/airflow/example_dags/example_short_circuit_operator.py
[2025-01-29T23:56:48.833+0000] {logging_mixin.py:120} INFO - [2025-01-29T23:56:48.833+0000] {dag.py:2585} INFO - Sync 1 DAGs
[2025-01-29T23:56:48.863+0000] {logging_mixin.py:120} INFO - [2025-01-29T23:56:48.863+0000] {dag.py:3340} INFO - Setting next_dagrun for example_short_circuit_operator to 2025-01-28T23:56:48.862996+00:00, run_after=2025-01-29T23:56:48.862996+00:00
[2025-01-29T23:56:48.887+0000] {processor.py:176} INFO - Processing /home/airflow/.local/lib/python3.7/site-packages/airflow/example_dags/example_short_circuit_operator.py took 0.128 seconds
[2025-01-29T23:57:19.217+0000] {processor.py:154} INFO - Started process (PID=3148) to work on /home/airflow/.local/lib/python3.7/site-packages/airflow/example_dags/example_short_circuit_operator.py
[2025-01-29T23:57:19.217+0000] {processor.py:756} INFO - Processing file /home/airflow/.local/lib/python3.7/site-packages/airflow/example_dags/example_short_circuit_operator.py for tasks to queue
[2025-01-29T23:57:19.218+0000] {logging_mixin.py:120} INFO - [2025-01-29T23:57:19.218+0000] {dagbag.py:537} INFO - Filling up the DagBag from /home/airflow/.local/lib/python3.7/site-packages/airflow/example_dags/example_short_circuit_operator.py
[2025-01-29T23:57:19.234+0000] {processor.py:766} INFO - DAG(s) dict_keys(['example_short_circuit_operator']) retrieved from /home/airflow/.local/lib/python3.7/site-packages/airflow/example_dags/example_short_circuit_operator.py
[2025-01-29T23:57:19.298+0000] {logging_mixin.py:120} INFO - [2025-01-29T23:57:19.298+0000] {dag.py:2585} INFO - Sync 1 DAGs
[2025-01-29T23:57:19.349+0000] {logging_mixin.py:120} INFO - [2025-01-29T23:57:19.348+0000] {dag.py:3340} INFO - Setting next_dagrun for example_short_circuit_operator to 2025-01-28T23:57:19.348599+00:00, run_after=2025-01-29T23:57:19.348599+00:00
[2025-01-29T23:57:19.394+0000] {processor.py:176} INFO - Processing /home/airflow/.local/lib/python3.7/site-packages/airflow/example_dags/example_short_circuit_operator.py took 0.180 seconds
[2025-01-29T23:57:49.905+0000] {processor.py:154} INFO - Started process (PID=3212) to work on /home/airflow/.local/lib/python3.7/site-packages/airflow/example_dags/example_short_circuit_operator.py
[2025-01-29T23:57:49.906+0000] {processor.py:756} INFO - Processing file /home/airflow/.local/lib/python3.7/site-packages/airflow/example_dags/example_short_circuit_operator.py for tasks to queue
[2025-01-29T23:57:49.907+0000] {logging_mixin.py:120} INFO - [2025-01-29T23:57:49.907+0000] {dagbag.py:537} INFO - Filling up the DagBag from /home/airflow/.local/lib/python3.7/site-packages/airflow/example_dags/example_short_circuit_operator.py
[2025-01-29T23:57:49.927+0000] {processor.py:766} INFO - DAG(s) dict_keys(['example_short_circuit_operator']) retrieved from /home/airflow/.local/lib/python3.7/site-packages/airflow/example_dags/example_short_circuit_operator.py
[2025-01-29T23:57:49.994+0000] {logging_mixin.py:120} INFO - [2025-01-29T23:57:49.994+0000] {dag.py:2585} INFO - Sync 1 DAGs
[2025-01-29T23:57:50.028+0000] {logging_mixin.py:120} INFO - [2025-01-29T23:57:50.028+0000] {dag.py:3340} INFO - Setting next_dagrun for example_short_circuit_operator to 2025-01-28T23:57:50.027807+00:00, run_after=2025-01-29T23:57:50.027807+00:00
[2025-01-29T23:57:50.054+0000] {processor.py:176} INFO - Processing /home/airflow/.local/lib/python3.7/site-packages/airflow/example_dags/example_short_circuit_operator.py took 0.153 seconds
[2025-01-29T23:58:20.371+0000] {processor.py:154} INFO - Started process (PID=3267) to work on /home/airflow/.local/lib/python3.7/site-packages/airflow/example_dags/example_short_circuit_operator.py
[2025-01-29T23:58:20.372+0000] {processor.py:756} INFO - Processing file /home/airflow/.local/lib/python3.7/site-packages/airflow/example_dags/example_short_circuit_operator.py for tasks to queue
[2025-01-29T23:58:20.373+0000] {logging_mixin.py:120} INFO - [2025-01-29T23:58:20.372+0000] {dagbag.py:537} INFO - Filling up the DagBag from /home/airflow/.local/lib/python3.7/site-packages/airflow/example_dags/example_short_circuit_operator.py
[2025-01-29T23:58:20.388+0000] {processor.py:766} INFO - DAG(s) dict_keys(['example_short_circuit_operator']) retrieved from /home/airflow/.local/lib/python3.7/site-packages/airflow/example_dags/example_short_circuit_operator.py
[2025-01-29T23:58:20.445+0000] {logging_mixin.py:120} INFO - [2025-01-29T23:58:20.445+0000] {dag.py:2585} INFO - Sync 1 DAGs
[2025-01-29T23:58:20.478+0000] {logging_mixin.py:120} INFO - [2025-01-29T23:58:20.478+0000] {dag.py:3340} INFO - Setting next_dagrun for example_short_circuit_operator to 2025-01-28T23:58:20.477975+00:00, run_after=2025-01-29T23:58:20.477975+00:00
[2025-01-29T23:58:20.502+0000] {processor.py:176} INFO - Processing /home/airflow/.local/lib/python3.7/site-packages/airflow/example_dags/example_short_circuit_operator.py took 0.134 seconds
[2025-01-29T23:58:50.946+0000] {processor.py:154} INFO - Started process (PID=3331) to work on /home/airflow/.local/lib/python3.7/site-packages/airflow/example_dags/example_short_circuit_operator.py
[2025-01-29T23:58:50.947+0000] {processor.py:756} INFO - Processing file /home/airflow/.local/lib/python3.7/site-packages/airflow/example_dags/example_short_circuit_operator.py for tasks to queue
[2025-01-29T23:58:50.948+0000] {logging_mixin.py:120} INFO - [2025-01-29T23:58:50.947+0000] {dagbag.py:537} INFO - Filling up the DagBag from /home/airflow/.local/lib/python3.7/site-packages/airflow/example_dags/example_short_circuit_operator.py
[2025-01-29T23:58:50.965+0000] {processor.py:766} INFO - DAG(s) dict_keys(['example_short_circuit_operator']) retrieved from /home/airflow/.local/lib/python3.7/site-packages/airflow/example_dags/example_short_circuit_operator.py
[2025-01-29T23:58:51.026+0000] {logging_mixin.py:120} INFO - [2025-01-29T23:58:51.026+0000] {dag.py:2585} INFO - Sync 1 DAGs
[2025-01-29T23:58:51.063+0000] {logging_mixin.py:120} INFO - [2025-01-29T23:58:51.063+0000] {dag.py:3340} INFO - Setting next_dagrun for example_short_circuit_operator to 2025-01-28T23:58:51.062911+00:00, run_after=2025-01-29T23:58:51.062911+00:00
[2025-01-29T23:58:51.089+0000] {processor.py:176} INFO - Processing /home/airflow/.local/lib/python3.7/site-packages/airflow/example_dags/example_short_circuit_operator.py took 0.146 seconds
[2025-01-29T23:59:21.580+0000] {processor.py:154} INFO - Started process (PID=3395) to work on /home/airflow/.local/lib/python3.7/site-packages/airflow/example_dags/example_short_circuit_operator.py
[2025-01-29T23:59:21.581+0000] {processor.py:756} INFO - Processing file /home/airflow/.local/lib/python3.7/site-packages/airflow/example_dags/example_short_circuit_operator.py for tasks to queue
[2025-01-29T23:59:21.582+0000] {logging_mixin.py:120} INFO - [2025-01-29T23:59:21.582+0000] {dagbag.py:537} INFO - Filling up the DagBag from /home/airflow/.local/lib/python3.7/site-packages/airflow/example_dags/example_short_circuit_operator.py
[2025-01-29T23:59:21.600+0000] {processor.py:766} INFO - DAG(s) dict_keys(['example_short_circuit_operator']) retrieved from /home/airflow/.local/lib/python3.7/site-packages/airflow/example_dags/example_short_circuit_operator.py
[2025-01-29T23:59:21.666+0000] {logging_mixin.py:120} INFO - [2025-01-29T23:59:21.666+0000] {dag.py:2585} INFO - Sync 1 DAGs
[2025-01-29T23:59:21.698+0000] {logging_mixin.py:120} INFO - [2025-01-29T23:59:21.698+0000] {dag.py:3340} INFO - Setting next_dagrun for example_short_circuit_operator to 2025-01-28T23:59:21.698381+00:00, run_after=2025-01-29T23:59:21.698381+00:00
[2025-01-29T23:59:21.720+0000] {processor.py:176} INFO - Processing /home/airflow/.local/lib/python3.7/site-packages/airflow/example_dags/example_short_circuit_operator.py took 0.144 seconds
[2025-01-29T23:59:51.994+0000] {processor.py:154} INFO - Started process (PID=3450) to work on /home/airflow/.local/lib/python3.7/site-packages/airflow/example_dags/example_short_circuit_operator.py
[2025-01-29T23:59:51.995+0000] {processor.py:756} INFO - Processing file /home/airflow/.local/lib/python3.7/site-packages/airflow/example_dags/example_short_circuit_operator.py for tasks to queue
[2025-01-29T23:59:51.996+0000] {logging_mixin.py:120} INFO - [2025-01-29T23:59:51.995+0000] {dagbag.py:537} INFO - Filling up the DagBag from /home/airflow/.local/lib/python3.7/site-packages/airflow/example_dags/example_short_circuit_operator.py
[2025-01-29T23:59:52.013+0000] {processor.py:766} INFO - DAG(s) dict_keys(['example_short_circuit_operator']) retrieved from /home/airflow/.local/lib/python3.7/site-packages/airflow/example_dags/example_short_circuit_operator.py
[2025-01-29T23:59:52.068+0000] {logging_mixin.py:120} INFO - [2025-01-29T23:59:52.068+0000] {dag.py:2585} INFO - Sync 1 DAGs
[2025-01-29T23:59:52.098+0000] {logging_mixin.py:120} INFO - [2025-01-29T23:59:52.097+0000] {dag.py:3340} INFO - Setting next_dagrun for example_short_circuit_operator to 2025-01-28T23:59:52.097620+00:00, run_after=2025-01-29T23:59:52.097620+00:00
[2025-01-29T23:59:52.121+0000] {processor.py:176} INFO - Processing /home/airflow/.local/lib/python3.7/site-packages/airflow/example_dags/example_short_circuit_operator.py took 0.132 seconds
