[2025-01-29T23:31:51.038+0000] {processor.py:154} INFO - Started process (PID=77) to work on /home/airflow/.local/lib/python3.7/site-packages/airflow/example_dags/example_branch_python_dop_operator_3.py
[2025-01-29T23:31:51.040+0000] {processor.py:756} INFO - Processing file /home/airflow/.local/lib/python3.7/site-packages/airflow/example_dags/example_branch_python_dop_operator_3.py for tasks to queue
[2025-01-29T23:31:51.041+0000] {logging_mixin.py:120} INFO - [2025-01-29T23:31:51.041+0000] {dagbag.py:537} INFO - Filling up the DagBag from /home/airflow/.local/lib/python3.7/site-packages/airflow/example_dags/example_branch_python_dop_operator_3.py
[2025-01-29T23:31:51.073+0000] {processor.py:766} INFO - DAG(s) dict_keys(['example_branch_dop_operator_v3']) retrieved from /home/airflow/.local/lib/python3.7/site-packages/airflow/example_dags/example_branch_python_dop_operator_3.py
[2025-01-29T23:31:51.309+0000] {logging_mixin.py:120} INFO - [2025-01-29T23:31:51.309+0000] {manager.py:507} INFO - Created Permission View: can read on DAG:example_branch_dop_operator_v3
[2025-01-29T23:31:51.324+0000] {logging_mixin.py:120} INFO - [2025-01-29T23:31:51.324+0000] {manager.py:507} INFO - Created Permission View: can delete on DAG:example_branch_dop_operator_v3
[2025-01-29T23:31:51.337+0000] {logging_mixin.py:120} INFO - [2025-01-29T23:31:51.337+0000] {manager.py:507} INFO - Created Permission View: can edit on DAG:example_branch_dop_operator_v3
[2025-01-29T23:31:51.338+0000] {logging_mixin.py:120} INFO - [2025-01-29T23:31:51.338+0000] {dag.py:2585} INFO - Sync 1 DAGs
[2025-01-29T23:31:51.363+0000] {logging_mixin.py:120} INFO - [2025-01-29T23:31:51.363+0000] {dag.py:2606} INFO - Creating ORM DAG for example_branch_dop_operator_v3
[2025-01-29T23:31:51.394+0000] {logging_mixin.py:120} INFO - [2025-01-29T23:31:51.394+0000] {dag.py:3340} INFO - Setting next_dagrun for example_branch_dop_operator_v3 to 2025-01-29T23:30:00+00:00, run_after=2025-01-29T23:31:00+00:00
[2025-01-29T23:31:51.433+0000] {processor.py:176} INFO - Processing /home/airflow/.local/lib/python3.7/site-packages/airflow/example_dags/example_branch_python_dop_operator_3.py took 0.400 seconds
[2025-01-29T23:32:21.991+0000] {processor.py:154} INFO - Started process (PID=141) to work on /home/airflow/.local/lib/python3.7/site-packages/airflow/example_dags/example_branch_python_dop_operator_3.py
[2025-01-29T23:32:21.992+0000] {processor.py:756} INFO - Processing file /home/airflow/.local/lib/python3.7/site-packages/airflow/example_dags/example_branch_python_dop_operator_3.py for tasks to queue
[2025-01-29T23:32:21.993+0000] {logging_mixin.py:120} INFO - [2025-01-29T23:32:21.993+0000] {dagbag.py:537} INFO - Filling up the DagBag from /home/airflow/.local/lib/python3.7/site-packages/airflow/example_dags/example_branch_python_dop_operator_3.py
[2025-01-29T23:32:22.015+0000] {processor.py:766} INFO - DAG(s) dict_keys(['example_branch_dop_operator_v3']) retrieved from /home/airflow/.local/lib/python3.7/site-packages/airflow/example_dags/example_branch_python_dop_operator_3.py
[2025-01-29T23:32:22.070+0000] {logging_mixin.py:120} INFO - [2025-01-29T23:32:22.070+0000] {dag.py:2585} INFO - Sync 1 DAGs
[2025-01-29T23:32:22.111+0000] {logging_mixin.py:120} INFO - [2025-01-29T23:32:22.111+0000] {dag.py:3340} INFO - Setting next_dagrun for example_branch_dop_operator_v3 to 2025-01-29T23:31:00+00:00, run_after=2025-01-29T23:32:00+00:00
[2025-01-29T23:32:22.136+0000] {processor.py:176} INFO - Processing /home/airflow/.local/lib/python3.7/site-packages/airflow/example_dags/example_branch_python_dop_operator_3.py took 0.148 seconds
[2025-01-29T23:32:52.456+0000] {processor.py:154} INFO - Started process (PID=197) to work on /home/airflow/.local/lib/python3.7/site-packages/airflow/example_dags/example_branch_python_dop_operator_3.py
[2025-01-29T23:32:52.457+0000] {processor.py:756} INFO - Processing file /home/airflow/.local/lib/python3.7/site-packages/airflow/example_dags/example_branch_python_dop_operator_3.py for tasks to queue
[2025-01-29T23:32:52.458+0000] {logging_mixin.py:120} INFO - [2025-01-29T23:32:52.457+0000] {dagbag.py:537} INFO - Filling up the DagBag from /home/airflow/.local/lib/python3.7/site-packages/airflow/example_dags/example_branch_python_dop_operator_3.py
[2025-01-29T23:32:52.479+0000] {processor.py:766} INFO - DAG(s) dict_keys(['example_branch_dop_operator_v3']) retrieved from /home/airflow/.local/lib/python3.7/site-packages/airflow/example_dags/example_branch_python_dop_operator_3.py
[2025-01-29T23:32:52.534+0000] {logging_mixin.py:120} INFO - [2025-01-29T23:32:52.534+0000] {dag.py:2585} INFO - Sync 1 DAGs
[2025-01-29T23:32:52.569+0000] {logging_mixin.py:120} INFO - [2025-01-29T23:32:52.568+0000] {dag.py:3340} INFO - Setting next_dagrun for example_branch_dop_operator_v3 to 2025-01-29T23:31:00+00:00, run_after=2025-01-29T23:32:00+00:00
[2025-01-29T23:32:52.594+0000] {processor.py:176} INFO - Processing /home/airflow/.local/lib/python3.7/site-packages/airflow/example_dags/example_branch_python_dop_operator_3.py took 0.140 seconds
[2025-01-29T23:33:23.020+0000] {processor.py:154} INFO - Started process (PID=261) to work on /home/airflow/.local/lib/python3.7/site-packages/airflow/example_dags/example_branch_python_dop_operator_3.py
[2025-01-29T23:33:23.020+0000] {processor.py:756} INFO - Processing file /home/airflow/.local/lib/python3.7/site-packages/airflow/example_dags/example_branch_python_dop_operator_3.py for tasks to queue
[2025-01-29T23:33:23.021+0000] {logging_mixin.py:120} INFO - [2025-01-29T23:33:23.021+0000] {dagbag.py:537} INFO - Filling up the DagBag from /home/airflow/.local/lib/python3.7/site-packages/airflow/example_dags/example_branch_python_dop_operator_3.py
[2025-01-29T23:33:23.042+0000] {processor.py:766} INFO - DAG(s) dict_keys(['example_branch_dop_operator_v3']) retrieved from /home/airflow/.local/lib/python3.7/site-packages/airflow/example_dags/example_branch_python_dop_operator_3.py
[2025-01-29T23:33:23.095+0000] {logging_mixin.py:120} INFO - [2025-01-29T23:33:23.095+0000] {dag.py:2585} INFO - Sync 1 DAGs
[2025-01-29T23:33:23.130+0000] {logging_mixin.py:120} INFO - [2025-01-29T23:33:23.130+0000] {dag.py:3340} INFO - Setting next_dagrun for example_branch_dop_operator_v3 to 2025-01-29T23:32:00+00:00, run_after=2025-01-29T23:33:00+00:00
[2025-01-29T23:33:23.154+0000] {processor.py:176} INFO - Processing /home/airflow/.local/lib/python3.7/site-packages/airflow/example_dags/example_branch_python_dop_operator_3.py took 0.137 seconds
[2025-01-29T23:33:53.350+0000] {processor.py:154} INFO - Started process (PID=325) to work on /home/airflow/.local/lib/python3.7/site-packages/airflow/example_dags/example_branch_python_dop_operator_3.py
[2025-01-29T23:33:53.351+0000] {processor.py:756} INFO - Processing file /home/airflow/.local/lib/python3.7/site-packages/airflow/example_dags/example_branch_python_dop_operator_3.py for tasks to queue
[2025-01-29T23:33:53.352+0000] {logging_mixin.py:120} INFO - [2025-01-29T23:33:53.352+0000] {dagbag.py:537} INFO - Filling up the DagBag from /home/airflow/.local/lib/python3.7/site-packages/airflow/example_dags/example_branch_python_dop_operator_3.py
[2025-01-29T23:33:53.371+0000] {processor.py:766} INFO - DAG(s) dict_keys(['example_branch_dop_operator_v3']) retrieved from /home/airflow/.local/lib/python3.7/site-packages/airflow/example_dags/example_branch_python_dop_operator_3.py
[2025-01-29T23:33:53.430+0000] {logging_mixin.py:120} INFO - [2025-01-29T23:33:53.430+0000] {dag.py:2585} INFO - Sync 1 DAGs
[2025-01-29T23:33:53.471+0000] {logging_mixin.py:120} INFO - [2025-01-29T23:33:53.470+0000] {dag.py:3340} INFO - Setting next_dagrun for example_branch_dop_operator_v3 to 2025-01-29T23:32:00+00:00, run_after=2025-01-29T23:33:00+00:00
[2025-01-29T23:33:53.497+0000] {processor.py:176} INFO - Processing /home/airflow/.local/lib/python3.7/site-packages/airflow/example_dags/example_branch_python_dop_operator_3.py took 0.150 seconds
[2025-01-29T23:34:23.754+0000] {processor.py:154} INFO - Started process (PID=388) to work on /home/airflow/.local/lib/python3.7/site-packages/airflow/example_dags/example_branch_python_dop_operator_3.py
[2025-01-29T23:34:23.755+0000] {processor.py:756} INFO - Processing file /home/airflow/.local/lib/python3.7/site-packages/airflow/example_dags/example_branch_python_dop_operator_3.py for tasks to queue
[2025-01-29T23:34:23.756+0000] {logging_mixin.py:120} INFO - [2025-01-29T23:34:23.756+0000] {dagbag.py:537} INFO - Filling up the DagBag from /home/airflow/.local/lib/python3.7/site-packages/airflow/example_dags/example_branch_python_dop_operator_3.py
[2025-01-29T23:34:23.778+0000] {processor.py:766} INFO - DAG(s) dict_keys(['example_branch_dop_operator_v3']) retrieved from /home/airflow/.local/lib/python3.7/site-packages/airflow/example_dags/example_branch_python_dop_operator_3.py
[2025-01-29T23:34:23.838+0000] {logging_mixin.py:120} INFO - [2025-01-29T23:34:23.838+0000] {dag.py:2585} INFO - Sync 1 DAGs
[2025-01-29T23:34:23.887+0000] {logging_mixin.py:120} INFO - [2025-01-29T23:34:23.887+0000] {dag.py:3340} INFO - Setting next_dagrun for example_branch_dop_operator_v3 to 2025-01-29T23:33:00+00:00, run_after=2025-01-29T23:34:00+00:00
[2025-01-29T23:34:23.918+0000] {processor.py:176} INFO - Processing /home/airflow/.local/lib/python3.7/site-packages/airflow/example_dags/example_branch_python_dop_operator_3.py took 0.166 seconds
[2025-01-29T23:34:54.032+0000] {processor.py:154} INFO - Started process (PID=443) to work on /home/airflow/.local/lib/python3.7/site-packages/airflow/example_dags/example_branch_python_dop_operator_3.py
[2025-01-29T23:34:54.033+0000] {processor.py:756} INFO - Processing file /home/airflow/.local/lib/python3.7/site-packages/airflow/example_dags/example_branch_python_dop_operator_3.py for tasks to queue
[2025-01-29T23:34:54.034+0000] {logging_mixin.py:120} INFO - [2025-01-29T23:34:54.034+0000] {dagbag.py:537} INFO - Filling up the DagBag from /home/airflow/.local/lib/python3.7/site-packages/airflow/example_dags/example_branch_python_dop_operator_3.py
[2025-01-29T23:34:54.054+0000] {processor.py:766} INFO - DAG(s) dict_keys(['example_branch_dop_operator_v3']) retrieved from /home/airflow/.local/lib/python3.7/site-packages/airflow/example_dags/example_branch_python_dop_operator_3.py
[2025-01-29T23:34:54.105+0000] {logging_mixin.py:120} INFO - [2025-01-29T23:34:54.105+0000] {dag.py:2585} INFO - Sync 1 DAGs
[2025-01-29T23:34:54.142+0000] {logging_mixin.py:120} INFO - [2025-01-29T23:34:54.142+0000] {dag.py:3340} INFO - Setting next_dagrun for example_branch_dop_operator_v3 to 2025-01-29T23:33:00+00:00, run_after=2025-01-29T23:34:00+00:00
[2025-01-29T23:34:54.167+0000] {processor.py:176} INFO - Processing /home/airflow/.local/lib/python3.7/site-packages/airflow/example_dags/example_branch_python_dop_operator_3.py took 0.139 seconds
[2025-01-29T23:35:24.892+0000] {processor.py:154} INFO - Started process (PID=507) to work on /home/airflow/.local/lib/python3.7/site-packages/airflow/example_dags/example_branch_python_dop_operator_3.py
[2025-01-29T23:35:24.892+0000] {processor.py:756} INFO - Processing file /home/airflow/.local/lib/python3.7/site-packages/airflow/example_dags/example_branch_python_dop_operator_3.py for tasks to queue
[2025-01-29T23:35:24.894+0000] {logging_mixin.py:120} INFO - [2025-01-29T23:35:24.893+0000] {dagbag.py:537} INFO - Filling up the DagBag from /home/airflow/.local/lib/python3.7/site-packages/airflow/example_dags/example_branch_python_dop_operator_3.py
[2025-01-29T23:35:24.917+0000] {processor.py:766} INFO - DAG(s) dict_keys(['example_branch_dop_operator_v3']) retrieved from /home/airflow/.local/lib/python3.7/site-packages/airflow/example_dags/example_branch_python_dop_operator_3.py
[2025-01-29T23:35:24.972+0000] {logging_mixin.py:120} INFO - [2025-01-29T23:35:24.972+0000] {dag.py:2585} INFO - Sync 1 DAGs
[2025-01-29T23:35:25.009+0000] {logging_mixin.py:120} INFO - [2025-01-29T23:35:25.009+0000] {dag.py:3340} INFO - Setting next_dagrun for example_branch_dop_operator_v3 to 2025-01-29T23:34:00+00:00, run_after=2025-01-29T23:35:00+00:00
[2025-01-29T23:35:25.049+0000] {processor.py:176} INFO - Processing /home/airflow/.local/lib/python3.7/site-packages/airflow/example_dags/example_branch_python_dop_operator_3.py took 0.160 seconds
[2025-01-29T23:35:55.092+0000] {processor.py:154} INFO - Started process (PID=570) to work on /home/airflow/.local/lib/python3.7/site-packages/airflow/example_dags/example_branch_python_dop_operator_3.py
[2025-01-29T23:35:55.093+0000] {processor.py:756} INFO - Processing file /home/airflow/.local/lib/python3.7/site-packages/airflow/example_dags/example_branch_python_dop_operator_3.py for tasks to queue
[2025-01-29T23:35:55.094+0000] {logging_mixin.py:120} INFO - [2025-01-29T23:35:55.094+0000] {dagbag.py:537} INFO - Filling up the DagBag from /home/airflow/.local/lib/python3.7/site-packages/airflow/example_dags/example_branch_python_dop_operator_3.py
[2025-01-29T23:35:55.120+0000] {processor.py:766} INFO - DAG(s) dict_keys(['example_branch_dop_operator_v3']) retrieved from /home/airflow/.local/lib/python3.7/site-packages/airflow/example_dags/example_branch_python_dop_operator_3.py
[2025-01-29T23:35:55.165+0000] {logging_mixin.py:120} INFO - [2025-01-29T23:35:55.165+0000] {dag.py:2585} INFO - Sync 1 DAGs
[2025-01-29T23:35:55.223+0000] {logging_mixin.py:120} INFO - [2025-01-29T23:35:55.223+0000] {dag.py:3340} INFO - Setting next_dagrun for example_branch_dop_operator_v3 to 2025-01-29T23:34:00+00:00, run_after=2025-01-29T23:35:00+00:00
[2025-01-29T23:35:55.254+0000] {processor.py:176} INFO - Processing /home/airflow/.local/lib/python3.7/site-packages/airflow/example_dags/example_branch_python_dop_operator_3.py took 0.165 seconds
[2025-01-29T23:36:25.287+0000] {processor.py:154} INFO - Started process (PID=625) to work on /home/airflow/.local/lib/python3.7/site-packages/airflow/example_dags/example_branch_python_dop_operator_3.py
[2025-01-29T23:36:25.288+0000] {processor.py:756} INFO - Processing file /home/airflow/.local/lib/python3.7/site-packages/airflow/example_dags/example_branch_python_dop_operator_3.py for tasks to queue
[2025-01-29T23:36:25.289+0000] {logging_mixin.py:120} INFO - [2025-01-29T23:36:25.289+0000] {dagbag.py:537} INFO - Filling up the DagBag from /home/airflow/.local/lib/python3.7/site-packages/airflow/example_dags/example_branch_python_dop_operator_3.py
[2025-01-29T23:36:25.311+0000] {processor.py:766} INFO - DAG(s) dict_keys(['example_branch_dop_operator_v3']) retrieved from /home/airflow/.local/lib/python3.7/site-packages/airflow/example_dags/example_branch_python_dop_operator_3.py
[2025-01-29T23:36:25.369+0000] {logging_mixin.py:120} INFO - [2025-01-29T23:36:25.369+0000] {dag.py:2585} INFO - Sync 1 DAGs
[2025-01-29T23:36:25.405+0000] {logging_mixin.py:120} INFO - [2025-01-29T23:36:25.405+0000] {dag.py:3340} INFO - Setting next_dagrun for example_branch_dop_operator_v3 to 2025-01-29T23:35:00+00:00, run_after=2025-01-29T23:36:00+00:00
[2025-01-29T23:36:25.430+0000] {processor.py:176} INFO - Processing /home/airflow/.local/lib/python3.7/site-packages/airflow/example_dags/example_branch_python_dop_operator_3.py took 0.146 seconds
[2025-01-29T23:36:55.465+0000] {processor.py:154} INFO - Started process (PID=689) to work on /home/airflow/.local/lib/python3.7/site-packages/airflow/example_dags/example_branch_python_dop_operator_3.py
[2025-01-29T23:36:55.466+0000] {processor.py:756} INFO - Processing file /home/airflow/.local/lib/python3.7/site-packages/airflow/example_dags/example_branch_python_dop_operator_3.py for tasks to queue
[2025-01-29T23:36:55.467+0000] {logging_mixin.py:120} INFO - [2025-01-29T23:36:55.467+0000] {dagbag.py:537} INFO - Filling up the DagBag from /home/airflow/.local/lib/python3.7/site-packages/airflow/example_dags/example_branch_python_dop_operator_3.py
[2025-01-29T23:36:55.489+0000] {processor.py:766} INFO - DAG(s) dict_keys(['example_branch_dop_operator_v3']) retrieved from /home/airflow/.local/lib/python3.7/site-packages/airflow/example_dags/example_branch_python_dop_operator_3.py
[2025-01-29T23:36:55.545+0000] {logging_mixin.py:120} INFO - [2025-01-29T23:36:55.545+0000] {dag.py:2585} INFO - Sync 1 DAGs
[2025-01-29T23:36:55.582+0000] {logging_mixin.py:120} INFO - [2025-01-29T23:36:55.582+0000] {dag.py:3340} INFO - Setting next_dagrun for example_branch_dop_operator_v3 to 2025-01-29T23:35:00+00:00, run_after=2025-01-29T23:36:00+00:00
[2025-01-29T23:36:55.609+0000] {processor.py:176} INFO - Processing /home/airflow/.local/lib/python3.7/site-packages/airflow/example_dags/example_branch_python_dop_operator_3.py took 0.147 seconds
[2025-01-29T23:37:25.930+0000] {processor.py:154} INFO - Started process (PID=753) to work on /home/airflow/.local/lib/python3.7/site-packages/airflow/example_dags/example_branch_python_dop_operator_3.py
[2025-01-29T23:37:25.931+0000] {processor.py:756} INFO - Processing file /home/airflow/.local/lib/python3.7/site-packages/airflow/example_dags/example_branch_python_dop_operator_3.py for tasks to queue
[2025-01-29T23:37:25.932+0000] {logging_mixin.py:120} INFO - [2025-01-29T23:37:25.932+0000] {dagbag.py:537} INFO - Filling up the DagBag from /home/airflow/.local/lib/python3.7/site-packages/airflow/example_dags/example_branch_python_dop_operator_3.py
[2025-01-29T23:37:25.954+0000] {processor.py:766} INFO - DAG(s) dict_keys(['example_branch_dop_operator_v3']) retrieved from /home/airflow/.local/lib/python3.7/site-packages/airflow/example_dags/example_branch_python_dop_operator_3.py
[2025-01-29T23:37:26.013+0000] {logging_mixin.py:120} INFO - [2025-01-29T23:37:26.013+0000] {dag.py:2585} INFO - Sync 1 DAGs
[2025-01-29T23:37:26.047+0000] {logging_mixin.py:120} INFO - [2025-01-29T23:37:26.047+0000] {dag.py:3340} INFO - Setting next_dagrun for example_branch_dop_operator_v3 to 2025-01-29T23:36:00+00:00, run_after=2025-01-29T23:37:00+00:00
[2025-01-29T23:37:26.070+0000] {processor.py:176} INFO - Processing /home/airflow/.local/lib/python3.7/site-packages/airflow/example_dags/example_branch_python_dop_operator_3.py took 0.142 seconds
[2025-01-29T23:37:56.813+0000] {processor.py:154} INFO - Started process (PID=809) to work on /home/airflow/.local/lib/python3.7/site-packages/airflow/example_dags/example_branch_python_dop_operator_3.py
[2025-01-29T23:37:56.814+0000] {processor.py:756} INFO - Processing file /home/airflow/.local/lib/python3.7/site-packages/airflow/example_dags/example_branch_python_dop_operator_3.py for tasks to queue
[2025-01-29T23:37:56.815+0000] {logging_mixin.py:120} INFO - [2025-01-29T23:37:56.815+0000] {dagbag.py:537} INFO - Filling up the DagBag from /home/airflow/.local/lib/python3.7/site-packages/airflow/example_dags/example_branch_python_dop_operator_3.py
[2025-01-29T23:37:56.837+0000] {processor.py:766} INFO - DAG(s) dict_keys(['example_branch_dop_operator_v3']) retrieved from /home/airflow/.local/lib/python3.7/site-packages/airflow/example_dags/example_branch_python_dop_operator_3.py
[2025-01-29T23:37:56.920+0000] {logging_mixin.py:120} INFO - [2025-01-29T23:37:56.920+0000] {dag.py:2585} INFO - Sync 1 DAGs
[2025-01-29T23:37:57.001+0000] {logging_mixin.py:120} INFO - [2025-01-29T23:37:57.001+0000] {dag.py:3340} INFO - Setting next_dagrun for example_branch_dop_operator_v3 to 2025-01-29T23:36:00+00:00, run_after=2025-01-29T23:37:00+00:00
[2025-01-29T23:37:57.044+0000] {processor.py:176} INFO - Processing /home/airflow/.local/lib/python3.7/site-packages/airflow/example_dags/example_branch_python_dop_operator_3.py took 0.234 seconds
[2025-01-29T23:38:27.950+0000] {processor.py:154} INFO - Started process (PID=873) to work on /home/airflow/.local/lib/python3.7/site-packages/airflow/example_dags/example_branch_python_dop_operator_3.py
[2025-01-29T23:38:27.951+0000] {processor.py:756} INFO - Processing file /home/airflow/.local/lib/python3.7/site-packages/airflow/example_dags/example_branch_python_dop_operator_3.py for tasks to queue
[2025-01-29T23:38:27.952+0000] {logging_mixin.py:120} INFO - [2025-01-29T23:38:27.952+0000] {dagbag.py:537} INFO - Filling up the DagBag from /home/airflow/.local/lib/python3.7/site-packages/airflow/example_dags/example_branch_python_dop_operator_3.py
[2025-01-29T23:38:27.975+0000] {processor.py:766} INFO - DAG(s) dict_keys(['example_branch_dop_operator_v3']) retrieved from /home/airflow/.local/lib/python3.7/site-packages/airflow/example_dags/example_branch_python_dop_operator_3.py
[2025-01-29T23:38:28.034+0000] {logging_mixin.py:120} INFO - [2025-01-29T23:38:28.033+0000] {dag.py:2585} INFO - Sync 1 DAGs
[2025-01-29T23:38:28.076+0000] {logging_mixin.py:120} INFO - [2025-01-29T23:38:28.076+0000] {dag.py:3340} INFO - Setting next_dagrun for example_branch_dop_operator_v3 to 2025-01-29T23:37:00+00:00, run_after=2025-01-29T23:38:00+00:00
[2025-01-29T23:38:28.100+0000] {processor.py:176} INFO - Processing /home/airflow/.local/lib/python3.7/site-packages/airflow/example_dags/example_branch_python_dop_operator_3.py took 0.153 seconds
[2025-01-29T23:38:58.488+0000] {processor.py:154} INFO - Started process (PID=937) to work on /home/airflow/.local/lib/python3.7/site-packages/airflow/example_dags/example_branch_python_dop_operator_3.py
[2025-01-29T23:38:58.489+0000] {processor.py:756} INFO - Processing file /home/airflow/.local/lib/python3.7/site-packages/airflow/example_dags/example_branch_python_dop_operator_3.py for tasks to queue
[2025-01-29T23:38:58.490+0000] {logging_mixin.py:120} INFO - [2025-01-29T23:38:58.490+0000] {dagbag.py:537} INFO - Filling up the DagBag from /home/airflow/.local/lib/python3.7/site-packages/airflow/example_dags/example_branch_python_dop_operator_3.py
[2025-01-29T23:38:58.520+0000] {processor.py:766} INFO - DAG(s) dict_keys(['example_branch_dop_operator_v3']) retrieved from /home/airflow/.local/lib/python3.7/site-packages/airflow/example_dags/example_branch_python_dop_operator_3.py
[2025-01-29T23:38:58.600+0000] {logging_mixin.py:120} INFO - [2025-01-29T23:38:58.600+0000] {dag.py:2585} INFO - Sync 1 DAGs
[2025-01-29T23:38:58.653+0000] {logging_mixin.py:120} INFO - [2025-01-29T23:38:58.652+0000] {dag.py:3340} INFO - Setting next_dagrun for example_branch_dop_operator_v3 to 2025-01-29T23:37:00+00:00, run_after=2025-01-29T23:38:00+00:00
[2025-01-29T23:38:58.697+0000] {processor.py:176} INFO - Processing /home/airflow/.local/lib/python3.7/site-packages/airflow/example_dags/example_branch_python_dop_operator_3.py took 0.212 seconds
[2025-01-29T23:39:29.436+0000] {processor.py:154} INFO - Started process (PID=999) to work on /home/airflow/.local/lib/python3.7/site-packages/airflow/example_dags/example_branch_python_dop_operator_3.py
[2025-01-29T23:39:29.437+0000] {processor.py:756} INFO - Processing file /home/airflow/.local/lib/python3.7/site-packages/airflow/example_dags/example_branch_python_dop_operator_3.py for tasks to queue
[2025-01-29T23:39:29.438+0000] {logging_mixin.py:120} INFO - [2025-01-29T23:39:29.438+0000] {dagbag.py:537} INFO - Filling up the DagBag from /home/airflow/.local/lib/python3.7/site-packages/airflow/example_dags/example_branch_python_dop_operator_3.py
[2025-01-29T23:39:29.464+0000] {processor.py:766} INFO - DAG(s) dict_keys(['example_branch_dop_operator_v3']) retrieved from /home/airflow/.local/lib/python3.7/site-packages/airflow/example_dags/example_branch_python_dop_operator_3.py
[2025-01-29T23:39:29.522+0000] {logging_mixin.py:120} INFO - [2025-01-29T23:39:29.522+0000] {dag.py:2585} INFO - Sync 1 DAGs
[2025-01-29T23:39:29.559+0000] {logging_mixin.py:120} INFO - [2025-01-29T23:39:29.559+0000] {dag.py:3340} INFO - Setting next_dagrun for example_branch_dop_operator_v3 to 2025-01-29T23:38:00+00:00, run_after=2025-01-29T23:39:00+00:00
[2025-01-29T23:39:29.586+0000] {processor.py:176} INFO - Processing /home/airflow/.local/lib/python3.7/site-packages/airflow/example_dags/example_branch_python_dop_operator_3.py took 0.152 seconds
[2025-01-29T23:39:59.842+0000] {processor.py:154} INFO - Started process (PID=1056) to work on /home/airflow/.local/lib/python3.7/site-packages/airflow/example_dags/example_branch_python_dop_operator_3.py
[2025-01-29T23:39:59.843+0000] {processor.py:756} INFO - Processing file /home/airflow/.local/lib/python3.7/site-packages/airflow/example_dags/example_branch_python_dop_operator_3.py for tasks to queue
[2025-01-29T23:39:59.844+0000] {logging_mixin.py:120} INFO - [2025-01-29T23:39:59.844+0000] {dagbag.py:537} INFO - Filling up the DagBag from /home/airflow/.local/lib/python3.7/site-packages/airflow/example_dags/example_branch_python_dop_operator_3.py
[2025-01-29T23:39:59.866+0000] {processor.py:766} INFO - DAG(s) dict_keys(['example_branch_dop_operator_v3']) retrieved from /home/airflow/.local/lib/python3.7/site-packages/airflow/example_dags/example_branch_python_dop_operator_3.py
[2025-01-29T23:39:59.919+0000] {logging_mixin.py:120} INFO - [2025-01-29T23:39:59.919+0000] {dag.py:2585} INFO - Sync 1 DAGs
[2025-01-29T23:39:59.953+0000] {logging_mixin.py:120} INFO - [2025-01-29T23:39:59.953+0000] {dag.py:3340} INFO - Setting next_dagrun for example_branch_dop_operator_v3 to 2025-01-29T23:38:00+00:00, run_after=2025-01-29T23:39:00+00:00
[2025-01-29T23:39:59.976+0000] {processor.py:176} INFO - Processing /home/airflow/.local/lib/python3.7/site-packages/airflow/example_dags/example_branch_python_dop_operator_3.py took 0.136 seconds
[2025-01-29T23:40:30.229+0000] {processor.py:154} INFO - Started process (PID=1120) to work on /home/airflow/.local/lib/python3.7/site-packages/airflow/example_dags/example_branch_python_dop_operator_3.py
[2025-01-29T23:40:30.230+0000] {processor.py:756} INFO - Processing file /home/airflow/.local/lib/python3.7/site-packages/airflow/example_dags/example_branch_python_dop_operator_3.py for tasks to queue
[2025-01-29T23:40:30.230+0000] {logging_mixin.py:120} INFO - [2025-01-29T23:40:30.230+0000] {dagbag.py:537} INFO - Filling up the DagBag from /home/airflow/.local/lib/python3.7/site-packages/airflow/example_dags/example_branch_python_dop_operator_3.py
[2025-01-29T23:40:30.255+0000] {processor.py:766} INFO - DAG(s) dict_keys(['example_branch_dop_operator_v3']) retrieved from /home/airflow/.local/lib/python3.7/site-packages/airflow/example_dags/example_branch_python_dop_operator_3.py
[2025-01-29T23:40:30.315+0000] {logging_mixin.py:120} INFO - [2025-01-29T23:40:30.315+0000] {dag.py:2585} INFO - Sync 1 DAGs
[2025-01-29T23:40:30.355+0000] {logging_mixin.py:120} INFO - [2025-01-29T23:40:30.355+0000] {dag.py:3340} INFO - Setting next_dagrun for example_branch_dop_operator_v3 to 2025-01-29T23:39:00+00:00, run_after=2025-01-29T23:40:00+00:00
[2025-01-29T23:40:30.380+0000] {processor.py:176} INFO - Processing /home/airflow/.local/lib/python3.7/site-packages/airflow/example_dags/example_branch_python_dop_operator_3.py took 0.154 seconds
[2025-01-29T23:41:00.825+0000] {processor.py:154} INFO - Started process (PID=1184) to work on /home/airflow/.local/lib/python3.7/site-packages/airflow/example_dags/example_branch_python_dop_operator_3.py
[2025-01-29T23:41:00.827+0000] {processor.py:756} INFO - Processing file /home/airflow/.local/lib/python3.7/site-packages/airflow/example_dags/example_branch_python_dop_operator_3.py for tasks to queue
[2025-01-29T23:41:00.828+0000] {logging_mixin.py:120} INFO - [2025-01-29T23:41:00.828+0000] {dagbag.py:537} INFO - Filling up the DagBag from /home/airflow/.local/lib/python3.7/site-packages/airflow/example_dags/example_branch_python_dop_operator_3.py
[2025-01-29T23:41:00.856+0000] {processor.py:766} INFO - DAG(s) dict_keys(['example_branch_dop_operator_v3']) retrieved from /home/airflow/.local/lib/python3.7/site-packages/airflow/example_dags/example_branch_python_dop_operator_3.py
[2025-01-29T23:41:00.912+0000] {logging_mixin.py:120} INFO - [2025-01-29T23:41:00.912+0000] {dag.py:2585} INFO - Sync 1 DAGs
[2025-01-29T23:41:00.951+0000] {logging_mixin.py:120} INFO - [2025-01-29T23:41:00.950+0000] {dag.py:3340} INFO - Setting next_dagrun for example_branch_dop_operator_v3 to 2025-01-29T23:40:00+00:00, run_after=2025-01-29T23:41:00+00:00
[2025-01-29T23:41:00.972+0000] {processor.py:176} INFO - Processing /home/airflow/.local/lib/python3.7/site-packages/airflow/example_dags/example_branch_python_dop_operator_3.py took 0.150 seconds
[2025-01-29T23:41:31.523+0000] {processor.py:154} INFO - Started process (PID=1239) to work on /home/airflow/.local/lib/python3.7/site-packages/airflow/example_dags/example_branch_python_dop_operator_3.py
[2025-01-29T23:41:31.524+0000] {processor.py:756} INFO - Processing file /home/airflow/.local/lib/python3.7/site-packages/airflow/example_dags/example_branch_python_dop_operator_3.py for tasks to queue
[2025-01-29T23:41:31.525+0000] {logging_mixin.py:120} INFO - [2025-01-29T23:41:31.525+0000] {dagbag.py:537} INFO - Filling up the DagBag from /home/airflow/.local/lib/python3.7/site-packages/airflow/example_dags/example_branch_python_dop_operator_3.py
[2025-01-29T23:41:31.547+0000] {processor.py:766} INFO - DAG(s) dict_keys(['example_branch_dop_operator_v3']) retrieved from /home/airflow/.local/lib/python3.7/site-packages/airflow/example_dags/example_branch_python_dop_operator_3.py
[2025-01-29T23:41:31.602+0000] {logging_mixin.py:120} INFO - [2025-01-29T23:41:31.601+0000] {dag.py:2585} INFO - Sync 1 DAGs
[2025-01-29T23:41:31.637+0000] {logging_mixin.py:120} INFO - [2025-01-29T23:41:31.637+0000] {dag.py:3340} INFO - Setting next_dagrun for example_branch_dop_operator_v3 to 2025-01-29T23:40:00+00:00, run_after=2025-01-29T23:41:00+00:00
[2025-01-29T23:41:31.664+0000] {processor.py:176} INFO - Processing /home/airflow/.local/lib/python3.7/site-packages/airflow/example_dags/example_branch_python_dop_operator_3.py took 0.144 seconds
[2025-01-29T23:42:02.387+0000] {processor.py:154} INFO - Started process (PID=1304) to work on /home/airflow/.local/lib/python3.7/site-packages/airflow/example_dags/example_branch_python_dop_operator_3.py
[2025-01-29T23:42:02.389+0000] {processor.py:756} INFO - Processing file /home/airflow/.local/lib/python3.7/site-packages/airflow/example_dags/example_branch_python_dop_operator_3.py for tasks to queue
[2025-01-29T23:42:02.390+0000] {logging_mixin.py:120} INFO - [2025-01-29T23:42:02.390+0000] {dagbag.py:537} INFO - Filling up the DagBag from /home/airflow/.local/lib/python3.7/site-packages/airflow/example_dags/example_branch_python_dop_operator_3.py
[2025-01-29T23:42:02.412+0000] {processor.py:766} INFO - DAG(s) dict_keys(['example_branch_dop_operator_v3']) retrieved from /home/airflow/.local/lib/python3.7/site-packages/airflow/example_dags/example_branch_python_dop_operator_3.py
[2025-01-29T23:42:02.468+0000] {logging_mixin.py:120} INFO - [2025-01-29T23:42:02.468+0000] {dag.py:2585} INFO - Sync 1 DAGs
[2025-01-29T23:42:02.503+0000] {logging_mixin.py:120} INFO - [2025-01-29T23:42:02.503+0000] {dag.py:3340} INFO - Setting next_dagrun for example_branch_dop_operator_v3 to 2025-01-29T23:41:00+00:00, run_after=2025-01-29T23:42:00+00:00
[2025-01-29T23:42:02.527+0000] {processor.py:176} INFO - Processing /home/airflow/.local/lib/python3.7/site-packages/airflow/example_dags/example_branch_python_dop_operator_3.py took 0.142 seconds
[2025-01-29T23:42:33.286+0000] {processor.py:154} INFO - Started process (PID=1368) to work on /home/airflow/.local/lib/python3.7/site-packages/airflow/example_dags/example_branch_python_dop_operator_3.py
[2025-01-29T23:42:33.287+0000] {processor.py:756} INFO - Processing file /home/airflow/.local/lib/python3.7/site-packages/airflow/example_dags/example_branch_python_dop_operator_3.py for tasks to queue
[2025-01-29T23:42:33.288+0000] {logging_mixin.py:120} INFO - [2025-01-29T23:42:33.288+0000] {dagbag.py:537} INFO - Filling up the DagBag from /home/airflow/.local/lib/python3.7/site-packages/airflow/example_dags/example_branch_python_dop_operator_3.py
[2025-01-29T23:42:33.315+0000] {processor.py:766} INFO - DAG(s) dict_keys(['example_branch_dop_operator_v3']) retrieved from /home/airflow/.local/lib/python3.7/site-packages/airflow/example_dags/example_branch_python_dop_operator_3.py
[2025-01-29T23:42:33.378+0000] {logging_mixin.py:120} INFO - [2025-01-29T23:42:33.378+0000] {dag.py:2585} INFO - Sync 1 DAGs
[2025-01-29T23:42:33.415+0000] {logging_mixin.py:120} INFO - [2025-01-29T23:42:33.415+0000] {dag.py:3340} INFO - Setting next_dagrun for example_branch_dop_operator_v3 to 2025-01-29T23:41:00+00:00, run_after=2025-01-29T23:42:00+00:00
[2025-01-29T23:42:33.440+0000] {processor.py:176} INFO - Processing /home/airflow/.local/lib/python3.7/site-packages/airflow/example_dags/example_branch_python_dop_operator_3.py took 0.157 seconds
[2025-01-29T23:43:03.930+0000] {processor.py:154} INFO - Started process (PID=1424) to work on /home/airflow/.local/lib/python3.7/site-packages/airflow/example_dags/example_branch_python_dop_operator_3.py
[2025-01-29T23:43:03.931+0000] {processor.py:756} INFO - Processing file /home/airflow/.local/lib/python3.7/site-packages/airflow/example_dags/example_branch_python_dop_operator_3.py for tasks to queue
[2025-01-29T23:43:03.931+0000] {logging_mixin.py:120} INFO - [2025-01-29T23:43:03.931+0000] {dagbag.py:537} INFO - Filling up the DagBag from /home/airflow/.local/lib/python3.7/site-packages/airflow/example_dags/example_branch_python_dop_operator_3.py
[2025-01-29T23:43:03.953+0000] {processor.py:766} INFO - DAG(s) dict_keys(['example_branch_dop_operator_v3']) retrieved from /home/airflow/.local/lib/python3.7/site-packages/airflow/example_dags/example_branch_python_dop_operator_3.py
[2025-01-29T23:43:04.005+0000] {logging_mixin.py:120} INFO - [2025-01-29T23:43:04.005+0000] {dag.py:2585} INFO - Sync 1 DAGs
[2025-01-29T23:43:04.042+0000] {logging_mixin.py:120} INFO - [2025-01-29T23:43:04.042+0000] {dag.py:3340} INFO - Setting next_dagrun for example_branch_dop_operator_v3 to 2025-01-29T23:42:00+00:00, run_after=2025-01-29T23:43:00+00:00
[2025-01-29T23:43:04.068+0000] {processor.py:176} INFO - Processing /home/airflow/.local/lib/python3.7/site-packages/airflow/example_dags/example_branch_python_dop_operator_3.py took 0.141 seconds
[2025-01-29T23:43:34.708+0000] {processor.py:154} INFO - Started process (PID=1488) to work on /home/airflow/.local/lib/python3.7/site-packages/airflow/example_dags/example_branch_python_dop_operator_3.py
[2025-01-29T23:43:34.709+0000] {processor.py:756} INFO - Processing file /home/airflow/.local/lib/python3.7/site-packages/airflow/example_dags/example_branch_python_dop_operator_3.py for tasks to queue
[2025-01-29T23:43:34.709+0000] {logging_mixin.py:120} INFO - [2025-01-29T23:43:34.709+0000] {dagbag.py:537} INFO - Filling up the DagBag from /home/airflow/.local/lib/python3.7/site-packages/airflow/example_dags/example_branch_python_dop_operator_3.py
[2025-01-29T23:43:34.730+0000] {processor.py:766} INFO - DAG(s) dict_keys(['example_branch_dop_operator_v3']) retrieved from /home/airflow/.local/lib/python3.7/site-packages/airflow/example_dags/example_branch_python_dop_operator_3.py
[2025-01-29T23:43:34.784+0000] {logging_mixin.py:120} INFO - [2025-01-29T23:43:34.784+0000] {dag.py:2585} INFO - Sync 1 DAGs
[2025-01-29T23:43:34.821+0000] {logging_mixin.py:120} INFO - [2025-01-29T23:43:34.821+0000] {dag.py:3340} INFO - Setting next_dagrun for example_branch_dop_operator_v3 to 2025-01-29T23:42:00+00:00, run_after=2025-01-29T23:43:00+00:00
[2025-01-29T23:43:34.846+0000] {processor.py:176} INFO - Processing /home/airflow/.local/lib/python3.7/site-packages/airflow/example_dags/example_branch_python_dop_operator_3.py took 0.141 seconds
[2025-01-29T23:44:05.252+0000] {processor.py:154} INFO - Started process (PID=1552) to work on /home/airflow/.local/lib/python3.7/site-packages/airflow/example_dags/example_branch_python_dop_operator_3.py
[2025-01-29T23:44:05.253+0000] {processor.py:756} INFO - Processing file /home/airflow/.local/lib/python3.7/site-packages/airflow/example_dags/example_branch_python_dop_operator_3.py for tasks to queue
[2025-01-29T23:44:05.254+0000] {logging_mixin.py:120} INFO - [2025-01-29T23:44:05.254+0000] {dagbag.py:537} INFO - Filling up the DagBag from /home/airflow/.local/lib/python3.7/site-packages/airflow/example_dags/example_branch_python_dop_operator_3.py
[2025-01-29T23:44:05.277+0000] {processor.py:766} INFO - DAG(s) dict_keys(['example_branch_dop_operator_v3']) retrieved from /home/airflow/.local/lib/python3.7/site-packages/airflow/example_dags/example_branch_python_dop_operator_3.py
[2025-01-29T23:44:05.334+0000] {logging_mixin.py:120} INFO - [2025-01-29T23:44:05.333+0000] {dag.py:2585} INFO - Sync 1 DAGs
[2025-01-29T23:44:05.369+0000] {logging_mixin.py:120} INFO - [2025-01-29T23:44:05.369+0000] {dag.py:3340} INFO - Setting next_dagrun for example_branch_dop_operator_v3 to 2025-01-29T23:43:00+00:00, run_after=2025-01-29T23:44:00+00:00
[2025-01-29T23:44:05.392+0000] {processor.py:176} INFO - Processing /home/airflow/.local/lib/python3.7/site-packages/airflow/example_dags/example_branch_python_dop_operator_3.py took 0.143 seconds
[2025-01-29T23:44:35.784+0000] {processor.py:154} INFO - Started process (PID=1616) to work on /home/airflow/.local/lib/python3.7/site-packages/airflow/example_dags/example_branch_python_dop_operator_3.py
[2025-01-29T23:44:35.785+0000] {processor.py:756} INFO - Processing file /home/airflow/.local/lib/python3.7/site-packages/airflow/example_dags/example_branch_python_dop_operator_3.py for tasks to queue
[2025-01-29T23:44:35.786+0000] {logging_mixin.py:120} INFO - [2025-01-29T23:44:35.786+0000] {dagbag.py:537} INFO - Filling up the DagBag from /home/airflow/.local/lib/python3.7/site-packages/airflow/example_dags/example_branch_python_dop_operator_3.py
[2025-01-29T23:44:35.806+0000] {processor.py:766} INFO - DAG(s) dict_keys(['example_branch_dop_operator_v3']) retrieved from /home/airflow/.local/lib/python3.7/site-packages/airflow/example_dags/example_branch_python_dop_operator_3.py
[2025-01-29T23:44:35.859+0000] {logging_mixin.py:120} INFO - [2025-01-29T23:44:35.859+0000] {dag.py:2585} INFO - Sync 1 DAGs
[2025-01-29T23:44:35.895+0000] {logging_mixin.py:120} INFO - [2025-01-29T23:44:35.895+0000] {dag.py:3340} INFO - Setting next_dagrun for example_branch_dop_operator_v3 to 2025-01-29T23:43:00+00:00, run_after=2025-01-29T23:44:00+00:00
[2025-01-29T23:44:35.917+0000] {processor.py:176} INFO - Processing /home/airflow/.local/lib/python3.7/site-packages/airflow/example_dags/example_branch_python_dop_operator_3.py took 0.136 seconds
[2025-01-29T23:45:06.333+0000] {processor.py:154} INFO - Started process (PID=1671) to work on /home/airflow/.local/lib/python3.7/site-packages/airflow/example_dags/example_branch_python_dop_operator_3.py
[2025-01-29T23:45:06.334+0000] {processor.py:756} INFO - Processing file /home/airflow/.local/lib/python3.7/site-packages/airflow/example_dags/example_branch_python_dop_operator_3.py for tasks to queue
[2025-01-29T23:45:06.335+0000] {logging_mixin.py:120} INFO - [2025-01-29T23:45:06.335+0000] {dagbag.py:537} INFO - Filling up the DagBag from /home/airflow/.local/lib/python3.7/site-packages/airflow/example_dags/example_branch_python_dop_operator_3.py
[2025-01-29T23:45:06.357+0000] {processor.py:766} INFO - DAG(s) dict_keys(['example_branch_dop_operator_v3']) retrieved from /home/airflow/.local/lib/python3.7/site-packages/airflow/example_dags/example_branch_python_dop_operator_3.py
[2025-01-29T23:45:06.417+0000] {logging_mixin.py:120} INFO - [2025-01-29T23:45:06.417+0000] {dag.py:2585} INFO - Sync 1 DAGs
[2025-01-29T23:45:06.460+0000] {logging_mixin.py:120} INFO - [2025-01-29T23:45:06.460+0000] {dag.py:3340} INFO - Setting next_dagrun for example_branch_dop_operator_v3 to 2025-01-29T23:44:00+00:00, run_after=2025-01-29T23:45:00+00:00
[2025-01-29T23:45:06.486+0000] {processor.py:176} INFO - Processing /home/airflow/.local/lib/python3.7/site-packages/airflow/example_dags/example_branch_python_dop_operator_3.py took 0.155 seconds
[2025-01-29T23:45:37.008+0000] {processor.py:154} INFO - Started process (PID=1735) to work on /home/airflow/.local/lib/python3.7/site-packages/airflow/example_dags/example_branch_python_dop_operator_3.py
[2025-01-29T23:45:37.008+0000] {processor.py:756} INFO - Processing file /home/airflow/.local/lib/python3.7/site-packages/airflow/example_dags/example_branch_python_dop_operator_3.py for tasks to queue
[2025-01-29T23:45:37.009+0000] {logging_mixin.py:120} INFO - [2025-01-29T23:45:37.009+0000] {dagbag.py:537} INFO - Filling up the DagBag from /home/airflow/.local/lib/python3.7/site-packages/airflow/example_dags/example_branch_python_dop_operator_3.py
[2025-01-29T23:45:37.030+0000] {processor.py:766} INFO - DAG(s) dict_keys(['example_branch_dop_operator_v3']) retrieved from /home/airflow/.local/lib/python3.7/site-packages/airflow/example_dags/example_branch_python_dop_operator_3.py
[2025-01-29T23:45:37.087+0000] {logging_mixin.py:120} INFO - [2025-01-29T23:45:37.087+0000] {dag.py:2585} INFO - Sync 1 DAGs
[2025-01-29T23:45:37.122+0000] {logging_mixin.py:120} INFO - [2025-01-29T23:45:37.122+0000] {dag.py:3340} INFO - Setting next_dagrun for example_branch_dop_operator_v3 to 2025-01-29T23:44:00+00:00, run_after=2025-01-29T23:45:00+00:00
[2025-01-29T23:45:37.151+0000] {processor.py:176} INFO - Processing /home/airflow/.local/lib/python3.7/site-packages/airflow/example_dags/example_branch_python_dop_operator_3.py took 0.146 seconds
[2025-01-29T23:46:07.577+0000] {processor.py:154} INFO - Started process (PID=1799) to work on /home/airflow/.local/lib/python3.7/site-packages/airflow/example_dags/example_branch_python_dop_operator_3.py
[2025-01-29T23:46:07.578+0000] {processor.py:756} INFO - Processing file /home/airflow/.local/lib/python3.7/site-packages/airflow/example_dags/example_branch_python_dop_operator_3.py for tasks to queue
[2025-01-29T23:46:07.579+0000] {logging_mixin.py:120} INFO - [2025-01-29T23:46:07.578+0000] {dagbag.py:537} INFO - Filling up the DagBag from /home/airflow/.local/lib/python3.7/site-packages/airflow/example_dags/example_branch_python_dop_operator_3.py
[2025-01-29T23:46:07.601+0000] {processor.py:766} INFO - DAG(s) dict_keys(['example_branch_dop_operator_v3']) retrieved from /home/airflow/.local/lib/python3.7/site-packages/airflow/example_dags/example_branch_python_dop_operator_3.py
[2025-01-29T23:46:07.658+0000] {logging_mixin.py:120} INFO - [2025-01-29T23:46:07.658+0000] {dag.py:2585} INFO - Sync 1 DAGs
[2025-01-29T23:46:07.693+0000] {logging_mixin.py:120} INFO - [2025-01-29T23:46:07.693+0000] {dag.py:3340} INFO - Setting next_dagrun for example_branch_dop_operator_v3 to 2025-01-29T23:45:00+00:00, run_after=2025-01-29T23:46:00+00:00
[2025-01-29T23:46:07.717+0000] {processor.py:176} INFO - Processing /home/airflow/.local/lib/python3.7/site-packages/airflow/example_dags/example_branch_python_dop_operator_3.py took 0.143 seconds
[2025-01-29T23:46:38.132+0000] {processor.py:154} INFO - Started process (PID=1854) to work on /home/airflow/.local/lib/python3.7/site-packages/airflow/example_dags/example_branch_python_dop_operator_3.py
[2025-01-29T23:46:38.133+0000] {processor.py:756} INFO - Processing file /home/airflow/.local/lib/python3.7/site-packages/airflow/example_dags/example_branch_python_dop_operator_3.py for tasks to queue
[2025-01-29T23:46:38.134+0000] {logging_mixin.py:120} INFO - [2025-01-29T23:46:38.134+0000] {dagbag.py:537} INFO - Filling up the DagBag from /home/airflow/.local/lib/python3.7/site-packages/airflow/example_dags/example_branch_python_dop_operator_3.py
[2025-01-29T23:46:38.157+0000] {processor.py:766} INFO - DAG(s) dict_keys(['example_branch_dop_operator_v3']) retrieved from /home/airflow/.local/lib/python3.7/site-packages/airflow/example_dags/example_branch_python_dop_operator_3.py
[2025-01-29T23:46:38.209+0000] {logging_mixin.py:120} INFO - [2025-01-29T23:46:38.209+0000] {dag.py:2585} INFO - Sync 1 DAGs
[2025-01-29T23:46:38.248+0000] {logging_mixin.py:120} INFO - [2025-01-29T23:46:38.248+0000] {dag.py:3340} INFO - Setting next_dagrun for example_branch_dop_operator_v3 to 2025-01-29T23:45:00+00:00, run_after=2025-01-29T23:46:00+00:00
[2025-01-29T23:46:38.277+0000] {processor.py:176} INFO - Processing /home/airflow/.local/lib/python3.7/site-packages/airflow/example_dags/example_branch_python_dop_operator_3.py took 0.149 seconds
[2025-01-29T23:47:08.327+0000] {processor.py:154} INFO - Started process (PID=1917) to work on /home/airflow/.local/lib/python3.7/site-packages/airflow/example_dags/example_branch_python_dop_operator_3.py
[2025-01-29T23:47:08.328+0000] {processor.py:756} INFO - Processing file /home/airflow/.local/lib/python3.7/site-packages/airflow/example_dags/example_branch_python_dop_operator_3.py for tasks to queue
[2025-01-29T23:47:08.329+0000] {logging_mixin.py:120} INFO - [2025-01-29T23:47:08.329+0000] {dagbag.py:537} INFO - Filling up the DagBag from /home/airflow/.local/lib/python3.7/site-packages/airflow/example_dags/example_branch_python_dop_operator_3.py
[2025-01-29T23:47:08.349+0000] {processor.py:766} INFO - DAG(s) dict_keys(['example_branch_dop_operator_v3']) retrieved from /home/airflow/.local/lib/python3.7/site-packages/airflow/example_dags/example_branch_python_dop_operator_3.py
[2025-01-29T23:47:08.402+0000] {logging_mixin.py:120} INFO - [2025-01-29T23:47:08.402+0000] {dag.py:2585} INFO - Sync 1 DAGs
[2025-01-29T23:47:08.438+0000] {logging_mixin.py:120} INFO - [2025-01-29T23:47:08.438+0000] {dag.py:3340} INFO - Setting next_dagrun for example_branch_dop_operator_v3 to 2025-01-29T23:46:00+00:00, run_after=2025-01-29T23:47:00+00:00
[2025-01-29T23:47:08.468+0000] {processor.py:176} INFO - Processing /home/airflow/.local/lib/python3.7/site-packages/airflow/example_dags/example_branch_python_dop_operator_3.py took 0.144 seconds
[2025-01-29T23:47:38.995+0000] {processor.py:154} INFO - Started process (PID=1982) to work on /home/airflow/.local/lib/python3.7/site-packages/airflow/example_dags/example_branch_python_dop_operator_3.py
[2025-01-29T23:47:38.996+0000] {processor.py:756} INFO - Processing file /home/airflow/.local/lib/python3.7/site-packages/airflow/example_dags/example_branch_python_dop_operator_3.py for tasks to queue
[2025-01-29T23:47:38.997+0000] {logging_mixin.py:120} INFO - [2025-01-29T23:47:38.997+0000] {dagbag.py:537} INFO - Filling up the DagBag from /home/airflow/.local/lib/python3.7/site-packages/airflow/example_dags/example_branch_python_dop_operator_3.py
[2025-01-29T23:47:39.020+0000] {processor.py:766} INFO - DAG(s) dict_keys(['example_branch_dop_operator_v3']) retrieved from /home/airflow/.local/lib/python3.7/site-packages/airflow/example_dags/example_branch_python_dop_operator_3.py
[2025-01-29T23:47:39.091+0000] {logging_mixin.py:120} INFO - [2025-01-29T23:47:39.090+0000] {dag.py:2585} INFO - Sync 1 DAGs
[2025-01-29T23:47:39.134+0000] {logging_mixin.py:120} INFO - [2025-01-29T23:47:39.134+0000] {dag.py:3340} INFO - Setting next_dagrun for example_branch_dop_operator_v3 to 2025-01-29T23:46:00+00:00, run_after=2025-01-29T23:47:00+00:00
[2025-01-29T23:47:39.159+0000] {processor.py:176} INFO - Processing /home/airflow/.local/lib/python3.7/site-packages/airflow/example_dags/example_branch_python_dop_operator_3.py took 0.168 seconds
[2025-01-29T23:48:09.925+0000] {processor.py:154} INFO - Started process (PID=2046) to work on /home/airflow/.local/lib/python3.7/site-packages/airflow/example_dags/example_branch_python_dop_operator_3.py
[2025-01-29T23:48:09.926+0000] {processor.py:756} INFO - Processing file /home/airflow/.local/lib/python3.7/site-packages/airflow/example_dags/example_branch_python_dop_operator_3.py for tasks to queue
[2025-01-29T23:48:09.926+0000] {logging_mixin.py:120} INFO - [2025-01-29T23:48:09.926+0000] {dagbag.py:537} INFO - Filling up the DagBag from /home/airflow/.local/lib/python3.7/site-packages/airflow/example_dags/example_branch_python_dop_operator_3.py
[2025-01-29T23:48:09.948+0000] {processor.py:766} INFO - DAG(s) dict_keys(['example_branch_dop_operator_v3']) retrieved from /home/airflow/.local/lib/python3.7/site-packages/airflow/example_dags/example_branch_python_dop_operator_3.py
[2025-01-29T23:48:10.008+0000] {logging_mixin.py:120} INFO - [2025-01-29T23:48:10.007+0000] {dag.py:2585} INFO - Sync 1 DAGs
[2025-01-29T23:48:10.048+0000] {logging_mixin.py:120} INFO - [2025-01-29T23:48:10.047+0000] {dag.py:3340} INFO - Setting next_dagrun for example_branch_dop_operator_v3 to 2025-01-29T23:47:00+00:00, run_after=2025-01-29T23:48:00+00:00
[2025-01-29T23:48:10.078+0000] {processor.py:176} INFO - Processing /home/airflow/.local/lib/python3.7/site-packages/airflow/example_dags/example_branch_python_dop_operator_3.py took 0.155 seconds
[2025-01-29T23:48:40.726+0000] {processor.py:154} INFO - Started process (PID=2101) to work on /home/airflow/.local/lib/python3.7/site-packages/airflow/example_dags/example_branch_python_dop_operator_3.py
[2025-01-29T23:48:40.727+0000] {processor.py:756} INFO - Processing file /home/airflow/.local/lib/python3.7/site-packages/airflow/example_dags/example_branch_python_dop_operator_3.py for tasks to queue
[2025-01-29T23:48:40.727+0000] {logging_mixin.py:120} INFO - [2025-01-29T23:48:40.727+0000] {dagbag.py:537} INFO - Filling up the DagBag from /home/airflow/.local/lib/python3.7/site-packages/airflow/example_dags/example_branch_python_dop_operator_3.py
[2025-01-29T23:48:40.749+0000] {processor.py:766} INFO - DAG(s) dict_keys(['example_branch_dop_operator_v3']) retrieved from /home/airflow/.local/lib/python3.7/site-packages/airflow/example_dags/example_branch_python_dop_operator_3.py
[2025-01-29T23:48:40.800+0000] {logging_mixin.py:120} INFO - [2025-01-29T23:48:40.800+0000] {dag.py:2585} INFO - Sync 1 DAGs
[2025-01-29T23:48:40.836+0000] {logging_mixin.py:120} INFO - [2025-01-29T23:48:40.836+0000] {dag.py:3340} INFO - Setting next_dagrun for example_branch_dop_operator_v3 to 2025-01-29T23:47:00+00:00, run_after=2025-01-29T23:48:00+00:00
[2025-01-29T23:48:40.859+0000] {processor.py:176} INFO - Processing /home/airflow/.local/lib/python3.7/site-packages/airflow/example_dags/example_branch_python_dop_operator_3.py took 0.136 seconds
[2025-01-29T23:49:11.250+0000] {processor.py:154} INFO - Started process (PID=2165) to work on /home/airflow/.local/lib/python3.7/site-packages/airflow/example_dags/example_branch_python_dop_operator_3.py
[2025-01-29T23:49:11.251+0000] {processor.py:756} INFO - Processing file /home/airflow/.local/lib/python3.7/site-packages/airflow/example_dags/example_branch_python_dop_operator_3.py for tasks to queue
[2025-01-29T23:49:11.251+0000] {logging_mixin.py:120} INFO - [2025-01-29T23:49:11.251+0000] {dagbag.py:537} INFO - Filling up the DagBag from /home/airflow/.local/lib/python3.7/site-packages/airflow/example_dags/example_branch_python_dop_operator_3.py
[2025-01-29T23:49:11.272+0000] {processor.py:766} INFO - DAG(s) dict_keys(['example_branch_dop_operator_v3']) retrieved from /home/airflow/.local/lib/python3.7/site-packages/airflow/example_dags/example_branch_python_dop_operator_3.py
[2025-01-29T23:49:11.328+0000] {logging_mixin.py:120} INFO - [2025-01-29T23:49:11.328+0000] {dag.py:2585} INFO - Sync 1 DAGs
[2025-01-29T23:49:11.365+0000] {logging_mixin.py:120} INFO - [2025-01-29T23:49:11.364+0000] {dag.py:3340} INFO - Setting next_dagrun for example_branch_dop_operator_v3 to 2025-01-29T23:48:00+00:00, run_after=2025-01-29T23:49:00+00:00
[2025-01-29T23:49:11.390+0000] {processor.py:176} INFO - Processing /home/airflow/.local/lib/python3.7/site-packages/airflow/example_dags/example_branch_python_dop_operator_3.py took 0.144 seconds
[2025-01-29T23:49:41.546+0000] {processor.py:154} INFO - Started process (PID=2228) to work on /home/airflow/.local/lib/python3.7/site-packages/airflow/example_dags/example_branch_python_dop_operator_3.py
[2025-01-29T23:49:41.547+0000] {processor.py:756} INFO - Processing file /home/airflow/.local/lib/python3.7/site-packages/airflow/example_dags/example_branch_python_dop_operator_3.py for tasks to queue
[2025-01-29T23:49:41.548+0000] {logging_mixin.py:120} INFO - [2025-01-29T23:49:41.548+0000] {dagbag.py:537} INFO - Filling up the DagBag from /home/airflow/.local/lib/python3.7/site-packages/airflow/example_dags/example_branch_python_dop_operator_3.py
[2025-01-29T23:49:41.569+0000] {processor.py:766} INFO - DAG(s) dict_keys(['example_branch_dop_operator_v3']) retrieved from /home/airflow/.local/lib/python3.7/site-packages/airflow/example_dags/example_branch_python_dop_operator_3.py
[2025-01-29T23:49:41.623+0000] {logging_mixin.py:120} INFO - [2025-01-29T23:49:41.623+0000] {dag.py:2585} INFO - Sync 1 DAGs
[2025-01-29T23:49:41.657+0000] {logging_mixin.py:120} INFO - [2025-01-29T23:49:41.657+0000] {dag.py:3340} INFO - Setting next_dagrun for example_branch_dop_operator_v3 to 2025-01-29T23:48:00+00:00, run_after=2025-01-29T23:49:00+00:00
[2025-01-29T23:49:41.680+0000] {processor.py:176} INFO - Processing /home/airflow/.local/lib/python3.7/site-packages/airflow/example_dags/example_branch_python_dop_operator_3.py took 0.137 seconds
[2025-01-29T23:50:11.912+0000] {processor.py:154} INFO - Started process (PID=2283) to work on /home/airflow/.local/lib/python3.7/site-packages/airflow/example_dags/example_branch_python_dop_operator_3.py
[2025-01-29T23:50:11.914+0000] {processor.py:756} INFO - Processing file /home/airflow/.local/lib/python3.7/site-packages/airflow/example_dags/example_branch_python_dop_operator_3.py for tasks to queue
[2025-01-29T23:50:11.914+0000] {logging_mixin.py:120} INFO - [2025-01-29T23:50:11.914+0000] {dagbag.py:537} INFO - Filling up the DagBag from /home/airflow/.local/lib/python3.7/site-packages/airflow/example_dags/example_branch_python_dop_operator_3.py
[2025-01-29T23:50:11.941+0000] {processor.py:766} INFO - DAG(s) dict_keys(['example_branch_dop_operator_v3']) retrieved from /home/airflow/.local/lib/python3.7/site-packages/airflow/example_dags/example_branch_python_dop_operator_3.py
[2025-01-29T23:50:12.004+0000] {logging_mixin.py:120} INFO - [2025-01-29T23:50:12.004+0000] {dag.py:2585} INFO - Sync 1 DAGs
[2025-01-29T23:50:12.044+0000] {logging_mixin.py:120} INFO - [2025-01-29T23:50:12.044+0000] {dag.py:3340} INFO - Setting next_dagrun for example_branch_dop_operator_v3 to 2025-01-29T23:49:00+00:00, run_after=2025-01-29T23:50:00+00:00
[2025-01-29T23:50:12.072+0000] {processor.py:176} INFO - Processing /home/airflow/.local/lib/python3.7/site-packages/airflow/example_dags/example_branch_python_dop_operator_3.py took 0.163 seconds
[2025-01-29T23:50:42.333+0000] {processor.py:154} INFO - Started process (PID=2347) to work on /home/airflow/.local/lib/python3.7/site-packages/airflow/example_dags/example_branch_python_dop_operator_3.py
[2025-01-29T23:50:42.334+0000] {processor.py:756} INFO - Processing file /home/airflow/.local/lib/python3.7/site-packages/airflow/example_dags/example_branch_python_dop_operator_3.py for tasks to queue
[2025-01-29T23:50:42.335+0000] {logging_mixin.py:120} INFO - [2025-01-29T23:50:42.335+0000] {dagbag.py:537} INFO - Filling up the DagBag from /home/airflow/.local/lib/python3.7/site-packages/airflow/example_dags/example_branch_python_dop_operator_3.py
[2025-01-29T23:50:42.355+0000] {processor.py:766} INFO - DAG(s) dict_keys(['example_branch_dop_operator_v3']) retrieved from /home/airflow/.local/lib/python3.7/site-packages/airflow/example_dags/example_branch_python_dop_operator_3.py
[2025-01-29T23:50:42.408+0000] {logging_mixin.py:120} INFO - [2025-01-29T23:50:42.408+0000] {dag.py:2585} INFO - Sync 1 DAGs
[2025-01-29T23:50:42.445+0000] {logging_mixin.py:120} INFO - [2025-01-29T23:50:42.444+0000] {dag.py:3340} INFO - Setting next_dagrun for example_branch_dop_operator_v3 to 2025-01-29T23:49:00+00:00, run_after=2025-01-29T23:50:00+00:00
[2025-01-29T23:50:42.467+0000] {processor.py:176} INFO - Processing /home/airflow/.local/lib/python3.7/site-packages/airflow/example_dags/example_branch_python_dop_operator_3.py took 0.137 seconds
[2025-01-29T23:51:13.074+0000] {processor.py:154} INFO - Started process (PID=2413) to work on /home/airflow/.local/lib/python3.7/site-packages/airflow/example_dags/example_branch_python_dop_operator_3.py
[2025-01-29T23:51:13.075+0000] {processor.py:756} INFO - Processing file /home/airflow/.local/lib/python3.7/site-packages/airflow/example_dags/example_branch_python_dop_operator_3.py for tasks to queue
[2025-01-29T23:51:13.076+0000] {logging_mixin.py:120} INFO - [2025-01-29T23:51:13.076+0000] {dagbag.py:537} INFO - Filling up the DagBag from /home/airflow/.local/lib/python3.7/site-packages/airflow/example_dags/example_branch_python_dop_operator_3.py
[2025-01-29T23:51:13.096+0000] {processor.py:766} INFO - DAG(s) dict_keys(['example_branch_dop_operator_v3']) retrieved from /home/airflow/.local/lib/python3.7/site-packages/airflow/example_dags/example_branch_python_dop_operator_3.py
[2025-01-29T23:51:13.152+0000] {logging_mixin.py:120} INFO - [2025-01-29T23:51:13.152+0000] {dag.py:2585} INFO - Sync 1 DAGs
[2025-01-29T23:51:13.187+0000] {logging_mixin.py:120} INFO - [2025-01-29T23:51:13.187+0000] {dag.py:3340} INFO - Setting next_dagrun for example_branch_dop_operator_v3 to 2025-01-29T23:50:00+00:00, run_after=2025-01-29T23:51:00+00:00
[2025-01-29T23:51:13.214+0000] {processor.py:176} INFO - Processing /home/airflow/.local/lib/python3.7/site-packages/airflow/example_dags/example_branch_python_dop_operator_3.py took 0.142 seconds
[2025-01-29T23:51:44.031+0000] {processor.py:154} INFO - Started process (PID=2468) to work on /home/airflow/.local/lib/python3.7/site-packages/airflow/example_dags/example_branch_python_dop_operator_3.py
[2025-01-29T23:51:44.032+0000] {processor.py:756} INFO - Processing file /home/airflow/.local/lib/python3.7/site-packages/airflow/example_dags/example_branch_python_dop_operator_3.py for tasks to queue
[2025-01-29T23:51:44.033+0000] {logging_mixin.py:120} INFO - [2025-01-29T23:51:44.033+0000] {dagbag.py:537} INFO - Filling up the DagBag from /home/airflow/.local/lib/python3.7/site-packages/airflow/example_dags/example_branch_python_dop_operator_3.py
[2025-01-29T23:51:44.053+0000] {processor.py:766} INFO - DAG(s) dict_keys(['example_branch_dop_operator_v3']) retrieved from /home/airflow/.local/lib/python3.7/site-packages/airflow/example_dags/example_branch_python_dop_operator_3.py
[2025-01-29T23:51:44.107+0000] {logging_mixin.py:120} INFO - [2025-01-29T23:51:44.107+0000] {dag.py:2585} INFO - Sync 1 DAGs
[2025-01-29T23:51:44.147+0000] {logging_mixin.py:120} INFO - [2025-01-29T23:51:44.147+0000] {dag.py:3340} INFO - Setting next_dagrun for example_branch_dop_operator_v3 to 2025-01-29T23:50:00+00:00, run_after=2025-01-29T23:51:00+00:00
[2025-01-29T23:51:44.177+0000] {processor.py:176} INFO - Processing /home/airflow/.local/lib/python3.7/site-packages/airflow/example_dags/example_branch_python_dop_operator_3.py took 0.148 seconds
[2025-01-29T23:52:14.534+0000] {processor.py:154} INFO - Started process (PID=2532) to work on /home/airflow/.local/lib/python3.7/site-packages/airflow/example_dags/example_branch_python_dop_operator_3.py
[2025-01-29T23:52:14.535+0000] {processor.py:756} INFO - Processing file /home/airflow/.local/lib/python3.7/site-packages/airflow/example_dags/example_branch_python_dop_operator_3.py for tasks to queue
[2025-01-29T23:52:14.536+0000] {logging_mixin.py:120} INFO - [2025-01-29T23:52:14.536+0000] {dagbag.py:537} INFO - Filling up the DagBag from /home/airflow/.local/lib/python3.7/site-packages/airflow/example_dags/example_branch_python_dop_operator_3.py
[2025-01-29T23:52:14.556+0000] {processor.py:766} INFO - DAG(s) dict_keys(['example_branch_dop_operator_v3']) retrieved from /home/airflow/.local/lib/python3.7/site-packages/airflow/example_dags/example_branch_python_dop_operator_3.py
[2025-01-29T23:52:14.613+0000] {logging_mixin.py:120} INFO - [2025-01-29T23:52:14.613+0000] {dag.py:2585} INFO - Sync 1 DAGs
[2025-01-29T23:52:14.649+0000] {logging_mixin.py:120} INFO - [2025-01-29T23:52:14.648+0000] {dag.py:3340} INFO - Setting next_dagrun for example_branch_dop_operator_v3 to 2025-01-29T23:51:00+00:00, run_after=2025-01-29T23:52:00+00:00
[2025-01-29T23:52:14.673+0000] {processor.py:176} INFO - Processing /home/airflow/.local/lib/python3.7/site-packages/airflow/example_dags/example_branch_python_dop_operator_3.py took 0.142 seconds
[2025-01-29T23:52:45.159+0000] {processor.py:154} INFO - Started process (PID=2596) to work on /home/airflow/.local/lib/python3.7/site-packages/airflow/example_dags/example_branch_python_dop_operator_3.py
[2025-01-29T23:52:45.160+0000] {processor.py:756} INFO - Processing file /home/airflow/.local/lib/python3.7/site-packages/airflow/example_dags/example_branch_python_dop_operator_3.py for tasks to queue
[2025-01-29T23:52:45.161+0000] {logging_mixin.py:120} INFO - [2025-01-29T23:52:45.161+0000] {dagbag.py:537} INFO - Filling up the DagBag from /home/airflow/.local/lib/python3.7/site-packages/airflow/example_dags/example_branch_python_dop_operator_3.py
[2025-01-29T23:52:45.184+0000] {processor.py:766} INFO - DAG(s) dict_keys(['example_branch_dop_operator_v3']) retrieved from /home/airflow/.local/lib/python3.7/site-packages/airflow/example_dags/example_branch_python_dop_operator_3.py
[2025-01-29T23:52:45.246+0000] {logging_mixin.py:120} INFO - [2025-01-29T23:52:45.246+0000] {dag.py:2585} INFO - Sync 1 DAGs
[2025-01-29T23:52:45.293+0000] {logging_mixin.py:120} INFO - [2025-01-29T23:52:45.293+0000] {dag.py:3340} INFO - Setting next_dagrun for example_branch_dop_operator_v3 to 2025-01-29T23:51:00+00:00, run_after=2025-01-29T23:52:00+00:00
[2025-01-29T23:52:45.322+0000] {processor.py:176} INFO - Processing /home/airflow/.local/lib/python3.7/site-packages/airflow/example_dags/example_branch_python_dop_operator_3.py took 0.166 seconds
[2025-01-29T23:53:15.524+0000] {processor.py:154} INFO - Started process (PID=2651) to work on /home/airflow/.local/lib/python3.7/site-packages/airflow/example_dags/example_branch_python_dop_operator_3.py
[2025-01-29T23:53:15.525+0000] {processor.py:756} INFO - Processing file /home/airflow/.local/lib/python3.7/site-packages/airflow/example_dags/example_branch_python_dop_operator_3.py for tasks to queue
[2025-01-29T23:53:15.526+0000] {logging_mixin.py:120} INFO - [2025-01-29T23:53:15.526+0000] {dagbag.py:537} INFO - Filling up the DagBag from /home/airflow/.local/lib/python3.7/site-packages/airflow/example_dags/example_branch_python_dop_operator_3.py
[2025-01-29T23:53:15.547+0000] {processor.py:766} INFO - DAG(s) dict_keys(['example_branch_dop_operator_v3']) retrieved from /home/airflow/.local/lib/python3.7/site-packages/airflow/example_dags/example_branch_python_dop_operator_3.py
[2025-01-29T23:53:15.602+0000] {logging_mixin.py:120} INFO - [2025-01-29T23:53:15.602+0000] {dag.py:2585} INFO - Sync 1 DAGs
[2025-01-29T23:53:15.640+0000] {logging_mixin.py:120} INFO - [2025-01-29T23:53:15.639+0000] {dag.py:3340} INFO - Setting next_dagrun for example_branch_dop_operator_v3 to 2025-01-29T23:52:00+00:00, run_after=2025-01-29T23:53:00+00:00
[2025-01-29T23:53:15.662+0000] {processor.py:176} INFO - Processing /home/airflow/.local/lib/python3.7/site-packages/airflow/example_dags/example_branch_python_dop_operator_3.py took 0.140 seconds
[2025-01-29T23:53:45.837+0000] {processor.py:154} INFO - Started process (PID=2715) to work on /home/airflow/.local/lib/python3.7/site-packages/airflow/example_dags/example_branch_python_dop_operator_3.py
[2025-01-29T23:53:45.838+0000] {processor.py:756} INFO - Processing file /home/airflow/.local/lib/python3.7/site-packages/airflow/example_dags/example_branch_python_dop_operator_3.py for tasks to queue
[2025-01-29T23:53:45.839+0000] {logging_mixin.py:120} INFO - [2025-01-29T23:53:45.839+0000] {dagbag.py:537} INFO - Filling up the DagBag from /home/airflow/.local/lib/python3.7/site-packages/airflow/example_dags/example_branch_python_dop_operator_3.py
[2025-01-29T23:53:45.864+0000] {processor.py:766} INFO - DAG(s) dict_keys(['example_branch_dop_operator_v3']) retrieved from /home/airflow/.local/lib/python3.7/site-packages/airflow/example_dags/example_branch_python_dop_operator_3.py
[2025-01-29T23:53:45.929+0000] {logging_mixin.py:120} INFO - [2025-01-29T23:53:45.929+0000] {dag.py:2585} INFO - Sync 1 DAGs
[2025-01-29T23:53:45.965+0000] {logging_mixin.py:120} INFO - [2025-01-29T23:53:45.965+0000] {dag.py:3340} INFO - Setting next_dagrun for example_branch_dop_operator_v3 to 2025-01-29T23:52:00+00:00, run_after=2025-01-29T23:53:00+00:00
[2025-01-29T23:53:45.991+0000] {processor.py:176} INFO - Processing /home/airflow/.local/lib/python3.7/site-packages/airflow/example_dags/example_branch_python_dop_operator_3.py took 0.157 seconds
[2025-01-29T23:54:16.245+0000] {processor.py:154} INFO - Started process (PID=2779) to work on /home/airflow/.local/lib/python3.7/site-packages/airflow/example_dags/example_branch_python_dop_operator_3.py
[2025-01-29T23:54:16.246+0000] {processor.py:756} INFO - Processing file /home/airflow/.local/lib/python3.7/site-packages/airflow/example_dags/example_branch_python_dop_operator_3.py for tasks to queue
[2025-01-29T23:54:16.247+0000] {logging_mixin.py:120} INFO - [2025-01-29T23:54:16.247+0000] {dagbag.py:537} INFO - Filling up the DagBag from /home/airflow/.local/lib/python3.7/site-packages/airflow/example_dags/example_branch_python_dop_operator_3.py
[2025-01-29T23:54:16.272+0000] {processor.py:766} INFO - DAG(s) dict_keys(['example_branch_dop_operator_v3']) retrieved from /home/airflow/.local/lib/python3.7/site-packages/airflow/example_dags/example_branch_python_dop_operator_3.py
[2025-01-29T23:54:16.332+0000] {logging_mixin.py:120} INFO - [2025-01-29T23:54:16.332+0000] {dag.py:2585} INFO - Sync 1 DAGs
[2025-01-29T23:54:16.369+0000] {logging_mixin.py:120} INFO - [2025-01-29T23:54:16.369+0000] {dag.py:3340} INFO - Setting next_dagrun for example_branch_dop_operator_v3 to 2025-01-29T23:53:00+00:00, run_after=2025-01-29T23:54:00+00:00
[2025-01-29T23:54:16.398+0000] {processor.py:176} INFO - Processing /home/airflow/.local/lib/python3.7/site-packages/airflow/example_dags/example_branch_python_dop_operator_3.py took 0.156 seconds
[2025-01-29T23:54:46.863+0000] {processor.py:154} INFO - Started process (PID=2841) to work on /home/airflow/.local/lib/python3.7/site-packages/airflow/example_dags/example_branch_python_dop_operator_3.py
[2025-01-29T23:54:46.864+0000] {processor.py:756} INFO - Processing file /home/airflow/.local/lib/python3.7/site-packages/airflow/example_dags/example_branch_python_dop_operator_3.py for tasks to queue
[2025-01-29T23:54:46.865+0000] {logging_mixin.py:120} INFO - [2025-01-29T23:54:46.865+0000] {dagbag.py:537} INFO - Filling up the DagBag from /home/airflow/.local/lib/python3.7/site-packages/airflow/example_dags/example_branch_python_dop_operator_3.py
[2025-01-29T23:54:46.887+0000] {processor.py:766} INFO - DAG(s) dict_keys(['example_branch_dop_operator_v3']) retrieved from /home/airflow/.local/lib/python3.7/site-packages/airflow/example_dags/example_branch_python_dop_operator_3.py
[2025-01-29T23:54:46.940+0000] {logging_mixin.py:120} INFO - [2025-01-29T23:54:46.940+0000] {dag.py:2585} INFO - Sync 1 DAGs
[2025-01-29T23:54:46.980+0000] {logging_mixin.py:120} INFO - [2025-01-29T23:54:46.980+0000] {dag.py:3340} INFO - Setting next_dagrun for example_branch_dop_operator_v3 to 2025-01-29T23:53:00+00:00, run_after=2025-01-29T23:54:00+00:00
[2025-01-29T23:54:47.005+0000] {processor.py:176} INFO - Processing /home/airflow/.local/lib/python3.7/site-packages/airflow/example_dags/example_branch_python_dop_operator_3.py took 0.144 seconds
[2025-01-29T23:55:17.127+0000] {processor.py:154} INFO - Started process (PID=2897) to work on /home/airflow/.local/lib/python3.7/site-packages/airflow/example_dags/example_branch_python_dop_operator_3.py
[2025-01-29T23:55:17.128+0000] {processor.py:756} INFO - Processing file /home/airflow/.local/lib/python3.7/site-packages/airflow/example_dags/example_branch_python_dop_operator_3.py for tasks to queue
[2025-01-29T23:55:17.129+0000] {logging_mixin.py:120} INFO - [2025-01-29T23:55:17.129+0000] {dagbag.py:537} INFO - Filling up the DagBag from /home/airflow/.local/lib/python3.7/site-packages/airflow/example_dags/example_branch_python_dop_operator_3.py
[2025-01-29T23:55:17.160+0000] {processor.py:766} INFO - DAG(s) dict_keys(['example_branch_dop_operator_v3']) retrieved from /home/airflow/.local/lib/python3.7/site-packages/airflow/example_dags/example_branch_python_dop_operator_3.py
[2025-01-29T23:55:17.217+0000] {logging_mixin.py:120} INFO - [2025-01-29T23:55:17.216+0000] {dag.py:2585} INFO - Sync 1 DAGs
[2025-01-29T23:55:17.253+0000] {logging_mixin.py:120} INFO - [2025-01-29T23:55:17.253+0000] {dag.py:3340} INFO - Setting next_dagrun for example_branch_dop_operator_v3 to 2025-01-29T23:54:00+00:00, run_after=2025-01-29T23:55:00+00:00
[2025-01-29T23:55:17.280+0000] {processor.py:176} INFO - Processing /home/airflow/.local/lib/python3.7/site-packages/airflow/example_dags/example_branch_python_dop_operator_3.py took 0.155 seconds
[2025-01-29T23:55:47.522+0000] {processor.py:154} INFO - Started process (PID=2961) to work on /home/airflow/.local/lib/python3.7/site-packages/airflow/example_dags/example_branch_python_dop_operator_3.py
[2025-01-29T23:55:47.523+0000] {processor.py:756} INFO - Processing file /home/airflow/.local/lib/python3.7/site-packages/airflow/example_dags/example_branch_python_dop_operator_3.py for tasks to queue
[2025-01-29T23:55:47.524+0000] {logging_mixin.py:120} INFO - [2025-01-29T23:55:47.524+0000] {dagbag.py:537} INFO - Filling up the DagBag from /home/airflow/.local/lib/python3.7/site-packages/airflow/example_dags/example_branch_python_dop_operator_3.py
[2025-01-29T23:55:47.545+0000] {processor.py:766} INFO - DAG(s) dict_keys(['example_branch_dop_operator_v3']) retrieved from /home/airflow/.local/lib/python3.7/site-packages/airflow/example_dags/example_branch_python_dop_operator_3.py
[2025-01-29T23:55:47.598+0000] {logging_mixin.py:120} INFO - [2025-01-29T23:55:47.598+0000] {dag.py:2585} INFO - Sync 1 DAGs
[2025-01-29T23:55:47.633+0000] {logging_mixin.py:120} INFO - [2025-01-29T23:55:47.633+0000] {dag.py:3340} INFO - Setting next_dagrun for example_branch_dop_operator_v3 to 2025-01-29T23:54:00+00:00, run_after=2025-01-29T23:55:00+00:00
[2025-01-29T23:55:47.654+0000] {processor.py:176} INFO - Processing /home/airflow/.local/lib/python3.7/site-packages/airflow/example_dags/example_branch_python_dop_operator_3.py took 0.135 seconds
[2025-01-29T23:56:18.000+0000] {processor.py:154} INFO - Started process (PID=3026) to work on /home/airflow/.local/lib/python3.7/site-packages/airflow/example_dags/example_branch_python_dop_operator_3.py
[2025-01-29T23:56:18.001+0000] {processor.py:756} INFO - Processing file /home/airflow/.local/lib/python3.7/site-packages/airflow/example_dags/example_branch_python_dop_operator_3.py for tasks to queue
[2025-01-29T23:56:18.001+0000] {logging_mixin.py:120} INFO - [2025-01-29T23:56:18.001+0000] {dagbag.py:537} INFO - Filling up the DagBag from /home/airflow/.local/lib/python3.7/site-packages/airflow/example_dags/example_branch_python_dop_operator_3.py
[2025-01-29T23:56:18.027+0000] {processor.py:766} INFO - DAG(s) dict_keys(['example_branch_dop_operator_v3']) retrieved from /home/airflow/.local/lib/python3.7/site-packages/airflow/example_dags/example_branch_python_dop_operator_3.py
[2025-01-29T23:56:18.101+0000] {logging_mixin.py:120} INFO - [2025-01-29T23:56:18.101+0000] {dag.py:2585} INFO - Sync 1 DAGs
[2025-01-29T23:56:18.142+0000] {logging_mixin.py:120} INFO - [2025-01-29T23:56:18.142+0000] {dag.py:3340} INFO - Setting next_dagrun for example_branch_dop_operator_v3 to 2025-01-29T23:55:00+00:00, run_after=2025-01-29T23:56:00+00:00
[2025-01-29T23:56:18.170+0000] {processor.py:176} INFO - Processing /home/airflow/.local/lib/python3.7/site-packages/airflow/example_dags/example_branch_python_dop_operator_3.py took 0.174 seconds
[2025-01-29T23:56:48.300+0000] {processor.py:154} INFO - Started process (PID=3080) to work on /home/airflow/.local/lib/python3.7/site-packages/airflow/example_dags/example_branch_python_dop_operator_3.py
[2025-01-29T23:56:48.301+0000] {processor.py:756} INFO - Processing file /home/airflow/.local/lib/python3.7/site-packages/airflow/example_dags/example_branch_python_dop_operator_3.py for tasks to queue
[2025-01-29T23:56:48.301+0000] {logging_mixin.py:120} INFO - [2025-01-29T23:56:48.301+0000] {dagbag.py:537} INFO - Filling up the DagBag from /home/airflow/.local/lib/python3.7/site-packages/airflow/example_dags/example_branch_python_dop_operator_3.py
[2025-01-29T23:56:48.322+0000] {processor.py:766} INFO - DAG(s) dict_keys(['example_branch_dop_operator_v3']) retrieved from /home/airflow/.local/lib/python3.7/site-packages/airflow/example_dags/example_branch_python_dop_operator_3.py
[2025-01-29T23:56:48.374+0000] {logging_mixin.py:120} INFO - [2025-01-29T23:56:48.374+0000] {dag.py:2585} INFO - Sync 1 DAGs
[2025-01-29T23:56:48.410+0000] {logging_mixin.py:120} INFO - [2025-01-29T23:56:48.410+0000] {dag.py:3340} INFO - Setting next_dagrun for example_branch_dop_operator_v3 to 2025-01-29T23:55:00+00:00, run_after=2025-01-29T23:56:00+00:00
[2025-01-29T23:56:48.438+0000] {processor.py:176} INFO - Processing /home/airflow/.local/lib/python3.7/site-packages/airflow/example_dags/example_branch_python_dop_operator_3.py took 0.141 seconds
[2025-01-29T23:57:18.856+0000] {processor.py:154} INFO - Started process (PID=3145) to work on /home/airflow/.local/lib/python3.7/site-packages/airflow/example_dags/example_branch_python_dop_operator_3.py
[2025-01-29T23:57:18.857+0000] {processor.py:756} INFO - Processing file /home/airflow/.local/lib/python3.7/site-packages/airflow/example_dags/example_branch_python_dop_operator_3.py for tasks to queue
[2025-01-29T23:57:18.858+0000] {logging_mixin.py:120} INFO - [2025-01-29T23:57:18.858+0000] {dagbag.py:537} INFO - Filling up the DagBag from /home/airflow/.local/lib/python3.7/site-packages/airflow/example_dags/example_branch_python_dop_operator_3.py
[2025-01-29T23:57:18.884+0000] {processor.py:766} INFO - DAG(s) dict_keys(['example_branch_dop_operator_v3']) retrieved from /home/airflow/.local/lib/python3.7/site-packages/airflow/example_dags/example_branch_python_dop_operator_3.py
[2025-01-29T23:57:18.947+0000] {logging_mixin.py:120} INFO - [2025-01-29T23:57:18.947+0000] {dag.py:2585} INFO - Sync 1 DAGs
[2025-01-29T23:57:18.988+0000] {logging_mixin.py:120} INFO - [2025-01-29T23:57:18.988+0000] {dag.py:3340} INFO - Setting next_dagrun for example_branch_dop_operator_v3 to 2025-01-29T23:56:00+00:00, run_after=2025-01-29T23:57:00+00:00
[2025-01-29T23:57:19.014+0000] {processor.py:176} INFO - Processing /home/airflow/.local/lib/python3.7/site-packages/airflow/example_dags/example_branch_python_dop_operator_3.py took 0.161 seconds
[2025-01-29T23:57:49.380+0000] {processor.py:154} INFO - Started process (PID=3209) to work on /home/airflow/.local/lib/python3.7/site-packages/airflow/example_dags/example_branch_python_dop_operator_3.py
[2025-01-29T23:57:49.382+0000] {processor.py:756} INFO - Processing file /home/airflow/.local/lib/python3.7/site-packages/airflow/example_dags/example_branch_python_dop_operator_3.py for tasks to queue
[2025-01-29T23:57:49.383+0000] {logging_mixin.py:120} INFO - [2025-01-29T23:57:49.383+0000] {dagbag.py:537} INFO - Filling up the DagBag from /home/airflow/.local/lib/python3.7/site-packages/airflow/example_dags/example_branch_python_dop_operator_3.py
[2025-01-29T23:57:49.422+0000] {processor.py:766} INFO - DAG(s) dict_keys(['example_branch_dop_operator_v3']) retrieved from /home/airflow/.local/lib/python3.7/site-packages/airflow/example_dags/example_branch_python_dop_operator_3.py
[2025-01-29T23:57:49.570+0000] {logging_mixin.py:120} INFO - [2025-01-29T23:57:49.569+0000] {dag.py:2585} INFO - Sync 1 DAGs
[2025-01-29T23:57:49.638+0000] {logging_mixin.py:120} INFO - [2025-01-29T23:57:49.637+0000] {dag.py:3340} INFO - Setting next_dagrun for example_branch_dop_operator_v3 to 2025-01-29T23:56:00+00:00, run_after=2025-01-29T23:57:00+00:00
[2025-01-29T23:57:49.681+0000] {processor.py:176} INFO - Processing /home/airflow/.local/lib/python3.7/site-packages/airflow/example_dags/example_branch_python_dop_operator_3.py took 0.305 seconds
[2025-01-29T23:58:19.737+0000] {processor.py:154} INFO - Started process (PID=3263) to work on /home/airflow/.local/lib/python3.7/site-packages/airflow/example_dags/example_branch_python_dop_operator_3.py
[2025-01-29T23:58:19.737+0000] {processor.py:756} INFO - Processing file /home/airflow/.local/lib/python3.7/site-packages/airflow/example_dags/example_branch_python_dop_operator_3.py for tasks to queue
[2025-01-29T23:58:19.738+0000] {logging_mixin.py:120} INFO - [2025-01-29T23:58:19.738+0000] {dagbag.py:537} INFO - Filling up the DagBag from /home/airflow/.local/lib/python3.7/site-packages/airflow/example_dags/example_branch_python_dop_operator_3.py
[2025-01-29T23:58:19.759+0000] {processor.py:766} INFO - DAG(s) dict_keys(['example_branch_dop_operator_v3']) retrieved from /home/airflow/.local/lib/python3.7/site-packages/airflow/example_dags/example_branch_python_dop_operator_3.py
[2025-01-29T23:58:19.812+0000] {logging_mixin.py:120} INFO - [2025-01-29T23:58:19.812+0000] {dag.py:2585} INFO - Sync 1 DAGs
[2025-01-29T23:58:19.849+0000] {logging_mixin.py:120} INFO - [2025-01-29T23:58:19.849+0000] {dag.py:3340} INFO - Setting next_dagrun for example_branch_dop_operator_v3 to 2025-01-29T23:57:00+00:00, run_after=2025-01-29T23:58:00+00:00
[2025-01-29T23:58:19.872+0000] {processor.py:176} INFO - Processing /home/airflow/.local/lib/python3.7/site-packages/airflow/example_dags/example_branch_python_dop_operator_3.py took 0.139 seconds
[2025-01-29T23:58:50.594+0000] {processor.py:154} INFO - Started process (PID=3328) to work on /home/airflow/.local/lib/python3.7/site-packages/airflow/example_dags/example_branch_python_dop_operator_3.py
[2025-01-29T23:58:50.595+0000] {processor.py:756} INFO - Processing file /home/airflow/.local/lib/python3.7/site-packages/airflow/example_dags/example_branch_python_dop_operator_3.py for tasks to queue
[2025-01-29T23:58:50.596+0000] {logging_mixin.py:120} INFO - [2025-01-29T23:58:50.596+0000] {dagbag.py:537} INFO - Filling up the DagBag from /home/airflow/.local/lib/python3.7/site-packages/airflow/example_dags/example_branch_python_dop_operator_3.py
[2025-01-29T23:58:50.623+0000] {processor.py:766} INFO - DAG(s) dict_keys(['example_branch_dop_operator_v3']) retrieved from /home/airflow/.local/lib/python3.7/site-packages/airflow/example_dags/example_branch_python_dop_operator_3.py
[2025-01-29T23:58:50.692+0000] {logging_mixin.py:120} INFO - [2025-01-29T23:58:50.692+0000] {dag.py:2585} INFO - Sync 1 DAGs
[2025-01-29T23:58:50.735+0000] {logging_mixin.py:120} INFO - [2025-01-29T23:58:50.735+0000] {dag.py:3340} INFO - Setting next_dagrun for example_branch_dop_operator_v3 to 2025-01-29T23:57:00+00:00, run_after=2025-01-29T23:58:00+00:00
[2025-01-29T23:58:50.764+0000] {processor.py:176} INFO - Processing /home/airflow/.local/lib/python3.7/site-packages/airflow/example_dags/example_branch_python_dop_operator_3.py took 0.174 seconds
[2025-01-29T23:59:21.261+0000] {processor.py:154} INFO - Started process (PID=3392) to work on /home/airflow/.local/lib/python3.7/site-packages/airflow/example_dags/example_branch_python_dop_operator_3.py
[2025-01-29T23:59:21.262+0000] {processor.py:756} INFO - Processing file /home/airflow/.local/lib/python3.7/site-packages/airflow/example_dags/example_branch_python_dop_operator_3.py for tasks to queue
[2025-01-29T23:59:21.263+0000] {logging_mixin.py:120} INFO - [2025-01-29T23:59:21.263+0000] {dagbag.py:537} INFO - Filling up the DagBag from /home/airflow/.local/lib/python3.7/site-packages/airflow/example_dags/example_branch_python_dop_operator_3.py
[2025-01-29T23:59:21.283+0000] {processor.py:766} INFO - DAG(s) dict_keys(['example_branch_dop_operator_v3']) retrieved from /home/airflow/.local/lib/python3.7/site-packages/airflow/example_dags/example_branch_python_dop_operator_3.py
[2025-01-29T23:59:21.337+0000] {logging_mixin.py:120} INFO - [2025-01-29T23:59:21.337+0000] {dag.py:2585} INFO - Sync 1 DAGs
[2025-01-29T23:59:21.375+0000] {logging_mixin.py:120} INFO - [2025-01-29T23:59:21.375+0000] {dag.py:3340} INFO - Setting next_dagrun for example_branch_dop_operator_v3 to 2025-01-29T23:58:00+00:00, run_after=2025-01-29T23:59:00+00:00
[2025-01-29T23:59:21.398+0000] {processor.py:176} INFO - Processing /home/airflow/.local/lib/python3.7/site-packages/airflow/example_dags/example_branch_python_dop_operator_3.py took 0.140 seconds
[2025-01-29T23:59:51.652+0000] {processor.py:154} INFO - Started process (PID=3447) to work on /home/airflow/.local/lib/python3.7/site-packages/airflow/example_dags/example_branch_python_dop_operator_3.py
[2025-01-29T23:59:51.653+0000] {processor.py:756} INFO - Processing file /home/airflow/.local/lib/python3.7/site-packages/airflow/example_dags/example_branch_python_dop_operator_3.py for tasks to queue
[2025-01-29T23:59:51.654+0000] {logging_mixin.py:120} INFO - [2025-01-29T23:59:51.654+0000] {dagbag.py:537} INFO - Filling up the DagBag from /home/airflow/.local/lib/python3.7/site-packages/airflow/example_dags/example_branch_python_dop_operator_3.py
[2025-01-29T23:59:51.679+0000] {processor.py:766} INFO - DAG(s) dict_keys(['example_branch_dop_operator_v3']) retrieved from /home/airflow/.local/lib/python3.7/site-packages/airflow/example_dags/example_branch_python_dop_operator_3.py
[2025-01-29T23:59:51.734+0000] {logging_mixin.py:120} INFO - [2025-01-29T23:59:51.734+0000] {dag.py:2585} INFO - Sync 1 DAGs
[2025-01-29T23:59:51.775+0000] {logging_mixin.py:120} INFO - [2025-01-29T23:59:51.775+0000] {dag.py:3340} INFO - Setting next_dagrun for example_branch_dop_operator_v3 to 2025-01-29T23:58:00+00:00, run_after=2025-01-29T23:59:00+00:00
[2025-01-29T23:59:51.801+0000] {processor.py:176} INFO - Processing /home/airflow/.local/lib/python3.7/site-packages/airflow/example_dags/example_branch_python_dop_operator_3.py took 0.152 seconds
