[2025-01-29T23:31:47.734+0000] {processor.py:154} INFO - Started process (PID=60) to work on /home/airflow/.local/lib/python3.7/site-packages/airflow/example_dags/example_branch_day_of_week_operator.py
[2025-01-29T23:31:47.735+0000] {processor.py:756} INFO - Processing file /home/airflow/.local/lib/python3.7/site-packages/airflow/example_dags/example_branch_day_of_week_operator.py for tasks to queue
[2025-01-29T23:31:47.736+0000] {logging_mixin.py:120} INFO - [2025-01-29T23:31:47.736+0000] {dagbag.py:537} INFO - Filling up the DagBag from /home/airflow/.local/lib/python3.7/site-packages/airflow/example_dags/example_branch_day_of_week_operator.py
[2025-01-29T23:31:47.758+0000] {processor.py:766} INFO - DAG(s) dict_keys(['example_weekday_branch_operator']) retrieved from /home/airflow/.local/lib/python3.7/site-packages/airflow/example_dags/example_branch_day_of_week_operator.py
[2025-01-29T23:31:47.954+0000] {logging_mixin.py:120} INFO - [2025-01-29T23:31:47.953+0000] {manager.py:507} INFO - Created Permission View: can read on DAG:example_weekday_branch_operator
[2025-01-29T23:31:47.969+0000] {logging_mixin.py:120} INFO - [2025-01-29T23:31:47.968+0000] {manager.py:507} INFO - Created Permission View: can delete on DAG:example_weekday_branch_operator
[2025-01-29T23:31:47.980+0000] {logging_mixin.py:120} INFO - [2025-01-29T23:31:47.980+0000] {manager.py:507} INFO - Created Permission View: can edit on DAG:example_weekday_branch_operator
[2025-01-29T23:31:47.981+0000] {logging_mixin.py:120} INFO - [2025-01-29T23:31:47.981+0000] {dag.py:2585} INFO - Sync 1 DAGs
[2025-01-29T23:31:48.003+0000] {logging_mixin.py:120} INFO - [2025-01-29T23:31:48.002+0000] {dag.py:2606} INFO - Creating ORM DAG for example_weekday_branch_operator
[2025-01-29T23:31:48.024+0000] {logging_mixin.py:120} INFO - [2025-01-29T23:31:48.024+0000] {dag.py:3340} INFO - Setting next_dagrun for example_weekday_branch_operator to 2025-01-28T00:00:00+00:00, run_after=2025-01-29T00:00:00+00:00
[2025-01-29T23:31:48.058+0000] {processor.py:176} INFO - Processing /home/airflow/.local/lib/python3.7/site-packages/airflow/example_dags/example_branch_day_of_week_operator.py took 0.327 seconds
[2025-01-29T23:32:18.240+0000] {processor.py:154} INFO - Started process (PID=115) to work on /home/airflow/.local/lib/python3.7/site-packages/airflow/example_dags/example_branch_day_of_week_operator.py
[2025-01-29T23:32:18.241+0000] {processor.py:756} INFO - Processing file /home/airflow/.local/lib/python3.7/site-packages/airflow/example_dags/example_branch_day_of_week_operator.py for tasks to queue
[2025-01-29T23:32:18.242+0000] {logging_mixin.py:120} INFO - [2025-01-29T23:32:18.242+0000] {dagbag.py:537} INFO - Filling up the DagBag from /home/airflow/.local/lib/python3.7/site-packages/airflow/example_dags/example_branch_day_of_week_operator.py
[2025-01-29T23:32:18.259+0000] {processor.py:766} INFO - DAG(s) dict_keys(['example_weekday_branch_operator']) retrieved from /home/airflow/.local/lib/python3.7/site-packages/airflow/example_dags/example_branch_day_of_week_operator.py
[2025-01-29T23:32:18.343+0000] {logging_mixin.py:120} INFO - [2025-01-29T23:32:18.342+0000] {dag.py:2585} INFO - Sync 1 DAGs
[2025-01-29T23:32:18.383+0000] {logging_mixin.py:120} INFO - [2025-01-29T23:32:18.382+0000] {dag.py:3340} INFO - Setting next_dagrun for example_weekday_branch_operator to 2025-01-28T00:00:00+00:00, run_after=2025-01-29T00:00:00+00:00
[2025-01-29T23:32:18.410+0000] {processor.py:176} INFO - Processing /home/airflow/.local/lib/python3.7/site-packages/airflow/example_dags/example_branch_day_of_week_operator.py took 0.174 seconds
[2025-01-29T23:32:48.973+0000] {processor.py:154} INFO - Started process (PID=180) to work on /home/airflow/.local/lib/python3.7/site-packages/airflow/example_dags/example_branch_day_of_week_operator.py
[2025-01-29T23:32:48.974+0000] {processor.py:756} INFO - Processing file /home/airflow/.local/lib/python3.7/site-packages/airflow/example_dags/example_branch_day_of_week_operator.py for tasks to queue
[2025-01-29T23:32:48.974+0000] {logging_mixin.py:120} INFO - [2025-01-29T23:32:48.974+0000] {dagbag.py:537} INFO - Filling up the DagBag from /home/airflow/.local/lib/python3.7/site-packages/airflow/example_dags/example_branch_day_of_week_operator.py
[2025-01-29T23:32:48.991+0000] {processor.py:766} INFO - DAG(s) dict_keys(['example_weekday_branch_operator']) retrieved from /home/airflow/.local/lib/python3.7/site-packages/airflow/example_dags/example_branch_day_of_week_operator.py
[2025-01-29T23:32:49.054+0000] {logging_mixin.py:120} INFO - [2025-01-29T23:32:49.054+0000] {dag.py:2585} INFO - Sync 1 DAGs
[2025-01-29T23:32:49.091+0000] {logging_mixin.py:120} INFO - [2025-01-29T23:32:49.091+0000] {dag.py:3340} INFO - Setting next_dagrun for example_weekday_branch_operator to 2025-01-28T00:00:00+00:00, run_after=2025-01-29T00:00:00+00:00
[2025-01-29T23:32:49.118+0000] {processor.py:176} INFO - Processing /home/airflow/.local/lib/python3.7/site-packages/airflow/example_dags/example_branch_day_of_week_operator.py took 0.148 seconds
[2025-01-29T23:33:19.477+0000] {processor.py:154} INFO - Started process (PID=244) to work on /home/airflow/.local/lib/python3.7/site-packages/airflow/example_dags/example_branch_day_of_week_operator.py
[2025-01-29T23:33:19.478+0000] {processor.py:756} INFO - Processing file /home/airflow/.local/lib/python3.7/site-packages/airflow/example_dags/example_branch_day_of_week_operator.py for tasks to queue
[2025-01-29T23:33:19.479+0000] {logging_mixin.py:120} INFO - [2025-01-29T23:33:19.479+0000] {dagbag.py:537} INFO - Filling up the DagBag from /home/airflow/.local/lib/python3.7/site-packages/airflow/example_dags/example_branch_day_of_week_operator.py
[2025-01-29T23:33:19.493+0000] {processor.py:766} INFO - DAG(s) dict_keys(['example_weekday_branch_operator']) retrieved from /home/airflow/.local/lib/python3.7/site-packages/airflow/example_dags/example_branch_day_of_week_operator.py
[2025-01-29T23:33:19.549+0000] {logging_mixin.py:120} INFO - [2025-01-29T23:33:19.549+0000] {dag.py:2585} INFO - Sync 1 DAGs
[2025-01-29T23:33:19.583+0000] {logging_mixin.py:120} INFO - [2025-01-29T23:33:19.583+0000] {dag.py:3340} INFO - Setting next_dagrun for example_weekday_branch_operator to 2025-01-28T00:00:00+00:00, run_after=2025-01-29T00:00:00+00:00
[2025-01-29T23:33:19.608+0000] {processor.py:176} INFO - Processing /home/airflow/.local/lib/python3.7/site-packages/airflow/example_dags/example_branch_day_of_week_operator.py took 0.133 seconds
[2025-01-29T23:33:49.819+0000] {processor.py:154} INFO - Started process (PID=308) to work on /home/airflow/.local/lib/python3.7/site-packages/airflow/example_dags/example_branch_day_of_week_operator.py
[2025-01-29T23:33:49.820+0000] {processor.py:756} INFO - Processing file /home/airflow/.local/lib/python3.7/site-packages/airflow/example_dags/example_branch_day_of_week_operator.py for tasks to queue
[2025-01-29T23:33:49.821+0000] {logging_mixin.py:120} INFO - [2025-01-29T23:33:49.821+0000] {dagbag.py:537} INFO - Filling up the DagBag from /home/airflow/.local/lib/python3.7/site-packages/airflow/example_dags/example_branch_day_of_week_operator.py
[2025-01-29T23:33:49.839+0000] {processor.py:766} INFO - DAG(s) dict_keys(['example_weekday_branch_operator']) retrieved from /home/airflow/.local/lib/python3.7/site-packages/airflow/example_dags/example_branch_day_of_week_operator.py
[2025-01-29T23:33:49.902+0000] {logging_mixin.py:120} INFO - [2025-01-29T23:33:49.902+0000] {dag.py:2585} INFO - Sync 1 DAGs
[2025-01-29T23:33:49.938+0000] {logging_mixin.py:120} INFO - [2025-01-29T23:33:49.938+0000] {dag.py:3340} INFO - Setting next_dagrun for example_weekday_branch_operator to 2025-01-28T00:00:00+00:00, run_after=2025-01-29T00:00:00+00:00
[2025-01-29T23:33:49.965+0000] {processor.py:176} INFO - Processing /home/airflow/.local/lib/python3.7/site-packages/airflow/example_dags/example_branch_day_of_week_operator.py took 0.150 seconds
[2025-01-29T23:34:20.262+0000] {processor.py:154} INFO - Started process (PID=363) to work on /home/airflow/.local/lib/python3.7/site-packages/airflow/example_dags/example_branch_day_of_week_operator.py
[2025-01-29T23:34:20.262+0000] {processor.py:756} INFO - Processing file /home/airflow/.local/lib/python3.7/site-packages/airflow/example_dags/example_branch_day_of_week_operator.py for tasks to queue
[2025-01-29T23:34:20.263+0000] {logging_mixin.py:120} INFO - [2025-01-29T23:34:20.263+0000] {dagbag.py:537} INFO - Filling up the DagBag from /home/airflow/.local/lib/python3.7/site-packages/airflow/example_dags/example_branch_day_of_week_operator.py
[2025-01-29T23:34:20.278+0000] {processor.py:766} INFO - DAG(s) dict_keys(['example_weekday_branch_operator']) retrieved from /home/airflow/.local/lib/python3.7/site-packages/airflow/example_dags/example_branch_day_of_week_operator.py
[2025-01-29T23:34:20.336+0000] {logging_mixin.py:120} INFO - [2025-01-29T23:34:20.335+0000] {dag.py:2585} INFO - Sync 1 DAGs
[2025-01-29T23:34:20.368+0000] {logging_mixin.py:120} INFO - [2025-01-29T23:34:20.368+0000] {dag.py:3340} INFO - Setting next_dagrun for example_weekday_branch_operator to 2025-01-28T00:00:00+00:00, run_after=2025-01-29T00:00:00+00:00
[2025-01-29T23:34:20.395+0000] {processor.py:176} INFO - Processing /home/airflow/.local/lib/python3.7/site-packages/airflow/example_dags/example_branch_day_of_week_operator.py took 0.136 seconds
[2025-01-29T23:34:50.639+0000] {processor.py:154} INFO - Started process (PID=426) to work on /home/airflow/.local/lib/python3.7/site-packages/airflow/example_dags/example_branch_day_of_week_operator.py
[2025-01-29T23:34:50.640+0000] {processor.py:756} INFO - Processing file /home/airflow/.local/lib/python3.7/site-packages/airflow/example_dags/example_branch_day_of_week_operator.py for tasks to queue
[2025-01-29T23:34:50.640+0000] {logging_mixin.py:120} INFO - [2025-01-29T23:34:50.640+0000] {dagbag.py:537} INFO - Filling up the DagBag from /home/airflow/.local/lib/python3.7/site-packages/airflow/example_dags/example_branch_day_of_week_operator.py
[2025-01-29T23:34:50.655+0000] {processor.py:766} INFO - DAG(s) dict_keys(['example_weekday_branch_operator']) retrieved from /home/airflow/.local/lib/python3.7/site-packages/airflow/example_dags/example_branch_day_of_week_operator.py
[2025-01-29T23:34:50.708+0000] {logging_mixin.py:120} INFO - [2025-01-29T23:34:50.708+0000] {dag.py:2585} INFO - Sync 1 DAGs
[2025-01-29T23:34:50.742+0000] {logging_mixin.py:120} INFO - [2025-01-29T23:34:50.742+0000] {dag.py:3340} INFO - Setting next_dagrun for example_weekday_branch_operator to 2025-01-28T00:00:00+00:00, run_after=2025-01-29T00:00:00+00:00
[2025-01-29T23:34:50.768+0000] {processor.py:176} INFO - Processing /home/airflow/.local/lib/python3.7/site-packages/airflow/example_dags/example_branch_day_of_week_operator.py took 0.132 seconds
[2025-01-29T23:35:20.967+0000] {processor.py:154} INFO - Started process (PID=490) to work on /home/airflow/.local/lib/python3.7/site-packages/airflow/example_dags/example_branch_day_of_week_operator.py
[2025-01-29T23:35:20.969+0000] {processor.py:756} INFO - Processing file /home/airflow/.local/lib/python3.7/site-packages/airflow/example_dags/example_branch_day_of_week_operator.py for tasks to queue
[2025-01-29T23:35:20.970+0000] {logging_mixin.py:120} INFO - [2025-01-29T23:35:20.970+0000] {dagbag.py:537} INFO - Filling up the DagBag from /home/airflow/.local/lib/python3.7/site-packages/airflow/example_dags/example_branch_day_of_week_operator.py
[2025-01-29T23:35:20.986+0000] {processor.py:766} INFO - DAG(s) dict_keys(['example_weekday_branch_operator']) retrieved from /home/airflow/.local/lib/python3.7/site-packages/airflow/example_dags/example_branch_day_of_week_operator.py
[2025-01-29T23:35:21.059+0000] {logging_mixin.py:120} INFO - [2025-01-29T23:35:21.059+0000] {dag.py:2585} INFO - Sync 1 DAGs
[2025-01-29T23:35:21.106+0000] {logging_mixin.py:120} INFO - [2025-01-29T23:35:21.106+0000] {dag.py:3340} INFO - Setting next_dagrun for example_weekday_branch_operator to 2025-01-28T00:00:00+00:00, run_after=2025-01-29T00:00:00+00:00
[2025-01-29T23:35:21.147+0000] {processor.py:176} INFO - Processing /home/airflow/.local/lib/python3.7/site-packages/airflow/example_dags/example_branch_day_of_week_operator.py took 0.182 seconds
[2025-01-29T23:35:52.190+0000] {processor.py:154} INFO - Started process (PID=545) to work on /home/airflow/.local/lib/python3.7/site-packages/airflow/example_dags/example_branch_day_of_week_operator.py
[2025-01-29T23:35:52.191+0000] {processor.py:756} INFO - Processing file /home/airflow/.local/lib/python3.7/site-packages/airflow/example_dags/example_branch_day_of_week_operator.py for tasks to queue
[2025-01-29T23:35:52.192+0000] {logging_mixin.py:120} INFO - [2025-01-29T23:35:52.192+0000] {dagbag.py:537} INFO - Filling up the DagBag from /home/airflow/.local/lib/python3.7/site-packages/airflow/example_dags/example_branch_day_of_week_operator.py
[2025-01-29T23:35:52.211+0000] {processor.py:766} INFO - DAG(s) dict_keys(['example_weekday_branch_operator']) retrieved from /home/airflow/.local/lib/python3.7/site-packages/airflow/example_dags/example_branch_day_of_week_operator.py
[2025-01-29T23:35:52.261+0000] {logging_mixin.py:120} INFO - [2025-01-29T23:35:52.260+0000] {dag.py:2585} INFO - Sync 1 DAGs
[2025-01-29T23:35:52.300+0000] {logging_mixin.py:120} INFO - [2025-01-29T23:35:52.300+0000] {dag.py:3340} INFO - Setting next_dagrun for example_weekday_branch_operator to 2025-01-28T00:00:00+00:00, run_after=2025-01-29T00:00:00+00:00
[2025-01-29T23:35:52.327+0000] {processor.py:176} INFO - Processing /home/airflow/.local/lib/python3.7/site-packages/airflow/example_dags/example_branch_day_of_week_operator.py took 0.140 seconds
[2025-01-29T23:36:22.452+0000] {processor.py:154} INFO - Started process (PID=609) to work on /home/airflow/.local/lib/python3.7/site-packages/airflow/example_dags/example_branch_day_of_week_operator.py
[2025-01-29T23:36:22.453+0000] {processor.py:756} INFO - Processing file /home/airflow/.local/lib/python3.7/site-packages/airflow/example_dags/example_branch_day_of_week_operator.py for tasks to queue
[2025-01-29T23:36:22.454+0000] {logging_mixin.py:120} INFO - [2025-01-29T23:36:22.454+0000] {dagbag.py:537} INFO - Filling up the DagBag from /home/airflow/.local/lib/python3.7/site-packages/airflow/example_dags/example_branch_day_of_week_operator.py
[2025-01-29T23:36:22.472+0000] {processor.py:766} INFO - DAG(s) dict_keys(['example_weekday_branch_operator']) retrieved from /home/airflow/.local/lib/python3.7/site-packages/airflow/example_dags/example_branch_day_of_week_operator.py
[2025-01-29T23:36:22.529+0000] {logging_mixin.py:120} INFO - [2025-01-29T23:36:22.529+0000] {dag.py:2585} INFO - Sync 1 DAGs
[2025-01-29T23:36:22.561+0000] {logging_mixin.py:120} INFO - [2025-01-29T23:36:22.561+0000] {dag.py:3340} INFO - Setting next_dagrun for example_weekday_branch_operator to 2025-01-28T00:00:00+00:00, run_after=2025-01-29T00:00:00+00:00
[2025-01-29T23:36:22.586+0000] {processor.py:176} INFO - Processing /home/airflow/.local/lib/python3.7/site-packages/airflow/example_dags/example_branch_day_of_week_operator.py took 0.137 seconds
[2025-01-29T23:36:52.802+0000] {processor.py:154} INFO - Started process (PID=673) to work on /home/airflow/.local/lib/python3.7/site-packages/airflow/example_dags/example_branch_day_of_week_operator.py
[2025-01-29T23:36:52.803+0000] {processor.py:756} INFO - Processing file /home/airflow/.local/lib/python3.7/site-packages/airflow/example_dags/example_branch_day_of_week_operator.py for tasks to queue
[2025-01-29T23:36:52.804+0000] {logging_mixin.py:120} INFO - [2025-01-29T23:36:52.803+0000] {dagbag.py:537} INFO - Filling up the DagBag from /home/airflow/.local/lib/python3.7/site-packages/airflow/example_dags/example_branch_day_of_week_operator.py
[2025-01-29T23:36:52.819+0000] {processor.py:766} INFO - DAG(s) dict_keys(['example_weekday_branch_operator']) retrieved from /home/airflow/.local/lib/python3.7/site-packages/airflow/example_dags/example_branch_day_of_week_operator.py
[2025-01-29T23:36:52.874+0000] {logging_mixin.py:120} INFO - [2025-01-29T23:36:52.874+0000] {dag.py:2585} INFO - Sync 1 DAGs
[2025-01-29T23:36:52.909+0000] {logging_mixin.py:120} INFO - [2025-01-29T23:36:52.909+0000] {dag.py:3340} INFO - Setting next_dagrun for example_weekday_branch_operator to 2025-01-28T00:00:00+00:00, run_after=2025-01-29T00:00:00+00:00
[2025-01-29T23:36:52.934+0000] {processor.py:176} INFO - Processing /home/airflow/.local/lib/python3.7/site-packages/airflow/example_dags/example_branch_day_of_week_operator.py took 0.134 seconds
[2025-01-29T23:37:23.610+0000] {processor.py:154} INFO - Started process (PID=728) to work on /home/airflow/.local/lib/python3.7/site-packages/airflow/example_dags/example_branch_day_of_week_operator.py
[2025-01-29T23:37:23.611+0000] {processor.py:756} INFO - Processing file /home/airflow/.local/lib/python3.7/site-packages/airflow/example_dags/example_branch_day_of_week_operator.py for tasks to queue
[2025-01-29T23:37:23.612+0000] {logging_mixin.py:120} INFO - [2025-01-29T23:37:23.612+0000] {dagbag.py:537} INFO - Filling up the DagBag from /home/airflow/.local/lib/python3.7/site-packages/airflow/example_dags/example_branch_day_of_week_operator.py
[2025-01-29T23:37:23.628+0000] {processor.py:766} INFO - DAG(s) dict_keys(['example_weekday_branch_operator']) retrieved from /home/airflow/.local/lib/python3.7/site-packages/airflow/example_dags/example_branch_day_of_week_operator.py
[2025-01-29T23:37:23.682+0000] {logging_mixin.py:120} INFO - [2025-01-29T23:37:23.682+0000] {dag.py:2585} INFO - Sync 1 DAGs
[2025-01-29T23:37:23.716+0000] {logging_mixin.py:120} INFO - [2025-01-29T23:37:23.715+0000] {dag.py:3340} INFO - Setting next_dagrun for example_weekday_branch_operator to 2025-01-28T00:00:00+00:00, run_after=2025-01-29T00:00:00+00:00
[2025-01-29T23:37:23.738+0000] {processor.py:176} INFO - Processing /home/airflow/.local/lib/python3.7/site-packages/airflow/example_dags/example_branch_day_of_week_operator.py took 0.130 seconds
[2025-01-29T23:37:53.806+0000] {processor.py:154} INFO - Started process (PID=792) to work on /home/airflow/.local/lib/python3.7/site-packages/airflow/example_dags/example_branch_day_of_week_operator.py
[2025-01-29T23:37:53.807+0000] {processor.py:756} INFO - Processing file /home/airflow/.local/lib/python3.7/site-packages/airflow/example_dags/example_branch_day_of_week_operator.py for tasks to queue
[2025-01-29T23:37:53.807+0000] {logging_mixin.py:120} INFO - [2025-01-29T23:37:53.807+0000] {dagbag.py:537} INFO - Filling up the DagBag from /home/airflow/.local/lib/python3.7/site-packages/airflow/example_dags/example_branch_day_of_week_operator.py
[2025-01-29T23:37:53.822+0000] {processor.py:766} INFO - DAG(s) dict_keys(['example_weekday_branch_operator']) retrieved from /home/airflow/.local/lib/python3.7/site-packages/airflow/example_dags/example_branch_day_of_week_operator.py
[2025-01-29T23:37:53.877+0000] {logging_mixin.py:120} INFO - [2025-01-29T23:37:53.876+0000] {dag.py:2585} INFO - Sync 1 DAGs
[2025-01-29T23:37:53.910+0000] {logging_mixin.py:120} INFO - [2025-01-29T23:37:53.910+0000] {dag.py:3340} INFO - Setting next_dagrun for example_weekday_branch_operator to 2025-01-28T00:00:00+00:00, run_after=2025-01-29T00:00:00+00:00
[2025-01-29T23:37:53.934+0000] {processor.py:176} INFO - Processing /home/airflow/.local/lib/python3.7/site-packages/airflow/example_dags/example_branch_day_of_week_operator.py took 0.131 seconds
[2025-01-29T23:38:24.586+0000] {processor.py:154} INFO - Started process (PID=856) to work on /home/airflow/.local/lib/python3.7/site-packages/airflow/example_dags/example_branch_day_of_week_operator.py
[2025-01-29T23:38:24.587+0000] {processor.py:756} INFO - Processing file /home/airflow/.local/lib/python3.7/site-packages/airflow/example_dags/example_branch_day_of_week_operator.py for tasks to queue
[2025-01-29T23:38:24.588+0000] {logging_mixin.py:120} INFO - [2025-01-29T23:38:24.587+0000] {dagbag.py:537} INFO - Filling up the DagBag from /home/airflow/.local/lib/python3.7/site-packages/airflow/example_dags/example_branch_day_of_week_operator.py
[2025-01-29T23:38:24.603+0000] {processor.py:766} INFO - DAG(s) dict_keys(['example_weekday_branch_operator']) retrieved from /home/airflow/.local/lib/python3.7/site-packages/airflow/example_dags/example_branch_day_of_week_operator.py
[2025-01-29T23:38:24.658+0000] {logging_mixin.py:120} INFO - [2025-01-29T23:38:24.658+0000] {dag.py:2585} INFO - Sync 1 DAGs
[2025-01-29T23:38:24.690+0000] {logging_mixin.py:120} INFO - [2025-01-29T23:38:24.690+0000] {dag.py:3340} INFO - Setting next_dagrun for example_weekday_branch_operator to 2025-01-28T00:00:00+00:00, run_after=2025-01-29T00:00:00+00:00
[2025-01-29T23:38:24.713+0000] {processor.py:176} INFO - Processing /home/airflow/.local/lib/python3.7/site-packages/airflow/example_dags/example_branch_day_of_week_operator.py took 0.130 seconds
[2025-01-29T23:38:54.895+0000] {processor.py:154} INFO - Started process (PID=911) to work on /home/airflow/.local/lib/python3.7/site-packages/airflow/example_dags/example_branch_day_of_week_operator.py
[2025-01-29T23:38:54.896+0000] {processor.py:756} INFO - Processing file /home/airflow/.local/lib/python3.7/site-packages/airflow/example_dags/example_branch_day_of_week_operator.py for tasks to queue
[2025-01-29T23:38:54.896+0000] {logging_mixin.py:120} INFO - [2025-01-29T23:38:54.896+0000] {dagbag.py:537} INFO - Filling up the DagBag from /home/airflow/.local/lib/python3.7/site-packages/airflow/example_dags/example_branch_day_of_week_operator.py
[2025-01-29T23:38:54.912+0000] {processor.py:766} INFO - DAG(s) dict_keys(['example_weekday_branch_operator']) retrieved from /home/airflow/.local/lib/python3.7/site-packages/airflow/example_dags/example_branch_day_of_week_operator.py
[2025-01-29T23:38:54.968+0000] {logging_mixin.py:120} INFO - [2025-01-29T23:38:54.967+0000] {dag.py:2585} INFO - Sync 1 DAGs
[2025-01-29T23:38:55.001+0000] {logging_mixin.py:120} INFO - [2025-01-29T23:38:55.000+0000] {dag.py:3340} INFO - Setting next_dagrun for example_weekday_branch_operator to 2025-01-28T00:00:00+00:00, run_after=2025-01-29T00:00:00+00:00
[2025-01-29T23:38:55.026+0000] {processor.py:176} INFO - Processing /home/airflow/.local/lib/python3.7/site-packages/airflow/example_dags/example_branch_day_of_week_operator.py took 0.134 seconds
[2025-01-29T23:39:25.597+0000] {processor.py:154} INFO - Started process (PID=975) to work on /home/airflow/.local/lib/python3.7/site-packages/airflow/example_dags/example_branch_day_of_week_operator.py
[2025-01-29T23:39:25.598+0000] {processor.py:756} INFO - Processing file /home/airflow/.local/lib/python3.7/site-packages/airflow/example_dags/example_branch_day_of_week_operator.py for tasks to queue
[2025-01-29T23:39:25.598+0000] {logging_mixin.py:120} INFO - [2025-01-29T23:39:25.598+0000] {dagbag.py:537} INFO - Filling up the DagBag from /home/airflow/.local/lib/python3.7/site-packages/airflow/example_dags/example_branch_day_of_week_operator.py
[2025-01-29T23:39:25.612+0000] {processor.py:766} INFO - DAG(s) dict_keys(['example_weekday_branch_operator']) retrieved from /home/airflow/.local/lib/python3.7/site-packages/airflow/example_dags/example_branch_day_of_week_operator.py
[2025-01-29T23:39:25.665+0000] {logging_mixin.py:120} INFO - [2025-01-29T23:39:25.664+0000] {dag.py:2585} INFO - Sync 1 DAGs
[2025-01-29T23:39:25.696+0000] {logging_mixin.py:120} INFO - [2025-01-29T23:39:25.696+0000] {dag.py:3340} INFO - Setting next_dagrun for example_weekday_branch_operator to 2025-01-28T00:00:00+00:00, run_after=2025-01-29T00:00:00+00:00
[2025-01-29T23:39:25.718+0000] {processor.py:176} INFO - Processing /home/airflow/.local/lib/python3.7/site-packages/airflow/example_dags/example_branch_day_of_week_operator.py took 0.124 seconds
[2025-01-29T23:39:56.390+0000] {processor.py:154} INFO - Started process (PID=1039) to work on /home/airflow/.local/lib/python3.7/site-packages/airflow/example_dags/example_branch_day_of_week_operator.py
[2025-01-29T23:39:56.391+0000] {processor.py:756} INFO - Processing file /home/airflow/.local/lib/python3.7/site-packages/airflow/example_dags/example_branch_day_of_week_operator.py for tasks to queue
[2025-01-29T23:39:56.392+0000] {logging_mixin.py:120} INFO - [2025-01-29T23:39:56.392+0000] {dagbag.py:537} INFO - Filling up the DagBag from /home/airflow/.local/lib/python3.7/site-packages/airflow/example_dags/example_branch_day_of_week_operator.py
[2025-01-29T23:39:56.407+0000] {processor.py:766} INFO - DAG(s) dict_keys(['example_weekday_branch_operator']) retrieved from /home/airflow/.local/lib/python3.7/site-packages/airflow/example_dags/example_branch_day_of_week_operator.py
[2025-01-29T23:39:56.462+0000] {logging_mixin.py:120} INFO - [2025-01-29T23:39:56.462+0000] {dag.py:2585} INFO - Sync 1 DAGs
[2025-01-29T23:39:56.496+0000] {logging_mixin.py:120} INFO - [2025-01-29T23:39:56.496+0000] {dag.py:3340} INFO - Setting next_dagrun for example_weekday_branch_operator to 2025-01-28T00:00:00+00:00, run_after=2025-01-29T00:00:00+00:00
[2025-01-29T23:39:56.522+0000] {processor.py:176} INFO - Processing /home/airflow/.local/lib/python3.7/site-packages/airflow/example_dags/example_branch_day_of_week_operator.py took 0.135 seconds
[2025-01-29T23:40:26.773+0000] {processor.py:154} INFO - Started process (PID=1103) to work on /home/airflow/.local/lib/python3.7/site-packages/airflow/example_dags/example_branch_day_of_week_operator.py
[2025-01-29T23:40:26.773+0000] {processor.py:756} INFO - Processing file /home/airflow/.local/lib/python3.7/site-packages/airflow/example_dags/example_branch_day_of_week_operator.py for tasks to queue
[2025-01-29T23:40:26.774+0000] {logging_mixin.py:120} INFO - [2025-01-29T23:40:26.774+0000] {dagbag.py:537} INFO - Filling up the DagBag from /home/airflow/.local/lib/python3.7/site-packages/airflow/example_dags/example_branch_day_of_week_operator.py
[2025-01-29T23:40:26.795+0000] {processor.py:766} INFO - DAG(s) dict_keys(['example_weekday_branch_operator']) retrieved from /home/airflow/.local/lib/python3.7/site-packages/airflow/example_dags/example_branch_day_of_week_operator.py
[2025-01-29T23:40:26.856+0000] {logging_mixin.py:120} INFO - [2025-01-29T23:40:26.856+0000] {dag.py:2585} INFO - Sync 1 DAGs
[2025-01-29T23:40:26.889+0000] {logging_mixin.py:120} INFO - [2025-01-29T23:40:26.889+0000] {dag.py:3340} INFO - Setting next_dagrun for example_weekday_branch_operator to 2025-01-28T00:00:00+00:00, run_after=2025-01-29T00:00:00+00:00
[2025-01-29T23:40:26.917+0000] {processor.py:176} INFO - Processing /home/airflow/.local/lib/python3.7/site-packages/airflow/example_dags/example_branch_day_of_week_operator.py took 0.147 seconds
[2025-01-29T23:40:57.183+0000] {processor.py:154} INFO - Started process (PID=1158) to work on /home/airflow/.local/lib/python3.7/site-packages/airflow/example_dags/example_branch_day_of_week_operator.py
[2025-01-29T23:40:57.183+0000] {processor.py:756} INFO - Processing file /home/airflow/.local/lib/python3.7/site-packages/airflow/example_dags/example_branch_day_of_week_operator.py for tasks to queue
[2025-01-29T23:40:57.184+0000] {logging_mixin.py:120} INFO - [2025-01-29T23:40:57.184+0000] {dagbag.py:537} INFO - Filling up the DagBag from /home/airflow/.local/lib/python3.7/site-packages/airflow/example_dags/example_branch_day_of_week_operator.py
[2025-01-29T23:40:57.199+0000] {processor.py:766} INFO - DAG(s) dict_keys(['example_weekday_branch_operator']) retrieved from /home/airflow/.local/lib/python3.7/site-packages/airflow/example_dags/example_branch_day_of_week_operator.py
[2025-01-29T23:40:57.253+0000] {logging_mixin.py:120} INFO - [2025-01-29T23:40:57.252+0000] {dag.py:2585} INFO - Sync 1 DAGs
[2025-01-29T23:40:57.284+0000] {logging_mixin.py:120} INFO - [2025-01-29T23:40:57.284+0000] {dag.py:3340} INFO - Setting next_dagrun for example_weekday_branch_operator to 2025-01-28T00:00:00+00:00, run_after=2025-01-29T00:00:00+00:00
[2025-01-29T23:40:57.306+0000] {processor.py:176} INFO - Processing /home/airflow/.local/lib/python3.7/site-packages/airflow/example_dags/example_branch_day_of_week_operator.py took 0.126 seconds
[2025-01-29T23:41:27.946+0000] {processor.py:154} INFO - Started process (PID=1222) to work on /home/airflow/.local/lib/python3.7/site-packages/airflow/example_dags/example_branch_day_of_week_operator.py
[2025-01-29T23:41:27.947+0000] {processor.py:756} INFO - Processing file /home/airflow/.local/lib/python3.7/site-packages/airflow/example_dags/example_branch_day_of_week_operator.py for tasks to queue
[2025-01-29T23:41:27.948+0000] {logging_mixin.py:120} INFO - [2025-01-29T23:41:27.948+0000] {dagbag.py:537} INFO - Filling up the DagBag from /home/airflow/.local/lib/python3.7/site-packages/airflow/example_dags/example_branch_day_of_week_operator.py
[2025-01-29T23:41:27.964+0000] {processor.py:766} INFO - DAG(s) dict_keys(['example_weekday_branch_operator']) retrieved from /home/airflow/.local/lib/python3.7/site-packages/airflow/example_dags/example_branch_day_of_week_operator.py
[2025-01-29T23:41:28.022+0000] {logging_mixin.py:120} INFO - [2025-01-29T23:41:28.022+0000] {dag.py:2585} INFO - Sync 1 DAGs
[2025-01-29T23:41:28.055+0000] {logging_mixin.py:120} INFO - [2025-01-29T23:41:28.055+0000] {dag.py:3340} INFO - Setting next_dagrun for example_weekday_branch_operator to 2025-01-28T00:00:00+00:00, run_after=2025-01-29T00:00:00+00:00
[2025-01-29T23:41:28.077+0000] {processor.py:176} INFO - Processing /home/airflow/.local/lib/python3.7/site-packages/airflow/example_dags/example_branch_day_of_week_operator.py took 0.134 seconds
[2025-01-29T23:41:58.711+0000] {processor.py:154} INFO - Started process (PID=1287) to work on /home/airflow/.local/lib/python3.7/site-packages/airflow/example_dags/example_branch_day_of_week_operator.py
[2025-01-29T23:41:58.712+0000] {processor.py:756} INFO - Processing file /home/airflow/.local/lib/python3.7/site-packages/airflow/example_dags/example_branch_day_of_week_operator.py for tasks to queue
[2025-01-29T23:41:58.713+0000] {logging_mixin.py:120} INFO - [2025-01-29T23:41:58.713+0000] {dagbag.py:537} INFO - Filling up the DagBag from /home/airflow/.local/lib/python3.7/site-packages/airflow/example_dags/example_branch_day_of_week_operator.py
[2025-01-29T23:41:58.745+0000] {processor.py:766} INFO - DAG(s) dict_keys(['example_weekday_branch_operator']) retrieved from /home/airflow/.local/lib/python3.7/site-packages/airflow/example_dags/example_branch_day_of_week_operator.py
[2025-01-29T23:41:58.860+0000] {logging_mixin.py:120} INFO - [2025-01-29T23:41:58.860+0000] {dag.py:2585} INFO - Sync 1 DAGs
[2025-01-29T23:41:58.919+0000] {logging_mixin.py:120} INFO - [2025-01-29T23:41:58.918+0000] {dag.py:3340} INFO - Setting next_dagrun for example_weekday_branch_operator to 2025-01-28T00:00:00+00:00, run_after=2025-01-29T00:00:00+00:00
[2025-01-29T23:41:58.954+0000] {processor.py:176} INFO - Processing /home/airflow/.local/lib/python3.7/site-packages/airflow/example_dags/example_branch_day_of_week_operator.py took 0.248 seconds
[2025-01-29T23:42:29.491+0000] {processor.py:154} INFO - Started process (PID=1342) to work on /home/airflow/.local/lib/python3.7/site-packages/airflow/example_dags/example_branch_day_of_week_operator.py
[2025-01-29T23:42:29.492+0000] {processor.py:756} INFO - Processing file /home/airflow/.local/lib/python3.7/site-packages/airflow/example_dags/example_branch_day_of_week_operator.py for tasks to queue
[2025-01-29T23:42:29.493+0000] {logging_mixin.py:120} INFO - [2025-01-29T23:42:29.492+0000] {dagbag.py:537} INFO - Filling up the DagBag from /home/airflow/.local/lib/python3.7/site-packages/airflow/example_dags/example_branch_day_of_week_operator.py
[2025-01-29T23:42:29.508+0000] {processor.py:766} INFO - DAG(s) dict_keys(['example_weekday_branch_operator']) retrieved from /home/airflow/.local/lib/python3.7/site-packages/airflow/example_dags/example_branch_day_of_week_operator.py
[2025-01-29T23:42:29.568+0000] {logging_mixin.py:120} INFO - [2025-01-29T23:42:29.568+0000] {dag.py:2585} INFO - Sync 1 DAGs
[2025-01-29T23:42:29.605+0000] {logging_mixin.py:120} INFO - [2025-01-29T23:42:29.605+0000] {dag.py:3340} INFO - Setting next_dagrun for example_weekday_branch_operator to 2025-01-28T00:00:00+00:00, run_after=2025-01-29T00:00:00+00:00
[2025-01-29T23:42:29.635+0000] {processor.py:176} INFO - Processing /home/airflow/.local/lib/python3.7/site-packages/airflow/example_dags/example_branch_day_of_week_operator.py took 0.147 seconds
[2025-01-29T23:43:00.256+0000] {processor.py:154} INFO - Started process (PID=1407) to work on /home/airflow/.local/lib/python3.7/site-packages/airflow/example_dags/example_branch_day_of_week_operator.py
[2025-01-29T23:43:00.257+0000] {processor.py:756} INFO - Processing file /home/airflow/.local/lib/python3.7/site-packages/airflow/example_dags/example_branch_day_of_week_operator.py for tasks to queue
[2025-01-29T23:43:00.257+0000] {logging_mixin.py:120} INFO - [2025-01-29T23:43:00.257+0000] {dagbag.py:537} INFO - Filling up the DagBag from /home/airflow/.local/lib/python3.7/site-packages/airflow/example_dags/example_branch_day_of_week_operator.py
[2025-01-29T23:43:00.272+0000] {processor.py:766} INFO - DAG(s) dict_keys(['example_weekday_branch_operator']) retrieved from /home/airflow/.local/lib/python3.7/site-packages/airflow/example_dags/example_branch_day_of_week_operator.py
[2025-01-29T23:43:00.328+0000] {logging_mixin.py:120} INFO - [2025-01-29T23:43:00.328+0000] {dag.py:2585} INFO - Sync 1 DAGs
[2025-01-29T23:43:00.361+0000] {logging_mixin.py:120} INFO - [2025-01-29T23:43:00.361+0000] {dag.py:3340} INFO - Setting next_dagrun for example_weekday_branch_operator to 2025-01-28T00:00:00+00:00, run_after=2025-01-29T00:00:00+00:00
[2025-01-29T23:43:00.385+0000] {processor.py:176} INFO - Processing /home/airflow/.local/lib/python3.7/site-packages/airflow/example_dags/example_branch_day_of_week_operator.py took 0.132 seconds
[2025-01-29T23:43:31.052+0000] {processor.py:154} INFO - Started process (PID=1471) to work on /home/airflow/.local/lib/python3.7/site-packages/airflow/example_dags/example_branch_day_of_week_operator.py
[2025-01-29T23:43:31.053+0000] {processor.py:756} INFO - Processing file /home/airflow/.local/lib/python3.7/site-packages/airflow/example_dags/example_branch_day_of_week_operator.py for tasks to queue
[2025-01-29T23:43:31.054+0000] {logging_mixin.py:120} INFO - [2025-01-29T23:43:31.054+0000] {dagbag.py:537} INFO - Filling up the DagBag from /home/airflow/.local/lib/python3.7/site-packages/airflow/example_dags/example_branch_day_of_week_operator.py
[2025-01-29T23:43:31.068+0000] {processor.py:766} INFO - DAG(s) dict_keys(['example_weekday_branch_operator']) retrieved from /home/airflow/.local/lib/python3.7/site-packages/airflow/example_dags/example_branch_day_of_week_operator.py
[2025-01-29T23:43:31.123+0000] {logging_mixin.py:120} INFO - [2025-01-29T23:43:31.123+0000] {dag.py:2585} INFO - Sync 1 DAGs
[2025-01-29T23:43:31.155+0000] {logging_mixin.py:120} INFO - [2025-01-29T23:43:31.155+0000] {dag.py:3340} INFO - Setting next_dagrun for example_weekday_branch_operator to 2025-01-28T00:00:00+00:00, run_after=2025-01-29T00:00:00+00:00
[2025-01-29T23:43:31.178+0000] {processor.py:176} INFO - Processing /home/airflow/.local/lib/python3.7/site-packages/airflow/example_dags/example_branch_day_of_week_operator.py took 0.129 seconds
[2025-01-29T23:44:01.687+0000] {processor.py:154} INFO - Started process (PID=1535) to work on /home/airflow/.local/lib/python3.7/site-packages/airflow/example_dags/example_branch_day_of_week_operator.py
[2025-01-29T23:44:01.688+0000] {processor.py:756} INFO - Processing file /home/airflow/.local/lib/python3.7/site-packages/airflow/example_dags/example_branch_day_of_week_operator.py for tasks to queue
[2025-01-29T23:44:01.689+0000] {logging_mixin.py:120} INFO - [2025-01-29T23:44:01.689+0000] {dagbag.py:537} INFO - Filling up the DagBag from /home/airflow/.local/lib/python3.7/site-packages/airflow/example_dags/example_branch_day_of_week_operator.py
[2025-01-29T23:44:01.709+0000] {processor.py:766} INFO - DAG(s) dict_keys(['example_weekday_branch_operator']) retrieved from /home/airflow/.local/lib/python3.7/site-packages/airflow/example_dags/example_branch_day_of_week_operator.py
[2025-01-29T23:44:01.809+0000] {logging_mixin.py:120} INFO - [2025-01-29T23:44:01.809+0000] {dag.py:2585} INFO - Sync 1 DAGs
[2025-01-29T23:44:01.844+0000] {logging_mixin.py:120} INFO - [2025-01-29T23:44:01.844+0000] {dag.py:3340} INFO - Setting next_dagrun for example_weekday_branch_operator to 2025-01-28T00:00:00+00:00, run_after=2025-01-29T00:00:00+00:00
[2025-01-29T23:44:01.870+0000] {processor.py:176} INFO - Processing /home/airflow/.local/lib/python3.7/site-packages/airflow/example_dags/example_branch_day_of_week_operator.py took 0.186 seconds
[2025-01-29T23:44:32.227+0000] {processor.py:154} INFO - Started process (PID=1590) to work on /home/airflow/.local/lib/python3.7/site-packages/airflow/example_dags/example_branch_day_of_week_operator.py
[2025-01-29T23:44:32.228+0000] {processor.py:756} INFO - Processing file /home/airflow/.local/lib/python3.7/site-packages/airflow/example_dags/example_branch_day_of_week_operator.py for tasks to queue
[2025-01-29T23:44:32.229+0000] {logging_mixin.py:120} INFO - [2025-01-29T23:44:32.229+0000] {dagbag.py:537} INFO - Filling up the DagBag from /home/airflow/.local/lib/python3.7/site-packages/airflow/example_dags/example_branch_day_of_week_operator.py
[2025-01-29T23:44:32.243+0000] {processor.py:766} INFO - DAG(s) dict_keys(['example_weekday_branch_operator']) retrieved from /home/airflow/.local/lib/python3.7/site-packages/airflow/example_dags/example_branch_day_of_week_operator.py
[2025-01-29T23:44:32.297+0000] {logging_mixin.py:120} INFO - [2025-01-29T23:44:32.297+0000] {dag.py:2585} INFO - Sync 1 DAGs
[2025-01-29T23:44:32.333+0000] {logging_mixin.py:120} INFO - [2025-01-29T23:44:32.333+0000] {dag.py:3340} INFO - Setting next_dagrun for example_weekday_branch_operator to 2025-01-28T00:00:00+00:00, run_after=2025-01-29T00:00:00+00:00
[2025-01-29T23:44:32.372+0000] {processor.py:176} INFO - Processing /home/airflow/.local/lib/python3.7/site-packages/airflow/example_dags/example_branch_day_of_week_operator.py took 0.148 seconds
[2025-01-29T23:45:02.708+0000] {processor.py:154} INFO - Started process (PID=1654) to work on /home/airflow/.local/lib/python3.7/site-packages/airflow/example_dags/example_branch_day_of_week_operator.py
[2025-01-29T23:45:02.709+0000] {processor.py:756} INFO - Processing file /home/airflow/.local/lib/python3.7/site-packages/airflow/example_dags/example_branch_day_of_week_operator.py for tasks to queue
[2025-01-29T23:45:02.710+0000] {logging_mixin.py:120} INFO - [2025-01-29T23:45:02.710+0000] {dagbag.py:537} INFO - Filling up the DagBag from /home/airflow/.local/lib/python3.7/site-packages/airflow/example_dags/example_branch_day_of_week_operator.py
[2025-01-29T23:45:02.726+0000] {processor.py:766} INFO - DAG(s) dict_keys(['example_weekday_branch_operator']) retrieved from /home/airflow/.local/lib/python3.7/site-packages/airflow/example_dags/example_branch_day_of_week_operator.py
[2025-01-29T23:45:02.780+0000] {logging_mixin.py:120} INFO - [2025-01-29T23:45:02.780+0000] {dag.py:2585} INFO - Sync 1 DAGs
[2025-01-29T23:45:02.813+0000] {logging_mixin.py:120} INFO - [2025-01-29T23:45:02.813+0000] {dag.py:3340} INFO - Setting next_dagrun for example_weekday_branch_operator to 2025-01-28T00:00:00+00:00, run_after=2025-01-29T00:00:00+00:00
[2025-01-29T23:45:02.835+0000] {processor.py:176} INFO - Processing /home/airflow/.local/lib/python3.7/site-packages/airflow/example_dags/example_branch_day_of_week_operator.py took 0.130 seconds
[2025-01-29T23:45:33.390+0000] {processor.py:154} INFO - Started process (PID=1718) to work on /home/airflow/.local/lib/python3.7/site-packages/airflow/example_dags/example_branch_day_of_week_operator.py
[2025-01-29T23:45:33.391+0000] {processor.py:756} INFO - Processing file /home/airflow/.local/lib/python3.7/site-packages/airflow/example_dags/example_branch_day_of_week_operator.py for tasks to queue
[2025-01-29T23:45:33.392+0000] {logging_mixin.py:120} INFO - [2025-01-29T23:45:33.392+0000] {dagbag.py:537} INFO - Filling up the DagBag from /home/airflow/.local/lib/python3.7/site-packages/airflow/example_dags/example_branch_day_of_week_operator.py
[2025-01-29T23:45:33.406+0000] {processor.py:766} INFO - DAG(s) dict_keys(['example_weekday_branch_operator']) retrieved from /home/airflow/.local/lib/python3.7/site-packages/airflow/example_dags/example_branch_day_of_week_operator.py
[2025-01-29T23:45:33.463+0000] {logging_mixin.py:120} INFO - [2025-01-29T23:45:33.463+0000] {dag.py:2585} INFO - Sync 1 DAGs
[2025-01-29T23:45:33.502+0000] {logging_mixin.py:120} INFO - [2025-01-29T23:45:33.502+0000] {dag.py:3340} INFO - Setting next_dagrun for example_weekday_branch_operator to 2025-01-28T00:00:00+00:00, run_after=2025-01-29T00:00:00+00:00
[2025-01-29T23:45:33.530+0000] {processor.py:176} INFO - Processing /home/airflow/.local/lib/python3.7/site-packages/airflow/example_dags/example_branch_day_of_week_operator.py took 0.143 seconds
[2025-01-29T23:46:04.056+0000] {processor.py:154} INFO - Started process (PID=1773) to work on /home/airflow/.local/lib/python3.7/site-packages/airflow/example_dags/example_branch_day_of_week_operator.py
[2025-01-29T23:46:04.057+0000] {processor.py:756} INFO - Processing file /home/airflow/.local/lib/python3.7/site-packages/airflow/example_dags/example_branch_day_of_week_operator.py for tasks to queue
[2025-01-29T23:46:04.058+0000] {logging_mixin.py:120} INFO - [2025-01-29T23:46:04.058+0000] {dagbag.py:537} INFO - Filling up the DagBag from /home/airflow/.local/lib/python3.7/site-packages/airflow/example_dags/example_branch_day_of_week_operator.py
[2025-01-29T23:46:04.072+0000] {processor.py:766} INFO - DAG(s) dict_keys(['example_weekday_branch_operator']) retrieved from /home/airflow/.local/lib/python3.7/site-packages/airflow/example_dags/example_branch_day_of_week_operator.py
[2025-01-29T23:46:04.128+0000] {logging_mixin.py:120} INFO - [2025-01-29T23:46:04.128+0000] {dag.py:2585} INFO - Sync 1 DAGs
[2025-01-29T23:46:04.160+0000] {logging_mixin.py:120} INFO - [2025-01-29T23:46:04.160+0000] {dag.py:3340} INFO - Setting next_dagrun for example_weekday_branch_operator to 2025-01-28T00:00:00+00:00, run_after=2025-01-29T00:00:00+00:00
[2025-01-29T23:46:04.183+0000] {processor.py:176} INFO - Processing /home/airflow/.local/lib/python3.7/site-packages/airflow/example_dags/example_branch_day_of_week_operator.py took 0.129 seconds
[2025-01-29T23:46:34.434+0000] {processor.py:154} INFO - Started process (PID=1837) to work on /home/airflow/.local/lib/python3.7/site-packages/airflow/example_dags/example_branch_day_of_week_operator.py
[2025-01-29T23:46:34.435+0000] {processor.py:756} INFO - Processing file /home/airflow/.local/lib/python3.7/site-packages/airflow/example_dags/example_branch_day_of_week_operator.py for tasks to queue
[2025-01-29T23:46:34.436+0000] {logging_mixin.py:120} INFO - [2025-01-29T23:46:34.435+0000] {dagbag.py:537} INFO - Filling up the DagBag from /home/airflow/.local/lib/python3.7/site-packages/airflow/example_dags/example_branch_day_of_week_operator.py
[2025-01-29T23:46:34.450+0000] {processor.py:766} INFO - DAG(s) dict_keys(['example_weekday_branch_operator']) retrieved from /home/airflow/.local/lib/python3.7/site-packages/airflow/example_dags/example_branch_day_of_week_operator.py
[2025-01-29T23:46:34.502+0000] {logging_mixin.py:120} INFO - [2025-01-29T23:46:34.502+0000] {dag.py:2585} INFO - Sync 1 DAGs
[2025-01-29T23:46:34.535+0000] {logging_mixin.py:120} INFO - [2025-01-29T23:46:34.535+0000] {dag.py:3340} INFO - Setting next_dagrun for example_weekday_branch_operator to 2025-01-28T00:00:00+00:00, run_after=2025-01-29T00:00:00+00:00
[2025-01-29T23:46:34.559+0000] {processor.py:176} INFO - Processing /home/airflow/.local/lib/python3.7/site-packages/airflow/example_dags/example_branch_day_of_week_operator.py took 0.128 seconds
[2025-01-29T23:47:04.961+0000] {processor.py:154} INFO - Started process (PID=1901) to work on /home/airflow/.local/lib/python3.7/site-packages/airflow/example_dags/example_branch_day_of_week_operator.py
[2025-01-29T23:47:04.962+0000] {processor.py:756} INFO - Processing file /home/airflow/.local/lib/python3.7/site-packages/airflow/example_dags/example_branch_day_of_week_operator.py for tasks to queue
[2025-01-29T23:47:04.963+0000] {logging_mixin.py:120} INFO - [2025-01-29T23:47:04.963+0000] {dagbag.py:537} INFO - Filling up the DagBag from /home/airflow/.local/lib/python3.7/site-packages/airflow/example_dags/example_branch_day_of_week_operator.py
[2025-01-29T23:47:04.977+0000] {processor.py:766} INFO - DAG(s) dict_keys(['example_weekday_branch_operator']) retrieved from /home/airflow/.local/lib/python3.7/site-packages/airflow/example_dags/example_branch_day_of_week_operator.py
[2025-01-29T23:47:05.030+0000] {logging_mixin.py:120} INFO - [2025-01-29T23:47:05.030+0000] {dag.py:2585} INFO - Sync 1 DAGs
[2025-01-29T23:47:05.065+0000] {logging_mixin.py:120} INFO - [2025-01-29T23:47:05.065+0000] {dag.py:3340} INFO - Setting next_dagrun for example_weekday_branch_operator to 2025-01-28T00:00:00+00:00, run_after=2025-01-29T00:00:00+00:00
[2025-01-29T23:47:05.088+0000] {processor.py:176} INFO - Processing /home/airflow/.local/lib/python3.7/site-packages/airflow/example_dags/example_branch_day_of_week_operator.py took 0.129 seconds
[2025-01-29T23:47:35.504+0000] {processor.py:154} INFO - Started process (PID=1965) to work on /home/airflow/.local/lib/python3.7/site-packages/airflow/example_dags/example_branch_day_of_week_operator.py
[2025-01-29T23:47:35.505+0000] {processor.py:756} INFO - Processing file /home/airflow/.local/lib/python3.7/site-packages/airflow/example_dags/example_branch_day_of_week_operator.py for tasks to queue
[2025-01-29T23:47:35.506+0000] {logging_mixin.py:120} INFO - [2025-01-29T23:47:35.506+0000] {dagbag.py:537} INFO - Filling up the DagBag from /home/airflow/.local/lib/python3.7/site-packages/airflow/example_dags/example_branch_day_of_week_operator.py
[2025-01-29T23:47:35.524+0000] {processor.py:766} INFO - DAG(s) dict_keys(['example_weekday_branch_operator']) retrieved from /home/airflow/.local/lib/python3.7/site-packages/airflow/example_dags/example_branch_day_of_week_operator.py
[2025-01-29T23:47:35.590+0000] {logging_mixin.py:120} INFO - [2025-01-29T23:47:35.590+0000] {dag.py:2585} INFO - Sync 1 DAGs
[2025-01-29T23:47:35.636+0000] {logging_mixin.py:120} INFO - [2025-01-29T23:47:35.635+0000] {dag.py:3340} INFO - Setting next_dagrun for example_weekday_branch_operator to 2025-01-28T00:00:00+00:00, run_after=2025-01-29T00:00:00+00:00
[2025-01-29T23:47:35.669+0000] {processor.py:176} INFO - Processing /home/airflow/.local/lib/python3.7/site-packages/airflow/example_dags/example_branch_day_of_week_operator.py took 0.168 seconds
[2025-01-29T23:48:06.134+0000] {processor.py:154} INFO - Started process (PID=2020) to work on /home/airflow/.local/lib/python3.7/site-packages/airflow/example_dags/example_branch_day_of_week_operator.py
[2025-01-29T23:48:06.135+0000] {processor.py:756} INFO - Processing file /home/airflow/.local/lib/python3.7/site-packages/airflow/example_dags/example_branch_day_of_week_operator.py for tasks to queue
[2025-01-29T23:48:06.136+0000] {logging_mixin.py:120} INFO - [2025-01-29T23:48:06.136+0000] {dagbag.py:537} INFO - Filling up the DagBag from /home/airflow/.local/lib/python3.7/site-packages/airflow/example_dags/example_branch_day_of_week_operator.py
[2025-01-29T23:48:06.150+0000] {processor.py:766} INFO - DAG(s) dict_keys(['example_weekday_branch_operator']) retrieved from /home/airflow/.local/lib/python3.7/site-packages/airflow/example_dags/example_branch_day_of_week_operator.py
[2025-01-29T23:48:06.204+0000] {logging_mixin.py:120} INFO - [2025-01-29T23:48:06.204+0000] {dag.py:2585} INFO - Sync 1 DAGs
[2025-01-29T23:48:06.237+0000] {logging_mixin.py:120} INFO - [2025-01-29T23:48:06.237+0000] {dag.py:3340} INFO - Setting next_dagrun for example_weekday_branch_operator to 2025-01-28T00:00:00+00:00, run_after=2025-01-29T00:00:00+00:00
[2025-01-29T23:48:06.259+0000] {processor.py:176} INFO - Processing /home/airflow/.local/lib/python3.7/site-packages/airflow/example_dags/example_branch_day_of_week_operator.py took 0.127 seconds
[2025-01-29T23:48:37.274+0000] {processor.py:154} INFO - Started process (PID=2084) to work on /home/airflow/.local/lib/python3.7/site-packages/airflow/example_dags/example_branch_day_of_week_operator.py
[2025-01-29T23:48:37.275+0000] {processor.py:756} INFO - Processing file /home/airflow/.local/lib/python3.7/site-packages/airflow/example_dags/example_branch_day_of_week_operator.py for tasks to queue
[2025-01-29T23:48:37.275+0000] {logging_mixin.py:120} INFO - [2025-01-29T23:48:37.275+0000] {dagbag.py:537} INFO - Filling up the DagBag from /home/airflow/.local/lib/python3.7/site-packages/airflow/example_dags/example_branch_day_of_week_operator.py
[2025-01-29T23:48:37.291+0000] {processor.py:766} INFO - DAG(s) dict_keys(['example_weekday_branch_operator']) retrieved from /home/airflow/.local/lib/python3.7/site-packages/airflow/example_dags/example_branch_day_of_week_operator.py
[2025-01-29T23:48:37.349+0000] {logging_mixin.py:120} INFO - [2025-01-29T23:48:37.349+0000] {dag.py:2585} INFO - Sync 1 DAGs
[2025-01-29T23:48:37.388+0000] {logging_mixin.py:120} INFO - [2025-01-29T23:48:37.387+0000] {dag.py:3340} INFO - Setting next_dagrun for example_weekday_branch_operator to 2025-01-28T00:00:00+00:00, run_after=2025-01-29T00:00:00+00:00
[2025-01-29T23:48:37.415+0000] {processor.py:176} INFO - Processing /home/airflow/.local/lib/python3.7/site-packages/airflow/example_dags/example_branch_day_of_week_operator.py took 0.145 seconds
[2025-01-29T23:49:07.801+0000] {processor.py:154} INFO - Started process (PID=2148) to work on /home/airflow/.local/lib/python3.7/site-packages/airflow/example_dags/example_branch_day_of_week_operator.py
[2025-01-29T23:49:07.803+0000] {processor.py:756} INFO - Processing file /home/airflow/.local/lib/python3.7/site-packages/airflow/example_dags/example_branch_day_of_week_operator.py for tasks to queue
[2025-01-29T23:49:07.804+0000] {logging_mixin.py:120} INFO - [2025-01-29T23:49:07.804+0000] {dagbag.py:537} INFO - Filling up the DagBag from /home/airflow/.local/lib/python3.7/site-packages/airflow/example_dags/example_branch_day_of_week_operator.py
[2025-01-29T23:49:07.822+0000] {processor.py:766} INFO - DAG(s) dict_keys(['example_weekday_branch_operator']) retrieved from /home/airflow/.local/lib/python3.7/site-packages/airflow/example_dags/example_branch_day_of_week_operator.py
[2025-01-29T23:49:07.879+0000] {logging_mixin.py:120} INFO - [2025-01-29T23:49:07.878+0000] {dag.py:2585} INFO - Sync 1 DAGs
[2025-01-29T23:49:07.912+0000] {logging_mixin.py:120} INFO - [2025-01-29T23:49:07.911+0000] {dag.py:3340} INFO - Setting next_dagrun for example_weekday_branch_operator to 2025-01-28T00:00:00+00:00, run_after=2025-01-29T00:00:00+00:00
[2025-01-29T23:49:07.935+0000] {processor.py:176} INFO - Processing /home/airflow/.local/lib/python3.7/site-packages/airflow/example_dags/example_branch_day_of_week_operator.py took 0.136 seconds
[2025-01-29T23:49:38.080+0000] {processor.py:154} INFO - Started process (PID=2203) to work on /home/airflow/.local/lib/python3.7/site-packages/airflow/example_dags/example_branch_day_of_week_operator.py
[2025-01-29T23:49:38.081+0000] {processor.py:756} INFO - Processing file /home/airflow/.local/lib/python3.7/site-packages/airflow/example_dags/example_branch_day_of_week_operator.py for tasks to queue
[2025-01-29T23:49:38.082+0000] {logging_mixin.py:120} INFO - [2025-01-29T23:49:38.082+0000] {dagbag.py:537} INFO - Filling up the DagBag from /home/airflow/.local/lib/python3.7/site-packages/airflow/example_dags/example_branch_day_of_week_operator.py
[2025-01-29T23:49:38.097+0000] {processor.py:766} INFO - DAG(s) dict_keys(['example_weekday_branch_operator']) retrieved from /home/airflow/.local/lib/python3.7/site-packages/airflow/example_dags/example_branch_day_of_week_operator.py
[2025-01-29T23:49:38.155+0000] {logging_mixin.py:120} INFO - [2025-01-29T23:49:38.155+0000] {dag.py:2585} INFO - Sync 1 DAGs
[2025-01-29T23:49:38.189+0000] {logging_mixin.py:120} INFO - [2025-01-29T23:49:38.189+0000] {dag.py:3340} INFO - Setting next_dagrun for example_weekday_branch_operator to 2025-01-28T00:00:00+00:00, run_after=2025-01-29T00:00:00+00:00
[2025-01-29T23:49:38.211+0000] {processor.py:176} INFO - Processing /home/airflow/.local/lib/python3.7/site-packages/airflow/example_dags/example_branch_day_of_week_operator.py took 0.134 seconds
[2025-01-29T23:50:08.333+0000] {processor.py:154} INFO - Started process (PID=2267) to work on /home/airflow/.local/lib/python3.7/site-packages/airflow/example_dags/example_branch_day_of_week_operator.py
[2025-01-29T23:50:08.334+0000] {processor.py:756} INFO - Processing file /home/airflow/.local/lib/python3.7/site-packages/airflow/example_dags/example_branch_day_of_week_operator.py for tasks to queue
[2025-01-29T23:50:08.335+0000] {logging_mixin.py:120} INFO - [2025-01-29T23:50:08.335+0000] {dagbag.py:537} INFO - Filling up the DagBag from /home/airflow/.local/lib/python3.7/site-packages/airflow/example_dags/example_branch_day_of_week_operator.py
[2025-01-29T23:50:08.351+0000] {processor.py:766} INFO - DAG(s) dict_keys(['example_weekday_branch_operator']) retrieved from /home/airflow/.local/lib/python3.7/site-packages/airflow/example_dags/example_branch_day_of_week_operator.py
[2025-01-29T23:50:08.409+0000] {logging_mixin.py:120} INFO - [2025-01-29T23:50:08.409+0000] {dag.py:2585} INFO - Sync 1 DAGs
[2025-01-29T23:50:08.443+0000] {logging_mixin.py:120} INFO - [2025-01-29T23:50:08.443+0000] {dag.py:3340} INFO - Setting next_dagrun for example_weekday_branch_operator to 2025-01-28T00:00:00+00:00, run_after=2025-01-29T00:00:00+00:00
[2025-01-29T23:50:08.466+0000] {processor.py:176} INFO - Processing /home/airflow/.local/lib/python3.7/site-packages/airflow/example_dags/example_branch_day_of_week_operator.py took 0.137 seconds
[2025-01-29T23:50:38.876+0000] {processor.py:154} INFO - Started process (PID=2331) to work on /home/airflow/.local/lib/python3.7/site-packages/airflow/example_dags/example_branch_day_of_week_operator.py
[2025-01-29T23:50:38.877+0000] {processor.py:756} INFO - Processing file /home/airflow/.local/lib/python3.7/site-packages/airflow/example_dags/example_branch_day_of_week_operator.py for tasks to queue
[2025-01-29T23:50:38.878+0000] {logging_mixin.py:120} INFO - [2025-01-29T23:50:38.877+0000] {dagbag.py:537} INFO - Filling up the DagBag from /home/airflow/.local/lib/python3.7/site-packages/airflow/example_dags/example_branch_day_of_week_operator.py
[2025-01-29T23:50:38.894+0000] {processor.py:766} INFO - DAG(s) dict_keys(['example_weekday_branch_operator']) retrieved from /home/airflow/.local/lib/python3.7/site-packages/airflow/example_dags/example_branch_day_of_week_operator.py
[2025-01-29T23:50:38.952+0000] {logging_mixin.py:120} INFO - [2025-01-29T23:50:38.952+0000] {dag.py:2585} INFO - Sync 1 DAGs
[2025-01-29T23:50:38.989+0000] {logging_mixin.py:120} INFO - [2025-01-29T23:50:38.989+0000] {dag.py:3340} INFO - Setting next_dagrun for example_weekday_branch_operator to 2025-01-28T00:00:00+00:00, run_after=2025-01-29T00:00:00+00:00
[2025-01-29T23:50:39.028+0000] {processor.py:176} INFO - Processing /home/airflow/.local/lib/python3.7/site-packages/airflow/example_dags/example_branch_day_of_week_operator.py took 0.155 seconds
[2025-01-29T23:51:09.471+0000] {processor.py:154} INFO - Started process (PID=2387) to work on /home/airflow/.local/lib/python3.7/site-packages/airflow/example_dags/example_branch_day_of_week_operator.py
[2025-01-29T23:51:09.472+0000] {processor.py:756} INFO - Processing file /home/airflow/.local/lib/python3.7/site-packages/airflow/example_dags/example_branch_day_of_week_operator.py for tasks to queue
[2025-01-29T23:51:09.473+0000] {logging_mixin.py:120} INFO - [2025-01-29T23:51:09.473+0000] {dagbag.py:537} INFO - Filling up the DagBag from /home/airflow/.local/lib/python3.7/site-packages/airflow/example_dags/example_branch_day_of_week_operator.py
[2025-01-29T23:51:09.489+0000] {processor.py:766} INFO - DAG(s) dict_keys(['example_weekday_branch_operator']) retrieved from /home/airflow/.local/lib/python3.7/site-packages/airflow/example_dags/example_branch_day_of_week_operator.py
[2025-01-29T23:51:09.546+0000] {logging_mixin.py:120} INFO - [2025-01-29T23:51:09.546+0000] {dag.py:2585} INFO - Sync 1 DAGs
[2025-01-29T23:51:09.580+0000] {logging_mixin.py:120} INFO - [2025-01-29T23:51:09.580+0000] {dag.py:3340} INFO - Setting next_dagrun for example_weekday_branch_operator to 2025-01-28T00:00:00+00:00, run_after=2025-01-29T00:00:00+00:00
[2025-01-29T23:51:09.602+0000] {processor.py:176} INFO - Processing /home/airflow/.local/lib/python3.7/site-packages/airflow/example_dags/example_branch_day_of_week_operator.py took 0.134 seconds
[2025-01-29T23:51:40.474+0000] {processor.py:154} INFO - Started process (PID=2451) to work on /home/airflow/.local/lib/python3.7/site-packages/airflow/example_dags/example_branch_day_of_week_operator.py
[2025-01-29T23:51:40.475+0000] {processor.py:756} INFO - Processing file /home/airflow/.local/lib/python3.7/site-packages/airflow/example_dags/example_branch_day_of_week_operator.py for tasks to queue
[2025-01-29T23:51:40.475+0000] {logging_mixin.py:120} INFO - [2025-01-29T23:51:40.475+0000] {dagbag.py:537} INFO - Filling up the DagBag from /home/airflow/.local/lib/python3.7/site-packages/airflow/example_dags/example_branch_day_of_week_operator.py
[2025-01-29T23:51:40.491+0000] {processor.py:766} INFO - DAG(s) dict_keys(['example_weekday_branch_operator']) retrieved from /home/airflow/.local/lib/python3.7/site-packages/airflow/example_dags/example_branch_day_of_week_operator.py
[2025-01-29T23:51:40.551+0000] {logging_mixin.py:120} INFO - [2025-01-29T23:51:40.550+0000] {dag.py:2585} INFO - Sync 1 DAGs
[2025-01-29T23:51:40.587+0000] {logging_mixin.py:120} INFO - [2025-01-29T23:51:40.587+0000] {dag.py:3340} INFO - Setting next_dagrun for example_weekday_branch_operator to 2025-01-28T00:00:00+00:00, run_after=2025-01-29T00:00:00+00:00
[2025-01-29T23:51:40.611+0000] {processor.py:176} INFO - Processing /home/airflow/.local/lib/python3.7/site-packages/airflow/example_dags/example_branch_day_of_week_operator.py took 0.140 seconds
[2025-01-29T23:52:11.028+0000] {processor.py:154} INFO - Started process (PID=2515) to work on /home/airflow/.local/lib/python3.7/site-packages/airflow/example_dags/example_branch_day_of_week_operator.py
[2025-01-29T23:52:11.029+0000] {processor.py:756} INFO - Processing file /home/airflow/.local/lib/python3.7/site-packages/airflow/example_dags/example_branch_day_of_week_operator.py for tasks to queue
[2025-01-29T23:52:11.030+0000] {logging_mixin.py:120} INFO - [2025-01-29T23:52:11.030+0000] {dagbag.py:537} INFO - Filling up the DagBag from /home/airflow/.local/lib/python3.7/site-packages/airflow/example_dags/example_branch_day_of_week_operator.py
[2025-01-29T23:52:11.046+0000] {processor.py:766} INFO - DAG(s) dict_keys(['example_weekday_branch_operator']) retrieved from /home/airflow/.local/lib/python3.7/site-packages/airflow/example_dags/example_branch_day_of_week_operator.py
[2025-01-29T23:52:11.110+0000] {logging_mixin.py:120} INFO - [2025-01-29T23:52:11.110+0000] {dag.py:2585} INFO - Sync 1 DAGs
[2025-01-29T23:52:11.148+0000] {logging_mixin.py:120} INFO - [2025-01-29T23:52:11.148+0000] {dag.py:3340} INFO - Setting next_dagrun for example_weekday_branch_operator to 2025-01-28T00:00:00+00:00, run_after=2025-01-29T00:00:00+00:00
[2025-01-29T23:52:11.178+0000] {processor.py:176} INFO - Processing /home/airflow/.local/lib/python3.7/site-packages/airflow/example_dags/example_branch_day_of_week_operator.py took 0.153 seconds
[2025-01-29T23:52:41.310+0000] {processor.py:154} INFO - Started process (PID=2570) to work on /home/airflow/.local/lib/python3.7/site-packages/airflow/example_dags/example_branch_day_of_week_operator.py
[2025-01-29T23:52:41.311+0000] {processor.py:756} INFO - Processing file /home/airflow/.local/lib/python3.7/site-packages/airflow/example_dags/example_branch_day_of_week_operator.py for tasks to queue
[2025-01-29T23:52:41.312+0000] {logging_mixin.py:120} INFO - [2025-01-29T23:52:41.312+0000] {dagbag.py:537} INFO - Filling up the DagBag from /home/airflow/.local/lib/python3.7/site-packages/airflow/example_dags/example_branch_day_of_week_operator.py
[2025-01-29T23:52:41.329+0000] {processor.py:766} INFO - DAG(s) dict_keys(['example_weekday_branch_operator']) retrieved from /home/airflow/.local/lib/python3.7/site-packages/airflow/example_dags/example_branch_day_of_week_operator.py
[2025-01-29T23:52:41.393+0000] {logging_mixin.py:120} INFO - [2025-01-29T23:52:41.393+0000] {dag.py:2585} INFO - Sync 1 DAGs
[2025-01-29T23:52:41.433+0000] {logging_mixin.py:120} INFO - [2025-01-29T23:52:41.433+0000] {dag.py:3340} INFO - Setting next_dagrun for example_weekday_branch_operator to 2025-01-28T00:00:00+00:00, run_after=2025-01-29T00:00:00+00:00
[2025-01-29T23:52:41.463+0000] {processor.py:176} INFO - Processing /home/airflow/.local/lib/python3.7/site-packages/airflow/example_dags/example_branch_day_of_week_operator.py took 0.156 seconds
[2025-01-29T23:53:12.111+0000] {processor.py:154} INFO - Started process (PID=2634) to work on /home/airflow/.local/lib/python3.7/site-packages/airflow/example_dags/example_branch_day_of_week_operator.py
[2025-01-29T23:53:12.112+0000] {processor.py:756} INFO - Processing file /home/airflow/.local/lib/python3.7/site-packages/airflow/example_dags/example_branch_day_of_week_operator.py for tasks to queue
[2025-01-29T23:53:12.113+0000] {logging_mixin.py:120} INFO - [2025-01-29T23:53:12.112+0000] {dagbag.py:537} INFO - Filling up the DagBag from /home/airflow/.local/lib/python3.7/site-packages/airflow/example_dags/example_branch_day_of_week_operator.py
[2025-01-29T23:53:12.127+0000] {processor.py:766} INFO - DAG(s) dict_keys(['example_weekday_branch_operator']) retrieved from /home/airflow/.local/lib/python3.7/site-packages/airflow/example_dags/example_branch_day_of_week_operator.py
[2025-01-29T23:53:12.181+0000] {logging_mixin.py:120} INFO - [2025-01-29T23:53:12.181+0000] {dag.py:2585} INFO - Sync 1 DAGs
[2025-01-29T23:53:12.215+0000] {logging_mixin.py:120} INFO - [2025-01-29T23:53:12.215+0000] {dag.py:3340} INFO - Setting next_dagrun for example_weekday_branch_operator to 2025-01-28T00:00:00+00:00, run_after=2025-01-29T00:00:00+00:00
[2025-01-29T23:53:12.236+0000] {processor.py:176} INFO - Processing /home/airflow/.local/lib/python3.7/site-packages/airflow/example_dags/example_branch_day_of_week_operator.py took 0.127 seconds
[2025-01-29T23:53:43.352+0000] {processor.py:154} INFO - Started process (PID=2698) to work on /home/airflow/.local/lib/python3.7/site-packages/airflow/example_dags/example_branch_day_of_week_operator.py
[2025-01-29T23:53:43.353+0000] {processor.py:756} INFO - Processing file /home/airflow/.local/lib/python3.7/site-packages/airflow/example_dags/example_branch_day_of_week_operator.py for tasks to queue
[2025-01-29T23:53:43.353+0000] {logging_mixin.py:120} INFO - [2025-01-29T23:53:43.353+0000] {dagbag.py:537} INFO - Filling up the DagBag from /home/airflow/.local/lib/python3.7/site-packages/airflow/example_dags/example_branch_day_of_week_operator.py
[2025-01-29T23:53:43.370+0000] {processor.py:766} INFO - DAG(s) dict_keys(['example_weekday_branch_operator']) retrieved from /home/airflow/.local/lib/python3.7/site-packages/airflow/example_dags/example_branch_day_of_week_operator.py
[2025-01-29T23:53:43.426+0000] {logging_mixin.py:120} INFO - [2025-01-29T23:53:43.426+0000] {dag.py:2585} INFO - Sync 1 DAGs
[2025-01-29T23:53:43.465+0000] {logging_mixin.py:120} INFO - [2025-01-29T23:53:43.465+0000] {dag.py:3340} INFO - Setting next_dagrun for example_weekday_branch_operator to 2025-01-28T00:00:00+00:00, run_after=2025-01-29T00:00:00+00:00
[2025-01-29T23:53:43.494+0000] {processor.py:176} INFO - Processing /home/airflow/.local/lib/python3.7/site-packages/airflow/example_dags/example_branch_day_of_week_operator.py took 0.145 seconds
[2025-01-29T23:54:13.728+0000] {processor.py:154} INFO - Started process (PID=2762) to work on /home/airflow/.local/lib/python3.7/site-packages/airflow/example_dags/example_branch_day_of_week_operator.py
[2025-01-29T23:54:13.729+0000] {processor.py:756} INFO - Processing file /home/airflow/.local/lib/python3.7/site-packages/airflow/example_dags/example_branch_day_of_week_operator.py for tasks to queue
[2025-01-29T23:54:13.730+0000] {logging_mixin.py:120} INFO - [2025-01-29T23:54:13.730+0000] {dagbag.py:537} INFO - Filling up the DagBag from /home/airflow/.local/lib/python3.7/site-packages/airflow/example_dags/example_branch_day_of_week_operator.py
[2025-01-29T23:54:13.756+0000] {processor.py:766} INFO - DAG(s) dict_keys(['example_weekday_branch_operator']) retrieved from /home/airflow/.local/lib/python3.7/site-packages/airflow/example_dags/example_branch_day_of_week_operator.py
[2025-01-29T23:54:13.821+0000] {logging_mixin.py:120} INFO - [2025-01-29T23:54:13.821+0000] {dag.py:2585} INFO - Sync 1 DAGs
[2025-01-29T23:54:13.859+0000] {logging_mixin.py:120} INFO - [2025-01-29T23:54:13.859+0000] {dag.py:3340} INFO - Setting next_dagrun for example_weekday_branch_operator to 2025-01-28T00:00:00+00:00, run_after=2025-01-29T00:00:00+00:00
[2025-01-29T23:54:13.893+0000] {processor.py:176} INFO - Processing /home/airflow/.local/lib/python3.7/site-packages/airflow/example_dags/example_branch_day_of_week_operator.py took 0.168 seconds
[2025-01-29T23:54:43.997+0000] {processor.py:154} INFO - Started process (PID=2817) to work on /home/airflow/.local/lib/python3.7/site-packages/airflow/example_dags/example_branch_day_of_week_operator.py
[2025-01-29T23:54:43.998+0000] {processor.py:756} INFO - Processing file /home/airflow/.local/lib/python3.7/site-packages/airflow/example_dags/example_branch_day_of_week_operator.py for tasks to queue
[2025-01-29T23:54:43.998+0000] {logging_mixin.py:120} INFO - [2025-01-29T23:54:43.998+0000] {dagbag.py:537} INFO - Filling up the DagBag from /home/airflow/.local/lib/python3.7/site-packages/airflow/example_dags/example_branch_day_of_week_operator.py
[2025-01-29T23:54:44.016+0000] {processor.py:766} INFO - DAG(s) dict_keys(['example_weekday_branch_operator']) retrieved from /home/airflow/.local/lib/python3.7/site-packages/airflow/example_dags/example_branch_day_of_week_operator.py
[2025-01-29T23:54:44.071+0000] {logging_mixin.py:120} INFO - [2025-01-29T23:54:44.071+0000] {dag.py:2585} INFO - Sync 1 DAGs
[2025-01-29T23:54:44.102+0000] {logging_mixin.py:120} INFO - [2025-01-29T23:54:44.102+0000] {dag.py:3340} INFO - Setting next_dagrun for example_weekday_branch_operator to 2025-01-28T00:00:00+00:00, run_after=2025-01-29T00:00:00+00:00
[2025-01-29T23:54:44.125+0000] {processor.py:176} INFO - Processing /home/airflow/.local/lib/python3.7/site-packages/airflow/example_dags/example_branch_day_of_week_operator.py took 0.132 seconds
[2025-01-29T23:55:14.751+0000] {processor.py:154} INFO - Started process (PID=2881) to work on /home/airflow/.local/lib/python3.7/site-packages/airflow/example_dags/example_branch_day_of_week_operator.py
[2025-01-29T23:55:14.752+0000] {processor.py:756} INFO - Processing file /home/airflow/.local/lib/python3.7/site-packages/airflow/example_dags/example_branch_day_of_week_operator.py for tasks to queue
[2025-01-29T23:55:14.752+0000] {logging_mixin.py:120} INFO - [2025-01-29T23:55:14.752+0000] {dagbag.py:537} INFO - Filling up the DagBag from /home/airflow/.local/lib/python3.7/site-packages/airflow/example_dags/example_branch_day_of_week_operator.py
[2025-01-29T23:55:14.768+0000] {processor.py:766} INFO - DAG(s) dict_keys(['example_weekday_branch_operator']) retrieved from /home/airflow/.local/lib/python3.7/site-packages/airflow/example_dags/example_branch_day_of_week_operator.py
[2025-01-29T23:55:14.838+0000] {logging_mixin.py:120} INFO - [2025-01-29T23:55:14.838+0000] {dag.py:2585} INFO - Sync 1 DAGs
[2025-01-29T23:55:14.880+0000] {logging_mixin.py:120} INFO - [2025-01-29T23:55:14.880+0000] {dag.py:3340} INFO - Setting next_dagrun for example_weekday_branch_operator to 2025-01-28T00:00:00+00:00, run_after=2025-01-29T00:00:00+00:00
[2025-01-29T23:55:14.904+0000] {processor.py:176} INFO - Processing /home/airflow/.local/lib/python3.7/site-packages/airflow/example_dags/example_branch_day_of_week_operator.py took 0.157 seconds
[2025-01-29T23:55:45.111+0000] {processor.py:154} INFO - Started process (PID=2945) to work on /home/airflow/.local/lib/python3.7/site-packages/airflow/example_dags/example_branch_day_of_week_operator.py
[2025-01-29T23:55:45.112+0000] {processor.py:756} INFO - Processing file /home/airflow/.local/lib/python3.7/site-packages/airflow/example_dags/example_branch_day_of_week_operator.py for tasks to queue
[2025-01-29T23:55:45.112+0000] {logging_mixin.py:120} INFO - [2025-01-29T23:55:45.112+0000] {dagbag.py:537} INFO - Filling up the DagBag from /home/airflow/.local/lib/python3.7/site-packages/airflow/example_dags/example_branch_day_of_week_operator.py
[2025-01-29T23:55:45.127+0000] {processor.py:766} INFO - DAG(s) dict_keys(['example_weekday_branch_operator']) retrieved from /home/airflow/.local/lib/python3.7/site-packages/airflow/example_dags/example_branch_day_of_week_operator.py
[2025-01-29T23:55:45.179+0000] {logging_mixin.py:120} INFO - [2025-01-29T23:55:45.179+0000] {dag.py:2585} INFO - Sync 1 DAGs
[2025-01-29T23:55:45.212+0000] {logging_mixin.py:120} INFO - [2025-01-29T23:55:45.211+0000] {dag.py:3340} INFO - Setting next_dagrun for example_weekday_branch_operator to 2025-01-28T00:00:00+00:00, run_after=2025-01-29T00:00:00+00:00
[2025-01-29T23:55:45.234+0000] {processor.py:176} INFO - Processing /home/airflow/.local/lib/python3.7/site-packages/airflow/example_dags/example_branch_day_of_week_operator.py took 0.126 seconds
[2025-01-29T23:56:15.337+0000] {processor.py:154} INFO - Started process (PID=3000) to work on /home/airflow/.local/lib/python3.7/site-packages/airflow/example_dags/example_branch_day_of_week_operator.py
[2025-01-29T23:56:15.338+0000] {processor.py:756} INFO - Processing file /home/airflow/.local/lib/python3.7/site-packages/airflow/example_dags/example_branch_day_of_week_operator.py for tasks to queue
[2025-01-29T23:56:15.339+0000] {logging_mixin.py:120} INFO - [2025-01-29T23:56:15.338+0000] {dagbag.py:537} INFO - Filling up the DagBag from /home/airflow/.local/lib/python3.7/site-packages/airflow/example_dags/example_branch_day_of_week_operator.py
[2025-01-29T23:56:15.354+0000] {processor.py:766} INFO - DAG(s) dict_keys(['example_weekday_branch_operator']) retrieved from /home/airflow/.local/lib/python3.7/site-packages/airflow/example_dags/example_branch_day_of_week_operator.py
[2025-01-29T23:56:15.407+0000] {logging_mixin.py:120} INFO - [2025-01-29T23:56:15.407+0000] {dag.py:2585} INFO - Sync 1 DAGs
[2025-01-29T23:56:15.438+0000] {logging_mixin.py:120} INFO - [2025-01-29T23:56:15.438+0000] {dag.py:3340} INFO - Setting next_dagrun for example_weekday_branch_operator to 2025-01-28T00:00:00+00:00, run_after=2025-01-29T00:00:00+00:00
[2025-01-29T23:56:15.460+0000] {processor.py:176} INFO - Processing /home/airflow/.local/lib/python3.7/site-packages/airflow/example_dags/example_branch_day_of_week_operator.py took 0.126 seconds
[2025-01-29T23:56:45.832+0000] {processor.py:154} INFO - Started process (PID=3064) to work on /home/airflow/.local/lib/python3.7/site-packages/airflow/example_dags/example_branch_day_of_week_operator.py
[2025-01-29T23:56:45.833+0000] {processor.py:756} INFO - Processing file /home/airflow/.local/lib/python3.7/site-packages/airflow/example_dags/example_branch_day_of_week_operator.py for tasks to queue
[2025-01-29T23:56:45.834+0000] {logging_mixin.py:120} INFO - [2025-01-29T23:56:45.834+0000] {dagbag.py:537} INFO - Filling up the DagBag from /home/airflow/.local/lib/python3.7/site-packages/airflow/example_dags/example_branch_day_of_week_operator.py
[2025-01-29T23:56:45.849+0000] {processor.py:766} INFO - DAG(s) dict_keys(['example_weekday_branch_operator']) retrieved from /home/airflow/.local/lib/python3.7/site-packages/airflow/example_dags/example_branch_day_of_week_operator.py
[2025-01-29T23:56:45.909+0000] {logging_mixin.py:120} INFO - [2025-01-29T23:56:45.909+0000] {dag.py:2585} INFO - Sync 1 DAGs
[2025-01-29T23:56:45.942+0000] {logging_mixin.py:120} INFO - [2025-01-29T23:56:45.942+0000] {dag.py:3340} INFO - Setting next_dagrun for example_weekday_branch_operator to 2025-01-28T00:00:00+00:00, run_after=2025-01-29T00:00:00+00:00
[2025-01-29T23:56:45.966+0000] {processor.py:176} INFO - Processing /home/airflow/.local/lib/python3.7/site-packages/airflow/example_dags/example_branch_day_of_week_operator.py took 0.137 seconds
[2025-01-29T23:57:16.145+0000] {processor.py:154} INFO - Started process (PID=3128) to work on /home/airflow/.local/lib/python3.7/site-packages/airflow/example_dags/example_branch_day_of_week_operator.py
[2025-01-29T23:57:16.146+0000] {processor.py:756} INFO - Processing file /home/airflow/.local/lib/python3.7/site-packages/airflow/example_dags/example_branch_day_of_week_operator.py for tasks to queue
[2025-01-29T23:57:16.147+0000] {logging_mixin.py:120} INFO - [2025-01-29T23:57:16.147+0000] {dagbag.py:537} INFO - Filling up the DagBag from /home/airflow/.local/lib/python3.7/site-packages/airflow/example_dags/example_branch_day_of_week_operator.py
[2025-01-29T23:57:16.164+0000] {processor.py:766} INFO - DAG(s) dict_keys(['example_weekday_branch_operator']) retrieved from /home/airflow/.local/lib/python3.7/site-packages/airflow/example_dags/example_branch_day_of_week_operator.py
[2025-01-29T23:57:16.219+0000] {logging_mixin.py:120} INFO - [2025-01-29T23:57:16.219+0000] {dag.py:2585} INFO - Sync 1 DAGs
[2025-01-29T23:57:16.252+0000] {logging_mixin.py:120} INFO - [2025-01-29T23:57:16.252+0000] {dag.py:3340} INFO - Setting next_dagrun for example_weekday_branch_operator to 2025-01-28T00:00:00+00:00, run_after=2025-01-29T00:00:00+00:00
[2025-01-29T23:57:16.274+0000] {processor.py:176} INFO - Processing /home/airflow/.local/lib/python3.7/site-packages/airflow/example_dags/example_branch_day_of_week_operator.py took 0.132 seconds
[2025-01-29T23:57:46.697+0000] {processor.py:154} INFO - Started process (PID=3183) to work on /home/airflow/.local/lib/python3.7/site-packages/airflow/example_dags/example_branch_day_of_week_operator.py
[2025-01-29T23:57:46.697+0000] {processor.py:756} INFO - Processing file /home/airflow/.local/lib/python3.7/site-packages/airflow/example_dags/example_branch_day_of_week_operator.py for tasks to queue
[2025-01-29T23:57:46.698+0000] {logging_mixin.py:120} INFO - [2025-01-29T23:57:46.698+0000] {dagbag.py:537} INFO - Filling up the DagBag from /home/airflow/.local/lib/python3.7/site-packages/airflow/example_dags/example_branch_day_of_week_operator.py
[2025-01-29T23:57:46.712+0000] {processor.py:766} INFO - DAG(s) dict_keys(['example_weekday_branch_operator']) retrieved from /home/airflow/.local/lib/python3.7/site-packages/airflow/example_dags/example_branch_day_of_week_operator.py
[2025-01-29T23:57:46.768+0000] {logging_mixin.py:120} INFO - [2025-01-29T23:57:46.768+0000] {dag.py:2585} INFO - Sync 1 DAGs
[2025-01-29T23:57:46.801+0000] {logging_mixin.py:120} INFO - [2025-01-29T23:57:46.801+0000] {dag.py:3340} INFO - Setting next_dagrun for example_weekday_branch_operator to 2025-01-28T00:00:00+00:00, run_after=2025-01-29T00:00:00+00:00
[2025-01-29T23:57:46.833+0000] {processor.py:176} INFO - Processing /home/airflow/.local/lib/python3.7/site-packages/airflow/example_dags/example_branch_day_of_week_operator.py took 0.139 seconds
[2025-01-29T23:58:17.282+0000] {processor.py:154} INFO - Started process (PID=3247) to work on /home/airflow/.local/lib/python3.7/site-packages/airflow/example_dags/example_branch_day_of_week_operator.py
[2025-01-29T23:58:17.283+0000] {processor.py:756} INFO - Processing file /home/airflow/.local/lib/python3.7/site-packages/airflow/example_dags/example_branch_day_of_week_operator.py for tasks to queue
[2025-01-29T23:58:17.284+0000] {logging_mixin.py:120} INFO - [2025-01-29T23:58:17.284+0000] {dagbag.py:537} INFO - Filling up the DagBag from /home/airflow/.local/lib/python3.7/site-packages/airflow/example_dags/example_branch_day_of_week_operator.py
[2025-01-29T23:58:17.299+0000] {processor.py:766} INFO - DAG(s) dict_keys(['example_weekday_branch_operator']) retrieved from /home/airflow/.local/lib/python3.7/site-packages/airflow/example_dags/example_branch_day_of_week_operator.py
[2025-01-29T23:58:17.353+0000] {logging_mixin.py:120} INFO - [2025-01-29T23:58:17.353+0000] {dag.py:2585} INFO - Sync 1 DAGs
[2025-01-29T23:58:17.389+0000] {logging_mixin.py:120} INFO - [2025-01-29T23:58:17.388+0000] {dag.py:3340} INFO - Setting next_dagrun for example_weekday_branch_operator to 2025-01-28T00:00:00+00:00, run_after=2025-01-29T00:00:00+00:00
[2025-01-29T23:58:17.412+0000] {processor.py:176} INFO - Processing /home/airflow/.local/lib/python3.7/site-packages/airflow/example_dags/example_branch_day_of_week_operator.py took 0.132 seconds
[2025-01-29T23:58:47.607+0000] {processor.py:154} INFO - Started process (PID=3311) to work on /home/airflow/.local/lib/python3.7/site-packages/airflow/example_dags/example_branch_day_of_week_operator.py
[2025-01-29T23:58:47.608+0000] {processor.py:756} INFO - Processing file /home/airflow/.local/lib/python3.7/site-packages/airflow/example_dags/example_branch_day_of_week_operator.py for tasks to queue
[2025-01-29T23:58:47.609+0000] {logging_mixin.py:120} INFO - [2025-01-29T23:58:47.609+0000] {dagbag.py:537} INFO - Filling up the DagBag from /home/airflow/.local/lib/python3.7/site-packages/airflow/example_dags/example_branch_day_of_week_operator.py
[2025-01-29T23:58:47.627+0000] {processor.py:766} INFO - DAG(s) dict_keys(['example_weekday_branch_operator']) retrieved from /home/airflow/.local/lib/python3.7/site-packages/airflow/example_dags/example_branch_day_of_week_operator.py
[2025-01-29T23:58:47.725+0000] {logging_mixin.py:120} INFO - [2025-01-29T23:58:47.725+0000] {dag.py:2585} INFO - Sync 1 DAGs
[2025-01-29T23:58:47.761+0000] {logging_mixin.py:120} INFO - [2025-01-29T23:58:47.761+0000] {dag.py:3340} INFO - Setting next_dagrun for example_weekday_branch_operator to 2025-01-28T00:00:00+00:00, run_after=2025-01-29T00:00:00+00:00
[2025-01-29T23:58:47.786+0000] {processor.py:176} INFO - Processing /home/airflow/.local/lib/python3.7/site-packages/airflow/example_dags/example_branch_day_of_week_operator.py took 0.182 seconds
[2025-01-29T23:59:18.241+0000] {processor.py:154} INFO - Started process (PID=3366) to work on /home/airflow/.local/lib/python3.7/site-packages/airflow/example_dags/example_branch_day_of_week_operator.py
[2025-01-29T23:59:18.243+0000] {processor.py:756} INFO - Processing file /home/airflow/.local/lib/python3.7/site-packages/airflow/example_dags/example_branch_day_of_week_operator.py for tasks to queue
[2025-01-29T23:59:18.243+0000] {logging_mixin.py:120} INFO - [2025-01-29T23:59:18.243+0000] {dagbag.py:537} INFO - Filling up the DagBag from /home/airflow/.local/lib/python3.7/site-packages/airflow/example_dags/example_branch_day_of_week_operator.py
[2025-01-29T23:59:18.265+0000] {processor.py:766} INFO - DAG(s) dict_keys(['example_weekday_branch_operator']) retrieved from /home/airflow/.local/lib/python3.7/site-packages/airflow/example_dags/example_branch_day_of_week_operator.py
[2025-01-29T23:59:18.321+0000] {logging_mixin.py:120} INFO - [2025-01-29T23:59:18.321+0000] {dag.py:2585} INFO - Sync 1 DAGs
[2025-01-29T23:59:18.355+0000] {logging_mixin.py:120} INFO - [2025-01-29T23:59:18.355+0000] {dag.py:3340} INFO - Setting next_dagrun for example_weekday_branch_operator to 2025-01-28T00:00:00+00:00, run_after=2025-01-29T00:00:00+00:00
[2025-01-29T23:59:18.379+0000] {processor.py:176} INFO - Processing /home/airflow/.local/lib/python3.7/site-packages/airflow/example_dags/example_branch_day_of_week_operator.py took 0.140 seconds
[2025-01-29T23:59:48.839+0000] {processor.py:154} INFO - Started process (PID=3430) to work on /home/airflow/.local/lib/python3.7/site-packages/airflow/example_dags/example_branch_day_of_week_operator.py
[2025-01-29T23:59:48.840+0000] {processor.py:756} INFO - Processing file /home/airflow/.local/lib/python3.7/site-packages/airflow/example_dags/example_branch_day_of_week_operator.py for tasks to queue
[2025-01-29T23:59:48.841+0000] {logging_mixin.py:120} INFO - [2025-01-29T23:59:48.841+0000] {dagbag.py:537} INFO - Filling up the DagBag from /home/airflow/.local/lib/python3.7/site-packages/airflow/example_dags/example_branch_day_of_week_operator.py
[2025-01-29T23:59:48.857+0000] {processor.py:766} INFO - DAG(s) dict_keys(['example_weekday_branch_operator']) retrieved from /home/airflow/.local/lib/python3.7/site-packages/airflow/example_dags/example_branch_day_of_week_operator.py
[2025-01-29T23:59:48.922+0000] {logging_mixin.py:120} INFO - [2025-01-29T23:59:48.921+0000] {dag.py:2585} INFO - Sync 1 DAGs
[2025-01-29T23:59:48.955+0000] {logging_mixin.py:120} INFO - [2025-01-29T23:59:48.955+0000] {dag.py:3340} INFO - Setting next_dagrun for example_weekday_branch_operator to 2025-01-28T00:00:00+00:00, run_after=2025-01-29T00:00:00+00:00
[2025-01-29T23:59:48.980+0000] {processor.py:176} INFO - Processing /home/airflow/.local/lib/python3.7/site-packages/airflow/example_dags/example_branch_day_of_week_operator.py took 0.145 seconds
