[2025-01-29T23:31:46.987+0000] {processor.py:154} INFO - Started process (PID=56) to work on /home/airflow/.local/lib/python3.7/site-packages/airflow/example_dags/example_task_group_decorator.py
[2025-01-29T23:31:46.988+0000] {processor.py:756} INFO - Processing file /home/airflow/.local/lib/python3.7/site-packages/airflow/example_dags/example_task_group_decorator.py for tasks to queue
[2025-01-29T23:31:46.989+0000] {logging_mixin.py:120} INFO - [2025-01-29T23:31:46.989+0000] {dagbag.py:537} INFO - Filling up the DagBag from /home/airflow/.local/lib/python3.7/site-packages/airflow/example_dags/example_task_group_decorator.py
[2025-01-29T23:31:47.043+0000] {processor.py:766} INFO - DAG(s) dict_keys(['example_task_group_decorator']) retrieved from /home/airflow/.local/lib/python3.7/site-packages/airflow/example_dags/example_task_group_decorator.py
[2025-01-29T23:31:47.267+0000] {logging_mixin.py:120} INFO - [2025-01-29T23:31:47.267+0000] {manager.py:507} INFO - Created Permission View: can read on DAG:example_task_group_decorator
[2025-01-29T23:31:47.283+0000] {logging_mixin.py:120} INFO - [2025-01-29T23:31:47.283+0000] {manager.py:507} INFO - Created Permission View: can delete on DAG:example_task_group_decorator
[2025-01-29T23:31:47.296+0000] {logging_mixin.py:120} INFO - [2025-01-29T23:31:47.295+0000] {manager.py:507} INFO - Created Permission View: can edit on DAG:example_task_group_decorator
[2025-01-29T23:31:47.296+0000] {logging_mixin.py:120} INFO - [2025-01-29T23:31:47.296+0000] {dag.py:2585} INFO - Sync 1 DAGs
[2025-01-29T23:31:47.323+0000] {logging_mixin.py:120} INFO - [2025-01-29T23:31:47.323+0000] {dag.py:2606} INFO - Creating ORM DAG for example_task_group_decorator
[2025-01-29T23:31:47.348+0000] {logging_mixin.py:120} INFO - [2025-01-29T23:31:47.348+0000] {dag.py:3340} INFO - Setting next_dagrun for example_task_group_decorator to 2025-01-28T23:31:47.347703+00:00, run_after=2025-01-29T23:31:47.347703+00:00
[2025-01-29T23:31:47.383+0000] {processor.py:176} INFO - Processing /home/airflow/.local/lib/python3.7/site-packages/airflow/example_dags/example_task_group_decorator.py took 0.400 seconds
[2025-01-29T23:32:17.695+0000] {processor.py:154} INFO - Started process (PID=111) to work on /home/airflow/.local/lib/python3.7/site-packages/airflow/example_dags/example_task_group_decorator.py
[2025-01-29T23:32:17.696+0000] {processor.py:756} INFO - Processing file /home/airflow/.local/lib/python3.7/site-packages/airflow/example_dags/example_task_group_decorator.py for tasks to queue
[2025-01-29T23:32:17.697+0000] {logging_mixin.py:120} INFO - [2025-01-29T23:32:17.697+0000] {dagbag.py:537} INFO - Filling up the DagBag from /home/airflow/.local/lib/python3.7/site-packages/airflow/example_dags/example_task_group_decorator.py
[2025-01-29T23:32:17.723+0000] {processor.py:766} INFO - DAG(s) dict_keys(['example_task_group_decorator']) retrieved from /home/airflow/.local/lib/python3.7/site-packages/airflow/example_dags/example_task_group_decorator.py
[2025-01-29T23:32:17.784+0000] {logging_mixin.py:120} INFO - [2025-01-29T23:32:17.784+0000] {dag.py:2585} INFO - Sync 1 DAGs
[2025-01-29T23:32:17.819+0000] {logging_mixin.py:120} INFO - [2025-01-29T23:32:17.819+0000] {dag.py:3340} INFO - Setting next_dagrun for example_task_group_decorator to 2025-01-28T23:32:17.819023+00:00, run_after=2025-01-29T23:32:17.819023+00:00
[2025-01-29T23:32:17.843+0000] {processor.py:176} INFO - Processing /home/airflow/.local/lib/python3.7/site-packages/airflow/example_dags/example_task_group_decorator.py took 0.151 seconds
[2025-01-29T23:32:48.635+0000] {processor.py:154} INFO - Started process (PID=176) to work on /home/airflow/.local/lib/python3.7/site-packages/airflow/example_dags/example_task_group_decorator.py
[2025-01-29T23:32:48.636+0000] {processor.py:756} INFO - Processing file /home/airflow/.local/lib/python3.7/site-packages/airflow/example_dags/example_task_group_decorator.py for tasks to queue
[2025-01-29T23:32:48.637+0000] {logging_mixin.py:120} INFO - [2025-01-29T23:32:48.637+0000] {dagbag.py:537} INFO - Filling up the DagBag from /home/airflow/.local/lib/python3.7/site-packages/airflow/example_dags/example_task_group_decorator.py
[2025-01-29T23:32:48.665+0000] {processor.py:766} INFO - DAG(s) dict_keys(['example_task_group_decorator']) retrieved from /home/airflow/.local/lib/python3.7/site-packages/airflow/example_dags/example_task_group_decorator.py
[2025-01-29T23:32:48.727+0000] {logging_mixin.py:120} INFO - [2025-01-29T23:32:48.727+0000] {dag.py:2585} INFO - Sync 1 DAGs
[2025-01-29T23:32:48.763+0000] {logging_mixin.py:120} INFO - [2025-01-29T23:32:48.763+0000] {dag.py:3340} INFO - Setting next_dagrun for example_task_group_decorator to 2025-01-28T23:32:48.762982+00:00, run_after=2025-01-29T23:32:48.762982+00:00
[2025-01-29T23:32:48.791+0000] {processor.py:176} INFO - Processing /home/airflow/.local/lib/python3.7/site-packages/airflow/example_dags/example_task_group_decorator.py took 0.158 seconds
[2025-01-29T23:33:18.958+0000] {processor.py:154} INFO - Started process (PID=240) to work on /home/airflow/.local/lib/python3.7/site-packages/airflow/example_dags/example_task_group_decorator.py
[2025-01-29T23:33:18.959+0000] {processor.py:756} INFO - Processing file /home/airflow/.local/lib/python3.7/site-packages/airflow/example_dags/example_task_group_decorator.py for tasks to queue
[2025-01-29T23:33:18.960+0000] {logging_mixin.py:120} INFO - [2025-01-29T23:33:18.960+0000] {dagbag.py:537} INFO - Filling up the DagBag from /home/airflow/.local/lib/python3.7/site-packages/airflow/example_dags/example_task_group_decorator.py
[2025-01-29T23:33:18.993+0000] {processor.py:766} INFO - DAG(s) dict_keys(['example_task_group_decorator']) retrieved from /home/airflow/.local/lib/python3.7/site-packages/airflow/example_dags/example_task_group_decorator.py
[2025-01-29T23:33:19.054+0000] {logging_mixin.py:120} INFO - [2025-01-29T23:33:19.054+0000] {dag.py:2585} INFO - Sync 1 DAGs
[2025-01-29T23:33:19.088+0000] {logging_mixin.py:120} INFO - [2025-01-29T23:33:19.088+0000] {dag.py:3340} INFO - Setting next_dagrun for example_task_group_decorator to 2025-01-28T23:33:19.087857+00:00, run_after=2025-01-29T23:33:19.087857+00:00
[2025-01-29T23:33:19.114+0000] {processor.py:176} INFO - Processing /home/airflow/.local/lib/python3.7/site-packages/airflow/example_dags/example_task_group_decorator.py took 0.161 seconds
[2025-01-29T23:33:49.456+0000] {processor.py:154} INFO - Started process (PID=304) to work on /home/airflow/.local/lib/python3.7/site-packages/airflow/example_dags/example_task_group_decorator.py
[2025-01-29T23:33:49.458+0000] {processor.py:756} INFO - Processing file /home/airflow/.local/lib/python3.7/site-packages/airflow/example_dags/example_task_group_decorator.py for tasks to queue
[2025-01-29T23:33:49.458+0000] {logging_mixin.py:120} INFO - [2025-01-29T23:33:49.458+0000] {dagbag.py:537} INFO - Filling up the DagBag from /home/airflow/.local/lib/python3.7/site-packages/airflow/example_dags/example_task_group_decorator.py
[2025-01-29T23:33:49.485+0000] {processor.py:766} INFO - DAG(s) dict_keys(['example_task_group_decorator']) retrieved from /home/airflow/.local/lib/python3.7/site-packages/airflow/example_dags/example_task_group_decorator.py
[2025-01-29T23:33:49.544+0000] {logging_mixin.py:120} INFO - [2025-01-29T23:33:49.543+0000] {dag.py:2585} INFO - Sync 1 DAGs
[2025-01-29T23:33:49.578+0000] {logging_mixin.py:120} INFO - [2025-01-29T23:33:49.578+0000] {dag.py:3340} INFO - Setting next_dagrun for example_task_group_decorator to 2025-01-28T23:33:49.578332+00:00, run_after=2025-01-29T23:33:49.578332+00:00
[2025-01-29T23:33:49.610+0000] {processor.py:176} INFO - Processing /home/airflow/.local/lib/python3.7/site-packages/airflow/example_dags/example_task_group_decorator.py took 0.157 seconds
[2025-01-29T23:34:19.758+0000] {processor.py:154} INFO - Started process (PID=359) to work on /home/airflow/.local/lib/python3.7/site-packages/airflow/example_dags/example_task_group_decorator.py
[2025-01-29T23:34:19.760+0000] {processor.py:756} INFO - Processing file /home/airflow/.local/lib/python3.7/site-packages/airflow/example_dags/example_task_group_decorator.py for tasks to queue
[2025-01-29T23:34:19.761+0000] {logging_mixin.py:120} INFO - [2025-01-29T23:34:19.760+0000] {dagbag.py:537} INFO - Filling up the DagBag from /home/airflow/.local/lib/python3.7/site-packages/airflow/example_dags/example_task_group_decorator.py
[2025-01-29T23:34:19.788+0000] {processor.py:766} INFO - DAG(s) dict_keys(['example_task_group_decorator']) retrieved from /home/airflow/.local/lib/python3.7/site-packages/airflow/example_dags/example_task_group_decorator.py
[2025-01-29T23:34:19.849+0000] {logging_mixin.py:120} INFO - [2025-01-29T23:34:19.849+0000] {dag.py:2585} INFO - Sync 1 DAGs
[2025-01-29T23:34:19.881+0000] {logging_mixin.py:120} INFO - [2025-01-29T23:34:19.881+0000] {dag.py:3340} INFO - Setting next_dagrun for example_task_group_decorator to 2025-01-28T23:34:19.881196+00:00, run_after=2025-01-29T23:34:19.881196+00:00
[2025-01-29T23:34:19.905+0000] {processor.py:176} INFO - Processing /home/airflow/.local/lib/python3.7/site-packages/airflow/example_dags/example_task_group_decorator.py took 0.152 seconds
[2025-01-29T23:34:50.303+0000] {processor.py:154} INFO - Started process (PID=422) to work on /home/airflow/.local/lib/python3.7/site-packages/airflow/example_dags/example_task_group_decorator.py
[2025-01-29T23:34:50.304+0000] {processor.py:756} INFO - Processing file /home/airflow/.local/lib/python3.7/site-packages/airflow/example_dags/example_task_group_decorator.py for tasks to queue
[2025-01-29T23:34:50.305+0000] {logging_mixin.py:120} INFO - [2025-01-29T23:34:50.305+0000] {dagbag.py:537} INFO - Filling up the DagBag from /home/airflow/.local/lib/python3.7/site-packages/airflow/example_dags/example_task_group_decorator.py
[2025-01-29T23:34:50.333+0000] {processor.py:766} INFO - DAG(s) dict_keys(['example_task_group_decorator']) retrieved from /home/airflow/.local/lib/python3.7/site-packages/airflow/example_dags/example_task_group_decorator.py
[2025-01-29T23:34:50.391+0000] {logging_mixin.py:120} INFO - [2025-01-29T23:34:50.391+0000] {dag.py:2585} INFO - Sync 1 DAGs
[2025-01-29T23:34:50.427+0000] {logging_mixin.py:120} INFO - [2025-01-29T23:34:50.427+0000] {dag.py:3340} INFO - Setting next_dagrun for example_task_group_decorator to 2025-01-28T23:34:50.427547+00:00, run_after=2025-01-29T23:34:50.427547+00:00
[2025-01-29T23:34:50.454+0000] {processor.py:176} INFO - Processing /home/airflow/.local/lib/python3.7/site-packages/airflow/example_dags/example_task_group_decorator.py took 0.154 seconds
[2025-01-29T23:35:20.633+0000] {processor.py:154} INFO - Started process (PID=486) to work on /home/airflow/.local/lib/python3.7/site-packages/airflow/example_dags/example_task_group_decorator.py
[2025-01-29T23:35:20.634+0000] {processor.py:756} INFO - Processing file /home/airflow/.local/lib/python3.7/site-packages/airflow/example_dags/example_task_group_decorator.py for tasks to queue
[2025-01-29T23:35:20.634+0000] {logging_mixin.py:120} INFO - [2025-01-29T23:35:20.634+0000] {dagbag.py:537} INFO - Filling up the DagBag from /home/airflow/.local/lib/python3.7/site-packages/airflow/example_dags/example_task_group_decorator.py
[2025-01-29T23:35:20.662+0000] {processor.py:766} INFO - DAG(s) dict_keys(['example_task_group_decorator']) retrieved from /home/airflow/.local/lib/python3.7/site-packages/airflow/example_dags/example_task_group_decorator.py
[2025-01-29T23:35:20.723+0000] {logging_mixin.py:120} INFO - [2025-01-29T23:35:20.723+0000] {dag.py:2585} INFO - Sync 1 DAGs
[2025-01-29T23:35:20.756+0000] {logging_mixin.py:120} INFO - [2025-01-29T23:35:20.756+0000] {dag.py:3340} INFO - Setting next_dagrun for example_task_group_decorator to 2025-01-28T23:35:20.756340+00:00, run_after=2025-01-29T23:35:20.756340+00:00
[2025-01-29T23:35:20.783+0000] {processor.py:176} INFO - Processing /home/airflow/.local/lib/python3.7/site-packages/airflow/example_dags/example_task_group_decorator.py took 0.153 seconds
[2025-01-29T23:35:51.724+0000] {processor.py:154} INFO - Started process (PID=541) to work on /home/airflow/.local/lib/python3.7/site-packages/airflow/example_dags/example_task_group_decorator.py
[2025-01-29T23:35:51.725+0000] {processor.py:756} INFO - Processing file /home/airflow/.local/lib/python3.7/site-packages/airflow/example_dags/example_task_group_decorator.py for tasks to queue
[2025-01-29T23:35:51.726+0000] {logging_mixin.py:120} INFO - [2025-01-29T23:35:51.725+0000] {dagbag.py:537} INFO - Filling up the DagBag from /home/airflow/.local/lib/python3.7/site-packages/airflow/example_dags/example_task_group_decorator.py
[2025-01-29T23:35:51.754+0000] {processor.py:766} INFO - DAG(s) dict_keys(['example_task_group_decorator']) retrieved from /home/airflow/.local/lib/python3.7/site-packages/airflow/example_dags/example_task_group_decorator.py
[2025-01-29T23:35:51.799+0000] {logging_mixin.py:120} INFO - [2025-01-29T23:35:51.799+0000] {dag.py:2585} INFO - Sync 1 DAGs
[2025-01-29T23:35:51.847+0000] {logging_mixin.py:120} INFO - [2025-01-29T23:35:51.847+0000] {dag.py:3340} INFO - Setting next_dagrun for example_task_group_decorator to 2025-01-28T23:35:51.847229+00:00, run_after=2025-01-29T23:35:51.847229+00:00
[2025-01-29T23:35:51.967+0000] {processor.py:176} INFO - Processing /home/airflow/.local/lib/python3.7/site-packages/airflow/example_dags/example_task_group_decorator.py took 0.247 seconds
[2025-01-29T23:36:22.006+0000] {processor.py:154} INFO - Started process (PID=605) to work on /home/airflow/.local/lib/python3.7/site-packages/airflow/example_dags/example_task_group_decorator.py
[2025-01-29T23:36:22.006+0000] {processor.py:756} INFO - Processing file /home/airflow/.local/lib/python3.7/site-packages/airflow/example_dags/example_task_group_decorator.py for tasks to queue
[2025-01-29T23:36:22.007+0000] {logging_mixin.py:120} INFO - [2025-01-29T23:36:22.007+0000] {dagbag.py:537} INFO - Filling up the DagBag from /home/airflow/.local/lib/python3.7/site-packages/airflow/example_dags/example_task_group_decorator.py
[2025-01-29T23:36:22.034+0000] {processor.py:766} INFO - DAG(s) dict_keys(['example_task_group_decorator']) retrieved from /home/airflow/.local/lib/python3.7/site-packages/airflow/example_dags/example_task_group_decorator.py
[2025-01-29T23:36:22.093+0000] {logging_mixin.py:120} INFO - [2025-01-29T23:36:22.093+0000] {dag.py:2585} INFO - Sync 1 DAGs
[2025-01-29T23:36:22.125+0000] {logging_mixin.py:120} INFO - [2025-01-29T23:36:22.125+0000] {dag.py:3340} INFO - Setting next_dagrun for example_task_group_decorator to 2025-01-28T23:36:22.125275+00:00, run_after=2025-01-29T23:36:22.125275+00:00
[2025-01-29T23:36:22.151+0000] {processor.py:176} INFO - Processing /home/airflow/.local/lib/python3.7/site-packages/airflow/example_dags/example_task_group_decorator.py took 0.149 seconds
[2025-01-29T23:36:52.480+0000] {processor.py:154} INFO - Started process (PID=669) to work on /home/airflow/.local/lib/python3.7/site-packages/airflow/example_dags/example_task_group_decorator.py
[2025-01-29T23:36:52.481+0000] {processor.py:756} INFO - Processing file /home/airflow/.local/lib/python3.7/site-packages/airflow/example_dags/example_task_group_decorator.py for tasks to queue
[2025-01-29T23:36:52.482+0000] {logging_mixin.py:120} INFO - [2025-01-29T23:36:52.482+0000] {dagbag.py:537} INFO - Filling up the DagBag from /home/airflow/.local/lib/python3.7/site-packages/airflow/example_dags/example_task_group_decorator.py
[2025-01-29T23:36:52.507+0000] {processor.py:766} INFO - DAG(s) dict_keys(['example_task_group_decorator']) retrieved from /home/airflow/.local/lib/python3.7/site-packages/airflow/example_dags/example_task_group_decorator.py
[2025-01-29T23:36:52.564+0000] {logging_mixin.py:120} INFO - [2025-01-29T23:36:52.564+0000] {dag.py:2585} INFO - Sync 1 DAGs
[2025-01-29T23:36:52.601+0000] {logging_mixin.py:120} INFO - [2025-01-29T23:36:52.600+0000] {dag.py:3340} INFO - Setting next_dagrun for example_task_group_decorator to 2025-01-28T23:36:52.600746+00:00, run_after=2025-01-29T23:36:52.600746+00:00
[2025-01-29T23:36:52.624+0000] {processor.py:176} INFO - Processing /home/airflow/.local/lib/python3.7/site-packages/airflow/example_dags/example_task_group_decorator.py took 0.146 seconds
[2025-01-29T23:37:23.272+0000] {processor.py:154} INFO - Started process (PID=724) to work on /home/airflow/.local/lib/python3.7/site-packages/airflow/example_dags/example_task_group_decorator.py
[2025-01-29T23:37:23.273+0000] {processor.py:756} INFO - Processing file /home/airflow/.local/lib/python3.7/site-packages/airflow/example_dags/example_task_group_decorator.py for tasks to queue
[2025-01-29T23:37:23.274+0000] {logging_mixin.py:120} INFO - [2025-01-29T23:37:23.274+0000] {dagbag.py:537} INFO - Filling up the DagBag from /home/airflow/.local/lib/python3.7/site-packages/airflow/example_dags/example_task_group_decorator.py
[2025-01-29T23:37:23.299+0000] {processor.py:766} INFO - DAG(s) dict_keys(['example_task_group_decorator']) retrieved from /home/airflow/.local/lib/python3.7/site-packages/airflow/example_dags/example_task_group_decorator.py
[2025-01-29T23:37:23.356+0000] {logging_mixin.py:120} INFO - [2025-01-29T23:37:23.356+0000] {dag.py:2585} INFO - Sync 1 DAGs
[2025-01-29T23:37:23.401+0000] {logging_mixin.py:120} INFO - [2025-01-29T23:37:23.401+0000] {dag.py:3340} INFO - Setting next_dagrun for example_task_group_decorator to 2025-01-28T23:37:23.401154+00:00, run_after=2025-01-29T23:37:23.401154+00:00
[2025-01-29T23:37:23.432+0000] {processor.py:176} INFO - Processing /home/airflow/.local/lib/python3.7/site-packages/airflow/example_dags/example_task_group_decorator.py took 0.163 seconds
[2025-01-29T23:37:53.486+0000] {processor.py:154} INFO - Started process (PID=788) to work on /home/airflow/.local/lib/python3.7/site-packages/airflow/example_dags/example_task_group_decorator.py
[2025-01-29T23:37:53.487+0000] {processor.py:756} INFO - Processing file /home/airflow/.local/lib/python3.7/site-packages/airflow/example_dags/example_task_group_decorator.py for tasks to queue
[2025-01-29T23:37:53.488+0000] {logging_mixin.py:120} INFO - [2025-01-29T23:37:53.487+0000] {dagbag.py:537} INFO - Filling up the DagBag from /home/airflow/.local/lib/python3.7/site-packages/airflow/example_dags/example_task_group_decorator.py
[2025-01-29T23:37:53.513+0000] {processor.py:766} INFO - DAG(s) dict_keys(['example_task_group_decorator']) retrieved from /home/airflow/.local/lib/python3.7/site-packages/airflow/example_dags/example_task_group_decorator.py
[2025-01-29T23:37:53.570+0000] {logging_mixin.py:120} INFO - [2025-01-29T23:37:53.570+0000] {dag.py:2585} INFO - Sync 1 DAGs
[2025-01-29T23:37:53.602+0000] {logging_mixin.py:120} INFO - [2025-01-29T23:37:53.602+0000] {dag.py:3340} INFO - Setting next_dagrun for example_task_group_decorator to 2025-01-28T23:37:53.602045+00:00, run_after=2025-01-29T23:37:53.602045+00:00
[2025-01-29T23:37:53.627+0000] {processor.py:176} INFO - Processing /home/airflow/.local/lib/python3.7/site-packages/airflow/example_dags/example_task_group_decorator.py took 0.144 seconds
[2025-01-29T23:38:24.264+0000] {processor.py:154} INFO - Started process (PID=852) to work on /home/airflow/.local/lib/python3.7/site-packages/airflow/example_dags/example_task_group_decorator.py
[2025-01-29T23:38:24.265+0000] {processor.py:756} INFO - Processing file /home/airflow/.local/lib/python3.7/site-packages/airflow/example_dags/example_task_group_decorator.py for tasks to queue
[2025-01-29T23:38:24.266+0000] {logging_mixin.py:120} INFO - [2025-01-29T23:38:24.266+0000] {dagbag.py:537} INFO - Filling up the DagBag from /home/airflow/.local/lib/python3.7/site-packages/airflow/example_dags/example_task_group_decorator.py
[2025-01-29T23:38:24.293+0000] {processor.py:766} INFO - DAG(s) dict_keys(['example_task_group_decorator']) retrieved from /home/airflow/.local/lib/python3.7/site-packages/airflow/example_dags/example_task_group_decorator.py
[2025-01-29T23:38:24.348+0000] {logging_mixin.py:120} INFO - [2025-01-29T23:38:24.348+0000] {dag.py:2585} INFO - Sync 1 DAGs
[2025-01-29T23:38:24.384+0000] {logging_mixin.py:120} INFO - [2025-01-29T23:38:24.384+0000] {dag.py:3340} INFO - Setting next_dagrun for example_task_group_decorator to 2025-01-28T23:38:24.384330+00:00, run_after=2025-01-29T23:38:24.384330+00:00
[2025-01-29T23:38:24.409+0000] {processor.py:176} INFO - Processing /home/airflow/.local/lib/python3.7/site-packages/airflow/example_dags/example_task_group_decorator.py took 0.147 seconds
[2025-01-29T23:38:54.564+0000] {processor.py:154} INFO - Started process (PID=907) to work on /home/airflow/.local/lib/python3.7/site-packages/airflow/example_dags/example_task_group_decorator.py
[2025-01-29T23:38:54.565+0000] {processor.py:756} INFO - Processing file /home/airflow/.local/lib/python3.7/site-packages/airflow/example_dags/example_task_group_decorator.py for tasks to queue
[2025-01-29T23:38:54.566+0000] {logging_mixin.py:120} INFO - [2025-01-29T23:38:54.566+0000] {dagbag.py:537} INFO - Filling up the DagBag from /home/airflow/.local/lib/python3.7/site-packages/airflow/example_dags/example_task_group_decorator.py
[2025-01-29T23:38:54.601+0000] {processor.py:766} INFO - DAG(s) dict_keys(['example_task_group_decorator']) retrieved from /home/airflow/.local/lib/python3.7/site-packages/airflow/example_dags/example_task_group_decorator.py
[2025-01-29T23:38:54.655+0000] {logging_mixin.py:120} INFO - [2025-01-29T23:38:54.654+0000] {dag.py:2585} INFO - Sync 1 DAGs
[2025-01-29T23:38:54.687+0000] {logging_mixin.py:120} INFO - [2025-01-29T23:38:54.687+0000] {dag.py:3340} INFO - Setting next_dagrun for example_task_group_decorator to 2025-01-28T23:38:54.687010+00:00, run_after=2025-01-29T23:38:54.687010+00:00
[2025-01-29T23:38:54.711+0000] {processor.py:176} INFO - Processing /home/airflow/.local/lib/python3.7/site-packages/airflow/example_dags/example_task_group_decorator.py took 0.150 seconds
[2025-01-29T23:39:25.281+0000] {processor.py:154} INFO - Started process (PID=971) to work on /home/airflow/.local/lib/python3.7/site-packages/airflow/example_dags/example_task_group_decorator.py
[2025-01-29T23:39:25.283+0000] {processor.py:756} INFO - Processing file /home/airflow/.local/lib/python3.7/site-packages/airflow/example_dags/example_task_group_decorator.py for tasks to queue
[2025-01-29T23:39:25.284+0000] {logging_mixin.py:120} INFO - [2025-01-29T23:39:25.284+0000] {dagbag.py:537} INFO - Filling up the DagBag from /home/airflow/.local/lib/python3.7/site-packages/airflow/example_dags/example_task_group_decorator.py
[2025-01-29T23:39:25.311+0000] {processor.py:766} INFO - DAG(s) dict_keys(['example_task_group_decorator']) retrieved from /home/airflow/.local/lib/python3.7/site-packages/airflow/example_dags/example_task_group_decorator.py
[2025-01-29T23:39:25.368+0000] {logging_mixin.py:120} INFO - [2025-01-29T23:39:25.368+0000] {dag.py:2585} INFO - Sync 1 DAGs
[2025-01-29T23:39:25.400+0000] {logging_mixin.py:120} INFO - [2025-01-29T23:39:25.400+0000] {dag.py:3340} INFO - Setting next_dagrun for example_task_group_decorator to 2025-01-28T23:39:25.400072+00:00, run_after=2025-01-29T23:39:25.400072+00:00
[2025-01-29T23:39:25.425+0000] {processor.py:176} INFO - Processing /home/airflow/.local/lib/python3.7/site-packages/airflow/example_dags/example_task_group_decorator.py took 0.147 seconds
[2025-01-29T23:39:56.048+0000] {processor.py:154} INFO - Started process (PID=1035) to work on /home/airflow/.local/lib/python3.7/site-packages/airflow/example_dags/example_task_group_decorator.py
[2025-01-29T23:39:56.050+0000] {processor.py:756} INFO - Processing file /home/airflow/.local/lib/python3.7/site-packages/airflow/example_dags/example_task_group_decorator.py for tasks to queue
[2025-01-29T23:39:56.050+0000] {logging_mixin.py:120} INFO - [2025-01-29T23:39:56.050+0000] {dagbag.py:537} INFO - Filling up the DagBag from /home/airflow/.local/lib/python3.7/site-packages/airflow/example_dags/example_task_group_decorator.py
[2025-01-29T23:39:56.079+0000] {processor.py:766} INFO - DAG(s) dict_keys(['example_task_group_decorator']) retrieved from /home/airflow/.local/lib/python3.7/site-packages/airflow/example_dags/example_task_group_decorator.py
[2025-01-29T23:39:56.148+0000] {logging_mixin.py:120} INFO - [2025-01-29T23:39:56.148+0000] {dag.py:2585} INFO - Sync 1 DAGs
[2025-01-29T23:39:56.183+0000] {logging_mixin.py:120} INFO - [2025-01-29T23:39:56.183+0000] {dag.py:3340} INFO - Setting next_dagrun for example_task_group_decorator to 2025-01-28T23:39:56.183413+00:00, run_after=2025-01-29T23:39:56.183413+00:00
[2025-01-29T23:39:56.211+0000] {processor.py:176} INFO - Processing /home/airflow/.local/lib/python3.7/site-packages/airflow/example_dags/example_task_group_decorator.py took 0.165 seconds
[2025-01-29T23:40:26.444+0000] {processor.py:154} INFO - Started process (PID=1099) to work on /home/airflow/.local/lib/python3.7/site-packages/airflow/example_dags/example_task_group_decorator.py
[2025-01-29T23:40:26.445+0000] {processor.py:756} INFO - Processing file /home/airflow/.local/lib/python3.7/site-packages/airflow/example_dags/example_task_group_decorator.py for tasks to queue
[2025-01-29T23:40:26.446+0000] {logging_mixin.py:120} INFO - [2025-01-29T23:40:26.446+0000] {dagbag.py:537} INFO - Filling up the DagBag from /home/airflow/.local/lib/python3.7/site-packages/airflow/example_dags/example_task_group_decorator.py
[2025-01-29T23:40:26.471+0000] {processor.py:766} INFO - DAG(s) dict_keys(['example_task_group_decorator']) retrieved from /home/airflow/.local/lib/python3.7/site-packages/airflow/example_dags/example_task_group_decorator.py
[2025-01-29T23:40:26.528+0000] {logging_mixin.py:120} INFO - [2025-01-29T23:40:26.528+0000] {dag.py:2585} INFO - Sync 1 DAGs
[2025-01-29T23:40:26.560+0000] {logging_mixin.py:120} INFO - [2025-01-29T23:40:26.560+0000] {dag.py:3340} INFO - Setting next_dagrun for example_task_group_decorator to 2025-01-28T23:40:26.559800+00:00, run_after=2025-01-29T23:40:26.559800+00:00
[2025-01-29T23:40:26.586+0000] {processor.py:176} INFO - Processing /home/airflow/.local/lib/python3.7/site-packages/airflow/example_dags/example_task_group_decorator.py took 0.145 seconds
[2025-01-29T23:40:56.817+0000] {processor.py:154} INFO - Started process (PID=1154) to work on /home/airflow/.local/lib/python3.7/site-packages/airflow/example_dags/example_task_group_decorator.py
[2025-01-29T23:40:56.817+0000] {processor.py:756} INFO - Processing file /home/airflow/.local/lib/python3.7/site-packages/airflow/example_dags/example_task_group_decorator.py for tasks to queue
[2025-01-29T23:40:56.818+0000] {logging_mixin.py:120} INFO - [2025-01-29T23:40:56.818+0000] {dagbag.py:537} INFO - Filling up the DagBag from /home/airflow/.local/lib/python3.7/site-packages/airflow/example_dags/example_task_group_decorator.py
[2025-01-29T23:40:56.844+0000] {processor.py:766} INFO - DAG(s) dict_keys(['example_task_group_decorator']) retrieved from /home/airflow/.local/lib/python3.7/site-packages/airflow/example_dags/example_task_group_decorator.py
[2025-01-29T23:40:56.912+0000] {logging_mixin.py:120} INFO - [2025-01-29T23:40:56.912+0000] {dag.py:2585} INFO - Sync 1 DAGs
[2025-01-29T23:40:56.965+0000] {logging_mixin.py:120} INFO - [2025-01-29T23:40:56.965+0000] {dag.py:3340} INFO - Setting next_dagrun for example_task_group_decorator to 2025-01-28T23:40:56.964570+00:00, run_after=2025-01-29T23:40:56.964570+00:00
[2025-01-29T23:40:57.007+0000] {processor.py:176} INFO - Processing /home/airflow/.local/lib/python3.7/site-packages/airflow/example_dags/example_task_group_decorator.py took 0.193 seconds
[2025-01-29T23:41:27.624+0000] {processor.py:154} INFO - Started process (PID=1218) to work on /home/airflow/.local/lib/python3.7/site-packages/airflow/example_dags/example_task_group_decorator.py
[2025-01-29T23:41:27.625+0000] {processor.py:756} INFO - Processing file /home/airflow/.local/lib/python3.7/site-packages/airflow/example_dags/example_task_group_decorator.py for tasks to queue
[2025-01-29T23:41:27.626+0000] {logging_mixin.py:120} INFO - [2025-01-29T23:41:27.626+0000] {dagbag.py:537} INFO - Filling up the DagBag from /home/airflow/.local/lib/python3.7/site-packages/airflow/example_dags/example_task_group_decorator.py
[2025-01-29T23:41:27.657+0000] {processor.py:766} INFO - DAG(s) dict_keys(['example_task_group_decorator']) retrieved from /home/airflow/.local/lib/python3.7/site-packages/airflow/example_dags/example_task_group_decorator.py
[2025-01-29T23:41:27.726+0000] {logging_mixin.py:120} INFO - [2025-01-29T23:41:27.725+0000] {dag.py:2585} INFO - Sync 1 DAGs
[2025-01-29T23:41:27.756+0000] {logging_mixin.py:120} INFO - [2025-01-29T23:41:27.756+0000] {dag.py:3340} INFO - Setting next_dagrun for example_task_group_decorator to 2025-01-28T23:41:27.756423+00:00, run_after=2025-01-29T23:41:27.756423+00:00
[2025-01-29T23:41:27.779+0000] {processor.py:176} INFO - Processing /home/airflow/.local/lib/python3.7/site-packages/airflow/example_dags/example_task_group_decorator.py took 0.158 seconds
[2025-01-29T23:41:58.366+0000] {processor.py:154} INFO - Started process (PID=1283) to work on /home/airflow/.local/lib/python3.7/site-packages/airflow/example_dags/example_task_group_decorator.py
[2025-01-29T23:41:58.367+0000] {processor.py:756} INFO - Processing file /home/airflow/.local/lib/python3.7/site-packages/airflow/example_dags/example_task_group_decorator.py for tasks to queue
[2025-01-29T23:41:58.368+0000] {logging_mixin.py:120} INFO - [2025-01-29T23:41:58.367+0000] {dagbag.py:537} INFO - Filling up the DagBag from /home/airflow/.local/lib/python3.7/site-packages/airflow/example_dags/example_task_group_decorator.py
[2025-01-29T23:41:58.392+0000] {processor.py:766} INFO - DAG(s) dict_keys(['example_task_group_decorator']) retrieved from /home/airflow/.local/lib/python3.7/site-packages/airflow/example_dags/example_task_group_decorator.py
[2025-01-29T23:41:58.448+0000] {logging_mixin.py:120} INFO - [2025-01-29T23:41:58.447+0000] {dag.py:2585} INFO - Sync 1 DAGs
[2025-01-29T23:41:58.478+0000] {logging_mixin.py:120} INFO - [2025-01-29T23:41:58.478+0000] {dag.py:3340} INFO - Setting next_dagrun for example_task_group_decorator to 2025-01-28T23:41:58.478130+00:00, run_after=2025-01-29T23:41:58.478130+00:00
[2025-01-29T23:41:58.501+0000] {processor.py:176} INFO - Processing /home/airflow/.local/lib/python3.7/site-packages/airflow/example_dags/example_task_group_decorator.py took 0.138 seconds
[2025-01-29T23:42:29.121+0000] {processor.py:154} INFO - Started process (PID=1338) to work on /home/airflow/.local/lib/python3.7/site-packages/airflow/example_dags/example_task_group_decorator.py
[2025-01-29T23:42:29.122+0000] {processor.py:756} INFO - Processing file /home/airflow/.local/lib/python3.7/site-packages/airflow/example_dags/example_task_group_decorator.py for tasks to queue
[2025-01-29T23:42:29.123+0000] {logging_mixin.py:120} INFO - [2025-01-29T23:42:29.122+0000] {dagbag.py:537} INFO - Filling up the DagBag from /home/airflow/.local/lib/python3.7/site-packages/airflow/example_dags/example_task_group_decorator.py
[2025-01-29T23:42:29.151+0000] {processor.py:766} INFO - DAG(s) dict_keys(['example_task_group_decorator']) retrieved from /home/airflow/.local/lib/python3.7/site-packages/airflow/example_dags/example_task_group_decorator.py
[2025-01-29T23:42:29.210+0000] {logging_mixin.py:120} INFO - [2025-01-29T23:42:29.210+0000] {dag.py:2585} INFO - Sync 1 DAGs
[2025-01-29T23:42:29.249+0000] {logging_mixin.py:120} INFO - [2025-01-29T23:42:29.249+0000] {dag.py:3340} INFO - Setting next_dagrun for example_task_group_decorator to 2025-01-28T23:42:29.248773+00:00, run_after=2025-01-29T23:42:29.248773+00:00
[2025-01-29T23:42:29.284+0000] {processor.py:176} INFO - Processing /home/airflow/.local/lib/python3.7/site-packages/airflow/example_dags/example_task_group_decorator.py took 0.167 seconds
[2025-01-29T23:42:59.937+0000] {processor.py:154} INFO - Started process (PID=1403) to work on /home/airflow/.local/lib/python3.7/site-packages/airflow/example_dags/example_task_group_decorator.py
[2025-01-29T23:42:59.938+0000] {processor.py:756} INFO - Processing file /home/airflow/.local/lib/python3.7/site-packages/airflow/example_dags/example_task_group_decorator.py for tasks to queue
[2025-01-29T23:42:59.939+0000] {logging_mixin.py:120} INFO - [2025-01-29T23:42:59.939+0000] {dagbag.py:537} INFO - Filling up the DagBag from /home/airflow/.local/lib/python3.7/site-packages/airflow/example_dags/example_task_group_decorator.py
[2025-01-29T23:42:59.964+0000] {processor.py:766} INFO - DAG(s) dict_keys(['example_task_group_decorator']) retrieved from /home/airflow/.local/lib/python3.7/site-packages/airflow/example_dags/example_task_group_decorator.py
[2025-01-29T23:43:00.020+0000] {logging_mixin.py:120} INFO - [2025-01-29T23:43:00.020+0000] {dag.py:2585} INFO - Sync 1 DAGs
[2025-01-29T23:43:00.052+0000] {logging_mixin.py:120} INFO - [2025-01-29T23:43:00.051+0000] {dag.py:3340} INFO - Setting next_dagrun for example_task_group_decorator to 2025-01-28T23:43:00.051751+00:00, run_after=2025-01-29T23:43:00.051751+00:00
[2025-01-29T23:43:00.075+0000] {processor.py:176} INFO - Processing /home/airflow/.local/lib/python3.7/site-packages/airflow/example_dags/example_task_group_decorator.py took 0.141 seconds
[2025-01-29T23:43:30.575+0000] {processor.py:154} INFO - Started process (PID=1467) to work on /home/airflow/.local/lib/python3.7/site-packages/airflow/example_dags/example_task_group_decorator.py
[2025-01-29T23:43:30.576+0000] {processor.py:756} INFO - Processing file /home/airflow/.local/lib/python3.7/site-packages/airflow/example_dags/example_task_group_decorator.py for tasks to queue
[2025-01-29T23:43:30.577+0000] {logging_mixin.py:120} INFO - [2025-01-29T23:43:30.577+0000] {dagbag.py:537} INFO - Filling up the DagBag from /home/airflow/.local/lib/python3.7/site-packages/airflow/example_dags/example_task_group_decorator.py
[2025-01-29T23:43:30.602+0000] {processor.py:766} INFO - DAG(s) dict_keys(['example_task_group_decorator']) retrieved from /home/airflow/.local/lib/python3.7/site-packages/airflow/example_dags/example_task_group_decorator.py
[2025-01-29T23:43:30.655+0000] {logging_mixin.py:120} INFO - [2025-01-29T23:43:30.655+0000] {dag.py:2585} INFO - Sync 1 DAGs
[2025-01-29T23:43:30.686+0000] {logging_mixin.py:120} INFO - [2025-01-29T23:43:30.685+0000] {dag.py:3340} INFO - Setting next_dagrun for example_task_group_decorator to 2025-01-28T23:43:30.685721+00:00, run_after=2025-01-29T23:43:30.685721+00:00
[2025-01-29T23:43:30.709+0000] {processor.py:176} INFO - Processing /home/airflow/.local/lib/python3.7/site-packages/airflow/example_dags/example_task_group_decorator.py took 0.137 seconds
[2025-01-29T23:44:01.274+0000] {processor.py:154} INFO - Started process (PID=1531) to work on /home/airflow/.local/lib/python3.7/site-packages/airflow/example_dags/example_task_group_decorator.py
[2025-01-29T23:44:01.276+0000] {processor.py:756} INFO - Processing file /home/airflow/.local/lib/python3.7/site-packages/airflow/example_dags/example_task_group_decorator.py for tasks to queue
[2025-01-29T23:44:01.277+0000] {logging_mixin.py:120} INFO - [2025-01-29T23:44:01.277+0000] {dagbag.py:537} INFO - Filling up the DagBag from /home/airflow/.local/lib/python3.7/site-packages/airflow/example_dags/example_task_group_decorator.py
[2025-01-29T23:44:01.304+0000] {processor.py:766} INFO - DAG(s) dict_keys(['example_task_group_decorator']) retrieved from /home/airflow/.local/lib/python3.7/site-packages/airflow/example_dags/example_task_group_decorator.py
[2025-01-29T23:44:01.370+0000] {logging_mixin.py:120} INFO - [2025-01-29T23:44:01.370+0000] {dag.py:2585} INFO - Sync 1 DAGs
[2025-01-29T23:44:01.408+0000] {logging_mixin.py:120} INFO - [2025-01-29T23:44:01.408+0000] {dag.py:3340} INFO - Setting next_dagrun for example_task_group_decorator to 2025-01-28T23:44:01.408170+00:00, run_after=2025-01-29T23:44:01.408170+00:00
[2025-01-29T23:44:01.441+0000] {processor.py:176} INFO - Processing /home/airflow/.local/lib/python3.7/site-packages/airflow/example_dags/example_task_group_decorator.py took 0.169 seconds
[2025-01-29T23:44:31.872+0000] {processor.py:154} INFO - Started process (PID=1586) to work on /home/airflow/.local/lib/python3.7/site-packages/airflow/example_dags/example_task_group_decorator.py
[2025-01-29T23:44:31.873+0000] {processor.py:756} INFO - Processing file /home/airflow/.local/lib/python3.7/site-packages/airflow/example_dags/example_task_group_decorator.py for tasks to queue
[2025-01-29T23:44:31.873+0000] {logging_mixin.py:120} INFO - [2025-01-29T23:44:31.873+0000] {dagbag.py:537} INFO - Filling up the DagBag from /home/airflow/.local/lib/python3.7/site-packages/airflow/example_dags/example_task_group_decorator.py
[2025-01-29T23:44:31.898+0000] {processor.py:766} INFO - DAG(s) dict_keys(['example_task_group_decorator']) retrieved from /home/airflow/.local/lib/python3.7/site-packages/airflow/example_dags/example_task_group_decorator.py
[2025-01-29T23:44:31.958+0000] {logging_mixin.py:120} INFO - [2025-01-29T23:44:31.958+0000] {dag.py:2585} INFO - Sync 1 DAGs
[2025-01-29T23:44:31.999+0000] {logging_mixin.py:120} INFO - [2025-01-29T23:44:31.999+0000] {dag.py:3340} INFO - Setting next_dagrun for example_task_group_decorator to 2025-01-28T23:44:31.999383+00:00, run_after=2025-01-29T23:44:31.999383+00:00
[2025-01-29T23:44:32.036+0000] {processor.py:176} INFO - Processing /home/airflow/.local/lib/python3.7/site-packages/airflow/example_dags/example_task_group_decorator.py took 0.167 seconds
[2025-01-29T23:45:02.395+0000] {processor.py:154} INFO - Started process (PID=1650) to work on /home/airflow/.local/lib/python3.7/site-packages/airflow/example_dags/example_task_group_decorator.py
[2025-01-29T23:45:02.396+0000] {processor.py:756} INFO - Processing file /home/airflow/.local/lib/python3.7/site-packages/airflow/example_dags/example_task_group_decorator.py for tasks to queue
[2025-01-29T23:45:02.397+0000] {logging_mixin.py:120} INFO - [2025-01-29T23:45:02.397+0000] {dagbag.py:537} INFO - Filling up the DagBag from /home/airflow/.local/lib/python3.7/site-packages/airflow/example_dags/example_task_group_decorator.py
[2025-01-29T23:45:02.424+0000] {processor.py:766} INFO - DAG(s) dict_keys(['example_task_group_decorator']) retrieved from /home/airflow/.local/lib/python3.7/site-packages/airflow/example_dags/example_task_group_decorator.py
[2025-01-29T23:45:02.478+0000] {logging_mixin.py:120} INFO - [2025-01-29T23:45:02.478+0000] {dag.py:2585} INFO - Sync 1 DAGs
[2025-01-29T23:45:02.509+0000] {logging_mixin.py:120} INFO - [2025-01-29T23:45:02.509+0000] {dag.py:3340} INFO - Setting next_dagrun for example_task_group_decorator to 2025-01-28T23:45:02.509422+00:00, run_after=2025-01-29T23:45:02.509422+00:00
[2025-01-29T23:45:02.532+0000] {processor.py:176} INFO - Processing /home/airflow/.local/lib/python3.7/site-packages/airflow/example_dags/example_task_group_decorator.py took 0.139 seconds
[2025-01-29T23:45:33.059+0000] {processor.py:154} INFO - Started process (PID=1714) to work on /home/airflow/.local/lib/python3.7/site-packages/airflow/example_dags/example_task_group_decorator.py
[2025-01-29T23:45:33.061+0000] {processor.py:756} INFO - Processing file /home/airflow/.local/lib/python3.7/site-packages/airflow/example_dags/example_task_group_decorator.py for tasks to queue
[2025-01-29T23:45:33.061+0000] {logging_mixin.py:120} INFO - [2025-01-29T23:45:33.061+0000] {dagbag.py:537} INFO - Filling up the DagBag from /home/airflow/.local/lib/python3.7/site-packages/airflow/example_dags/example_task_group_decorator.py
[2025-01-29T23:45:33.094+0000] {processor.py:766} INFO - DAG(s) dict_keys(['example_task_group_decorator']) retrieved from /home/airflow/.local/lib/python3.7/site-packages/airflow/example_dags/example_task_group_decorator.py
[2025-01-29T23:45:33.153+0000] {logging_mixin.py:120} INFO - [2025-01-29T23:45:33.153+0000] {dag.py:2585} INFO - Sync 1 DAGs
[2025-01-29T23:45:33.184+0000] {logging_mixin.py:120} INFO - [2025-01-29T23:45:33.184+0000] {dag.py:3340} INFO - Setting next_dagrun for example_task_group_decorator to 2025-01-28T23:45:33.183797+00:00, run_after=2025-01-29T23:45:33.183797+00:00
[2025-01-29T23:45:33.208+0000] {processor.py:176} INFO - Processing /home/airflow/.local/lib/python3.7/site-packages/airflow/example_dags/example_task_group_decorator.py took 0.152 seconds
[2025-01-29T23:46:03.757+0000] {processor.py:154} INFO - Started process (PID=1769) to work on /home/airflow/.local/lib/python3.7/site-packages/airflow/example_dags/example_task_group_decorator.py
[2025-01-29T23:46:03.758+0000] {processor.py:756} INFO - Processing file /home/airflow/.local/lib/python3.7/site-packages/airflow/example_dags/example_task_group_decorator.py for tasks to queue
[2025-01-29T23:46:03.759+0000] {logging_mixin.py:120} INFO - [2025-01-29T23:46:03.759+0000] {dagbag.py:537} INFO - Filling up the DagBag from /home/airflow/.local/lib/python3.7/site-packages/airflow/example_dags/example_task_group_decorator.py
[2025-01-29T23:46:03.784+0000] {processor.py:766} INFO - DAG(s) dict_keys(['example_task_group_decorator']) retrieved from /home/airflow/.local/lib/python3.7/site-packages/airflow/example_dags/example_task_group_decorator.py
[2025-01-29T23:46:03.839+0000] {logging_mixin.py:120} INFO - [2025-01-29T23:46:03.839+0000] {dag.py:2585} INFO - Sync 1 DAGs
[2025-01-29T23:46:03.868+0000] {logging_mixin.py:120} INFO - [2025-01-29T23:46:03.868+0000] {dag.py:3340} INFO - Setting next_dagrun for example_task_group_decorator to 2025-01-28T23:46:03.868455+00:00, run_after=2025-01-29T23:46:03.868455+00:00
[2025-01-29T23:46:03.892+0000] {processor.py:176} INFO - Processing /home/airflow/.local/lib/python3.7/site-packages/airflow/example_dags/example_task_group_decorator.py took 0.138 seconds
[2025-01-29T23:46:34.124+0000] {processor.py:154} INFO - Started process (PID=1833) to work on /home/airflow/.local/lib/python3.7/site-packages/airflow/example_dags/example_task_group_decorator.py
[2025-01-29T23:46:34.125+0000] {processor.py:756} INFO - Processing file /home/airflow/.local/lib/python3.7/site-packages/airflow/example_dags/example_task_group_decorator.py for tasks to queue
[2025-01-29T23:46:34.126+0000] {logging_mixin.py:120} INFO - [2025-01-29T23:46:34.126+0000] {dagbag.py:537} INFO - Filling up the DagBag from /home/airflow/.local/lib/python3.7/site-packages/airflow/example_dags/example_task_group_decorator.py
[2025-01-29T23:46:34.154+0000] {processor.py:766} INFO - DAG(s) dict_keys(['example_task_group_decorator']) retrieved from /home/airflow/.local/lib/python3.7/site-packages/airflow/example_dags/example_task_group_decorator.py
[2025-01-29T23:46:34.210+0000] {logging_mixin.py:120} INFO - [2025-01-29T23:46:34.210+0000] {dag.py:2585} INFO - Sync 1 DAGs
[2025-01-29T23:46:34.241+0000] {logging_mixin.py:120} INFO - [2025-01-29T23:46:34.241+0000] {dag.py:3340} INFO - Setting next_dagrun for example_task_group_decorator to 2025-01-28T23:46:34.240763+00:00, run_after=2025-01-29T23:46:34.240763+00:00
[2025-01-29T23:46:34.265+0000] {processor.py:176} INFO - Processing /home/airflow/.local/lib/python3.7/site-packages/airflow/example_dags/example_task_group_decorator.py took 0.143 seconds
[2025-01-29T23:47:04.652+0000] {processor.py:154} INFO - Started process (PID=1897) to work on /home/airflow/.local/lib/python3.7/site-packages/airflow/example_dags/example_task_group_decorator.py
[2025-01-29T23:47:04.652+0000] {processor.py:756} INFO - Processing file /home/airflow/.local/lib/python3.7/site-packages/airflow/example_dags/example_task_group_decorator.py for tasks to queue
[2025-01-29T23:47:04.653+0000] {logging_mixin.py:120} INFO - [2025-01-29T23:47:04.653+0000] {dagbag.py:537} INFO - Filling up the DagBag from /home/airflow/.local/lib/python3.7/site-packages/airflow/example_dags/example_task_group_decorator.py
[2025-01-29T23:47:04.679+0000] {processor.py:766} INFO - DAG(s) dict_keys(['example_task_group_decorator']) retrieved from /home/airflow/.local/lib/python3.7/site-packages/airflow/example_dags/example_task_group_decorator.py
[2025-01-29T23:47:04.735+0000] {logging_mixin.py:120} INFO - [2025-01-29T23:47:04.734+0000] {dag.py:2585} INFO - Sync 1 DAGs
[2025-01-29T23:47:04.766+0000] {logging_mixin.py:120} INFO - [2025-01-29T23:47:04.766+0000] {dag.py:3340} INFO - Setting next_dagrun for example_task_group_decorator to 2025-01-28T23:47:04.765814+00:00, run_after=2025-01-29T23:47:04.765814+00:00
[2025-01-29T23:47:04.788+0000] {processor.py:176} INFO - Processing /home/airflow/.local/lib/python3.7/site-packages/airflow/example_dags/example_task_group_decorator.py took 0.139 seconds
[2025-01-29T23:47:35.172+0000] {processor.py:154} INFO - Started process (PID=1952) to work on /home/airflow/.local/lib/python3.7/site-packages/airflow/example_dags/example_task_group_decorator.py
[2025-01-29T23:47:35.173+0000] {processor.py:756} INFO - Processing file /home/airflow/.local/lib/python3.7/site-packages/airflow/example_dags/example_task_group_decorator.py for tasks to queue
[2025-01-29T23:47:35.174+0000] {logging_mixin.py:120} INFO - [2025-01-29T23:47:35.174+0000] {dagbag.py:537} INFO - Filling up the DagBag from /home/airflow/.local/lib/python3.7/site-packages/airflow/example_dags/example_task_group_decorator.py
[2025-01-29T23:47:35.201+0000] {processor.py:766} INFO - DAG(s) dict_keys(['example_task_group_decorator']) retrieved from /home/airflow/.local/lib/python3.7/site-packages/airflow/example_dags/example_task_group_decorator.py
[2025-01-29T23:47:35.261+0000] {logging_mixin.py:120} INFO - [2025-01-29T23:47:35.261+0000] {dag.py:2585} INFO - Sync 1 DAGs
[2025-01-29T23:47:35.299+0000] {logging_mixin.py:120} INFO - [2025-01-29T23:47:35.299+0000] {dag.py:3340} INFO - Setting next_dagrun for example_task_group_decorator to 2025-01-28T23:47:35.298773+00:00, run_after=2025-01-29T23:47:35.298773+00:00
[2025-01-29T23:47:35.327+0000] {processor.py:176} INFO - Processing /home/airflow/.local/lib/python3.7/site-packages/airflow/example_dags/example_task_group_decorator.py took 0.158 seconds
[2025-01-29T23:48:05.798+0000] {processor.py:154} INFO - Started process (PID=2016) to work on /home/airflow/.local/lib/python3.7/site-packages/airflow/example_dags/example_task_group_decorator.py
[2025-01-29T23:48:05.799+0000] {processor.py:756} INFO - Processing file /home/airflow/.local/lib/python3.7/site-packages/airflow/example_dags/example_task_group_decorator.py for tasks to queue
[2025-01-29T23:48:05.800+0000] {logging_mixin.py:120} INFO - [2025-01-29T23:48:05.800+0000] {dagbag.py:537} INFO - Filling up the DagBag from /home/airflow/.local/lib/python3.7/site-packages/airflow/example_dags/example_task_group_decorator.py
[2025-01-29T23:48:05.831+0000] {processor.py:766} INFO - DAG(s) dict_keys(['example_task_group_decorator']) retrieved from /home/airflow/.local/lib/python3.7/site-packages/airflow/example_dags/example_task_group_decorator.py
[2025-01-29T23:48:05.896+0000] {logging_mixin.py:120} INFO - [2025-01-29T23:48:05.896+0000] {dag.py:2585} INFO - Sync 1 DAGs
[2025-01-29T23:48:05.927+0000] {logging_mixin.py:120} INFO - [2025-01-29T23:48:05.927+0000] {dag.py:3340} INFO - Setting next_dagrun for example_task_group_decorator to 2025-01-28T23:48:05.927368+00:00, run_after=2025-01-29T23:48:05.927368+00:00
[2025-01-29T23:48:05.949+0000] {processor.py:176} INFO - Processing /home/airflow/.local/lib/python3.7/site-packages/airflow/example_dags/example_task_group_decorator.py took 0.153 seconds
[2025-01-29T23:48:36.686+0000] {processor.py:154} INFO - Started process (PID=2080) to work on /home/airflow/.local/lib/python3.7/site-packages/airflow/example_dags/example_task_group_decorator.py
[2025-01-29T23:48:36.687+0000] {processor.py:756} INFO - Processing file /home/airflow/.local/lib/python3.7/site-packages/airflow/example_dags/example_task_group_decorator.py for tasks to queue
[2025-01-29T23:48:36.688+0000] {logging_mixin.py:120} INFO - [2025-01-29T23:48:36.687+0000] {dagbag.py:537} INFO - Filling up the DagBag from /home/airflow/.local/lib/python3.7/site-packages/airflow/example_dags/example_task_group_decorator.py
[2025-01-29T23:48:36.724+0000] {processor.py:766} INFO - DAG(s) dict_keys(['example_task_group_decorator']) retrieved from /home/airflow/.local/lib/python3.7/site-packages/airflow/example_dags/example_task_group_decorator.py
[2025-01-29T23:48:36.798+0000] {logging_mixin.py:120} INFO - [2025-01-29T23:48:36.798+0000] {dag.py:2585} INFO - Sync 1 DAGs
[2025-01-29T23:48:36.839+0000] {logging_mixin.py:120} INFO - [2025-01-29T23:48:36.839+0000] {dag.py:3340} INFO - Setting next_dagrun for example_task_group_decorator to 2025-01-28T23:48:36.839117+00:00, run_after=2025-01-29T23:48:36.839117+00:00
[2025-01-29T23:48:36.868+0000] {processor.py:176} INFO - Processing /home/airflow/.local/lib/python3.7/site-packages/airflow/example_dags/example_task_group_decorator.py took 0.185 seconds
[2025-01-29T23:49:07.470+0000] {processor.py:154} INFO - Started process (PID=2144) to work on /home/airflow/.local/lib/python3.7/site-packages/airflow/example_dags/example_task_group_decorator.py
[2025-01-29T23:49:07.471+0000] {processor.py:756} INFO - Processing file /home/airflow/.local/lib/python3.7/site-packages/airflow/example_dags/example_task_group_decorator.py for tasks to queue
[2025-01-29T23:49:07.472+0000] {logging_mixin.py:120} INFO - [2025-01-29T23:49:07.472+0000] {dagbag.py:537} INFO - Filling up the DagBag from /home/airflow/.local/lib/python3.7/site-packages/airflow/example_dags/example_task_group_decorator.py
[2025-01-29T23:49:07.499+0000] {processor.py:766} INFO - DAG(s) dict_keys(['example_task_group_decorator']) retrieved from /home/airflow/.local/lib/python3.7/site-packages/airflow/example_dags/example_task_group_decorator.py
[2025-01-29T23:49:07.557+0000] {logging_mixin.py:120} INFO - [2025-01-29T23:49:07.557+0000] {dag.py:2585} INFO - Sync 1 DAGs
[2025-01-29T23:49:07.592+0000] {logging_mixin.py:120} INFO - [2025-01-29T23:49:07.592+0000] {dag.py:3340} INFO - Setting next_dagrun for example_task_group_decorator to 2025-01-28T23:49:07.592102+00:00, run_after=2025-01-29T23:49:07.592102+00:00
[2025-01-29T23:49:07.619+0000] {processor.py:176} INFO - Processing /home/airflow/.local/lib/python3.7/site-packages/airflow/example_dags/example_task_group_decorator.py took 0.151 seconds
[2025-01-29T23:49:37.772+0000] {processor.py:154} INFO - Started process (PID=2199) to work on /home/airflow/.local/lib/python3.7/site-packages/airflow/example_dags/example_task_group_decorator.py
[2025-01-29T23:49:37.773+0000] {processor.py:756} INFO - Processing file /home/airflow/.local/lib/python3.7/site-packages/airflow/example_dags/example_task_group_decorator.py for tasks to queue
[2025-01-29T23:49:37.774+0000] {logging_mixin.py:120} INFO - [2025-01-29T23:49:37.773+0000] {dagbag.py:537} INFO - Filling up the DagBag from /home/airflow/.local/lib/python3.7/site-packages/airflow/example_dags/example_task_group_decorator.py
[2025-01-29T23:49:37.801+0000] {processor.py:766} INFO - DAG(s) dict_keys(['example_task_group_decorator']) retrieved from /home/airflow/.local/lib/python3.7/site-packages/airflow/example_dags/example_task_group_decorator.py
[2025-01-29T23:49:37.857+0000] {logging_mixin.py:120} INFO - [2025-01-29T23:49:37.857+0000] {dag.py:2585} INFO - Sync 1 DAGs
[2025-01-29T23:49:37.889+0000] {logging_mixin.py:120} INFO - [2025-01-29T23:49:37.888+0000] {dag.py:3340} INFO - Setting next_dagrun for example_task_group_decorator to 2025-01-28T23:49:37.888727+00:00, run_after=2025-01-29T23:49:37.888727+00:00
[2025-01-29T23:49:37.911+0000] {processor.py:176} INFO - Processing /home/airflow/.local/lib/python3.7/site-packages/airflow/example_dags/example_task_group_decorator.py took 0.142 seconds
[2025-01-29T23:50:08.017+0000] {processor.py:154} INFO - Started process (PID=2263) to work on /home/airflow/.local/lib/python3.7/site-packages/airflow/example_dags/example_task_group_decorator.py
[2025-01-29T23:50:08.018+0000] {processor.py:756} INFO - Processing file /home/airflow/.local/lib/python3.7/site-packages/airflow/example_dags/example_task_group_decorator.py for tasks to queue
[2025-01-29T23:50:08.019+0000] {logging_mixin.py:120} INFO - [2025-01-29T23:50:08.019+0000] {dagbag.py:537} INFO - Filling up the DagBag from /home/airflow/.local/lib/python3.7/site-packages/airflow/example_dags/example_task_group_decorator.py
[2025-01-29T23:50:08.045+0000] {processor.py:766} INFO - DAG(s) dict_keys(['example_task_group_decorator']) retrieved from /home/airflow/.local/lib/python3.7/site-packages/airflow/example_dags/example_task_group_decorator.py
[2025-01-29T23:50:08.100+0000] {logging_mixin.py:120} INFO - [2025-01-29T23:50:08.099+0000] {dag.py:2585} INFO - Sync 1 DAGs
[2025-01-29T23:50:08.131+0000] {logging_mixin.py:120} INFO - [2025-01-29T23:50:08.131+0000] {dag.py:3340} INFO - Setting next_dagrun for example_task_group_decorator to 2025-01-28T23:50:08.131012+00:00, run_after=2025-01-29T23:50:08.131012+00:00
[2025-01-29T23:50:08.154+0000] {processor.py:176} INFO - Processing /home/airflow/.local/lib/python3.7/site-packages/airflow/example_dags/example_task_group_decorator.py took 0.139 seconds
[2025-01-29T23:50:38.550+0000] {processor.py:154} INFO - Started process (PID=2327) to work on /home/airflow/.local/lib/python3.7/site-packages/airflow/example_dags/example_task_group_decorator.py
[2025-01-29T23:50:38.551+0000] {processor.py:756} INFO - Processing file /home/airflow/.local/lib/python3.7/site-packages/airflow/example_dags/example_task_group_decorator.py for tasks to queue
[2025-01-29T23:50:38.551+0000] {logging_mixin.py:120} INFO - [2025-01-29T23:50:38.551+0000] {dagbag.py:537} INFO - Filling up the DagBag from /home/airflow/.local/lib/python3.7/site-packages/airflow/example_dags/example_task_group_decorator.py
[2025-01-29T23:50:38.579+0000] {processor.py:766} INFO - DAG(s) dict_keys(['example_task_group_decorator']) retrieved from /home/airflow/.local/lib/python3.7/site-packages/airflow/example_dags/example_task_group_decorator.py
[2025-01-29T23:50:38.633+0000] {logging_mixin.py:120} INFO - [2025-01-29T23:50:38.633+0000] {dag.py:2585} INFO - Sync 1 DAGs
[2025-01-29T23:50:38.666+0000] {logging_mixin.py:120} INFO - [2025-01-29T23:50:38.666+0000] {dag.py:3340} INFO - Setting next_dagrun for example_task_group_decorator to 2025-01-28T23:50:38.665731+00:00, run_after=2025-01-29T23:50:38.665731+00:00
[2025-01-29T23:50:38.690+0000] {processor.py:176} INFO - Processing /home/airflow/.local/lib/python3.7/site-packages/airflow/example_dags/example_task_group_decorator.py took 0.143 seconds
[2025-01-29T23:51:09.046+0000] {processor.py:154} INFO - Started process (PID=2383) to work on /home/airflow/.local/lib/python3.7/site-packages/airflow/example_dags/example_task_group_decorator.py
[2025-01-29T23:51:09.047+0000] {processor.py:756} INFO - Processing file /home/airflow/.local/lib/python3.7/site-packages/airflow/example_dags/example_task_group_decorator.py for tasks to queue
[2025-01-29T23:51:09.048+0000] {logging_mixin.py:120} INFO - [2025-01-29T23:51:09.048+0000] {dagbag.py:537} INFO - Filling up the DagBag from /home/airflow/.local/lib/python3.7/site-packages/airflow/example_dags/example_task_group_decorator.py
[2025-01-29T23:51:09.090+0000] {processor.py:766} INFO - DAG(s) dict_keys(['example_task_group_decorator']) retrieved from /home/airflow/.local/lib/python3.7/site-packages/airflow/example_dags/example_task_group_decorator.py
[2025-01-29T23:51:09.167+0000] {logging_mixin.py:120} INFO - [2025-01-29T23:51:09.167+0000] {dag.py:2585} INFO - Sync 1 DAGs
[2025-01-29T23:51:09.212+0000] {logging_mixin.py:120} INFO - [2025-01-29T23:51:09.212+0000] {dag.py:3340} INFO - Setting next_dagrun for example_task_group_decorator to 2025-01-28T23:51:09.212146+00:00, run_after=2025-01-29T23:51:09.212146+00:00
[2025-01-29T23:51:09.249+0000] {processor.py:176} INFO - Processing /home/airflow/.local/lib/python3.7/site-packages/airflow/example_dags/example_task_group_decorator.py took 0.206 seconds
[2025-01-29T23:51:39.876+0000] {processor.py:154} INFO - Started process (PID=2447) to work on /home/airflow/.local/lib/python3.7/site-packages/airflow/example_dags/example_task_group_decorator.py
[2025-01-29T23:51:39.877+0000] {processor.py:756} INFO - Processing file /home/airflow/.local/lib/python3.7/site-packages/airflow/example_dags/example_task_group_decorator.py for tasks to queue
[2025-01-29T23:51:39.878+0000] {logging_mixin.py:120} INFO - [2025-01-29T23:51:39.878+0000] {dagbag.py:537} INFO - Filling up the DagBag from /home/airflow/.local/lib/python3.7/site-packages/airflow/example_dags/example_task_group_decorator.py
[2025-01-29T23:51:39.907+0000] {processor.py:766} INFO - DAG(s) dict_keys(['example_task_group_decorator']) retrieved from /home/airflow/.local/lib/python3.7/site-packages/airflow/example_dags/example_task_group_decorator.py
[2025-01-29T23:51:39.971+0000] {logging_mixin.py:120} INFO - [2025-01-29T23:51:39.971+0000] {dag.py:2585} INFO - Sync 1 DAGs
[2025-01-29T23:51:40.006+0000] {logging_mixin.py:120} INFO - [2025-01-29T23:51:40.006+0000] {dag.py:3340} INFO - Setting next_dagrun for example_task_group_decorator to 2025-01-28T23:51:40.006080+00:00, run_after=2025-01-29T23:51:40.006080+00:00
[2025-01-29T23:51:40.031+0000] {processor.py:176} INFO - Processing /home/airflow/.local/lib/python3.7/site-packages/airflow/example_dags/example_task_group_decorator.py took 0.159 seconds
[2025-01-29T23:52:10.542+0000] {processor.py:154} INFO - Started process (PID=2511) to work on /home/airflow/.local/lib/python3.7/site-packages/airflow/example_dags/example_task_group_decorator.py
[2025-01-29T23:52:10.543+0000] {processor.py:756} INFO - Processing file /home/airflow/.local/lib/python3.7/site-packages/airflow/example_dags/example_task_group_decorator.py for tasks to queue
[2025-01-29T23:52:10.544+0000] {logging_mixin.py:120} INFO - [2025-01-29T23:52:10.544+0000] {dagbag.py:537} INFO - Filling up the DagBag from /home/airflow/.local/lib/python3.7/site-packages/airflow/example_dags/example_task_group_decorator.py
[2025-01-29T23:52:10.569+0000] {processor.py:766} INFO - DAG(s) dict_keys(['example_task_group_decorator']) retrieved from /home/airflow/.local/lib/python3.7/site-packages/airflow/example_dags/example_task_group_decorator.py
[2025-01-29T23:52:10.630+0000] {logging_mixin.py:120} INFO - [2025-01-29T23:52:10.630+0000] {dag.py:2585} INFO - Sync 1 DAGs
[2025-01-29T23:52:10.662+0000] {logging_mixin.py:120} INFO - [2025-01-29T23:52:10.662+0000] {dag.py:3340} INFO - Setting next_dagrun for example_task_group_decorator to 2025-01-28T23:52:10.662476+00:00, run_after=2025-01-29T23:52:10.662476+00:00
[2025-01-29T23:52:10.687+0000] {processor.py:176} INFO - Processing /home/airflow/.local/lib/python3.7/site-packages/airflow/example_dags/example_task_group_decorator.py took 0.148 seconds
[2025-01-29T23:52:40.987+0000] {processor.py:154} INFO - Started process (PID=2566) to work on /home/airflow/.local/lib/python3.7/site-packages/airflow/example_dags/example_task_group_decorator.py
[2025-01-29T23:52:40.988+0000] {processor.py:756} INFO - Processing file /home/airflow/.local/lib/python3.7/site-packages/airflow/example_dags/example_task_group_decorator.py for tasks to queue
[2025-01-29T23:52:40.989+0000] {logging_mixin.py:120} INFO - [2025-01-29T23:52:40.988+0000] {dagbag.py:537} INFO - Filling up the DagBag from /home/airflow/.local/lib/python3.7/site-packages/airflow/example_dags/example_task_group_decorator.py
[2025-01-29T23:52:41.014+0000] {processor.py:766} INFO - DAG(s) dict_keys(['example_task_group_decorator']) retrieved from /home/airflow/.local/lib/python3.7/site-packages/airflow/example_dags/example_task_group_decorator.py
[2025-01-29T23:52:41.071+0000] {logging_mixin.py:120} INFO - [2025-01-29T23:52:41.071+0000] {dag.py:2585} INFO - Sync 1 DAGs
[2025-01-29T23:52:41.102+0000] {logging_mixin.py:120} INFO - [2025-01-29T23:52:41.102+0000] {dag.py:3340} INFO - Setting next_dagrun for example_task_group_decorator to 2025-01-28T23:52:41.102281+00:00, run_after=2025-01-29T23:52:41.102281+00:00
[2025-01-29T23:52:41.127+0000] {processor.py:176} INFO - Processing /home/airflow/.local/lib/python3.7/site-packages/airflow/example_dags/example_task_group_decorator.py took 0.143 seconds
[2025-01-29T23:53:11.615+0000] {processor.py:154} INFO - Started process (PID=2630) to work on /home/airflow/.local/lib/python3.7/site-packages/airflow/example_dags/example_task_group_decorator.py
[2025-01-29T23:53:11.616+0000] {processor.py:756} INFO - Processing file /home/airflow/.local/lib/python3.7/site-packages/airflow/example_dags/example_task_group_decorator.py for tasks to queue
[2025-01-29T23:53:11.617+0000] {logging_mixin.py:120} INFO - [2025-01-29T23:53:11.617+0000] {dagbag.py:537} INFO - Filling up the DagBag from /home/airflow/.local/lib/python3.7/site-packages/airflow/example_dags/example_task_group_decorator.py
[2025-01-29T23:53:11.641+0000] {processor.py:766} INFO - DAG(s) dict_keys(['example_task_group_decorator']) retrieved from /home/airflow/.local/lib/python3.7/site-packages/airflow/example_dags/example_task_group_decorator.py
[2025-01-29T23:53:11.694+0000] {logging_mixin.py:120} INFO - [2025-01-29T23:53:11.694+0000] {dag.py:2585} INFO - Sync 1 DAGs
[2025-01-29T23:53:11.725+0000] {logging_mixin.py:120} INFO - [2025-01-29T23:53:11.725+0000] {dag.py:3340} INFO - Setting next_dagrun for example_task_group_decorator to 2025-01-28T23:53:11.724379+00:00, run_after=2025-01-29T23:53:11.724379+00:00
[2025-01-29T23:53:11.751+0000] {processor.py:176} INFO - Processing /home/airflow/.local/lib/python3.7/site-packages/airflow/example_dags/example_task_group_decorator.py took 0.138 seconds
[2025-01-29T23:53:43.035+0000] {processor.py:154} INFO - Started process (PID=2694) to work on /home/airflow/.local/lib/python3.7/site-packages/airflow/example_dags/example_task_group_decorator.py
[2025-01-29T23:53:43.036+0000] {processor.py:756} INFO - Processing file /home/airflow/.local/lib/python3.7/site-packages/airflow/example_dags/example_task_group_decorator.py for tasks to queue
[2025-01-29T23:53:43.037+0000] {logging_mixin.py:120} INFO - [2025-01-29T23:53:43.037+0000] {dagbag.py:537} INFO - Filling up the DagBag from /home/airflow/.local/lib/python3.7/site-packages/airflow/example_dags/example_task_group_decorator.py
[2025-01-29T23:53:43.062+0000] {processor.py:766} INFO - DAG(s) dict_keys(['example_task_group_decorator']) retrieved from /home/airflow/.local/lib/python3.7/site-packages/airflow/example_dags/example_task_group_decorator.py
[2025-01-29T23:53:43.119+0000] {logging_mixin.py:120} INFO - [2025-01-29T23:53:43.118+0000] {dag.py:2585} INFO - Sync 1 DAGs
[2025-01-29T23:53:43.149+0000] {logging_mixin.py:120} INFO - [2025-01-29T23:53:43.149+0000] {dag.py:3340} INFO - Setting next_dagrun for example_task_group_decorator to 2025-01-28T23:53:43.149074+00:00, run_after=2025-01-29T23:53:43.149074+00:00
[2025-01-29T23:53:43.171+0000] {processor.py:176} INFO - Processing /home/airflow/.local/lib/python3.7/site-packages/airflow/example_dags/example_task_group_decorator.py took 0.139 seconds
[2025-01-29T23:54:13.295+0000] {processor.py:154} INFO - Started process (PID=2758) to work on /home/airflow/.local/lib/python3.7/site-packages/airflow/example_dags/example_task_group_decorator.py
[2025-01-29T23:54:13.296+0000] {processor.py:756} INFO - Processing file /home/airflow/.local/lib/python3.7/site-packages/airflow/example_dags/example_task_group_decorator.py for tasks to queue
[2025-01-29T23:54:13.296+0000] {logging_mixin.py:120} INFO - [2025-01-29T23:54:13.296+0000] {dagbag.py:537} INFO - Filling up the DagBag from /home/airflow/.local/lib/python3.7/site-packages/airflow/example_dags/example_task_group_decorator.py
[2025-01-29T23:54:13.329+0000] {processor.py:766} INFO - DAG(s) dict_keys(['example_task_group_decorator']) retrieved from /home/airflow/.local/lib/python3.7/site-packages/airflow/example_dags/example_task_group_decorator.py
[2025-01-29T23:54:13.397+0000] {logging_mixin.py:120} INFO - [2025-01-29T23:54:13.396+0000] {dag.py:2585} INFO - Sync 1 DAGs
[2025-01-29T23:54:13.442+0000] {logging_mixin.py:120} INFO - [2025-01-29T23:54:13.442+0000] {dag.py:3340} INFO - Setting next_dagrun for example_task_group_decorator to 2025-01-28T23:54:13.441872+00:00, run_after=2025-01-29T23:54:13.441872+00:00
[2025-01-29T23:54:13.475+0000] {processor.py:176} INFO - Processing /home/airflow/.local/lib/python3.7/site-packages/airflow/example_dags/example_task_group_decorator.py took 0.183 seconds
[2025-01-29T23:54:43.626+0000] {processor.py:154} INFO - Started process (PID=2813) to work on /home/airflow/.local/lib/python3.7/site-packages/airflow/example_dags/example_task_group_decorator.py
[2025-01-29T23:54:43.627+0000] {processor.py:756} INFO - Processing file /home/airflow/.local/lib/python3.7/site-packages/airflow/example_dags/example_task_group_decorator.py for tasks to queue
[2025-01-29T23:54:43.628+0000] {logging_mixin.py:120} INFO - [2025-01-29T23:54:43.628+0000] {dagbag.py:537} INFO - Filling up the DagBag from /home/airflow/.local/lib/python3.7/site-packages/airflow/example_dags/example_task_group_decorator.py
[2025-01-29T23:54:43.680+0000] {processor.py:766} INFO - DAG(s) dict_keys(['example_task_group_decorator']) retrieved from /home/airflow/.local/lib/python3.7/site-packages/airflow/example_dags/example_task_group_decorator.py
[2025-01-29T23:54:43.771+0000] {logging_mixin.py:120} INFO - [2025-01-29T23:54:43.770+0000] {dag.py:2585} INFO - Sync 1 DAGs
[2025-01-29T23:54:43.805+0000] {logging_mixin.py:120} INFO - [2025-01-29T23:54:43.805+0000] {dag.py:3340} INFO - Setting next_dagrun for example_task_group_decorator to 2025-01-28T23:54:43.804895+00:00, run_after=2025-01-29T23:54:43.804895+00:00
[2025-01-29T23:54:43.827+0000] {processor.py:176} INFO - Processing /home/airflow/.local/lib/python3.7/site-packages/airflow/example_dags/example_task_group_decorator.py took 0.203 seconds
[2025-01-29T23:55:14.422+0000] {processor.py:154} INFO - Started process (PID=2877) to work on /home/airflow/.local/lib/python3.7/site-packages/airflow/example_dags/example_task_group_decorator.py
[2025-01-29T23:55:14.423+0000] {processor.py:756} INFO - Processing file /home/airflow/.local/lib/python3.7/site-packages/airflow/example_dags/example_task_group_decorator.py for tasks to queue
[2025-01-29T23:55:14.424+0000] {logging_mixin.py:120} INFO - [2025-01-29T23:55:14.424+0000] {dagbag.py:537} INFO - Filling up the DagBag from /home/airflow/.local/lib/python3.7/site-packages/airflow/example_dags/example_task_group_decorator.py
[2025-01-29T23:55:14.451+0000] {processor.py:766} INFO - DAG(s) dict_keys(['example_task_group_decorator']) retrieved from /home/airflow/.local/lib/python3.7/site-packages/airflow/example_dags/example_task_group_decorator.py
[2025-01-29T23:55:14.510+0000] {logging_mixin.py:120} INFO - [2025-01-29T23:55:14.510+0000] {dag.py:2585} INFO - Sync 1 DAGs
[2025-01-29T23:55:14.549+0000] {logging_mixin.py:120} INFO - [2025-01-29T23:55:14.549+0000] {dag.py:3340} INFO - Setting next_dagrun for example_task_group_decorator to 2025-01-28T23:55:14.549071+00:00, run_after=2025-01-29T23:55:14.549071+00:00
[2025-01-29T23:55:14.578+0000] {processor.py:176} INFO - Processing /home/airflow/.local/lib/python3.7/site-packages/airflow/example_dags/example_task_group_decorator.py took 0.158 seconds
[2025-01-29T23:55:44.771+0000] {processor.py:154} INFO - Started process (PID=2941) to work on /home/airflow/.local/lib/python3.7/site-packages/airflow/example_dags/example_task_group_decorator.py
[2025-01-29T23:55:44.772+0000] {processor.py:756} INFO - Processing file /home/airflow/.local/lib/python3.7/site-packages/airflow/example_dags/example_task_group_decorator.py for tasks to queue
[2025-01-29T23:55:44.773+0000] {logging_mixin.py:120} INFO - [2025-01-29T23:55:44.773+0000] {dagbag.py:537} INFO - Filling up the DagBag from /home/airflow/.local/lib/python3.7/site-packages/airflow/example_dags/example_task_group_decorator.py
[2025-01-29T23:55:44.804+0000] {processor.py:766} INFO - DAG(s) dict_keys(['example_task_group_decorator']) retrieved from /home/airflow/.local/lib/python3.7/site-packages/airflow/example_dags/example_task_group_decorator.py
[2025-01-29T23:55:44.866+0000] {logging_mixin.py:120} INFO - [2025-01-29T23:55:44.866+0000] {dag.py:2585} INFO - Sync 1 DAGs
[2025-01-29T23:55:44.898+0000] {logging_mixin.py:120} INFO - [2025-01-29T23:55:44.898+0000] {dag.py:3340} INFO - Setting next_dagrun for example_task_group_decorator to 2025-01-28T23:55:44.898226+00:00, run_after=2025-01-29T23:55:44.898226+00:00
[2025-01-29T23:55:44.928+0000] {processor.py:176} INFO - Processing /home/airflow/.local/lib/python3.7/site-packages/airflow/example_dags/example_task_group_decorator.py took 0.160 seconds
[2025-01-29T23:56:15.027+0000] {processor.py:154} INFO - Started process (PID=2996) to work on /home/airflow/.local/lib/python3.7/site-packages/airflow/example_dags/example_task_group_decorator.py
[2025-01-29T23:56:15.028+0000] {processor.py:756} INFO - Processing file /home/airflow/.local/lib/python3.7/site-packages/airflow/example_dags/example_task_group_decorator.py for tasks to queue
[2025-01-29T23:56:15.029+0000] {logging_mixin.py:120} INFO - [2025-01-29T23:56:15.028+0000] {dagbag.py:537} INFO - Filling up the DagBag from /home/airflow/.local/lib/python3.7/site-packages/airflow/example_dags/example_task_group_decorator.py
[2025-01-29T23:56:15.056+0000] {processor.py:766} INFO - DAG(s) dict_keys(['example_task_group_decorator']) retrieved from /home/airflow/.local/lib/python3.7/site-packages/airflow/example_dags/example_task_group_decorator.py
[2025-01-29T23:56:15.113+0000] {logging_mixin.py:120} INFO - [2025-01-29T23:56:15.112+0000] {dag.py:2585} INFO - Sync 1 DAGs
[2025-01-29T23:56:15.143+0000] {logging_mixin.py:120} INFO - [2025-01-29T23:56:15.143+0000] {dag.py:3340} INFO - Setting next_dagrun for example_task_group_decorator to 2025-01-28T23:56:15.143014+00:00, run_after=2025-01-29T23:56:15.143014+00:00
[2025-01-29T23:56:15.166+0000] {processor.py:176} INFO - Processing /home/airflow/.local/lib/python3.7/site-packages/airflow/example_dags/example_task_group_decorator.py took 0.142 seconds
[2025-01-29T23:56:45.333+0000] {processor.py:154} INFO - Started process (PID=3060) to work on /home/airflow/.local/lib/python3.7/site-packages/airflow/example_dags/example_task_group_decorator.py
[2025-01-29T23:56:45.334+0000] {processor.py:756} INFO - Processing file /home/airflow/.local/lib/python3.7/site-packages/airflow/example_dags/example_task_group_decorator.py for tasks to queue
[2025-01-29T23:56:45.335+0000] {logging_mixin.py:120} INFO - [2025-01-29T23:56:45.334+0000] {dagbag.py:537} INFO - Filling up the DagBag from /home/airflow/.local/lib/python3.7/site-packages/airflow/example_dags/example_task_group_decorator.py
[2025-01-29T23:56:45.360+0000] {processor.py:766} INFO - DAG(s) dict_keys(['example_task_group_decorator']) retrieved from /home/airflow/.local/lib/python3.7/site-packages/airflow/example_dags/example_task_group_decorator.py
[2025-01-29T23:56:45.414+0000] {logging_mixin.py:120} INFO - [2025-01-29T23:56:45.414+0000] {dag.py:2585} INFO - Sync 1 DAGs
[2025-01-29T23:56:45.446+0000] {logging_mixin.py:120} INFO - [2025-01-29T23:56:45.446+0000] {dag.py:3340} INFO - Setting next_dagrun for example_task_group_decorator to 2025-01-28T23:56:45.446008+00:00, run_after=2025-01-29T23:56:45.446008+00:00
[2025-01-29T23:56:45.470+0000] {processor.py:176} INFO - Processing /home/airflow/.local/lib/python3.7/site-packages/airflow/example_dags/example_task_group_decorator.py took 0.140 seconds
[2025-01-29T23:57:15.617+0000] {processor.py:154} INFO - Started process (PID=3124) to work on /home/airflow/.local/lib/python3.7/site-packages/airflow/example_dags/example_task_group_decorator.py
[2025-01-29T23:57:15.618+0000] {processor.py:756} INFO - Processing file /home/airflow/.local/lib/python3.7/site-packages/airflow/example_dags/example_task_group_decorator.py for tasks to queue
[2025-01-29T23:57:15.619+0000] {logging_mixin.py:120} INFO - [2025-01-29T23:57:15.619+0000] {dagbag.py:537} INFO - Filling up the DagBag from /home/airflow/.local/lib/python3.7/site-packages/airflow/example_dags/example_task_group_decorator.py
[2025-01-29T23:57:15.651+0000] {processor.py:766} INFO - DAG(s) dict_keys(['example_task_group_decorator']) retrieved from /home/airflow/.local/lib/python3.7/site-packages/airflow/example_dags/example_task_group_decorator.py
[2025-01-29T23:57:15.717+0000] {logging_mixin.py:120} INFO - [2025-01-29T23:57:15.716+0000] {dag.py:2585} INFO - Sync 1 DAGs
[2025-01-29T23:57:15.750+0000] {logging_mixin.py:120} INFO - [2025-01-29T23:57:15.750+0000] {dag.py:3340} INFO - Setting next_dagrun for example_task_group_decorator to 2025-01-28T23:57:15.749936+00:00, run_after=2025-01-29T23:57:15.749936+00:00
[2025-01-29T23:57:15.773+0000] {processor.py:176} INFO - Processing /home/airflow/.local/lib/python3.7/site-packages/airflow/example_dags/example_task_group_decorator.py took 0.159 seconds
[2025-01-29T23:57:46.220+0000] {processor.py:154} INFO - Started process (PID=3179) to work on /home/airflow/.local/lib/python3.7/site-packages/airflow/example_dags/example_task_group_decorator.py
[2025-01-29T23:57:46.221+0000] {processor.py:756} INFO - Processing file /home/airflow/.local/lib/python3.7/site-packages/airflow/example_dags/example_task_group_decorator.py for tasks to queue
[2025-01-29T23:57:46.222+0000] {logging_mixin.py:120} INFO - [2025-01-29T23:57:46.222+0000] {dagbag.py:537} INFO - Filling up the DagBag from /home/airflow/.local/lib/python3.7/site-packages/airflow/example_dags/example_task_group_decorator.py
[2025-01-29T23:57:46.247+0000] {processor.py:766} INFO - DAG(s) dict_keys(['example_task_group_decorator']) retrieved from /home/airflow/.local/lib/python3.7/site-packages/airflow/example_dags/example_task_group_decorator.py
[2025-01-29T23:57:46.301+0000] {logging_mixin.py:120} INFO - [2025-01-29T23:57:46.301+0000] {dag.py:2585} INFO - Sync 1 DAGs
[2025-01-29T23:57:46.332+0000] {logging_mixin.py:120} INFO - [2025-01-29T23:57:46.332+0000] {dag.py:3340} INFO - Setting next_dagrun for example_task_group_decorator to 2025-01-28T23:57:46.331961+00:00, run_after=2025-01-29T23:57:46.331961+00:00
[2025-01-29T23:57:46.355+0000] {processor.py:176} INFO - Processing /home/airflow/.local/lib/python3.7/site-packages/airflow/example_dags/example_task_group_decorator.py took 0.137 seconds
[2025-01-29T23:58:16.975+0000] {processor.py:154} INFO - Started process (PID=3243) to work on /home/airflow/.local/lib/python3.7/site-packages/airflow/example_dags/example_task_group_decorator.py
[2025-01-29T23:58:16.976+0000] {processor.py:756} INFO - Processing file /home/airflow/.local/lib/python3.7/site-packages/airflow/example_dags/example_task_group_decorator.py for tasks to queue
[2025-01-29T23:58:16.976+0000] {logging_mixin.py:120} INFO - [2025-01-29T23:58:16.976+0000] {dagbag.py:537} INFO - Filling up the DagBag from /home/airflow/.local/lib/python3.7/site-packages/airflow/example_dags/example_task_group_decorator.py
[2025-01-29T23:58:17.002+0000] {processor.py:766} INFO - DAG(s) dict_keys(['example_task_group_decorator']) retrieved from /home/airflow/.local/lib/python3.7/site-packages/airflow/example_dags/example_task_group_decorator.py
[2025-01-29T23:58:17.058+0000] {logging_mixin.py:120} INFO - [2025-01-29T23:58:17.057+0000] {dag.py:2585} INFO - Sync 1 DAGs
[2025-01-29T23:58:17.087+0000] {logging_mixin.py:120} INFO - [2025-01-29T23:58:17.087+0000] {dag.py:3340} INFO - Setting next_dagrun for example_task_group_decorator to 2025-01-28T23:58:17.087502+00:00, run_after=2025-01-29T23:58:17.087502+00:00
[2025-01-29T23:58:17.110+0000] {processor.py:176} INFO - Processing /home/airflow/.local/lib/python3.7/site-packages/airflow/example_dags/example_task_group_decorator.py took 0.138 seconds
[2025-01-29T23:58:47.267+0000] {processor.py:154} INFO - Started process (PID=3307) to work on /home/airflow/.local/lib/python3.7/site-packages/airflow/example_dags/example_task_group_decorator.py
[2025-01-29T23:58:47.268+0000] {processor.py:756} INFO - Processing file /home/airflow/.local/lib/python3.7/site-packages/airflow/example_dags/example_task_group_decorator.py for tasks to queue
[2025-01-29T23:58:47.269+0000] {logging_mixin.py:120} INFO - [2025-01-29T23:58:47.269+0000] {dagbag.py:537} INFO - Filling up the DagBag from /home/airflow/.local/lib/python3.7/site-packages/airflow/example_dags/example_task_group_decorator.py
[2025-01-29T23:58:47.297+0000] {processor.py:766} INFO - DAG(s) dict_keys(['example_task_group_decorator']) retrieved from /home/airflow/.local/lib/python3.7/site-packages/airflow/example_dags/example_task_group_decorator.py
[2025-01-29T23:58:47.357+0000] {logging_mixin.py:120} INFO - [2025-01-29T23:58:47.357+0000] {dag.py:2585} INFO - Sync 1 DAGs
[2025-01-29T23:58:47.392+0000] {logging_mixin.py:120} INFO - [2025-01-29T23:58:47.392+0000] {dag.py:3340} INFO - Setting next_dagrun for example_task_group_decorator to 2025-01-28T23:58:47.392198+00:00, run_after=2025-01-29T23:58:47.392198+00:00
[2025-01-29T23:58:47.422+0000] {processor.py:176} INFO - Processing /home/airflow/.local/lib/python3.7/site-packages/airflow/example_dags/example_task_group_decorator.py took 0.157 seconds
[2025-01-29T23:59:17.912+0000] {processor.py:154} INFO - Started process (PID=3362) to work on /home/airflow/.local/lib/python3.7/site-packages/airflow/example_dags/example_task_group_decorator.py
[2025-01-29T23:59:17.913+0000] {processor.py:756} INFO - Processing file /home/airflow/.local/lib/python3.7/site-packages/airflow/example_dags/example_task_group_decorator.py for tasks to queue
[2025-01-29T23:59:17.914+0000] {logging_mixin.py:120} INFO - [2025-01-29T23:59:17.914+0000] {dagbag.py:537} INFO - Filling up the DagBag from /home/airflow/.local/lib/python3.7/site-packages/airflow/example_dags/example_task_group_decorator.py
[2025-01-29T23:59:17.939+0000] {processor.py:766} INFO - DAG(s) dict_keys(['example_task_group_decorator']) retrieved from /home/airflow/.local/lib/python3.7/site-packages/airflow/example_dags/example_task_group_decorator.py
[2025-01-29T23:59:17.996+0000] {logging_mixin.py:120} INFO - [2025-01-29T23:59:17.995+0000] {dag.py:2585} INFO - Sync 1 DAGs
[2025-01-29T23:59:18.028+0000] {logging_mixin.py:120} INFO - [2025-01-29T23:59:18.027+0000] {dag.py:3340} INFO - Setting next_dagrun for example_task_group_decorator to 2025-01-28T23:59:18.027682+00:00, run_after=2025-01-29T23:59:18.027682+00:00
[2025-01-29T23:59:18.051+0000] {processor.py:176} INFO - Processing /home/airflow/.local/lib/python3.7/site-packages/airflow/example_dags/example_task_group_decorator.py took 0.141 seconds
[2025-01-29T23:59:48.506+0000] {processor.py:154} INFO - Started process (PID=3426) to work on /home/airflow/.local/lib/python3.7/site-packages/airflow/example_dags/example_task_group_decorator.py
[2025-01-29T23:59:48.507+0000] {processor.py:756} INFO - Processing file /home/airflow/.local/lib/python3.7/site-packages/airflow/example_dags/example_task_group_decorator.py for tasks to queue
[2025-01-29T23:59:48.508+0000] {logging_mixin.py:120} INFO - [2025-01-29T23:59:48.508+0000] {dagbag.py:537} INFO - Filling up the DagBag from /home/airflow/.local/lib/python3.7/site-packages/airflow/example_dags/example_task_group_decorator.py
[2025-01-29T23:59:48.539+0000] {processor.py:766} INFO - DAG(s) dict_keys(['example_task_group_decorator']) retrieved from /home/airflow/.local/lib/python3.7/site-packages/airflow/example_dags/example_task_group_decorator.py
[2025-01-29T23:59:48.603+0000] {logging_mixin.py:120} INFO - [2025-01-29T23:59:48.602+0000] {dag.py:2585} INFO - Sync 1 DAGs
[2025-01-29T23:59:48.633+0000] {logging_mixin.py:120} INFO - [2025-01-29T23:59:48.633+0000] {dag.py:3340} INFO - Setting next_dagrun for example_task_group_decorator to 2025-01-28T23:59:48.633282+00:00, run_after=2025-01-29T23:59:48.633282+00:00
[2025-01-29T23:59:48.655+0000] {processor.py:176} INFO - Processing /home/airflow/.local/lib/python3.7/site-packages/airflow/example_dags/example_task_group_decorator.py took 0.153 seconds
