[2025-01-29T23:31:45.785+0000] {processor.py:154} INFO - Started process (PID=51) to work on /home/airflow/.local/lib/python3.7/site-packages/airflow/example_dags/example_local_kubernetes_executor.py
[2025-01-29T23:31:45.787+0000] {processor.py:756} INFO - Processing file /home/airflow/.local/lib/python3.7/site-packages/airflow/example_dags/example_local_kubernetes_executor.py for tasks to queue
[2025-01-29T23:31:45.788+0000] {logging_mixin.py:120} INFO - [2025-01-29T23:31:45.788+0000] {dagbag.py:537} INFO - Filling up the DagBag from /home/airflow/.local/lib/python3.7/site-packages/airflow/example_dags/example_local_kubernetes_executor.py
[2025-01-29T23:31:45.836+0000] {processor.py:766} INFO - DAG(s) dict_keys(['example_local_kubernetes_executor']) retrieved from /home/airflow/.local/lib/python3.7/site-packages/airflow/example_dags/example_local_kubernetes_executor.py
[2025-01-29T23:31:46.126+0000] {logging_mixin.py:120} INFO - [2025-01-29T23:31:46.125+0000] {manager.py:507} INFO - Created Permission View: can read on DAG:example_local_kubernetes_executor
[2025-01-29T23:31:46.137+0000] {logging_mixin.py:120} INFO - [2025-01-29T23:31:46.136+0000] {manager.py:507} INFO - Created Permission View: can delete on DAG:example_local_kubernetes_executor
[2025-01-29T23:31:46.145+0000] {logging_mixin.py:120} INFO - [2025-01-29T23:31:46.145+0000] {manager.py:507} INFO - Created Permission View: can edit on DAG:example_local_kubernetes_executor
[2025-01-29T23:31:46.145+0000] {logging_mixin.py:120} INFO - [2025-01-29T23:31:46.145+0000] {dag.py:2585} INFO - Sync 1 DAGs
[2025-01-29T23:31:46.169+0000] {logging_mixin.py:120} INFO - [2025-01-29T23:31:46.169+0000] {dag.py:2606} INFO - Creating ORM DAG for example_local_kubernetes_executor
[2025-01-29T23:31:46.189+0000] {logging_mixin.py:120} INFO - [2025-01-29T23:31:46.188+0000] {dag.py:3340} INFO - Setting next_dagrun for example_local_kubernetes_executor to None, run_after=None
[2025-01-29T23:31:46.227+0000] {processor.py:176} INFO - Processing /home/airflow/.local/lib/python3.7/site-packages/airflow/example_dags/example_local_kubernetes_executor.py took 0.447 seconds
[2025-01-29T23:32:16.324+0000] {processor.py:154} INFO - Started process (PID=106) to work on /home/airflow/.local/lib/python3.7/site-packages/airflow/example_dags/example_local_kubernetes_executor.py
[2025-01-29T23:32:16.325+0000] {processor.py:756} INFO - Processing file /home/airflow/.local/lib/python3.7/site-packages/airflow/example_dags/example_local_kubernetes_executor.py for tasks to queue
[2025-01-29T23:32:16.326+0000] {logging_mixin.py:120} INFO - [2025-01-29T23:32:16.326+0000] {dagbag.py:537} INFO - Filling up the DagBag from /home/airflow/.local/lib/python3.7/site-packages/airflow/example_dags/example_local_kubernetes_executor.py
[2025-01-29T23:32:16.348+0000] {processor.py:766} INFO - DAG(s) dict_keys(['example_local_kubernetes_executor']) retrieved from /home/airflow/.local/lib/python3.7/site-packages/airflow/example_dags/example_local_kubernetes_executor.py
[2025-01-29T23:32:16.411+0000] {logging_mixin.py:120} INFO - [2025-01-29T23:32:16.410+0000] {dag.py:2585} INFO - Sync 1 DAGs
[2025-01-29T23:32:16.446+0000] {logging_mixin.py:120} INFO - [2025-01-29T23:32:16.445+0000] {dag.py:3340} INFO - Setting next_dagrun for example_local_kubernetes_executor to None, run_after=None
[2025-01-29T23:32:16.471+0000] {processor.py:176} INFO - Processing /home/airflow/.local/lib/python3.7/site-packages/airflow/example_dags/example_local_kubernetes_executor.py took 0.150 seconds
[2025-01-29T23:32:46.983+0000] {processor.py:154} INFO - Started process (PID=171) to work on /home/airflow/.local/lib/python3.7/site-packages/airflow/example_dags/example_local_kubernetes_executor.py
[2025-01-29T23:32:46.984+0000] {processor.py:756} INFO - Processing file /home/airflow/.local/lib/python3.7/site-packages/airflow/example_dags/example_local_kubernetes_executor.py for tasks to queue
[2025-01-29T23:32:46.985+0000] {logging_mixin.py:120} INFO - [2025-01-29T23:32:46.985+0000] {dagbag.py:537} INFO - Filling up the DagBag from /home/airflow/.local/lib/python3.7/site-packages/airflow/example_dags/example_local_kubernetes_executor.py
[2025-01-29T23:32:47.010+0000] {processor.py:766} INFO - DAG(s) dict_keys(['example_local_kubernetes_executor']) retrieved from /home/airflow/.local/lib/python3.7/site-packages/airflow/example_dags/example_local_kubernetes_executor.py
[2025-01-29T23:32:47.075+0000] {logging_mixin.py:120} INFO - [2025-01-29T23:32:47.075+0000] {dag.py:2585} INFO - Sync 1 DAGs
[2025-01-29T23:32:47.117+0000] {logging_mixin.py:120} INFO - [2025-01-29T23:32:47.116+0000] {dag.py:3340} INFO - Setting next_dagrun for example_local_kubernetes_executor to None, run_after=None
[2025-01-29T23:32:47.145+0000] {processor.py:176} INFO - Processing /home/airflow/.local/lib/python3.7/site-packages/airflow/example_dags/example_local_kubernetes_executor.py took 0.166 seconds
[2025-01-29T23:33:17.439+0000] {processor.py:154} INFO - Started process (PID=235) to work on /home/airflow/.local/lib/python3.7/site-packages/airflow/example_dags/example_local_kubernetes_executor.py
[2025-01-29T23:33:17.439+0000] {processor.py:756} INFO - Processing file /home/airflow/.local/lib/python3.7/site-packages/airflow/example_dags/example_local_kubernetes_executor.py for tasks to queue
[2025-01-29T23:33:17.440+0000] {logging_mixin.py:120} INFO - [2025-01-29T23:33:17.440+0000] {dagbag.py:537} INFO - Filling up the DagBag from /home/airflow/.local/lib/python3.7/site-packages/airflow/example_dags/example_local_kubernetes_executor.py
[2025-01-29T23:33:17.460+0000] {processor.py:766} INFO - DAG(s) dict_keys(['example_local_kubernetes_executor']) retrieved from /home/airflow/.local/lib/python3.7/site-packages/airflow/example_dags/example_local_kubernetes_executor.py
[2025-01-29T23:33:17.512+0000] {logging_mixin.py:120} INFO - [2025-01-29T23:33:17.512+0000] {dag.py:2585} INFO - Sync 1 DAGs
[2025-01-29T23:33:17.544+0000] {logging_mixin.py:120} INFO - [2025-01-29T23:33:17.544+0000] {dag.py:3340} INFO - Setting next_dagrun for example_local_kubernetes_executor to None, run_after=None
[2025-01-29T23:33:17.572+0000] {processor.py:176} INFO - Processing /home/airflow/.local/lib/python3.7/site-packages/airflow/example_dags/example_local_kubernetes_executor.py took 0.135 seconds
[2025-01-29T23:33:48.068+0000] {processor.py:154} INFO - Started process (PID=290) to work on /home/airflow/.local/lib/python3.7/site-packages/airflow/example_dags/example_local_kubernetes_executor.py
[2025-01-29T23:33:48.069+0000] {processor.py:756} INFO - Processing file /home/airflow/.local/lib/python3.7/site-packages/airflow/example_dags/example_local_kubernetes_executor.py for tasks to queue
[2025-01-29T23:33:48.069+0000] {logging_mixin.py:120} INFO - [2025-01-29T23:33:48.069+0000] {dagbag.py:537} INFO - Filling up the DagBag from /home/airflow/.local/lib/python3.7/site-packages/airflow/example_dags/example_local_kubernetes_executor.py
[2025-01-29T23:33:48.088+0000] {processor.py:766} INFO - DAG(s) dict_keys(['example_local_kubernetes_executor']) retrieved from /home/airflow/.local/lib/python3.7/site-packages/airflow/example_dags/example_local_kubernetes_executor.py
[2025-01-29T23:33:48.154+0000] {logging_mixin.py:120} INFO - [2025-01-29T23:33:48.154+0000] {dag.py:2585} INFO - Sync 1 DAGs
[2025-01-29T23:33:48.189+0000] {logging_mixin.py:120} INFO - [2025-01-29T23:33:48.189+0000] {dag.py:3340} INFO - Setting next_dagrun for example_local_kubernetes_executor to None, run_after=None
[2025-01-29T23:33:48.222+0000] {processor.py:176} INFO - Processing /home/airflow/.local/lib/python3.7/site-packages/airflow/example_dags/example_local_kubernetes_executor.py took 0.156 seconds
[2025-01-29T23:34:18.363+0000] {processor.py:154} INFO - Started process (PID=354) to work on /home/airflow/.local/lib/python3.7/site-packages/airflow/example_dags/example_local_kubernetes_executor.py
[2025-01-29T23:34:18.364+0000] {processor.py:756} INFO - Processing file /home/airflow/.local/lib/python3.7/site-packages/airflow/example_dags/example_local_kubernetes_executor.py for tasks to queue
[2025-01-29T23:34:18.365+0000] {logging_mixin.py:120} INFO - [2025-01-29T23:34:18.365+0000] {dagbag.py:537} INFO - Filling up the DagBag from /home/airflow/.local/lib/python3.7/site-packages/airflow/example_dags/example_local_kubernetes_executor.py
[2025-01-29T23:34:18.395+0000] {processor.py:766} INFO - DAG(s) dict_keys(['example_local_kubernetes_executor']) retrieved from /home/airflow/.local/lib/python3.7/site-packages/airflow/example_dags/example_local_kubernetes_executor.py
[2025-01-29T23:34:18.463+0000] {logging_mixin.py:120} INFO - [2025-01-29T23:34:18.463+0000] {dag.py:2585} INFO - Sync 1 DAGs
[2025-01-29T23:34:18.500+0000] {logging_mixin.py:120} INFO - [2025-01-29T23:34:18.500+0000] {dag.py:3340} INFO - Setting next_dagrun for example_local_kubernetes_executor to None, run_after=None
[2025-01-29T23:34:18.526+0000] {processor.py:176} INFO - Processing /home/airflow/.local/lib/python3.7/site-packages/airflow/example_dags/example_local_kubernetes_executor.py took 0.168 seconds
[2025-01-29T23:34:48.789+0000] {processor.py:154} INFO - Started process (PID=417) to work on /home/airflow/.local/lib/python3.7/site-packages/airflow/example_dags/example_local_kubernetes_executor.py
[2025-01-29T23:34:48.790+0000] {processor.py:756} INFO - Processing file /home/airflow/.local/lib/python3.7/site-packages/airflow/example_dags/example_local_kubernetes_executor.py for tasks to queue
[2025-01-29T23:34:48.790+0000] {logging_mixin.py:120} INFO - [2025-01-29T23:34:48.790+0000] {dagbag.py:537} INFO - Filling up the DagBag from /home/airflow/.local/lib/python3.7/site-packages/airflow/example_dags/example_local_kubernetes_executor.py
[2025-01-29T23:34:48.810+0000] {processor.py:766} INFO - DAG(s) dict_keys(['example_local_kubernetes_executor']) retrieved from /home/airflow/.local/lib/python3.7/site-packages/airflow/example_dags/example_local_kubernetes_executor.py
[2025-01-29T23:34:48.862+0000] {logging_mixin.py:120} INFO - [2025-01-29T23:34:48.861+0000] {dag.py:2585} INFO - Sync 1 DAGs
[2025-01-29T23:34:48.902+0000] {logging_mixin.py:120} INFO - [2025-01-29T23:34:48.902+0000] {dag.py:3340} INFO - Setting next_dagrun for example_local_kubernetes_executor to None, run_after=None
[2025-01-29T23:34:48.947+0000] {processor.py:176} INFO - Processing /home/airflow/.local/lib/python3.7/site-packages/airflow/example_dags/example_local_kubernetes_executor.py took 0.160 seconds
[2025-01-29T23:35:19.113+0000] {processor.py:154} INFO - Started process (PID=472) to work on /home/airflow/.local/lib/python3.7/site-packages/airflow/example_dags/example_local_kubernetes_executor.py
[2025-01-29T23:35:19.114+0000] {processor.py:756} INFO - Processing file /home/airflow/.local/lib/python3.7/site-packages/airflow/example_dags/example_local_kubernetes_executor.py for tasks to queue
[2025-01-29T23:35:19.115+0000] {logging_mixin.py:120} INFO - [2025-01-29T23:35:19.115+0000] {dagbag.py:537} INFO - Filling up the DagBag from /home/airflow/.local/lib/python3.7/site-packages/airflow/example_dags/example_local_kubernetes_executor.py
[2025-01-29T23:35:19.136+0000] {processor.py:766} INFO - DAG(s) dict_keys(['example_local_kubernetes_executor']) retrieved from /home/airflow/.local/lib/python3.7/site-packages/airflow/example_dags/example_local_kubernetes_executor.py
[2025-01-29T23:35:19.189+0000] {logging_mixin.py:120} INFO - [2025-01-29T23:35:19.188+0000] {dag.py:2585} INFO - Sync 1 DAGs
[2025-01-29T23:35:19.219+0000] {logging_mixin.py:120} INFO - [2025-01-29T23:35:19.219+0000] {dag.py:3340} INFO - Setting next_dagrun for example_local_kubernetes_executor to None, run_after=None
[2025-01-29T23:35:19.246+0000] {processor.py:176} INFO - Processing /home/airflow/.local/lib/python3.7/site-packages/airflow/example_dags/example_local_kubernetes_executor.py took 0.135 seconds
[2025-01-29T23:35:50.162+0000] {processor.py:154} INFO - Started process (PID=536) to work on /home/airflow/.local/lib/python3.7/site-packages/airflow/example_dags/example_local_kubernetes_executor.py
[2025-01-29T23:35:50.163+0000] {processor.py:756} INFO - Processing file /home/airflow/.local/lib/python3.7/site-packages/airflow/example_dags/example_local_kubernetes_executor.py for tasks to queue
[2025-01-29T23:35:50.163+0000] {logging_mixin.py:120} INFO - [2025-01-29T23:35:50.163+0000] {dagbag.py:537} INFO - Filling up the DagBag from /home/airflow/.local/lib/python3.7/site-packages/airflow/example_dags/example_local_kubernetes_executor.py
[2025-01-29T23:35:50.205+0000] {processor.py:766} INFO - DAG(s) dict_keys(['example_local_kubernetes_executor']) retrieved from /home/airflow/.local/lib/python3.7/site-packages/airflow/example_dags/example_local_kubernetes_executor.py
[2025-01-29T23:35:50.281+0000] {logging_mixin.py:120} INFO - [2025-01-29T23:35:50.281+0000] {dag.py:2585} INFO - Sync 1 DAGs
[2025-01-29T23:35:50.333+0000] {logging_mixin.py:120} INFO - [2025-01-29T23:35:50.333+0000] {dag.py:3340} INFO - Setting next_dagrun for example_local_kubernetes_executor to None, run_after=None
[2025-01-29T23:35:50.364+0000] {processor.py:176} INFO - Processing /home/airflow/.local/lib/python3.7/site-packages/airflow/example_dags/example_local_kubernetes_executor.py took 0.204 seconds
[2025-01-29T23:36:20.482+0000] {processor.py:154} INFO - Started process (PID=600) to work on /home/airflow/.local/lib/python3.7/site-packages/airflow/example_dags/example_local_kubernetes_executor.py
[2025-01-29T23:36:20.483+0000] {processor.py:756} INFO - Processing file /home/airflow/.local/lib/python3.7/site-packages/airflow/example_dags/example_local_kubernetes_executor.py for tasks to queue
[2025-01-29T23:36:20.484+0000] {logging_mixin.py:120} INFO - [2025-01-29T23:36:20.484+0000] {dagbag.py:537} INFO - Filling up the DagBag from /home/airflow/.local/lib/python3.7/site-packages/airflow/example_dags/example_local_kubernetes_executor.py
[2025-01-29T23:36:20.510+0000] {processor.py:766} INFO - DAG(s) dict_keys(['example_local_kubernetes_executor']) retrieved from /home/airflow/.local/lib/python3.7/site-packages/airflow/example_dags/example_local_kubernetes_executor.py
[2025-01-29T23:36:20.571+0000] {logging_mixin.py:120} INFO - [2025-01-29T23:36:20.571+0000] {dag.py:2585} INFO - Sync 1 DAGs
[2025-01-29T23:36:20.611+0000] {logging_mixin.py:120} INFO - [2025-01-29T23:36:20.611+0000] {dag.py:3340} INFO - Setting next_dagrun for example_local_kubernetes_executor to None, run_after=None
[2025-01-29T23:36:20.636+0000] {processor.py:176} INFO - Processing /home/airflow/.local/lib/python3.7/site-packages/airflow/example_dags/example_local_kubernetes_executor.py took 0.157 seconds
[2025-01-29T23:36:51.653+0000] {processor.py:154} INFO - Started process (PID=664) to work on /home/airflow/.local/lib/python3.7/site-packages/airflow/example_dags/example_local_kubernetes_executor.py
[2025-01-29T23:36:51.654+0000] {processor.py:756} INFO - Processing file /home/airflow/.local/lib/python3.7/site-packages/airflow/example_dags/example_local_kubernetes_executor.py for tasks to queue
[2025-01-29T23:36:51.656+0000] {logging_mixin.py:120} INFO - [2025-01-29T23:36:51.655+0000] {dagbag.py:537} INFO - Filling up the DagBag from /home/airflow/.local/lib/python3.7/site-packages/airflow/example_dags/example_local_kubernetes_executor.py
[2025-01-29T23:36:51.685+0000] {processor.py:766} INFO - DAG(s) dict_keys(['example_local_kubernetes_executor']) retrieved from /home/airflow/.local/lib/python3.7/site-packages/airflow/example_dags/example_local_kubernetes_executor.py
[2025-01-29T23:36:51.790+0000] {logging_mixin.py:120} INFO - [2025-01-29T23:36:51.789+0000] {dag.py:2585} INFO - Sync 1 DAGs
[2025-01-29T23:36:51.860+0000] {logging_mixin.py:120} INFO - [2025-01-29T23:36:51.859+0000] {dag.py:3340} INFO - Setting next_dagrun for example_local_kubernetes_executor to None, run_after=None
[2025-01-29T23:36:51.899+0000] {processor.py:176} INFO - Processing /home/airflow/.local/lib/python3.7/site-packages/airflow/example_dags/example_local_kubernetes_executor.py took 0.250 seconds
[2025-01-29T23:37:21.953+0000] {processor.py:154} INFO - Started process (PID=719) to work on /home/airflow/.local/lib/python3.7/site-packages/airflow/example_dags/example_local_kubernetes_executor.py
[2025-01-29T23:37:21.954+0000] {processor.py:756} INFO - Processing file /home/airflow/.local/lib/python3.7/site-packages/airflow/example_dags/example_local_kubernetes_executor.py for tasks to queue
[2025-01-29T23:37:21.955+0000] {logging_mixin.py:120} INFO - [2025-01-29T23:37:21.955+0000] {dagbag.py:537} INFO - Filling up the DagBag from /home/airflow/.local/lib/python3.7/site-packages/airflow/example_dags/example_local_kubernetes_executor.py
[2025-01-29T23:37:21.974+0000] {processor.py:766} INFO - DAG(s) dict_keys(['example_local_kubernetes_executor']) retrieved from /home/airflow/.local/lib/python3.7/site-packages/airflow/example_dags/example_local_kubernetes_executor.py
[2025-01-29T23:37:22.024+0000] {logging_mixin.py:120} INFO - [2025-01-29T23:37:22.024+0000] {dag.py:2585} INFO - Sync 1 DAGs
[2025-01-29T23:37:22.055+0000] {logging_mixin.py:120} INFO - [2025-01-29T23:37:22.055+0000] {dag.py:3340} INFO - Setting next_dagrun for example_local_kubernetes_executor to None, run_after=None
[2025-01-29T23:37:22.078+0000] {processor.py:176} INFO - Processing /home/airflow/.local/lib/python3.7/site-packages/airflow/example_dags/example_local_kubernetes_executor.py took 0.127 seconds
[2025-01-29T23:37:52.126+0000] {processor.py:154} INFO - Started process (PID=783) to work on /home/airflow/.local/lib/python3.7/site-packages/airflow/example_dags/example_local_kubernetes_executor.py
[2025-01-29T23:37:52.127+0000] {processor.py:756} INFO - Processing file /home/airflow/.local/lib/python3.7/site-packages/airflow/example_dags/example_local_kubernetes_executor.py for tasks to queue
[2025-01-29T23:37:52.127+0000] {logging_mixin.py:120} INFO - [2025-01-29T23:37:52.127+0000] {dagbag.py:537} INFO - Filling up the DagBag from /home/airflow/.local/lib/python3.7/site-packages/airflow/example_dags/example_local_kubernetes_executor.py
[2025-01-29T23:37:52.148+0000] {processor.py:766} INFO - DAG(s) dict_keys(['example_local_kubernetes_executor']) retrieved from /home/airflow/.local/lib/python3.7/site-packages/airflow/example_dags/example_local_kubernetes_executor.py
[2025-01-29T23:37:52.198+0000] {logging_mixin.py:120} INFO - [2025-01-29T23:37:52.198+0000] {dag.py:2585} INFO - Sync 1 DAGs
[2025-01-29T23:37:52.229+0000] {logging_mixin.py:120} INFO - [2025-01-29T23:37:52.229+0000] {dag.py:3340} INFO - Setting next_dagrun for example_local_kubernetes_executor to None, run_after=None
[2025-01-29T23:37:52.251+0000] {processor.py:176} INFO - Processing /home/airflow/.local/lib/python3.7/site-packages/airflow/example_dags/example_local_kubernetes_executor.py took 0.128 seconds
[2025-01-29T23:38:22.926+0000] {processor.py:154} INFO - Started process (PID=847) to work on /home/airflow/.local/lib/python3.7/site-packages/airflow/example_dags/example_local_kubernetes_executor.py
[2025-01-29T23:38:22.927+0000] {processor.py:756} INFO - Processing file /home/airflow/.local/lib/python3.7/site-packages/airflow/example_dags/example_local_kubernetes_executor.py for tasks to queue
[2025-01-29T23:38:22.928+0000] {logging_mixin.py:120} INFO - [2025-01-29T23:38:22.928+0000] {dagbag.py:537} INFO - Filling up the DagBag from /home/airflow/.local/lib/python3.7/site-packages/airflow/example_dags/example_local_kubernetes_executor.py
[2025-01-29T23:38:22.947+0000] {processor.py:766} INFO - DAG(s) dict_keys(['example_local_kubernetes_executor']) retrieved from /home/airflow/.local/lib/python3.7/site-packages/airflow/example_dags/example_local_kubernetes_executor.py
[2025-01-29T23:38:22.999+0000] {logging_mixin.py:120} INFO - [2025-01-29T23:38:22.999+0000] {dag.py:2585} INFO - Sync 1 DAGs
[2025-01-29T23:38:23.029+0000] {logging_mixin.py:120} INFO - [2025-01-29T23:38:23.028+0000] {dag.py:3340} INFO - Setting next_dagrun for example_local_kubernetes_executor to None, run_after=None
[2025-01-29T23:38:23.052+0000] {processor.py:176} INFO - Processing /home/airflow/.local/lib/python3.7/site-packages/airflow/example_dags/example_local_kubernetes_executor.py took 0.128 seconds
[2025-01-29T23:38:54.051+0000] {processor.py:154} INFO - Started process (PID=902) to work on /home/airflow/.local/lib/python3.7/site-packages/airflow/example_dags/example_local_kubernetes_executor.py
[2025-01-29T23:38:54.052+0000] {processor.py:756} INFO - Processing file /home/airflow/.local/lib/python3.7/site-packages/airflow/example_dags/example_local_kubernetes_executor.py for tasks to queue
[2025-01-29T23:38:54.053+0000] {logging_mixin.py:120} INFO - [2025-01-29T23:38:54.053+0000] {dagbag.py:537} INFO - Filling up the DagBag from /home/airflow/.local/lib/python3.7/site-packages/airflow/example_dags/example_local_kubernetes_executor.py
[2025-01-29T23:38:54.074+0000] {processor.py:766} INFO - DAG(s) dict_keys(['example_local_kubernetes_executor']) retrieved from /home/airflow/.local/lib/python3.7/site-packages/airflow/example_dags/example_local_kubernetes_executor.py
[2025-01-29T23:38:54.126+0000] {logging_mixin.py:120} INFO - [2025-01-29T23:38:54.126+0000] {dag.py:2585} INFO - Sync 1 DAGs
[2025-01-29T23:38:54.163+0000] {logging_mixin.py:120} INFO - [2025-01-29T23:38:54.163+0000] {dag.py:3340} INFO - Setting next_dagrun for example_local_kubernetes_executor to None, run_after=None
[2025-01-29T23:38:54.186+0000] {processor.py:176} INFO - Processing /home/airflow/.local/lib/python3.7/site-packages/airflow/example_dags/example_local_kubernetes_executor.py took 0.137 seconds
[2025-01-29T23:39:24.754+0000] {processor.py:154} INFO - Started process (PID=966) to work on /home/airflow/.local/lib/python3.7/site-packages/airflow/example_dags/example_local_kubernetes_executor.py
[2025-01-29T23:39:24.755+0000] {processor.py:756} INFO - Processing file /home/airflow/.local/lib/python3.7/site-packages/airflow/example_dags/example_local_kubernetes_executor.py for tasks to queue
[2025-01-29T23:39:24.755+0000] {logging_mixin.py:120} INFO - [2025-01-29T23:39:24.755+0000] {dagbag.py:537} INFO - Filling up the DagBag from /home/airflow/.local/lib/python3.7/site-packages/airflow/example_dags/example_local_kubernetes_executor.py
[2025-01-29T23:39:24.774+0000] {processor.py:766} INFO - DAG(s) dict_keys(['example_local_kubernetes_executor']) retrieved from /home/airflow/.local/lib/python3.7/site-packages/airflow/example_dags/example_local_kubernetes_executor.py
[2025-01-29T23:39:24.828+0000] {logging_mixin.py:120} INFO - [2025-01-29T23:39:24.828+0000] {dag.py:2585} INFO - Sync 1 DAGs
[2025-01-29T23:39:24.861+0000] {logging_mixin.py:120} INFO - [2025-01-29T23:39:24.861+0000] {dag.py:3340} INFO - Setting next_dagrun for example_local_kubernetes_executor to None, run_after=None
[2025-01-29T23:39:24.884+0000] {processor.py:176} INFO - Processing /home/airflow/.local/lib/python3.7/site-packages/airflow/example_dags/example_local_kubernetes_executor.py took 0.134 seconds
[2025-01-29T23:39:55.549+0000] {processor.py:154} INFO - Started process (PID=1030) to work on /home/airflow/.local/lib/python3.7/site-packages/airflow/example_dags/example_local_kubernetes_executor.py
[2025-01-29T23:39:55.550+0000] {processor.py:756} INFO - Processing file /home/airflow/.local/lib/python3.7/site-packages/airflow/example_dags/example_local_kubernetes_executor.py for tasks to queue
[2025-01-29T23:39:55.551+0000] {logging_mixin.py:120} INFO - [2025-01-29T23:39:55.551+0000] {dagbag.py:537} INFO - Filling up the DagBag from /home/airflow/.local/lib/python3.7/site-packages/airflow/example_dags/example_local_kubernetes_executor.py
[2025-01-29T23:39:55.572+0000] {processor.py:766} INFO - DAG(s) dict_keys(['example_local_kubernetes_executor']) retrieved from /home/airflow/.local/lib/python3.7/site-packages/airflow/example_dags/example_local_kubernetes_executor.py
[2025-01-29T23:39:55.624+0000] {logging_mixin.py:120} INFO - [2025-01-29T23:39:55.624+0000] {dag.py:2585} INFO - Sync 1 DAGs
[2025-01-29T23:39:55.659+0000] {logging_mixin.py:120} INFO - [2025-01-29T23:39:55.658+0000] {dag.py:3340} INFO - Setting next_dagrun for example_local_kubernetes_executor to None, run_after=None
[2025-01-29T23:39:55.685+0000] {processor.py:176} INFO - Processing /home/airflow/.local/lib/python3.7/site-packages/airflow/example_dags/example_local_kubernetes_executor.py took 0.138 seconds
[2025-01-29T23:40:25.898+0000] {processor.py:154} INFO - Started process (PID=1092) to work on /home/airflow/.local/lib/python3.7/site-packages/airflow/example_dags/example_local_kubernetes_executor.py
[2025-01-29T23:40:25.899+0000] {processor.py:756} INFO - Processing file /home/airflow/.local/lib/python3.7/site-packages/airflow/example_dags/example_local_kubernetes_executor.py for tasks to queue
[2025-01-29T23:40:25.900+0000] {logging_mixin.py:120} INFO - [2025-01-29T23:40:25.900+0000] {dagbag.py:537} INFO - Filling up the DagBag from /home/airflow/.local/lib/python3.7/site-packages/airflow/example_dags/example_local_kubernetes_executor.py
[2025-01-29T23:40:25.921+0000] {processor.py:766} INFO - DAG(s) dict_keys(['example_local_kubernetes_executor']) retrieved from /home/airflow/.local/lib/python3.7/site-packages/airflow/example_dags/example_local_kubernetes_executor.py
[2025-01-29T23:40:25.989+0000] {logging_mixin.py:120} INFO - [2025-01-29T23:40:25.988+0000] {dag.py:2585} INFO - Sync 1 DAGs
[2025-01-29T23:40:26.021+0000] {logging_mixin.py:120} INFO - [2025-01-29T23:40:26.020+0000] {dag.py:3340} INFO - Setting next_dagrun for example_local_kubernetes_executor to None, run_after=None
[2025-01-29T23:40:26.046+0000] {processor.py:176} INFO - Processing /home/airflow/.local/lib/python3.7/site-packages/airflow/example_dags/example_local_kubernetes_executor.py took 0.151 seconds
[2025-01-29T23:40:56.300+0000] {processor.py:154} INFO - Started process (PID=1149) to work on /home/airflow/.local/lib/python3.7/site-packages/airflow/example_dags/example_local_kubernetes_executor.py
[2025-01-29T23:40:56.301+0000] {processor.py:756} INFO - Processing file /home/airflow/.local/lib/python3.7/site-packages/airflow/example_dags/example_local_kubernetes_executor.py for tasks to queue
[2025-01-29T23:40:56.301+0000] {logging_mixin.py:120} INFO - [2025-01-29T23:40:56.301+0000] {dagbag.py:537} INFO - Filling up the DagBag from /home/airflow/.local/lib/python3.7/site-packages/airflow/example_dags/example_local_kubernetes_executor.py
[2025-01-29T23:40:56.325+0000] {processor.py:766} INFO - DAG(s) dict_keys(['example_local_kubernetes_executor']) retrieved from /home/airflow/.local/lib/python3.7/site-packages/airflow/example_dags/example_local_kubernetes_executor.py
[2025-01-29T23:40:56.387+0000] {logging_mixin.py:120} INFO - [2025-01-29T23:40:56.387+0000] {dag.py:2585} INFO - Sync 1 DAGs
[2025-01-29T23:40:56.422+0000] {logging_mixin.py:120} INFO - [2025-01-29T23:40:56.422+0000] {dag.py:3340} INFO - Setting next_dagrun for example_local_kubernetes_executor to None, run_after=None
[2025-01-29T23:40:56.446+0000] {processor.py:176} INFO - Processing /home/airflow/.local/lib/python3.7/site-packages/airflow/example_dags/example_local_kubernetes_executor.py took 0.149 seconds
[2025-01-29T23:41:26.934+0000] {processor.py:154} INFO - Started process (PID=1213) to work on /home/airflow/.local/lib/python3.7/site-packages/airflow/example_dags/example_local_kubernetes_executor.py
[2025-01-29T23:41:26.935+0000] {processor.py:756} INFO - Processing file /home/airflow/.local/lib/python3.7/site-packages/airflow/example_dags/example_local_kubernetes_executor.py for tasks to queue
[2025-01-29T23:41:26.936+0000] {logging_mixin.py:120} INFO - [2025-01-29T23:41:26.935+0000] {dagbag.py:537} INFO - Filling up the DagBag from /home/airflow/.local/lib/python3.7/site-packages/airflow/example_dags/example_local_kubernetes_executor.py
[2025-01-29T23:41:26.963+0000] {processor.py:766} INFO - DAG(s) dict_keys(['example_local_kubernetes_executor']) retrieved from /home/airflow/.local/lib/python3.7/site-packages/airflow/example_dags/example_local_kubernetes_executor.py
[2025-01-29T23:41:27.017+0000] {logging_mixin.py:120} INFO - [2025-01-29T23:41:27.016+0000] {dag.py:2585} INFO - Sync 1 DAGs
[2025-01-29T23:41:27.047+0000] {logging_mixin.py:120} INFO - [2025-01-29T23:41:27.047+0000] {dag.py:3340} INFO - Setting next_dagrun for example_local_kubernetes_executor to None, run_after=None
[2025-01-29T23:41:27.071+0000] {processor.py:176} INFO - Processing /home/airflow/.local/lib/python3.7/site-packages/airflow/example_dags/example_local_kubernetes_executor.py took 0.140 seconds
[2025-01-29T23:41:57.693+0000] {processor.py:154} INFO - Started process (PID=1278) to work on /home/airflow/.local/lib/python3.7/site-packages/airflow/example_dags/example_local_kubernetes_executor.py
[2025-01-29T23:41:57.693+0000] {processor.py:756} INFO - Processing file /home/airflow/.local/lib/python3.7/site-packages/airflow/example_dags/example_local_kubernetes_executor.py for tasks to queue
[2025-01-29T23:41:57.694+0000] {logging_mixin.py:120} INFO - [2025-01-29T23:41:57.694+0000] {dagbag.py:537} INFO - Filling up the DagBag from /home/airflow/.local/lib/python3.7/site-packages/airflow/example_dags/example_local_kubernetes_executor.py
[2025-01-29T23:41:57.714+0000] {processor.py:766} INFO - DAG(s) dict_keys(['example_local_kubernetes_executor']) retrieved from /home/airflow/.local/lib/python3.7/site-packages/airflow/example_dags/example_local_kubernetes_executor.py
[2025-01-29T23:41:57.767+0000] {logging_mixin.py:120} INFO - [2025-01-29T23:41:57.766+0000] {dag.py:2585} INFO - Sync 1 DAGs
[2025-01-29T23:41:57.801+0000] {logging_mixin.py:120} INFO - [2025-01-29T23:41:57.801+0000] {dag.py:3340} INFO - Setting next_dagrun for example_local_kubernetes_executor to None, run_after=None
[2025-01-29T23:41:57.824+0000] {processor.py:176} INFO - Processing /home/airflow/.local/lib/python3.7/site-packages/airflow/example_dags/example_local_kubernetes_executor.py took 0.134 seconds
[2025-01-29T23:42:28.488+0000] {processor.py:154} INFO - Started process (PID=1333) to work on /home/airflow/.local/lib/python3.7/site-packages/airflow/example_dags/example_local_kubernetes_executor.py
[2025-01-29T23:42:28.489+0000] {processor.py:756} INFO - Processing file /home/airflow/.local/lib/python3.7/site-packages/airflow/example_dags/example_local_kubernetes_executor.py for tasks to queue
[2025-01-29T23:42:28.489+0000] {logging_mixin.py:120} INFO - [2025-01-29T23:42:28.489+0000] {dagbag.py:537} INFO - Filling up the DagBag from /home/airflow/.local/lib/python3.7/site-packages/airflow/example_dags/example_local_kubernetes_executor.py
[2025-01-29T23:42:28.512+0000] {processor.py:766} INFO - DAG(s) dict_keys(['example_local_kubernetes_executor']) retrieved from /home/airflow/.local/lib/python3.7/site-packages/airflow/example_dags/example_local_kubernetes_executor.py
[2025-01-29T23:42:28.560+0000] {logging_mixin.py:120} INFO - [2025-01-29T23:42:28.560+0000] {dag.py:2585} INFO - Sync 1 DAGs
[2025-01-29T23:42:28.601+0000] {logging_mixin.py:120} INFO - [2025-01-29T23:42:28.600+0000] {dag.py:3340} INFO - Setting next_dagrun for example_local_kubernetes_executor to None, run_after=None
[2025-01-29T23:42:28.629+0000] {processor.py:176} INFO - Processing /home/airflow/.local/lib/python3.7/site-packages/airflow/example_dags/example_local_kubernetes_executor.py took 0.144 seconds
[2025-01-29T23:42:59.427+0000] {processor.py:154} INFO - Started process (PID=1398) to work on /home/airflow/.local/lib/python3.7/site-packages/airflow/example_dags/example_local_kubernetes_executor.py
[2025-01-29T23:42:59.428+0000] {processor.py:756} INFO - Processing file /home/airflow/.local/lib/python3.7/site-packages/airflow/example_dags/example_local_kubernetes_executor.py for tasks to queue
[2025-01-29T23:42:59.429+0000] {logging_mixin.py:120} INFO - [2025-01-29T23:42:59.429+0000] {dagbag.py:537} INFO - Filling up the DagBag from /home/airflow/.local/lib/python3.7/site-packages/airflow/example_dags/example_local_kubernetes_executor.py
[2025-01-29T23:42:59.451+0000] {processor.py:766} INFO - DAG(s) dict_keys(['example_local_kubernetes_executor']) retrieved from /home/airflow/.local/lib/python3.7/site-packages/airflow/example_dags/example_local_kubernetes_executor.py
[2025-01-29T23:42:59.506+0000] {logging_mixin.py:120} INFO - [2025-01-29T23:42:59.506+0000] {dag.py:2585} INFO - Sync 1 DAGs
[2025-01-29T23:42:59.538+0000] {logging_mixin.py:120} INFO - [2025-01-29T23:42:59.537+0000] {dag.py:3340} INFO - Setting next_dagrun for example_local_kubernetes_executor to None, run_after=None
[2025-01-29T23:42:59.562+0000] {processor.py:176} INFO - Processing /home/airflow/.local/lib/python3.7/site-packages/airflow/example_dags/example_local_kubernetes_executor.py took 0.137 seconds
[2025-01-29T23:43:30.055+0000] {processor.py:154} INFO - Started process (PID=1462) to work on /home/airflow/.local/lib/python3.7/site-packages/airflow/example_dags/example_local_kubernetes_executor.py
[2025-01-29T23:43:30.056+0000] {processor.py:756} INFO - Processing file /home/airflow/.local/lib/python3.7/site-packages/airflow/example_dags/example_local_kubernetes_executor.py for tasks to queue
[2025-01-29T23:43:30.056+0000] {logging_mixin.py:120} INFO - [2025-01-29T23:43:30.056+0000] {dagbag.py:537} INFO - Filling up the DagBag from /home/airflow/.local/lib/python3.7/site-packages/airflow/example_dags/example_local_kubernetes_executor.py
[2025-01-29T23:43:30.077+0000] {processor.py:766} INFO - DAG(s) dict_keys(['example_local_kubernetes_executor']) retrieved from /home/airflow/.local/lib/python3.7/site-packages/airflow/example_dags/example_local_kubernetes_executor.py
[2025-01-29T23:43:30.131+0000] {logging_mixin.py:120} INFO - [2025-01-29T23:43:30.131+0000] {dag.py:2585} INFO - Sync 1 DAGs
[2025-01-29T23:43:30.166+0000] {logging_mixin.py:120} INFO - [2025-01-29T23:43:30.166+0000] {dag.py:3340} INFO - Setting next_dagrun for example_local_kubernetes_executor to None, run_after=None
[2025-01-29T23:43:30.195+0000] {processor.py:176} INFO - Processing /home/airflow/.local/lib/python3.7/site-packages/airflow/example_dags/example_local_kubernetes_executor.py took 0.143 seconds
[2025-01-29T23:44:00.723+0000] {processor.py:154} INFO - Started process (PID=1526) to work on /home/airflow/.local/lib/python3.7/site-packages/airflow/example_dags/example_local_kubernetes_executor.py
[2025-01-29T23:44:00.723+0000] {processor.py:756} INFO - Processing file /home/airflow/.local/lib/python3.7/site-packages/airflow/example_dags/example_local_kubernetes_executor.py for tasks to queue
[2025-01-29T23:44:00.724+0000] {logging_mixin.py:120} INFO - [2025-01-29T23:44:00.724+0000] {dagbag.py:537} INFO - Filling up the DagBag from /home/airflow/.local/lib/python3.7/site-packages/airflow/example_dags/example_local_kubernetes_executor.py
[2025-01-29T23:44:00.745+0000] {processor.py:766} INFO - DAG(s) dict_keys(['example_local_kubernetes_executor']) retrieved from /home/airflow/.local/lib/python3.7/site-packages/airflow/example_dags/example_local_kubernetes_executor.py
[2025-01-29T23:44:00.798+0000] {logging_mixin.py:120} INFO - [2025-01-29T23:44:00.798+0000] {dag.py:2585} INFO - Sync 1 DAGs
[2025-01-29T23:44:00.832+0000] {logging_mixin.py:120} INFO - [2025-01-29T23:44:00.831+0000] {dag.py:3340} INFO - Setting next_dagrun for example_local_kubernetes_executor to None, run_after=None
[2025-01-29T23:44:00.858+0000] {processor.py:176} INFO - Processing /home/airflow/.local/lib/python3.7/site-packages/airflow/example_dags/example_local_kubernetes_executor.py took 0.138 seconds
[2025-01-29T23:44:31.266+0000] {processor.py:154} INFO - Started process (PID=1581) to work on /home/airflow/.local/lib/python3.7/site-packages/airflow/example_dags/example_local_kubernetes_executor.py
[2025-01-29T23:44:31.267+0000] {processor.py:756} INFO - Processing file /home/airflow/.local/lib/python3.7/site-packages/airflow/example_dags/example_local_kubernetes_executor.py for tasks to queue
[2025-01-29T23:44:31.268+0000] {logging_mixin.py:120} INFO - [2025-01-29T23:44:31.268+0000] {dagbag.py:537} INFO - Filling up the DagBag from /home/airflow/.local/lib/python3.7/site-packages/airflow/example_dags/example_local_kubernetes_executor.py
[2025-01-29T23:44:31.294+0000] {processor.py:766} INFO - DAG(s) dict_keys(['example_local_kubernetes_executor']) retrieved from /home/airflow/.local/lib/python3.7/site-packages/airflow/example_dags/example_local_kubernetes_executor.py
[2025-01-29T23:44:31.351+0000] {logging_mixin.py:120} INFO - [2025-01-29T23:44:31.351+0000] {dag.py:2585} INFO - Sync 1 DAGs
[2025-01-29T23:44:31.389+0000] {logging_mixin.py:120} INFO - [2025-01-29T23:44:31.389+0000] {dag.py:3340} INFO - Setting next_dagrun for example_local_kubernetes_executor to None, run_after=None
[2025-01-29T23:44:31.423+0000] {processor.py:176} INFO - Processing /home/airflow/.local/lib/python3.7/site-packages/airflow/example_dags/example_local_kubernetes_executor.py took 0.160 seconds
[2025-01-29T23:45:01.883+0000] {processor.py:154} INFO - Started process (PID=1645) to work on /home/airflow/.local/lib/python3.7/site-packages/airflow/example_dags/example_local_kubernetes_executor.py
[2025-01-29T23:45:01.884+0000] {processor.py:756} INFO - Processing file /home/airflow/.local/lib/python3.7/site-packages/airflow/example_dags/example_local_kubernetes_executor.py for tasks to queue
[2025-01-29T23:45:01.885+0000] {logging_mixin.py:120} INFO - [2025-01-29T23:45:01.884+0000] {dagbag.py:537} INFO - Filling up the DagBag from /home/airflow/.local/lib/python3.7/site-packages/airflow/example_dags/example_local_kubernetes_executor.py
[2025-01-29T23:45:01.904+0000] {processor.py:766} INFO - DAG(s) dict_keys(['example_local_kubernetes_executor']) retrieved from /home/airflow/.local/lib/python3.7/site-packages/airflow/example_dags/example_local_kubernetes_executor.py
[2025-01-29T23:45:01.956+0000] {logging_mixin.py:120} INFO - [2025-01-29T23:45:01.956+0000] {dag.py:2585} INFO - Sync 1 DAGs
[2025-01-29T23:45:01.988+0000] {logging_mixin.py:120} INFO - [2025-01-29T23:45:01.988+0000] {dag.py:3340} INFO - Setting next_dagrun for example_local_kubernetes_executor to None, run_after=None
[2025-01-29T23:45:02.016+0000] {processor.py:176} INFO - Processing /home/airflow/.local/lib/python3.7/site-packages/airflow/example_dags/example_local_kubernetes_executor.py took 0.135 seconds
[2025-01-29T23:45:32.556+0000] {processor.py:154} INFO - Started process (PID=1709) to work on /home/airflow/.local/lib/python3.7/site-packages/airflow/example_dags/example_local_kubernetes_executor.py
[2025-01-29T23:45:32.557+0000] {processor.py:756} INFO - Processing file /home/airflow/.local/lib/python3.7/site-packages/airflow/example_dags/example_local_kubernetes_executor.py for tasks to queue
[2025-01-29T23:45:32.557+0000] {logging_mixin.py:120} INFO - [2025-01-29T23:45:32.557+0000] {dagbag.py:537} INFO - Filling up the DagBag from /home/airflow/.local/lib/python3.7/site-packages/airflow/example_dags/example_local_kubernetes_executor.py
[2025-01-29T23:45:32.580+0000] {processor.py:766} INFO - DAG(s) dict_keys(['example_local_kubernetes_executor']) retrieved from /home/airflow/.local/lib/python3.7/site-packages/airflow/example_dags/example_local_kubernetes_executor.py
[2025-01-29T23:45:32.631+0000] {logging_mixin.py:120} INFO - [2025-01-29T23:45:32.631+0000] {dag.py:2585} INFO - Sync 1 DAGs
[2025-01-29T23:45:32.662+0000] {logging_mixin.py:120} INFO - [2025-01-29T23:45:32.662+0000] {dag.py:3340} INFO - Setting next_dagrun for example_local_kubernetes_executor to None, run_after=None
[2025-01-29T23:45:32.685+0000] {processor.py:176} INFO - Processing /home/airflow/.local/lib/python3.7/site-packages/airflow/example_dags/example_local_kubernetes_executor.py took 0.132 seconds
[2025-01-29T23:46:03.068+0000] {processor.py:154} INFO - Started process (PID=1764) to work on /home/airflow/.local/lib/python3.7/site-packages/airflow/example_dags/example_local_kubernetes_executor.py
[2025-01-29T23:46:03.069+0000] {processor.py:756} INFO - Processing file /home/airflow/.local/lib/python3.7/site-packages/airflow/example_dags/example_local_kubernetes_executor.py for tasks to queue
[2025-01-29T23:46:03.070+0000] {logging_mixin.py:120} INFO - [2025-01-29T23:46:03.070+0000] {dagbag.py:537} INFO - Filling up the DagBag from /home/airflow/.local/lib/python3.7/site-packages/airflow/example_dags/example_local_kubernetes_executor.py
[2025-01-29T23:46:03.093+0000] {processor.py:766} INFO - DAG(s) dict_keys(['example_local_kubernetes_executor']) retrieved from /home/airflow/.local/lib/python3.7/site-packages/airflow/example_dags/example_local_kubernetes_executor.py
[2025-01-29T23:46:03.153+0000] {logging_mixin.py:120} INFO - [2025-01-29T23:46:03.153+0000] {dag.py:2585} INFO - Sync 1 DAGs
[2025-01-29T23:46:03.187+0000] {logging_mixin.py:120} INFO - [2025-01-29T23:46:03.187+0000] {dag.py:3340} INFO - Setting next_dagrun for example_local_kubernetes_executor to None, run_after=None
[2025-01-29T23:46:03.211+0000] {processor.py:176} INFO - Processing /home/airflow/.local/lib/python3.7/site-packages/airflow/example_dags/example_local_kubernetes_executor.py took 0.146 seconds
[2025-01-29T23:46:33.580+0000] {processor.py:154} INFO - Started process (PID=1828) to work on /home/airflow/.local/lib/python3.7/site-packages/airflow/example_dags/example_local_kubernetes_executor.py
[2025-01-29T23:46:33.581+0000] {processor.py:756} INFO - Processing file /home/airflow/.local/lib/python3.7/site-packages/airflow/example_dags/example_local_kubernetes_executor.py for tasks to queue
[2025-01-29T23:46:33.582+0000] {logging_mixin.py:120} INFO - [2025-01-29T23:46:33.581+0000] {dagbag.py:537} INFO - Filling up the DagBag from /home/airflow/.local/lib/python3.7/site-packages/airflow/example_dags/example_local_kubernetes_executor.py
[2025-01-29T23:46:33.607+0000] {processor.py:766} INFO - DAG(s) dict_keys(['example_local_kubernetes_executor']) retrieved from /home/airflow/.local/lib/python3.7/site-packages/airflow/example_dags/example_local_kubernetes_executor.py
[2025-01-29T23:46:33.661+0000] {logging_mixin.py:120} INFO - [2025-01-29T23:46:33.661+0000] {dag.py:2585} INFO - Sync 1 DAGs
[2025-01-29T23:46:33.690+0000] {logging_mixin.py:120} INFO - [2025-01-29T23:46:33.690+0000] {dag.py:3340} INFO - Setting next_dagrun for example_local_kubernetes_executor to None, run_after=None
[2025-01-29T23:46:33.712+0000] {processor.py:176} INFO - Processing /home/airflow/.local/lib/python3.7/site-packages/airflow/example_dags/example_local_kubernetes_executor.py took 0.137 seconds
[2025-01-29T23:47:04.186+0000] {processor.py:154} INFO - Started process (PID=1892) to work on /home/airflow/.local/lib/python3.7/site-packages/airflow/example_dags/example_local_kubernetes_executor.py
[2025-01-29T23:47:04.187+0000] {processor.py:756} INFO - Processing file /home/airflow/.local/lib/python3.7/site-packages/airflow/example_dags/example_local_kubernetes_executor.py for tasks to queue
[2025-01-29T23:47:04.187+0000] {logging_mixin.py:120} INFO - [2025-01-29T23:47:04.187+0000] {dagbag.py:537} INFO - Filling up the DagBag from /home/airflow/.local/lib/python3.7/site-packages/airflow/example_dags/example_local_kubernetes_executor.py
[2025-01-29T23:47:04.210+0000] {processor.py:766} INFO - DAG(s) dict_keys(['example_local_kubernetes_executor']) retrieved from /home/airflow/.local/lib/python3.7/site-packages/airflow/example_dags/example_local_kubernetes_executor.py
[2025-01-29T23:47:04.261+0000] {logging_mixin.py:120} INFO - [2025-01-29T23:47:04.260+0000] {dag.py:2585} INFO - Sync 1 DAGs
[2025-01-29T23:47:04.293+0000] {logging_mixin.py:120} INFO - [2025-01-29T23:47:04.293+0000] {dag.py:3340} INFO - Setting next_dagrun for example_local_kubernetes_executor to None, run_after=None
[2025-01-29T23:47:04.317+0000] {processor.py:176} INFO - Processing /home/airflow/.local/lib/python3.7/site-packages/airflow/example_dags/example_local_kubernetes_executor.py took 0.135 seconds
[2025-01-29T23:47:34.503+0000] {processor.py:154} INFO - Started process (PID=1947) to work on /home/airflow/.local/lib/python3.7/site-packages/airflow/example_dags/example_local_kubernetes_executor.py
[2025-01-29T23:47:34.505+0000] {processor.py:756} INFO - Processing file /home/airflow/.local/lib/python3.7/site-packages/airflow/example_dags/example_local_kubernetes_executor.py for tasks to queue
[2025-01-29T23:47:34.505+0000] {logging_mixin.py:120} INFO - [2025-01-29T23:47:34.505+0000] {dagbag.py:537} INFO - Filling up the DagBag from /home/airflow/.local/lib/python3.7/site-packages/airflow/example_dags/example_local_kubernetes_executor.py
[2025-01-29T23:47:34.531+0000] {processor.py:766} INFO - DAG(s) dict_keys(['example_local_kubernetes_executor']) retrieved from /home/airflow/.local/lib/python3.7/site-packages/airflow/example_dags/example_local_kubernetes_executor.py
[2025-01-29T23:47:34.591+0000] {logging_mixin.py:120} INFO - [2025-01-29T23:47:34.591+0000] {dag.py:2585} INFO - Sync 1 DAGs
[2025-01-29T23:47:34.622+0000] {logging_mixin.py:120} INFO - [2025-01-29T23:47:34.622+0000] {dag.py:3340} INFO - Setting next_dagrun for example_local_kubernetes_executor to None, run_after=None
[2025-01-29T23:47:34.645+0000] {processor.py:176} INFO - Processing /home/airflow/.local/lib/python3.7/site-packages/airflow/example_dags/example_local_kubernetes_executor.py took 0.146 seconds
[2025-01-29T23:48:05.139+0000] {processor.py:154} INFO - Started process (PID=2011) to work on /home/airflow/.local/lib/python3.7/site-packages/airflow/example_dags/example_local_kubernetes_executor.py
[2025-01-29T23:48:05.140+0000] {processor.py:756} INFO - Processing file /home/airflow/.local/lib/python3.7/site-packages/airflow/example_dags/example_local_kubernetes_executor.py for tasks to queue
[2025-01-29T23:48:05.141+0000] {logging_mixin.py:120} INFO - [2025-01-29T23:48:05.140+0000] {dagbag.py:537} INFO - Filling up the DagBag from /home/airflow/.local/lib/python3.7/site-packages/airflow/example_dags/example_local_kubernetes_executor.py
[2025-01-29T23:48:05.163+0000] {processor.py:766} INFO - DAG(s) dict_keys(['example_local_kubernetes_executor']) retrieved from /home/airflow/.local/lib/python3.7/site-packages/airflow/example_dags/example_local_kubernetes_executor.py
[2025-01-29T23:48:05.214+0000] {logging_mixin.py:120} INFO - [2025-01-29T23:48:05.214+0000] {dag.py:2585} INFO - Sync 1 DAGs
[2025-01-29T23:48:05.246+0000] {logging_mixin.py:120} INFO - [2025-01-29T23:48:05.246+0000] {dag.py:3340} INFO - Setting next_dagrun for example_local_kubernetes_executor to None, run_after=None
[2025-01-29T23:48:05.270+0000] {processor.py:176} INFO - Processing /home/airflow/.local/lib/python3.7/site-packages/airflow/example_dags/example_local_kubernetes_executor.py took 0.133 seconds
[2025-01-29T23:48:36.082+0000] {processor.py:154} INFO - Started process (PID=2075) to work on /home/airflow/.local/lib/python3.7/site-packages/airflow/example_dags/example_local_kubernetes_executor.py
[2025-01-29T23:48:36.083+0000] {processor.py:756} INFO - Processing file /home/airflow/.local/lib/python3.7/site-packages/airflow/example_dags/example_local_kubernetes_executor.py for tasks to queue
[2025-01-29T23:48:36.083+0000] {logging_mixin.py:120} INFO - [2025-01-29T23:48:36.083+0000] {dagbag.py:537} INFO - Filling up the DagBag from /home/airflow/.local/lib/python3.7/site-packages/airflow/example_dags/example_local_kubernetes_executor.py
[2025-01-29T23:48:36.103+0000] {processor.py:766} INFO - DAG(s) dict_keys(['example_local_kubernetes_executor']) retrieved from /home/airflow/.local/lib/python3.7/site-packages/airflow/example_dags/example_local_kubernetes_executor.py
[2025-01-29T23:48:36.161+0000] {logging_mixin.py:120} INFO - [2025-01-29T23:48:36.161+0000] {dag.py:2585} INFO - Sync 1 DAGs
[2025-01-29T23:48:36.193+0000] {logging_mixin.py:120} INFO - [2025-01-29T23:48:36.192+0000] {dag.py:3340} INFO - Setting next_dagrun for example_local_kubernetes_executor to None, run_after=None
[2025-01-29T23:48:36.223+0000] {processor.py:176} INFO - Processing /home/airflow/.local/lib/python3.7/site-packages/airflow/example_dags/example_local_kubernetes_executor.py took 0.143 seconds
[2025-01-29T23:49:06.924+0000] {processor.py:154} INFO - Started process (PID=2139) to work on /home/airflow/.local/lib/python3.7/site-packages/airflow/example_dags/example_local_kubernetes_executor.py
[2025-01-29T23:49:06.925+0000] {processor.py:756} INFO - Processing file /home/airflow/.local/lib/python3.7/site-packages/airflow/example_dags/example_local_kubernetes_executor.py for tasks to queue
[2025-01-29T23:49:06.926+0000] {logging_mixin.py:120} INFO - [2025-01-29T23:49:06.926+0000] {dagbag.py:537} INFO - Filling up the DagBag from /home/airflow/.local/lib/python3.7/site-packages/airflow/example_dags/example_local_kubernetes_executor.py
[2025-01-29T23:49:06.953+0000] {processor.py:766} INFO - DAG(s) dict_keys(['example_local_kubernetes_executor']) retrieved from /home/airflow/.local/lib/python3.7/site-packages/airflow/example_dags/example_local_kubernetes_executor.py
[2025-01-29T23:49:07.015+0000] {logging_mixin.py:120} INFO - [2025-01-29T23:49:07.015+0000] {dag.py:2585} INFO - Sync 1 DAGs
[2025-01-29T23:49:07.053+0000] {logging_mixin.py:120} INFO - [2025-01-29T23:49:07.053+0000] {dag.py:3340} INFO - Setting next_dagrun for example_local_kubernetes_executor to None, run_after=None
[2025-01-29T23:49:07.086+0000] {processor.py:176} INFO - Processing /home/airflow/.local/lib/python3.7/site-packages/airflow/example_dags/example_local_kubernetes_executor.py took 0.166 seconds
[2025-01-29T23:49:37.268+0000] {processor.py:154} INFO - Started process (PID=2194) to work on /home/airflow/.local/lib/python3.7/site-packages/airflow/example_dags/example_local_kubernetes_executor.py
[2025-01-29T23:49:37.268+0000] {processor.py:756} INFO - Processing file /home/airflow/.local/lib/python3.7/site-packages/airflow/example_dags/example_local_kubernetes_executor.py for tasks to queue
[2025-01-29T23:49:37.269+0000] {logging_mixin.py:120} INFO - [2025-01-29T23:49:37.269+0000] {dagbag.py:537} INFO - Filling up the DagBag from /home/airflow/.local/lib/python3.7/site-packages/airflow/example_dags/example_local_kubernetes_executor.py
[2025-01-29T23:49:37.290+0000] {processor.py:766} INFO - DAG(s) dict_keys(['example_local_kubernetes_executor']) retrieved from /home/airflow/.local/lib/python3.7/site-packages/airflow/example_dags/example_local_kubernetes_executor.py
[2025-01-29T23:49:37.345+0000] {logging_mixin.py:120} INFO - [2025-01-29T23:49:37.345+0000] {dag.py:2585} INFO - Sync 1 DAGs
[2025-01-29T23:49:37.380+0000] {logging_mixin.py:120} INFO - [2025-01-29T23:49:37.380+0000] {dag.py:3340} INFO - Setting next_dagrun for example_local_kubernetes_executor to None, run_after=None
[2025-01-29T23:49:37.410+0000] {processor.py:176} INFO - Processing /home/airflow/.local/lib/python3.7/site-packages/airflow/example_dags/example_local_kubernetes_executor.py took 0.145 seconds
[2025-01-29T23:50:07.555+0000] {processor.py:154} INFO - Started process (PID=2258) to work on /home/airflow/.local/lib/python3.7/site-packages/airflow/example_dags/example_local_kubernetes_executor.py
[2025-01-29T23:50:07.556+0000] {processor.py:756} INFO - Processing file /home/airflow/.local/lib/python3.7/site-packages/airflow/example_dags/example_local_kubernetes_executor.py for tasks to queue
[2025-01-29T23:50:07.557+0000] {logging_mixin.py:120} INFO - [2025-01-29T23:50:07.557+0000] {dagbag.py:537} INFO - Filling up the DagBag from /home/airflow/.local/lib/python3.7/site-packages/airflow/example_dags/example_local_kubernetes_executor.py
[2025-01-29T23:50:07.577+0000] {processor.py:766} INFO - DAG(s) dict_keys(['example_local_kubernetes_executor']) retrieved from /home/airflow/.local/lib/python3.7/site-packages/airflow/example_dags/example_local_kubernetes_executor.py
[2025-01-29T23:50:07.629+0000] {logging_mixin.py:120} INFO - [2025-01-29T23:50:07.629+0000] {dag.py:2585} INFO - Sync 1 DAGs
[2025-01-29T23:50:07.659+0000] {logging_mixin.py:120} INFO - [2025-01-29T23:50:07.659+0000] {dag.py:3340} INFO - Setting next_dagrun for example_local_kubernetes_executor to None, run_after=None
[2025-01-29T23:50:07.682+0000] {processor.py:176} INFO - Processing /home/airflow/.local/lib/python3.7/site-packages/airflow/example_dags/example_local_kubernetes_executor.py took 0.130 seconds
[2025-01-29T23:50:38.072+0000] {processor.py:154} INFO - Started process (PID=2322) to work on /home/airflow/.local/lib/python3.7/site-packages/airflow/example_dags/example_local_kubernetes_executor.py
[2025-01-29T23:50:38.073+0000] {processor.py:756} INFO - Processing file /home/airflow/.local/lib/python3.7/site-packages/airflow/example_dags/example_local_kubernetes_executor.py for tasks to queue
[2025-01-29T23:50:38.074+0000] {logging_mixin.py:120} INFO - [2025-01-29T23:50:38.074+0000] {dagbag.py:537} INFO - Filling up the DagBag from /home/airflow/.local/lib/python3.7/site-packages/airflow/example_dags/example_local_kubernetes_executor.py
[2025-01-29T23:50:38.097+0000] {processor.py:766} INFO - DAG(s) dict_keys(['example_local_kubernetes_executor']) retrieved from /home/airflow/.local/lib/python3.7/site-packages/airflow/example_dags/example_local_kubernetes_executor.py
[2025-01-29T23:50:38.158+0000] {logging_mixin.py:120} INFO - [2025-01-29T23:50:38.158+0000] {dag.py:2585} INFO - Sync 1 DAGs
[2025-01-29T23:50:38.194+0000] {logging_mixin.py:120} INFO - [2025-01-29T23:50:38.193+0000] {dag.py:3340} INFO - Setting next_dagrun for example_local_kubernetes_executor to None, run_after=None
[2025-01-29T23:50:38.218+0000] {processor.py:176} INFO - Processing /home/airflow/.local/lib/python3.7/site-packages/airflow/example_dags/example_local_kubernetes_executor.py took 0.149 seconds
[2025-01-29T23:51:08.354+0000] {processor.py:154} INFO - Started process (PID=2378) to work on /home/airflow/.local/lib/python3.7/site-packages/airflow/example_dags/example_local_kubernetes_executor.py
[2025-01-29T23:51:08.355+0000] {processor.py:756} INFO - Processing file /home/airflow/.local/lib/python3.7/site-packages/airflow/example_dags/example_local_kubernetes_executor.py for tasks to queue
[2025-01-29T23:51:08.356+0000] {logging_mixin.py:120} INFO - [2025-01-29T23:51:08.356+0000] {dagbag.py:537} INFO - Filling up the DagBag from /home/airflow/.local/lib/python3.7/site-packages/airflow/example_dags/example_local_kubernetes_executor.py
[2025-01-29T23:51:08.382+0000] {processor.py:766} INFO - DAG(s) dict_keys(['example_local_kubernetes_executor']) retrieved from /home/airflow/.local/lib/python3.7/site-packages/airflow/example_dags/example_local_kubernetes_executor.py
[2025-01-29T23:51:08.440+0000] {logging_mixin.py:120} INFO - [2025-01-29T23:51:08.440+0000] {dag.py:2585} INFO - Sync 1 DAGs
[2025-01-29T23:51:08.471+0000] {logging_mixin.py:120} INFO - [2025-01-29T23:51:08.471+0000] {dag.py:3340} INFO - Setting next_dagrun for example_local_kubernetes_executor to None, run_after=None
[2025-01-29T23:51:08.493+0000] {processor.py:176} INFO - Processing /home/airflow/.local/lib/python3.7/site-packages/airflow/example_dags/example_local_kubernetes_executor.py took 0.142 seconds
[2025-01-29T23:51:39.024+0000] {processor.py:154} INFO - Started process (PID=2442) to work on /home/airflow/.local/lib/python3.7/site-packages/airflow/example_dags/example_local_kubernetes_executor.py
[2025-01-29T23:51:39.025+0000] {processor.py:756} INFO - Processing file /home/airflow/.local/lib/python3.7/site-packages/airflow/example_dags/example_local_kubernetes_executor.py for tasks to queue
[2025-01-29T23:51:39.027+0000] {logging_mixin.py:120} INFO - [2025-01-29T23:51:39.026+0000] {dagbag.py:537} INFO - Filling up the DagBag from /home/airflow/.local/lib/python3.7/site-packages/airflow/example_dags/example_local_kubernetes_executor.py
[2025-01-29T23:51:39.060+0000] {processor.py:766} INFO - DAG(s) dict_keys(['example_local_kubernetes_executor']) retrieved from /home/airflow/.local/lib/python3.7/site-packages/airflow/example_dags/example_local_kubernetes_executor.py
[2025-01-29T23:51:39.148+0000] {logging_mixin.py:120} INFO - [2025-01-29T23:51:39.148+0000] {dag.py:2585} INFO - Sync 1 DAGs
[2025-01-29T23:51:39.202+0000] {logging_mixin.py:120} INFO - [2025-01-29T23:51:39.202+0000] {dag.py:3340} INFO - Setting next_dagrun for example_local_kubernetes_executor to None, run_after=None
[2025-01-29T23:51:39.245+0000] {processor.py:176} INFO - Processing /home/airflow/.local/lib/python3.7/site-packages/airflow/example_dags/example_local_kubernetes_executor.py took 0.224 seconds
[2025-01-29T23:52:09.947+0000] {processor.py:154} INFO - Started process (PID=2506) to work on /home/airflow/.local/lib/python3.7/site-packages/airflow/example_dags/example_local_kubernetes_executor.py
[2025-01-29T23:52:09.948+0000] {processor.py:756} INFO - Processing file /home/airflow/.local/lib/python3.7/site-packages/airflow/example_dags/example_local_kubernetes_executor.py for tasks to queue
[2025-01-29T23:52:09.948+0000] {logging_mixin.py:120} INFO - [2025-01-29T23:52:09.948+0000] {dagbag.py:537} INFO - Filling up the DagBag from /home/airflow/.local/lib/python3.7/site-packages/airflow/example_dags/example_local_kubernetes_executor.py
[2025-01-29T23:52:09.970+0000] {processor.py:766} INFO - DAG(s) dict_keys(['example_local_kubernetes_executor']) retrieved from /home/airflow/.local/lib/python3.7/site-packages/airflow/example_dags/example_local_kubernetes_executor.py
[2025-01-29T23:52:10.030+0000] {logging_mixin.py:120} INFO - [2025-01-29T23:52:10.030+0000] {dag.py:2585} INFO - Sync 1 DAGs
[2025-01-29T23:52:10.066+0000] {logging_mixin.py:120} INFO - [2025-01-29T23:52:10.066+0000] {dag.py:3340} INFO - Setting next_dagrun for example_local_kubernetes_executor to None, run_after=None
[2025-01-29T23:52:10.091+0000] {processor.py:176} INFO - Processing /home/airflow/.local/lib/python3.7/site-packages/airflow/example_dags/example_local_kubernetes_executor.py took 0.148 seconds
[2025-01-29T23:52:40.463+0000] {processor.py:154} INFO - Started process (PID=2561) to work on /home/airflow/.local/lib/python3.7/site-packages/airflow/example_dags/example_local_kubernetes_executor.py
[2025-01-29T23:52:40.463+0000] {processor.py:756} INFO - Processing file /home/airflow/.local/lib/python3.7/site-packages/airflow/example_dags/example_local_kubernetes_executor.py for tasks to queue
[2025-01-29T23:52:40.464+0000] {logging_mixin.py:120} INFO - [2025-01-29T23:52:40.464+0000] {dagbag.py:537} INFO - Filling up the DagBag from /home/airflow/.local/lib/python3.7/site-packages/airflow/example_dags/example_local_kubernetes_executor.py
[2025-01-29T23:52:40.485+0000] {processor.py:766} INFO - DAG(s) dict_keys(['example_local_kubernetes_executor']) retrieved from /home/airflow/.local/lib/python3.7/site-packages/airflow/example_dags/example_local_kubernetes_executor.py
[2025-01-29T23:52:40.538+0000] {logging_mixin.py:120} INFO - [2025-01-29T23:52:40.537+0000] {dag.py:2585} INFO - Sync 1 DAGs
[2025-01-29T23:52:40.569+0000] {logging_mixin.py:120} INFO - [2025-01-29T23:52:40.568+0000] {dag.py:3340} INFO - Setting next_dagrun for example_local_kubernetes_executor to None, run_after=None
[2025-01-29T23:52:40.596+0000] {processor.py:176} INFO - Processing /home/airflow/.local/lib/python3.7/site-packages/airflow/example_dags/example_local_kubernetes_executor.py took 0.136 seconds
[2025-01-29T23:53:11.105+0000] {processor.py:154} INFO - Started process (PID=2625) to work on /home/airflow/.local/lib/python3.7/site-packages/airflow/example_dags/example_local_kubernetes_executor.py
[2025-01-29T23:53:11.105+0000] {processor.py:756} INFO - Processing file /home/airflow/.local/lib/python3.7/site-packages/airflow/example_dags/example_local_kubernetes_executor.py for tasks to queue
[2025-01-29T23:53:11.106+0000] {logging_mixin.py:120} INFO - [2025-01-29T23:53:11.106+0000] {dagbag.py:537} INFO - Filling up the DagBag from /home/airflow/.local/lib/python3.7/site-packages/airflow/example_dags/example_local_kubernetes_executor.py
[2025-01-29T23:53:11.126+0000] {processor.py:766} INFO - DAG(s) dict_keys(['example_local_kubernetes_executor']) retrieved from /home/airflow/.local/lib/python3.7/site-packages/airflow/example_dags/example_local_kubernetes_executor.py
[2025-01-29T23:53:11.177+0000] {logging_mixin.py:120} INFO - [2025-01-29T23:53:11.176+0000] {dag.py:2585} INFO - Sync 1 DAGs
[2025-01-29T23:53:11.207+0000] {logging_mixin.py:120} INFO - [2025-01-29T23:53:11.207+0000] {dag.py:3340} INFO - Setting next_dagrun for example_local_kubernetes_executor to None, run_after=None
[2025-01-29T23:53:11.229+0000] {processor.py:176} INFO - Processing /home/airflow/.local/lib/python3.7/site-packages/airflow/example_dags/example_local_kubernetes_executor.py took 0.128 seconds
[2025-01-29T23:53:41.472+0000] {processor.py:154} INFO - Started process (PID=2689) to work on /home/airflow/.local/lib/python3.7/site-packages/airflow/example_dags/example_local_kubernetes_executor.py
[2025-01-29T23:53:41.473+0000] {processor.py:756} INFO - Processing file /home/airflow/.local/lib/python3.7/site-packages/airflow/example_dags/example_local_kubernetes_executor.py for tasks to queue
[2025-01-29T23:53:41.474+0000] {logging_mixin.py:120} INFO - [2025-01-29T23:53:41.474+0000] {dagbag.py:537} INFO - Filling up the DagBag from /home/airflow/.local/lib/python3.7/site-packages/airflow/example_dags/example_local_kubernetes_executor.py
[2025-01-29T23:53:41.495+0000] {processor.py:766} INFO - DAG(s) dict_keys(['example_local_kubernetes_executor']) retrieved from /home/airflow/.local/lib/python3.7/site-packages/airflow/example_dags/example_local_kubernetes_executor.py
[2025-01-29T23:53:41.587+0000] {logging_mixin.py:120} INFO - [2025-01-29T23:53:41.587+0000] {dag.py:2585} INFO - Sync 1 DAGs
[2025-01-29T23:53:41.620+0000] {logging_mixin.py:120} INFO - [2025-01-29T23:53:41.620+0000] {dag.py:3340} INFO - Setting next_dagrun for example_local_kubernetes_executor to None, run_after=None
[2025-01-29T23:53:41.651+0000] {processor.py:176} INFO - Processing /home/airflow/.local/lib/python3.7/site-packages/airflow/example_dags/example_local_kubernetes_executor.py took 0.182 seconds
[2025-01-29T23:54:11.868+0000] {processor.py:154} INFO - Started process (PID=2744) to work on /home/airflow/.local/lib/python3.7/site-packages/airflow/example_dags/example_local_kubernetes_executor.py
[2025-01-29T23:54:11.869+0000] {processor.py:756} INFO - Processing file /home/airflow/.local/lib/python3.7/site-packages/airflow/example_dags/example_local_kubernetes_executor.py for tasks to queue
[2025-01-29T23:54:11.870+0000] {logging_mixin.py:120} INFO - [2025-01-29T23:54:11.870+0000] {dagbag.py:537} INFO - Filling up the DagBag from /home/airflow/.local/lib/python3.7/site-packages/airflow/example_dags/example_local_kubernetes_executor.py
[2025-01-29T23:54:11.898+0000] {processor.py:766} INFO - DAG(s) dict_keys(['example_local_kubernetes_executor']) retrieved from /home/airflow/.local/lib/python3.7/site-packages/airflow/example_dags/example_local_kubernetes_executor.py
[2025-01-29T23:54:11.954+0000] {logging_mixin.py:120} INFO - [2025-01-29T23:54:11.954+0000] {dag.py:2585} INFO - Sync 1 DAGs
[2025-01-29T23:54:11.994+0000] {logging_mixin.py:120} INFO - [2025-01-29T23:54:11.994+0000] {dag.py:3340} INFO - Setting next_dagrun for example_local_kubernetes_executor to None, run_after=None
[2025-01-29T23:54:12.024+0000] {processor.py:176} INFO - Processing /home/airflow/.local/lib/python3.7/site-packages/airflow/example_dags/example_local_kubernetes_executor.py took 0.159 seconds
[2025-01-29T23:54:42.291+0000] {processor.py:154} INFO - Started process (PID=2808) to work on /home/airflow/.local/lib/python3.7/site-packages/airflow/example_dags/example_local_kubernetes_executor.py
[2025-01-29T23:54:42.292+0000] {processor.py:756} INFO - Processing file /home/airflow/.local/lib/python3.7/site-packages/airflow/example_dags/example_local_kubernetes_executor.py for tasks to queue
[2025-01-29T23:54:42.292+0000] {logging_mixin.py:120} INFO - [2025-01-29T23:54:42.292+0000] {dagbag.py:537} INFO - Filling up the DagBag from /home/airflow/.local/lib/python3.7/site-packages/airflow/example_dags/example_local_kubernetes_executor.py
[2025-01-29T23:54:42.313+0000] {processor.py:766} INFO - DAG(s) dict_keys(['example_local_kubernetes_executor']) retrieved from /home/airflow/.local/lib/python3.7/site-packages/airflow/example_dags/example_local_kubernetes_executor.py
[2025-01-29T23:54:42.363+0000] {logging_mixin.py:120} INFO - [2025-01-29T23:54:42.363+0000] {dag.py:2585} INFO - Sync 1 DAGs
[2025-01-29T23:54:42.393+0000] {logging_mixin.py:120} INFO - [2025-01-29T23:54:42.393+0000] {dag.py:3340} INFO - Setting next_dagrun for example_local_kubernetes_executor to None, run_after=None
[2025-01-29T23:54:42.416+0000] {processor.py:176} INFO - Processing /home/airflow/.local/lib/python3.7/site-packages/airflow/example_dags/example_local_kubernetes_executor.py took 0.128 seconds
[2025-01-29T23:55:12.893+0000] {processor.py:154} INFO - Started process (PID=2872) to work on /home/airflow/.local/lib/python3.7/site-packages/airflow/example_dags/example_local_kubernetes_executor.py
[2025-01-29T23:55:12.894+0000] {processor.py:756} INFO - Processing file /home/airflow/.local/lib/python3.7/site-packages/airflow/example_dags/example_local_kubernetes_executor.py for tasks to queue
[2025-01-29T23:55:12.896+0000] {logging_mixin.py:120} INFO - [2025-01-29T23:55:12.896+0000] {dagbag.py:537} INFO - Filling up the DagBag from /home/airflow/.local/lib/python3.7/site-packages/airflow/example_dags/example_local_kubernetes_executor.py
[2025-01-29T23:55:12.929+0000] {processor.py:766} INFO - DAG(s) dict_keys(['example_local_kubernetes_executor']) retrieved from /home/airflow/.local/lib/python3.7/site-packages/airflow/example_dags/example_local_kubernetes_executor.py
[2025-01-29T23:55:12.994+0000] {logging_mixin.py:120} INFO - [2025-01-29T23:55:12.994+0000] {dag.py:2585} INFO - Sync 1 DAGs
[2025-01-29T23:55:13.043+0000] {logging_mixin.py:120} INFO - [2025-01-29T23:55:13.043+0000] {dag.py:3340} INFO - Setting next_dagrun for example_local_kubernetes_executor to None, run_after=None
[2025-01-29T23:55:13.066+0000] {processor.py:176} INFO - Processing /home/airflow/.local/lib/python3.7/site-packages/airflow/example_dags/example_local_kubernetes_executor.py took 0.177 seconds
[2025-01-29T23:55:43.225+0000] {processor.py:154} INFO - Started process (PID=2927) to work on /home/airflow/.local/lib/python3.7/site-packages/airflow/example_dags/example_local_kubernetes_executor.py
[2025-01-29T23:55:43.225+0000] {processor.py:756} INFO - Processing file /home/airflow/.local/lib/python3.7/site-packages/airflow/example_dags/example_local_kubernetes_executor.py for tasks to queue
[2025-01-29T23:55:43.226+0000] {logging_mixin.py:120} INFO - [2025-01-29T23:55:43.226+0000] {dagbag.py:537} INFO - Filling up the DagBag from /home/airflow/.local/lib/python3.7/site-packages/airflow/example_dags/example_local_kubernetes_executor.py
[2025-01-29T23:55:43.248+0000] {processor.py:766} INFO - DAG(s) dict_keys(['example_local_kubernetes_executor']) retrieved from /home/airflow/.local/lib/python3.7/site-packages/airflow/example_dags/example_local_kubernetes_executor.py
[2025-01-29T23:55:43.305+0000] {logging_mixin.py:120} INFO - [2025-01-29T23:55:43.304+0000] {dag.py:2585} INFO - Sync 1 DAGs
[2025-01-29T23:55:43.338+0000] {logging_mixin.py:120} INFO - [2025-01-29T23:55:43.338+0000] {dag.py:3340} INFO - Setting next_dagrun for example_local_kubernetes_executor to None, run_after=None
[2025-01-29T23:55:43.363+0000] {processor.py:176} INFO - Processing /home/airflow/.local/lib/python3.7/site-packages/airflow/example_dags/example_local_kubernetes_executor.py took 0.141 seconds
[2025-01-29T23:56:13.547+0000] {processor.py:154} INFO - Started process (PID=2991) to work on /home/airflow/.local/lib/python3.7/site-packages/airflow/example_dags/example_local_kubernetes_executor.py
[2025-01-29T23:56:13.548+0000] {processor.py:756} INFO - Processing file /home/airflow/.local/lib/python3.7/site-packages/airflow/example_dags/example_local_kubernetes_executor.py for tasks to queue
[2025-01-29T23:56:13.549+0000] {logging_mixin.py:120} INFO - [2025-01-29T23:56:13.548+0000] {dagbag.py:537} INFO - Filling up the DagBag from /home/airflow/.local/lib/python3.7/site-packages/airflow/example_dags/example_local_kubernetes_executor.py
[2025-01-29T23:56:13.568+0000] {processor.py:766} INFO - DAG(s) dict_keys(['example_local_kubernetes_executor']) retrieved from /home/airflow/.local/lib/python3.7/site-packages/airflow/example_dags/example_local_kubernetes_executor.py
[2025-01-29T23:56:13.621+0000] {logging_mixin.py:120} INFO - [2025-01-29T23:56:13.621+0000] {dag.py:2585} INFO - Sync 1 DAGs
[2025-01-29T23:56:13.655+0000] {logging_mixin.py:120} INFO - [2025-01-29T23:56:13.655+0000] {dag.py:3340} INFO - Setting next_dagrun for example_local_kubernetes_executor to None, run_after=None
[2025-01-29T23:56:13.678+0000] {processor.py:176} INFO - Processing /home/airflow/.local/lib/python3.7/site-packages/airflow/example_dags/example_local_kubernetes_executor.py took 0.134 seconds
[2025-01-29T23:56:43.970+0000] {processor.py:154} INFO - Started process (PID=3055) to work on /home/airflow/.local/lib/python3.7/site-packages/airflow/example_dags/example_local_kubernetes_executor.py
[2025-01-29T23:56:43.971+0000] {processor.py:756} INFO - Processing file /home/airflow/.local/lib/python3.7/site-packages/airflow/example_dags/example_local_kubernetes_executor.py for tasks to queue
[2025-01-29T23:56:43.972+0000] {logging_mixin.py:120} INFO - [2025-01-29T23:56:43.972+0000] {dagbag.py:537} INFO - Filling up the DagBag from /home/airflow/.local/lib/python3.7/site-packages/airflow/example_dags/example_local_kubernetes_executor.py
[2025-01-29T23:56:43.992+0000] {processor.py:766} INFO - DAG(s) dict_keys(['example_local_kubernetes_executor']) retrieved from /home/airflow/.local/lib/python3.7/site-packages/airflow/example_dags/example_local_kubernetes_executor.py
[2025-01-29T23:56:44.045+0000] {logging_mixin.py:120} INFO - [2025-01-29T23:56:44.045+0000] {dag.py:2585} INFO - Sync 1 DAGs
[2025-01-29T23:56:44.076+0000] {logging_mixin.py:120} INFO - [2025-01-29T23:56:44.076+0000] {dag.py:3340} INFO - Setting next_dagrun for example_local_kubernetes_executor to None, run_after=None
[2025-01-29T23:56:44.103+0000] {processor.py:176} INFO - Processing /home/airflow/.local/lib/python3.7/site-packages/airflow/example_dags/example_local_kubernetes_executor.py took 0.136 seconds
[2025-01-29T23:57:14.289+0000] {processor.py:154} INFO - Started process (PID=3119) to work on /home/airflow/.local/lib/python3.7/site-packages/airflow/example_dags/example_local_kubernetes_executor.py
[2025-01-29T23:57:14.290+0000] {processor.py:756} INFO - Processing file /home/airflow/.local/lib/python3.7/site-packages/airflow/example_dags/example_local_kubernetes_executor.py for tasks to queue
[2025-01-29T23:57:14.291+0000] {logging_mixin.py:120} INFO - [2025-01-29T23:57:14.291+0000] {dagbag.py:537} INFO - Filling up the DagBag from /home/airflow/.local/lib/python3.7/site-packages/airflow/example_dags/example_local_kubernetes_executor.py
[2025-01-29T23:57:14.311+0000] {processor.py:766} INFO - DAG(s) dict_keys(['example_local_kubernetes_executor']) retrieved from /home/airflow/.local/lib/python3.7/site-packages/airflow/example_dags/example_local_kubernetes_executor.py
[2025-01-29T23:57:14.366+0000] {logging_mixin.py:120} INFO - [2025-01-29T23:57:14.366+0000] {dag.py:2585} INFO - Sync 1 DAGs
[2025-01-29T23:57:14.400+0000] {logging_mixin.py:120} INFO - [2025-01-29T23:57:14.400+0000] {dag.py:3340} INFO - Setting next_dagrun for example_local_kubernetes_executor to None, run_after=None
[2025-01-29T23:57:14.423+0000] {processor.py:176} INFO - Processing /home/airflow/.local/lib/python3.7/site-packages/airflow/example_dags/example_local_kubernetes_executor.py took 0.137 seconds
[2025-01-29T23:57:44.869+0000] {processor.py:154} INFO - Started process (PID=3174) to work on /home/airflow/.local/lib/python3.7/site-packages/airflow/example_dags/example_local_kubernetes_executor.py
[2025-01-29T23:57:44.870+0000] {processor.py:756} INFO - Processing file /home/airflow/.local/lib/python3.7/site-packages/airflow/example_dags/example_local_kubernetes_executor.py for tasks to queue
[2025-01-29T23:57:44.871+0000] {logging_mixin.py:120} INFO - [2025-01-29T23:57:44.871+0000] {dagbag.py:537} INFO - Filling up the DagBag from /home/airflow/.local/lib/python3.7/site-packages/airflow/example_dags/example_local_kubernetes_executor.py
[2025-01-29T23:57:44.891+0000] {processor.py:766} INFO - DAG(s) dict_keys(['example_local_kubernetes_executor']) retrieved from /home/airflow/.local/lib/python3.7/site-packages/airflow/example_dags/example_local_kubernetes_executor.py
[2025-01-29T23:57:44.945+0000] {logging_mixin.py:120} INFO - [2025-01-29T23:57:44.945+0000] {dag.py:2585} INFO - Sync 1 DAGs
[2025-01-29T23:57:44.978+0000] {logging_mixin.py:120} INFO - [2025-01-29T23:57:44.978+0000] {dag.py:3340} INFO - Setting next_dagrun for example_local_kubernetes_executor to None, run_after=None
[2025-01-29T23:57:45.005+0000] {processor.py:176} INFO - Processing /home/airflow/.local/lib/python3.7/site-packages/airflow/example_dags/example_local_kubernetes_executor.py took 0.139 seconds
[2025-01-29T23:58:15.615+0000] {processor.py:154} INFO - Started process (PID=3238) to work on /home/airflow/.local/lib/python3.7/site-packages/airflow/example_dags/example_local_kubernetes_executor.py
[2025-01-29T23:58:15.616+0000] {processor.py:756} INFO - Processing file /home/airflow/.local/lib/python3.7/site-packages/airflow/example_dags/example_local_kubernetes_executor.py for tasks to queue
[2025-01-29T23:58:15.617+0000] {logging_mixin.py:120} INFO - [2025-01-29T23:58:15.617+0000] {dagbag.py:537} INFO - Filling up the DagBag from /home/airflow/.local/lib/python3.7/site-packages/airflow/example_dags/example_local_kubernetes_executor.py
[2025-01-29T23:58:15.638+0000] {processor.py:766} INFO - DAG(s) dict_keys(['example_local_kubernetes_executor']) retrieved from /home/airflow/.local/lib/python3.7/site-packages/airflow/example_dags/example_local_kubernetes_executor.py
[2025-01-29T23:58:15.694+0000] {logging_mixin.py:120} INFO - [2025-01-29T23:58:15.694+0000] {dag.py:2585} INFO - Sync 1 DAGs
[2025-01-29T23:58:15.728+0000] {logging_mixin.py:120} INFO - [2025-01-29T23:58:15.728+0000] {dag.py:3340} INFO - Setting next_dagrun for example_local_kubernetes_executor to None, run_after=None
[2025-01-29T23:58:15.750+0000] {processor.py:176} INFO - Processing /home/airflow/.local/lib/python3.7/site-packages/airflow/example_dags/example_local_kubernetes_executor.py took 0.138 seconds
[2025-01-29T23:58:45.945+0000] {processor.py:154} INFO - Started process (PID=3302) to work on /home/airflow/.local/lib/python3.7/site-packages/airflow/example_dags/example_local_kubernetes_executor.py
[2025-01-29T23:58:45.947+0000] {processor.py:756} INFO - Processing file /home/airflow/.local/lib/python3.7/site-packages/airflow/example_dags/example_local_kubernetes_executor.py for tasks to queue
[2025-01-29T23:58:45.947+0000] {logging_mixin.py:120} INFO - [2025-01-29T23:58:45.947+0000] {dagbag.py:537} INFO - Filling up the DagBag from /home/airflow/.local/lib/python3.7/site-packages/airflow/example_dags/example_local_kubernetes_executor.py
[2025-01-29T23:58:45.973+0000] {processor.py:766} INFO - DAG(s) dict_keys(['example_local_kubernetes_executor']) retrieved from /home/airflow/.local/lib/python3.7/site-packages/airflow/example_dags/example_local_kubernetes_executor.py
[2025-01-29T23:58:46.041+0000] {logging_mixin.py:120} INFO - [2025-01-29T23:58:46.041+0000] {dag.py:2585} INFO - Sync 1 DAGs
[2025-01-29T23:58:46.084+0000] {logging_mixin.py:120} INFO - [2025-01-29T23:58:46.083+0000] {dag.py:3340} INFO - Setting next_dagrun for example_local_kubernetes_executor to None, run_after=None
[2025-01-29T23:58:46.120+0000] {processor.py:176} INFO - Processing /home/airflow/.local/lib/python3.7/site-packages/airflow/example_dags/example_local_kubernetes_executor.py took 0.179 seconds
[2025-01-29T23:59:16.563+0000] {processor.py:154} INFO - Started process (PID=3357) to work on /home/airflow/.local/lib/python3.7/site-packages/airflow/example_dags/example_local_kubernetes_executor.py
[2025-01-29T23:59:16.564+0000] {processor.py:756} INFO - Processing file /home/airflow/.local/lib/python3.7/site-packages/airflow/example_dags/example_local_kubernetes_executor.py for tasks to queue
[2025-01-29T23:59:16.565+0000] {logging_mixin.py:120} INFO - [2025-01-29T23:59:16.565+0000] {dagbag.py:537} INFO - Filling up the DagBag from /home/airflow/.local/lib/python3.7/site-packages/airflow/example_dags/example_local_kubernetes_executor.py
[2025-01-29T23:59:16.585+0000] {processor.py:766} INFO - DAG(s) dict_keys(['example_local_kubernetes_executor']) retrieved from /home/airflow/.local/lib/python3.7/site-packages/airflow/example_dags/example_local_kubernetes_executor.py
[2025-01-29T23:59:16.638+0000] {logging_mixin.py:120} INFO - [2025-01-29T23:59:16.638+0000] {dag.py:2585} INFO - Sync 1 DAGs
[2025-01-29T23:59:16.674+0000] {logging_mixin.py:120} INFO - [2025-01-29T23:59:16.674+0000] {dag.py:3340} INFO - Setting next_dagrun for example_local_kubernetes_executor to None, run_after=None
[2025-01-29T23:59:16.700+0000] {processor.py:176} INFO - Processing /home/airflow/.local/lib/python3.7/site-packages/airflow/example_dags/example_local_kubernetes_executor.py took 0.139 seconds
[2025-01-29T23:59:47.184+0000] {processor.py:154} INFO - Started process (PID=3421) to work on /home/airflow/.local/lib/python3.7/site-packages/airflow/example_dags/example_local_kubernetes_executor.py
[2025-01-29T23:59:47.185+0000] {processor.py:756} INFO - Processing file /home/airflow/.local/lib/python3.7/site-packages/airflow/example_dags/example_local_kubernetes_executor.py for tasks to queue
[2025-01-29T23:59:47.186+0000] {logging_mixin.py:120} INFO - [2025-01-29T23:59:47.186+0000] {dagbag.py:537} INFO - Filling up the DagBag from /home/airflow/.local/lib/python3.7/site-packages/airflow/example_dags/example_local_kubernetes_executor.py
[2025-01-29T23:59:47.208+0000] {processor.py:766} INFO - DAG(s) dict_keys(['example_local_kubernetes_executor']) retrieved from /home/airflow/.local/lib/python3.7/site-packages/airflow/example_dags/example_local_kubernetes_executor.py
[2025-01-29T23:59:47.261+0000] {logging_mixin.py:120} INFO - [2025-01-29T23:59:47.261+0000] {dag.py:2585} INFO - Sync 1 DAGs
[2025-01-29T23:59:47.292+0000] {logging_mixin.py:120} INFO - [2025-01-29T23:59:47.292+0000] {dag.py:3340} INFO - Setting next_dagrun for example_local_kubernetes_executor to None, run_after=None
[2025-01-29T23:59:47.314+0000] {processor.py:176} INFO - Processing /home/airflow/.local/lib/python3.7/site-packages/airflow/example_dags/example_local_kubernetes_executor.py took 0.133 seconds
