[2025-01-29T23:31:51.308+0000] {processor.py:154} INFO - Started process (PID=78) to work on /home/airflow/.local/lib/python3.7/site-packages/airflow/example_dags/example_branch_operator.py
[2025-01-29T23:31:51.309+0000] {processor.py:756} INFO - Processing file /home/airflow/.local/lib/python3.7/site-packages/airflow/example_dags/example_branch_operator.py for tasks to queue
[2025-01-29T23:31:51.310+0000] {logging_mixin.py:120} INFO - [2025-01-29T23:31:51.310+0000] {dagbag.py:537} INFO - Filling up the DagBag from /home/airflow/.local/lib/python3.7/site-packages/airflow/example_dags/example_branch_operator.py
[2025-01-29T23:31:51.337+0000] {processor.py:766} INFO - DAG(s) dict_keys(['example_branch_operator']) retrieved from /home/airflow/.local/lib/python3.7/site-packages/airflow/example_dags/example_branch_operator.py
[2025-01-29T23:31:51.587+0000] {logging_mixin.py:120} INFO - [2025-01-29T23:31:51.587+0000] {manager.py:507} INFO - Created Permission View: can read on DAG:example_branch_operator
[2025-01-29T23:31:51.612+0000] {logging_mixin.py:120} INFO - [2025-01-29T23:31:51.611+0000] {manager.py:507} INFO - Created Permission View: can delete on DAG:example_branch_operator
[2025-01-29T23:31:51.627+0000] {logging_mixin.py:120} INFO - [2025-01-29T23:31:51.627+0000] {manager.py:507} INFO - Created Permission View: can edit on DAG:example_branch_operator
[2025-01-29T23:31:51.628+0000] {logging_mixin.py:120} INFO - [2025-01-29T23:31:51.628+0000] {dag.py:2585} INFO - Sync 1 DAGs
[2025-01-29T23:31:51.659+0000] {logging_mixin.py:120} INFO - [2025-01-29T23:31:51.659+0000] {dag.py:2606} INFO - Creating ORM DAG for example_branch_operator
[2025-01-29T23:31:51.686+0000] {logging_mixin.py:120} INFO - [2025-01-29T23:31:51.685+0000] {dag.py:3340} INFO - Setting next_dagrun for example_branch_operator to 2025-01-28T00:00:00+00:00, run_after=2025-01-29T00:00:00+00:00
[2025-01-29T23:31:51.727+0000] {processor.py:176} INFO - Processing /home/airflow/.local/lib/python3.7/site-packages/airflow/example_dags/example_branch_operator.py took 0.423 seconds
[2025-01-29T23:32:22.143+0000] {processor.py:154} INFO - Started process (PID=142) to work on /home/airflow/.local/lib/python3.7/site-packages/airflow/example_dags/example_branch_operator.py
[2025-01-29T23:32:22.144+0000] {processor.py:756} INFO - Processing file /home/airflow/.local/lib/python3.7/site-packages/airflow/example_dags/example_branch_operator.py for tasks to queue
[2025-01-29T23:32:22.145+0000] {logging_mixin.py:120} INFO - [2025-01-29T23:32:22.145+0000] {dagbag.py:537} INFO - Filling up the DagBag from /home/airflow/.local/lib/python3.7/site-packages/airflow/example_dags/example_branch_operator.py
[2025-01-29T23:32:22.163+0000] {processor.py:766} INFO - DAG(s) dict_keys(['example_branch_operator']) retrieved from /home/airflow/.local/lib/python3.7/site-packages/airflow/example_dags/example_branch_operator.py
[2025-01-29T23:32:22.219+0000] {logging_mixin.py:120} INFO - [2025-01-29T23:32:22.219+0000] {dag.py:2585} INFO - Sync 1 DAGs
[2025-01-29T23:32:22.253+0000] {logging_mixin.py:120} INFO - [2025-01-29T23:32:22.253+0000] {dag.py:3340} INFO - Setting next_dagrun for example_branch_operator to 2025-01-28T00:00:00+00:00, run_after=2025-01-29T00:00:00+00:00
[2025-01-29T23:32:22.280+0000] {processor.py:176} INFO - Processing /home/airflow/.local/lib/python3.7/site-packages/airflow/example_dags/example_branch_operator.py took 0.140 seconds
[2025-01-29T23:32:52.598+0000] {processor.py:154} INFO - Started process (PID=198) to work on /home/airflow/.local/lib/python3.7/site-packages/airflow/example_dags/example_branch_operator.py
[2025-01-29T23:32:52.599+0000] {processor.py:756} INFO - Processing file /home/airflow/.local/lib/python3.7/site-packages/airflow/example_dags/example_branch_operator.py for tasks to queue
[2025-01-29T23:32:52.599+0000] {logging_mixin.py:120} INFO - [2025-01-29T23:32:52.599+0000] {dagbag.py:537} INFO - Filling up the DagBag from /home/airflow/.local/lib/python3.7/site-packages/airflow/example_dags/example_branch_operator.py
[2025-01-29T23:32:52.617+0000] {processor.py:766} INFO - DAG(s) dict_keys(['example_branch_operator']) retrieved from /home/airflow/.local/lib/python3.7/site-packages/airflow/example_dags/example_branch_operator.py
[2025-01-29T23:32:52.672+0000] {logging_mixin.py:120} INFO - [2025-01-29T23:32:52.672+0000] {dag.py:2585} INFO - Sync 1 DAGs
[2025-01-29T23:32:52.707+0000] {logging_mixin.py:120} INFO - [2025-01-29T23:32:52.707+0000] {dag.py:3340} INFO - Setting next_dagrun for example_branch_operator to 2025-01-28T00:00:00+00:00, run_after=2025-01-29T00:00:00+00:00
[2025-01-29T23:32:52.730+0000] {processor.py:176} INFO - Processing /home/airflow/.local/lib/python3.7/site-packages/airflow/example_dags/example_branch_operator.py took 0.136 seconds
[2025-01-29T23:33:23.169+0000] {processor.py:154} INFO - Started process (PID=262) to work on /home/airflow/.local/lib/python3.7/site-packages/airflow/example_dags/example_branch_operator.py
[2025-01-29T23:33:23.171+0000] {processor.py:756} INFO - Processing file /home/airflow/.local/lib/python3.7/site-packages/airflow/example_dags/example_branch_operator.py for tasks to queue
[2025-01-29T23:33:23.171+0000] {logging_mixin.py:120} INFO - [2025-01-29T23:33:23.171+0000] {dagbag.py:537} INFO - Filling up the DagBag from /home/airflow/.local/lib/python3.7/site-packages/airflow/example_dags/example_branch_operator.py
[2025-01-29T23:33:23.189+0000] {processor.py:766} INFO - DAG(s) dict_keys(['example_branch_operator']) retrieved from /home/airflow/.local/lib/python3.7/site-packages/airflow/example_dags/example_branch_operator.py
[2025-01-29T23:33:23.250+0000] {logging_mixin.py:120} INFO - [2025-01-29T23:33:23.250+0000] {dag.py:2585} INFO - Sync 1 DAGs
[2025-01-29T23:33:23.284+0000] {logging_mixin.py:120} INFO - [2025-01-29T23:33:23.284+0000] {dag.py:3340} INFO - Setting next_dagrun for example_branch_operator to 2025-01-28T00:00:00+00:00, run_after=2025-01-29T00:00:00+00:00
[2025-01-29T23:33:23.308+0000] {processor.py:176} INFO - Processing /home/airflow/.local/lib/python3.7/site-packages/airflow/example_dags/example_branch_operator.py took 0.142 seconds
[2025-01-29T23:33:53.505+0000] {processor.py:154} INFO - Started process (PID=326) to work on /home/airflow/.local/lib/python3.7/site-packages/airflow/example_dags/example_branch_operator.py
[2025-01-29T23:33:53.506+0000] {processor.py:756} INFO - Processing file /home/airflow/.local/lib/python3.7/site-packages/airflow/example_dags/example_branch_operator.py for tasks to queue
[2025-01-29T23:33:53.506+0000] {logging_mixin.py:120} INFO - [2025-01-29T23:33:53.506+0000] {dagbag.py:537} INFO - Filling up the DagBag from /home/airflow/.local/lib/python3.7/site-packages/airflow/example_dags/example_branch_operator.py
[2025-01-29T23:33:53.522+0000] {processor.py:766} INFO - DAG(s) dict_keys(['example_branch_operator']) retrieved from /home/airflow/.local/lib/python3.7/site-packages/airflow/example_dags/example_branch_operator.py
[2025-01-29T23:33:53.580+0000] {logging_mixin.py:120} INFO - [2025-01-29T23:33:53.580+0000] {dag.py:2585} INFO - Sync 1 DAGs
[2025-01-29T23:33:53.616+0000] {logging_mixin.py:120} INFO - [2025-01-29T23:33:53.615+0000] {dag.py:3340} INFO - Setting next_dagrun for example_branch_operator to 2025-01-28T00:00:00+00:00, run_after=2025-01-29T00:00:00+00:00
[2025-01-29T23:33:53.638+0000] {processor.py:176} INFO - Processing /home/airflow/.local/lib/python3.7/site-packages/airflow/example_dags/example_branch_operator.py took 0.137 seconds
[2025-01-29T23:34:23.905+0000] {processor.py:154} INFO - Started process (PID=389) to work on /home/airflow/.local/lib/python3.7/site-packages/airflow/example_dags/example_branch_operator.py
[2025-01-29T23:34:23.905+0000] {processor.py:756} INFO - Processing file /home/airflow/.local/lib/python3.7/site-packages/airflow/example_dags/example_branch_operator.py for tasks to queue
[2025-01-29T23:34:23.906+0000] {logging_mixin.py:120} INFO - [2025-01-29T23:34:23.906+0000] {dagbag.py:537} INFO - Filling up the DagBag from /home/airflow/.local/lib/python3.7/site-packages/airflow/example_dags/example_branch_operator.py
[2025-01-29T23:34:23.923+0000] {processor.py:766} INFO - DAG(s) dict_keys(['example_branch_operator']) retrieved from /home/airflow/.local/lib/python3.7/site-packages/airflow/example_dags/example_branch_operator.py
[2025-01-29T23:34:23.989+0000] {logging_mixin.py:120} INFO - [2025-01-29T23:34:23.989+0000] {dag.py:2585} INFO - Sync 1 DAGs
[2025-01-29T23:34:24.029+0000] {logging_mixin.py:120} INFO - [2025-01-29T23:34:24.029+0000] {dag.py:3340} INFO - Setting next_dagrun for example_branch_operator to 2025-01-28T00:00:00+00:00, run_after=2025-01-29T00:00:00+00:00
[2025-01-29T23:34:24.066+0000] {processor.py:176} INFO - Processing /home/airflow/.local/lib/python3.7/site-packages/airflow/example_dags/example_branch_operator.py took 0.165 seconds
[2025-01-29T23:34:54.192+0000] {processor.py:154} INFO - Started process (PID=444) to work on /home/airflow/.local/lib/python3.7/site-packages/airflow/example_dags/example_branch_operator.py
[2025-01-29T23:34:54.193+0000] {processor.py:756} INFO - Processing file /home/airflow/.local/lib/python3.7/site-packages/airflow/example_dags/example_branch_operator.py for tasks to queue
[2025-01-29T23:34:54.194+0000] {logging_mixin.py:120} INFO - [2025-01-29T23:34:54.194+0000] {dagbag.py:537} INFO - Filling up the DagBag from /home/airflow/.local/lib/python3.7/site-packages/airflow/example_dags/example_branch_operator.py
[2025-01-29T23:34:54.209+0000] {processor.py:766} INFO - DAG(s) dict_keys(['example_branch_operator']) retrieved from /home/airflow/.local/lib/python3.7/site-packages/airflow/example_dags/example_branch_operator.py
[2025-01-29T23:34:54.267+0000] {logging_mixin.py:120} INFO - [2025-01-29T23:34:54.267+0000] {dag.py:2585} INFO - Sync 1 DAGs
[2025-01-29T23:34:54.305+0000] {logging_mixin.py:120} INFO - [2025-01-29T23:34:54.305+0000] {dag.py:3340} INFO - Setting next_dagrun for example_branch_operator to 2025-01-28T00:00:00+00:00, run_after=2025-01-29T00:00:00+00:00
[2025-01-29T23:34:54.334+0000] {processor.py:176} INFO - Processing /home/airflow/.local/lib/python3.7/site-packages/airflow/example_dags/example_branch_operator.py took 0.145 seconds
[2025-01-29T23:35:25.090+0000] {processor.py:154} INFO - Started process (PID=508) to work on /home/airflow/.local/lib/python3.7/site-packages/airflow/example_dags/example_branch_operator.py
[2025-01-29T23:35:25.091+0000] {processor.py:756} INFO - Processing file /home/airflow/.local/lib/python3.7/site-packages/airflow/example_dags/example_branch_operator.py for tasks to queue
[2025-01-29T23:35:25.092+0000] {logging_mixin.py:120} INFO - [2025-01-29T23:35:25.092+0000] {dagbag.py:537} INFO - Filling up the DagBag from /home/airflow/.local/lib/python3.7/site-packages/airflow/example_dags/example_branch_operator.py
[2025-01-29T23:35:25.108+0000] {processor.py:766} INFO - DAG(s) dict_keys(['example_branch_operator']) retrieved from /home/airflow/.local/lib/python3.7/site-packages/airflow/example_dags/example_branch_operator.py
[2025-01-29T23:35:25.166+0000] {logging_mixin.py:120} INFO - [2025-01-29T23:35:25.166+0000] {dag.py:2585} INFO - Sync 1 DAGs
[2025-01-29T23:35:25.200+0000] {logging_mixin.py:120} INFO - [2025-01-29T23:35:25.200+0000] {dag.py:3340} INFO - Setting next_dagrun for example_branch_operator to 2025-01-28T00:00:00+00:00, run_after=2025-01-29T00:00:00+00:00
[2025-01-29T23:35:25.222+0000] {processor.py:176} INFO - Processing /home/airflow/.local/lib/python3.7/site-packages/airflow/example_dags/example_branch_operator.py took 0.137 seconds
[2025-01-29T23:35:55.289+0000] {processor.py:154} INFO - Started process (PID=572) to work on /home/airflow/.local/lib/python3.7/site-packages/airflow/example_dags/example_branch_operator.py
[2025-01-29T23:35:55.291+0000] {processor.py:756} INFO - Processing file /home/airflow/.local/lib/python3.7/site-packages/airflow/example_dags/example_branch_operator.py for tasks to queue
[2025-01-29T23:35:55.292+0000] {logging_mixin.py:120} INFO - [2025-01-29T23:35:55.292+0000] {dagbag.py:537} INFO - Filling up the DagBag from /home/airflow/.local/lib/python3.7/site-packages/airflow/example_dags/example_branch_operator.py
[2025-01-29T23:35:55.313+0000] {processor.py:766} INFO - DAG(s) dict_keys(['example_branch_operator']) retrieved from /home/airflow/.local/lib/python3.7/site-packages/airflow/example_dags/example_branch_operator.py
[2025-01-29T23:35:55.361+0000] {logging_mixin.py:120} INFO - [2025-01-29T23:35:55.361+0000] {dag.py:2585} INFO - Sync 1 DAGs
[2025-01-29T23:35:55.397+0000] {logging_mixin.py:120} INFO - [2025-01-29T23:35:55.397+0000] {dag.py:3340} INFO - Setting next_dagrun for example_branch_operator to 2025-01-28T00:00:00+00:00, run_after=2025-01-29T00:00:00+00:00
[2025-01-29T23:35:55.423+0000] {processor.py:176} INFO - Processing /home/airflow/.local/lib/python3.7/site-packages/airflow/example_dags/example_branch_operator.py took 0.137 seconds
[2025-01-29T23:36:25.457+0000] {processor.py:154} INFO - Started process (PID=627) to work on /home/airflow/.local/lib/python3.7/site-packages/airflow/example_dags/example_branch_operator.py
[2025-01-29T23:36:25.458+0000] {processor.py:756} INFO - Processing file /home/airflow/.local/lib/python3.7/site-packages/airflow/example_dags/example_branch_operator.py for tasks to queue
[2025-01-29T23:36:25.458+0000] {logging_mixin.py:120} INFO - [2025-01-29T23:36:25.458+0000] {dagbag.py:537} INFO - Filling up the DagBag from /home/airflow/.local/lib/python3.7/site-packages/airflow/example_dags/example_branch_operator.py
[2025-01-29T23:36:25.474+0000] {processor.py:766} INFO - DAG(s) dict_keys(['example_branch_operator']) retrieved from /home/airflow/.local/lib/python3.7/site-packages/airflow/example_dags/example_branch_operator.py
[2025-01-29T23:36:25.534+0000] {logging_mixin.py:120} INFO - [2025-01-29T23:36:25.534+0000] {dag.py:2585} INFO - Sync 1 DAGs
[2025-01-29T23:36:25.568+0000] {logging_mixin.py:120} INFO - [2025-01-29T23:36:25.568+0000] {dag.py:3340} INFO - Setting next_dagrun for example_branch_operator to 2025-01-28T00:00:00+00:00, run_after=2025-01-29T00:00:00+00:00
[2025-01-29T23:36:25.599+0000] {processor.py:176} INFO - Processing /home/airflow/.local/lib/python3.7/site-packages/airflow/example_dags/example_branch_operator.py took 0.145 seconds
[2025-01-29T23:36:55.640+0000] {processor.py:154} INFO - Started process (PID=690) to work on /home/airflow/.local/lib/python3.7/site-packages/airflow/example_dags/example_branch_operator.py
[2025-01-29T23:36:55.641+0000] {processor.py:756} INFO - Processing file /home/airflow/.local/lib/python3.7/site-packages/airflow/example_dags/example_branch_operator.py for tasks to queue
[2025-01-29T23:36:55.642+0000] {logging_mixin.py:120} INFO - [2025-01-29T23:36:55.642+0000] {dagbag.py:537} INFO - Filling up the DagBag from /home/airflow/.local/lib/python3.7/site-packages/airflow/example_dags/example_branch_operator.py
[2025-01-29T23:36:55.660+0000] {processor.py:766} INFO - DAG(s) dict_keys(['example_branch_operator']) retrieved from /home/airflow/.local/lib/python3.7/site-packages/airflow/example_dags/example_branch_operator.py
[2025-01-29T23:36:55.716+0000] {logging_mixin.py:120} INFO - [2025-01-29T23:36:55.716+0000] {dag.py:2585} INFO - Sync 1 DAGs
[2025-01-29T23:36:55.750+0000] {logging_mixin.py:120} INFO - [2025-01-29T23:36:55.750+0000] {dag.py:3340} INFO - Setting next_dagrun for example_branch_operator to 2025-01-28T00:00:00+00:00, run_after=2025-01-29T00:00:00+00:00
[2025-01-29T23:36:55.774+0000] {processor.py:176} INFO - Processing /home/airflow/.local/lib/python3.7/site-packages/airflow/example_dags/example_branch_operator.py took 0.137 seconds
[2025-01-29T23:37:26.083+0000] {processor.py:154} INFO - Started process (PID=754) to work on /home/airflow/.local/lib/python3.7/site-packages/airflow/example_dags/example_branch_operator.py
[2025-01-29T23:37:26.084+0000] {processor.py:756} INFO - Processing file /home/airflow/.local/lib/python3.7/site-packages/airflow/example_dags/example_branch_operator.py for tasks to queue
[2025-01-29T23:37:26.085+0000] {logging_mixin.py:120} INFO - [2025-01-29T23:37:26.084+0000] {dagbag.py:537} INFO - Filling up the DagBag from /home/airflow/.local/lib/python3.7/site-packages/airflow/example_dags/example_branch_operator.py
[2025-01-29T23:37:26.102+0000] {processor.py:766} INFO - DAG(s) dict_keys(['example_branch_operator']) retrieved from /home/airflow/.local/lib/python3.7/site-packages/airflow/example_dags/example_branch_operator.py
[2025-01-29T23:37:26.166+0000] {logging_mixin.py:120} INFO - [2025-01-29T23:37:26.166+0000] {dag.py:2585} INFO - Sync 1 DAGs
[2025-01-29T23:37:26.201+0000] {logging_mixin.py:120} INFO - [2025-01-29T23:37:26.201+0000] {dag.py:3340} INFO - Setting next_dagrun for example_branch_operator to 2025-01-28T00:00:00+00:00, run_after=2025-01-29T00:00:00+00:00
[2025-01-29T23:37:26.223+0000] {processor.py:176} INFO - Processing /home/airflow/.local/lib/python3.7/site-packages/airflow/example_dags/example_branch_operator.py took 0.143 seconds
[2025-01-29T23:37:57.056+0000] {processor.py:154} INFO - Started process (PID=810) to work on /home/airflow/.local/lib/python3.7/site-packages/airflow/example_dags/example_branch_operator.py
[2025-01-29T23:37:57.057+0000] {processor.py:756} INFO - Processing file /home/airflow/.local/lib/python3.7/site-packages/airflow/example_dags/example_branch_operator.py for tasks to queue
[2025-01-29T23:37:57.057+0000] {logging_mixin.py:120} INFO - [2025-01-29T23:37:57.057+0000] {dagbag.py:537} INFO - Filling up the DagBag from /home/airflow/.local/lib/python3.7/site-packages/airflow/example_dags/example_branch_operator.py
[2025-01-29T23:37:57.074+0000] {processor.py:766} INFO - DAG(s) dict_keys(['example_branch_operator']) retrieved from /home/airflow/.local/lib/python3.7/site-packages/airflow/example_dags/example_branch_operator.py
[2025-01-29T23:37:57.134+0000] {logging_mixin.py:120} INFO - [2025-01-29T23:37:57.134+0000] {dag.py:2585} INFO - Sync 1 DAGs
[2025-01-29T23:37:57.169+0000] {logging_mixin.py:120} INFO - [2025-01-29T23:37:57.169+0000] {dag.py:3340} INFO - Setting next_dagrun for example_branch_operator to 2025-01-28T00:00:00+00:00, run_after=2025-01-29T00:00:00+00:00
[2025-01-29T23:37:57.196+0000] {processor.py:176} INFO - Processing /home/airflow/.local/lib/python3.7/site-packages/airflow/example_dags/example_branch_operator.py took 0.143 seconds
[2025-01-29T23:38:28.124+0000] {processor.py:154} INFO - Started process (PID=874) to work on /home/airflow/.local/lib/python3.7/site-packages/airflow/example_dags/example_branch_operator.py
[2025-01-29T23:38:28.125+0000] {processor.py:756} INFO - Processing file /home/airflow/.local/lib/python3.7/site-packages/airflow/example_dags/example_branch_operator.py for tasks to queue
[2025-01-29T23:38:28.126+0000] {logging_mixin.py:120} INFO - [2025-01-29T23:38:28.126+0000] {dagbag.py:537} INFO - Filling up the DagBag from /home/airflow/.local/lib/python3.7/site-packages/airflow/example_dags/example_branch_operator.py
[2025-01-29T23:38:28.141+0000] {processor.py:766} INFO - DAG(s) dict_keys(['example_branch_operator']) retrieved from /home/airflow/.local/lib/python3.7/site-packages/airflow/example_dags/example_branch_operator.py
[2025-01-29T23:38:28.198+0000] {logging_mixin.py:120} INFO - [2025-01-29T23:38:28.198+0000] {dag.py:2585} INFO - Sync 1 DAGs
[2025-01-29T23:38:28.234+0000] {logging_mixin.py:120} INFO - [2025-01-29T23:38:28.234+0000] {dag.py:3340} INFO - Setting next_dagrun for example_branch_operator to 2025-01-28T00:00:00+00:00, run_after=2025-01-29T00:00:00+00:00
[2025-01-29T23:38:28.261+0000] {processor.py:176} INFO - Processing /home/airflow/.local/lib/python3.7/site-packages/airflow/example_dags/example_branch_operator.py took 0.139 seconds
[2025-01-29T23:38:58.733+0000] {processor.py:154} INFO - Started process (PID=938) to work on /home/airflow/.local/lib/python3.7/site-packages/airflow/example_dags/example_branch_operator.py
[2025-01-29T23:38:58.736+0000] {processor.py:756} INFO - Processing file /home/airflow/.local/lib/python3.7/site-packages/airflow/example_dags/example_branch_operator.py for tasks to queue
[2025-01-29T23:38:58.737+0000] {logging_mixin.py:120} INFO - [2025-01-29T23:38:58.737+0000] {dagbag.py:537} INFO - Filling up the DagBag from /home/airflow/.local/lib/python3.7/site-packages/airflow/example_dags/example_branch_operator.py
[2025-01-29T23:38:58.771+0000] {processor.py:766} INFO - DAG(s) dict_keys(['example_branch_operator']) retrieved from /home/airflow/.local/lib/python3.7/site-packages/airflow/example_dags/example_branch_operator.py
[2025-01-29T23:38:58.834+0000] {logging_mixin.py:120} INFO - [2025-01-29T23:38:58.834+0000] {dag.py:2585} INFO - Sync 1 DAGs
[2025-01-29T23:38:58.868+0000] {logging_mixin.py:120} INFO - [2025-01-29T23:38:58.868+0000] {dag.py:3340} INFO - Setting next_dagrun for example_branch_operator to 2025-01-28T00:00:00+00:00, run_after=2025-01-29T00:00:00+00:00
[2025-01-29T23:38:58.893+0000] {processor.py:176} INFO - Processing /home/airflow/.local/lib/python3.7/site-packages/airflow/example_dags/example_branch_operator.py took 0.167 seconds
[2025-01-29T23:39:29.610+0000] {processor.py:154} INFO - Started process (PID=1002) to work on /home/airflow/.local/lib/python3.7/site-packages/airflow/example_dags/example_branch_operator.py
[2025-01-29T23:39:29.611+0000] {processor.py:756} INFO - Processing file /home/airflow/.local/lib/python3.7/site-packages/airflow/example_dags/example_branch_operator.py for tasks to queue
[2025-01-29T23:39:29.612+0000] {logging_mixin.py:120} INFO - [2025-01-29T23:39:29.611+0000] {dagbag.py:537} INFO - Filling up the DagBag from /home/airflow/.local/lib/python3.7/site-packages/airflow/example_dags/example_branch_operator.py
[2025-01-29T23:39:29.628+0000] {processor.py:766} INFO - DAG(s) dict_keys(['example_branch_operator']) retrieved from /home/airflow/.local/lib/python3.7/site-packages/airflow/example_dags/example_branch_operator.py
[2025-01-29T23:39:29.697+0000] {logging_mixin.py:120} INFO - [2025-01-29T23:39:29.697+0000] {dag.py:2585} INFO - Sync 1 DAGs
[2025-01-29T23:39:29.743+0000] {logging_mixin.py:120} INFO - [2025-01-29T23:39:29.742+0000] {dag.py:3340} INFO - Setting next_dagrun for example_branch_operator to 2025-01-28T00:00:00+00:00, run_after=2025-01-29T00:00:00+00:00
[2025-01-29T23:39:29.776+0000] {processor.py:176} INFO - Processing /home/airflow/.local/lib/python3.7/site-packages/airflow/example_dags/example_branch_operator.py took 0.169 seconds
[2025-01-29T23:39:59.998+0000] {processor.py:154} INFO - Started process (PID=1057) to work on /home/airflow/.local/lib/python3.7/site-packages/airflow/example_dags/example_branch_operator.py
[2025-01-29T23:39:59.999+0000] {processor.py:756} INFO - Processing file /home/airflow/.local/lib/python3.7/site-packages/airflow/example_dags/example_branch_operator.py for tasks to queue
[2025-01-29T23:40:00.000+0000] {logging_mixin.py:120} INFO - [2025-01-29T23:40:00.000+0000] {dagbag.py:537} INFO - Filling up the DagBag from /home/airflow/.local/lib/python3.7/site-packages/airflow/example_dags/example_branch_operator.py
[2025-01-29T23:40:00.017+0000] {processor.py:766} INFO - DAG(s) dict_keys(['example_branch_operator']) retrieved from /home/airflow/.local/lib/python3.7/site-packages/airflow/example_dags/example_branch_operator.py
[2025-01-29T23:40:00.073+0000] {logging_mixin.py:120} INFO - [2025-01-29T23:40:00.073+0000] {dag.py:2585} INFO - Sync 1 DAGs
[2025-01-29T23:40:00.104+0000] {logging_mixin.py:120} INFO - [2025-01-29T23:40:00.103+0000] {dag.py:3340} INFO - Setting next_dagrun for example_branch_operator to 2025-01-28T00:00:00+00:00, run_after=2025-01-29T00:00:00+00:00
[2025-01-29T23:40:00.131+0000] {processor.py:176} INFO - Processing /home/airflow/.local/lib/python3.7/site-packages/airflow/example_dags/example_branch_operator.py took 0.135 seconds
[2025-01-29T23:40:30.403+0000] {processor.py:154} INFO - Started process (PID=1121) to work on /home/airflow/.local/lib/python3.7/site-packages/airflow/example_dags/example_branch_operator.py
[2025-01-29T23:40:30.404+0000] {processor.py:756} INFO - Processing file /home/airflow/.local/lib/python3.7/site-packages/airflow/example_dags/example_branch_operator.py for tasks to queue
[2025-01-29T23:40:30.404+0000] {logging_mixin.py:120} INFO - [2025-01-29T23:40:30.404+0000] {dagbag.py:537} INFO - Filling up the DagBag from /home/airflow/.local/lib/python3.7/site-packages/airflow/example_dags/example_branch_operator.py
[2025-01-29T23:40:30.420+0000] {processor.py:766} INFO - DAG(s) dict_keys(['example_branch_operator']) retrieved from /home/airflow/.local/lib/python3.7/site-packages/airflow/example_dags/example_branch_operator.py
[2025-01-29T23:40:30.475+0000] {logging_mixin.py:120} INFO - [2025-01-29T23:40:30.475+0000] {dag.py:2585} INFO - Sync 1 DAGs
[2025-01-29T23:40:30.508+0000] {logging_mixin.py:120} INFO - [2025-01-29T23:40:30.507+0000] {dag.py:3340} INFO - Setting next_dagrun for example_branch_operator to 2025-01-28T00:00:00+00:00, run_after=2025-01-29T00:00:00+00:00
[2025-01-29T23:40:30.531+0000] {processor.py:176} INFO - Processing /home/airflow/.local/lib/python3.7/site-packages/airflow/example_dags/example_branch_operator.py took 0.131 seconds
[2025-01-29T23:41:00.994+0000] {processor.py:154} INFO - Started process (PID=1185) to work on /home/airflow/.local/lib/python3.7/site-packages/airflow/example_dags/example_branch_operator.py
[2025-01-29T23:41:00.995+0000] {processor.py:756} INFO - Processing file /home/airflow/.local/lib/python3.7/site-packages/airflow/example_dags/example_branch_operator.py for tasks to queue
[2025-01-29T23:41:00.996+0000] {logging_mixin.py:120} INFO - [2025-01-29T23:41:00.996+0000] {dagbag.py:537} INFO - Filling up the DagBag from /home/airflow/.local/lib/python3.7/site-packages/airflow/example_dags/example_branch_operator.py
[2025-01-29T23:41:01.011+0000] {processor.py:766} INFO - DAG(s) dict_keys(['example_branch_operator']) retrieved from /home/airflow/.local/lib/python3.7/site-packages/airflow/example_dags/example_branch_operator.py
[2025-01-29T23:41:01.069+0000] {logging_mixin.py:120} INFO - [2025-01-29T23:41:01.069+0000] {dag.py:2585} INFO - Sync 1 DAGs
[2025-01-29T23:41:01.109+0000] {logging_mixin.py:120} INFO - [2025-01-29T23:41:01.109+0000] {dag.py:3340} INFO - Setting next_dagrun for example_branch_operator to 2025-01-28T00:00:00+00:00, run_after=2025-01-29T00:00:00+00:00
[2025-01-29T23:41:01.146+0000] {processor.py:176} INFO - Processing /home/airflow/.local/lib/python3.7/site-packages/airflow/example_dags/example_branch_operator.py took 0.154 seconds
[2025-01-29T23:41:31.689+0000] {processor.py:154} INFO - Started process (PID=1240) to work on /home/airflow/.local/lib/python3.7/site-packages/airflow/example_dags/example_branch_operator.py
[2025-01-29T23:41:31.690+0000] {processor.py:756} INFO - Processing file /home/airflow/.local/lib/python3.7/site-packages/airflow/example_dags/example_branch_operator.py for tasks to queue
[2025-01-29T23:41:31.691+0000] {logging_mixin.py:120} INFO - [2025-01-29T23:41:31.691+0000] {dagbag.py:537} INFO - Filling up the DagBag from /home/airflow/.local/lib/python3.7/site-packages/airflow/example_dags/example_branch_operator.py
[2025-01-29T23:41:31.707+0000] {processor.py:766} INFO - DAG(s) dict_keys(['example_branch_operator']) retrieved from /home/airflow/.local/lib/python3.7/site-packages/airflow/example_dags/example_branch_operator.py
[2025-01-29T23:41:31.762+0000] {logging_mixin.py:120} INFO - [2025-01-29T23:41:31.762+0000] {dag.py:2585} INFO - Sync 1 DAGs
[2025-01-29T23:41:31.795+0000] {logging_mixin.py:120} INFO - [2025-01-29T23:41:31.794+0000] {dag.py:3340} INFO - Setting next_dagrun for example_branch_operator to 2025-01-28T00:00:00+00:00, run_after=2025-01-29T00:00:00+00:00
[2025-01-29T23:41:31.818+0000] {processor.py:176} INFO - Processing /home/airflow/.local/lib/python3.7/site-packages/airflow/example_dags/example_branch_operator.py took 0.131 seconds
[2025-01-29T23:42:02.554+0000] {processor.py:154} INFO - Started process (PID=1305) to work on /home/airflow/.local/lib/python3.7/site-packages/airflow/example_dags/example_branch_operator.py
[2025-01-29T23:42:02.555+0000] {processor.py:756} INFO - Processing file /home/airflow/.local/lib/python3.7/site-packages/airflow/example_dags/example_branch_operator.py for tasks to queue
[2025-01-29T23:42:02.556+0000] {logging_mixin.py:120} INFO - [2025-01-29T23:42:02.556+0000] {dagbag.py:537} INFO - Filling up the DagBag from /home/airflow/.local/lib/python3.7/site-packages/airflow/example_dags/example_branch_operator.py
[2025-01-29T23:42:02.576+0000] {processor.py:766} INFO - DAG(s) dict_keys(['example_branch_operator']) retrieved from /home/airflow/.local/lib/python3.7/site-packages/airflow/example_dags/example_branch_operator.py
[2025-01-29T23:42:02.642+0000] {logging_mixin.py:120} INFO - [2025-01-29T23:42:02.642+0000] {dag.py:2585} INFO - Sync 1 DAGs
[2025-01-29T23:42:02.678+0000] {logging_mixin.py:120} INFO - [2025-01-29T23:42:02.678+0000] {dag.py:3340} INFO - Setting next_dagrun for example_branch_operator to 2025-01-28T00:00:00+00:00, run_after=2025-01-29T00:00:00+00:00
[2025-01-29T23:42:02.709+0000] {processor.py:176} INFO - Processing /home/airflow/.local/lib/python3.7/site-packages/airflow/example_dags/example_branch_operator.py took 0.158 seconds
[2025-01-29T23:42:33.464+0000] {processor.py:154} INFO - Started process (PID=1369) to work on /home/airflow/.local/lib/python3.7/site-packages/airflow/example_dags/example_branch_operator.py
[2025-01-29T23:42:33.465+0000] {processor.py:756} INFO - Processing file /home/airflow/.local/lib/python3.7/site-packages/airflow/example_dags/example_branch_operator.py for tasks to queue
[2025-01-29T23:42:33.465+0000] {logging_mixin.py:120} INFO - [2025-01-29T23:42:33.465+0000] {dagbag.py:537} INFO - Filling up the DagBag from /home/airflow/.local/lib/python3.7/site-packages/airflow/example_dags/example_branch_operator.py
[2025-01-29T23:42:33.482+0000] {processor.py:766} INFO - DAG(s) dict_keys(['example_branch_operator']) retrieved from /home/airflow/.local/lib/python3.7/site-packages/airflow/example_dags/example_branch_operator.py
[2025-01-29T23:42:33.540+0000] {logging_mixin.py:120} INFO - [2025-01-29T23:42:33.540+0000] {dag.py:2585} INFO - Sync 1 DAGs
[2025-01-29T23:42:33.575+0000] {logging_mixin.py:120} INFO - [2025-01-29T23:42:33.575+0000] {dag.py:3340} INFO - Setting next_dagrun for example_branch_operator to 2025-01-28T00:00:00+00:00, run_after=2025-01-29T00:00:00+00:00
[2025-01-29T23:42:33.604+0000] {processor.py:176} INFO - Processing /home/airflow/.local/lib/python3.7/site-packages/airflow/example_dags/example_branch_operator.py took 0.143 seconds
[2025-01-29T23:43:04.097+0000] {processor.py:154} INFO - Started process (PID=1432) to work on /home/airflow/.local/lib/python3.7/site-packages/airflow/example_dags/example_branch_operator.py
[2025-01-29T23:43:04.099+0000] {processor.py:756} INFO - Processing file /home/airflow/.local/lib/python3.7/site-packages/airflow/example_dags/example_branch_operator.py for tasks to queue
[2025-01-29T23:43:04.100+0000] {logging_mixin.py:120} INFO - [2025-01-29T23:43:04.099+0000] {dagbag.py:537} INFO - Filling up the DagBag from /home/airflow/.local/lib/python3.7/site-packages/airflow/example_dags/example_branch_operator.py
[2025-01-29T23:43:04.116+0000] {processor.py:766} INFO - DAG(s) dict_keys(['example_branch_operator']) retrieved from /home/airflow/.local/lib/python3.7/site-packages/airflow/example_dags/example_branch_operator.py
[2025-01-29T23:43:04.172+0000] {logging_mixin.py:120} INFO - [2025-01-29T23:43:04.172+0000] {dag.py:2585} INFO - Sync 1 DAGs
[2025-01-29T23:43:04.206+0000] {logging_mixin.py:120} INFO - [2025-01-29T23:43:04.206+0000] {dag.py:3340} INFO - Setting next_dagrun for example_branch_operator to 2025-01-28T00:00:00+00:00, run_after=2025-01-29T00:00:00+00:00
[2025-01-29T23:43:04.233+0000] {processor.py:176} INFO - Processing /home/airflow/.local/lib/python3.7/site-packages/airflow/example_dags/example_branch_operator.py took 0.139 seconds
[2025-01-29T23:43:34.869+0000] {processor.py:154} INFO - Started process (PID=1489) to work on /home/airflow/.local/lib/python3.7/site-packages/airflow/example_dags/example_branch_operator.py
[2025-01-29T23:43:34.870+0000] {processor.py:756} INFO - Processing file /home/airflow/.local/lib/python3.7/site-packages/airflow/example_dags/example_branch_operator.py for tasks to queue
[2025-01-29T23:43:34.871+0000] {logging_mixin.py:120} INFO - [2025-01-29T23:43:34.870+0000] {dagbag.py:537} INFO - Filling up the DagBag from /home/airflow/.local/lib/python3.7/site-packages/airflow/example_dags/example_branch_operator.py
[2025-01-29T23:43:34.886+0000] {processor.py:766} INFO - DAG(s) dict_keys(['example_branch_operator']) retrieved from /home/airflow/.local/lib/python3.7/site-packages/airflow/example_dags/example_branch_operator.py
[2025-01-29T23:43:34.943+0000] {logging_mixin.py:120} INFO - [2025-01-29T23:43:34.943+0000] {dag.py:2585} INFO - Sync 1 DAGs
[2025-01-29T23:43:34.976+0000] {logging_mixin.py:120} INFO - [2025-01-29T23:43:34.975+0000] {dag.py:3340} INFO - Setting next_dagrun for example_branch_operator to 2025-01-28T00:00:00+00:00, run_after=2025-01-29T00:00:00+00:00
[2025-01-29T23:43:35.001+0000] {processor.py:176} INFO - Processing /home/airflow/.local/lib/python3.7/site-packages/airflow/example_dags/example_branch_operator.py took 0.135 seconds
[2025-01-29T23:44:05.415+0000] {processor.py:154} INFO - Started process (PID=1553) to work on /home/airflow/.local/lib/python3.7/site-packages/airflow/example_dags/example_branch_operator.py
[2025-01-29T23:44:05.416+0000] {processor.py:756} INFO - Processing file /home/airflow/.local/lib/python3.7/site-packages/airflow/example_dags/example_branch_operator.py for tasks to queue
[2025-01-29T23:44:05.417+0000] {logging_mixin.py:120} INFO - [2025-01-29T23:44:05.416+0000] {dagbag.py:537} INFO - Filling up the DagBag from /home/airflow/.local/lib/python3.7/site-packages/airflow/example_dags/example_branch_operator.py
[2025-01-29T23:44:05.434+0000] {processor.py:766} INFO - DAG(s) dict_keys(['example_branch_operator']) retrieved from /home/airflow/.local/lib/python3.7/site-packages/airflow/example_dags/example_branch_operator.py
[2025-01-29T23:44:05.493+0000] {logging_mixin.py:120} INFO - [2025-01-29T23:44:05.493+0000] {dag.py:2585} INFO - Sync 1 DAGs
[2025-01-29T23:44:05.525+0000] {logging_mixin.py:120} INFO - [2025-01-29T23:44:05.524+0000] {dag.py:3340} INFO - Setting next_dagrun for example_branch_operator to 2025-01-28T00:00:00+00:00, run_after=2025-01-29T00:00:00+00:00
[2025-01-29T23:44:05.549+0000] {processor.py:176} INFO - Processing /home/airflow/.local/lib/python3.7/site-packages/airflow/example_dags/example_branch_operator.py took 0.138 seconds
[2025-01-29T23:44:35.940+0000] {processor.py:154} INFO - Started process (PID=1617) to work on /home/airflow/.local/lib/python3.7/site-packages/airflow/example_dags/example_branch_operator.py
[2025-01-29T23:44:35.941+0000] {processor.py:756} INFO - Processing file /home/airflow/.local/lib/python3.7/site-packages/airflow/example_dags/example_branch_operator.py for tasks to queue
[2025-01-29T23:44:35.941+0000] {logging_mixin.py:120} INFO - [2025-01-29T23:44:35.941+0000] {dagbag.py:537} INFO - Filling up the DagBag from /home/airflow/.local/lib/python3.7/site-packages/airflow/example_dags/example_branch_operator.py
[2025-01-29T23:44:35.957+0000] {processor.py:766} INFO - DAG(s) dict_keys(['example_branch_operator']) retrieved from /home/airflow/.local/lib/python3.7/site-packages/airflow/example_dags/example_branch_operator.py
[2025-01-29T23:44:36.013+0000] {logging_mixin.py:120} INFO - [2025-01-29T23:44:36.012+0000] {dag.py:2585} INFO - Sync 1 DAGs
[2025-01-29T23:44:36.044+0000] {logging_mixin.py:120} INFO - [2025-01-29T23:44:36.043+0000] {dag.py:3340} INFO - Setting next_dagrun for example_branch_operator to 2025-01-28T00:00:00+00:00, run_after=2025-01-29T00:00:00+00:00
[2025-01-29T23:44:36.068+0000] {processor.py:176} INFO - Processing /home/airflow/.local/lib/python3.7/site-packages/airflow/example_dags/example_branch_operator.py took 0.131 seconds
[2025-01-29T23:45:06.509+0000] {processor.py:154} INFO - Started process (PID=1672) to work on /home/airflow/.local/lib/python3.7/site-packages/airflow/example_dags/example_branch_operator.py
[2025-01-29T23:45:06.510+0000] {processor.py:756} INFO - Processing file /home/airflow/.local/lib/python3.7/site-packages/airflow/example_dags/example_branch_operator.py for tasks to queue
[2025-01-29T23:45:06.510+0000] {logging_mixin.py:120} INFO - [2025-01-29T23:45:06.510+0000] {dagbag.py:537} INFO - Filling up the DagBag from /home/airflow/.local/lib/python3.7/site-packages/airflow/example_dags/example_branch_operator.py
[2025-01-29T23:45:06.526+0000] {processor.py:766} INFO - DAG(s) dict_keys(['example_branch_operator']) retrieved from /home/airflow/.local/lib/python3.7/site-packages/airflow/example_dags/example_branch_operator.py
[2025-01-29T23:45:06.583+0000] {logging_mixin.py:120} INFO - [2025-01-29T23:45:06.583+0000] {dag.py:2585} INFO - Sync 1 DAGs
[2025-01-29T23:45:06.619+0000] {logging_mixin.py:120} INFO - [2025-01-29T23:45:06.619+0000] {dag.py:3340} INFO - Setting next_dagrun for example_branch_operator to 2025-01-28T00:00:00+00:00, run_after=2025-01-29T00:00:00+00:00
[2025-01-29T23:45:06.644+0000] {processor.py:176} INFO - Processing /home/airflow/.local/lib/python3.7/site-packages/airflow/example_dags/example_branch_operator.py took 0.138 seconds
[2025-01-29T23:45:37.177+0000] {processor.py:154} INFO - Started process (PID=1736) to work on /home/airflow/.local/lib/python3.7/site-packages/airflow/example_dags/example_branch_operator.py
[2025-01-29T23:45:37.178+0000] {processor.py:756} INFO - Processing file /home/airflow/.local/lib/python3.7/site-packages/airflow/example_dags/example_branch_operator.py for tasks to queue
[2025-01-29T23:45:37.179+0000] {logging_mixin.py:120} INFO - [2025-01-29T23:45:37.179+0000] {dagbag.py:537} INFO - Filling up the DagBag from /home/airflow/.local/lib/python3.7/site-packages/airflow/example_dags/example_branch_operator.py
[2025-01-29T23:45:37.195+0000] {processor.py:766} INFO - DAG(s) dict_keys(['example_branch_operator']) retrieved from /home/airflow/.local/lib/python3.7/site-packages/airflow/example_dags/example_branch_operator.py
[2025-01-29T23:45:37.255+0000] {logging_mixin.py:120} INFO - [2025-01-29T23:45:37.255+0000] {dag.py:2585} INFO - Sync 1 DAGs
[2025-01-29T23:45:37.285+0000] {logging_mixin.py:120} INFO - [2025-01-29T23:45:37.285+0000] {dag.py:3340} INFO - Setting next_dagrun for example_branch_operator to 2025-01-28T00:00:00+00:00, run_after=2025-01-29T00:00:00+00:00
[2025-01-29T23:45:37.308+0000] {processor.py:176} INFO - Processing /home/airflow/.local/lib/python3.7/site-packages/airflow/example_dags/example_branch_operator.py took 0.134 seconds
[2025-01-29T23:46:07.740+0000] {processor.py:154} INFO - Started process (PID=1800) to work on /home/airflow/.local/lib/python3.7/site-packages/airflow/example_dags/example_branch_operator.py
[2025-01-29T23:46:07.741+0000] {processor.py:756} INFO - Processing file /home/airflow/.local/lib/python3.7/site-packages/airflow/example_dags/example_branch_operator.py for tasks to queue
[2025-01-29T23:46:07.741+0000] {logging_mixin.py:120} INFO - [2025-01-29T23:46:07.741+0000] {dagbag.py:537} INFO - Filling up the DagBag from /home/airflow/.local/lib/python3.7/site-packages/airflow/example_dags/example_branch_operator.py
[2025-01-29T23:46:07.757+0000] {processor.py:766} INFO - DAG(s) dict_keys(['example_branch_operator']) retrieved from /home/airflow/.local/lib/python3.7/site-packages/airflow/example_dags/example_branch_operator.py
[2025-01-29T23:46:07.813+0000] {logging_mixin.py:120} INFO - [2025-01-29T23:46:07.813+0000] {dag.py:2585} INFO - Sync 1 DAGs
[2025-01-29T23:46:07.845+0000] {logging_mixin.py:120} INFO - [2025-01-29T23:46:07.845+0000] {dag.py:3340} INFO - Setting next_dagrun for example_branch_operator to 2025-01-28T00:00:00+00:00, run_after=2025-01-29T00:00:00+00:00
[2025-01-29T23:46:07.869+0000] {processor.py:176} INFO - Processing /home/airflow/.local/lib/python3.7/site-packages/airflow/example_dags/example_branch_operator.py took 0.132 seconds
[2025-01-29T23:46:38.303+0000] {processor.py:154} INFO - Started process (PID=1855) to work on /home/airflow/.local/lib/python3.7/site-packages/airflow/example_dags/example_branch_operator.py
[2025-01-29T23:46:38.304+0000] {processor.py:756} INFO - Processing file /home/airflow/.local/lib/python3.7/site-packages/airflow/example_dags/example_branch_operator.py for tasks to queue
[2025-01-29T23:46:38.305+0000] {logging_mixin.py:120} INFO - [2025-01-29T23:46:38.305+0000] {dagbag.py:537} INFO - Filling up the DagBag from /home/airflow/.local/lib/python3.7/site-packages/airflow/example_dags/example_branch_operator.py
[2025-01-29T23:46:38.323+0000] {processor.py:766} INFO - DAG(s) dict_keys(['example_branch_operator']) retrieved from /home/airflow/.local/lib/python3.7/site-packages/airflow/example_dags/example_branch_operator.py
[2025-01-29T23:46:38.379+0000] {logging_mixin.py:120} INFO - [2025-01-29T23:46:38.378+0000] {dag.py:2585} INFO - Sync 1 DAGs
[2025-01-29T23:46:38.409+0000] {logging_mixin.py:120} INFO - [2025-01-29T23:46:38.409+0000] {dag.py:3340} INFO - Setting next_dagrun for example_branch_operator to 2025-01-28T00:00:00+00:00, run_after=2025-01-29T00:00:00+00:00
[2025-01-29T23:46:38.435+0000] {processor.py:176} INFO - Processing /home/airflow/.local/lib/python3.7/site-packages/airflow/example_dags/example_branch_operator.py took 0.135 seconds
[2025-01-29T23:47:08.501+0000] {processor.py:154} INFO - Started process (PID=1919) to work on /home/airflow/.local/lib/python3.7/site-packages/airflow/example_dags/example_branch_operator.py
[2025-01-29T23:47:08.502+0000] {processor.py:756} INFO - Processing file /home/airflow/.local/lib/python3.7/site-packages/airflow/example_dags/example_branch_operator.py for tasks to queue
[2025-01-29T23:47:08.503+0000] {logging_mixin.py:120} INFO - [2025-01-29T23:47:08.503+0000] {dagbag.py:537} INFO - Filling up the DagBag from /home/airflow/.local/lib/python3.7/site-packages/airflow/example_dags/example_branch_operator.py
[2025-01-29T23:47:08.521+0000] {processor.py:766} INFO - DAG(s) dict_keys(['example_branch_operator']) retrieved from /home/airflow/.local/lib/python3.7/site-packages/airflow/example_dags/example_branch_operator.py
[2025-01-29T23:47:08.580+0000] {logging_mixin.py:120} INFO - [2025-01-29T23:47:08.580+0000] {dag.py:2585} INFO - Sync 1 DAGs
[2025-01-29T23:47:08.615+0000] {logging_mixin.py:120} INFO - [2025-01-29T23:47:08.614+0000] {dag.py:3340} INFO - Setting next_dagrun for example_branch_operator to 2025-01-28T00:00:00+00:00, run_after=2025-01-29T00:00:00+00:00
[2025-01-29T23:47:08.641+0000] {processor.py:176} INFO - Processing /home/airflow/.local/lib/python3.7/site-packages/airflow/example_dags/example_branch_operator.py took 0.144 seconds
[2025-01-29T23:47:39.181+0000] {processor.py:154} INFO - Started process (PID=1983) to work on /home/airflow/.local/lib/python3.7/site-packages/airflow/example_dags/example_branch_operator.py
[2025-01-29T23:47:39.182+0000] {processor.py:756} INFO - Processing file /home/airflow/.local/lib/python3.7/site-packages/airflow/example_dags/example_branch_operator.py for tasks to queue
[2025-01-29T23:47:39.183+0000] {logging_mixin.py:120} INFO - [2025-01-29T23:47:39.183+0000] {dagbag.py:537} INFO - Filling up the DagBag from /home/airflow/.local/lib/python3.7/site-packages/airflow/example_dags/example_branch_operator.py
[2025-01-29T23:47:39.203+0000] {processor.py:766} INFO - DAG(s) dict_keys(['example_branch_operator']) retrieved from /home/airflow/.local/lib/python3.7/site-packages/airflow/example_dags/example_branch_operator.py
[2025-01-29T23:47:39.256+0000] {logging_mixin.py:120} INFO - [2025-01-29T23:47:39.256+0000] {dag.py:2585} INFO - Sync 1 DAGs
[2025-01-29T23:47:39.285+0000] {logging_mixin.py:120} INFO - [2025-01-29T23:47:39.285+0000] {dag.py:3340} INFO - Setting next_dagrun for example_branch_operator to 2025-01-28T00:00:00+00:00, run_after=2025-01-29T00:00:00+00:00
[2025-01-29T23:47:39.306+0000] {processor.py:176} INFO - Processing /home/airflow/.local/lib/python3.7/site-packages/airflow/example_dags/example_branch_operator.py took 0.128 seconds
[2025-01-29T23:48:10.102+0000] {processor.py:154} INFO - Started process (PID=2047) to work on /home/airflow/.local/lib/python3.7/site-packages/airflow/example_dags/example_branch_operator.py
[2025-01-29T23:48:10.103+0000] {processor.py:756} INFO - Processing file /home/airflow/.local/lib/python3.7/site-packages/airflow/example_dags/example_branch_operator.py for tasks to queue
[2025-01-29T23:48:10.104+0000] {logging_mixin.py:120} INFO - [2025-01-29T23:48:10.104+0000] {dagbag.py:537} INFO - Filling up the DagBag from /home/airflow/.local/lib/python3.7/site-packages/airflow/example_dags/example_branch_operator.py
[2025-01-29T23:48:10.124+0000] {processor.py:766} INFO - DAG(s) dict_keys(['example_branch_operator']) retrieved from /home/airflow/.local/lib/python3.7/site-packages/airflow/example_dags/example_branch_operator.py
[2025-01-29T23:48:10.189+0000] {logging_mixin.py:120} INFO - [2025-01-29T23:48:10.189+0000] {dag.py:2585} INFO - Sync 1 DAGs
[2025-01-29T23:48:10.227+0000] {logging_mixin.py:120} INFO - [2025-01-29T23:48:10.227+0000] {dag.py:3340} INFO - Setting next_dagrun for example_branch_operator to 2025-01-28T00:00:00+00:00, run_after=2025-01-29T00:00:00+00:00
[2025-01-29T23:48:10.260+0000] {processor.py:176} INFO - Processing /home/airflow/.local/lib/python3.7/site-packages/airflow/example_dags/example_branch_operator.py took 0.161 seconds
[2025-01-29T23:48:40.881+0000] {processor.py:154} INFO - Started process (PID=2102) to work on /home/airflow/.local/lib/python3.7/site-packages/airflow/example_dags/example_branch_operator.py
[2025-01-29T23:48:40.882+0000] {processor.py:756} INFO - Processing file /home/airflow/.local/lib/python3.7/site-packages/airflow/example_dags/example_branch_operator.py for tasks to queue
[2025-01-29T23:48:40.882+0000] {logging_mixin.py:120} INFO - [2025-01-29T23:48:40.882+0000] {dagbag.py:537} INFO - Filling up the DagBag from /home/airflow/.local/lib/python3.7/site-packages/airflow/example_dags/example_branch_operator.py
[2025-01-29T23:48:40.897+0000] {processor.py:766} INFO - DAG(s) dict_keys(['example_branch_operator']) retrieved from /home/airflow/.local/lib/python3.7/site-packages/airflow/example_dags/example_branch_operator.py
[2025-01-29T23:48:40.951+0000] {logging_mixin.py:120} INFO - [2025-01-29T23:48:40.951+0000] {dag.py:2585} INFO - Sync 1 DAGs
[2025-01-29T23:48:40.982+0000] {logging_mixin.py:120} INFO - [2025-01-29T23:48:40.982+0000] {dag.py:3340} INFO - Setting next_dagrun for example_branch_operator to 2025-01-28T00:00:00+00:00, run_after=2025-01-29T00:00:00+00:00
[2025-01-29T23:48:41.007+0000] {processor.py:176} INFO - Processing /home/airflow/.local/lib/python3.7/site-packages/airflow/example_dags/example_branch_operator.py took 0.129 seconds
[2025-01-29T23:49:11.414+0000] {processor.py:154} INFO - Started process (PID=2166) to work on /home/airflow/.local/lib/python3.7/site-packages/airflow/example_dags/example_branch_operator.py
[2025-01-29T23:49:11.415+0000] {processor.py:756} INFO - Processing file /home/airflow/.local/lib/python3.7/site-packages/airflow/example_dags/example_branch_operator.py for tasks to queue
[2025-01-29T23:49:11.416+0000] {logging_mixin.py:120} INFO - [2025-01-29T23:49:11.416+0000] {dagbag.py:537} INFO - Filling up the DagBag from /home/airflow/.local/lib/python3.7/site-packages/airflow/example_dags/example_branch_operator.py
[2025-01-29T23:49:11.431+0000] {processor.py:766} INFO - DAG(s) dict_keys(['example_branch_operator']) retrieved from /home/airflow/.local/lib/python3.7/site-packages/airflow/example_dags/example_branch_operator.py
[2025-01-29T23:49:11.487+0000] {logging_mixin.py:120} INFO - [2025-01-29T23:49:11.487+0000] {dag.py:2585} INFO - Sync 1 DAGs
[2025-01-29T23:49:11.522+0000] {logging_mixin.py:120} INFO - [2025-01-29T23:49:11.522+0000] {dag.py:3340} INFO - Setting next_dagrun for example_branch_operator to 2025-01-28T00:00:00+00:00, run_after=2025-01-29T00:00:00+00:00
[2025-01-29T23:49:11.546+0000] {processor.py:176} INFO - Processing /home/airflow/.local/lib/python3.7/site-packages/airflow/example_dags/example_branch_operator.py took 0.135 seconds
[2025-01-29T23:49:41.705+0000] {processor.py:154} INFO - Started process (PID=2230) to work on /home/airflow/.local/lib/python3.7/site-packages/airflow/example_dags/example_branch_operator.py
[2025-01-29T23:49:41.705+0000] {processor.py:756} INFO - Processing file /home/airflow/.local/lib/python3.7/site-packages/airflow/example_dags/example_branch_operator.py for tasks to queue
[2025-01-29T23:49:41.706+0000] {logging_mixin.py:120} INFO - [2025-01-29T23:49:41.706+0000] {dagbag.py:537} INFO - Filling up the DagBag from /home/airflow/.local/lib/python3.7/site-packages/airflow/example_dags/example_branch_operator.py
[2025-01-29T23:49:41.722+0000] {processor.py:766} INFO - DAG(s) dict_keys(['example_branch_operator']) retrieved from /home/airflow/.local/lib/python3.7/site-packages/airflow/example_dags/example_branch_operator.py
[2025-01-29T23:49:41.787+0000] {logging_mixin.py:120} INFO - [2025-01-29T23:49:41.787+0000] {dag.py:2585} INFO - Sync 1 DAGs
[2025-01-29T23:49:41.824+0000] {logging_mixin.py:120} INFO - [2025-01-29T23:49:41.823+0000] {dag.py:3340} INFO - Setting next_dagrun for example_branch_operator to 2025-01-28T00:00:00+00:00, run_after=2025-01-29T00:00:00+00:00
[2025-01-29T23:49:41.855+0000] {processor.py:176} INFO - Processing /home/airflow/.local/lib/python3.7/site-packages/airflow/example_dags/example_branch_operator.py took 0.153 seconds
[2025-01-29T23:50:11.912+0000] {processor.py:154} INFO - Started process (PID=2284) to work on /home/airflow/.local/lib/python3.7/site-packages/airflow/example_dags/example_branch_operator.py
[2025-01-29T23:50:11.914+0000] {processor.py:756} INFO - Processing file /home/airflow/.local/lib/python3.7/site-packages/airflow/example_dags/example_branch_operator.py for tasks to queue
[2025-01-29T23:50:11.915+0000] {logging_mixin.py:120} INFO - [2025-01-29T23:50:11.914+0000] {dagbag.py:537} INFO - Filling up the DagBag from /home/airflow/.local/lib/python3.7/site-packages/airflow/example_dags/example_branch_operator.py
[2025-01-29T23:50:11.934+0000] {processor.py:766} INFO - DAG(s) dict_keys(['example_branch_operator']) retrieved from /home/airflow/.local/lib/python3.7/site-packages/airflow/example_dags/example_branch_operator.py
[2025-01-29T23:50:12.001+0000] {logging_mixin.py:120} INFO - [2025-01-29T23:50:12.001+0000] {dag.py:2585} INFO - Sync 1 DAGs
[2025-01-29T23:50:12.039+0000] {logging_mixin.py:120} INFO - [2025-01-29T23:50:12.039+0000] {dag.py:3340} INFO - Setting next_dagrun for example_branch_operator to 2025-01-28T00:00:00+00:00, run_after=2025-01-29T00:00:00+00:00
[2025-01-29T23:50:12.067+0000] {processor.py:176} INFO - Processing /home/airflow/.local/lib/python3.7/site-packages/airflow/example_dags/example_branch_operator.py took 0.159 seconds
[2025-01-29T23:50:42.333+0000] {processor.py:154} INFO - Started process (PID=2348) to work on /home/airflow/.local/lib/python3.7/site-packages/airflow/example_dags/example_branch_operator.py
[2025-01-29T23:50:42.334+0000] {processor.py:756} INFO - Processing file /home/airflow/.local/lib/python3.7/site-packages/airflow/example_dags/example_branch_operator.py for tasks to queue
[2025-01-29T23:50:42.335+0000] {logging_mixin.py:120} INFO - [2025-01-29T23:50:42.335+0000] {dagbag.py:537} INFO - Filling up the DagBag from /home/airflow/.local/lib/python3.7/site-packages/airflow/example_dags/example_branch_operator.py
[2025-01-29T23:50:42.351+0000] {processor.py:766} INFO - DAG(s) dict_keys(['example_branch_operator']) retrieved from /home/airflow/.local/lib/python3.7/site-packages/airflow/example_dags/example_branch_operator.py
[2025-01-29T23:50:42.405+0000] {logging_mixin.py:120} INFO - [2025-01-29T23:50:42.405+0000] {dag.py:2585} INFO - Sync 1 DAGs
[2025-01-29T23:50:42.442+0000] {logging_mixin.py:120} INFO - [2025-01-29T23:50:42.442+0000] {dag.py:3340} INFO - Setting next_dagrun for example_branch_operator to 2025-01-28T00:00:00+00:00, run_after=2025-01-29T00:00:00+00:00
[2025-01-29T23:50:42.469+0000] {processor.py:176} INFO - Processing /home/airflow/.local/lib/python3.7/site-packages/airflow/example_dags/example_branch_operator.py took 0.138 seconds
[2025-01-29T23:51:13.241+0000] {processor.py:154} INFO - Started process (PID=2414) to work on /home/airflow/.local/lib/python3.7/site-packages/airflow/example_dags/example_branch_operator.py
[2025-01-29T23:51:13.242+0000] {processor.py:756} INFO - Processing file /home/airflow/.local/lib/python3.7/site-packages/airflow/example_dags/example_branch_operator.py for tasks to queue
[2025-01-29T23:51:13.243+0000] {logging_mixin.py:120} INFO - [2025-01-29T23:51:13.243+0000] {dagbag.py:537} INFO - Filling up the DagBag from /home/airflow/.local/lib/python3.7/site-packages/airflow/example_dags/example_branch_operator.py
[2025-01-29T23:51:13.261+0000] {processor.py:766} INFO - DAG(s) dict_keys(['example_branch_operator']) retrieved from /home/airflow/.local/lib/python3.7/site-packages/airflow/example_dags/example_branch_operator.py
[2025-01-29T23:51:13.326+0000] {logging_mixin.py:120} INFO - [2025-01-29T23:51:13.326+0000] {dag.py:2585} INFO - Sync 1 DAGs
[2025-01-29T23:51:13.364+0000] {logging_mixin.py:120} INFO - [2025-01-29T23:51:13.364+0000] {dag.py:3340} INFO - Setting next_dagrun for example_branch_operator to 2025-01-28T00:00:00+00:00, run_after=2025-01-29T00:00:00+00:00
[2025-01-29T23:51:13.395+0000] {processor.py:176} INFO - Processing /home/airflow/.local/lib/python3.7/site-packages/airflow/example_dags/example_branch_operator.py took 0.158 seconds
[2025-01-29T23:51:44.204+0000] {processor.py:154} INFO - Started process (PID=2469) to work on /home/airflow/.local/lib/python3.7/site-packages/airflow/example_dags/example_branch_operator.py
[2025-01-29T23:51:44.205+0000] {processor.py:756} INFO - Processing file /home/airflow/.local/lib/python3.7/site-packages/airflow/example_dags/example_branch_operator.py for tasks to queue
[2025-01-29T23:51:44.206+0000] {logging_mixin.py:120} INFO - [2025-01-29T23:51:44.205+0000] {dagbag.py:537} INFO - Filling up the DagBag from /home/airflow/.local/lib/python3.7/site-packages/airflow/example_dags/example_branch_operator.py
[2025-01-29T23:51:44.225+0000] {processor.py:766} INFO - DAG(s) dict_keys(['example_branch_operator']) retrieved from /home/airflow/.local/lib/python3.7/site-packages/airflow/example_dags/example_branch_operator.py
[2025-01-29T23:51:44.284+0000] {logging_mixin.py:120} INFO - [2025-01-29T23:51:44.284+0000] {dag.py:2585} INFO - Sync 1 DAGs
[2025-01-29T23:51:44.316+0000] {logging_mixin.py:120} INFO - [2025-01-29T23:51:44.316+0000] {dag.py:3340} INFO - Setting next_dagrun for example_branch_operator to 2025-01-28T00:00:00+00:00, run_after=2025-01-29T00:00:00+00:00
[2025-01-29T23:51:44.343+0000] {processor.py:176} INFO - Processing /home/airflow/.local/lib/python3.7/site-packages/airflow/example_dags/example_branch_operator.py took 0.142 seconds
[2025-01-29T23:52:14.697+0000] {processor.py:154} INFO - Started process (PID=2533) to work on /home/airflow/.local/lib/python3.7/site-packages/airflow/example_dags/example_branch_operator.py
[2025-01-29T23:52:14.698+0000] {processor.py:756} INFO - Processing file /home/airflow/.local/lib/python3.7/site-packages/airflow/example_dags/example_branch_operator.py for tasks to queue
[2025-01-29T23:52:14.699+0000] {logging_mixin.py:120} INFO - [2025-01-29T23:52:14.698+0000] {dagbag.py:537} INFO - Filling up the DagBag from /home/airflow/.local/lib/python3.7/site-packages/airflow/example_dags/example_branch_operator.py
[2025-01-29T23:52:14.715+0000] {processor.py:766} INFO - DAG(s) dict_keys(['example_branch_operator']) retrieved from /home/airflow/.local/lib/python3.7/site-packages/airflow/example_dags/example_branch_operator.py
[2025-01-29T23:52:14.771+0000] {logging_mixin.py:120} INFO - [2025-01-29T23:52:14.771+0000] {dag.py:2585} INFO - Sync 1 DAGs
[2025-01-29T23:52:14.802+0000] {logging_mixin.py:120} INFO - [2025-01-29T23:52:14.802+0000] {dag.py:3340} INFO - Setting next_dagrun for example_branch_operator to 2025-01-28T00:00:00+00:00, run_after=2025-01-29T00:00:00+00:00
[2025-01-29T23:52:14.825+0000] {processor.py:176} INFO - Processing /home/airflow/.local/lib/python3.7/site-packages/airflow/example_dags/example_branch_operator.py took 0.131 seconds
[2025-01-29T23:52:45.347+0000] {processor.py:154} INFO - Started process (PID=2597) to work on /home/airflow/.local/lib/python3.7/site-packages/airflow/example_dags/example_branch_operator.py
[2025-01-29T23:52:45.348+0000] {processor.py:756} INFO - Processing file /home/airflow/.local/lib/python3.7/site-packages/airflow/example_dags/example_branch_operator.py for tasks to queue
[2025-01-29T23:52:45.348+0000] {logging_mixin.py:120} INFO - [2025-01-29T23:52:45.348+0000] {dagbag.py:537} INFO - Filling up the DagBag from /home/airflow/.local/lib/python3.7/site-packages/airflow/example_dags/example_branch_operator.py
[2025-01-29T23:52:45.366+0000] {processor.py:766} INFO - DAG(s) dict_keys(['example_branch_operator']) retrieved from /home/airflow/.local/lib/python3.7/site-packages/airflow/example_dags/example_branch_operator.py
[2025-01-29T23:52:45.417+0000] {logging_mixin.py:120} INFO - [2025-01-29T23:52:45.417+0000] {dag.py:2585} INFO - Sync 1 DAGs
[2025-01-29T23:52:45.447+0000] {logging_mixin.py:120} INFO - [2025-01-29T23:52:45.447+0000] {dag.py:3340} INFO - Setting next_dagrun for example_branch_operator to 2025-01-28T00:00:00+00:00, run_after=2025-01-29T00:00:00+00:00
[2025-01-29T23:52:45.471+0000] {processor.py:176} INFO - Processing /home/airflow/.local/lib/python3.7/site-packages/airflow/example_dags/example_branch_operator.py took 0.128 seconds
[2025-01-29T23:53:15.684+0000] {processor.py:154} INFO - Started process (PID=2652) to work on /home/airflow/.local/lib/python3.7/site-packages/airflow/example_dags/example_branch_operator.py
[2025-01-29T23:53:15.685+0000] {processor.py:756} INFO - Processing file /home/airflow/.local/lib/python3.7/site-packages/airflow/example_dags/example_branch_operator.py for tasks to queue
[2025-01-29T23:53:15.686+0000] {logging_mixin.py:120} INFO - [2025-01-29T23:53:15.686+0000] {dagbag.py:537} INFO - Filling up the DagBag from /home/airflow/.local/lib/python3.7/site-packages/airflow/example_dags/example_branch_operator.py
[2025-01-29T23:53:15.701+0000] {processor.py:766} INFO - DAG(s) dict_keys(['example_branch_operator']) retrieved from /home/airflow/.local/lib/python3.7/site-packages/airflow/example_dags/example_branch_operator.py
[2025-01-29T23:53:15.756+0000] {logging_mixin.py:120} INFO - [2025-01-29T23:53:15.755+0000] {dag.py:2585} INFO - Sync 1 DAGs
[2025-01-29T23:53:15.789+0000] {logging_mixin.py:120} INFO - [2025-01-29T23:53:15.789+0000] {dag.py:3340} INFO - Setting next_dagrun for example_branch_operator to 2025-01-28T00:00:00+00:00, run_after=2025-01-29T00:00:00+00:00
[2025-01-29T23:53:15.811+0000] {processor.py:176} INFO - Processing /home/airflow/.local/lib/python3.7/site-packages/airflow/example_dags/example_branch_operator.py took 0.130 seconds
[2025-01-29T23:53:46.021+0000] {processor.py:154} INFO - Started process (PID=2716) to work on /home/airflow/.local/lib/python3.7/site-packages/airflow/example_dags/example_branch_operator.py
[2025-01-29T23:53:46.021+0000] {processor.py:756} INFO - Processing file /home/airflow/.local/lib/python3.7/site-packages/airflow/example_dags/example_branch_operator.py for tasks to queue
[2025-01-29T23:53:46.022+0000] {logging_mixin.py:120} INFO - [2025-01-29T23:53:46.022+0000] {dagbag.py:537} INFO - Filling up the DagBag from /home/airflow/.local/lib/python3.7/site-packages/airflow/example_dags/example_branch_operator.py
[2025-01-29T23:53:46.038+0000] {processor.py:766} INFO - DAG(s) dict_keys(['example_branch_operator']) retrieved from /home/airflow/.local/lib/python3.7/site-packages/airflow/example_dags/example_branch_operator.py
[2025-01-29T23:53:46.093+0000] {logging_mixin.py:120} INFO - [2025-01-29T23:53:46.093+0000] {dag.py:2585} INFO - Sync 1 DAGs
[2025-01-29T23:53:46.132+0000] {logging_mixin.py:120} INFO - [2025-01-29T23:53:46.132+0000] {dag.py:3340} INFO - Setting next_dagrun for example_branch_operator to 2025-01-28T00:00:00+00:00, run_after=2025-01-29T00:00:00+00:00
[2025-01-29T23:53:46.166+0000] {processor.py:176} INFO - Processing /home/airflow/.local/lib/python3.7/site-packages/airflow/example_dags/example_branch_operator.py took 0.148 seconds
[2025-01-29T23:54:16.424+0000] {processor.py:154} INFO - Started process (PID=2780) to work on /home/airflow/.local/lib/python3.7/site-packages/airflow/example_dags/example_branch_operator.py
[2025-01-29T23:54:16.426+0000] {processor.py:756} INFO - Processing file /home/airflow/.local/lib/python3.7/site-packages/airflow/example_dags/example_branch_operator.py for tasks to queue
[2025-01-29T23:54:16.427+0000] {logging_mixin.py:120} INFO - [2025-01-29T23:54:16.426+0000] {dagbag.py:537} INFO - Filling up the DagBag from /home/airflow/.local/lib/python3.7/site-packages/airflow/example_dags/example_branch_operator.py
[2025-01-29T23:54:16.445+0000] {processor.py:766} INFO - DAG(s) dict_keys(['example_branch_operator']) retrieved from /home/airflow/.local/lib/python3.7/site-packages/airflow/example_dags/example_branch_operator.py
[2025-01-29T23:54:16.511+0000] {logging_mixin.py:120} INFO - [2025-01-29T23:54:16.511+0000] {dag.py:2585} INFO - Sync 1 DAGs
[2025-01-29T23:54:16.547+0000] {logging_mixin.py:120} INFO - [2025-01-29T23:54:16.547+0000] {dag.py:3340} INFO - Setting next_dagrun for example_branch_operator to 2025-01-28T00:00:00+00:00, run_after=2025-01-29T00:00:00+00:00
[2025-01-29T23:54:16.577+0000] {processor.py:176} INFO - Processing /home/airflow/.local/lib/python3.7/site-packages/airflow/example_dags/example_branch_operator.py took 0.156 seconds
[2025-01-29T23:54:47.028+0000] {processor.py:154} INFO - Started process (PID=2842) to work on /home/airflow/.local/lib/python3.7/site-packages/airflow/example_dags/example_branch_operator.py
[2025-01-29T23:54:47.029+0000] {processor.py:756} INFO - Processing file /home/airflow/.local/lib/python3.7/site-packages/airflow/example_dags/example_branch_operator.py for tasks to queue
[2025-01-29T23:54:47.030+0000] {logging_mixin.py:120} INFO - [2025-01-29T23:54:47.030+0000] {dagbag.py:537} INFO - Filling up the DagBag from /home/airflow/.local/lib/python3.7/site-packages/airflow/example_dags/example_branch_operator.py
[2025-01-29T23:54:47.047+0000] {processor.py:766} INFO - DAG(s) dict_keys(['example_branch_operator']) retrieved from /home/airflow/.local/lib/python3.7/site-packages/airflow/example_dags/example_branch_operator.py
[2025-01-29T23:54:47.104+0000] {logging_mixin.py:120} INFO - [2025-01-29T23:54:47.104+0000] {dag.py:2585} INFO - Sync 1 DAGs
[2025-01-29T23:54:47.138+0000] {logging_mixin.py:120} INFO - [2025-01-29T23:54:47.138+0000] {dag.py:3340} INFO - Setting next_dagrun for example_branch_operator to 2025-01-28T00:00:00+00:00, run_after=2025-01-29T00:00:00+00:00
[2025-01-29T23:54:47.165+0000] {processor.py:176} INFO - Processing /home/airflow/.local/lib/python3.7/site-packages/airflow/example_dags/example_branch_operator.py took 0.139 seconds
[2025-01-29T23:55:17.311+0000] {processor.py:154} INFO - Started process (PID=2899) to work on /home/airflow/.local/lib/python3.7/site-packages/airflow/example_dags/example_branch_operator.py
[2025-01-29T23:55:17.312+0000] {processor.py:756} INFO - Processing file /home/airflow/.local/lib/python3.7/site-packages/airflow/example_dags/example_branch_operator.py for tasks to queue
[2025-01-29T23:55:17.313+0000] {logging_mixin.py:120} INFO - [2025-01-29T23:55:17.313+0000] {dagbag.py:537} INFO - Filling up the DagBag from /home/airflow/.local/lib/python3.7/site-packages/airflow/example_dags/example_branch_operator.py
[2025-01-29T23:55:17.331+0000] {processor.py:766} INFO - DAG(s) dict_keys(['example_branch_operator']) retrieved from /home/airflow/.local/lib/python3.7/site-packages/airflow/example_dags/example_branch_operator.py
[2025-01-29T23:55:17.393+0000] {logging_mixin.py:120} INFO - [2025-01-29T23:55:17.393+0000] {dag.py:2585} INFO - Sync 1 DAGs
[2025-01-29T23:55:17.426+0000] {logging_mixin.py:120} INFO - [2025-01-29T23:55:17.426+0000] {dag.py:3340} INFO - Setting next_dagrun for example_branch_operator to 2025-01-28T00:00:00+00:00, run_after=2025-01-29T00:00:00+00:00
[2025-01-29T23:55:17.449+0000] {processor.py:176} INFO - Processing /home/airflow/.local/lib/python3.7/site-packages/airflow/example_dags/example_branch_operator.py took 0.142 seconds
[2025-01-29T23:55:47.522+0000] {processor.py:154} INFO - Started process (PID=2962) to work on /home/airflow/.local/lib/python3.7/site-packages/airflow/example_dags/example_branch_operator.py
[2025-01-29T23:55:47.523+0000] {processor.py:756} INFO - Processing file /home/airflow/.local/lib/python3.7/site-packages/airflow/example_dags/example_branch_operator.py for tasks to queue
[2025-01-29T23:55:47.524+0000] {logging_mixin.py:120} INFO - [2025-01-29T23:55:47.524+0000] {dagbag.py:537} INFO - Filling up the DagBag from /home/airflow/.local/lib/python3.7/site-packages/airflow/example_dags/example_branch_operator.py
[2025-01-29T23:55:47.540+0000] {processor.py:766} INFO - DAG(s) dict_keys(['example_branch_operator']) retrieved from /home/airflow/.local/lib/python3.7/site-packages/airflow/example_dags/example_branch_operator.py
[2025-01-29T23:55:47.597+0000] {logging_mixin.py:120} INFO - [2025-01-29T23:55:47.597+0000] {dag.py:2585} INFO - Sync 1 DAGs
[2025-01-29T23:55:47.629+0000] {logging_mixin.py:120} INFO - [2025-01-29T23:55:47.629+0000] {dag.py:3340} INFO - Setting next_dagrun for example_branch_operator to 2025-01-28T00:00:00+00:00, run_after=2025-01-29T00:00:00+00:00
[2025-01-29T23:55:47.653+0000] {processor.py:176} INFO - Processing /home/airflow/.local/lib/python3.7/site-packages/airflow/example_dags/example_branch_operator.py took 0.133 seconds
[2025-01-29T23:56:18.193+0000] {processor.py:154} INFO - Started process (PID=3027) to work on /home/airflow/.local/lib/python3.7/site-packages/airflow/example_dags/example_branch_operator.py
[2025-01-29T23:56:18.194+0000] {processor.py:756} INFO - Processing file /home/airflow/.local/lib/python3.7/site-packages/airflow/example_dags/example_branch_operator.py for tasks to queue
[2025-01-29T23:56:18.195+0000] {logging_mixin.py:120} INFO - [2025-01-29T23:56:18.195+0000] {dagbag.py:537} INFO - Filling up the DagBag from /home/airflow/.local/lib/python3.7/site-packages/airflow/example_dags/example_branch_operator.py
[2025-01-29T23:56:18.212+0000] {processor.py:766} INFO - DAG(s) dict_keys(['example_branch_operator']) retrieved from /home/airflow/.local/lib/python3.7/site-packages/airflow/example_dags/example_branch_operator.py
[2025-01-29T23:56:18.275+0000] {logging_mixin.py:120} INFO - [2025-01-29T23:56:18.274+0000] {dag.py:2585} INFO - Sync 1 DAGs
[2025-01-29T23:56:18.315+0000] {logging_mixin.py:120} INFO - [2025-01-29T23:56:18.315+0000] {dag.py:3340} INFO - Setting next_dagrun for example_branch_operator to 2025-01-28T00:00:00+00:00, run_after=2025-01-29T00:00:00+00:00
[2025-01-29T23:56:18.342+0000] {processor.py:176} INFO - Processing /home/airflow/.local/lib/python3.7/site-packages/airflow/example_dags/example_branch_operator.py took 0.151 seconds
[2025-01-29T23:56:48.469+0000] {processor.py:154} INFO - Started process (PID=3082) to work on /home/airflow/.local/lib/python3.7/site-packages/airflow/example_dags/example_branch_operator.py
[2025-01-29T23:56:48.470+0000] {processor.py:756} INFO - Processing file /home/airflow/.local/lib/python3.7/site-packages/airflow/example_dags/example_branch_operator.py for tasks to queue
[2025-01-29T23:56:48.471+0000] {logging_mixin.py:120} INFO - [2025-01-29T23:56:48.471+0000] {dagbag.py:537} INFO - Filling up the DagBag from /home/airflow/.local/lib/python3.7/site-packages/airflow/example_dags/example_branch_operator.py
[2025-01-29T23:56:48.490+0000] {processor.py:766} INFO - DAG(s) dict_keys(['example_branch_operator']) retrieved from /home/airflow/.local/lib/python3.7/site-packages/airflow/example_dags/example_branch_operator.py
[2025-01-29T23:56:48.547+0000] {logging_mixin.py:120} INFO - [2025-01-29T23:56:48.547+0000] {dag.py:2585} INFO - Sync 1 DAGs
[2025-01-29T23:56:48.579+0000] {logging_mixin.py:120} INFO - [2025-01-29T23:56:48.579+0000] {dag.py:3340} INFO - Setting next_dagrun for example_branch_operator to 2025-01-28T00:00:00+00:00, run_after=2025-01-29T00:00:00+00:00
[2025-01-29T23:56:48.603+0000] {processor.py:176} INFO - Processing /home/airflow/.local/lib/python3.7/site-packages/airflow/example_dags/example_branch_operator.py took 0.137 seconds
[2025-01-29T23:57:19.038+0000] {processor.py:154} INFO - Started process (PID=3146) to work on /home/airflow/.local/lib/python3.7/site-packages/airflow/example_dags/example_branch_operator.py
[2025-01-29T23:57:19.039+0000] {processor.py:756} INFO - Processing file /home/airflow/.local/lib/python3.7/site-packages/airflow/example_dags/example_branch_operator.py for tasks to queue
[2025-01-29T23:57:19.040+0000] {logging_mixin.py:120} INFO - [2025-01-29T23:57:19.040+0000] {dagbag.py:537} INFO - Filling up the DagBag from /home/airflow/.local/lib/python3.7/site-packages/airflow/example_dags/example_branch_operator.py
[2025-01-29T23:57:19.058+0000] {processor.py:766} INFO - DAG(s) dict_keys(['example_branch_operator']) retrieved from /home/airflow/.local/lib/python3.7/site-packages/airflow/example_dags/example_branch_operator.py
[2025-01-29T23:57:19.125+0000] {logging_mixin.py:120} INFO - [2025-01-29T23:57:19.124+0000] {dag.py:2585} INFO - Sync 1 DAGs
[2025-01-29T23:57:19.162+0000] {logging_mixin.py:120} INFO - [2025-01-29T23:57:19.162+0000] {dag.py:3340} INFO - Setting next_dagrun for example_branch_operator to 2025-01-28T00:00:00+00:00, run_after=2025-01-29T00:00:00+00:00
[2025-01-29T23:57:19.190+0000] {processor.py:176} INFO - Processing /home/airflow/.local/lib/python3.7/site-packages/airflow/example_dags/example_branch_operator.py took 0.154 seconds
[2025-01-29T23:57:49.709+0000] {processor.py:154} INFO - Started process (PID=3210) to work on /home/airflow/.local/lib/python3.7/site-packages/airflow/example_dags/example_branch_operator.py
[2025-01-29T23:57:49.712+0000] {processor.py:756} INFO - Processing file /home/airflow/.local/lib/python3.7/site-packages/airflow/example_dags/example_branch_operator.py for tasks to queue
[2025-01-29T23:57:49.713+0000] {logging_mixin.py:120} INFO - [2025-01-29T23:57:49.713+0000] {dagbag.py:537} INFO - Filling up the DagBag from /home/airflow/.local/lib/python3.7/site-packages/airflow/example_dags/example_branch_operator.py
[2025-01-29T23:57:49.732+0000] {processor.py:766} INFO - DAG(s) dict_keys(['example_branch_operator']) retrieved from /home/airflow/.local/lib/python3.7/site-packages/airflow/example_dags/example_branch_operator.py
[2025-01-29T23:57:49.796+0000] {logging_mixin.py:120} INFO - [2025-01-29T23:57:49.796+0000] {dag.py:2585} INFO - Sync 1 DAGs
[2025-01-29T23:57:49.839+0000] {logging_mixin.py:120} INFO - [2025-01-29T23:57:49.839+0000] {dag.py:3340} INFO - Setting next_dagrun for example_branch_operator to 2025-01-28T00:00:00+00:00, run_after=2025-01-29T00:00:00+00:00
[2025-01-29T23:57:49.874+0000] {processor.py:176} INFO - Processing /home/airflow/.local/lib/python3.7/site-packages/airflow/example_dags/example_branch_operator.py took 0.170 seconds
[2025-01-29T23:58:20.203+0000] {processor.py:154} INFO - Started process (PID=3265) to work on /home/airflow/.local/lib/python3.7/site-packages/airflow/example_dags/example_branch_operator.py
[2025-01-29T23:58:20.204+0000] {processor.py:756} INFO - Processing file /home/airflow/.local/lib/python3.7/site-packages/airflow/example_dags/example_branch_operator.py for tasks to queue
[2025-01-29T23:58:20.205+0000] {logging_mixin.py:120} INFO - [2025-01-29T23:58:20.205+0000] {dagbag.py:537} INFO - Filling up the DagBag from /home/airflow/.local/lib/python3.7/site-packages/airflow/example_dags/example_branch_operator.py
[2025-01-29T23:58:20.221+0000] {processor.py:766} INFO - DAG(s) dict_keys(['example_branch_operator']) retrieved from /home/airflow/.local/lib/python3.7/site-packages/airflow/example_dags/example_branch_operator.py
[2025-01-29T23:58:20.280+0000] {logging_mixin.py:120} INFO - [2025-01-29T23:58:20.280+0000] {dag.py:2585} INFO - Sync 1 DAGs
[2025-01-29T23:58:20.314+0000] {logging_mixin.py:120} INFO - [2025-01-29T23:58:20.313+0000] {dag.py:3340} INFO - Setting next_dagrun for example_branch_operator to 2025-01-28T00:00:00+00:00, run_after=2025-01-29T00:00:00+00:00
[2025-01-29T23:58:20.341+0000] {processor.py:176} INFO - Processing /home/airflow/.local/lib/python3.7/site-packages/airflow/example_dags/example_branch_operator.py took 0.141 seconds
[2025-01-29T23:58:50.789+0000] {processor.py:154} INFO - Started process (PID=3329) to work on /home/airflow/.local/lib/python3.7/site-packages/airflow/example_dags/example_branch_operator.py
[2025-01-29T23:58:50.790+0000] {processor.py:756} INFO - Processing file /home/airflow/.local/lib/python3.7/site-packages/airflow/example_dags/example_branch_operator.py for tasks to queue
[2025-01-29T23:58:50.791+0000] {logging_mixin.py:120} INFO - [2025-01-29T23:58:50.791+0000] {dagbag.py:537} INFO - Filling up the DagBag from /home/airflow/.local/lib/python3.7/site-packages/airflow/example_dags/example_branch_operator.py
[2025-01-29T23:58:50.807+0000] {processor.py:766} INFO - DAG(s) dict_keys(['example_branch_operator']) retrieved from /home/airflow/.local/lib/python3.7/site-packages/airflow/example_dags/example_branch_operator.py
[2025-01-29T23:58:50.863+0000] {logging_mixin.py:120} INFO - [2025-01-29T23:58:50.862+0000] {dag.py:2585} INFO - Sync 1 DAGs
[2025-01-29T23:58:50.896+0000] {logging_mixin.py:120} INFO - [2025-01-29T23:58:50.895+0000] {dag.py:3340} INFO - Setting next_dagrun for example_branch_operator to 2025-01-28T00:00:00+00:00, run_after=2025-01-29T00:00:00+00:00
[2025-01-29T23:58:50.921+0000] {processor.py:176} INFO - Processing /home/airflow/.local/lib/python3.7/site-packages/airflow/example_dags/example_branch_operator.py took 0.135 seconds
[2025-01-29T23:59:21.423+0000] {processor.py:154} INFO - Started process (PID=3393) to work on /home/airflow/.local/lib/python3.7/site-packages/airflow/example_dags/example_branch_operator.py
[2025-01-29T23:59:21.424+0000] {processor.py:756} INFO - Processing file /home/airflow/.local/lib/python3.7/site-packages/airflow/example_dags/example_branch_operator.py for tasks to queue
[2025-01-29T23:59:21.424+0000] {logging_mixin.py:120} INFO - [2025-01-29T23:59:21.424+0000] {dagbag.py:537} INFO - Filling up the DagBag from /home/airflow/.local/lib/python3.7/site-packages/airflow/example_dags/example_branch_operator.py
[2025-01-29T23:59:21.440+0000] {processor.py:766} INFO - DAG(s) dict_keys(['example_branch_operator']) retrieved from /home/airflow/.local/lib/python3.7/site-packages/airflow/example_dags/example_branch_operator.py
[2025-01-29T23:59:21.496+0000] {logging_mixin.py:120} INFO - [2025-01-29T23:59:21.496+0000] {dag.py:2585} INFO - Sync 1 DAGs
[2025-01-29T23:59:21.530+0000] {logging_mixin.py:120} INFO - [2025-01-29T23:59:21.530+0000] {dag.py:3340} INFO - Setting next_dagrun for example_branch_operator to 2025-01-28T00:00:00+00:00, run_after=2025-01-29T00:00:00+00:00
[2025-01-29T23:59:21.554+0000] {processor.py:176} INFO - Processing /home/airflow/.local/lib/python3.7/site-packages/airflow/example_dags/example_branch_operator.py took 0.135 seconds
[2025-01-29T23:59:51.833+0000] {processor.py:154} INFO - Started process (PID=3448) to work on /home/airflow/.local/lib/python3.7/site-packages/airflow/example_dags/example_branch_operator.py
[2025-01-29T23:59:51.834+0000] {processor.py:756} INFO - Processing file /home/airflow/.local/lib/python3.7/site-packages/airflow/example_dags/example_branch_operator.py for tasks to queue
[2025-01-29T23:59:51.835+0000] {logging_mixin.py:120} INFO - [2025-01-29T23:59:51.835+0000] {dagbag.py:537} INFO - Filling up the DagBag from /home/airflow/.local/lib/python3.7/site-packages/airflow/example_dags/example_branch_operator.py
[2025-01-29T23:59:51.850+0000] {processor.py:766} INFO - DAG(s) dict_keys(['example_branch_operator']) retrieved from /home/airflow/.local/lib/python3.7/site-packages/airflow/example_dags/example_branch_operator.py
[2025-01-29T23:59:51.910+0000] {logging_mixin.py:120} INFO - [2025-01-29T23:59:51.910+0000] {dag.py:2585} INFO - Sync 1 DAGs
[2025-01-29T23:59:51.943+0000] {logging_mixin.py:120} INFO - [2025-01-29T23:59:51.942+0000] {dag.py:3340} INFO - Setting next_dagrun for example_branch_operator to 2025-01-28T00:00:00+00:00, run_after=2025-01-29T00:00:00+00:00
[2025-01-29T23:59:51.967+0000] {processor.py:176} INFO - Processing /home/airflow/.local/lib/python3.7/site-packages/airflow/example_dags/example_branch_operator.py took 0.136 seconds
