[2025-01-29T23:31:48.621+0000] {processor.py:154} INFO - Started process (PID=64) to work on /home/airflow/.local/lib/python3.7/site-packages/airflow/example_dags/example_xcomargs.py
[2025-01-29T23:31:48.622+0000] {processor.py:756} INFO - Processing file /home/airflow/.local/lib/python3.7/site-packages/airflow/example_dags/example_xcomargs.py for tasks to queue
[2025-01-29T23:31:48.623+0000] {logging_mixin.py:120} INFO - [2025-01-29T23:31:48.622+0000] {dagbag.py:537} INFO - Filling up the DagBag from /home/airflow/.local/lib/python3.7/site-packages/airflow/example_dags/example_xcomargs.py
[2025-01-29T23:31:48.647+0000] {processor.py:766} INFO - DAG(s) dict_keys(['example_xcom_args', 'example_xcom_args_with_operators']) retrieved from /home/airflow/.local/lib/python3.7/site-packages/airflow/example_dags/example_xcomargs.py
[2025-01-29T23:31:48.839+0000] {logging_mixin.py:120} INFO - [2025-01-29T23:31:48.838+0000] {manager.py:507} INFO - Created Permission View: can read on DAG:example_xcom_args
[2025-01-29T23:31:48.852+0000] {logging_mixin.py:120} INFO - [2025-01-29T23:31:48.852+0000] {manager.py:507} INFO - Created Permission View: can delete on DAG:example_xcom_args
[2025-01-29T23:31:48.863+0000] {logging_mixin.py:120} INFO - [2025-01-29T23:31:48.862+0000] {manager.py:507} INFO - Created Permission View: can edit on DAG:example_xcom_args
[2025-01-29T23:31:48.878+0000] {logging_mixin.py:120} INFO - [2025-01-29T23:31:48.878+0000] {manager.py:507} INFO - Created Permission View: can read on DAG:example_xcom_args_with_operators
[2025-01-29T23:31:48.887+0000] {logging_mixin.py:120} INFO - [2025-01-29T23:31:48.887+0000] {manager.py:507} INFO - Created Permission View: can delete on DAG:example_xcom_args_with_operators
[2025-01-29T23:31:48.895+0000] {logging_mixin.py:120} INFO - [2025-01-29T23:31:48.895+0000] {manager.py:507} INFO - Created Permission View: can edit on DAG:example_xcom_args_with_operators
[2025-01-29T23:31:48.896+0000] {logging_mixin.py:120} INFO - [2025-01-29T23:31:48.896+0000] {dag.py:2585} INFO - Sync 2 DAGs
[2025-01-29T23:31:48.916+0000] {logging_mixin.py:120} INFO - [2025-01-29T23:31:48.915+0000] {dag.py:2606} INFO - Creating ORM DAG for example_xcom_args_with_operators
[2025-01-29T23:31:48.917+0000] {logging_mixin.py:120} INFO - [2025-01-29T23:31:48.916+0000] {dag.py:2606} INFO - Creating ORM DAG for example_xcom_args
[2025-01-29T23:31:48.937+0000] {logging_mixin.py:120} INFO - [2025-01-29T23:31:48.937+0000] {dag.py:3340} INFO - Setting next_dagrun for example_xcom_args to None, run_after=None
[2025-01-29T23:31:48.938+0000] {logging_mixin.py:120} INFO - [2025-01-29T23:31:48.938+0000] {dag.py:3340} INFO - Setting next_dagrun for example_xcom_args_with_operators to None, run_after=None
[2025-01-29T23:31:48.968+0000] {processor.py:176} INFO - Processing /home/airflow/.local/lib/python3.7/site-packages/airflow/example_dags/example_xcomargs.py took 0.350 seconds
[2025-01-29T23:32:19.572+0000] {processor.py:154} INFO - Started process (PID=128) to work on /home/airflow/.local/lib/python3.7/site-packages/airflow/example_dags/example_xcomargs.py
[2025-01-29T23:32:19.573+0000] {processor.py:756} INFO - Processing file /home/airflow/.local/lib/python3.7/site-packages/airflow/example_dags/example_xcomargs.py for tasks to queue
[2025-01-29T23:32:19.573+0000] {logging_mixin.py:120} INFO - [2025-01-29T23:32:19.573+0000] {dagbag.py:537} INFO - Filling up the DagBag from /home/airflow/.local/lib/python3.7/site-packages/airflow/example_dags/example_xcomargs.py
[2025-01-29T23:32:19.599+0000] {processor.py:766} INFO - DAG(s) dict_keys(['example_xcom_args_with_operators', 'example_xcom_args']) retrieved from /home/airflow/.local/lib/python3.7/site-packages/airflow/example_dags/example_xcomargs.py
[2025-01-29T23:32:19.664+0000] {logging_mixin.py:120} INFO - [2025-01-29T23:32:19.663+0000] {dag.py:2585} INFO - Sync 2 DAGs
[2025-01-29T23:32:19.701+0000] {logging_mixin.py:120} INFO - [2025-01-29T23:32:19.701+0000] {dag.py:3340} INFO - Setting next_dagrun for example_xcom_args to None, run_after=None
[2025-01-29T23:32:19.708+0000] {logging_mixin.py:120} INFO - [2025-01-29T23:32:19.707+0000] {dag.py:3340} INFO - Setting next_dagrun for example_xcom_args_with_operators to None, run_after=None
[2025-01-29T23:32:19.731+0000] {processor.py:176} INFO - Processing /home/airflow/.local/lib/python3.7/site-packages/airflow/example_dags/example_xcomargs.py took 0.163 seconds
[2025-01-29T23:32:50.332+0000] {processor.py:154} INFO - Started process (PID=184) to work on /home/airflow/.local/lib/python3.7/site-packages/airflow/example_dags/example_xcomargs.py
[2025-01-29T23:32:50.333+0000] {processor.py:756} INFO - Processing file /home/airflow/.local/lib/python3.7/site-packages/airflow/example_dags/example_xcomargs.py for tasks to queue
[2025-01-29T23:32:50.334+0000] {logging_mixin.py:120} INFO - [2025-01-29T23:32:50.334+0000] {dagbag.py:537} INFO - Filling up the DagBag from /home/airflow/.local/lib/python3.7/site-packages/airflow/example_dags/example_xcomargs.py
[2025-01-29T23:32:50.356+0000] {processor.py:766} INFO - DAG(s) dict_keys(['example_xcom_args', 'example_xcom_args_with_operators']) retrieved from /home/airflow/.local/lib/python3.7/site-packages/airflow/example_dags/example_xcomargs.py
[2025-01-29T23:32:50.421+0000] {logging_mixin.py:120} INFO - [2025-01-29T23:32:50.421+0000] {dag.py:2585} INFO - Sync 2 DAGs
[2025-01-29T23:32:50.453+0000] {logging_mixin.py:120} INFO - [2025-01-29T23:32:50.453+0000] {dag.py:3340} INFO - Setting next_dagrun for example_xcom_args to None, run_after=None
[2025-01-29T23:32:50.458+0000] {logging_mixin.py:120} INFO - [2025-01-29T23:32:50.458+0000] {dag.py:3340} INFO - Setting next_dagrun for example_xcom_args_with_operators to None, run_after=None
[2025-01-29T23:32:50.478+0000] {processor.py:176} INFO - Processing /home/airflow/.local/lib/python3.7/site-packages/airflow/example_dags/example_xcomargs.py took 0.148 seconds
[2025-01-29T23:33:20.808+0000] {processor.py:154} INFO - Started process (PID=248) to work on /home/airflow/.local/lib/python3.7/site-packages/airflow/example_dags/example_xcomargs.py
[2025-01-29T23:33:20.809+0000] {processor.py:756} INFO - Processing file /home/airflow/.local/lib/python3.7/site-packages/airflow/example_dags/example_xcomargs.py for tasks to queue
[2025-01-29T23:33:20.810+0000] {logging_mixin.py:120} INFO - [2025-01-29T23:33:20.810+0000] {dagbag.py:537} INFO - Filling up the DagBag from /home/airflow/.local/lib/python3.7/site-packages/airflow/example_dags/example_xcomargs.py
[2025-01-29T23:33:20.831+0000] {processor.py:766} INFO - DAG(s) dict_keys(['example_xcom_args', 'example_xcom_args_with_operators']) retrieved from /home/airflow/.local/lib/python3.7/site-packages/airflow/example_dags/example_xcomargs.py
[2025-01-29T23:33:20.889+0000] {logging_mixin.py:120} INFO - [2025-01-29T23:33:20.889+0000] {dag.py:2585} INFO - Sync 2 DAGs
[2025-01-29T23:33:20.922+0000] {logging_mixin.py:120} INFO - [2025-01-29T23:33:20.922+0000] {dag.py:3340} INFO - Setting next_dagrun for example_xcom_args to None, run_after=None
[2025-01-29T23:33:20.928+0000] {logging_mixin.py:120} INFO - [2025-01-29T23:33:20.928+0000] {dag.py:3340} INFO - Setting next_dagrun for example_xcom_args_with_operators to None, run_after=None
[2025-01-29T23:33:20.954+0000] {processor.py:176} INFO - Processing /home/airflow/.local/lib/python3.7/site-packages/airflow/example_dags/example_xcomargs.py took 0.148 seconds
[2025-01-29T23:33:51.190+0000] {processor.py:154} INFO - Started process (PID=312) to work on /home/airflow/.local/lib/python3.7/site-packages/airflow/example_dags/example_xcomargs.py
[2025-01-29T23:33:51.190+0000] {processor.py:756} INFO - Processing file /home/airflow/.local/lib/python3.7/site-packages/airflow/example_dags/example_xcomargs.py for tasks to queue
[2025-01-29T23:33:51.191+0000] {logging_mixin.py:120} INFO - [2025-01-29T23:33:51.191+0000] {dagbag.py:537} INFO - Filling up the DagBag from /home/airflow/.local/lib/python3.7/site-packages/airflow/example_dags/example_xcomargs.py
[2025-01-29T23:33:51.212+0000] {processor.py:766} INFO - DAG(s) dict_keys(['example_xcom_args_with_operators', 'example_xcom_args']) retrieved from /home/airflow/.local/lib/python3.7/site-packages/airflow/example_dags/example_xcomargs.py
[2025-01-29T23:33:51.269+0000] {logging_mixin.py:120} INFO - [2025-01-29T23:33:51.269+0000] {dag.py:2585} INFO - Sync 2 DAGs
[2025-01-29T23:33:51.301+0000] {logging_mixin.py:120} INFO - [2025-01-29T23:33:51.301+0000] {dag.py:3340} INFO - Setting next_dagrun for example_xcom_args to None, run_after=None
[2025-01-29T23:33:51.306+0000] {logging_mixin.py:120} INFO - [2025-01-29T23:33:51.306+0000] {dag.py:3340} INFO - Setting next_dagrun for example_xcom_args_with_operators to None, run_after=None
[2025-01-29T23:33:51.327+0000] {processor.py:176} INFO - Processing /home/airflow/.local/lib/python3.7/site-packages/airflow/example_dags/example_xcomargs.py took 0.140 seconds
[2025-01-29T23:34:21.589+0000] {processor.py:154} INFO - Started process (PID=367) to work on /home/airflow/.local/lib/python3.7/site-packages/airflow/example_dags/example_xcomargs.py
[2025-01-29T23:34:21.590+0000] {processor.py:756} INFO - Processing file /home/airflow/.local/lib/python3.7/site-packages/airflow/example_dags/example_xcomargs.py for tasks to queue
[2025-01-29T23:34:21.591+0000] {logging_mixin.py:120} INFO - [2025-01-29T23:34:21.591+0000] {dagbag.py:537} INFO - Filling up the DagBag from /home/airflow/.local/lib/python3.7/site-packages/airflow/example_dags/example_xcomargs.py
[2025-01-29T23:34:21.614+0000] {processor.py:766} INFO - DAG(s) dict_keys(['example_xcom_args_with_operators', 'example_xcom_args']) retrieved from /home/airflow/.local/lib/python3.7/site-packages/airflow/example_dags/example_xcomargs.py
[2025-01-29T23:34:21.670+0000] {logging_mixin.py:120} INFO - [2025-01-29T23:34:21.670+0000] {dag.py:2585} INFO - Sync 2 DAGs
[2025-01-29T23:34:21.703+0000] {logging_mixin.py:120} INFO - [2025-01-29T23:34:21.703+0000] {dag.py:3340} INFO - Setting next_dagrun for example_xcom_args to None, run_after=None
[2025-01-29T23:34:21.708+0000] {logging_mixin.py:120} INFO - [2025-01-29T23:34:21.708+0000] {dag.py:3340} INFO - Setting next_dagrun for example_xcom_args_with_operators to None, run_after=None
[2025-01-29T23:34:21.728+0000] {processor.py:176} INFO - Processing /home/airflow/.local/lib/python3.7/site-packages/airflow/example_dags/example_xcomargs.py took 0.141 seconds
[2025-01-29T23:34:52.008+0000] {processor.py:154} INFO - Started process (PID=430) to work on /home/airflow/.local/lib/python3.7/site-packages/airflow/example_dags/example_xcomargs.py
[2025-01-29T23:34:52.008+0000] {processor.py:756} INFO - Processing file /home/airflow/.local/lib/python3.7/site-packages/airflow/example_dags/example_xcomargs.py for tasks to queue
[2025-01-29T23:34:52.009+0000] {logging_mixin.py:120} INFO - [2025-01-29T23:34:52.009+0000] {dagbag.py:537} INFO - Filling up the DagBag from /home/airflow/.local/lib/python3.7/site-packages/airflow/example_dags/example_xcomargs.py
[2025-01-29T23:34:52.030+0000] {processor.py:766} INFO - DAG(s) dict_keys(['example_xcom_args', 'example_xcom_args_with_operators']) retrieved from /home/airflow/.local/lib/python3.7/site-packages/airflow/example_dags/example_xcomargs.py
[2025-01-29T23:34:52.089+0000] {logging_mixin.py:120} INFO - [2025-01-29T23:34:52.089+0000] {dag.py:2585} INFO - Sync 2 DAGs
[2025-01-29T23:34:52.124+0000] {logging_mixin.py:120} INFO - [2025-01-29T23:34:52.124+0000] {dag.py:3340} INFO - Setting next_dagrun for example_xcom_args to None, run_after=None
[2025-01-29T23:34:52.130+0000] {logging_mixin.py:120} INFO - [2025-01-29T23:34:52.130+0000] {dag.py:3340} INFO - Setting next_dagrun for example_xcom_args_with_operators to None, run_after=None
[2025-01-29T23:34:52.151+0000] {processor.py:176} INFO - Processing /home/airflow/.local/lib/python3.7/site-packages/airflow/example_dags/example_xcomargs.py took 0.146 seconds
[2025-01-29T23:35:22.500+0000] {processor.py:154} INFO - Started process (PID=494) to work on /home/airflow/.local/lib/python3.7/site-packages/airflow/example_dags/example_xcomargs.py
[2025-01-29T23:35:22.501+0000] {processor.py:756} INFO - Processing file /home/airflow/.local/lib/python3.7/site-packages/airflow/example_dags/example_xcomargs.py for tasks to queue
[2025-01-29T23:35:22.501+0000] {logging_mixin.py:120} INFO - [2025-01-29T23:35:22.501+0000] {dagbag.py:537} INFO - Filling up the DagBag from /home/airflow/.local/lib/python3.7/site-packages/airflow/example_dags/example_xcomargs.py
[2025-01-29T23:35:22.522+0000] {processor.py:766} INFO - DAG(s) dict_keys(['example_xcom_args_with_operators', 'example_xcom_args']) retrieved from /home/airflow/.local/lib/python3.7/site-packages/airflow/example_dags/example_xcomargs.py
[2025-01-29T23:35:22.579+0000] {logging_mixin.py:120} INFO - [2025-01-29T23:35:22.579+0000] {dag.py:2585} INFO - Sync 2 DAGs
[2025-01-29T23:35:22.610+0000] {logging_mixin.py:120} INFO - [2025-01-29T23:35:22.610+0000] {dag.py:3340} INFO - Setting next_dagrun for example_xcom_args to None, run_after=None
[2025-01-29T23:35:22.614+0000] {logging_mixin.py:120} INFO - [2025-01-29T23:35:22.614+0000] {dag.py:3340} INFO - Setting next_dagrun for example_xcom_args_with_operators to None, run_after=None
[2025-01-29T23:35:22.633+0000] {processor.py:176} INFO - Processing /home/airflow/.local/lib/python3.7/site-packages/airflow/example_dags/example_xcomargs.py took 0.136 seconds
[2025-01-29T23:35:52.707+0000] {processor.py:154} INFO - Started process (PID=549) to work on /home/airflow/.local/lib/python3.7/site-packages/airflow/example_dags/example_xcomargs.py
[2025-01-29T23:35:52.708+0000] {processor.py:756} INFO - Processing file /home/airflow/.local/lib/python3.7/site-packages/airflow/example_dags/example_xcomargs.py for tasks to queue
[2025-01-29T23:35:52.709+0000] {logging_mixin.py:120} INFO - [2025-01-29T23:35:52.709+0000] {dagbag.py:537} INFO - Filling up the DagBag from /home/airflow/.local/lib/python3.7/site-packages/airflow/example_dags/example_xcomargs.py
[2025-01-29T23:35:52.730+0000] {processor.py:766} INFO - DAG(s) dict_keys(['example_xcom_args_with_operators', 'example_xcom_args']) retrieved from /home/airflow/.local/lib/python3.7/site-packages/airflow/example_dags/example_xcomargs.py
[2025-01-29T23:35:52.772+0000] {logging_mixin.py:120} INFO - [2025-01-29T23:35:52.771+0000] {dag.py:2585} INFO - Sync 2 DAGs
[2025-01-29T23:35:52.804+0000] {logging_mixin.py:120} INFO - [2025-01-29T23:35:52.804+0000] {dag.py:3340} INFO - Setting next_dagrun for example_xcom_args to None, run_after=None
[2025-01-29T23:35:52.810+0000] {logging_mixin.py:120} INFO - [2025-01-29T23:35:52.810+0000] {dag.py:3340} INFO - Setting next_dagrun for example_xcom_args_with_operators to None, run_after=None
[2025-01-29T23:35:52.830+0000] {processor.py:176} INFO - Processing /home/airflow/.local/lib/python3.7/site-packages/airflow/example_dags/example_xcomargs.py took 0.126 seconds
[2025-01-29T23:36:23.115+0000] {processor.py:154} INFO - Started process (PID=613) to work on /home/airflow/.local/lib/python3.7/site-packages/airflow/example_dags/example_xcomargs.py
[2025-01-29T23:36:23.116+0000] {processor.py:756} INFO - Processing file /home/airflow/.local/lib/python3.7/site-packages/airflow/example_dags/example_xcomargs.py for tasks to queue
[2025-01-29T23:36:23.116+0000] {logging_mixin.py:120} INFO - [2025-01-29T23:36:23.116+0000] {dagbag.py:537} INFO - Filling up the DagBag from /home/airflow/.local/lib/python3.7/site-packages/airflow/example_dags/example_xcomargs.py
[2025-01-29T23:36:23.139+0000] {processor.py:766} INFO - DAG(s) dict_keys(['example_xcom_args_with_operators', 'example_xcom_args']) retrieved from /home/airflow/.local/lib/python3.7/site-packages/airflow/example_dags/example_xcomargs.py
[2025-01-29T23:36:23.197+0000] {logging_mixin.py:120} INFO - [2025-01-29T23:36:23.197+0000] {dag.py:2585} INFO - Sync 2 DAGs
[2025-01-29T23:36:23.227+0000] {logging_mixin.py:120} INFO - [2025-01-29T23:36:23.227+0000] {dag.py:3340} INFO - Setting next_dagrun for example_xcom_args to None, run_after=None
[2025-01-29T23:36:23.231+0000] {logging_mixin.py:120} INFO - [2025-01-29T23:36:23.231+0000] {dag.py:3340} INFO - Setting next_dagrun for example_xcom_args_with_operators to None, run_after=None
[2025-01-29T23:36:23.251+0000] {processor.py:176} INFO - Processing /home/airflow/.local/lib/python3.7/site-packages/airflow/example_dags/example_xcomargs.py took 0.139 seconds
[2025-01-29T23:36:53.459+0000] {processor.py:154} INFO - Started process (PID=677) to work on /home/airflow/.local/lib/python3.7/site-packages/airflow/example_dags/example_xcomargs.py
[2025-01-29T23:36:53.461+0000] {processor.py:756} INFO - Processing file /home/airflow/.local/lib/python3.7/site-packages/airflow/example_dags/example_xcomargs.py for tasks to queue
[2025-01-29T23:36:53.461+0000] {logging_mixin.py:120} INFO - [2025-01-29T23:36:53.461+0000] {dagbag.py:537} INFO - Filling up the DagBag from /home/airflow/.local/lib/python3.7/site-packages/airflow/example_dags/example_xcomargs.py
[2025-01-29T23:36:53.483+0000] {processor.py:766} INFO - DAG(s) dict_keys(['example_xcom_args', 'example_xcom_args_with_operators']) retrieved from /home/airflow/.local/lib/python3.7/site-packages/airflow/example_dags/example_xcomargs.py
[2025-01-29T23:36:53.543+0000] {logging_mixin.py:120} INFO - [2025-01-29T23:36:53.542+0000] {dag.py:2585} INFO - Sync 2 DAGs
[2025-01-29T23:36:53.577+0000] {logging_mixin.py:120} INFO - [2025-01-29T23:36:53.577+0000] {dag.py:3340} INFO - Setting next_dagrun for example_xcom_args to None, run_after=None
[2025-01-29T23:36:53.582+0000] {logging_mixin.py:120} INFO - [2025-01-29T23:36:53.582+0000] {dag.py:3340} INFO - Setting next_dagrun for example_xcom_args_with_operators to None, run_after=None
[2025-01-29T23:36:53.606+0000] {processor.py:176} INFO - Processing /home/airflow/.local/lib/python3.7/site-packages/airflow/example_dags/example_xcomargs.py took 0.151 seconds
[2025-01-29T23:37:23.965+0000] {processor.py:154} INFO - Started process (PID=732) to work on /home/airflow/.local/lib/python3.7/site-packages/airflow/example_dags/example_xcomargs.py
[2025-01-29T23:37:23.966+0000] {processor.py:756} INFO - Processing file /home/airflow/.local/lib/python3.7/site-packages/airflow/example_dags/example_xcomargs.py for tasks to queue
[2025-01-29T23:37:23.966+0000] {logging_mixin.py:120} INFO - [2025-01-29T23:37:23.966+0000] {dagbag.py:537} INFO - Filling up the DagBag from /home/airflow/.local/lib/python3.7/site-packages/airflow/example_dags/example_xcomargs.py
[2025-01-29T23:37:23.988+0000] {processor.py:766} INFO - DAG(s) dict_keys(['example_xcom_args_with_operators', 'example_xcom_args']) retrieved from /home/airflow/.local/lib/python3.7/site-packages/airflow/example_dags/example_xcomargs.py
[2025-01-29T23:37:24.052+0000] {logging_mixin.py:120} INFO - [2025-01-29T23:37:24.052+0000] {dag.py:2585} INFO - Sync 2 DAGs
[2025-01-29T23:37:24.089+0000] {logging_mixin.py:120} INFO - [2025-01-29T23:37:24.089+0000] {dag.py:3340} INFO - Setting next_dagrun for example_xcom_args to None, run_after=None
[2025-01-29T23:37:24.095+0000] {logging_mixin.py:120} INFO - [2025-01-29T23:37:24.095+0000] {dag.py:3340} INFO - Setting next_dagrun for example_xcom_args_with_operators to None, run_after=None
[2025-01-29T23:37:24.118+0000] {processor.py:176} INFO - Processing /home/airflow/.local/lib/python3.7/site-packages/airflow/example_dags/example_xcomargs.py took 0.156 seconds
[2025-01-29T23:37:54.312+0000] {processor.py:154} INFO - Started process (PID=796) to work on /home/airflow/.local/lib/python3.7/site-packages/airflow/example_dags/example_xcomargs.py
[2025-01-29T23:37:54.313+0000] {processor.py:756} INFO - Processing file /home/airflow/.local/lib/python3.7/site-packages/airflow/example_dags/example_xcomargs.py for tasks to queue
[2025-01-29T23:37:54.313+0000] {logging_mixin.py:120} INFO - [2025-01-29T23:37:54.313+0000] {dagbag.py:537} INFO - Filling up the DagBag from /home/airflow/.local/lib/python3.7/site-packages/airflow/example_dags/example_xcomargs.py
[2025-01-29T23:37:54.334+0000] {processor.py:766} INFO - DAG(s) dict_keys(['example_xcom_args', 'example_xcom_args_with_operators']) retrieved from /home/airflow/.local/lib/python3.7/site-packages/airflow/example_dags/example_xcomargs.py
[2025-01-29T23:37:54.391+0000] {logging_mixin.py:120} INFO - [2025-01-29T23:37:54.391+0000] {dag.py:2585} INFO - Sync 2 DAGs
[2025-01-29T23:37:54.421+0000] {logging_mixin.py:120} INFO - [2025-01-29T23:37:54.420+0000] {dag.py:3340} INFO - Setting next_dagrun for example_xcom_args to None, run_after=None
[2025-01-29T23:37:54.425+0000] {logging_mixin.py:120} INFO - [2025-01-29T23:37:54.425+0000] {dag.py:3340} INFO - Setting next_dagrun for example_xcom_args_with_operators to None, run_after=None
[2025-01-29T23:37:54.446+0000] {processor.py:176} INFO - Processing /home/airflow/.local/lib/python3.7/site-packages/airflow/example_dags/example_xcomargs.py took 0.137 seconds
[2025-01-29T23:38:24.962+0000] {processor.py:154} INFO - Started process (PID=860) to work on /home/airflow/.local/lib/python3.7/site-packages/airflow/example_dags/example_xcomargs.py
[2025-01-29T23:38:24.963+0000] {processor.py:756} INFO - Processing file /home/airflow/.local/lib/python3.7/site-packages/airflow/example_dags/example_xcomargs.py for tasks to queue
[2025-01-29T23:38:24.963+0000] {logging_mixin.py:120} INFO - [2025-01-29T23:38:24.963+0000] {dagbag.py:537} INFO - Filling up the DagBag from /home/airflow/.local/lib/python3.7/site-packages/airflow/example_dags/example_xcomargs.py
[2025-01-29T23:38:24.985+0000] {processor.py:766} INFO - DAG(s) dict_keys(['example_xcom_args', 'example_xcom_args_with_operators']) retrieved from /home/airflow/.local/lib/python3.7/site-packages/airflow/example_dags/example_xcomargs.py
[2025-01-29T23:38:25.041+0000] {logging_mixin.py:120} INFO - [2025-01-29T23:38:25.041+0000] {dag.py:2585} INFO - Sync 2 DAGs
[2025-01-29T23:38:25.074+0000] {logging_mixin.py:120} INFO - [2025-01-29T23:38:25.074+0000] {dag.py:3340} INFO - Setting next_dagrun for example_xcom_args to None, run_after=None
[2025-01-29T23:38:25.078+0000] {logging_mixin.py:120} INFO - [2025-01-29T23:38:25.078+0000] {dag.py:3340} INFO - Setting next_dagrun for example_xcom_args_with_operators to None, run_after=None
[2025-01-29T23:38:25.099+0000] {processor.py:176} INFO - Processing /home/airflow/.local/lib/python3.7/site-packages/airflow/example_dags/example_xcomargs.py took 0.140 seconds
[2025-01-29T23:38:55.367+0000] {processor.py:154} INFO - Started process (PID=922) to work on /home/airflow/.local/lib/python3.7/site-packages/airflow/example_dags/example_xcomargs.py
[2025-01-29T23:38:55.368+0000] {processor.py:756} INFO - Processing file /home/airflow/.local/lib/python3.7/site-packages/airflow/example_dags/example_xcomargs.py for tasks to queue
[2025-01-29T23:38:55.369+0000] {logging_mixin.py:120} INFO - [2025-01-29T23:38:55.369+0000] {dagbag.py:537} INFO - Filling up the DagBag from /home/airflow/.local/lib/python3.7/site-packages/airflow/example_dags/example_xcomargs.py
[2025-01-29T23:38:55.400+0000] {processor.py:766} INFO - DAG(s) dict_keys(['example_xcom_args_with_operators', 'example_xcom_args']) retrieved from /home/airflow/.local/lib/python3.7/site-packages/airflow/example_dags/example_xcomargs.py
[2025-01-29T23:38:55.470+0000] {logging_mixin.py:120} INFO - [2025-01-29T23:38:55.469+0000] {dag.py:2585} INFO - Sync 2 DAGs
[2025-01-29T23:38:55.507+0000] {logging_mixin.py:120} INFO - [2025-01-29T23:38:55.507+0000] {dag.py:3340} INFO - Setting next_dagrun for example_xcom_args to None, run_after=None
[2025-01-29T23:38:55.512+0000] {logging_mixin.py:120} INFO - [2025-01-29T23:38:55.512+0000] {dag.py:3340} INFO - Setting next_dagrun for example_xcom_args_with_operators to None, run_after=None
[2025-01-29T23:38:55.538+0000] {processor.py:176} INFO - Processing /home/airflow/.local/lib/python3.7/site-packages/airflow/example_dags/example_xcomargs.py took 0.175 seconds
[2025-01-29T23:39:26.070+0000] {processor.py:154} INFO - Started process (PID=979) to work on /home/airflow/.local/lib/python3.7/site-packages/airflow/example_dags/example_xcomargs.py
[2025-01-29T23:39:26.071+0000] {processor.py:756} INFO - Processing file /home/airflow/.local/lib/python3.7/site-packages/airflow/example_dags/example_xcomargs.py for tasks to queue
[2025-01-29T23:39:26.071+0000] {logging_mixin.py:120} INFO - [2025-01-29T23:39:26.071+0000] {dagbag.py:537} INFO - Filling up the DagBag from /home/airflow/.local/lib/python3.7/site-packages/airflow/example_dags/example_xcomargs.py
[2025-01-29T23:39:26.095+0000] {processor.py:766} INFO - DAG(s) dict_keys(['example_xcom_args', 'example_xcom_args_with_operators']) retrieved from /home/airflow/.local/lib/python3.7/site-packages/airflow/example_dags/example_xcomargs.py
[2025-01-29T23:39:26.151+0000] {logging_mixin.py:120} INFO - [2025-01-29T23:39:26.151+0000] {dag.py:2585} INFO - Sync 2 DAGs
[2025-01-29T23:39:26.182+0000] {logging_mixin.py:120} INFO - [2025-01-29T23:39:26.182+0000] {dag.py:3340} INFO - Setting next_dagrun for example_xcom_args to None, run_after=None
[2025-01-29T23:39:26.186+0000] {logging_mixin.py:120} INFO - [2025-01-29T23:39:26.186+0000] {dag.py:3340} INFO - Setting next_dagrun for example_xcom_args_with_operators to None, run_after=None
[2025-01-29T23:39:26.205+0000] {processor.py:176} INFO - Processing /home/airflow/.local/lib/python3.7/site-packages/airflow/example_dags/example_xcomargs.py took 0.138 seconds
[2025-01-29T23:39:56.706+0000] {processor.py:154} INFO - Started process (PID=1043) to work on /home/airflow/.local/lib/python3.7/site-packages/airflow/example_dags/example_xcomargs.py
[2025-01-29T23:39:56.707+0000] {processor.py:756} INFO - Processing file /home/airflow/.local/lib/python3.7/site-packages/airflow/example_dags/example_xcomargs.py for tasks to queue
[2025-01-29T23:39:56.708+0000] {logging_mixin.py:120} INFO - [2025-01-29T23:39:56.708+0000] {dagbag.py:537} INFO - Filling up the DagBag from /home/airflow/.local/lib/python3.7/site-packages/airflow/example_dags/example_xcomargs.py
[2025-01-29T23:39:56.730+0000] {processor.py:766} INFO - DAG(s) dict_keys(['example_xcom_args_with_operators', 'example_xcom_args']) retrieved from /home/airflow/.local/lib/python3.7/site-packages/airflow/example_dags/example_xcomargs.py
[2025-01-29T23:39:56.790+0000] {logging_mixin.py:120} INFO - [2025-01-29T23:39:56.790+0000] {dag.py:2585} INFO - Sync 2 DAGs
[2025-01-29T23:39:56.823+0000] {logging_mixin.py:120} INFO - [2025-01-29T23:39:56.823+0000] {dag.py:3340} INFO - Setting next_dagrun for example_xcom_args to None, run_after=None
[2025-01-29T23:39:56.828+0000] {logging_mixin.py:120} INFO - [2025-01-29T23:39:56.828+0000] {dag.py:3340} INFO - Setting next_dagrun for example_xcom_args_with_operators to None, run_after=None
[2025-01-29T23:39:56.852+0000] {processor.py:176} INFO - Processing /home/airflow/.local/lib/python3.7/site-packages/airflow/example_dags/example_xcomargs.py took 0.148 seconds
[2025-01-29T23:40:27.100+0000] {processor.py:154} INFO - Started process (PID=1106) to work on /home/airflow/.local/lib/python3.7/site-packages/airflow/example_dags/example_xcomargs.py
[2025-01-29T23:40:27.100+0000] {processor.py:756} INFO - Processing file /home/airflow/.local/lib/python3.7/site-packages/airflow/example_dags/example_xcomargs.py for tasks to queue
[2025-01-29T23:40:27.101+0000] {logging_mixin.py:120} INFO - [2025-01-29T23:40:27.101+0000] {dagbag.py:537} INFO - Filling up the DagBag from /home/airflow/.local/lib/python3.7/site-packages/airflow/example_dags/example_xcomargs.py
[2025-01-29T23:40:27.125+0000] {processor.py:766} INFO - DAG(s) dict_keys(['example_xcom_args', 'example_xcom_args_with_operators']) retrieved from /home/airflow/.local/lib/python3.7/site-packages/airflow/example_dags/example_xcomargs.py
[2025-01-29T23:40:27.185+0000] {logging_mixin.py:120} INFO - [2025-01-29T23:40:27.185+0000] {dag.py:2585} INFO - Sync 2 DAGs
[2025-01-29T23:40:27.217+0000] {logging_mixin.py:120} INFO - [2025-01-29T23:40:27.217+0000] {dag.py:3340} INFO - Setting next_dagrun for example_xcom_args to None, run_after=None
[2025-01-29T23:40:27.221+0000] {logging_mixin.py:120} INFO - [2025-01-29T23:40:27.221+0000] {dag.py:3340} INFO - Setting next_dagrun for example_xcom_args_with_operators to None, run_after=None
[2025-01-29T23:40:27.241+0000] {processor.py:176} INFO - Processing /home/airflow/.local/lib/python3.7/site-packages/airflow/example_dags/example_xcomargs.py took 0.145 seconds
[2025-01-29T23:40:57.466+0000] {processor.py:154} INFO - Started process (PID=1161) to work on /home/airflow/.local/lib/python3.7/site-packages/airflow/example_dags/example_xcomargs.py
[2025-01-29T23:40:57.467+0000] {processor.py:756} INFO - Processing file /home/airflow/.local/lib/python3.7/site-packages/airflow/example_dags/example_xcomargs.py for tasks to queue
[2025-01-29T23:40:57.468+0000] {logging_mixin.py:120} INFO - [2025-01-29T23:40:57.468+0000] {dagbag.py:537} INFO - Filling up the DagBag from /home/airflow/.local/lib/python3.7/site-packages/airflow/example_dags/example_xcomargs.py
[2025-01-29T23:40:57.489+0000] {processor.py:766} INFO - DAG(s) dict_keys(['example_xcom_args', 'example_xcom_args_with_operators']) retrieved from /home/airflow/.local/lib/python3.7/site-packages/airflow/example_dags/example_xcomargs.py
[2025-01-29T23:40:57.544+0000] {logging_mixin.py:120} INFO - [2025-01-29T23:40:57.544+0000] {dag.py:2585} INFO - Sync 2 DAGs
[2025-01-29T23:40:57.576+0000] {logging_mixin.py:120} INFO - [2025-01-29T23:40:57.575+0000] {dag.py:3340} INFO - Setting next_dagrun for example_xcom_args to None, run_after=None
[2025-01-29T23:40:57.579+0000] {logging_mixin.py:120} INFO - [2025-01-29T23:40:57.579+0000] {dag.py:3340} INFO - Setting next_dagrun for example_xcom_args_with_operators to None, run_after=None
[2025-01-29T23:40:57.600+0000] {processor.py:176} INFO - Processing /home/airflow/.local/lib/python3.7/site-packages/airflow/example_dags/example_xcomargs.py took 0.137 seconds
[2025-01-29T23:41:28.294+0000] {processor.py:154} INFO - Started process (PID=1226) to work on /home/airflow/.local/lib/python3.7/site-packages/airflow/example_dags/example_xcomargs.py
[2025-01-29T23:41:28.295+0000] {processor.py:756} INFO - Processing file /home/airflow/.local/lib/python3.7/site-packages/airflow/example_dags/example_xcomargs.py for tasks to queue
[2025-01-29T23:41:28.295+0000] {logging_mixin.py:120} INFO - [2025-01-29T23:41:28.295+0000] {dagbag.py:537} INFO - Filling up the DagBag from /home/airflow/.local/lib/python3.7/site-packages/airflow/example_dags/example_xcomargs.py
[2025-01-29T23:41:28.317+0000] {processor.py:766} INFO - DAG(s) dict_keys(['example_xcom_args', 'example_xcom_args_with_operators']) retrieved from /home/airflow/.local/lib/python3.7/site-packages/airflow/example_dags/example_xcomargs.py
[2025-01-29T23:41:28.371+0000] {logging_mixin.py:120} INFO - [2025-01-29T23:41:28.371+0000] {dag.py:2585} INFO - Sync 2 DAGs
[2025-01-29T23:41:28.401+0000] {logging_mixin.py:120} INFO - [2025-01-29T23:41:28.401+0000] {dag.py:3340} INFO - Setting next_dagrun for example_xcom_args to None, run_after=None
[2025-01-29T23:41:28.406+0000] {logging_mixin.py:120} INFO - [2025-01-29T23:41:28.405+0000] {dag.py:3340} INFO - Setting next_dagrun for example_xcom_args_with_operators to None, run_after=None
[2025-01-29T23:41:28.426+0000] {processor.py:176} INFO - Processing /home/airflow/.local/lib/python3.7/site-packages/airflow/example_dags/example_xcomargs.py took 0.135 seconds
[2025-01-29T23:41:59.231+0000] {processor.py:154} INFO - Started process (PID=1291) to work on /home/airflow/.local/lib/python3.7/site-packages/airflow/example_dags/example_xcomargs.py
[2025-01-29T23:41:59.233+0000] {processor.py:756} INFO - Processing file /home/airflow/.local/lib/python3.7/site-packages/airflow/example_dags/example_xcomargs.py for tasks to queue
[2025-01-29T23:41:59.234+0000] {logging_mixin.py:120} INFO - [2025-01-29T23:41:59.234+0000] {dagbag.py:537} INFO - Filling up the DagBag from /home/airflow/.local/lib/python3.7/site-packages/airflow/example_dags/example_xcomargs.py
[2025-01-29T23:41:59.262+0000] {processor.py:766} INFO - DAG(s) dict_keys(['example_xcom_args_with_operators', 'example_xcom_args']) retrieved from /home/airflow/.local/lib/python3.7/site-packages/airflow/example_dags/example_xcomargs.py
[2025-01-29T23:41:59.319+0000] {logging_mixin.py:120} INFO - [2025-01-29T23:41:59.319+0000] {dag.py:2585} INFO - Sync 2 DAGs
[2025-01-29T23:41:59.348+0000] {logging_mixin.py:120} INFO - [2025-01-29T23:41:59.348+0000] {dag.py:3340} INFO - Setting next_dagrun for example_xcom_args to None, run_after=None
[2025-01-29T23:41:59.352+0000] {logging_mixin.py:120} INFO - [2025-01-29T23:41:59.352+0000] {dag.py:3340} INFO - Setting next_dagrun for example_xcom_args_with_operators to None, run_after=None
[2025-01-29T23:41:59.375+0000] {processor.py:176} INFO - Processing /home/airflow/.local/lib/python3.7/site-packages/airflow/example_dags/example_xcomargs.py took 0.148 seconds
[2025-01-29T23:42:30.009+0000] {processor.py:154} INFO - Started process (PID=1353) to work on /home/airflow/.local/lib/python3.7/site-packages/airflow/example_dags/example_xcomargs.py
[2025-01-29T23:42:30.010+0000] {processor.py:756} INFO - Processing file /home/airflow/.local/lib/python3.7/site-packages/airflow/example_dags/example_xcomargs.py for tasks to queue
[2025-01-29T23:42:30.011+0000] {logging_mixin.py:120} INFO - [2025-01-29T23:42:30.011+0000] {dagbag.py:537} INFO - Filling up the DagBag from /home/airflow/.local/lib/python3.7/site-packages/airflow/example_dags/example_xcomargs.py
[2025-01-29T23:42:30.038+0000] {processor.py:766} INFO - DAG(s) dict_keys(['example_xcom_args_with_operators', 'example_xcom_args']) retrieved from /home/airflow/.local/lib/python3.7/site-packages/airflow/example_dags/example_xcomargs.py
[2025-01-29T23:42:30.110+0000] {logging_mixin.py:120} INFO - [2025-01-29T23:42:30.110+0000] {dag.py:2585} INFO - Sync 2 DAGs
[2025-01-29T23:42:30.149+0000] {logging_mixin.py:120} INFO - [2025-01-29T23:42:30.149+0000] {dag.py:3340} INFO - Setting next_dagrun for example_xcom_args to None, run_after=None
[2025-01-29T23:42:30.155+0000] {logging_mixin.py:120} INFO - [2025-01-29T23:42:30.154+0000] {dag.py:3340} INFO - Setting next_dagrun for example_xcom_args_with_operators to None, run_after=None
[2025-01-29T23:42:30.179+0000] {processor.py:176} INFO - Processing /home/airflow/.local/lib/python3.7/site-packages/airflow/example_dags/example_xcomargs.py took 0.173 seconds
[2025-01-29T23:43:00.732+0000] {processor.py:154} INFO - Started process (PID=1411) to work on /home/airflow/.local/lib/python3.7/site-packages/airflow/example_dags/example_xcomargs.py
[2025-01-29T23:43:00.733+0000] {processor.py:756} INFO - Processing file /home/airflow/.local/lib/python3.7/site-packages/airflow/example_dags/example_xcomargs.py for tasks to queue
[2025-01-29T23:43:00.733+0000] {logging_mixin.py:120} INFO - [2025-01-29T23:43:00.733+0000] {dagbag.py:537} INFO - Filling up the DagBag from /home/airflow/.local/lib/python3.7/site-packages/airflow/example_dags/example_xcomargs.py
[2025-01-29T23:43:00.756+0000] {processor.py:766} INFO - DAG(s) dict_keys(['example_xcom_args_with_operators', 'example_xcom_args']) retrieved from /home/airflow/.local/lib/python3.7/site-packages/airflow/example_dags/example_xcomargs.py
[2025-01-29T23:43:00.821+0000] {logging_mixin.py:120} INFO - [2025-01-29T23:43:00.821+0000] {dag.py:2585} INFO - Sync 2 DAGs
[2025-01-29T23:43:00.855+0000] {logging_mixin.py:120} INFO - [2025-01-29T23:43:00.855+0000] {dag.py:3340} INFO - Setting next_dagrun for example_xcom_args to None, run_after=None
[2025-01-29T23:43:00.860+0000] {logging_mixin.py:120} INFO - [2025-01-29T23:43:00.859+0000] {dag.py:3340} INFO - Setting next_dagrun for example_xcom_args_with_operators to None, run_after=None
[2025-01-29T23:43:00.889+0000] {processor.py:176} INFO - Processing /home/airflow/.local/lib/python3.7/site-packages/airflow/example_dags/example_xcomargs.py took 0.159 seconds
[2025-01-29T23:43:31.554+0000] {processor.py:154} INFO - Started process (PID=1475) to work on /home/airflow/.local/lib/python3.7/site-packages/airflow/example_dags/example_xcomargs.py
[2025-01-29T23:43:31.555+0000] {processor.py:756} INFO - Processing file /home/airflow/.local/lib/python3.7/site-packages/airflow/example_dags/example_xcomargs.py for tasks to queue
[2025-01-29T23:43:31.556+0000] {logging_mixin.py:120} INFO - [2025-01-29T23:43:31.556+0000] {dagbag.py:537} INFO - Filling up the DagBag from /home/airflow/.local/lib/python3.7/site-packages/airflow/example_dags/example_xcomargs.py
[2025-01-29T23:43:31.576+0000] {processor.py:766} INFO - DAG(s) dict_keys(['example_xcom_args', 'example_xcom_args_with_operators']) retrieved from /home/airflow/.local/lib/python3.7/site-packages/airflow/example_dags/example_xcomargs.py
[2025-01-29T23:43:31.633+0000] {logging_mixin.py:120} INFO - [2025-01-29T23:43:31.633+0000] {dag.py:2585} INFO - Sync 2 DAGs
[2025-01-29T23:43:31.664+0000] {logging_mixin.py:120} INFO - [2025-01-29T23:43:31.664+0000] {dag.py:3340} INFO - Setting next_dagrun for example_xcom_args to None, run_after=None
[2025-01-29T23:43:31.668+0000] {logging_mixin.py:120} INFO - [2025-01-29T23:43:31.667+0000] {dag.py:3340} INFO - Setting next_dagrun for example_xcom_args_with_operators to None, run_after=None
[2025-01-29T23:43:31.687+0000] {processor.py:176} INFO - Processing /home/airflow/.local/lib/python3.7/site-packages/airflow/example_dags/example_xcomargs.py took 0.135 seconds
[2025-01-29T23:44:02.233+0000] {processor.py:154} INFO - Started process (PID=1539) to work on /home/airflow/.local/lib/python3.7/site-packages/airflow/example_dags/example_xcomargs.py
[2025-01-29T23:44:02.234+0000] {processor.py:756} INFO - Processing file /home/airflow/.local/lib/python3.7/site-packages/airflow/example_dags/example_xcomargs.py for tasks to queue
[2025-01-29T23:44:02.235+0000] {logging_mixin.py:120} INFO - [2025-01-29T23:44:02.235+0000] {dagbag.py:537} INFO - Filling up the DagBag from /home/airflow/.local/lib/python3.7/site-packages/airflow/example_dags/example_xcomargs.py
[2025-01-29T23:44:02.260+0000] {processor.py:766} INFO - DAG(s) dict_keys(['example_xcom_args_with_operators', 'example_xcom_args']) retrieved from /home/airflow/.local/lib/python3.7/site-packages/airflow/example_dags/example_xcomargs.py
[2025-01-29T23:44:02.323+0000] {logging_mixin.py:120} INFO - [2025-01-29T23:44:02.322+0000] {dag.py:2585} INFO - Sync 2 DAGs
[2025-01-29T23:44:02.354+0000] {logging_mixin.py:120} INFO - [2025-01-29T23:44:02.354+0000] {dag.py:3340} INFO - Setting next_dagrun for example_xcom_args to None, run_after=None
[2025-01-29T23:44:02.358+0000] {logging_mixin.py:120} INFO - [2025-01-29T23:44:02.358+0000] {dag.py:3340} INFO - Setting next_dagrun for example_xcom_args_with_operators to None, run_after=None
[2025-01-29T23:44:02.378+0000] {processor.py:176} INFO - Processing /home/airflow/.local/lib/python3.7/site-packages/airflow/example_dags/example_xcomargs.py took 0.148 seconds
[2025-01-29T23:44:32.761+0000] {processor.py:154} INFO - Started process (PID=1594) to work on /home/airflow/.local/lib/python3.7/site-packages/airflow/example_dags/example_xcomargs.py
[2025-01-29T23:44:32.762+0000] {processor.py:756} INFO - Processing file /home/airflow/.local/lib/python3.7/site-packages/airflow/example_dags/example_xcomargs.py for tasks to queue
[2025-01-29T23:44:32.763+0000] {logging_mixin.py:120} INFO - [2025-01-29T23:44:32.762+0000] {dagbag.py:537} INFO - Filling up the DagBag from /home/airflow/.local/lib/python3.7/site-packages/airflow/example_dags/example_xcomargs.py
[2025-01-29T23:44:32.786+0000] {processor.py:766} INFO - DAG(s) dict_keys(['example_xcom_args', 'example_xcom_args_with_operators']) retrieved from /home/airflow/.local/lib/python3.7/site-packages/airflow/example_dags/example_xcomargs.py
[2025-01-29T23:44:32.846+0000] {logging_mixin.py:120} INFO - [2025-01-29T23:44:32.845+0000] {dag.py:2585} INFO - Sync 2 DAGs
[2025-01-29T23:44:32.882+0000] {logging_mixin.py:120} INFO - [2025-01-29T23:44:32.882+0000] {dag.py:3340} INFO - Setting next_dagrun for example_xcom_args to None, run_after=None
[2025-01-29T23:44:32.886+0000] {logging_mixin.py:120} INFO - [2025-01-29T23:44:32.886+0000] {dag.py:3340} INFO - Setting next_dagrun for example_xcom_args_with_operators to None, run_after=None
[2025-01-29T23:44:32.910+0000] {processor.py:176} INFO - Processing /home/airflow/.local/lib/python3.7/site-packages/airflow/example_dags/example_xcomargs.py took 0.152 seconds
[2025-01-29T23:45:03.188+0000] {processor.py:154} INFO - Started process (PID=1658) to work on /home/airflow/.local/lib/python3.7/site-packages/airflow/example_dags/example_xcomargs.py
[2025-01-29T23:45:03.189+0000] {processor.py:756} INFO - Processing file /home/airflow/.local/lib/python3.7/site-packages/airflow/example_dags/example_xcomargs.py for tasks to queue
[2025-01-29T23:45:03.190+0000] {logging_mixin.py:120} INFO - [2025-01-29T23:45:03.189+0000] {dagbag.py:537} INFO - Filling up the DagBag from /home/airflow/.local/lib/python3.7/site-packages/airflow/example_dags/example_xcomargs.py
[2025-01-29T23:45:03.213+0000] {processor.py:766} INFO - DAG(s) dict_keys(['example_xcom_args_with_operators', 'example_xcom_args']) retrieved from /home/airflow/.local/lib/python3.7/site-packages/airflow/example_dags/example_xcomargs.py
[2025-01-29T23:45:03.268+0000] {logging_mixin.py:120} INFO - [2025-01-29T23:45:03.268+0000] {dag.py:2585} INFO - Sync 2 DAGs
[2025-01-29T23:45:03.300+0000] {logging_mixin.py:120} INFO - [2025-01-29T23:45:03.300+0000] {dag.py:3340} INFO - Setting next_dagrun for example_xcom_args to None, run_after=None
[2025-01-29T23:45:03.304+0000] {logging_mixin.py:120} INFO - [2025-01-29T23:45:03.304+0000] {dag.py:3340} INFO - Setting next_dagrun for example_xcom_args_with_operators to None, run_after=None
[2025-01-29T23:45:03.324+0000] {processor.py:176} INFO - Processing /home/airflow/.local/lib/python3.7/site-packages/airflow/example_dags/example_xcomargs.py took 0.139 seconds
[2025-01-29T23:45:33.885+0000] {processor.py:154} INFO - Started process (PID=1722) to work on /home/airflow/.local/lib/python3.7/site-packages/airflow/example_dags/example_xcomargs.py
[2025-01-29T23:45:33.886+0000] {processor.py:756} INFO - Processing file /home/airflow/.local/lib/python3.7/site-packages/airflow/example_dags/example_xcomargs.py for tasks to queue
[2025-01-29T23:45:33.887+0000] {logging_mixin.py:120} INFO - [2025-01-29T23:45:33.887+0000] {dagbag.py:537} INFO - Filling up the DagBag from /home/airflow/.local/lib/python3.7/site-packages/airflow/example_dags/example_xcomargs.py
[2025-01-29T23:45:33.910+0000] {processor.py:766} INFO - DAG(s) dict_keys(['example_xcom_args', 'example_xcom_args_with_operators']) retrieved from /home/airflow/.local/lib/python3.7/site-packages/airflow/example_dags/example_xcomargs.py
[2025-01-29T23:45:33.967+0000] {logging_mixin.py:120} INFO - [2025-01-29T23:45:33.967+0000] {dag.py:2585} INFO - Sync 2 DAGs
[2025-01-29T23:45:33.999+0000] {logging_mixin.py:120} INFO - [2025-01-29T23:45:33.999+0000] {dag.py:3340} INFO - Setting next_dagrun for example_xcom_args to None, run_after=None
[2025-01-29T23:45:34.004+0000] {logging_mixin.py:120} INFO - [2025-01-29T23:45:34.003+0000] {dag.py:3340} INFO - Setting next_dagrun for example_xcom_args_with_operators to None, run_after=None
[2025-01-29T23:45:34.027+0000] {processor.py:176} INFO - Processing /home/airflow/.local/lib/python3.7/site-packages/airflow/example_dags/example_xcomargs.py took 0.144 seconds
[2025-01-29T23:46:04.395+0000] {processor.py:154} INFO - Started process (PID=1777) to work on /home/airflow/.local/lib/python3.7/site-packages/airflow/example_dags/example_xcomargs.py
[2025-01-29T23:46:04.395+0000] {processor.py:756} INFO - Processing file /home/airflow/.local/lib/python3.7/site-packages/airflow/example_dags/example_xcomargs.py for tasks to queue
[2025-01-29T23:46:04.396+0000] {logging_mixin.py:120} INFO - [2025-01-29T23:46:04.396+0000] {dagbag.py:537} INFO - Filling up the DagBag from /home/airflow/.local/lib/python3.7/site-packages/airflow/example_dags/example_xcomargs.py
[2025-01-29T23:46:04.418+0000] {processor.py:766} INFO - DAG(s) dict_keys(['example_xcom_args', 'example_xcom_args_with_operators']) retrieved from /home/airflow/.local/lib/python3.7/site-packages/airflow/example_dags/example_xcomargs.py
[2025-01-29T23:46:04.470+0000] {logging_mixin.py:120} INFO - [2025-01-29T23:46:04.470+0000] {dag.py:2585} INFO - Sync 2 DAGs
[2025-01-29T23:46:04.500+0000] {logging_mixin.py:120} INFO - [2025-01-29T23:46:04.500+0000] {dag.py:3340} INFO - Setting next_dagrun for example_xcom_args to None, run_after=None
[2025-01-29T23:46:04.505+0000] {logging_mixin.py:120} INFO - [2025-01-29T23:46:04.505+0000] {dag.py:3340} INFO - Setting next_dagrun for example_xcom_args_with_operators to None, run_after=None
[2025-01-29T23:46:04.526+0000] {processor.py:176} INFO - Processing /home/airflow/.local/lib/python3.7/site-packages/airflow/example_dags/example_xcomargs.py took 0.134 seconds
[2025-01-29T23:46:35.072+0000] {processor.py:154} INFO - Started process (PID=1841) to work on /home/airflow/.local/lib/python3.7/site-packages/airflow/example_dags/example_xcomargs.py
[2025-01-29T23:46:35.073+0000] {processor.py:756} INFO - Processing file /home/airflow/.local/lib/python3.7/site-packages/airflow/example_dags/example_xcomargs.py for tasks to queue
[2025-01-29T23:46:35.073+0000] {logging_mixin.py:120} INFO - [2025-01-29T23:46:35.073+0000] {dagbag.py:537} INFO - Filling up the DagBag from /home/airflow/.local/lib/python3.7/site-packages/airflow/example_dags/example_xcomargs.py
[2025-01-29T23:46:35.095+0000] {processor.py:766} INFO - DAG(s) dict_keys(['example_xcom_args_with_operators', 'example_xcom_args']) retrieved from /home/airflow/.local/lib/python3.7/site-packages/airflow/example_dags/example_xcomargs.py
[2025-01-29T23:46:35.152+0000] {logging_mixin.py:120} INFO - [2025-01-29T23:46:35.151+0000] {dag.py:2585} INFO - Sync 2 DAGs
[2025-01-29T23:46:35.184+0000] {logging_mixin.py:120} INFO - [2025-01-29T23:46:35.184+0000] {dag.py:3340} INFO - Setting next_dagrun for example_xcom_args to None, run_after=None
[2025-01-29T23:46:35.188+0000] {logging_mixin.py:120} INFO - [2025-01-29T23:46:35.188+0000] {dag.py:3340} INFO - Setting next_dagrun for example_xcom_args_with_operators to None, run_after=None
[2025-01-29T23:46:35.209+0000] {processor.py:176} INFO - Processing /home/airflow/.local/lib/python3.7/site-packages/airflow/example_dags/example_xcomargs.py took 0.141 seconds
[2025-01-29T23:47:05.338+0000] {processor.py:154} INFO - Started process (PID=1905) to work on /home/airflow/.local/lib/python3.7/site-packages/airflow/example_dags/example_xcomargs.py
[2025-01-29T23:47:05.340+0000] {processor.py:756} INFO - Processing file /home/airflow/.local/lib/python3.7/site-packages/airflow/example_dags/example_xcomargs.py for tasks to queue
[2025-01-29T23:47:05.340+0000] {logging_mixin.py:120} INFO - [2025-01-29T23:47:05.340+0000] {dagbag.py:537} INFO - Filling up the DagBag from /home/airflow/.local/lib/python3.7/site-packages/airflow/example_dags/example_xcomargs.py
[2025-01-29T23:47:05.361+0000] {processor.py:766} INFO - DAG(s) dict_keys(['example_xcom_args_with_operators', 'example_xcom_args']) retrieved from /home/airflow/.local/lib/python3.7/site-packages/airflow/example_dags/example_xcomargs.py
[2025-01-29T23:47:05.419+0000] {logging_mixin.py:120} INFO - [2025-01-29T23:47:05.419+0000] {dag.py:2585} INFO - Sync 2 DAGs
[2025-01-29T23:47:05.453+0000] {logging_mixin.py:120} INFO - [2025-01-29T23:47:05.453+0000] {dag.py:3340} INFO - Setting next_dagrun for example_xcom_args to None, run_after=None
[2025-01-29T23:47:05.457+0000] {logging_mixin.py:120} INFO - [2025-01-29T23:47:05.457+0000] {dag.py:3340} INFO - Setting next_dagrun for example_xcom_args_with_operators to None, run_after=None
[2025-01-29T23:47:05.478+0000] {processor.py:176} INFO - Processing /home/airflow/.local/lib/python3.7/site-packages/airflow/example_dags/example_xcomargs.py took 0.143 seconds
[2025-01-29T23:47:35.923+0000] {processor.py:154} INFO - Started process (PID=1969) to work on /home/airflow/.local/lib/python3.7/site-packages/airflow/example_dags/example_xcomargs.py
[2025-01-29T23:47:35.925+0000] {processor.py:756} INFO - Processing file /home/airflow/.local/lib/python3.7/site-packages/airflow/example_dags/example_xcomargs.py for tasks to queue
[2025-01-29T23:47:35.925+0000] {logging_mixin.py:120} INFO - [2025-01-29T23:47:35.925+0000] {dagbag.py:537} INFO - Filling up the DagBag from /home/airflow/.local/lib/python3.7/site-packages/airflow/example_dags/example_xcomargs.py
[2025-01-29T23:47:35.948+0000] {processor.py:766} INFO - DAG(s) dict_keys(['example_xcom_args_with_operators', 'example_xcom_args']) retrieved from /home/airflow/.local/lib/python3.7/site-packages/airflow/example_dags/example_xcomargs.py
[2025-01-29T23:47:36.015+0000] {logging_mixin.py:120} INFO - [2025-01-29T23:47:36.015+0000] {dag.py:2585} INFO - Sync 2 DAGs
[2025-01-29T23:47:36.054+0000] {logging_mixin.py:120} INFO - [2025-01-29T23:47:36.054+0000] {dag.py:3340} INFO - Setting next_dagrun for example_xcom_args to None, run_after=None
[2025-01-29T23:47:36.059+0000] {logging_mixin.py:120} INFO - [2025-01-29T23:47:36.058+0000] {dag.py:3340} INFO - Setting next_dagrun for example_xcom_args_with_operators to None, run_after=None
[2025-01-29T23:47:36.080+0000] {processor.py:176} INFO - Processing /home/airflow/.local/lib/python3.7/site-packages/airflow/example_dags/example_xcomargs.py took 0.160 seconds
[2025-01-29T23:48:06.765+0000] {processor.py:154} INFO - Started process (PID=2024) to work on /home/airflow/.local/lib/python3.7/site-packages/airflow/example_dags/example_xcomargs.py
[2025-01-29T23:48:06.766+0000] {processor.py:756} INFO - Processing file /home/airflow/.local/lib/python3.7/site-packages/airflow/example_dags/example_xcomargs.py for tasks to queue
[2025-01-29T23:48:06.767+0000] {logging_mixin.py:120} INFO - [2025-01-29T23:48:06.766+0000] {dagbag.py:537} INFO - Filling up the DagBag from /home/airflow/.local/lib/python3.7/site-packages/airflow/example_dags/example_xcomargs.py
[2025-01-29T23:48:06.787+0000] {processor.py:766} INFO - DAG(s) dict_keys(['example_xcom_args', 'example_xcom_args_with_operators']) retrieved from /home/airflow/.local/lib/python3.7/site-packages/airflow/example_dags/example_xcomargs.py
[2025-01-29T23:48:06.845+0000] {logging_mixin.py:120} INFO - [2025-01-29T23:48:06.844+0000] {dag.py:2585} INFO - Sync 2 DAGs
[2025-01-29T23:48:06.879+0000] {logging_mixin.py:120} INFO - [2025-01-29T23:48:06.879+0000] {dag.py:3340} INFO - Setting next_dagrun for example_xcom_args to None, run_after=None
[2025-01-29T23:48:06.884+0000] {logging_mixin.py:120} INFO - [2025-01-29T23:48:06.884+0000] {dag.py:3340} INFO - Setting next_dagrun for example_xcom_args_with_operators to None, run_after=None
[2025-01-29T23:48:06.903+0000] {processor.py:176} INFO - Processing /home/airflow/.local/lib/python3.7/site-packages/airflow/example_dags/example_xcomargs.py took 0.141 seconds
[2025-01-29T23:48:37.634+0000] {processor.py:154} INFO - Started process (PID=2088) to work on /home/airflow/.local/lib/python3.7/site-packages/airflow/example_dags/example_xcomargs.py
[2025-01-29T23:48:37.635+0000] {processor.py:756} INFO - Processing file /home/airflow/.local/lib/python3.7/site-packages/airflow/example_dags/example_xcomargs.py for tasks to queue
[2025-01-29T23:48:37.636+0000] {logging_mixin.py:120} INFO - [2025-01-29T23:48:37.636+0000] {dagbag.py:537} INFO - Filling up the DagBag from /home/airflow/.local/lib/python3.7/site-packages/airflow/example_dags/example_xcomargs.py
[2025-01-29T23:48:37.658+0000] {processor.py:766} INFO - DAG(s) dict_keys(['example_xcom_args', 'example_xcom_args_with_operators']) retrieved from /home/airflow/.local/lib/python3.7/site-packages/airflow/example_dags/example_xcomargs.py
[2025-01-29T23:48:37.722+0000] {logging_mixin.py:120} INFO - [2025-01-29T23:48:37.721+0000] {dag.py:2585} INFO - Sync 2 DAGs
[2025-01-29T23:48:37.758+0000] {logging_mixin.py:120} INFO - [2025-01-29T23:48:37.758+0000] {dag.py:3340} INFO - Setting next_dagrun for example_xcom_args to None, run_after=None
[2025-01-29T23:48:37.762+0000] {logging_mixin.py:120} INFO - [2025-01-29T23:48:37.762+0000] {dag.py:3340} INFO - Setting next_dagrun for example_xcom_args_with_operators to None, run_after=None
[2025-01-29T23:48:37.787+0000] {processor.py:176} INFO - Processing /home/airflow/.local/lib/python3.7/site-packages/airflow/example_dags/example_xcomargs.py took 0.156 seconds
[2025-01-29T23:49:08.166+0000] {processor.py:154} INFO - Started process (PID=2152) to work on /home/airflow/.local/lib/python3.7/site-packages/airflow/example_dags/example_xcomargs.py
[2025-01-29T23:49:08.167+0000] {processor.py:756} INFO - Processing file /home/airflow/.local/lib/python3.7/site-packages/airflow/example_dags/example_xcomargs.py for tasks to queue
[2025-01-29T23:49:08.167+0000] {logging_mixin.py:120} INFO - [2025-01-29T23:49:08.167+0000] {dagbag.py:537} INFO - Filling up the DagBag from /home/airflow/.local/lib/python3.7/site-packages/airflow/example_dags/example_xcomargs.py
[2025-01-29T23:49:08.189+0000] {processor.py:766} INFO - DAG(s) dict_keys(['example_xcom_args_with_operators', 'example_xcom_args']) retrieved from /home/airflow/.local/lib/python3.7/site-packages/airflow/example_dags/example_xcomargs.py
[2025-01-29T23:49:08.248+0000] {logging_mixin.py:120} INFO - [2025-01-29T23:49:08.247+0000] {dag.py:2585} INFO - Sync 2 DAGs
[2025-01-29T23:49:08.285+0000] {logging_mixin.py:120} INFO - [2025-01-29T23:49:08.284+0000] {dag.py:3340} INFO - Setting next_dagrun for example_xcom_args to None, run_after=None
[2025-01-29T23:49:08.289+0000] {logging_mixin.py:120} INFO - [2025-01-29T23:49:08.289+0000] {dag.py:3340} INFO - Setting next_dagrun for example_xcom_args_with_operators to None, run_after=None
[2025-01-29T23:49:08.315+0000] {processor.py:176} INFO - Processing /home/airflow/.local/lib/python3.7/site-packages/airflow/example_dags/example_xcomargs.py took 0.153 seconds
[2025-01-29T23:49:38.446+0000] {processor.py:154} INFO - Started process (PID=2207) to work on /home/airflow/.local/lib/python3.7/site-packages/airflow/example_dags/example_xcomargs.py
[2025-01-29T23:49:38.447+0000] {processor.py:756} INFO - Processing file /home/airflow/.local/lib/python3.7/site-packages/airflow/example_dags/example_xcomargs.py for tasks to queue
[2025-01-29T23:49:38.448+0000] {logging_mixin.py:120} INFO - [2025-01-29T23:49:38.448+0000] {dagbag.py:537} INFO - Filling up the DagBag from /home/airflow/.local/lib/python3.7/site-packages/airflow/example_dags/example_xcomargs.py
[2025-01-29T23:49:38.469+0000] {processor.py:766} INFO - DAG(s) dict_keys(['example_xcom_args_with_operators', 'example_xcom_args']) retrieved from /home/airflow/.local/lib/python3.7/site-packages/airflow/example_dags/example_xcomargs.py
[2025-01-29T23:49:38.526+0000] {logging_mixin.py:120} INFO - [2025-01-29T23:49:38.526+0000] {dag.py:2585} INFO - Sync 2 DAGs
[2025-01-29T23:49:38.559+0000] {logging_mixin.py:120} INFO - [2025-01-29T23:49:38.558+0000] {dag.py:3340} INFO - Setting next_dagrun for example_xcom_args to None, run_after=None
[2025-01-29T23:49:38.563+0000] {logging_mixin.py:120} INFO - [2025-01-29T23:49:38.563+0000] {dag.py:3340} INFO - Setting next_dagrun for example_xcom_args_with_operators to None, run_after=None
[2025-01-29T23:49:38.584+0000] {processor.py:176} INFO - Processing /home/airflow/.local/lib/python3.7/site-packages/airflow/example_dags/example_xcomargs.py took 0.140 seconds
[2025-01-29T23:50:08.648+0000] {processor.py:154} INFO - Started process (PID=2271) to work on /home/airflow/.local/lib/python3.7/site-packages/airflow/example_dags/example_xcomargs.py
[2025-01-29T23:50:08.649+0000] {processor.py:756} INFO - Processing file /home/airflow/.local/lib/python3.7/site-packages/airflow/example_dags/example_xcomargs.py for tasks to queue
[2025-01-29T23:50:08.649+0000] {logging_mixin.py:120} INFO - [2025-01-29T23:50:08.649+0000] {dagbag.py:537} INFO - Filling up the DagBag from /home/airflow/.local/lib/python3.7/site-packages/airflow/example_dags/example_xcomargs.py
[2025-01-29T23:50:08.671+0000] {processor.py:766} INFO - DAG(s) dict_keys(['example_xcom_args', 'example_xcom_args_with_operators']) retrieved from /home/airflow/.local/lib/python3.7/site-packages/airflow/example_dags/example_xcomargs.py
[2025-01-29T23:50:08.732+0000] {logging_mixin.py:120} INFO - [2025-01-29T23:50:08.732+0000] {dag.py:2585} INFO - Sync 2 DAGs
[2025-01-29T23:50:08.767+0000] {logging_mixin.py:120} INFO - [2025-01-29T23:50:08.767+0000] {dag.py:3340} INFO - Setting next_dagrun for example_xcom_args to None, run_after=None
[2025-01-29T23:50:08.773+0000] {logging_mixin.py:120} INFO - [2025-01-29T23:50:08.773+0000] {dag.py:3340} INFO - Setting next_dagrun for example_xcom_args_with_operators to None, run_after=None
[2025-01-29T23:50:08.799+0000] {processor.py:176} INFO - Processing /home/airflow/.local/lib/python3.7/site-packages/airflow/example_dags/example_xcomargs.py took 0.154 seconds
[2025-01-29T23:50:39.354+0000] {processor.py:154} INFO - Started process (PID=2335) to work on /home/airflow/.local/lib/python3.7/site-packages/airflow/example_dags/example_xcomargs.py
[2025-01-29T23:50:39.355+0000] {processor.py:756} INFO - Processing file /home/airflow/.local/lib/python3.7/site-packages/airflow/example_dags/example_xcomargs.py for tasks to queue
[2025-01-29T23:50:39.355+0000] {logging_mixin.py:120} INFO - [2025-01-29T23:50:39.355+0000] {dagbag.py:537} INFO - Filling up the DagBag from /home/airflow/.local/lib/python3.7/site-packages/airflow/example_dags/example_xcomargs.py
[2025-01-29T23:50:39.377+0000] {processor.py:766} INFO - DAG(s) dict_keys(['example_xcom_args', 'example_xcom_args_with_operators']) retrieved from /home/airflow/.local/lib/python3.7/site-packages/airflow/example_dags/example_xcomargs.py
[2025-01-29T23:50:39.434+0000] {logging_mixin.py:120} INFO - [2025-01-29T23:50:39.434+0000] {dag.py:2585} INFO - Sync 2 DAGs
[2025-01-29T23:50:39.467+0000] {logging_mixin.py:120} INFO - [2025-01-29T23:50:39.467+0000] {dag.py:3340} INFO - Setting next_dagrun for example_xcom_args to None, run_after=None
[2025-01-29T23:50:39.471+0000] {logging_mixin.py:120} INFO - [2025-01-29T23:50:39.471+0000] {dag.py:3340} INFO - Setting next_dagrun for example_xcom_args_with_operators to None, run_after=None
[2025-01-29T23:50:39.491+0000] {processor.py:176} INFO - Processing /home/airflow/.local/lib/python3.7/site-packages/airflow/example_dags/example_xcomargs.py took 0.140 seconds
[2025-01-29T23:51:09.989+0000] {processor.py:154} INFO - Started process (PID=2391) to work on /home/airflow/.local/lib/python3.7/site-packages/airflow/example_dags/example_xcomargs.py
[2025-01-29T23:51:09.990+0000] {processor.py:756} INFO - Processing file /home/airflow/.local/lib/python3.7/site-packages/airflow/example_dags/example_xcomargs.py for tasks to queue
[2025-01-29T23:51:09.991+0000] {logging_mixin.py:120} INFO - [2025-01-29T23:51:09.990+0000] {dagbag.py:537} INFO - Filling up the DagBag from /home/airflow/.local/lib/python3.7/site-packages/airflow/example_dags/example_xcomargs.py
[2025-01-29T23:51:10.015+0000] {processor.py:766} INFO - DAG(s) dict_keys(['example_xcom_args', 'example_xcom_args_with_operators']) retrieved from /home/airflow/.local/lib/python3.7/site-packages/airflow/example_dags/example_xcomargs.py
[2025-01-29T23:51:10.078+0000] {logging_mixin.py:120} INFO - [2025-01-29T23:51:10.078+0000] {dag.py:2585} INFO - Sync 2 DAGs
[2025-01-29T23:51:10.113+0000] {logging_mixin.py:120} INFO - [2025-01-29T23:51:10.112+0000] {dag.py:3340} INFO - Setting next_dagrun for example_xcom_args to None, run_after=None
[2025-01-29T23:51:10.118+0000] {logging_mixin.py:120} INFO - [2025-01-29T23:51:10.117+0000] {dag.py:3340} INFO - Setting next_dagrun for example_xcom_args_with_operators to None, run_after=None
[2025-01-29T23:51:10.137+0000] {processor.py:176} INFO - Processing /home/airflow/.local/lib/python3.7/site-packages/airflow/example_dags/example_xcomargs.py took 0.151 seconds
[2025-01-29T23:51:40.958+0000] {processor.py:154} INFO - Started process (PID=2455) to work on /home/airflow/.local/lib/python3.7/site-packages/airflow/example_dags/example_xcomargs.py
[2025-01-29T23:51:40.960+0000] {processor.py:756} INFO - Processing file /home/airflow/.local/lib/python3.7/site-packages/airflow/example_dags/example_xcomargs.py for tasks to queue
[2025-01-29T23:51:40.960+0000] {logging_mixin.py:120} INFO - [2025-01-29T23:51:40.960+0000] {dagbag.py:537} INFO - Filling up the DagBag from /home/airflow/.local/lib/python3.7/site-packages/airflow/example_dags/example_xcomargs.py
[2025-01-29T23:51:40.985+0000] {processor.py:766} INFO - DAG(s) dict_keys(['example_xcom_args', 'example_xcom_args_with_operators']) retrieved from /home/airflow/.local/lib/python3.7/site-packages/airflow/example_dags/example_xcomargs.py
[2025-01-29T23:51:41.049+0000] {logging_mixin.py:120} INFO - [2025-01-29T23:51:41.049+0000] {dag.py:2585} INFO - Sync 2 DAGs
[2025-01-29T23:51:41.080+0000] {logging_mixin.py:120} INFO - [2025-01-29T23:51:41.080+0000] {dag.py:3340} INFO - Setting next_dagrun for example_xcom_args to None, run_after=None
[2025-01-29T23:51:41.084+0000] {logging_mixin.py:120} INFO - [2025-01-29T23:51:41.084+0000] {dag.py:3340} INFO - Setting next_dagrun for example_xcom_args_with_operators to None, run_after=None
[2025-01-29T23:51:41.103+0000] {processor.py:176} INFO - Processing /home/airflow/.local/lib/python3.7/site-packages/airflow/example_dags/example_xcomargs.py took 0.148 seconds
[2025-01-29T23:52:11.377+0000] {processor.py:154} INFO - Started process (PID=2519) to work on /home/airflow/.local/lib/python3.7/site-packages/airflow/example_dags/example_xcomargs.py
[2025-01-29T23:52:11.378+0000] {processor.py:756} INFO - Processing file /home/airflow/.local/lib/python3.7/site-packages/airflow/example_dags/example_xcomargs.py for tasks to queue
[2025-01-29T23:52:11.379+0000] {logging_mixin.py:120} INFO - [2025-01-29T23:52:11.379+0000] {dagbag.py:537} INFO - Filling up the DagBag from /home/airflow/.local/lib/python3.7/site-packages/airflow/example_dags/example_xcomargs.py
[2025-01-29T23:52:11.399+0000] {processor.py:766} INFO - DAG(s) dict_keys(['example_xcom_args', 'example_xcom_args_with_operators']) retrieved from /home/airflow/.local/lib/python3.7/site-packages/airflow/example_dags/example_xcomargs.py
[2025-01-29T23:52:11.464+0000] {logging_mixin.py:120} INFO - [2025-01-29T23:52:11.464+0000] {dag.py:2585} INFO - Sync 2 DAGs
[2025-01-29T23:52:11.499+0000] {logging_mixin.py:120} INFO - [2025-01-29T23:52:11.498+0000] {dag.py:3340} INFO - Setting next_dagrun for example_xcom_args to None, run_after=None
[2025-01-29T23:52:11.503+0000] {logging_mixin.py:120} INFO - [2025-01-29T23:52:11.503+0000] {dag.py:3340} INFO - Setting next_dagrun for example_xcom_args_with_operators to None, run_after=None
[2025-01-29T23:52:11.531+0000] {processor.py:176} INFO - Processing /home/airflow/.local/lib/python3.7/site-packages/airflow/example_dags/example_xcomargs.py took 0.157 seconds
[2025-01-29T23:52:42.038+0000] {processor.py:154} INFO - Started process (PID=2574) to work on /home/airflow/.local/lib/python3.7/site-packages/airflow/example_dags/example_xcomargs.py
[2025-01-29T23:52:42.039+0000] {processor.py:756} INFO - Processing file /home/airflow/.local/lib/python3.7/site-packages/airflow/example_dags/example_xcomargs.py for tasks to queue
[2025-01-29T23:52:42.040+0000] {logging_mixin.py:120} INFO - [2025-01-29T23:52:42.040+0000] {dagbag.py:537} INFO - Filling up the DagBag from /home/airflow/.local/lib/python3.7/site-packages/airflow/example_dags/example_xcomargs.py
[2025-01-29T23:52:42.069+0000] {processor.py:766} INFO - DAG(s) dict_keys(['example_xcom_args', 'example_xcom_args_with_operators']) retrieved from /home/airflow/.local/lib/python3.7/site-packages/airflow/example_dags/example_xcomargs.py
[2025-01-29T23:52:42.141+0000] {logging_mixin.py:120} INFO - [2025-01-29T23:52:42.141+0000] {dag.py:2585} INFO - Sync 2 DAGs
[2025-01-29T23:52:42.191+0000] {logging_mixin.py:120} INFO - [2025-01-29T23:52:42.191+0000] {dag.py:3340} INFO - Setting next_dagrun for example_xcom_args to None, run_after=None
[2025-01-29T23:52:42.195+0000] {logging_mixin.py:120} INFO - [2025-01-29T23:52:42.195+0000] {dag.py:3340} INFO - Setting next_dagrun for example_xcom_args_with_operators to None, run_after=None
[2025-01-29T23:52:42.220+0000] {processor.py:176} INFO - Processing /home/airflow/.local/lib/python3.7/site-packages/airflow/example_dags/example_xcomargs.py took 0.185 seconds
[2025-01-29T23:53:12.584+0000] {processor.py:154} INFO - Started process (PID=2638) to work on /home/airflow/.local/lib/python3.7/site-packages/airflow/example_dags/example_xcomargs.py
[2025-01-29T23:53:12.585+0000] {processor.py:756} INFO - Processing file /home/airflow/.local/lib/python3.7/site-packages/airflow/example_dags/example_xcomargs.py for tasks to queue
[2025-01-29T23:53:12.585+0000] {logging_mixin.py:120} INFO - [2025-01-29T23:53:12.585+0000] {dagbag.py:537} INFO - Filling up the DagBag from /home/airflow/.local/lib/python3.7/site-packages/airflow/example_dags/example_xcomargs.py
[2025-01-29T23:53:12.608+0000] {processor.py:766} INFO - DAG(s) dict_keys(['example_xcom_args_with_operators', 'example_xcom_args']) retrieved from /home/airflow/.local/lib/python3.7/site-packages/airflow/example_dags/example_xcomargs.py
[2025-01-29T23:53:12.665+0000] {logging_mixin.py:120} INFO - [2025-01-29T23:53:12.665+0000] {dag.py:2585} INFO - Sync 2 DAGs
[2025-01-29T23:53:12.698+0000] {logging_mixin.py:120} INFO - [2025-01-29T23:53:12.698+0000] {dag.py:3340} INFO - Setting next_dagrun for example_xcom_args to None, run_after=None
[2025-01-29T23:53:12.702+0000] {logging_mixin.py:120} INFO - [2025-01-29T23:53:12.702+0000] {dag.py:3340} INFO - Setting next_dagrun for example_xcom_args_with_operators to None, run_after=None
[2025-01-29T23:53:12.720+0000] {processor.py:176} INFO - Processing /home/airflow/.local/lib/python3.7/site-packages/airflow/example_dags/example_xcomargs.py took 0.139 seconds
[2025-01-29T23:53:43.696+0000] {processor.py:154} INFO - Started process (PID=2702) to work on /home/airflow/.local/lib/python3.7/site-packages/airflow/example_dags/example_xcomargs.py
[2025-01-29T23:53:43.697+0000] {processor.py:756} INFO - Processing file /home/airflow/.local/lib/python3.7/site-packages/airflow/example_dags/example_xcomargs.py for tasks to queue
[2025-01-29T23:53:43.698+0000] {logging_mixin.py:120} INFO - [2025-01-29T23:53:43.698+0000] {dagbag.py:537} INFO - Filling up the DagBag from /home/airflow/.local/lib/python3.7/site-packages/airflow/example_dags/example_xcomargs.py
[2025-01-29T23:53:43.721+0000] {processor.py:766} INFO - DAG(s) dict_keys(['example_xcom_args_with_operators', 'example_xcom_args']) retrieved from /home/airflow/.local/lib/python3.7/site-packages/airflow/example_dags/example_xcomargs.py
[2025-01-29T23:53:43.783+0000] {logging_mixin.py:120} INFO - [2025-01-29T23:53:43.783+0000] {dag.py:2585} INFO - Sync 2 DAGs
[2025-01-29T23:53:43.815+0000] {logging_mixin.py:120} INFO - [2025-01-29T23:53:43.815+0000] {dag.py:3340} INFO - Setting next_dagrun for example_xcom_args to None, run_after=None
[2025-01-29T23:53:43.819+0000] {logging_mixin.py:120} INFO - [2025-01-29T23:53:43.819+0000] {dag.py:3340} INFO - Setting next_dagrun for example_xcom_args_with_operators to None, run_after=None
[2025-01-29T23:53:43.840+0000] {processor.py:176} INFO - Processing /home/airflow/.local/lib/python3.7/site-packages/airflow/example_dags/example_xcomargs.py took 0.146 seconds
[2025-01-29T23:54:14.198+0000] {processor.py:154} INFO - Started process (PID=2766) to work on /home/airflow/.local/lib/python3.7/site-packages/airflow/example_dags/example_xcomargs.py
[2025-01-29T23:54:14.199+0000] {processor.py:756} INFO - Processing file /home/airflow/.local/lib/python3.7/site-packages/airflow/example_dags/example_xcomargs.py for tasks to queue
[2025-01-29T23:54:14.199+0000] {logging_mixin.py:120} INFO - [2025-01-29T23:54:14.199+0000] {dagbag.py:537} INFO - Filling up the DagBag from /home/airflow/.local/lib/python3.7/site-packages/airflow/example_dags/example_xcomargs.py
[2025-01-29T23:54:14.221+0000] {processor.py:766} INFO - DAG(s) dict_keys(['example_xcom_args_with_operators', 'example_xcom_args']) retrieved from /home/airflow/.local/lib/python3.7/site-packages/airflow/example_dags/example_xcomargs.py
[2025-01-29T23:54:14.285+0000] {logging_mixin.py:120} INFO - [2025-01-29T23:54:14.285+0000] {dag.py:2585} INFO - Sync 2 DAGs
[2025-01-29T23:54:14.321+0000] {logging_mixin.py:120} INFO - [2025-01-29T23:54:14.321+0000] {dag.py:3340} INFO - Setting next_dagrun for example_xcom_args to None, run_after=None
[2025-01-29T23:54:14.326+0000] {logging_mixin.py:120} INFO - [2025-01-29T23:54:14.326+0000] {dag.py:3340} INFO - Setting next_dagrun for example_xcom_args_with_operators to None, run_after=None
[2025-01-29T23:54:14.351+0000] {processor.py:176} INFO - Processing /home/airflow/.local/lib/python3.7/site-packages/airflow/example_dags/example_xcomargs.py took 0.156 seconds
[2025-01-29T23:54:44.474+0000] {processor.py:154} INFO - Started process (PID=2821) to work on /home/airflow/.local/lib/python3.7/site-packages/airflow/example_dags/example_xcomargs.py
[2025-01-29T23:54:44.475+0000] {processor.py:756} INFO - Processing file /home/airflow/.local/lib/python3.7/site-packages/airflow/example_dags/example_xcomargs.py for tasks to queue
[2025-01-29T23:54:44.476+0000] {logging_mixin.py:120} INFO - [2025-01-29T23:54:44.476+0000] {dagbag.py:537} INFO - Filling up the DagBag from /home/airflow/.local/lib/python3.7/site-packages/airflow/example_dags/example_xcomargs.py
[2025-01-29T23:54:44.497+0000] {processor.py:766} INFO - DAG(s) dict_keys(['example_xcom_args_with_operators', 'example_xcom_args']) retrieved from /home/airflow/.local/lib/python3.7/site-packages/airflow/example_dags/example_xcomargs.py
[2025-01-29T23:54:44.553+0000] {logging_mixin.py:120} INFO - [2025-01-29T23:54:44.553+0000] {dag.py:2585} INFO - Sync 2 DAGs
[2025-01-29T23:54:44.593+0000] {logging_mixin.py:120} INFO - [2025-01-29T23:54:44.593+0000] {dag.py:3340} INFO - Setting next_dagrun for example_xcom_args to None, run_after=None
[2025-01-29T23:54:44.598+0000] {logging_mixin.py:120} INFO - [2025-01-29T23:54:44.598+0000] {dag.py:3340} INFO - Setting next_dagrun for example_xcom_args_with_operators to None, run_after=None
[2025-01-29T23:54:44.624+0000] {processor.py:176} INFO - Processing /home/airflow/.local/lib/python3.7/site-packages/airflow/example_dags/example_xcomargs.py took 0.152 seconds
[2025-01-29T23:55:15.135+0000] {processor.py:154} INFO - Started process (PID=2885) to work on /home/airflow/.local/lib/python3.7/site-packages/airflow/example_dags/example_xcomargs.py
[2025-01-29T23:55:15.136+0000] {processor.py:756} INFO - Processing file /home/airflow/.local/lib/python3.7/site-packages/airflow/example_dags/example_xcomargs.py for tasks to queue
[2025-01-29T23:55:15.137+0000] {logging_mixin.py:120} INFO - [2025-01-29T23:55:15.137+0000] {dagbag.py:537} INFO - Filling up the DagBag from /home/airflow/.local/lib/python3.7/site-packages/airflow/example_dags/example_xcomargs.py
[2025-01-29T23:55:15.160+0000] {processor.py:766} INFO - DAG(s) dict_keys(['example_xcom_args_with_operators', 'example_xcom_args']) retrieved from /home/airflow/.local/lib/python3.7/site-packages/airflow/example_dags/example_xcomargs.py
[2025-01-29T23:55:15.226+0000] {logging_mixin.py:120} INFO - [2025-01-29T23:55:15.226+0000] {dag.py:2585} INFO - Sync 2 DAGs
[2025-01-29T23:55:15.269+0000] {logging_mixin.py:120} INFO - [2025-01-29T23:55:15.269+0000] {dag.py:3340} INFO - Setting next_dagrun for example_xcom_args to None, run_after=None
[2025-01-29T23:55:15.275+0000] {logging_mixin.py:120} INFO - [2025-01-29T23:55:15.275+0000] {dag.py:3340} INFO - Setting next_dagrun for example_xcom_args_with_operators to None, run_after=None
[2025-01-29T23:55:15.300+0000] {processor.py:176} INFO - Processing /home/airflow/.local/lib/python3.7/site-packages/airflow/example_dags/example_xcomargs.py took 0.167 seconds
[2025-01-29T23:55:45.483+0000] {processor.py:154} INFO - Started process (PID=2949) to work on /home/airflow/.local/lib/python3.7/site-packages/airflow/example_dags/example_xcomargs.py
[2025-01-29T23:55:45.484+0000] {processor.py:756} INFO - Processing file /home/airflow/.local/lib/python3.7/site-packages/airflow/example_dags/example_xcomargs.py for tasks to queue
[2025-01-29T23:55:45.484+0000] {logging_mixin.py:120} INFO - [2025-01-29T23:55:45.484+0000] {dagbag.py:537} INFO - Filling up the DagBag from /home/airflow/.local/lib/python3.7/site-packages/airflow/example_dags/example_xcomargs.py
[2025-01-29T23:55:45.506+0000] {processor.py:766} INFO - DAG(s) dict_keys(['example_xcom_args_with_operators', 'example_xcom_args']) retrieved from /home/airflow/.local/lib/python3.7/site-packages/airflow/example_dags/example_xcomargs.py
[2025-01-29T23:55:45.567+0000] {logging_mixin.py:120} INFO - [2025-01-29T23:55:45.567+0000] {dag.py:2585} INFO - Sync 2 DAGs
[2025-01-29T23:55:45.604+0000] {logging_mixin.py:120} INFO - [2025-01-29T23:55:45.603+0000] {dag.py:3340} INFO - Setting next_dagrun for example_xcom_args to None, run_after=None
[2025-01-29T23:55:45.608+0000] {logging_mixin.py:120} INFO - [2025-01-29T23:55:45.608+0000] {dag.py:3340} INFO - Setting next_dagrun for example_xcom_args_with_operators to None, run_after=None
[2025-01-29T23:55:45.630+0000] {processor.py:176} INFO - Processing /home/airflow/.local/lib/python3.7/site-packages/airflow/example_dags/example_xcomargs.py took 0.150 seconds
[2025-01-29T23:56:15.822+0000] {processor.py:154} INFO - Started process (PID=3004) to work on /home/airflow/.local/lib/python3.7/site-packages/airflow/example_dags/example_xcomargs.py
[2025-01-29T23:56:15.823+0000] {processor.py:756} INFO - Processing file /home/airflow/.local/lib/python3.7/site-packages/airflow/example_dags/example_xcomargs.py for tasks to queue
[2025-01-29T23:56:15.824+0000] {logging_mixin.py:120} INFO - [2025-01-29T23:56:15.824+0000] {dagbag.py:537} INFO - Filling up the DagBag from /home/airflow/.local/lib/python3.7/site-packages/airflow/example_dags/example_xcomargs.py
[2025-01-29T23:56:15.845+0000] {processor.py:766} INFO - DAG(s) dict_keys(['example_xcom_args', 'example_xcom_args_with_operators']) retrieved from /home/airflow/.local/lib/python3.7/site-packages/airflow/example_dags/example_xcomargs.py
[2025-01-29T23:56:15.902+0000] {logging_mixin.py:120} INFO - [2025-01-29T23:56:15.902+0000] {dag.py:2585} INFO - Sync 2 DAGs
[2025-01-29T23:56:15.933+0000] {logging_mixin.py:120} INFO - [2025-01-29T23:56:15.933+0000] {dag.py:3340} INFO - Setting next_dagrun for example_xcom_args to None, run_after=None
[2025-01-29T23:56:15.938+0000] {logging_mixin.py:120} INFO - [2025-01-29T23:56:15.937+0000] {dag.py:3340} INFO - Setting next_dagrun for example_xcom_args_with_operators to None, run_after=None
[2025-01-29T23:56:15.956+0000] {processor.py:176} INFO - Processing /home/airflow/.local/lib/python3.7/site-packages/airflow/example_dags/example_xcomargs.py took 0.136 seconds
[2025-01-29T23:56:46.171+0000] {processor.py:154} INFO - Started process (PID=3068) to work on /home/airflow/.local/lib/python3.7/site-packages/airflow/example_dags/example_xcomargs.py
[2025-01-29T23:56:46.172+0000] {processor.py:756} INFO - Processing file /home/airflow/.local/lib/python3.7/site-packages/airflow/example_dags/example_xcomargs.py for tasks to queue
[2025-01-29T23:56:46.173+0000] {logging_mixin.py:120} INFO - [2025-01-29T23:56:46.173+0000] {dagbag.py:537} INFO - Filling up the DagBag from /home/airflow/.local/lib/python3.7/site-packages/airflow/example_dags/example_xcomargs.py
[2025-01-29T23:56:46.194+0000] {processor.py:766} INFO - DAG(s) dict_keys(['example_xcom_args', 'example_xcom_args_with_operators']) retrieved from /home/airflow/.local/lib/python3.7/site-packages/airflow/example_dags/example_xcomargs.py
[2025-01-29T23:56:46.255+0000] {logging_mixin.py:120} INFO - [2025-01-29T23:56:46.255+0000] {dag.py:2585} INFO - Sync 2 DAGs
[2025-01-29T23:56:46.290+0000] {logging_mixin.py:120} INFO - [2025-01-29T23:56:46.289+0000] {dag.py:3340} INFO - Setting next_dagrun for example_xcom_args to None, run_after=None
[2025-01-29T23:56:46.295+0000] {logging_mixin.py:120} INFO - [2025-01-29T23:56:46.295+0000] {dag.py:3340} INFO - Setting next_dagrun for example_xcom_args_with_operators to None, run_after=None
[2025-01-29T23:56:46.315+0000] {processor.py:176} INFO - Processing /home/airflow/.local/lib/python3.7/site-packages/airflow/example_dags/example_xcomargs.py took 0.147 seconds
[2025-01-29T23:57:16.459+0000] {processor.py:154} INFO - Started process (PID=3132) to work on /home/airflow/.local/lib/python3.7/site-packages/airflow/example_dags/example_xcomargs.py
[2025-01-29T23:57:16.460+0000] {processor.py:756} INFO - Processing file /home/airflow/.local/lib/python3.7/site-packages/airflow/example_dags/example_xcomargs.py for tasks to queue
[2025-01-29T23:57:16.461+0000] {logging_mixin.py:120} INFO - [2025-01-29T23:57:16.461+0000] {dagbag.py:537} INFO - Filling up the DagBag from /home/airflow/.local/lib/python3.7/site-packages/airflow/example_dags/example_xcomargs.py
[2025-01-29T23:57:16.481+0000] {processor.py:766} INFO - DAG(s) dict_keys(['example_xcom_args', 'example_xcom_args_with_operators']) retrieved from /home/airflow/.local/lib/python3.7/site-packages/airflow/example_dags/example_xcomargs.py
[2025-01-29T23:57:16.536+0000] {logging_mixin.py:120} INFO - [2025-01-29T23:57:16.536+0000] {dag.py:2585} INFO - Sync 2 DAGs
[2025-01-29T23:57:16.570+0000] {logging_mixin.py:120} INFO - [2025-01-29T23:57:16.569+0000] {dag.py:3340} INFO - Setting next_dagrun for example_xcom_args to None, run_after=None
[2025-01-29T23:57:16.574+0000] {logging_mixin.py:120} INFO - [2025-01-29T23:57:16.574+0000] {dag.py:3340} INFO - Setting next_dagrun for example_xcom_args_with_operators to None, run_after=None
[2025-01-29T23:57:16.595+0000] {processor.py:176} INFO - Processing /home/airflow/.local/lib/python3.7/site-packages/airflow/example_dags/example_xcomargs.py took 0.138 seconds
[2025-01-29T23:57:47.051+0000] {processor.py:154} INFO - Started process (PID=3187) to work on /home/airflow/.local/lib/python3.7/site-packages/airflow/example_dags/example_xcomargs.py
[2025-01-29T23:57:47.052+0000] {processor.py:756} INFO - Processing file /home/airflow/.local/lib/python3.7/site-packages/airflow/example_dags/example_xcomargs.py for tasks to queue
[2025-01-29T23:57:47.053+0000] {logging_mixin.py:120} INFO - [2025-01-29T23:57:47.053+0000] {dagbag.py:537} INFO - Filling up the DagBag from /home/airflow/.local/lib/python3.7/site-packages/airflow/example_dags/example_xcomargs.py
[2025-01-29T23:57:47.079+0000] {processor.py:766} INFO - DAG(s) dict_keys(['example_xcom_args_with_operators', 'example_xcom_args']) retrieved from /home/airflow/.local/lib/python3.7/site-packages/airflow/example_dags/example_xcomargs.py
[2025-01-29T23:57:47.147+0000] {logging_mixin.py:120} INFO - [2025-01-29T23:57:47.147+0000] {dag.py:2585} INFO - Sync 2 DAGs
[2025-01-29T23:57:47.196+0000] {logging_mixin.py:120} INFO - [2025-01-29T23:57:47.195+0000] {dag.py:3340} INFO - Setting next_dagrun for example_xcom_args to None, run_after=None
[2025-01-29T23:57:47.204+0000] {logging_mixin.py:120} INFO - [2025-01-29T23:57:47.204+0000] {dag.py:3340} INFO - Setting next_dagrun for example_xcom_args_with_operators to None, run_after=None
[2025-01-29T23:57:47.238+0000] {processor.py:176} INFO - Processing /home/airflow/.local/lib/python3.7/site-packages/airflow/example_dags/example_xcomargs.py took 0.190 seconds
[2025-01-29T23:58:17.644+0000] {processor.py:154} INFO - Started process (PID=3251) to work on /home/airflow/.local/lib/python3.7/site-packages/airflow/example_dags/example_xcomargs.py
[2025-01-29T23:58:17.645+0000] {processor.py:756} INFO - Processing file /home/airflow/.local/lib/python3.7/site-packages/airflow/example_dags/example_xcomargs.py for tasks to queue
[2025-01-29T23:58:17.646+0000] {logging_mixin.py:120} INFO - [2025-01-29T23:58:17.646+0000] {dagbag.py:537} INFO - Filling up the DagBag from /home/airflow/.local/lib/python3.7/site-packages/airflow/example_dags/example_xcomargs.py
[2025-01-29T23:58:17.676+0000] {processor.py:766} INFO - DAG(s) dict_keys(['example_xcom_args', 'example_xcom_args_with_operators']) retrieved from /home/airflow/.local/lib/python3.7/site-packages/airflow/example_dags/example_xcomargs.py
[2025-01-29T23:58:17.742+0000] {logging_mixin.py:120} INFO - [2025-01-29T23:58:17.742+0000] {dag.py:2585} INFO - Sync 2 DAGs
[2025-01-29T23:58:17.780+0000] {logging_mixin.py:120} INFO - [2025-01-29T23:58:17.780+0000] {dag.py:3340} INFO - Setting next_dagrun for example_xcom_args to None, run_after=None
[2025-01-29T23:58:17.785+0000] {logging_mixin.py:120} INFO - [2025-01-29T23:58:17.785+0000] {dag.py:3340} INFO - Setting next_dagrun for example_xcom_args_with_operators to None, run_after=None
[2025-01-29T23:58:17.812+0000] {processor.py:176} INFO - Processing /home/airflow/.local/lib/python3.7/site-packages/airflow/example_dags/example_xcomargs.py took 0.170 seconds
[2025-01-29T23:58:48.019+0000] {processor.py:154} INFO - Started process (PID=3315) to work on /home/airflow/.local/lib/python3.7/site-packages/airflow/example_dags/example_xcomargs.py
[2025-01-29T23:58:48.021+0000] {processor.py:756} INFO - Processing file /home/airflow/.local/lib/python3.7/site-packages/airflow/example_dags/example_xcomargs.py for tasks to queue
[2025-01-29T23:58:48.022+0000] {logging_mixin.py:120} INFO - [2025-01-29T23:58:48.022+0000] {dagbag.py:537} INFO - Filling up the DagBag from /home/airflow/.local/lib/python3.7/site-packages/airflow/example_dags/example_xcomargs.py
[2025-01-29T23:58:48.056+0000] {processor.py:766} INFO - DAG(s) dict_keys(['example_xcom_args_with_operators', 'example_xcom_args']) retrieved from /home/airflow/.local/lib/python3.7/site-packages/airflow/example_dags/example_xcomargs.py
[2025-01-29T23:58:48.125+0000] {logging_mixin.py:120} INFO - [2025-01-29T23:58:48.125+0000] {dag.py:2585} INFO - Sync 2 DAGs
[2025-01-29T23:58:48.172+0000] {logging_mixin.py:120} INFO - [2025-01-29T23:58:48.171+0000] {dag.py:3340} INFO - Setting next_dagrun for example_xcom_args to None, run_after=None
[2025-01-29T23:58:48.178+0000] {logging_mixin.py:120} INFO - [2025-01-29T23:58:48.178+0000] {dag.py:3340} INFO - Setting next_dagrun for example_xcom_args_with_operators to None, run_after=None
[2025-01-29T23:58:48.208+0000] {processor.py:176} INFO - Processing /home/airflow/.local/lib/python3.7/site-packages/airflow/example_dags/example_xcomargs.py took 0.193 seconds
[2025-01-29T23:59:18.768+0000] {processor.py:154} INFO - Started process (PID=3377) to work on /home/airflow/.local/lib/python3.7/site-packages/airflow/example_dags/example_xcomargs.py
[2025-01-29T23:59:18.769+0000] {processor.py:756} INFO - Processing file /home/airflow/.local/lib/python3.7/site-packages/airflow/example_dags/example_xcomargs.py for tasks to queue
[2025-01-29T23:59:18.770+0000] {logging_mixin.py:120} INFO - [2025-01-29T23:59:18.770+0000] {dagbag.py:537} INFO - Filling up the DagBag from /home/airflow/.local/lib/python3.7/site-packages/airflow/example_dags/example_xcomargs.py
[2025-01-29T23:59:18.793+0000] {processor.py:766} INFO - DAG(s) dict_keys(['example_xcom_args', 'example_xcom_args_with_operators']) retrieved from /home/airflow/.local/lib/python3.7/site-packages/airflow/example_dags/example_xcomargs.py
[2025-01-29T23:59:18.853+0000] {logging_mixin.py:120} INFO - [2025-01-29T23:59:18.853+0000] {dag.py:2585} INFO - Sync 2 DAGs
[2025-01-29T23:59:18.888+0000] {logging_mixin.py:120} INFO - [2025-01-29T23:59:18.888+0000] {dag.py:3340} INFO - Setting next_dagrun for example_xcom_args to None, run_after=None
[2025-01-29T23:59:18.892+0000] {logging_mixin.py:120} INFO - [2025-01-29T23:59:18.892+0000] {dag.py:3340} INFO - Setting next_dagrun for example_xcom_args_with_operators to None, run_after=None
[2025-01-29T23:59:18.915+0000] {processor.py:176} INFO - Processing /home/airflow/.local/lib/python3.7/site-packages/airflow/example_dags/example_xcomargs.py took 0.151 seconds
[2025-01-29T23:59:49.052+0000] {processor.py:154} INFO - Started process (PID=3433) to work on /home/airflow/.local/lib/python3.7/site-packages/airflow/example_dags/example_xcomargs.py
[2025-01-29T23:59:49.053+0000] {processor.py:756} INFO - Processing file /home/airflow/.local/lib/python3.7/site-packages/airflow/example_dags/example_xcomargs.py for tasks to queue
[2025-01-29T23:59:49.054+0000] {logging_mixin.py:120} INFO - [2025-01-29T23:59:49.054+0000] {dagbag.py:537} INFO - Filling up the DagBag from /home/airflow/.local/lib/python3.7/site-packages/airflow/example_dags/example_xcomargs.py
[2025-01-29T23:59:49.080+0000] {processor.py:766} INFO - DAG(s) dict_keys(['example_xcom_args_with_operators', 'example_xcom_args']) retrieved from /home/airflow/.local/lib/python3.7/site-packages/airflow/example_dags/example_xcomargs.py
[2025-01-29T23:59:49.140+0000] {logging_mixin.py:120} INFO - [2025-01-29T23:59:49.139+0000] {dag.py:2585} INFO - Sync 2 DAGs
[2025-01-29T23:59:49.170+0000] {logging_mixin.py:120} INFO - [2025-01-29T23:59:49.170+0000] {dag.py:3340} INFO - Setting next_dagrun for example_xcom_args to None, run_after=None
[2025-01-29T23:59:49.175+0000] {logging_mixin.py:120} INFO - [2025-01-29T23:59:49.175+0000] {dag.py:3340} INFO - Setting next_dagrun for example_xcom_args_with_operators to None, run_after=None
[2025-01-29T23:59:49.199+0000] {processor.py:176} INFO - Processing /home/airflow/.local/lib/python3.7/site-packages/airflow/example_dags/example_xcomargs.py took 0.149 seconds
