[2025-01-29T23:31:48.097+0000] {processor.py:154} INFO - Started process (PID=62) to work on /home/airflow/.local/lib/python3.7/site-packages/airflow/example_dags/example_short_circuit_decorator.py
[2025-01-29T23:31:48.099+0000] {processor.py:756} INFO - Processing file /home/airflow/.local/lib/python3.7/site-packages/airflow/example_dags/example_short_circuit_decorator.py for tasks to queue
[2025-01-29T23:31:48.100+0000] {logging_mixin.py:120} INFO - [2025-01-29T23:31:48.100+0000] {dagbag.py:537} INFO - Filling up the DagBag from /home/airflow/.local/lib/python3.7/site-packages/airflow/example_dags/example_short_circuit_decorator.py
[2025-01-29T23:31:48.141+0000] {processor.py:766} INFO - DAG(s) dict_keys(['example_short_circuit_decorator']) retrieved from /home/airflow/.local/lib/python3.7/site-packages/airflow/example_dags/example_short_circuit_decorator.py
[2025-01-29T23:31:48.380+0000] {logging_mixin.py:120} INFO - [2025-01-29T23:31:48.380+0000] {manager.py:507} INFO - Created Permission View: can read on DAG:example_short_circuit_decorator
[2025-01-29T23:31:48.396+0000] {logging_mixin.py:120} INFO - [2025-01-29T23:31:48.396+0000] {manager.py:507} INFO - Created Permission View: can delete on DAG:example_short_circuit_decorator
[2025-01-29T23:31:48.405+0000] {logging_mixin.py:120} INFO - [2025-01-29T23:31:48.404+0000] {manager.py:507} INFO - Created Permission View: can edit on DAG:example_short_circuit_decorator
[2025-01-29T23:31:48.405+0000] {logging_mixin.py:120} INFO - [2025-01-29T23:31:48.405+0000] {dag.py:2585} INFO - Sync 1 DAGs
[2025-01-29T23:31:48.431+0000] {logging_mixin.py:120} INFO - [2025-01-29T23:31:48.431+0000] {dag.py:2606} INFO - Creating ORM DAG for example_short_circuit_decorator
[2025-01-29T23:31:48.448+0000] {logging_mixin.py:120} INFO - [2025-01-29T23:31:48.448+0000] {dag.py:3340} INFO - Setting next_dagrun for example_short_circuit_decorator to 2025-01-28T23:31:48.448203+00:00, run_after=2025-01-29T23:31:48.448203+00:00
[2025-01-29T23:31:48.483+0000] {processor.py:176} INFO - Processing /home/airflow/.local/lib/python3.7/site-packages/airflow/example_dags/example_short_circuit_decorator.py took 0.390 seconds
[2025-01-29T23:32:19.244+0000] {processor.py:154} INFO - Started process (PID=124) to work on /home/airflow/.local/lib/python3.7/site-packages/airflow/example_dags/example_short_circuit_decorator.py
[2025-01-29T23:32:19.245+0000] {processor.py:756} INFO - Processing file /home/airflow/.local/lib/python3.7/site-packages/airflow/example_dags/example_short_circuit_decorator.py for tasks to queue
[2025-01-29T23:32:19.246+0000] {logging_mixin.py:120} INFO - [2025-01-29T23:32:19.246+0000] {dagbag.py:537} INFO - Filling up the DagBag from /home/airflow/.local/lib/python3.7/site-packages/airflow/example_dags/example_short_circuit_decorator.py
[2025-01-29T23:32:19.269+0000] {processor.py:766} INFO - DAG(s) dict_keys(['example_short_circuit_decorator']) retrieved from /home/airflow/.local/lib/python3.7/site-packages/airflow/example_dags/example_short_circuit_decorator.py
[2025-01-29T23:32:19.332+0000] {logging_mixin.py:120} INFO - [2025-01-29T23:32:19.332+0000] {dag.py:2585} INFO - Sync 1 DAGs
[2025-01-29T23:32:19.367+0000] {logging_mixin.py:120} INFO - [2025-01-29T23:32:19.367+0000] {dag.py:3340} INFO - Setting next_dagrun for example_short_circuit_decorator to 2025-01-28T23:32:19.366834+00:00, run_after=2025-01-29T23:32:19.366834+00:00
[2025-01-29T23:32:19.393+0000] {processor.py:176} INFO - Processing /home/airflow/.local/lib/python3.7/site-packages/airflow/example_dags/example_short_circuit_decorator.py took 0.151 seconds
[2025-01-29T23:32:50.018+0000] {processor.py:154} INFO - Started process (PID=182) to work on /home/airflow/.local/lib/python3.7/site-packages/airflow/example_dags/example_short_circuit_decorator.py
[2025-01-29T23:32:50.019+0000] {processor.py:756} INFO - Processing file /home/airflow/.local/lib/python3.7/site-packages/airflow/example_dags/example_short_circuit_decorator.py for tasks to queue
[2025-01-29T23:32:50.020+0000] {logging_mixin.py:120} INFO - [2025-01-29T23:32:50.020+0000] {dagbag.py:537} INFO - Filling up the DagBag from /home/airflow/.local/lib/python3.7/site-packages/airflow/example_dags/example_short_circuit_decorator.py
[2025-01-29T23:32:50.042+0000] {processor.py:766} INFO - DAG(s) dict_keys(['example_short_circuit_decorator']) retrieved from /home/airflow/.local/lib/python3.7/site-packages/airflow/example_dags/example_short_circuit_decorator.py
[2025-01-29T23:32:50.097+0000] {logging_mixin.py:120} INFO - [2025-01-29T23:32:50.097+0000] {dag.py:2585} INFO - Sync 1 DAGs
[2025-01-29T23:32:50.129+0000] {logging_mixin.py:120} INFO - [2025-01-29T23:32:50.128+0000] {dag.py:3340} INFO - Setting next_dagrun for example_short_circuit_decorator to 2025-01-28T23:32:50.128602+00:00, run_after=2025-01-29T23:32:50.128602+00:00
[2025-01-29T23:32:50.152+0000] {processor.py:176} INFO - Processing /home/airflow/.local/lib/python3.7/site-packages/airflow/example_dags/example_short_circuit_decorator.py took 0.136 seconds
[2025-01-29T23:33:20.483+0000] {processor.py:154} INFO - Started process (PID=246) to work on /home/airflow/.local/lib/python3.7/site-packages/airflow/example_dags/example_short_circuit_decorator.py
[2025-01-29T23:33:20.484+0000] {processor.py:756} INFO - Processing file /home/airflow/.local/lib/python3.7/site-packages/airflow/example_dags/example_short_circuit_decorator.py for tasks to queue
[2025-01-29T23:33:20.484+0000] {logging_mixin.py:120} INFO - [2025-01-29T23:33:20.484+0000] {dagbag.py:537} INFO - Filling up the DagBag from /home/airflow/.local/lib/python3.7/site-packages/airflow/example_dags/example_short_circuit_decorator.py
[2025-01-29T23:33:20.506+0000] {processor.py:766} INFO - DAG(s) dict_keys(['example_short_circuit_decorator']) retrieved from /home/airflow/.local/lib/python3.7/site-packages/airflow/example_dags/example_short_circuit_decorator.py
[2025-01-29T23:33:20.562+0000] {logging_mixin.py:120} INFO - [2025-01-29T23:33:20.562+0000] {dag.py:2585} INFO - Sync 1 DAGs
[2025-01-29T23:33:20.594+0000] {logging_mixin.py:120} INFO - [2025-01-29T23:33:20.594+0000] {dag.py:3340} INFO - Setting next_dagrun for example_short_circuit_decorator to 2025-01-28T23:33:20.593804+00:00, run_after=2025-01-29T23:33:20.593804+00:00
[2025-01-29T23:33:20.619+0000] {processor.py:176} INFO - Processing /home/airflow/.local/lib/python3.7/site-packages/airflow/example_dags/example_short_circuit_decorator.py took 0.139 seconds
[2025-01-29T23:33:50.838+0000] {processor.py:154} INFO - Started process (PID=310) to work on /home/airflow/.local/lib/python3.7/site-packages/airflow/example_dags/example_short_circuit_decorator.py
[2025-01-29T23:33:50.839+0000] {processor.py:756} INFO - Processing file /home/airflow/.local/lib/python3.7/site-packages/airflow/example_dags/example_short_circuit_decorator.py for tasks to queue
[2025-01-29T23:33:50.840+0000] {logging_mixin.py:120} INFO - [2025-01-29T23:33:50.840+0000] {dagbag.py:537} INFO - Filling up the DagBag from /home/airflow/.local/lib/python3.7/site-packages/airflow/example_dags/example_short_circuit_decorator.py
[2025-01-29T23:33:50.864+0000] {processor.py:766} INFO - DAG(s) dict_keys(['example_short_circuit_decorator']) retrieved from /home/airflow/.local/lib/python3.7/site-packages/airflow/example_dags/example_short_circuit_decorator.py
[2025-01-29T23:33:50.931+0000] {logging_mixin.py:120} INFO - [2025-01-29T23:33:50.931+0000] {dag.py:2585} INFO - Sync 1 DAGs
[2025-01-29T23:33:50.963+0000] {logging_mixin.py:120} INFO - [2025-01-29T23:33:50.963+0000] {dag.py:3340} INFO - Setting next_dagrun for example_short_circuit_decorator to 2025-01-28T23:33:50.963362+00:00, run_after=2025-01-29T23:33:50.963362+00:00
[2025-01-29T23:33:50.988+0000] {processor.py:176} INFO - Processing /home/airflow/.local/lib/python3.7/site-packages/airflow/example_dags/example_short_circuit_decorator.py took 0.153 seconds
[2025-01-29T23:34:21.268+0000] {processor.py:154} INFO - Started process (PID=365) to work on /home/airflow/.local/lib/python3.7/site-packages/airflow/example_dags/example_short_circuit_decorator.py
[2025-01-29T23:34:21.269+0000] {processor.py:756} INFO - Processing file /home/airflow/.local/lib/python3.7/site-packages/airflow/example_dags/example_short_circuit_decorator.py for tasks to queue
[2025-01-29T23:34:21.270+0000] {logging_mixin.py:120} INFO - [2025-01-29T23:34:21.269+0000] {dagbag.py:537} INFO - Filling up the DagBag from /home/airflow/.local/lib/python3.7/site-packages/airflow/example_dags/example_short_circuit_decorator.py
[2025-01-29T23:34:21.292+0000] {processor.py:766} INFO - DAG(s) dict_keys(['example_short_circuit_decorator']) retrieved from /home/airflow/.local/lib/python3.7/site-packages/airflow/example_dags/example_short_circuit_decorator.py
[2025-01-29T23:34:21.347+0000] {logging_mixin.py:120} INFO - [2025-01-29T23:34:21.347+0000] {dag.py:2585} INFO - Sync 1 DAGs
[2025-01-29T23:34:21.381+0000] {logging_mixin.py:120} INFO - [2025-01-29T23:34:21.381+0000] {dag.py:3340} INFO - Setting next_dagrun for example_short_circuit_decorator to 2025-01-28T23:34:21.381038+00:00, run_after=2025-01-29T23:34:21.381038+00:00
[2025-01-29T23:34:21.405+0000] {processor.py:176} INFO - Processing /home/airflow/.local/lib/python3.7/site-packages/airflow/example_dags/example_short_circuit_decorator.py took 0.140 seconds
[2025-01-29T23:34:51.695+0000] {processor.py:154} INFO - Started process (PID=428) to work on /home/airflow/.local/lib/python3.7/site-packages/airflow/example_dags/example_short_circuit_decorator.py
[2025-01-29T23:34:51.696+0000] {processor.py:756} INFO - Processing file /home/airflow/.local/lib/python3.7/site-packages/airflow/example_dags/example_short_circuit_decorator.py for tasks to queue
[2025-01-29T23:34:51.697+0000] {logging_mixin.py:120} INFO - [2025-01-29T23:34:51.697+0000] {dagbag.py:537} INFO - Filling up the DagBag from /home/airflow/.local/lib/python3.7/site-packages/airflow/example_dags/example_short_circuit_decorator.py
[2025-01-29T23:34:51.720+0000] {processor.py:766} INFO - DAG(s) dict_keys(['example_short_circuit_decorator']) retrieved from /home/airflow/.local/lib/python3.7/site-packages/airflow/example_dags/example_short_circuit_decorator.py
[2025-01-29T23:34:51.771+0000] {logging_mixin.py:120} INFO - [2025-01-29T23:34:51.771+0000] {dag.py:2585} INFO - Sync 1 DAGs
[2025-01-29T23:34:51.803+0000] {logging_mixin.py:120} INFO - [2025-01-29T23:34:51.802+0000] {dag.py:3340} INFO - Setting next_dagrun for example_short_circuit_decorator to 2025-01-28T23:34:51.802646+00:00, run_after=2025-01-29T23:34:51.802646+00:00
[2025-01-29T23:34:51.825+0000] {processor.py:176} INFO - Processing /home/airflow/.local/lib/python3.7/site-packages/airflow/example_dags/example_short_circuit_decorator.py took 0.133 seconds
[2025-01-29T23:35:22.012+0000] {processor.py:154} INFO - Started process (PID=491) to work on /home/airflow/.local/lib/python3.7/site-packages/airflow/example_dags/example_short_circuit_decorator.py
[2025-01-29T23:35:22.012+0000] {processor.py:756} INFO - Processing file /home/airflow/.local/lib/python3.7/site-packages/airflow/example_dags/example_short_circuit_decorator.py for tasks to queue
[2025-01-29T23:35:22.013+0000] {logging_mixin.py:120} INFO - [2025-01-29T23:35:22.013+0000] {dagbag.py:537} INFO - Filling up the DagBag from /home/airflow/.local/lib/python3.7/site-packages/airflow/example_dags/example_short_circuit_decorator.py
[2025-01-29T23:35:22.034+0000] {processor.py:766} INFO - DAG(s) dict_keys(['example_short_circuit_decorator']) retrieved from /home/airflow/.local/lib/python3.7/site-packages/airflow/example_dags/example_short_circuit_decorator.py
[2025-01-29T23:35:22.089+0000] {logging_mixin.py:120} INFO - [2025-01-29T23:35:22.089+0000] {dag.py:2585} INFO - Sync 1 DAGs
[2025-01-29T23:35:22.121+0000] {logging_mixin.py:120} INFO - [2025-01-29T23:35:22.121+0000] {dag.py:3340} INFO - Setting next_dagrun for example_short_circuit_decorator to 2025-01-28T23:35:22.120988+00:00, run_after=2025-01-29T23:35:22.120988+00:00
[2025-01-29T23:35:22.145+0000] {processor.py:176} INFO - Processing /home/airflow/.local/lib/python3.7/site-packages/airflow/example_dags/example_short_circuit_decorator.py took 0.136 seconds
[2025-01-29T23:35:52.354+0000] {processor.py:154} INFO - Started process (PID=546) to work on /home/airflow/.local/lib/python3.7/site-packages/airflow/example_dags/example_short_circuit_decorator.py
[2025-01-29T23:35:52.355+0000] {processor.py:756} INFO - Processing file /home/airflow/.local/lib/python3.7/site-packages/airflow/example_dags/example_short_circuit_decorator.py for tasks to queue
[2025-01-29T23:35:52.356+0000] {logging_mixin.py:120} INFO - [2025-01-29T23:35:52.355+0000] {dagbag.py:537} INFO - Filling up the DagBag from /home/airflow/.local/lib/python3.7/site-packages/airflow/example_dags/example_short_circuit_decorator.py
[2025-01-29T23:35:52.380+0000] {processor.py:766} INFO - DAG(s) dict_keys(['example_short_circuit_decorator']) retrieved from /home/airflow/.local/lib/python3.7/site-packages/airflow/example_dags/example_short_circuit_decorator.py
[2025-01-29T23:35:52.423+0000] {logging_mixin.py:120} INFO - [2025-01-29T23:35:52.423+0000] {dag.py:2585} INFO - Sync 1 DAGs
[2025-01-29T23:35:52.457+0000] {logging_mixin.py:120} INFO - [2025-01-29T23:35:52.457+0000] {dag.py:3340} INFO - Setting next_dagrun for example_short_circuit_decorator to 2025-01-28T23:35:52.457152+00:00, run_after=2025-01-29T23:35:52.457152+00:00
[2025-01-29T23:35:52.484+0000] {processor.py:176} INFO - Processing /home/airflow/.local/lib/python3.7/site-packages/airflow/example_dags/example_short_circuit_decorator.py took 0.133 seconds
[2025-01-29T23:36:22.614+0000] {processor.py:154} INFO - Started process (PID=610) to work on /home/airflow/.local/lib/python3.7/site-packages/airflow/example_dags/example_short_circuit_decorator.py
[2025-01-29T23:36:22.615+0000] {processor.py:756} INFO - Processing file /home/airflow/.local/lib/python3.7/site-packages/airflow/example_dags/example_short_circuit_decorator.py for tasks to queue
[2025-01-29T23:36:22.616+0000] {logging_mixin.py:120} INFO - [2025-01-29T23:36:22.616+0000] {dagbag.py:537} INFO - Filling up the DagBag from /home/airflow/.local/lib/python3.7/site-packages/airflow/example_dags/example_short_circuit_decorator.py
[2025-01-29T23:36:22.640+0000] {processor.py:766} INFO - DAG(s) dict_keys(['example_short_circuit_decorator']) retrieved from /home/airflow/.local/lib/python3.7/site-packages/airflow/example_dags/example_short_circuit_decorator.py
[2025-01-29T23:36:22.701+0000] {logging_mixin.py:120} INFO - [2025-01-29T23:36:22.701+0000] {dag.py:2585} INFO - Sync 1 DAGs
[2025-01-29T23:36:22.739+0000] {logging_mixin.py:120} INFO - [2025-01-29T23:36:22.739+0000] {dag.py:3340} INFO - Setting next_dagrun for example_short_circuit_decorator to 2025-01-28T23:36:22.739020+00:00, run_after=2025-01-29T23:36:22.739020+00:00
[2025-01-29T23:36:22.762+0000] {processor.py:176} INFO - Processing /home/airflow/.local/lib/python3.7/site-packages/airflow/example_dags/example_short_circuit_decorator.py took 0.152 seconds
[2025-01-29T23:36:52.816+0000] {processor.py:154} INFO - Started process (PID=674) to work on /home/airflow/.local/lib/python3.7/site-packages/airflow/example_dags/example_short_circuit_decorator.py
[2025-01-29T23:36:52.817+0000] {processor.py:756} INFO - Processing file /home/airflow/.local/lib/python3.7/site-packages/airflow/example_dags/example_short_circuit_decorator.py for tasks to queue
[2025-01-29T23:36:52.818+0000] {logging_mixin.py:120} INFO - [2025-01-29T23:36:52.818+0000] {dagbag.py:537} INFO - Filling up the DagBag from /home/airflow/.local/lib/python3.7/site-packages/airflow/example_dags/example_short_circuit_decorator.py
[2025-01-29T23:36:52.841+0000] {processor.py:766} INFO - DAG(s) dict_keys(['example_short_circuit_decorator']) retrieved from /home/airflow/.local/lib/python3.7/site-packages/airflow/example_dags/example_short_circuit_decorator.py
[2025-01-29T23:36:52.897+0000] {logging_mixin.py:120} INFO - [2025-01-29T23:36:52.897+0000] {dag.py:2585} INFO - Sync 1 DAGs
[2025-01-29T23:36:52.931+0000] {logging_mixin.py:120} INFO - [2025-01-29T23:36:52.931+0000] {dag.py:3340} INFO - Setting next_dagrun for example_short_circuit_decorator to 2025-01-28T23:36:52.931279+00:00, run_after=2025-01-29T23:36:52.931279+00:00
[2025-01-29T23:36:52.955+0000] {processor.py:176} INFO - Processing /home/airflow/.local/lib/python3.7/site-packages/airflow/example_dags/example_short_circuit_decorator.py took 0.142 seconds
[2025-01-29T23:37:23.760+0000] {processor.py:154} INFO - Started process (PID=730) to work on /home/airflow/.local/lib/python3.7/site-packages/airflow/example_dags/example_short_circuit_decorator.py
[2025-01-29T23:37:23.761+0000] {processor.py:756} INFO - Processing file /home/airflow/.local/lib/python3.7/site-packages/airflow/example_dags/example_short_circuit_decorator.py for tasks to queue
[2025-01-29T23:37:23.762+0000] {logging_mixin.py:120} INFO - [2025-01-29T23:37:23.762+0000] {dagbag.py:537} INFO - Filling up the DagBag from /home/airflow/.local/lib/python3.7/site-packages/airflow/example_dags/example_short_circuit_decorator.py
[2025-01-29T23:37:23.784+0000] {processor.py:766} INFO - DAG(s) dict_keys(['example_short_circuit_decorator']) retrieved from /home/airflow/.local/lib/python3.7/site-packages/airflow/example_dags/example_short_circuit_decorator.py
[2025-01-29T23:37:23.838+0000] {logging_mixin.py:120} INFO - [2025-01-29T23:37:23.838+0000] {dag.py:2585} INFO - Sync 1 DAGs
[2025-01-29T23:37:23.869+0000] {logging_mixin.py:120} INFO - [2025-01-29T23:37:23.869+0000] {dag.py:3340} INFO - Setting next_dagrun for example_short_circuit_decorator to 2025-01-28T23:37:23.868780+00:00, run_after=2025-01-29T23:37:23.868780+00:00
[2025-01-29T23:37:23.894+0000] {processor.py:176} INFO - Processing /home/airflow/.local/lib/python3.7/site-packages/airflow/example_dags/example_short_circuit_decorator.py took 0.136 seconds
[2025-01-29T23:37:53.968+0000] {processor.py:154} INFO - Started process (PID=793) to work on /home/airflow/.local/lib/python3.7/site-packages/airflow/example_dags/example_short_circuit_decorator.py
[2025-01-29T23:37:53.969+0000] {processor.py:756} INFO - Processing file /home/airflow/.local/lib/python3.7/site-packages/airflow/example_dags/example_short_circuit_decorator.py for tasks to queue
[2025-01-29T23:37:53.970+0000] {logging_mixin.py:120} INFO - [2025-01-29T23:37:53.970+0000] {dagbag.py:537} INFO - Filling up the DagBag from /home/airflow/.local/lib/python3.7/site-packages/airflow/example_dags/example_short_circuit_decorator.py
[2025-01-29T23:37:53.998+0000] {processor.py:766} INFO - DAG(s) dict_keys(['example_short_circuit_decorator']) retrieved from /home/airflow/.local/lib/python3.7/site-packages/airflow/example_dags/example_short_circuit_decorator.py
[2025-01-29T23:37:54.055+0000] {logging_mixin.py:120} INFO - [2025-01-29T23:37:54.054+0000] {dag.py:2585} INFO - Sync 1 DAGs
[2025-01-29T23:37:54.086+0000] {logging_mixin.py:120} INFO - [2025-01-29T23:37:54.086+0000] {dag.py:3340} INFO - Setting next_dagrun for example_short_circuit_decorator to 2025-01-28T23:37:54.086426+00:00, run_after=2025-01-29T23:37:54.086426+00:00
[2025-01-29T23:37:54.112+0000] {processor.py:176} INFO - Processing /home/airflow/.local/lib/python3.7/site-packages/airflow/example_dags/example_short_circuit_decorator.py took 0.148 seconds
[2025-01-29T23:38:24.737+0000] {processor.py:154} INFO - Started process (PID=858) to work on /home/airflow/.local/lib/python3.7/site-packages/airflow/example_dags/example_short_circuit_decorator.py
[2025-01-29T23:38:24.738+0000] {processor.py:756} INFO - Processing file /home/airflow/.local/lib/python3.7/site-packages/airflow/example_dags/example_short_circuit_decorator.py for tasks to queue
[2025-01-29T23:38:24.739+0000] {logging_mixin.py:120} INFO - [2025-01-29T23:38:24.739+0000] {dagbag.py:537} INFO - Filling up the DagBag from /home/airflow/.local/lib/python3.7/site-packages/airflow/example_dags/example_short_circuit_decorator.py
[2025-01-29T23:38:24.762+0000] {processor.py:766} INFO - DAG(s) dict_keys(['example_short_circuit_decorator']) retrieved from /home/airflow/.local/lib/python3.7/site-packages/airflow/example_dags/example_short_circuit_decorator.py
[2025-01-29T23:38:24.816+0000] {logging_mixin.py:120} INFO - [2025-01-29T23:38:24.816+0000] {dag.py:2585} INFO - Sync 1 DAGs
[2025-01-29T23:38:24.848+0000] {logging_mixin.py:120} INFO - [2025-01-29T23:38:24.848+0000] {dag.py:3340} INFO - Setting next_dagrun for example_short_circuit_decorator to 2025-01-28T23:38:24.848496+00:00, run_after=2025-01-29T23:38:24.848496+00:00
[2025-01-29T23:38:24.874+0000] {processor.py:176} INFO - Processing /home/airflow/.local/lib/python3.7/site-packages/airflow/example_dags/example_short_circuit_decorator.py took 0.140 seconds
[2025-01-29T23:38:54.959+0000] {processor.py:154} INFO - Started process (PID=912) to work on /home/airflow/.local/lib/python3.7/site-packages/airflow/example_dags/example_short_circuit_decorator.py
[2025-01-29T23:38:54.960+0000] {processor.py:756} INFO - Processing file /home/airflow/.local/lib/python3.7/site-packages/airflow/example_dags/example_short_circuit_decorator.py for tasks to queue
[2025-01-29T23:38:54.960+0000] {logging_mixin.py:120} INFO - [2025-01-29T23:38:54.960+0000] {dagbag.py:537} INFO - Filling up the DagBag from /home/airflow/.local/lib/python3.7/site-packages/airflow/example_dags/example_short_circuit_decorator.py
[2025-01-29T23:38:54.983+0000] {processor.py:766} INFO - DAG(s) dict_keys(['example_short_circuit_decorator']) retrieved from /home/airflow/.local/lib/python3.7/site-packages/airflow/example_dags/example_short_circuit_decorator.py
[2025-01-29T23:38:55.044+0000] {logging_mixin.py:120} INFO - [2025-01-29T23:38:55.044+0000] {dag.py:2585} INFO - Sync 1 DAGs
[2025-01-29T23:38:55.085+0000] {logging_mixin.py:120} INFO - [2025-01-29T23:38:55.084+0000] {dag.py:3340} INFO - Setting next_dagrun for example_short_circuit_decorator to 2025-01-28T23:38:55.084447+00:00, run_after=2025-01-29T23:38:55.084447+00:00
[2025-01-29T23:38:55.121+0000] {processor.py:176} INFO - Processing /home/airflow/.local/lib/python3.7/site-packages/airflow/example_dags/example_short_circuit_decorator.py took 0.165 seconds
[2025-01-29T23:39:25.747+0000] {processor.py:154} INFO - Started process (PID=976) to work on /home/airflow/.local/lib/python3.7/site-packages/airflow/example_dags/example_short_circuit_decorator.py
[2025-01-29T23:39:25.748+0000] {processor.py:756} INFO - Processing file /home/airflow/.local/lib/python3.7/site-packages/airflow/example_dags/example_short_circuit_decorator.py for tasks to queue
[2025-01-29T23:39:25.748+0000] {logging_mixin.py:120} INFO - [2025-01-29T23:39:25.748+0000] {dagbag.py:537} INFO - Filling up the DagBag from /home/airflow/.local/lib/python3.7/site-packages/airflow/example_dags/example_short_circuit_decorator.py
[2025-01-29T23:39:25.770+0000] {processor.py:766} INFO - DAG(s) dict_keys(['example_short_circuit_decorator']) retrieved from /home/airflow/.local/lib/python3.7/site-packages/airflow/example_dags/example_short_circuit_decorator.py
[2025-01-29T23:39:25.824+0000] {logging_mixin.py:120} INFO - [2025-01-29T23:39:25.824+0000] {dag.py:2585} INFO - Sync 1 DAGs
[2025-01-29T23:39:25.853+0000] {logging_mixin.py:120} INFO - [2025-01-29T23:39:25.853+0000] {dag.py:3340} INFO - Setting next_dagrun for example_short_circuit_decorator to 2025-01-28T23:39:25.853237+00:00, run_after=2025-01-29T23:39:25.853237+00:00
[2025-01-29T23:39:25.874+0000] {processor.py:176} INFO - Processing /home/airflow/.local/lib/python3.7/site-packages/airflow/example_dags/example_short_circuit_decorator.py took 0.130 seconds
[2025-01-29T23:39:56.443+0000] {processor.py:154} INFO - Started process (PID=1040) to work on /home/airflow/.local/lib/python3.7/site-packages/airflow/example_dags/example_short_circuit_decorator.py
[2025-01-29T23:39:56.444+0000] {processor.py:756} INFO - Processing file /home/airflow/.local/lib/python3.7/site-packages/airflow/example_dags/example_short_circuit_decorator.py for tasks to queue
[2025-01-29T23:39:56.444+0000] {logging_mixin.py:120} INFO - [2025-01-29T23:39:56.444+0000] {dagbag.py:537} INFO - Filling up the DagBag from /home/airflow/.local/lib/python3.7/site-packages/airflow/example_dags/example_short_circuit_decorator.py
[2025-01-29T23:39:56.466+0000] {processor.py:766} INFO - DAG(s) dict_keys(['example_short_circuit_decorator']) retrieved from /home/airflow/.local/lib/python3.7/site-packages/airflow/example_dags/example_short_circuit_decorator.py
[2025-01-29T23:39:56.523+0000] {logging_mixin.py:120} INFO - [2025-01-29T23:39:56.523+0000] {dag.py:2585} INFO - Sync 1 DAGs
[2025-01-29T23:39:56.555+0000] {logging_mixin.py:120} INFO - [2025-01-29T23:39:56.555+0000] {dag.py:3340} INFO - Setting next_dagrun for example_short_circuit_decorator to 2025-01-28T23:39:56.555376+00:00, run_after=2025-01-29T23:39:56.555376+00:00
[2025-01-29T23:39:56.580+0000] {processor.py:176} INFO - Processing /home/airflow/.local/lib/python3.7/site-packages/airflow/example_dags/example_short_circuit_decorator.py took 0.140 seconds
[2025-01-29T23:40:26.930+0000] {processor.py:154} INFO - Started process (PID=1104) to work on /home/airflow/.local/lib/python3.7/site-packages/airflow/example_dags/example_short_circuit_decorator.py
[2025-01-29T23:40:26.931+0000] {processor.py:756} INFO - Processing file /home/airflow/.local/lib/python3.7/site-packages/airflow/example_dags/example_short_circuit_decorator.py for tasks to queue
[2025-01-29T23:40:26.932+0000] {logging_mixin.py:120} INFO - [2025-01-29T23:40:26.932+0000] {dagbag.py:537} INFO - Filling up the DagBag from /home/airflow/.local/lib/python3.7/site-packages/airflow/example_dags/example_short_circuit_decorator.py
[2025-01-29T23:40:26.957+0000] {processor.py:766} INFO - DAG(s) dict_keys(['example_short_circuit_decorator']) retrieved from /home/airflow/.local/lib/python3.7/site-packages/airflow/example_dags/example_short_circuit_decorator.py
[2025-01-29T23:40:27.020+0000] {logging_mixin.py:120} INFO - [2025-01-29T23:40:27.020+0000] {dag.py:2585} INFO - Sync 1 DAGs
[2025-01-29T23:40:27.051+0000] {logging_mixin.py:120} INFO - [2025-01-29T23:40:27.051+0000] {dag.py:3340} INFO - Setting next_dagrun for example_short_circuit_decorator to 2025-01-28T23:40:27.050837+00:00, run_after=2025-01-29T23:40:27.050837+00:00
[2025-01-29T23:40:27.075+0000] {processor.py:176} INFO - Processing /home/airflow/.local/lib/python3.7/site-packages/airflow/example_dags/example_short_circuit_decorator.py took 0.147 seconds
[2025-01-29T23:40:57.318+0000] {processor.py:154} INFO - Started process (PID=1159) to work on /home/airflow/.local/lib/python3.7/site-packages/airflow/example_dags/example_short_circuit_decorator.py
[2025-01-29T23:40:57.318+0000] {processor.py:756} INFO - Processing file /home/airflow/.local/lib/python3.7/site-packages/airflow/example_dags/example_short_circuit_decorator.py for tasks to queue
[2025-01-29T23:40:57.319+0000] {logging_mixin.py:120} INFO - [2025-01-29T23:40:57.319+0000] {dagbag.py:537} INFO - Filling up the DagBag from /home/airflow/.local/lib/python3.7/site-packages/airflow/example_dags/example_short_circuit_decorator.py
[2025-01-29T23:40:57.341+0000] {processor.py:766} INFO - DAG(s) dict_keys(['example_short_circuit_decorator']) retrieved from /home/airflow/.local/lib/python3.7/site-packages/airflow/example_dags/example_short_circuit_decorator.py
[2025-01-29T23:40:57.390+0000] {logging_mixin.py:120} INFO - [2025-01-29T23:40:57.390+0000] {dag.py:2585} INFO - Sync 1 DAGs
[2025-01-29T23:40:57.420+0000] {logging_mixin.py:120} INFO - [2025-01-29T23:40:57.420+0000] {dag.py:3340} INFO - Setting next_dagrun for example_short_circuit_decorator to 2025-01-28T23:40:57.420433+00:00, run_after=2025-01-29T23:40:57.420433+00:00
[2025-01-29T23:40:57.442+0000] {processor.py:176} INFO - Processing /home/airflow/.local/lib/python3.7/site-packages/airflow/example_dags/example_short_circuit_decorator.py took 0.127 seconds
[2025-01-29T23:41:28.101+0000] {processor.py:154} INFO - Started process (PID=1224) to work on /home/airflow/.local/lib/python3.7/site-packages/airflow/example_dags/example_short_circuit_decorator.py
[2025-01-29T23:41:28.102+0000] {processor.py:756} INFO - Processing file /home/airflow/.local/lib/python3.7/site-packages/airflow/example_dags/example_short_circuit_decorator.py for tasks to queue
[2025-01-29T23:41:28.103+0000] {logging_mixin.py:120} INFO - [2025-01-29T23:41:28.103+0000] {dagbag.py:537} INFO - Filling up the DagBag from /home/airflow/.local/lib/python3.7/site-packages/airflow/example_dags/example_short_circuit_decorator.py
[2025-01-29T23:41:28.125+0000] {processor.py:766} INFO - DAG(s) dict_keys(['example_short_circuit_decorator']) retrieved from /home/airflow/.local/lib/python3.7/site-packages/airflow/example_dags/example_short_circuit_decorator.py
[2025-01-29T23:41:28.179+0000] {logging_mixin.py:120} INFO - [2025-01-29T23:41:28.179+0000] {dag.py:2585} INFO - Sync 1 DAGs
[2025-01-29T23:41:28.211+0000] {logging_mixin.py:120} INFO - [2025-01-29T23:41:28.211+0000] {dag.py:3340} INFO - Setting next_dagrun for example_short_circuit_decorator to 2025-01-28T23:41:28.211046+00:00, run_after=2025-01-29T23:41:28.211046+00:00
[2025-01-29T23:41:28.235+0000] {processor.py:176} INFO - Processing /home/airflow/.local/lib/python3.7/site-packages/airflow/example_dags/example_short_circuit_decorator.py took 0.136 seconds
[2025-01-29T23:41:58.980+0000] {processor.py:154} INFO - Started process (PID=1289) to work on /home/airflow/.local/lib/python3.7/site-packages/airflow/example_dags/example_short_circuit_decorator.py
[2025-01-29T23:41:58.981+0000] {processor.py:756} INFO - Processing file /home/airflow/.local/lib/python3.7/site-packages/airflow/example_dags/example_short_circuit_decorator.py for tasks to queue
[2025-01-29T23:41:58.982+0000] {logging_mixin.py:120} INFO - [2025-01-29T23:41:58.982+0000] {dagbag.py:537} INFO - Filling up the DagBag from /home/airflow/.local/lib/python3.7/site-packages/airflow/example_dags/example_short_circuit_decorator.py
[2025-01-29T23:41:59.004+0000] {processor.py:766} INFO - DAG(s) dict_keys(['example_short_circuit_decorator']) retrieved from /home/airflow/.local/lib/python3.7/site-packages/airflow/example_dags/example_short_circuit_decorator.py
[2025-01-29T23:41:59.070+0000] {logging_mixin.py:120} INFO - [2025-01-29T23:41:59.069+0000] {dag.py:2585} INFO - Sync 1 DAGs
[2025-01-29T23:41:59.118+0000] {logging_mixin.py:120} INFO - [2025-01-29T23:41:59.117+0000] {dag.py:3340} INFO - Setting next_dagrun for example_short_circuit_decorator to 2025-01-28T23:41:59.117568+00:00, run_after=2025-01-29T23:41:59.117568+00:00
[2025-01-29T23:41:59.154+0000] {processor.py:176} INFO - Processing /home/airflow/.local/lib/python3.7/site-packages/airflow/example_dags/example_short_circuit_decorator.py took 0.177 seconds
[2025-01-29T23:42:29.663+0000] {processor.py:154} INFO - Started process (PID=1344) to work on /home/airflow/.local/lib/python3.7/site-packages/airflow/example_dags/example_short_circuit_decorator.py
[2025-01-29T23:42:29.664+0000] {processor.py:756} INFO - Processing file /home/airflow/.local/lib/python3.7/site-packages/airflow/example_dags/example_short_circuit_decorator.py for tasks to queue
[2025-01-29T23:42:29.665+0000] {logging_mixin.py:120} INFO - [2025-01-29T23:42:29.664+0000] {dagbag.py:537} INFO - Filling up the DagBag from /home/airflow/.local/lib/python3.7/site-packages/airflow/example_dags/example_short_circuit_decorator.py
[2025-01-29T23:42:29.689+0000] {processor.py:766} INFO - DAG(s) dict_keys(['example_short_circuit_decorator']) retrieved from /home/airflow/.local/lib/python3.7/site-packages/airflow/example_dags/example_short_circuit_decorator.py
[2025-01-29T23:42:29.749+0000] {logging_mixin.py:120} INFO - [2025-01-29T23:42:29.748+0000] {dag.py:2585} INFO - Sync 1 DAGs
[2025-01-29T23:42:29.783+0000] {logging_mixin.py:120} INFO - [2025-01-29T23:42:29.783+0000] {dag.py:3340} INFO - Setting next_dagrun for example_short_circuit_decorator to 2025-01-28T23:42:29.783012+00:00, run_after=2025-01-29T23:42:29.783012+00:00
[2025-01-29T23:42:29.810+0000] {processor.py:176} INFO - Processing /home/airflow/.local/lib/python3.7/site-packages/airflow/example_dags/example_short_circuit_decorator.py took 0.150 seconds
[2025-01-29T23:43:00.409+0000] {processor.py:154} INFO - Started process (PID=1409) to work on /home/airflow/.local/lib/python3.7/site-packages/airflow/example_dags/example_short_circuit_decorator.py
[2025-01-29T23:43:00.410+0000] {processor.py:756} INFO - Processing file /home/airflow/.local/lib/python3.7/site-packages/airflow/example_dags/example_short_circuit_decorator.py for tasks to queue
[2025-01-29T23:43:00.411+0000] {logging_mixin.py:120} INFO - [2025-01-29T23:43:00.411+0000] {dagbag.py:537} INFO - Filling up the DagBag from /home/airflow/.local/lib/python3.7/site-packages/airflow/example_dags/example_short_circuit_decorator.py
[2025-01-29T23:43:00.433+0000] {processor.py:766} INFO - DAG(s) dict_keys(['example_short_circuit_decorator']) retrieved from /home/airflow/.local/lib/python3.7/site-packages/airflow/example_dags/example_short_circuit_decorator.py
[2025-01-29T23:43:00.484+0000] {logging_mixin.py:120} INFO - [2025-01-29T23:43:00.483+0000] {dag.py:2585} INFO - Sync 1 DAGs
[2025-01-29T23:43:00.514+0000] {logging_mixin.py:120} INFO - [2025-01-29T23:43:00.514+0000] {dag.py:3340} INFO - Setting next_dagrun for example_short_circuit_decorator to 2025-01-28T23:43:00.514139+00:00, run_after=2025-01-29T23:43:00.514139+00:00
[2025-01-29T23:43:00.537+0000] {processor.py:176} INFO - Processing /home/airflow/.local/lib/python3.7/site-packages/airflow/example_dags/example_short_circuit_decorator.py took 0.130 seconds
[2025-01-29T23:43:31.052+0000] {processor.py:154} INFO - Started process (PID=1472) to work on /home/airflow/.local/lib/python3.7/site-packages/airflow/example_dags/example_short_circuit_decorator.py
[2025-01-29T23:43:31.053+0000] {processor.py:756} INFO - Processing file /home/airflow/.local/lib/python3.7/site-packages/airflow/example_dags/example_short_circuit_decorator.py for tasks to queue
[2025-01-29T23:43:31.054+0000] {logging_mixin.py:120} INFO - [2025-01-29T23:43:31.054+0000] {dagbag.py:537} INFO - Filling up the DagBag from /home/airflow/.local/lib/python3.7/site-packages/airflow/example_dags/example_short_circuit_decorator.py
[2025-01-29T23:43:31.075+0000] {processor.py:766} INFO - DAG(s) dict_keys(['example_short_circuit_decorator']) retrieved from /home/airflow/.local/lib/python3.7/site-packages/airflow/example_dags/example_short_circuit_decorator.py
[2025-01-29T23:43:31.130+0000] {logging_mixin.py:120} INFO - [2025-01-29T23:43:31.129+0000] {dag.py:2585} INFO - Sync 1 DAGs
[2025-01-29T23:43:31.159+0000] {logging_mixin.py:120} INFO - [2025-01-29T23:43:31.159+0000] {dag.py:3340} INFO - Setting next_dagrun for example_short_circuit_decorator to 2025-01-28T23:43:31.159530+00:00, run_after=2025-01-29T23:43:31.159530+00:00
[2025-01-29T23:43:31.182+0000] {processor.py:176} INFO - Processing /home/airflow/.local/lib/python3.7/site-packages/airflow/example_dags/example_short_circuit_decorator.py took 0.134 seconds
[2025-01-29T23:44:01.903+0000] {processor.py:154} INFO - Started process (PID=1536) to work on /home/airflow/.local/lib/python3.7/site-packages/airflow/example_dags/example_short_circuit_decorator.py
[2025-01-29T23:44:01.904+0000] {processor.py:756} INFO - Processing file /home/airflow/.local/lib/python3.7/site-packages/airflow/example_dags/example_short_circuit_decorator.py for tasks to queue
[2025-01-29T23:44:01.904+0000] {logging_mixin.py:120} INFO - [2025-01-29T23:44:01.904+0000] {dagbag.py:537} INFO - Filling up the DagBag from /home/airflow/.local/lib/python3.7/site-packages/airflow/example_dags/example_short_circuit_decorator.py
[2025-01-29T23:44:01.927+0000] {processor.py:766} INFO - DAG(s) dict_keys(['example_short_circuit_decorator']) retrieved from /home/airflow/.local/lib/python3.7/site-packages/airflow/example_dags/example_short_circuit_decorator.py
[2025-01-29T23:44:01.984+0000] {logging_mixin.py:120} INFO - [2025-01-29T23:44:01.984+0000] {dag.py:2585} INFO - Sync 1 DAGs
[2025-01-29T23:44:02.014+0000] {logging_mixin.py:120} INFO - [2025-01-29T23:44:02.014+0000] {dag.py:3340} INFO - Setting next_dagrun for example_short_circuit_decorator to 2025-01-28T23:44:02.014404+00:00, run_after=2025-01-29T23:44:02.014404+00:00
[2025-01-29T23:44:02.037+0000] {processor.py:176} INFO - Processing /home/airflow/.local/lib/python3.7/site-packages/airflow/example_dags/example_short_circuit_decorator.py took 0.137 seconds
[2025-01-29T23:44:32.401+0000] {processor.py:154} INFO - Started process (PID=1591) to work on /home/airflow/.local/lib/python3.7/site-packages/airflow/example_dags/example_short_circuit_decorator.py
[2025-01-29T23:44:32.402+0000] {processor.py:756} INFO - Processing file /home/airflow/.local/lib/python3.7/site-packages/airflow/example_dags/example_short_circuit_decorator.py for tasks to queue
[2025-01-29T23:44:32.403+0000] {logging_mixin.py:120} INFO - [2025-01-29T23:44:32.403+0000] {dagbag.py:537} INFO - Filling up the DagBag from /home/airflow/.local/lib/python3.7/site-packages/airflow/example_dags/example_short_circuit_decorator.py
[2025-01-29T23:44:32.429+0000] {processor.py:766} INFO - DAG(s) dict_keys(['example_short_circuit_decorator']) retrieved from /home/airflow/.local/lib/python3.7/site-packages/airflow/example_dags/example_short_circuit_decorator.py
[2025-01-29T23:44:32.485+0000] {logging_mixin.py:120} INFO - [2025-01-29T23:44:32.484+0000] {dag.py:2585} INFO - Sync 1 DAGs
[2025-01-29T23:44:32.518+0000] {logging_mixin.py:120} INFO - [2025-01-29T23:44:32.518+0000] {dag.py:3340} INFO - Setting next_dagrun for example_short_circuit_decorator to 2025-01-28T23:44:32.517910+00:00, run_after=2025-01-29T23:44:32.517910+00:00
[2025-01-29T23:44:32.542+0000] {processor.py:176} INFO - Processing /home/airflow/.local/lib/python3.7/site-packages/airflow/example_dags/example_short_circuit_decorator.py took 0.144 seconds
[2025-01-29T23:45:02.864+0000] {processor.py:154} INFO - Started process (PID=1655) to work on /home/airflow/.local/lib/python3.7/site-packages/airflow/example_dags/example_short_circuit_decorator.py
[2025-01-29T23:45:02.865+0000] {processor.py:756} INFO - Processing file /home/airflow/.local/lib/python3.7/site-packages/airflow/example_dags/example_short_circuit_decorator.py for tasks to queue
[2025-01-29T23:45:02.866+0000] {logging_mixin.py:120} INFO - [2025-01-29T23:45:02.866+0000] {dagbag.py:537} INFO - Filling up the DagBag from /home/airflow/.local/lib/python3.7/site-packages/airflow/example_dags/example_short_circuit_decorator.py
[2025-01-29T23:45:02.890+0000] {processor.py:766} INFO - DAG(s) dict_keys(['example_short_circuit_decorator']) retrieved from /home/airflow/.local/lib/python3.7/site-packages/airflow/example_dags/example_short_circuit_decorator.py
[2025-01-29T23:45:02.946+0000] {logging_mixin.py:120} INFO - [2025-01-29T23:45:02.946+0000] {dag.py:2585} INFO - Sync 1 DAGs
[2025-01-29T23:45:02.977+0000] {logging_mixin.py:120} INFO - [2025-01-29T23:45:02.977+0000] {dag.py:3340} INFO - Setting next_dagrun for example_short_circuit_decorator to 2025-01-28T23:45:02.977489+00:00, run_after=2025-01-29T23:45:02.977489+00:00
[2025-01-29T23:45:03.001+0000] {processor.py:176} INFO - Processing /home/airflow/.local/lib/python3.7/site-packages/airflow/example_dags/example_short_circuit_decorator.py took 0.139 seconds
[2025-01-29T23:45:33.561+0000] {processor.py:154} INFO - Started process (PID=1719) to work on /home/airflow/.local/lib/python3.7/site-packages/airflow/example_dags/example_short_circuit_decorator.py
[2025-01-29T23:45:33.562+0000] {processor.py:756} INFO - Processing file /home/airflow/.local/lib/python3.7/site-packages/airflow/example_dags/example_short_circuit_decorator.py for tasks to queue
[2025-01-29T23:45:33.562+0000] {logging_mixin.py:120} INFO - [2025-01-29T23:45:33.562+0000] {dagbag.py:537} INFO - Filling up the DagBag from /home/airflow/.local/lib/python3.7/site-packages/airflow/example_dags/example_short_circuit_decorator.py
[2025-01-29T23:45:33.586+0000] {processor.py:766} INFO - DAG(s) dict_keys(['example_short_circuit_decorator']) retrieved from /home/airflow/.local/lib/python3.7/site-packages/airflow/example_dags/example_short_circuit_decorator.py
[2025-01-29T23:45:33.640+0000] {logging_mixin.py:120} INFO - [2025-01-29T23:45:33.640+0000] {dag.py:2585} INFO - Sync 1 DAGs
[2025-01-29T23:45:33.670+0000] {logging_mixin.py:120} INFO - [2025-01-29T23:45:33.670+0000] {dag.py:3340} INFO - Setting next_dagrun for example_short_circuit_decorator to 2025-01-28T23:45:33.670168+00:00, run_after=2025-01-29T23:45:33.670168+00:00
[2025-01-29T23:45:33.694+0000] {processor.py:176} INFO - Processing /home/airflow/.local/lib/python3.7/site-packages/airflow/example_dags/example_short_circuit_decorator.py took 0.136 seconds
[2025-01-29T23:46:04.206+0000] {processor.py:154} INFO - Started process (PID=1775) to work on /home/airflow/.local/lib/python3.7/site-packages/airflow/example_dags/example_short_circuit_decorator.py
[2025-01-29T23:46:04.207+0000] {processor.py:756} INFO - Processing file /home/airflow/.local/lib/python3.7/site-packages/airflow/example_dags/example_short_circuit_decorator.py for tasks to queue
[2025-01-29T23:46:04.207+0000] {logging_mixin.py:120} INFO - [2025-01-29T23:46:04.207+0000] {dagbag.py:537} INFO - Filling up the DagBag from /home/airflow/.local/lib/python3.7/site-packages/airflow/example_dags/example_short_circuit_decorator.py
[2025-01-29T23:46:04.229+0000] {processor.py:766} INFO - DAG(s) dict_keys(['example_short_circuit_decorator']) retrieved from /home/airflow/.local/lib/python3.7/site-packages/airflow/example_dags/example_short_circuit_decorator.py
[2025-01-29T23:46:04.285+0000] {logging_mixin.py:120} INFO - [2025-01-29T23:46:04.284+0000] {dag.py:2585} INFO - Sync 1 DAGs
[2025-01-29T23:46:04.316+0000] {logging_mixin.py:120} INFO - [2025-01-29T23:46:04.316+0000] {dag.py:3340} INFO - Setting next_dagrun for example_short_circuit_decorator to 2025-01-28T23:46:04.315833+00:00, run_after=2025-01-29T23:46:04.315833+00:00
[2025-01-29T23:46:04.340+0000] {processor.py:176} INFO - Processing /home/airflow/.local/lib/python3.7/site-packages/airflow/example_dags/example_short_circuit_decorator.py took 0.137 seconds
[2025-01-29T23:46:34.906+0000] {processor.py:154} INFO - Started process (PID=1839) to work on /home/airflow/.local/lib/python3.7/site-packages/airflow/example_dags/example_short_circuit_decorator.py
[2025-01-29T23:46:34.907+0000] {processor.py:756} INFO - Processing file /home/airflow/.local/lib/python3.7/site-packages/airflow/example_dags/example_short_circuit_decorator.py for tasks to queue
[2025-01-29T23:46:34.908+0000] {logging_mixin.py:120} INFO - [2025-01-29T23:46:34.908+0000] {dagbag.py:537} INFO - Filling up the DagBag from /home/airflow/.local/lib/python3.7/site-packages/airflow/example_dags/example_short_circuit_decorator.py
[2025-01-29T23:46:34.931+0000] {processor.py:766} INFO - DAG(s) dict_keys(['example_short_circuit_decorator']) retrieved from /home/airflow/.local/lib/python3.7/site-packages/airflow/example_dags/example_short_circuit_decorator.py
[2025-01-29T23:46:34.985+0000] {logging_mixin.py:120} INFO - [2025-01-29T23:46:34.985+0000] {dag.py:2585} INFO - Sync 1 DAGs
[2025-01-29T23:46:35.015+0000] {logging_mixin.py:120} INFO - [2025-01-29T23:46:35.015+0000] {dag.py:3340} INFO - Setting next_dagrun for example_short_circuit_decorator to 2025-01-28T23:46:35.015110+00:00, run_after=2025-01-29T23:46:35.015110+00:00
[2025-01-29T23:46:35.041+0000] {processor.py:176} INFO - Processing /home/airflow/.local/lib/python3.7/site-packages/airflow/example_dags/example_short_circuit_decorator.py took 0.137 seconds
[2025-01-29T23:47:05.113+0000] {processor.py:154} INFO - Started process (PID=1903) to work on /home/airflow/.local/lib/python3.7/site-packages/airflow/example_dags/example_short_circuit_decorator.py
[2025-01-29T23:47:05.114+0000] {processor.py:756} INFO - Processing file /home/airflow/.local/lib/python3.7/site-packages/airflow/example_dags/example_short_circuit_decorator.py for tasks to queue
[2025-01-29T23:47:05.115+0000] {logging_mixin.py:120} INFO - [2025-01-29T23:47:05.115+0000] {dagbag.py:537} INFO - Filling up the DagBag from /home/airflow/.local/lib/python3.7/site-packages/airflow/example_dags/example_short_circuit_decorator.py
[2025-01-29T23:47:05.137+0000] {processor.py:766} INFO - DAG(s) dict_keys(['example_short_circuit_decorator']) retrieved from /home/airflow/.local/lib/python3.7/site-packages/airflow/example_dags/example_short_circuit_decorator.py
[2025-01-29T23:47:05.191+0000] {logging_mixin.py:120} INFO - [2025-01-29T23:47:05.191+0000] {dag.py:2585} INFO - Sync 1 DAGs
[2025-01-29T23:47:05.222+0000] {logging_mixin.py:120} INFO - [2025-01-29T23:47:05.222+0000] {dag.py:3340} INFO - Setting next_dagrun for example_short_circuit_decorator to 2025-01-28T23:47:05.222427+00:00, run_after=2025-01-29T23:47:05.222427+00:00
[2025-01-29T23:47:05.244+0000] {processor.py:176} INFO - Processing /home/airflow/.local/lib/python3.7/site-packages/airflow/example_dags/example_short_circuit_decorator.py took 0.135 seconds
[2025-01-29T23:47:35.698+0000] {processor.py:154} INFO - Started process (PID=1967) to work on /home/airflow/.local/lib/python3.7/site-packages/airflow/example_dags/example_short_circuit_decorator.py
[2025-01-29T23:47:35.699+0000] {processor.py:756} INFO - Processing file /home/airflow/.local/lib/python3.7/site-packages/airflow/example_dags/example_short_circuit_decorator.py for tasks to queue
[2025-01-29T23:47:35.700+0000] {logging_mixin.py:120} INFO - [2025-01-29T23:47:35.700+0000] {dagbag.py:537} INFO - Filling up the DagBag from /home/airflow/.local/lib/python3.7/site-packages/airflow/example_dags/example_short_circuit_decorator.py
[2025-01-29T23:47:35.731+0000] {processor.py:766} INFO - DAG(s) dict_keys(['example_short_circuit_decorator']) retrieved from /home/airflow/.local/lib/python3.7/site-packages/airflow/example_dags/example_short_circuit_decorator.py
[2025-01-29T23:47:35.792+0000] {logging_mixin.py:120} INFO - [2025-01-29T23:47:35.792+0000] {dag.py:2585} INFO - Sync 1 DAGs
[2025-01-29T23:47:35.825+0000] {logging_mixin.py:120} INFO - [2025-01-29T23:47:35.824+0000] {dag.py:3340} INFO - Setting next_dagrun for example_short_circuit_decorator to 2025-01-28T23:47:35.824682+00:00, run_after=2025-01-29T23:47:35.824682+00:00
[2025-01-29T23:47:35.853+0000] {processor.py:176} INFO - Processing /home/airflow/.local/lib/python3.7/site-packages/airflow/example_dags/example_short_circuit_decorator.py took 0.158 seconds
[2025-01-29T23:48:06.602+0000] {processor.py:154} INFO - Started process (PID=2022) to work on /home/airflow/.local/lib/python3.7/site-packages/airflow/example_dags/example_short_circuit_decorator.py
[2025-01-29T23:48:06.603+0000] {processor.py:756} INFO - Processing file /home/airflow/.local/lib/python3.7/site-packages/airflow/example_dags/example_short_circuit_decorator.py for tasks to queue
[2025-01-29T23:48:06.604+0000] {logging_mixin.py:120} INFO - [2025-01-29T23:48:06.603+0000] {dagbag.py:537} INFO - Filling up the DagBag from /home/airflow/.local/lib/python3.7/site-packages/airflow/example_dags/example_short_circuit_decorator.py
[2025-01-29T23:48:06.626+0000] {processor.py:766} INFO - DAG(s) dict_keys(['example_short_circuit_decorator']) retrieved from /home/airflow/.local/lib/python3.7/site-packages/airflow/example_dags/example_short_circuit_decorator.py
[2025-01-29T23:48:06.682+0000] {logging_mixin.py:120} INFO - [2025-01-29T23:48:06.682+0000] {dag.py:2585} INFO - Sync 1 DAGs
[2025-01-29T23:48:06.712+0000] {logging_mixin.py:120} INFO - [2025-01-29T23:48:06.712+0000] {dag.py:3340} INFO - Setting next_dagrun for example_short_circuit_decorator to 2025-01-28T23:48:06.712134+00:00, run_after=2025-01-29T23:48:06.712134+00:00
[2025-01-29T23:48:06.735+0000] {processor.py:176} INFO - Processing /home/airflow/.local/lib/python3.7/site-packages/airflow/example_dags/example_short_circuit_decorator.py took 0.136 seconds
[2025-01-29T23:48:37.441+0000] {processor.py:154} INFO - Started process (PID=2086) to work on /home/airflow/.local/lib/python3.7/site-packages/airflow/example_dags/example_short_circuit_decorator.py
[2025-01-29T23:48:37.442+0000] {processor.py:756} INFO - Processing file /home/airflow/.local/lib/python3.7/site-packages/airflow/example_dags/example_short_circuit_decorator.py for tasks to queue
[2025-01-29T23:48:37.443+0000] {logging_mixin.py:120} INFO - [2025-01-29T23:48:37.443+0000] {dagbag.py:537} INFO - Filling up the DagBag from /home/airflow/.local/lib/python3.7/site-packages/airflow/example_dags/example_short_circuit_decorator.py
[2025-01-29T23:48:37.466+0000] {processor.py:766} INFO - DAG(s) dict_keys(['example_short_circuit_decorator']) retrieved from /home/airflow/.local/lib/python3.7/site-packages/airflow/example_dags/example_short_circuit_decorator.py
[2025-01-29T23:48:37.527+0000] {logging_mixin.py:120} INFO - [2025-01-29T23:48:37.527+0000] {dag.py:2585} INFO - Sync 1 DAGs
[2025-01-29T23:48:37.565+0000] {logging_mixin.py:120} INFO - [2025-01-29T23:48:37.564+0000] {dag.py:3340} INFO - Setting next_dagrun for example_short_circuit_decorator to 2025-01-28T23:48:37.564701+00:00, run_after=2025-01-29T23:48:37.564701+00:00
[2025-01-29T23:48:37.593+0000] {processor.py:176} INFO - Processing /home/airflow/.local/lib/python3.7/site-packages/airflow/example_dags/example_short_circuit_decorator.py took 0.154 seconds
[2025-01-29T23:49:07.960+0000] {processor.py:154} INFO - Started process (PID=2150) to work on /home/airflow/.local/lib/python3.7/site-packages/airflow/example_dags/example_short_circuit_decorator.py
[2025-01-29T23:49:07.961+0000] {processor.py:756} INFO - Processing file /home/airflow/.local/lib/python3.7/site-packages/airflow/example_dags/example_short_circuit_decorator.py for tasks to queue
[2025-01-29T23:49:07.962+0000] {logging_mixin.py:120} INFO - [2025-01-29T23:49:07.962+0000] {dagbag.py:537} INFO - Filling up the DagBag from /home/airflow/.local/lib/python3.7/site-packages/airflow/example_dags/example_short_circuit_decorator.py
[2025-01-29T23:49:07.984+0000] {processor.py:766} INFO - DAG(s) dict_keys(['example_short_circuit_decorator']) retrieved from /home/airflow/.local/lib/python3.7/site-packages/airflow/example_dags/example_short_circuit_decorator.py
[2025-01-29T23:49:08.039+0000] {logging_mixin.py:120} INFO - [2025-01-29T23:49:08.039+0000] {dag.py:2585} INFO - Sync 1 DAGs
[2025-01-29T23:49:08.072+0000] {logging_mixin.py:120} INFO - [2025-01-29T23:49:08.072+0000] {dag.py:3340} INFO - Setting next_dagrun for example_short_circuit_decorator to 2025-01-28T23:49:08.072191+00:00, run_after=2025-01-29T23:49:08.072191+00:00
[2025-01-29T23:49:08.095+0000] {processor.py:176} INFO - Processing /home/airflow/.local/lib/python3.7/site-packages/airflow/example_dags/example_short_circuit_decorator.py took 0.138 seconds
[2025-01-29T23:49:38.130+0000] {processor.py:154} INFO - Started process (PID=2204) to work on /home/airflow/.local/lib/python3.7/site-packages/airflow/example_dags/example_short_circuit_decorator.py
[2025-01-29T23:49:38.131+0000] {processor.py:756} INFO - Processing file /home/airflow/.local/lib/python3.7/site-packages/airflow/example_dags/example_short_circuit_decorator.py for tasks to queue
[2025-01-29T23:49:38.132+0000] {logging_mixin.py:120} INFO - [2025-01-29T23:49:38.132+0000] {dagbag.py:537} INFO - Filling up the DagBag from /home/airflow/.local/lib/python3.7/site-packages/airflow/example_dags/example_short_circuit_decorator.py
[2025-01-29T23:49:38.156+0000] {processor.py:766} INFO - DAG(s) dict_keys(['example_short_circuit_decorator']) retrieved from /home/airflow/.local/lib/python3.7/site-packages/airflow/example_dags/example_short_circuit_decorator.py
[2025-01-29T23:49:38.210+0000] {logging_mixin.py:120} INFO - [2025-01-29T23:49:38.210+0000] {dag.py:2585} INFO - Sync 1 DAGs
[2025-01-29T23:49:38.241+0000] {logging_mixin.py:120} INFO - [2025-01-29T23:49:38.241+0000] {dag.py:3340} INFO - Setting next_dagrun for example_short_circuit_decorator to 2025-01-28T23:49:38.241413+00:00, run_after=2025-01-29T23:49:38.241413+00:00
[2025-01-29T23:49:38.266+0000] {processor.py:176} INFO - Processing /home/airflow/.local/lib/python3.7/site-packages/airflow/example_dags/example_short_circuit_decorator.py took 0.139 seconds
[2025-01-29T23:50:08.351+0000] {processor.py:154} INFO - Started process (PID=2268) to work on /home/airflow/.local/lib/python3.7/site-packages/airflow/example_dags/example_short_circuit_decorator.py
[2025-01-29T23:50:08.352+0000] {processor.py:756} INFO - Processing file /home/airflow/.local/lib/python3.7/site-packages/airflow/example_dags/example_short_circuit_decorator.py for tasks to queue
[2025-01-29T23:50:08.353+0000] {logging_mixin.py:120} INFO - [2025-01-29T23:50:08.353+0000] {dagbag.py:537} INFO - Filling up the DagBag from /home/airflow/.local/lib/python3.7/site-packages/airflow/example_dags/example_short_circuit_decorator.py
[2025-01-29T23:50:08.375+0000] {processor.py:766} INFO - DAG(s) dict_keys(['example_short_circuit_decorator']) retrieved from /home/airflow/.local/lib/python3.7/site-packages/airflow/example_dags/example_short_circuit_decorator.py
[2025-01-29T23:50:08.429+0000] {logging_mixin.py:120} INFO - [2025-01-29T23:50:08.429+0000] {dag.py:2585} INFO - Sync 1 DAGs
[2025-01-29T23:50:08.459+0000] {logging_mixin.py:120} INFO - [2025-01-29T23:50:08.459+0000] {dag.py:3340} INFO - Setting next_dagrun for example_short_circuit_decorator to 2025-01-28T23:50:08.458966+00:00, run_after=2025-01-29T23:50:08.458966+00:00
[2025-01-29T23:50:08.482+0000] {processor.py:176} INFO - Processing /home/airflow/.local/lib/python3.7/site-packages/airflow/example_dags/example_short_circuit_decorator.py took 0.133 seconds
[2025-01-29T23:50:38.935+0000] {processor.py:154} INFO - Started process (PID=2332) to work on /home/airflow/.local/lib/python3.7/site-packages/airflow/example_dags/example_short_circuit_decorator.py
[2025-01-29T23:50:38.935+0000] {processor.py:756} INFO - Processing file /home/airflow/.local/lib/python3.7/site-packages/airflow/example_dags/example_short_circuit_decorator.py for tasks to queue
[2025-01-29T23:50:38.936+0000] {logging_mixin.py:120} INFO - [2025-01-29T23:50:38.936+0000] {dagbag.py:537} INFO - Filling up the DagBag from /home/airflow/.local/lib/python3.7/site-packages/airflow/example_dags/example_short_circuit_decorator.py
[2025-01-29T23:50:38.962+0000] {processor.py:766} INFO - DAG(s) dict_keys(['example_short_circuit_decorator']) retrieved from /home/airflow/.local/lib/python3.7/site-packages/airflow/example_dags/example_short_circuit_decorator.py
[2025-01-29T23:50:39.031+0000] {logging_mixin.py:120} INFO - [2025-01-29T23:50:39.031+0000] {dag.py:2585} INFO - Sync 1 DAGs
[2025-01-29T23:50:39.083+0000] {logging_mixin.py:120} INFO - [2025-01-29T23:50:39.083+0000] {dag.py:3340} INFO - Setting next_dagrun for example_short_circuit_decorator to 2025-01-28T23:50:39.083517+00:00, run_after=2025-01-29T23:50:39.083517+00:00
[2025-01-29T23:50:39.118+0000] {processor.py:176} INFO - Processing /home/airflow/.local/lib/python3.7/site-packages/airflow/example_dags/example_short_circuit_decorator.py took 0.186 seconds
[2025-01-29T23:51:09.646+0000] {processor.py:154} INFO - Started process (PID=2389) to work on /home/airflow/.local/lib/python3.7/site-packages/airflow/example_dags/example_short_circuit_decorator.py
[2025-01-29T23:51:09.647+0000] {processor.py:756} INFO - Processing file /home/airflow/.local/lib/python3.7/site-packages/airflow/example_dags/example_short_circuit_decorator.py for tasks to queue
[2025-01-29T23:51:09.648+0000] {logging_mixin.py:120} INFO - [2025-01-29T23:51:09.648+0000] {dagbag.py:537} INFO - Filling up the DagBag from /home/airflow/.local/lib/python3.7/site-packages/airflow/example_dags/example_short_circuit_decorator.py
[2025-01-29T23:51:09.675+0000] {processor.py:766} INFO - DAG(s) dict_keys(['example_short_circuit_decorator']) retrieved from /home/airflow/.local/lib/python3.7/site-packages/airflow/example_dags/example_short_circuit_decorator.py
[2025-01-29T23:51:09.764+0000] {logging_mixin.py:120} INFO - [2025-01-29T23:51:09.764+0000] {dag.py:2585} INFO - Sync 1 DAGs
[2025-01-29T23:51:09.800+0000] {logging_mixin.py:120} INFO - [2025-01-29T23:51:09.800+0000] {dag.py:3340} INFO - Setting next_dagrun for example_short_circuit_decorator to 2025-01-28T23:51:09.800595+00:00, run_after=2025-01-29T23:51:09.800595+00:00
[2025-01-29T23:51:09.824+0000] {processor.py:176} INFO - Processing /home/airflow/.local/lib/python3.7/site-packages/airflow/example_dags/example_short_circuit_decorator.py took 0.181 seconds
[2025-01-29T23:51:40.640+0000] {processor.py:154} INFO - Started process (PID=2453) to work on /home/airflow/.local/lib/python3.7/site-packages/airflow/example_dags/example_short_circuit_decorator.py
[2025-01-29T23:51:40.641+0000] {processor.py:756} INFO - Processing file /home/airflow/.local/lib/python3.7/site-packages/airflow/example_dags/example_short_circuit_decorator.py for tasks to queue
[2025-01-29T23:51:40.642+0000] {logging_mixin.py:120} INFO - [2025-01-29T23:51:40.642+0000] {dagbag.py:537} INFO - Filling up the DagBag from /home/airflow/.local/lib/python3.7/site-packages/airflow/example_dags/example_short_circuit_decorator.py
[2025-01-29T23:51:40.664+0000] {processor.py:766} INFO - DAG(s) dict_keys(['example_short_circuit_decorator']) retrieved from /home/airflow/.local/lib/python3.7/site-packages/airflow/example_dags/example_short_circuit_decorator.py
[2025-01-29T23:51:40.716+0000] {logging_mixin.py:120} INFO - [2025-01-29T23:51:40.716+0000] {dag.py:2585} INFO - Sync 1 DAGs
[2025-01-29T23:51:40.745+0000] {logging_mixin.py:120} INFO - [2025-01-29T23:51:40.745+0000] {dag.py:3340} INFO - Setting next_dagrun for example_short_circuit_decorator to 2025-01-28T23:51:40.745406+00:00, run_after=2025-01-29T23:51:40.745406+00:00
[2025-01-29T23:51:40.767+0000] {processor.py:176} INFO - Processing /home/airflow/.local/lib/python3.7/site-packages/airflow/example_dags/example_short_circuit_decorator.py took 0.130 seconds
[2025-01-29T23:52:11.206+0000] {processor.py:154} INFO - Started process (PID=2517) to work on /home/airflow/.local/lib/python3.7/site-packages/airflow/example_dags/example_short_circuit_decorator.py
[2025-01-29T23:52:11.206+0000] {processor.py:756} INFO - Processing file /home/airflow/.local/lib/python3.7/site-packages/airflow/example_dags/example_short_circuit_decorator.py for tasks to queue
[2025-01-29T23:52:11.207+0000] {logging_mixin.py:120} INFO - [2025-01-29T23:52:11.207+0000] {dagbag.py:537} INFO - Filling up the DagBag from /home/airflow/.local/lib/python3.7/site-packages/airflow/example_dags/example_short_circuit_decorator.py
[2025-01-29T23:52:11.229+0000] {processor.py:766} INFO - DAG(s) dict_keys(['example_short_circuit_decorator']) retrieved from /home/airflow/.local/lib/python3.7/site-packages/airflow/example_dags/example_short_circuit_decorator.py
[2025-01-29T23:52:11.282+0000] {logging_mixin.py:120} INFO - [2025-01-29T23:52:11.282+0000] {dag.py:2585} INFO - Sync 1 DAGs
[2025-01-29T23:52:11.312+0000] {logging_mixin.py:120} INFO - [2025-01-29T23:52:11.312+0000] {dag.py:3340} INFO - Setting next_dagrun for example_short_circuit_decorator to 2025-01-28T23:52:11.311930+00:00, run_after=2025-01-29T23:52:11.311930+00:00
[2025-01-29T23:52:11.341+0000] {processor.py:176} INFO - Processing /home/airflow/.local/lib/python3.7/site-packages/airflow/example_dags/example_short_circuit_decorator.py took 0.138 seconds
[2025-01-29T23:52:41.849+0000] {processor.py:154} INFO - Started process (PID=2572) to work on /home/airflow/.local/lib/python3.7/site-packages/airflow/example_dags/example_short_circuit_decorator.py
[2025-01-29T23:52:41.850+0000] {processor.py:756} INFO - Processing file /home/airflow/.local/lib/python3.7/site-packages/airflow/example_dags/example_short_circuit_decorator.py for tasks to queue
[2025-01-29T23:52:41.851+0000] {logging_mixin.py:120} INFO - [2025-01-29T23:52:41.851+0000] {dagbag.py:537} INFO - Filling up the DagBag from /home/airflow/.local/lib/python3.7/site-packages/airflow/example_dags/example_short_circuit_decorator.py
[2025-01-29T23:52:41.877+0000] {processor.py:766} INFO - DAG(s) dict_keys(['example_short_circuit_decorator']) retrieved from /home/airflow/.local/lib/python3.7/site-packages/airflow/example_dags/example_short_circuit_decorator.py
[2025-01-29T23:52:41.938+0000] {logging_mixin.py:120} INFO - [2025-01-29T23:52:41.938+0000] {dag.py:2585} INFO - Sync 1 DAGs
[2025-01-29T23:52:41.982+0000] {logging_mixin.py:120} INFO - [2025-01-29T23:52:41.981+0000] {dag.py:3340} INFO - Setting next_dagrun for example_short_circuit_decorator to 2025-01-28T23:52:41.981644+00:00, run_after=2025-01-29T23:52:41.981644+00:00
[2025-01-29T23:52:42.005+0000] {processor.py:176} INFO - Processing /home/airflow/.local/lib/python3.7/site-packages/airflow/example_dags/example_short_circuit_decorator.py took 0.160 seconds
[2025-01-29T23:53:12.265+0000] {processor.py:154} INFO - Started process (PID=2636) to work on /home/airflow/.local/lib/python3.7/site-packages/airflow/example_dags/example_short_circuit_decorator.py
[2025-01-29T23:53:12.266+0000] {processor.py:756} INFO - Processing file /home/airflow/.local/lib/python3.7/site-packages/airflow/example_dags/example_short_circuit_decorator.py for tasks to queue
[2025-01-29T23:53:12.267+0000] {logging_mixin.py:120} INFO - [2025-01-29T23:53:12.266+0000] {dagbag.py:537} INFO - Filling up the DagBag from /home/airflow/.local/lib/python3.7/site-packages/airflow/example_dags/example_short_circuit_decorator.py
[2025-01-29T23:53:12.289+0000] {processor.py:766} INFO - DAG(s) dict_keys(['example_short_circuit_decorator']) retrieved from /home/airflow/.local/lib/python3.7/site-packages/airflow/example_dags/example_short_circuit_decorator.py
[2025-01-29T23:53:12.342+0000] {logging_mixin.py:120} INFO - [2025-01-29T23:53:12.342+0000] {dag.py:2585} INFO - Sync 1 DAGs
[2025-01-29T23:53:12.374+0000] {logging_mixin.py:120} INFO - [2025-01-29T23:53:12.373+0000] {dag.py:3340} INFO - Setting next_dagrun for example_short_circuit_decorator to 2025-01-28T23:53:12.373598+00:00, run_after=2025-01-29T23:53:12.373598+00:00
[2025-01-29T23:53:12.395+0000] {processor.py:176} INFO - Processing /home/airflow/.local/lib/python3.7/site-packages/airflow/example_dags/example_short_circuit_decorator.py took 0.132 seconds
[2025-01-29T23:53:43.523+0000] {processor.py:154} INFO - Started process (PID=2700) to work on /home/airflow/.local/lib/python3.7/site-packages/airflow/example_dags/example_short_circuit_decorator.py
[2025-01-29T23:53:43.524+0000] {processor.py:756} INFO - Processing file /home/airflow/.local/lib/python3.7/site-packages/airflow/example_dags/example_short_circuit_decorator.py for tasks to queue
[2025-01-29T23:53:43.525+0000] {logging_mixin.py:120} INFO - [2025-01-29T23:53:43.525+0000] {dagbag.py:537} INFO - Filling up the DagBag from /home/airflow/.local/lib/python3.7/site-packages/airflow/example_dags/example_short_circuit_decorator.py
[2025-01-29T23:53:43.551+0000] {processor.py:766} INFO - DAG(s) dict_keys(['example_short_circuit_decorator']) retrieved from /home/airflow/.local/lib/python3.7/site-packages/airflow/example_dags/example_short_circuit_decorator.py
[2025-01-29T23:53:43.606+0000] {logging_mixin.py:120} INFO - [2025-01-29T23:53:43.606+0000] {dag.py:2585} INFO - Sync 1 DAGs
[2025-01-29T23:53:43.637+0000] {logging_mixin.py:120} INFO - [2025-01-29T23:53:43.637+0000] {dag.py:3340} INFO - Setting next_dagrun for example_short_circuit_decorator to 2025-01-28T23:53:43.637458+00:00, run_after=2025-01-29T23:53:43.637458+00:00
[2025-01-29T23:53:43.660+0000] {processor.py:176} INFO - Processing /home/airflow/.local/lib/python3.7/site-packages/airflow/example_dags/example_short_circuit_decorator.py took 0.141 seconds
[2025-01-29T23:54:13.924+0000] {processor.py:154} INFO - Started process (PID=2764) to work on /home/airflow/.local/lib/python3.7/site-packages/airflow/example_dags/example_short_circuit_decorator.py
[2025-01-29T23:54:13.926+0000] {processor.py:756} INFO - Processing file /home/airflow/.local/lib/python3.7/site-packages/airflow/example_dags/example_short_circuit_decorator.py for tasks to queue
[2025-01-29T23:54:13.928+0000] {logging_mixin.py:120} INFO - [2025-01-29T23:54:13.928+0000] {dagbag.py:537} INFO - Filling up the DagBag from /home/airflow/.local/lib/python3.7/site-packages/airflow/example_dags/example_short_circuit_decorator.py
[2025-01-29T23:54:13.963+0000] {processor.py:766} INFO - DAG(s) dict_keys(['example_short_circuit_decorator']) retrieved from /home/airflow/.local/lib/python3.7/site-packages/airflow/example_dags/example_short_circuit_decorator.py
[2025-01-29T23:54:14.029+0000] {logging_mixin.py:120} INFO - [2025-01-29T23:54:14.028+0000] {dag.py:2585} INFO - Sync 1 DAGs
[2025-01-29T23:54:14.065+0000] {logging_mixin.py:120} INFO - [2025-01-29T23:54:14.065+0000] {dag.py:3340} INFO - Setting next_dagrun for example_short_circuit_decorator to 2025-01-28T23:54:14.065102+00:00, run_after=2025-01-29T23:54:14.065102+00:00
[2025-01-29T23:54:14.099+0000] {processor.py:176} INFO - Processing /home/airflow/.local/lib/python3.7/site-packages/airflow/example_dags/example_short_circuit_decorator.py took 0.178 seconds
[2025-01-29T23:54:44.155+0000] {processor.py:154} INFO - Started process (PID=2818) to work on /home/airflow/.local/lib/python3.7/site-packages/airflow/example_dags/example_short_circuit_decorator.py
[2025-01-29T23:54:44.156+0000] {processor.py:756} INFO - Processing file /home/airflow/.local/lib/python3.7/site-packages/airflow/example_dags/example_short_circuit_decorator.py for tasks to queue
[2025-01-29T23:54:44.157+0000] {logging_mixin.py:120} INFO - [2025-01-29T23:54:44.157+0000] {dagbag.py:537} INFO - Filling up the DagBag from /home/airflow/.local/lib/python3.7/site-packages/airflow/example_dags/example_short_circuit_decorator.py
[2025-01-29T23:54:44.179+0000] {processor.py:766} INFO - DAG(s) dict_keys(['example_short_circuit_decorator']) retrieved from /home/airflow/.local/lib/python3.7/site-packages/airflow/example_dags/example_short_circuit_decorator.py
[2025-01-29T23:54:44.232+0000] {logging_mixin.py:120} INFO - [2025-01-29T23:54:44.232+0000] {dag.py:2585} INFO - Sync 1 DAGs
[2025-01-29T23:54:44.262+0000] {logging_mixin.py:120} INFO - [2025-01-29T23:54:44.262+0000] {dag.py:3340} INFO - Setting next_dagrun for example_short_circuit_decorator to 2025-01-28T23:54:44.262559+00:00, run_after=2025-01-29T23:54:44.262559+00:00
[2025-01-29T23:54:44.286+0000] {processor.py:176} INFO - Processing /home/airflow/.local/lib/python3.7/site-packages/airflow/example_dags/example_short_circuit_decorator.py took 0.133 seconds
[2025-01-29T23:55:14.928+0000] {processor.py:154} INFO - Started process (PID=2883) to work on /home/airflow/.local/lib/python3.7/site-packages/airflow/example_dags/example_short_circuit_decorator.py
[2025-01-29T23:55:14.929+0000] {processor.py:756} INFO - Processing file /home/airflow/.local/lib/python3.7/site-packages/airflow/example_dags/example_short_circuit_decorator.py for tasks to queue
[2025-01-29T23:55:14.930+0000] {logging_mixin.py:120} INFO - [2025-01-29T23:55:14.930+0000] {dagbag.py:537} INFO - Filling up the DagBag from /home/airflow/.local/lib/python3.7/site-packages/airflow/example_dags/example_short_circuit_decorator.py
[2025-01-29T23:55:14.952+0000] {processor.py:766} INFO - DAG(s) dict_keys(['example_short_circuit_decorator']) retrieved from /home/airflow/.local/lib/python3.7/site-packages/airflow/example_dags/example_short_circuit_decorator.py
[2025-01-29T23:55:15.005+0000] {logging_mixin.py:120} INFO - [2025-01-29T23:55:15.005+0000] {dag.py:2585} INFO - Sync 1 DAGs
[2025-01-29T23:55:15.038+0000] {logging_mixin.py:120} INFO - [2025-01-29T23:55:15.038+0000] {dag.py:3340} INFO - Setting next_dagrun for example_short_circuit_decorator to 2025-01-28T23:55:15.038212+00:00, run_after=2025-01-29T23:55:15.038212+00:00
[2025-01-29T23:55:15.062+0000] {processor.py:176} INFO - Processing /home/airflow/.local/lib/python3.7/site-packages/airflow/example_dags/example_short_circuit_decorator.py took 0.136 seconds
[2025-01-29T23:55:45.257+0000] {processor.py:154} INFO - Started process (PID=2947) to work on /home/airflow/.local/lib/python3.7/site-packages/airflow/example_dags/example_short_circuit_decorator.py
[2025-01-29T23:55:45.258+0000] {processor.py:756} INFO - Processing file /home/airflow/.local/lib/python3.7/site-packages/airflow/example_dags/example_short_circuit_decorator.py for tasks to queue
[2025-01-29T23:55:45.259+0000] {logging_mixin.py:120} INFO - [2025-01-29T23:55:45.259+0000] {dagbag.py:537} INFO - Filling up the DagBag from /home/airflow/.local/lib/python3.7/site-packages/airflow/example_dags/example_short_circuit_decorator.py
[2025-01-29T23:55:45.280+0000] {processor.py:766} INFO - DAG(s) dict_keys(['example_short_circuit_decorator']) retrieved from /home/airflow/.local/lib/python3.7/site-packages/airflow/example_dags/example_short_circuit_decorator.py
[2025-01-29T23:55:45.341+0000] {logging_mixin.py:120} INFO - [2025-01-29T23:55:45.341+0000] {dag.py:2585} INFO - Sync 1 DAGs
[2025-01-29T23:55:45.379+0000] {logging_mixin.py:120} INFO - [2025-01-29T23:55:45.379+0000] {dag.py:3340} INFO - Setting next_dagrun for example_short_circuit_decorator to 2025-01-28T23:55:45.379383+00:00, run_after=2025-01-29T23:55:45.379383+00:00
[2025-01-29T23:55:45.409+0000] {processor.py:176} INFO - Processing /home/airflow/.local/lib/python3.7/site-packages/airflow/example_dags/example_short_circuit_decorator.py took 0.154 seconds
[2025-01-29T23:56:15.488+0000] {processor.py:154} INFO - Started process (PID=3002) to work on /home/airflow/.local/lib/python3.7/site-packages/airflow/example_dags/example_short_circuit_decorator.py
[2025-01-29T23:56:15.489+0000] {processor.py:756} INFO - Processing file /home/airflow/.local/lib/python3.7/site-packages/airflow/example_dags/example_short_circuit_decorator.py for tasks to queue
[2025-01-29T23:56:15.490+0000] {logging_mixin.py:120} INFO - [2025-01-29T23:56:15.490+0000] {dagbag.py:537} INFO - Filling up the DagBag from /home/airflow/.local/lib/python3.7/site-packages/airflow/example_dags/example_short_circuit_decorator.py
[2025-01-29T23:56:15.514+0000] {processor.py:766} INFO - DAG(s) dict_keys(['example_short_circuit_decorator']) retrieved from /home/airflow/.local/lib/python3.7/site-packages/airflow/example_dags/example_short_circuit_decorator.py
[2025-01-29T23:56:15.580+0000] {logging_mixin.py:120} INFO - [2025-01-29T23:56:15.580+0000] {dag.py:2585} INFO - Sync 1 DAGs
[2025-01-29T23:56:15.614+0000] {logging_mixin.py:120} INFO - [2025-01-29T23:56:15.614+0000] {dag.py:3340} INFO - Setting next_dagrun for example_short_circuit_decorator to 2025-01-28T23:56:15.613853+00:00, run_after=2025-01-29T23:56:15.613853+00:00
[2025-01-29T23:56:15.638+0000] {processor.py:176} INFO - Processing /home/airflow/.local/lib/python3.7/site-packages/airflow/example_dags/example_short_circuit_decorator.py took 0.153 seconds
[2025-01-29T23:56:45.848+0000] {processor.py:154} INFO - Started process (PID=3065) to work on /home/airflow/.local/lib/python3.7/site-packages/airflow/example_dags/example_short_circuit_decorator.py
[2025-01-29T23:56:45.849+0000] {processor.py:756} INFO - Processing file /home/airflow/.local/lib/python3.7/site-packages/airflow/example_dags/example_short_circuit_decorator.py for tasks to queue
[2025-01-29T23:56:45.849+0000] {logging_mixin.py:120} INFO - [2025-01-29T23:56:45.849+0000] {dagbag.py:537} INFO - Filling up the DagBag from /home/airflow/.local/lib/python3.7/site-packages/airflow/example_dags/example_short_circuit_decorator.py
[2025-01-29T23:56:45.875+0000] {processor.py:766} INFO - DAG(s) dict_keys(['example_short_circuit_decorator']) retrieved from /home/airflow/.local/lib/python3.7/site-packages/airflow/example_dags/example_short_circuit_decorator.py
[2025-01-29T23:56:45.931+0000] {logging_mixin.py:120} INFO - [2025-01-29T23:56:45.930+0000] {dag.py:2585} INFO - Sync 1 DAGs
[2025-01-29T23:56:45.961+0000] {logging_mixin.py:120} INFO - [2025-01-29T23:56:45.961+0000] {dag.py:3340} INFO - Setting next_dagrun for example_short_circuit_decorator to 2025-01-28T23:56:45.960855+00:00, run_after=2025-01-29T23:56:45.960855+00:00
[2025-01-29T23:56:45.986+0000] {processor.py:176} INFO - Processing /home/airflow/.local/lib/python3.7/site-packages/airflow/example_dags/example_short_circuit_decorator.py took 0.141 seconds
[2025-01-29T23:57:16.155+0000] {processor.py:154} INFO - Started process (PID=3129) to work on /home/airflow/.local/lib/python3.7/site-packages/airflow/example_dags/example_short_circuit_decorator.py
[2025-01-29T23:57:16.156+0000] {processor.py:756} INFO - Processing file /home/airflow/.local/lib/python3.7/site-packages/airflow/example_dags/example_short_circuit_decorator.py for tasks to queue
[2025-01-29T23:57:16.157+0000] {logging_mixin.py:120} INFO - [2025-01-29T23:57:16.157+0000] {dagbag.py:537} INFO - Filling up the DagBag from /home/airflow/.local/lib/python3.7/site-packages/airflow/example_dags/example_short_circuit_decorator.py
[2025-01-29T23:57:16.182+0000] {processor.py:766} INFO - DAG(s) dict_keys(['example_short_circuit_decorator']) retrieved from /home/airflow/.local/lib/python3.7/site-packages/airflow/example_dags/example_short_circuit_decorator.py
[2025-01-29T23:57:16.237+0000] {logging_mixin.py:120} INFO - [2025-01-29T23:57:16.237+0000] {dag.py:2585} INFO - Sync 1 DAGs
[2025-01-29T23:57:16.269+0000] {logging_mixin.py:120} INFO - [2025-01-29T23:57:16.269+0000] {dag.py:3340} INFO - Setting next_dagrun for example_short_circuit_decorator to 2025-01-28T23:57:16.269380+00:00, run_after=2025-01-29T23:57:16.269380+00:00
[2025-01-29T23:57:16.295+0000] {processor.py:176} INFO - Processing /home/airflow/.local/lib/python3.7/site-packages/airflow/example_dags/example_short_circuit_decorator.py took 0.143 seconds
[2025-01-29T23:57:46.861+0000] {processor.py:154} INFO - Started process (PID=3185) to work on /home/airflow/.local/lib/python3.7/site-packages/airflow/example_dags/example_short_circuit_decorator.py
[2025-01-29T23:57:46.861+0000] {processor.py:756} INFO - Processing file /home/airflow/.local/lib/python3.7/site-packages/airflow/example_dags/example_short_circuit_decorator.py for tasks to queue
[2025-01-29T23:57:46.862+0000] {logging_mixin.py:120} INFO - [2025-01-29T23:57:46.862+0000] {dagbag.py:537} INFO - Filling up the DagBag from /home/airflow/.local/lib/python3.7/site-packages/airflow/example_dags/example_short_circuit_decorator.py
[2025-01-29T23:57:46.888+0000] {processor.py:766} INFO - DAG(s) dict_keys(['example_short_circuit_decorator']) retrieved from /home/airflow/.local/lib/python3.7/site-packages/airflow/example_dags/example_short_circuit_decorator.py
[2025-01-29T23:57:46.945+0000] {logging_mixin.py:120} INFO - [2025-01-29T23:57:46.945+0000] {dag.py:2585} INFO - Sync 1 DAGs
[2025-01-29T23:57:46.982+0000] {logging_mixin.py:120} INFO - [2025-01-29T23:57:46.982+0000] {dag.py:3340} INFO - Setting next_dagrun for example_short_circuit_decorator to 2025-01-28T23:57:46.981805+00:00, run_after=2025-01-29T23:57:46.981805+00:00
[2025-01-29T23:57:47.011+0000] {processor.py:176} INFO - Processing /home/airflow/.local/lib/python3.7/site-packages/airflow/example_dags/example_short_circuit_decorator.py took 0.153 seconds
[2025-01-29T23:58:17.437+0000] {processor.py:154} INFO - Started process (PID=3249) to work on /home/airflow/.local/lib/python3.7/site-packages/airflow/example_dags/example_short_circuit_decorator.py
[2025-01-29T23:58:17.438+0000] {processor.py:756} INFO - Processing file /home/airflow/.local/lib/python3.7/site-packages/airflow/example_dags/example_short_circuit_decorator.py for tasks to queue
[2025-01-29T23:58:17.439+0000] {logging_mixin.py:120} INFO - [2025-01-29T23:58:17.439+0000] {dagbag.py:537} INFO - Filling up the DagBag from /home/airflow/.local/lib/python3.7/site-packages/airflow/example_dags/example_short_circuit_decorator.py
[2025-01-29T23:58:17.461+0000] {processor.py:766} INFO - DAG(s) dict_keys(['example_short_circuit_decorator']) retrieved from /home/airflow/.local/lib/python3.7/site-packages/airflow/example_dags/example_short_circuit_decorator.py
[2025-01-29T23:58:17.517+0000] {logging_mixin.py:120} INFO - [2025-01-29T23:58:17.516+0000] {dag.py:2585} INFO - Sync 1 DAGs
[2025-01-29T23:58:17.551+0000] {logging_mixin.py:120} INFO - [2025-01-29T23:58:17.551+0000] {dag.py:3340} INFO - Setting next_dagrun for example_short_circuit_decorator to 2025-01-28T23:58:17.550787+00:00, run_after=2025-01-29T23:58:17.550787+00:00
[2025-01-29T23:58:17.574+0000] {processor.py:176} INFO - Processing /home/airflow/.local/lib/python3.7/site-packages/airflow/example_dags/example_short_circuit_decorator.py took 0.140 seconds
[2025-01-29T23:58:47.640+0000] {processor.py:154} INFO - Started process (PID=3312) to work on /home/airflow/.local/lib/python3.7/site-packages/airflow/example_dags/example_short_circuit_decorator.py
[2025-01-29T23:58:47.641+0000] {processor.py:756} INFO - Processing file /home/airflow/.local/lib/python3.7/site-packages/airflow/example_dags/example_short_circuit_decorator.py for tasks to queue
[2025-01-29T23:58:47.642+0000] {logging_mixin.py:120} INFO - [2025-01-29T23:58:47.642+0000] {dagbag.py:537} INFO - Filling up the DagBag from /home/airflow/.local/lib/python3.7/site-packages/airflow/example_dags/example_short_circuit_decorator.py
[2025-01-29T23:58:47.674+0000] {processor.py:766} INFO - DAG(s) dict_keys(['example_short_circuit_decorator']) retrieved from /home/airflow/.local/lib/python3.7/site-packages/airflow/example_dags/example_short_circuit_decorator.py
[2025-01-29T23:58:47.754+0000] {logging_mixin.py:120} INFO - [2025-01-29T23:58:47.754+0000] {dag.py:2585} INFO - Sync 1 DAGs
[2025-01-29T23:58:47.784+0000] {logging_mixin.py:120} INFO - [2025-01-29T23:58:47.784+0000] {dag.py:3340} INFO - Setting next_dagrun for example_short_circuit_decorator to 2025-01-28T23:58:47.784124+00:00, run_after=2025-01-29T23:58:47.784124+00:00
[2025-01-29T23:58:47.811+0000] {processor.py:176} INFO - Processing /home/airflow/.local/lib/python3.7/site-packages/airflow/example_dags/example_short_circuit_decorator.py took 0.174 seconds
[2025-01-29T23:59:18.408+0000] {processor.py:154} INFO - Started process (PID=3367) to work on /home/airflow/.local/lib/python3.7/site-packages/airflow/example_dags/example_short_circuit_decorator.py
[2025-01-29T23:59:18.409+0000] {processor.py:756} INFO - Processing file /home/airflow/.local/lib/python3.7/site-packages/airflow/example_dags/example_short_circuit_decorator.py for tasks to queue
[2025-01-29T23:59:18.409+0000] {logging_mixin.py:120} INFO - [2025-01-29T23:59:18.409+0000] {dagbag.py:537} INFO - Filling up the DagBag from /home/airflow/.local/lib/python3.7/site-packages/airflow/example_dags/example_short_circuit_decorator.py
[2025-01-29T23:59:18.431+0000] {processor.py:766} INFO - DAG(s) dict_keys(['example_short_circuit_decorator']) retrieved from /home/airflow/.local/lib/python3.7/site-packages/airflow/example_dags/example_short_circuit_decorator.py
[2025-01-29T23:59:18.490+0000] {logging_mixin.py:120} INFO - [2025-01-29T23:59:18.490+0000] {dag.py:2585} INFO - Sync 1 DAGs
[2025-01-29T23:59:18.526+0000] {logging_mixin.py:120} INFO - [2025-01-29T23:59:18.525+0000] {dag.py:3340} INFO - Setting next_dagrun for example_short_circuit_decorator to 2025-01-28T23:59:18.525523+00:00, run_after=2025-01-29T23:59:18.525523+00:00
[2025-01-29T23:59:18.554+0000] {processor.py:176} INFO - Processing /home/airflow/.local/lib/python3.7/site-packages/airflow/example_dags/example_short_circuit_decorator.py took 0.149 seconds
[2025-01-29T23:59:48.879+0000] {processor.py:154} INFO - Started process (PID=3431) to work on /home/airflow/.local/lib/python3.7/site-packages/airflow/example_dags/example_short_circuit_decorator.py
[2025-01-29T23:59:48.881+0000] {processor.py:756} INFO - Processing file /home/airflow/.local/lib/python3.7/site-packages/airflow/example_dags/example_short_circuit_decorator.py for tasks to queue
[2025-01-29T23:59:48.882+0000] {logging_mixin.py:120} INFO - [2025-01-29T23:59:48.881+0000] {dagbag.py:537} INFO - Filling up the DagBag from /home/airflow/.local/lib/python3.7/site-packages/airflow/example_dags/example_short_circuit_decorator.py
[2025-01-29T23:59:48.904+0000] {processor.py:766} INFO - DAG(s) dict_keys(['example_short_circuit_decorator']) retrieved from /home/airflow/.local/lib/python3.7/site-packages/airflow/example_dags/example_short_circuit_decorator.py
[2025-01-29T23:59:48.959+0000] {logging_mixin.py:120} INFO - [2025-01-29T23:59:48.959+0000] {dag.py:2585} INFO - Sync 1 DAGs
[2025-01-29T23:59:48.996+0000] {logging_mixin.py:120} INFO - [2025-01-29T23:59:48.996+0000] {dag.py:3340} INFO - Setting next_dagrun for example_short_circuit_decorator to 2025-01-28T23:59:48.995694+00:00, run_after=2025-01-29T23:59:48.995694+00:00
[2025-01-29T23:59:49.025+0000] {processor.py:176} INFO - Processing /home/airflow/.local/lib/python3.7/site-packages/airflow/example_dags/example_short_circuit_decorator.py took 0.148 seconds
