[2025-01-29T23:31:52.356+0000] {processor.py:154} INFO - Started process (PID=83) to work on /home/airflow/.local/lib/python3.7/site-packages/airflow/example_dags/example_external_task_marker_dag.py
[2025-01-29T23:31:52.358+0000] {processor.py:756} INFO - Processing file /home/airflow/.local/lib/python3.7/site-packages/airflow/example_dags/example_external_task_marker_dag.py for tasks to queue
[2025-01-29T23:31:52.359+0000] {logging_mixin.py:120} INFO - [2025-01-29T23:31:52.359+0000] {dagbag.py:537} INFO - Filling up the DagBag from /home/airflow/.local/lib/python3.7/site-packages/airflow/example_dags/example_external_task_marker_dag.py
[2025-01-29T23:31:52.377+0000] {processor.py:766} INFO - DAG(s) dict_keys(['example_external_task_marker_child', 'example_external_task_marker_parent']) retrieved from /home/airflow/.local/lib/python3.7/site-packages/airflow/example_dags/example_external_task_marker_dag.py
[2025-01-29T23:31:52.820+0000] {logging_mixin.py:120} INFO - [2025-01-29T23:31:52.820+0000] {manager.py:507} INFO - Created Permission View: can read on DAG:example_external_task_marker_child
[2025-01-29T23:31:52.835+0000] {logging_mixin.py:120} INFO - [2025-01-29T23:31:52.835+0000] {manager.py:507} INFO - Created Permission View: can delete on DAG:example_external_task_marker_child
[2025-01-29T23:31:52.846+0000] {logging_mixin.py:120} INFO - [2025-01-29T23:31:52.846+0000] {manager.py:507} INFO - Created Permission View: can edit on DAG:example_external_task_marker_child
[2025-01-29T23:31:52.867+0000] {logging_mixin.py:120} INFO - [2025-01-29T23:31:52.867+0000] {manager.py:507} INFO - Created Permission View: can read on DAG:example_external_task_marker_parent
[2025-01-29T23:31:52.877+0000] {logging_mixin.py:120} INFO - [2025-01-29T23:31:52.876+0000] {manager.py:507} INFO - Created Permission View: can delete on DAG:example_external_task_marker_parent
[2025-01-29T23:31:52.886+0000] {logging_mixin.py:120} INFO - [2025-01-29T23:31:52.886+0000] {manager.py:507} INFO - Created Permission View: can edit on DAG:example_external_task_marker_parent
[2025-01-29T23:31:52.887+0000] {logging_mixin.py:120} INFO - [2025-01-29T23:31:52.887+0000] {dag.py:2585} INFO - Sync 2 DAGs
[2025-01-29T23:31:52.913+0000] {logging_mixin.py:120} INFO - [2025-01-29T23:31:52.913+0000] {dag.py:2606} INFO - Creating ORM DAG for example_external_task_marker_child
[2025-01-29T23:31:52.915+0000] {logging_mixin.py:120} INFO - [2025-01-29T23:31:52.915+0000] {dag.py:2606} INFO - Creating ORM DAG for example_external_task_marker_parent
[2025-01-29T23:31:52.937+0000] {logging_mixin.py:120} INFO - [2025-01-29T23:31:52.937+0000] {dag.py:3340} INFO - Setting next_dagrun for example_external_task_marker_child to None, run_after=None
[2025-01-29T23:31:52.938+0000] {logging_mixin.py:120} INFO - [2025-01-29T23:31:52.938+0000] {dag.py:3340} INFO - Setting next_dagrun for example_external_task_marker_parent to None, run_after=None
[2025-01-29T23:31:52.976+0000] {processor.py:176} INFO - Processing /home/airflow/.local/lib/python3.7/site-packages/airflow/example_dags/example_external_task_marker_dag.py took 0.624 seconds
[2025-01-29T23:32:23.469+0000] {processor.py:154} INFO - Started process (PID=147) to work on /home/airflow/.local/lib/python3.7/site-packages/airflow/example_dags/example_external_task_marker_dag.py
[2025-01-29T23:32:23.470+0000] {processor.py:756} INFO - Processing file /home/airflow/.local/lib/python3.7/site-packages/airflow/example_dags/example_external_task_marker_dag.py for tasks to queue
[2025-01-29T23:32:23.470+0000] {logging_mixin.py:120} INFO - [2025-01-29T23:32:23.470+0000] {dagbag.py:537} INFO - Filling up the DagBag from /home/airflow/.local/lib/python3.7/site-packages/airflow/example_dags/example_external_task_marker_dag.py
[2025-01-29T23:32:23.485+0000] {processor.py:766} INFO - DAG(s) dict_keys(['example_external_task_marker_parent', 'example_external_task_marker_child']) retrieved from /home/airflow/.local/lib/python3.7/site-packages/airflow/example_dags/example_external_task_marker_dag.py
[2025-01-29T23:32:23.703+0000] {logging_mixin.py:120} INFO - [2025-01-29T23:32:23.703+0000] {dag.py:2585} INFO - Sync 2 DAGs
[2025-01-29T23:32:23.736+0000] {logging_mixin.py:120} INFO - [2025-01-29T23:32:23.736+0000] {dag.py:3340} INFO - Setting next_dagrun for example_external_task_marker_child to None, run_after=None
[2025-01-29T23:32:23.741+0000] {logging_mixin.py:120} INFO - [2025-01-29T23:32:23.741+0000] {dag.py:3340} INFO - Setting next_dagrun for example_external_task_marker_parent to None, run_after=None
[2025-01-29T23:32:23.762+0000] {processor.py:176} INFO - Processing /home/airflow/.local/lib/python3.7/site-packages/airflow/example_dags/example_external_task_marker_dag.py took 0.296 seconds
[2025-01-29T23:32:53.922+0000] {processor.py:154} INFO - Started process (PID=212) to work on /home/airflow/.local/lib/python3.7/site-packages/airflow/example_dags/example_external_task_marker_dag.py
[2025-01-29T23:32:53.923+0000] {processor.py:756} INFO - Processing file /home/airflow/.local/lib/python3.7/site-packages/airflow/example_dags/example_external_task_marker_dag.py for tasks to queue
[2025-01-29T23:32:53.924+0000] {logging_mixin.py:120} INFO - [2025-01-29T23:32:53.924+0000] {dagbag.py:537} INFO - Filling up the DagBag from /home/airflow/.local/lib/python3.7/site-packages/airflow/example_dags/example_external_task_marker_dag.py
[2025-01-29T23:32:53.940+0000] {processor.py:766} INFO - DAG(s) dict_keys(['example_external_task_marker_child', 'example_external_task_marker_parent']) retrieved from /home/airflow/.local/lib/python3.7/site-packages/airflow/example_dags/example_external_task_marker_dag.py
[2025-01-29T23:32:54.169+0000] {logging_mixin.py:120} INFO - [2025-01-29T23:32:54.169+0000] {dag.py:2585} INFO - Sync 2 DAGs
[2025-01-29T23:32:54.204+0000] {logging_mixin.py:120} INFO - [2025-01-29T23:32:54.204+0000] {dag.py:3340} INFO - Setting next_dagrun for example_external_task_marker_child to None, run_after=None
[2025-01-29T23:32:54.210+0000] {logging_mixin.py:120} INFO - [2025-01-29T23:32:54.210+0000] {dag.py:3340} INFO - Setting next_dagrun for example_external_task_marker_parent to None, run_after=None
[2025-01-29T23:32:54.230+0000] {processor.py:176} INFO - Processing /home/airflow/.local/lib/python3.7/site-packages/airflow/example_dags/example_external_task_marker_dag.py took 0.311 seconds
[2025-01-29T23:33:24.501+0000] {processor.py:154} INFO - Started process (PID=267) to work on /home/airflow/.local/lib/python3.7/site-packages/airflow/example_dags/example_external_task_marker_dag.py
[2025-01-29T23:33:24.502+0000] {processor.py:756} INFO - Processing file /home/airflow/.local/lib/python3.7/site-packages/airflow/example_dags/example_external_task_marker_dag.py for tasks to queue
[2025-01-29T23:33:24.503+0000] {logging_mixin.py:120} INFO - [2025-01-29T23:33:24.503+0000] {dagbag.py:537} INFO - Filling up the DagBag from /home/airflow/.local/lib/python3.7/site-packages/airflow/example_dags/example_external_task_marker_dag.py
[2025-01-29T23:33:24.516+0000] {processor.py:766} INFO - DAG(s) dict_keys(['example_external_task_marker_child', 'example_external_task_marker_parent']) retrieved from /home/airflow/.local/lib/python3.7/site-packages/airflow/example_dags/example_external_task_marker_dag.py
[2025-01-29T23:33:24.766+0000] {logging_mixin.py:120} INFO - [2025-01-29T23:33:24.766+0000] {dag.py:2585} INFO - Sync 2 DAGs
[2025-01-29T23:33:24.806+0000] {logging_mixin.py:120} INFO - [2025-01-29T23:33:24.806+0000] {dag.py:3340} INFO - Setting next_dagrun for example_external_task_marker_child to None, run_after=None
[2025-01-29T23:33:24.812+0000] {logging_mixin.py:120} INFO - [2025-01-29T23:33:24.812+0000] {dag.py:3340} INFO - Setting next_dagrun for example_external_task_marker_parent to None, run_after=None
[2025-01-29T23:33:24.840+0000] {processor.py:176} INFO - Processing /home/airflow/.local/lib/python3.7/site-packages/airflow/example_dags/example_external_task_marker_dag.py took 0.342 seconds
[2025-01-29T23:33:54.902+0000] {processor.py:154} INFO - Started process (PID=331) to work on /home/airflow/.local/lib/python3.7/site-packages/airflow/example_dags/example_external_task_marker_dag.py
[2025-01-29T23:33:54.903+0000] {processor.py:756} INFO - Processing file /home/airflow/.local/lib/python3.7/site-packages/airflow/example_dags/example_external_task_marker_dag.py for tasks to queue
[2025-01-29T23:33:54.904+0000] {logging_mixin.py:120} INFO - [2025-01-29T23:33:54.904+0000] {dagbag.py:537} INFO - Filling up the DagBag from /home/airflow/.local/lib/python3.7/site-packages/airflow/example_dags/example_external_task_marker_dag.py
[2025-01-29T23:33:54.919+0000] {processor.py:766} INFO - DAG(s) dict_keys(['example_external_task_marker_parent', 'example_external_task_marker_child']) retrieved from /home/airflow/.local/lib/python3.7/site-packages/airflow/example_dags/example_external_task_marker_dag.py
[2025-01-29T23:33:55.135+0000] {logging_mixin.py:120} INFO - [2025-01-29T23:33:55.135+0000] {dag.py:2585} INFO - Sync 2 DAGs
[2025-01-29T23:33:55.167+0000] {logging_mixin.py:120} INFO - [2025-01-29T23:33:55.167+0000] {dag.py:3340} INFO - Setting next_dagrun for example_external_task_marker_child to None, run_after=None
[2025-01-29T23:33:55.172+0000] {logging_mixin.py:120} INFO - [2025-01-29T23:33:55.172+0000] {dag.py:3340} INFO - Setting next_dagrun for example_external_task_marker_parent to None, run_after=None
[2025-01-29T23:33:55.194+0000] {processor.py:176} INFO - Processing /home/airflow/.local/lib/python3.7/site-packages/airflow/example_dags/example_external_task_marker_dag.py took 0.294 seconds
[2025-01-29T23:34:25.285+0000] {processor.py:154} INFO - Started process (PID=394) to work on /home/airflow/.local/lib/python3.7/site-packages/airflow/example_dags/example_external_task_marker_dag.py
[2025-01-29T23:34:25.286+0000] {processor.py:756} INFO - Processing file /home/airflow/.local/lib/python3.7/site-packages/airflow/example_dags/example_external_task_marker_dag.py for tasks to queue
[2025-01-29T23:34:25.287+0000] {logging_mixin.py:120} INFO - [2025-01-29T23:34:25.287+0000] {dagbag.py:537} INFO - Filling up the DagBag from /home/airflow/.local/lib/python3.7/site-packages/airflow/example_dags/example_external_task_marker_dag.py
[2025-01-29T23:34:25.300+0000] {processor.py:766} INFO - DAG(s) dict_keys(['example_external_task_marker_child', 'example_external_task_marker_parent']) retrieved from /home/airflow/.local/lib/python3.7/site-packages/airflow/example_dags/example_external_task_marker_dag.py
[2025-01-29T23:34:25.501+0000] {logging_mixin.py:120} INFO - [2025-01-29T23:34:25.500+0000] {dag.py:2585} INFO - Sync 2 DAGs
[2025-01-29T23:34:25.538+0000] {logging_mixin.py:120} INFO - [2025-01-29T23:34:25.537+0000] {dag.py:3340} INFO - Setting next_dagrun for example_external_task_marker_child to None, run_after=None
[2025-01-29T23:34:25.542+0000] {logging_mixin.py:120} INFO - [2025-01-29T23:34:25.542+0000] {dag.py:3340} INFO - Setting next_dagrun for example_external_task_marker_parent to None, run_after=None
[2025-01-29T23:34:25.564+0000] {processor.py:176} INFO - Processing /home/airflow/.local/lib/python3.7/site-packages/airflow/example_dags/example_external_task_marker_dag.py took 0.282 seconds
[2025-01-29T23:34:55.722+0000] {processor.py:154} INFO - Started process (PID=449) to work on /home/airflow/.local/lib/python3.7/site-packages/airflow/example_dags/example_external_task_marker_dag.py
[2025-01-29T23:34:55.723+0000] {processor.py:756} INFO - Processing file /home/airflow/.local/lib/python3.7/site-packages/airflow/example_dags/example_external_task_marker_dag.py for tasks to queue
[2025-01-29T23:34:55.724+0000] {logging_mixin.py:120} INFO - [2025-01-29T23:34:55.723+0000] {dagbag.py:537} INFO - Filling up the DagBag from /home/airflow/.local/lib/python3.7/site-packages/airflow/example_dags/example_external_task_marker_dag.py
[2025-01-29T23:34:55.736+0000] {processor.py:766} INFO - DAG(s) dict_keys(['example_external_task_marker_child', 'example_external_task_marker_parent']) retrieved from /home/airflow/.local/lib/python3.7/site-packages/airflow/example_dags/example_external_task_marker_dag.py
[2025-01-29T23:34:55.943+0000] {logging_mixin.py:120} INFO - [2025-01-29T23:34:55.943+0000] {dag.py:2585} INFO - Sync 2 DAGs
[2025-01-29T23:34:55.977+0000] {logging_mixin.py:120} INFO - [2025-01-29T23:34:55.977+0000] {dag.py:3340} INFO - Setting next_dagrun for example_external_task_marker_child to None, run_after=None
[2025-01-29T23:34:55.982+0000] {logging_mixin.py:120} INFO - [2025-01-29T23:34:55.982+0000] {dag.py:3340} INFO - Setting next_dagrun for example_external_task_marker_parent to None, run_after=None
[2025-01-29T23:34:56.002+0000] {processor.py:176} INFO - Processing /home/airflow/.local/lib/python3.7/site-packages/airflow/example_dags/example_external_task_marker_dag.py took 0.283 seconds
[2025-01-29T23:35:26.730+0000] {processor.py:154} INFO - Started process (PID=513) to work on /home/airflow/.local/lib/python3.7/site-packages/airflow/example_dags/example_external_task_marker_dag.py
[2025-01-29T23:35:26.731+0000] {processor.py:756} INFO - Processing file /home/airflow/.local/lib/python3.7/site-packages/airflow/example_dags/example_external_task_marker_dag.py for tasks to queue
[2025-01-29T23:35:26.732+0000] {logging_mixin.py:120} INFO - [2025-01-29T23:35:26.732+0000] {dagbag.py:537} INFO - Filling up the DagBag from /home/airflow/.local/lib/python3.7/site-packages/airflow/example_dags/example_external_task_marker_dag.py
[2025-01-29T23:35:26.746+0000] {processor.py:766} INFO - DAG(s) dict_keys(['example_external_task_marker_parent', 'example_external_task_marker_child']) retrieved from /home/airflow/.local/lib/python3.7/site-packages/airflow/example_dags/example_external_task_marker_dag.py
[2025-01-29T23:35:26.794+0000] {logging_mixin.py:120} INFO - [2025-01-29T23:35:26.794+0000] {dag.py:2585} INFO - Sync 2 DAGs
[2025-01-29T23:35:26.831+0000] {logging_mixin.py:120} INFO - [2025-01-29T23:35:26.830+0000] {dag.py:3340} INFO - Setting next_dagrun for example_external_task_marker_child to None, run_after=None
[2025-01-29T23:35:26.836+0000] {logging_mixin.py:120} INFO - [2025-01-29T23:35:26.835+0000] {dag.py:3340} INFO - Setting next_dagrun for example_external_task_marker_parent to None, run_after=None
[2025-01-29T23:35:26.859+0000] {processor.py:176} INFO - Processing /home/airflow/.local/lib/python3.7/site-packages/airflow/example_dags/example_external_task_marker_dag.py took 0.132 seconds
[2025-01-29T23:35:57.002+0000] {processor.py:154} INFO - Started process (PID=577) to work on /home/airflow/.local/lib/python3.7/site-packages/airflow/example_dags/example_external_task_marker_dag.py
[2025-01-29T23:35:57.004+0000] {processor.py:756} INFO - Processing file /home/airflow/.local/lib/python3.7/site-packages/airflow/example_dags/example_external_task_marker_dag.py for tasks to queue
[2025-01-29T23:35:57.006+0000] {logging_mixin.py:120} INFO - [2025-01-29T23:35:57.005+0000] {dagbag.py:537} INFO - Filling up the DagBag from /home/airflow/.local/lib/python3.7/site-packages/airflow/example_dags/example_external_task_marker_dag.py
[2025-01-29T23:35:57.025+0000] {processor.py:766} INFO - DAG(s) dict_keys(['example_external_task_marker_parent', 'example_external_task_marker_child']) retrieved from /home/airflow/.local/lib/python3.7/site-packages/airflow/example_dags/example_external_task_marker_dag.py
[2025-01-29T23:35:57.309+0000] {logging_mixin.py:120} INFO - [2025-01-29T23:35:57.308+0000] {dag.py:2585} INFO - Sync 2 DAGs
[2025-01-29T23:35:57.345+0000] {logging_mixin.py:120} INFO - [2025-01-29T23:35:57.345+0000] {dag.py:3340} INFO - Setting next_dagrun for example_external_task_marker_child to None, run_after=None
[2025-01-29T23:35:57.350+0000] {logging_mixin.py:120} INFO - [2025-01-29T23:35:57.350+0000] {dag.py:3340} INFO - Setting next_dagrun for example_external_task_marker_parent to None, run_after=None
[2025-01-29T23:35:57.375+0000] {processor.py:176} INFO - Processing /home/airflow/.local/lib/python3.7/site-packages/airflow/example_dags/example_external_task_marker_dag.py took 0.379 seconds
[2025-01-29T23:36:28.034+0000] {processor.py:154} INFO - Started process (PID=639) to work on /home/airflow/.local/lib/python3.7/site-packages/airflow/example_dags/example_external_task_marker_dag.py
[2025-01-29T23:36:28.035+0000] {processor.py:756} INFO - Processing file /home/airflow/.local/lib/python3.7/site-packages/airflow/example_dags/example_external_task_marker_dag.py for tasks to queue
[2025-01-29T23:36:28.036+0000] {logging_mixin.py:120} INFO - [2025-01-29T23:36:28.036+0000] {dagbag.py:537} INFO - Filling up the DagBag from /home/airflow/.local/lib/python3.7/site-packages/airflow/example_dags/example_external_task_marker_dag.py
[2025-01-29T23:36:28.053+0000] {processor.py:766} INFO - DAG(s) dict_keys(['example_external_task_marker_child', 'example_external_task_marker_parent']) retrieved from /home/airflow/.local/lib/python3.7/site-packages/airflow/example_dags/example_external_task_marker_dag.py
[2025-01-29T23:36:28.321+0000] {logging_mixin.py:120} INFO - [2025-01-29T23:36:28.321+0000] {dag.py:2585} INFO - Sync 2 DAGs
[2025-01-29T23:36:28.373+0000] {logging_mixin.py:120} INFO - [2025-01-29T23:36:28.372+0000] {dag.py:3340} INFO - Setting next_dagrun for example_external_task_marker_child to None, run_after=None
[2025-01-29T23:36:28.379+0000] {logging_mixin.py:120} INFO - [2025-01-29T23:36:28.379+0000] {dag.py:3340} INFO - Setting next_dagrun for example_external_task_marker_parent to None, run_after=None
[2025-01-29T23:36:28.423+0000] {processor.py:176} INFO - Processing /home/airflow/.local/lib/python3.7/site-packages/airflow/example_dags/example_external_task_marker_dag.py took 0.393 seconds
[2025-01-29T23:36:58.496+0000] {processor.py:154} INFO - Started process (PID=697) to work on /home/airflow/.local/lib/python3.7/site-packages/airflow/example_dags/example_external_task_marker_dag.py
[2025-01-29T23:36:58.497+0000] {processor.py:756} INFO - Processing file /home/airflow/.local/lib/python3.7/site-packages/airflow/example_dags/example_external_task_marker_dag.py for tasks to queue
[2025-01-29T23:36:58.498+0000] {logging_mixin.py:120} INFO - [2025-01-29T23:36:58.498+0000] {dagbag.py:537} INFO - Filling up the DagBag from /home/airflow/.local/lib/python3.7/site-packages/airflow/example_dags/example_external_task_marker_dag.py
[2025-01-29T23:36:58.516+0000] {processor.py:766} INFO - DAG(s) dict_keys(['example_external_task_marker_parent', 'example_external_task_marker_child']) retrieved from /home/airflow/.local/lib/python3.7/site-packages/airflow/example_dags/example_external_task_marker_dag.py
[2025-01-29T23:36:58.762+0000] {logging_mixin.py:120} INFO - [2025-01-29T23:36:58.761+0000] {dag.py:2585} INFO - Sync 2 DAGs
[2025-01-29T23:36:58.793+0000] {logging_mixin.py:120} INFO - [2025-01-29T23:36:58.793+0000] {dag.py:3340} INFO - Setting next_dagrun for example_external_task_marker_child to None, run_after=None
[2025-01-29T23:36:58.798+0000] {logging_mixin.py:120} INFO - [2025-01-29T23:36:58.798+0000] {dag.py:3340} INFO - Setting next_dagrun for example_external_task_marker_parent to None, run_after=None
[2025-01-29T23:36:58.819+0000] {processor.py:176} INFO - Processing /home/airflow/.local/lib/python3.7/site-packages/airflow/example_dags/example_external_task_marker_dag.py took 0.326 seconds
[2025-01-29T23:37:28.884+0000] {processor.py:154} INFO - Started process (PID=762) to work on /home/airflow/.local/lib/python3.7/site-packages/airflow/example_dags/example_external_task_marker_dag.py
[2025-01-29T23:37:28.885+0000] {processor.py:756} INFO - Processing file /home/airflow/.local/lib/python3.7/site-packages/airflow/example_dags/example_external_task_marker_dag.py for tasks to queue
[2025-01-29T23:37:28.886+0000] {logging_mixin.py:120} INFO - [2025-01-29T23:37:28.886+0000] {dagbag.py:537} INFO - Filling up the DagBag from /home/airflow/.local/lib/python3.7/site-packages/airflow/example_dags/example_external_task_marker_dag.py
[2025-01-29T23:37:28.898+0000] {processor.py:766} INFO - DAG(s) dict_keys(['example_external_task_marker_child', 'example_external_task_marker_parent']) retrieved from /home/airflow/.local/lib/python3.7/site-packages/airflow/example_dags/example_external_task_marker_dag.py
[2025-01-29T23:37:29.098+0000] {logging_mixin.py:120} INFO - [2025-01-29T23:37:29.098+0000] {dag.py:2585} INFO - Sync 2 DAGs
[2025-01-29T23:37:29.134+0000] {logging_mixin.py:120} INFO - [2025-01-29T23:37:29.134+0000] {dag.py:3340} INFO - Setting next_dagrun for example_external_task_marker_child to None, run_after=None
[2025-01-29T23:37:29.140+0000] {logging_mixin.py:120} INFO - [2025-01-29T23:37:29.140+0000] {dag.py:3340} INFO - Setting next_dagrun for example_external_task_marker_parent to None, run_after=None
[2025-01-29T23:37:29.164+0000] {processor.py:176} INFO - Processing /home/airflow/.local/lib/python3.7/site-packages/airflow/example_dags/example_external_task_marker_dag.py took 0.283 seconds
[2025-01-29T23:37:59.455+0000] {processor.py:154} INFO - Started process (PID=824) to work on /home/airflow/.local/lib/python3.7/site-packages/airflow/example_dags/example_external_task_marker_dag.py
[2025-01-29T23:37:59.457+0000] {processor.py:756} INFO - Processing file /home/airflow/.local/lib/python3.7/site-packages/airflow/example_dags/example_external_task_marker_dag.py for tasks to queue
[2025-01-29T23:37:59.464+0000] {logging_mixin.py:120} INFO - [2025-01-29T23:37:59.463+0000] {dagbag.py:537} INFO - Filling up the DagBag from /home/airflow/.local/lib/python3.7/site-packages/airflow/example_dags/example_external_task_marker_dag.py
[2025-01-29T23:37:59.489+0000] {processor.py:766} INFO - DAG(s) dict_keys(['example_external_task_marker_parent', 'example_external_task_marker_child']) retrieved from /home/airflow/.local/lib/python3.7/site-packages/airflow/example_dags/example_external_task_marker_dag.py
[2025-01-29T23:37:59.755+0000] {logging_mixin.py:120} INFO - [2025-01-29T23:37:59.754+0000] {dag.py:2585} INFO - Sync 2 DAGs
[2025-01-29T23:37:59.793+0000] {logging_mixin.py:120} INFO - [2025-01-29T23:37:59.793+0000] {dag.py:3340} INFO - Setting next_dagrun for example_external_task_marker_child to None, run_after=None
[2025-01-29T23:37:59.799+0000] {logging_mixin.py:120} INFO - [2025-01-29T23:37:59.799+0000] {dag.py:3340} INFO - Setting next_dagrun for example_external_task_marker_parent to None, run_after=None
[2025-01-29T23:37:59.826+0000] {processor.py:176} INFO - Processing /home/airflow/.local/lib/python3.7/site-packages/airflow/example_dags/example_external_task_marker_dag.py took 0.375 seconds
[2025-01-29T23:38:30.607+0000] {processor.py:154} INFO - Started process (PID=879) to work on /home/airflow/.local/lib/python3.7/site-packages/airflow/example_dags/example_external_task_marker_dag.py
[2025-01-29T23:38:30.608+0000] {processor.py:756} INFO - Processing file /home/airflow/.local/lib/python3.7/site-packages/airflow/example_dags/example_external_task_marker_dag.py for tasks to queue
[2025-01-29T23:38:30.609+0000] {logging_mixin.py:120} INFO - [2025-01-29T23:38:30.608+0000] {dagbag.py:537} INFO - Filling up the DagBag from /home/airflow/.local/lib/python3.7/site-packages/airflow/example_dags/example_external_task_marker_dag.py
[2025-01-29T23:38:30.623+0000] {processor.py:766} INFO - DAG(s) dict_keys(['example_external_task_marker_parent', 'example_external_task_marker_child']) retrieved from /home/airflow/.local/lib/python3.7/site-packages/airflow/example_dags/example_external_task_marker_dag.py
[2025-01-29T23:38:30.830+0000] {logging_mixin.py:120} INFO - [2025-01-29T23:38:30.829+0000] {dag.py:2585} INFO - Sync 2 DAGs
[2025-01-29T23:38:30.871+0000] {logging_mixin.py:120} INFO - [2025-01-29T23:38:30.871+0000] {dag.py:3340} INFO - Setting next_dagrun for example_external_task_marker_child to None, run_after=None
[2025-01-29T23:38:30.877+0000] {logging_mixin.py:120} INFO - [2025-01-29T23:38:30.877+0000] {dag.py:3340} INFO - Setting next_dagrun for example_external_task_marker_parent to None, run_after=None
[2025-01-29T23:38:30.904+0000] {processor.py:176} INFO - Processing /home/airflow/.local/lib/python3.7/site-packages/airflow/example_dags/example_external_task_marker_dag.py took 0.300 seconds
[2025-01-29T23:39:01.252+0000] {processor.py:154} INFO - Started process (PID=943) to work on /home/airflow/.local/lib/python3.7/site-packages/airflow/example_dags/example_external_task_marker_dag.py
[2025-01-29T23:39:01.253+0000] {processor.py:756} INFO - Processing file /home/airflow/.local/lib/python3.7/site-packages/airflow/example_dags/example_external_task_marker_dag.py for tasks to queue
[2025-01-29T23:39:01.254+0000] {logging_mixin.py:120} INFO - [2025-01-29T23:39:01.254+0000] {dagbag.py:537} INFO - Filling up the DagBag from /home/airflow/.local/lib/python3.7/site-packages/airflow/example_dags/example_external_task_marker_dag.py
[2025-01-29T23:39:01.267+0000] {processor.py:766} INFO - DAG(s) dict_keys(['example_external_task_marker_parent', 'example_external_task_marker_child']) retrieved from /home/airflow/.local/lib/python3.7/site-packages/airflow/example_dags/example_external_task_marker_dag.py
[2025-01-29T23:39:01.523+0000] {logging_mixin.py:120} INFO - [2025-01-29T23:39:01.523+0000] {dag.py:2585} INFO - Sync 2 DAGs
[2025-01-29T23:39:01.563+0000] {logging_mixin.py:120} INFO - [2025-01-29T23:39:01.563+0000] {dag.py:3340} INFO - Setting next_dagrun for example_external_task_marker_child to None, run_after=None
[2025-01-29T23:39:01.568+0000] {logging_mixin.py:120} INFO - [2025-01-29T23:39:01.568+0000] {dag.py:3340} INFO - Setting next_dagrun for example_external_task_marker_parent to None, run_after=None
[2025-01-29T23:39:01.592+0000] {processor.py:176} INFO - Processing /home/airflow/.local/lib/python3.7/site-packages/airflow/example_dags/example_external_task_marker_dag.py took 0.342 seconds
[2025-01-29T23:39:32.116+0000] {processor.py:154} INFO - Started process (PID=1007) to work on /home/airflow/.local/lib/python3.7/site-packages/airflow/example_dags/example_external_task_marker_dag.py
[2025-01-29T23:39:32.117+0000] {processor.py:756} INFO - Processing file /home/airflow/.local/lib/python3.7/site-packages/airflow/example_dags/example_external_task_marker_dag.py for tasks to queue
[2025-01-29T23:39:32.117+0000] {logging_mixin.py:120} INFO - [2025-01-29T23:39:32.117+0000] {dagbag.py:537} INFO - Filling up the DagBag from /home/airflow/.local/lib/python3.7/site-packages/airflow/example_dags/example_external_task_marker_dag.py
[2025-01-29T23:39:32.132+0000] {processor.py:766} INFO - DAG(s) dict_keys(['example_external_task_marker_child', 'example_external_task_marker_parent']) retrieved from /home/airflow/.local/lib/python3.7/site-packages/airflow/example_dags/example_external_task_marker_dag.py
[2025-01-29T23:39:32.349+0000] {logging_mixin.py:120} INFO - [2025-01-29T23:39:32.349+0000] {dag.py:2585} INFO - Sync 2 DAGs
[2025-01-29T23:39:32.380+0000] {logging_mixin.py:120} INFO - [2025-01-29T23:39:32.380+0000] {dag.py:3340} INFO - Setting next_dagrun for example_external_task_marker_child to None, run_after=None
[2025-01-29T23:39:32.384+0000] {logging_mixin.py:120} INFO - [2025-01-29T23:39:32.384+0000] {dag.py:3340} INFO - Setting next_dagrun for example_external_task_marker_parent to None, run_after=None
[2025-01-29T23:39:32.404+0000] {processor.py:176} INFO - Processing /home/airflow/.local/lib/python3.7/site-packages/airflow/example_dags/example_external_task_marker_dag.py took 0.291 seconds
[2025-01-29T23:40:02.551+0000] {processor.py:154} INFO - Started process (PID=1063) to work on /home/airflow/.local/lib/python3.7/site-packages/airflow/example_dags/example_external_task_marker_dag.py
[2025-01-29T23:40:02.552+0000] {processor.py:756} INFO - Processing file /home/airflow/.local/lib/python3.7/site-packages/airflow/example_dags/example_external_task_marker_dag.py for tasks to queue
[2025-01-29T23:40:02.553+0000] {logging_mixin.py:120} INFO - [2025-01-29T23:40:02.552+0000] {dagbag.py:537} INFO - Filling up the DagBag from /home/airflow/.local/lib/python3.7/site-packages/airflow/example_dags/example_external_task_marker_dag.py
[2025-01-29T23:40:02.565+0000] {processor.py:766} INFO - DAG(s) dict_keys(['example_external_task_marker_parent', 'example_external_task_marker_child']) retrieved from /home/airflow/.local/lib/python3.7/site-packages/airflow/example_dags/example_external_task_marker_dag.py
[2025-01-29T23:40:02.764+0000] {logging_mixin.py:120} INFO - [2025-01-29T23:40:02.764+0000] {dag.py:2585} INFO - Sync 2 DAGs
[2025-01-29T23:40:02.794+0000] {logging_mixin.py:120} INFO - [2025-01-29T23:40:02.793+0000] {dag.py:3340} INFO - Setting next_dagrun for example_external_task_marker_child to None, run_after=None
[2025-01-29T23:40:02.798+0000] {logging_mixin.py:120} INFO - [2025-01-29T23:40:02.797+0000] {dag.py:3340} INFO - Setting next_dagrun for example_external_task_marker_parent to None, run_after=None
[2025-01-29T23:40:02.817+0000] {processor.py:176} INFO - Processing /home/airflow/.local/lib/python3.7/site-packages/airflow/example_dags/example_external_task_marker_dag.py took 0.269 seconds
[2025-01-29T23:40:32.945+0000] {processor.py:154} INFO - Started process (PID=1127) to work on /home/airflow/.local/lib/python3.7/site-packages/airflow/example_dags/example_external_task_marker_dag.py
[2025-01-29T23:40:32.946+0000] {processor.py:756} INFO - Processing file /home/airflow/.local/lib/python3.7/site-packages/airflow/example_dags/example_external_task_marker_dag.py for tasks to queue
[2025-01-29T23:40:32.947+0000] {logging_mixin.py:120} INFO - [2025-01-29T23:40:32.946+0000] {dagbag.py:537} INFO - Filling up the DagBag from /home/airflow/.local/lib/python3.7/site-packages/airflow/example_dags/example_external_task_marker_dag.py
[2025-01-29T23:40:32.959+0000] {processor.py:766} INFO - DAG(s) dict_keys(['example_external_task_marker_child', 'example_external_task_marker_parent']) retrieved from /home/airflow/.local/lib/python3.7/site-packages/airflow/example_dags/example_external_task_marker_dag.py
[2025-01-29T23:40:33.160+0000] {logging_mixin.py:120} INFO - [2025-01-29T23:40:33.160+0000] {dag.py:2585} INFO - Sync 2 DAGs
[2025-01-29T23:40:33.191+0000] {logging_mixin.py:120} INFO - [2025-01-29T23:40:33.191+0000] {dag.py:3340} INFO - Setting next_dagrun for example_external_task_marker_child to None, run_after=None
[2025-01-29T23:40:33.195+0000] {logging_mixin.py:120} INFO - [2025-01-29T23:40:33.195+0000] {dag.py:3340} INFO - Setting next_dagrun for example_external_task_marker_parent to None, run_after=None
[2025-01-29T23:40:33.216+0000] {processor.py:176} INFO - Processing /home/airflow/.local/lib/python3.7/site-packages/airflow/example_dags/example_external_task_marker_dag.py took 0.274 seconds
[2025-01-29T23:41:03.497+0000] {processor.py:154} INFO - Started process (PID=1190) to work on /home/airflow/.local/lib/python3.7/site-packages/airflow/example_dags/example_external_task_marker_dag.py
[2025-01-29T23:41:03.498+0000] {processor.py:756} INFO - Processing file /home/airflow/.local/lib/python3.7/site-packages/airflow/example_dags/example_external_task_marker_dag.py for tasks to queue
[2025-01-29T23:41:03.498+0000] {logging_mixin.py:120} INFO - [2025-01-29T23:41:03.498+0000] {dagbag.py:537} INFO - Filling up the DagBag from /home/airflow/.local/lib/python3.7/site-packages/airflow/example_dags/example_external_task_marker_dag.py
[2025-01-29T23:41:03.511+0000] {processor.py:766} INFO - DAG(s) dict_keys(['example_external_task_marker_parent', 'example_external_task_marker_child']) retrieved from /home/airflow/.local/lib/python3.7/site-packages/airflow/example_dags/example_external_task_marker_dag.py
[2025-01-29T23:41:03.716+0000] {logging_mixin.py:120} INFO - [2025-01-29T23:41:03.716+0000] {dag.py:2585} INFO - Sync 2 DAGs
[2025-01-29T23:41:03.748+0000] {logging_mixin.py:120} INFO - [2025-01-29T23:41:03.748+0000] {dag.py:3340} INFO - Setting next_dagrun for example_external_task_marker_child to None, run_after=None
[2025-01-29T23:41:03.752+0000] {logging_mixin.py:120} INFO - [2025-01-29T23:41:03.752+0000] {dag.py:3340} INFO - Setting next_dagrun for example_external_task_marker_parent to None, run_after=None
[2025-01-29T23:41:03.771+0000] {processor.py:176} INFO - Processing /home/airflow/.local/lib/python3.7/site-packages/airflow/example_dags/example_external_task_marker_dag.py took 0.277 seconds
[2025-01-29T23:41:34.206+0000] {processor.py:154} INFO - Started process (PID=1255) to work on /home/airflow/.local/lib/python3.7/site-packages/airflow/example_dags/example_external_task_marker_dag.py
[2025-01-29T23:41:34.207+0000] {processor.py:756} INFO - Processing file /home/airflow/.local/lib/python3.7/site-packages/airflow/example_dags/example_external_task_marker_dag.py for tasks to queue
[2025-01-29T23:41:34.208+0000] {logging_mixin.py:120} INFO - [2025-01-29T23:41:34.207+0000] {dagbag.py:537} INFO - Filling up the DagBag from /home/airflow/.local/lib/python3.7/site-packages/airflow/example_dags/example_external_task_marker_dag.py
[2025-01-29T23:41:34.224+0000] {processor.py:766} INFO - DAG(s) dict_keys(['example_external_task_marker_parent', 'example_external_task_marker_child']) retrieved from /home/airflow/.local/lib/python3.7/site-packages/airflow/example_dags/example_external_task_marker_dag.py
[2025-01-29T23:41:34.426+0000] {logging_mixin.py:120} INFO - [2025-01-29T23:41:34.425+0000] {dag.py:2585} INFO - Sync 2 DAGs
[2025-01-29T23:41:34.457+0000] {logging_mixin.py:120} INFO - [2025-01-29T23:41:34.457+0000] {dag.py:3340} INFO - Setting next_dagrun for example_external_task_marker_child to None, run_after=None
[2025-01-29T23:41:34.461+0000] {logging_mixin.py:120} INFO - [2025-01-29T23:41:34.461+0000] {dag.py:3340} INFO - Setting next_dagrun for example_external_task_marker_parent to None, run_after=None
[2025-01-29T23:41:34.483+0000] {processor.py:176} INFO - Processing /home/airflow/.local/lib/python3.7/site-packages/airflow/example_dags/example_external_task_marker_dag.py took 0.280 seconds
[2025-01-29T23:42:05.056+0000] {processor.py:154} INFO - Started process (PID=1310) to work on /home/airflow/.local/lib/python3.7/site-packages/airflow/example_dags/example_external_task_marker_dag.py
[2025-01-29T23:42:05.057+0000] {processor.py:756} INFO - Processing file /home/airflow/.local/lib/python3.7/site-packages/airflow/example_dags/example_external_task_marker_dag.py for tasks to queue
[2025-01-29T23:42:05.058+0000] {logging_mixin.py:120} INFO - [2025-01-29T23:42:05.057+0000] {dagbag.py:537} INFO - Filling up the DagBag from /home/airflow/.local/lib/python3.7/site-packages/airflow/example_dags/example_external_task_marker_dag.py
[2025-01-29T23:42:05.071+0000] {processor.py:766} INFO - DAG(s) dict_keys(['example_external_task_marker_child', 'example_external_task_marker_parent']) retrieved from /home/airflow/.local/lib/python3.7/site-packages/airflow/example_dags/example_external_task_marker_dag.py
[2025-01-29T23:42:05.290+0000] {logging_mixin.py:120} INFO - [2025-01-29T23:42:05.290+0000] {dag.py:2585} INFO - Sync 2 DAGs
[2025-01-29T23:42:05.329+0000] {logging_mixin.py:120} INFO - [2025-01-29T23:42:05.328+0000] {dag.py:3340} INFO - Setting next_dagrun for example_external_task_marker_child to None, run_after=None
[2025-01-29T23:42:05.332+0000] {logging_mixin.py:120} INFO - [2025-01-29T23:42:05.332+0000] {dag.py:3340} INFO - Setting next_dagrun for example_external_task_marker_parent to None, run_after=None
[2025-01-29T23:42:05.353+0000] {processor.py:176} INFO - Processing /home/airflow/.local/lib/python3.7/site-packages/airflow/example_dags/example_external_task_marker_dag.py took 0.300 seconds
[2025-01-29T23:42:35.943+0000] {processor.py:154} INFO - Started process (PID=1374) to work on /home/airflow/.local/lib/python3.7/site-packages/airflow/example_dags/example_external_task_marker_dag.py
[2025-01-29T23:42:35.944+0000] {processor.py:756} INFO - Processing file /home/airflow/.local/lib/python3.7/site-packages/airflow/example_dags/example_external_task_marker_dag.py for tasks to queue
[2025-01-29T23:42:35.945+0000] {logging_mixin.py:120} INFO - [2025-01-29T23:42:35.944+0000] {dagbag.py:537} INFO - Filling up the DagBag from /home/airflow/.local/lib/python3.7/site-packages/airflow/example_dags/example_external_task_marker_dag.py
[2025-01-29T23:42:35.957+0000] {processor.py:766} INFO - DAG(s) dict_keys(['example_external_task_marker_parent', 'example_external_task_marker_child']) retrieved from /home/airflow/.local/lib/python3.7/site-packages/airflow/example_dags/example_external_task_marker_dag.py
[2025-01-29T23:42:36.188+0000] {logging_mixin.py:120} INFO - [2025-01-29T23:42:36.188+0000] {dag.py:2585} INFO - Sync 2 DAGs
[2025-01-29T23:42:36.228+0000] {logging_mixin.py:120} INFO - [2025-01-29T23:42:36.228+0000] {dag.py:3340} INFO - Setting next_dagrun for example_external_task_marker_child to None, run_after=None
[2025-01-29T23:42:36.234+0000] {logging_mixin.py:120} INFO - [2025-01-29T23:42:36.234+0000] {dag.py:3340} INFO - Setting next_dagrun for example_external_task_marker_parent to None, run_after=None
[2025-01-29T23:42:36.262+0000] {processor.py:176} INFO - Processing /home/airflow/.local/lib/python3.7/site-packages/airflow/example_dags/example_external_task_marker_dag.py took 0.322 seconds
[2025-01-29T23:43:06.608+0000] {processor.py:154} INFO - Started process (PID=1439) to work on /home/airflow/.local/lib/python3.7/site-packages/airflow/example_dags/example_external_task_marker_dag.py
[2025-01-29T23:43:06.609+0000] {processor.py:756} INFO - Processing file /home/airflow/.local/lib/python3.7/site-packages/airflow/example_dags/example_external_task_marker_dag.py for tasks to queue
[2025-01-29T23:43:06.610+0000] {logging_mixin.py:120} INFO - [2025-01-29T23:43:06.610+0000] {dagbag.py:537} INFO - Filling up the DagBag from /home/airflow/.local/lib/python3.7/site-packages/airflow/example_dags/example_external_task_marker_dag.py
[2025-01-29T23:43:06.623+0000] {processor.py:766} INFO - DAG(s) dict_keys(['example_external_task_marker_child', 'example_external_task_marker_parent']) retrieved from /home/airflow/.local/lib/python3.7/site-packages/airflow/example_dags/example_external_task_marker_dag.py
[2025-01-29T23:43:06.835+0000] {logging_mixin.py:120} INFO - [2025-01-29T23:43:06.835+0000] {dag.py:2585} INFO - Sync 2 DAGs
[2025-01-29T23:43:06.867+0000] {logging_mixin.py:120} INFO - [2025-01-29T23:43:06.867+0000] {dag.py:3340} INFO - Setting next_dagrun for example_external_task_marker_child to None, run_after=None
[2025-01-29T23:43:06.871+0000] {logging_mixin.py:120} INFO - [2025-01-29T23:43:06.871+0000] {dag.py:3340} INFO - Setting next_dagrun for example_external_task_marker_parent to None, run_after=None
[2025-01-29T23:43:06.890+0000] {processor.py:176} INFO - Processing /home/airflow/.local/lib/python3.7/site-packages/airflow/example_dags/example_external_task_marker_dag.py took 0.285 seconds
[2025-01-29T23:43:37.329+0000] {processor.py:154} INFO - Started process (PID=1494) to work on /home/airflow/.local/lib/python3.7/site-packages/airflow/example_dags/example_external_task_marker_dag.py
[2025-01-29T23:43:37.330+0000] {processor.py:756} INFO - Processing file /home/airflow/.local/lib/python3.7/site-packages/airflow/example_dags/example_external_task_marker_dag.py for tasks to queue
[2025-01-29T23:43:37.331+0000] {logging_mixin.py:120} INFO - [2025-01-29T23:43:37.331+0000] {dagbag.py:537} INFO - Filling up the DagBag from /home/airflow/.local/lib/python3.7/site-packages/airflow/example_dags/example_external_task_marker_dag.py
[2025-01-29T23:43:37.343+0000] {processor.py:766} INFO - DAG(s) dict_keys(['example_external_task_marker_child', 'example_external_task_marker_parent']) retrieved from /home/airflow/.local/lib/python3.7/site-packages/airflow/example_dags/example_external_task_marker_dag.py
[2025-01-29T23:43:37.550+0000] {logging_mixin.py:120} INFO - [2025-01-29T23:43:37.550+0000] {dag.py:2585} INFO - Sync 2 DAGs
[2025-01-29T23:43:37.583+0000] {logging_mixin.py:120} INFO - [2025-01-29T23:43:37.583+0000] {dag.py:3340} INFO - Setting next_dagrun for example_external_task_marker_child to None, run_after=None
[2025-01-29T23:43:37.587+0000] {logging_mixin.py:120} INFO - [2025-01-29T23:43:37.587+0000] {dag.py:3340} INFO - Setting next_dagrun for example_external_task_marker_parent to None, run_after=None
[2025-01-29T23:43:37.609+0000] {processor.py:176} INFO - Processing /home/airflow/.local/lib/python3.7/site-packages/airflow/example_dags/example_external_task_marker_dag.py took 0.283 seconds
[2025-01-29T23:44:07.877+0000] {processor.py:154} INFO - Started process (PID=1558) to work on /home/airflow/.local/lib/python3.7/site-packages/airflow/example_dags/example_external_task_marker_dag.py
[2025-01-29T23:44:07.878+0000] {processor.py:756} INFO - Processing file /home/airflow/.local/lib/python3.7/site-packages/airflow/example_dags/example_external_task_marker_dag.py for tasks to queue
[2025-01-29T23:44:07.879+0000] {logging_mixin.py:120} INFO - [2025-01-29T23:44:07.879+0000] {dagbag.py:537} INFO - Filling up the DagBag from /home/airflow/.local/lib/python3.7/site-packages/airflow/example_dags/example_external_task_marker_dag.py
[2025-01-29T23:44:07.892+0000] {processor.py:766} INFO - DAG(s) dict_keys(['example_external_task_marker_child', 'example_external_task_marker_parent']) retrieved from /home/airflow/.local/lib/python3.7/site-packages/airflow/example_dags/example_external_task_marker_dag.py
[2025-01-29T23:44:08.094+0000] {logging_mixin.py:120} INFO - [2025-01-29T23:44:08.094+0000] {dag.py:2585} INFO - Sync 2 DAGs
[2025-01-29T23:44:08.126+0000] {logging_mixin.py:120} INFO - [2025-01-29T23:44:08.126+0000] {dag.py:3340} INFO - Setting next_dagrun for example_external_task_marker_child to None, run_after=None
[2025-01-29T23:44:08.130+0000] {logging_mixin.py:120} INFO - [2025-01-29T23:44:08.130+0000] {dag.py:3340} INFO - Setting next_dagrun for example_external_task_marker_parent to None, run_after=None
[2025-01-29T23:44:08.151+0000] {processor.py:176} INFO - Processing /home/airflow/.local/lib/python3.7/site-packages/airflow/example_dags/example_external_task_marker_dag.py took 0.277 seconds
[2025-01-29T23:44:38.420+0000] {processor.py:154} INFO - Started process (PID=1622) to work on /home/airflow/.local/lib/python3.7/site-packages/airflow/example_dags/example_external_task_marker_dag.py
[2025-01-29T23:44:38.421+0000] {processor.py:756} INFO - Processing file /home/airflow/.local/lib/python3.7/site-packages/airflow/example_dags/example_external_task_marker_dag.py for tasks to queue
[2025-01-29T23:44:38.422+0000] {logging_mixin.py:120} INFO - [2025-01-29T23:44:38.422+0000] {dagbag.py:537} INFO - Filling up the DagBag from /home/airflow/.local/lib/python3.7/site-packages/airflow/example_dags/example_external_task_marker_dag.py
[2025-01-29T23:44:38.437+0000] {processor.py:766} INFO - DAG(s) dict_keys(['example_external_task_marker_child', 'example_external_task_marker_parent']) retrieved from /home/airflow/.local/lib/python3.7/site-packages/airflow/example_dags/example_external_task_marker_dag.py
[2025-01-29T23:44:38.655+0000] {logging_mixin.py:120} INFO - [2025-01-29T23:44:38.654+0000] {dag.py:2585} INFO - Sync 2 DAGs
[2025-01-29T23:44:38.689+0000] {logging_mixin.py:120} INFO - [2025-01-29T23:44:38.688+0000] {dag.py:3340} INFO - Setting next_dagrun for example_external_task_marker_child to None, run_after=None
[2025-01-29T23:44:38.693+0000] {logging_mixin.py:120} INFO - [2025-01-29T23:44:38.693+0000] {dag.py:3340} INFO - Setting next_dagrun for example_external_task_marker_parent to None, run_after=None
[2025-01-29T23:44:38.720+0000] {processor.py:176} INFO - Processing /home/airflow/.local/lib/python3.7/site-packages/airflow/example_dags/example_external_task_marker_dag.py took 0.303 seconds
[2025-01-29T23:45:09.068+0000] {processor.py:154} INFO - Started process (PID=1686) to work on /home/airflow/.local/lib/python3.7/site-packages/airflow/example_dags/example_external_task_marker_dag.py
[2025-01-29T23:45:09.069+0000] {processor.py:756} INFO - Processing file /home/airflow/.local/lib/python3.7/site-packages/airflow/example_dags/example_external_task_marker_dag.py for tasks to queue
[2025-01-29T23:45:09.070+0000] {logging_mixin.py:120} INFO - [2025-01-29T23:45:09.070+0000] {dagbag.py:537} INFO - Filling up the DagBag from /home/airflow/.local/lib/python3.7/site-packages/airflow/example_dags/example_external_task_marker_dag.py
[2025-01-29T23:45:09.084+0000] {processor.py:766} INFO - DAG(s) dict_keys(['example_external_task_marker_child', 'example_external_task_marker_parent']) retrieved from /home/airflow/.local/lib/python3.7/site-packages/airflow/example_dags/example_external_task_marker_dag.py
[2025-01-29T23:45:09.337+0000] {logging_mixin.py:120} INFO - [2025-01-29T23:45:09.337+0000] {dag.py:2585} INFO - Sync 2 DAGs
[2025-01-29T23:45:09.368+0000] {logging_mixin.py:120} INFO - [2025-01-29T23:45:09.368+0000] {dag.py:3340} INFO - Setting next_dagrun for example_external_task_marker_child to None, run_after=None
[2025-01-29T23:45:09.373+0000] {logging_mixin.py:120} INFO - [2025-01-29T23:45:09.373+0000] {dag.py:3340} INFO - Setting next_dagrun for example_external_task_marker_parent to None, run_after=None
[2025-01-29T23:45:09.396+0000] {processor.py:176} INFO - Processing /home/airflow/.local/lib/python3.7/site-packages/airflow/example_dags/example_external_task_marker_dag.py took 0.330 seconds
[2025-01-29T23:45:39.638+0000] {processor.py:154} INFO - Started process (PID=1741) to work on /home/airflow/.local/lib/python3.7/site-packages/airflow/example_dags/example_external_task_marker_dag.py
[2025-01-29T23:45:39.639+0000] {processor.py:756} INFO - Processing file /home/airflow/.local/lib/python3.7/site-packages/airflow/example_dags/example_external_task_marker_dag.py for tasks to queue
[2025-01-29T23:45:39.640+0000] {logging_mixin.py:120} INFO - [2025-01-29T23:45:39.640+0000] {dagbag.py:537} INFO - Filling up the DagBag from /home/airflow/.local/lib/python3.7/site-packages/airflow/example_dags/example_external_task_marker_dag.py
[2025-01-29T23:45:39.656+0000] {processor.py:766} INFO - DAG(s) dict_keys(['example_external_task_marker_child', 'example_external_task_marker_parent']) retrieved from /home/airflow/.local/lib/python3.7/site-packages/airflow/example_dags/example_external_task_marker_dag.py
[2025-01-29T23:45:39.900+0000] {logging_mixin.py:120} INFO - [2025-01-29T23:45:39.900+0000] {dag.py:2585} INFO - Sync 2 DAGs
[2025-01-29T23:45:39.933+0000] {logging_mixin.py:120} INFO - [2025-01-29T23:45:39.933+0000] {dag.py:3340} INFO - Setting next_dagrun for example_external_task_marker_child to None, run_after=None
[2025-01-29T23:45:39.938+0000] {logging_mixin.py:120} INFO - [2025-01-29T23:45:39.937+0000] {dag.py:3340} INFO - Setting next_dagrun for example_external_task_marker_parent to None, run_after=None
[2025-01-29T23:45:39.959+0000] {processor.py:176} INFO - Processing /home/airflow/.local/lib/python3.7/site-packages/airflow/example_dags/example_external_task_marker_dag.py took 0.323 seconds
[2025-01-29T23:46:10.195+0000] {processor.py:154} INFO - Started process (PID=1805) to work on /home/airflow/.local/lib/python3.7/site-packages/airflow/example_dags/example_external_task_marker_dag.py
[2025-01-29T23:46:10.196+0000] {processor.py:756} INFO - Processing file /home/airflow/.local/lib/python3.7/site-packages/airflow/example_dags/example_external_task_marker_dag.py for tasks to queue
[2025-01-29T23:46:10.196+0000] {logging_mixin.py:120} INFO - [2025-01-29T23:46:10.196+0000] {dagbag.py:537} INFO - Filling up the DagBag from /home/airflow/.local/lib/python3.7/site-packages/airflow/example_dags/example_external_task_marker_dag.py
[2025-01-29T23:46:10.209+0000] {processor.py:766} INFO - DAG(s) dict_keys(['example_external_task_marker_parent', 'example_external_task_marker_child']) retrieved from /home/airflow/.local/lib/python3.7/site-packages/airflow/example_dags/example_external_task_marker_dag.py
[2025-01-29T23:46:10.415+0000] {logging_mixin.py:120} INFO - [2025-01-29T23:46:10.414+0000] {dag.py:2585} INFO - Sync 2 DAGs
[2025-01-29T23:46:10.448+0000] {logging_mixin.py:120} INFO - [2025-01-29T23:46:10.447+0000] {dag.py:3340} INFO - Setting next_dagrun for example_external_task_marker_child to None, run_after=None
[2025-01-29T23:46:10.452+0000] {logging_mixin.py:120} INFO - [2025-01-29T23:46:10.452+0000] {dag.py:3340} INFO - Setting next_dagrun for example_external_task_marker_parent to None, run_after=None
[2025-01-29T23:46:10.473+0000] {processor.py:176} INFO - Processing /home/airflow/.local/lib/python3.7/site-packages/airflow/example_dags/example_external_task_marker_dag.py took 0.281 seconds
[2025-01-29T23:46:40.767+0000] {processor.py:154} INFO - Started process (PID=1869) to work on /home/airflow/.local/lib/python3.7/site-packages/airflow/example_dags/example_external_task_marker_dag.py
[2025-01-29T23:46:40.768+0000] {processor.py:756} INFO - Processing file /home/airflow/.local/lib/python3.7/site-packages/airflow/example_dags/example_external_task_marker_dag.py for tasks to queue
[2025-01-29T23:46:40.768+0000] {logging_mixin.py:120} INFO - [2025-01-29T23:46:40.768+0000] {dagbag.py:537} INFO - Filling up the DagBag from /home/airflow/.local/lib/python3.7/site-packages/airflow/example_dags/example_external_task_marker_dag.py
[2025-01-29T23:46:40.782+0000] {processor.py:766} INFO - DAG(s) dict_keys(['example_external_task_marker_child', 'example_external_task_marker_parent']) retrieved from /home/airflow/.local/lib/python3.7/site-packages/airflow/example_dags/example_external_task_marker_dag.py
[2025-01-29T23:46:40.984+0000] {logging_mixin.py:120} INFO - [2025-01-29T23:46:40.984+0000] {dag.py:2585} INFO - Sync 2 DAGs
[2025-01-29T23:46:41.016+0000] {logging_mixin.py:120} INFO - [2025-01-29T23:46:41.016+0000] {dag.py:3340} INFO - Setting next_dagrun for example_external_task_marker_child to None, run_after=None
[2025-01-29T23:46:41.020+0000] {logging_mixin.py:120} INFO - [2025-01-29T23:46:41.020+0000] {dag.py:3340} INFO - Setting next_dagrun for example_external_task_marker_parent to None, run_after=None
[2025-01-29T23:46:41.041+0000] {processor.py:176} INFO - Processing /home/airflow/.local/lib/python3.7/site-packages/airflow/example_dags/example_external_task_marker_dag.py took 0.277 seconds
[2025-01-29T23:47:11.117+0000] {processor.py:154} INFO - Started process (PID=1925) to work on /home/airflow/.local/lib/python3.7/site-packages/airflow/example_dags/example_external_task_marker_dag.py
[2025-01-29T23:47:11.118+0000] {processor.py:756} INFO - Processing file /home/airflow/.local/lib/python3.7/site-packages/airflow/example_dags/example_external_task_marker_dag.py for tasks to queue
[2025-01-29T23:47:11.119+0000] {logging_mixin.py:120} INFO - [2025-01-29T23:47:11.119+0000] {dagbag.py:537} INFO - Filling up the DagBag from /home/airflow/.local/lib/python3.7/site-packages/airflow/example_dags/example_external_task_marker_dag.py
[2025-01-29T23:47:11.136+0000] {processor.py:766} INFO - DAG(s) dict_keys(['example_external_task_marker_parent', 'example_external_task_marker_child']) retrieved from /home/airflow/.local/lib/python3.7/site-packages/airflow/example_dags/example_external_task_marker_dag.py
[2025-01-29T23:47:11.398+0000] {logging_mixin.py:120} INFO - [2025-01-29T23:47:11.398+0000] {dag.py:2585} INFO - Sync 2 DAGs
[2025-01-29T23:47:11.432+0000] {logging_mixin.py:120} INFO - [2025-01-29T23:47:11.432+0000] {dag.py:3340} INFO - Setting next_dagrun for example_external_task_marker_child to None, run_after=None
[2025-01-29T23:47:11.437+0000] {logging_mixin.py:120} INFO - [2025-01-29T23:47:11.437+0000] {dag.py:3340} INFO - Setting next_dagrun for example_external_task_marker_parent to None, run_after=None
[2025-01-29T23:47:11.463+0000] {processor.py:176} INFO - Processing /home/airflow/.local/lib/python3.7/site-packages/airflow/example_dags/example_external_task_marker_dag.py took 0.351 seconds
[2025-01-29T23:47:41.688+0000] {processor.py:154} INFO - Started process (PID=1988) to work on /home/airflow/.local/lib/python3.7/site-packages/airflow/example_dags/example_external_task_marker_dag.py
[2025-01-29T23:47:41.689+0000] {processor.py:756} INFO - Processing file /home/airflow/.local/lib/python3.7/site-packages/airflow/example_dags/example_external_task_marker_dag.py for tasks to queue
[2025-01-29T23:47:41.689+0000] {logging_mixin.py:120} INFO - [2025-01-29T23:47:41.689+0000] {dagbag.py:537} INFO - Filling up the DagBag from /home/airflow/.local/lib/python3.7/site-packages/airflow/example_dags/example_external_task_marker_dag.py
[2025-01-29T23:47:41.703+0000] {processor.py:766} INFO - DAG(s) dict_keys(['example_external_task_marker_child', 'example_external_task_marker_parent']) retrieved from /home/airflow/.local/lib/python3.7/site-packages/airflow/example_dags/example_external_task_marker_dag.py
[2025-01-29T23:47:41.912+0000] {logging_mixin.py:120} INFO - [2025-01-29T23:47:41.912+0000] {dag.py:2585} INFO - Sync 2 DAGs
[2025-01-29T23:47:41.943+0000] {logging_mixin.py:120} INFO - [2025-01-29T23:47:41.943+0000] {dag.py:3340} INFO - Setting next_dagrun for example_external_task_marker_child to None, run_after=None
[2025-01-29T23:47:41.947+0000] {logging_mixin.py:120} INFO - [2025-01-29T23:47:41.947+0000] {dag.py:3340} INFO - Setting next_dagrun for example_external_task_marker_parent to None, run_after=None
[2025-01-29T23:47:41.969+0000] {processor.py:176} INFO - Processing /home/airflow/.local/lib/python3.7/site-packages/airflow/example_dags/example_external_task_marker_dag.py took 0.285 seconds
[2025-01-29T23:48:12.642+0000] {processor.py:154} INFO - Started process (PID=2052) to work on /home/airflow/.local/lib/python3.7/site-packages/airflow/example_dags/example_external_task_marker_dag.py
[2025-01-29T23:48:12.643+0000] {processor.py:756} INFO - Processing file /home/airflow/.local/lib/python3.7/site-packages/airflow/example_dags/example_external_task_marker_dag.py for tasks to queue
[2025-01-29T23:48:12.643+0000] {logging_mixin.py:120} INFO - [2025-01-29T23:48:12.643+0000] {dagbag.py:537} INFO - Filling up the DagBag from /home/airflow/.local/lib/python3.7/site-packages/airflow/example_dags/example_external_task_marker_dag.py
[2025-01-29T23:48:12.656+0000] {processor.py:766} INFO - DAG(s) dict_keys(['example_external_task_marker_parent', 'example_external_task_marker_child']) retrieved from /home/airflow/.local/lib/python3.7/site-packages/airflow/example_dags/example_external_task_marker_dag.py
[2025-01-29T23:48:12.876+0000] {logging_mixin.py:120} INFO - [2025-01-29T23:48:12.876+0000] {dag.py:2585} INFO - Sync 2 DAGs
[2025-01-29T23:48:12.918+0000] {logging_mixin.py:120} INFO - [2025-01-29T23:48:12.917+0000] {dag.py:3340} INFO - Setting next_dagrun for example_external_task_marker_child to None, run_after=None
[2025-01-29T23:48:12.924+0000] {logging_mixin.py:120} INFO - [2025-01-29T23:48:12.924+0000] {dag.py:3340} INFO - Setting next_dagrun for example_external_task_marker_parent to None, run_after=None
[2025-01-29T23:48:12.953+0000] {processor.py:176} INFO - Processing /home/airflow/.local/lib/python3.7/site-packages/airflow/example_dags/example_external_task_marker_dag.py took 0.314 seconds
[2025-01-29T23:48:43.415+0000] {processor.py:154} INFO - Started process (PID=2114) to work on /home/airflow/.local/lib/python3.7/site-packages/airflow/example_dags/example_external_task_marker_dag.py
[2025-01-29T23:48:43.416+0000] {processor.py:756} INFO - Processing file /home/airflow/.local/lib/python3.7/site-packages/airflow/example_dags/example_external_task_marker_dag.py for tasks to queue
[2025-01-29T23:48:43.417+0000] {logging_mixin.py:120} INFO - [2025-01-29T23:48:43.417+0000] {dagbag.py:537} INFO - Filling up the DagBag from /home/airflow/.local/lib/python3.7/site-packages/airflow/example_dags/example_external_task_marker_dag.py
[2025-01-29T23:48:43.432+0000] {processor.py:766} INFO - DAG(s) dict_keys(['example_external_task_marker_parent', 'example_external_task_marker_child']) retrieved from /home/airflow/.local/lib/python3.7/site-packages/airflow/example_dags/example_external_task_marker_dag.py
[2025-01-29T23:48:43.679+0000] {logging_mixin.py:120} INFO - [2025-01-29T23:48:43.679+0000] {dag.py:2585} INFO - Sync 2 DAGs
[2025-01-29T23:48:43.714+0000] {logging_mixin.py:120} INFO - [2025-01-29T23:48:43.714+0000] {dag.py:3340} INFO - Setting next_dagrun for example_external_task_marker_child to None, run_after=None
[2025-01-29T23:48:43.719+0000] {logging_mixin.py:120} INFO - [2025-01-29T23:48:43.719+0000] {dag.py:3340} INFO - Setting next_dagrun for example_external_task_marker_parent to None, run_after=None
[2025-01-29T23:48:43.742+0000] {processor.py:176} INFO - Processing /home/airflow/.local/lib/python3.7/site-packages/airflow/example_dags/example_external_task_marker_dag.py took 0.330 seconds
[2025-01-29T23:49:14.012+0000] {processor.py:154} INFO - Started process (PID=2173) to work on /home/airflow/.local/lib/python3.7/site-packages/airflow/example_dags/example_external_task_marker_dag.py
[2025-01-29T23:49:14.013+0000] {processor.py:756} INFO - Processing file /home/airflow/.local/lib/python3.7/site-packages/airflow/example_dags/example_external_task_marker_dag.py for tasks to queue
[2025-01-29T23:49:14.014+0000] {logging_mixin.py:120} INFO - [2025-01-29T23:49:14.014+0000] {dagbag.py:537} INFO - Filling up the DagBag from /home/airflow/.local/lib/python3.7/site-packages/airflow/example_dags/example_external_task_marker_dag.py
[2025-01-29T23:49:14.026+0000] {processor.py:766} INFO - DAG(s) dict_keys(['example_external_task_marker_parent', 'example_external_task_marker_child']) retrieved from /home/airflow/.local/lib/python3.7/site-packages/airflow/example_dags/example_external_task_marker_dag.py
[2025-01-29T23:49:14.249+0000] {logging_mixin.py:120} INFO - [2025-01-29T23:49:14.248+0000] {dag.py:2585} INFO - Sync 2 DAGs
[2025-01-29T23:49:14.282+0000] {logging_mixin.py:120} INFO - [2025-01-29T23:49:14.282+0000] {dag.py:3340} INFO - Setting next_dagrun for example_external_task_marker_child to None, run_after=None
[2025-01-29T23:49:14.287+0000] {logging_mixin.py:120} INFO - [2025-01-29T23:49:14.287+0000] {dag.py:3340} INFO - Setting next_dagrun for example_external_task_marker_parent to None, run_after=None
[2025-01-29T23:49:14.311+0000] {processor.py:176} INFO - Processing /home/airflow/.local/lib/python3.7/site-packages/airflow/example_dags/example_external_task_marker_dag.py took 0.303 seconds
[2025-01-29T23:49:44.430+0000] {processor.py:154} INFO - Started process (PID=2238) to work on /home/airflow/.local/lib/python3.7/site-packages/airflow/example_dags/example_external_task_marker_dag.py
[2025-01-29T23:49:44.431+0000] {processor.py:756} INFO - Processing file /home/airflow/.local/lib/python3.7/site-packages/airflow/example_dags/example_external_task_marker_dag.py for tasks to queue
[2025-01-29T23:49:44.432+0000] {logging_mixin.py:120} INFO - [2025-01-29T23:49:44.431+0000] {dagbag.py:537} INFO - Filling up the DagBag from /home/airflow/.local/lib/python3.7/site-packages/airflow/example_dags/example_external_task_marker_dag.py
[2025-01-29T23:49:44.445+0000] {processor.py:766} INFO - DAG(s) dict_keys(['example_external_task_marker_child', 'example_external_task_marker_parent']) retrieved from /home/airflow/.local/lib/python3.7/site-packages/airflow/example_dags/example_external_task_marker_dag.py
[2025-01-29T23:49:44.659+0000] {logging_mixin.py:120} INFO - [2025-01-29T23:49:44.659+0000] {dag.py:2585} INFO - Sync 2 DAGs
[2025-01-29T23:49:44.697+0000] {logging_mixin.py:120} INFO - [2025-01-29T23:49:44.697+0000] {dag.py:3340} INFO - Setting next_dagrun for example_external_task_marker_child to None, run_after=None
[2025-01-29T23:49:44.703+0000] {logging_mixin.py:120} INFO - [2025-01-29T23:49:44.703+0000] {dag.py:3340} INFO - Setting next_dagrun for example_external_task_marker_parent to None, run_after=None
[2025-01-29T23:49:44.731+0000] {processor.py:176} INFO - Processing /home/airflow/.local/lib/python3.7/site-packages/airflow/example_dags/example_external_task_marker_dag.py took 0.305 seconds
[2025-01-29T23:50:14.942+0000] {processor.py:154} INFO - Started process (PID=2302) to work on /home/airflow/.local/lib/python3.7/site-packages/airflow/example_dags/example_external_task_marker_dag.py
[2025-01-29T23:50:14.943+0000] {processor.py:756} INFO - Processing file /home/airflow/.local/lib/python3.7/site-packages/airflow/example_dags/example_external_task_marker_dag.py for tasks to queue
[2025-01-29T23:50:14.944+0000] {logging_mixin.py:120} INFO - [2025-01-29T23:50:14.944+0000] {dagbag.py:537} INFO - Filling up the DagBag from /home/airflow/.local/lib/python3.7/site-packages/airflow/example_dags/example_external_task_marker_dag.py
[2025-01-29T23:50:14.961+0000] {processor.py:766} INFO - DAG(s) dict_keys(['example_external_task_marker_child', 'example_external_task_marker_parent']) retrieved from /home/airflow/.local/lib/python3.7/site-packages/airflow/example_dags/example_external_task_marker_dag.py
[2025-01-29T23:50:15.193+0000] {logging_mixin.py:120} INFO - [2025-01-29T23:50:15.193+0000] {dag.py:2585} INFO - Sync 2 DAGs
[2025-01-29T23:50:15.229+0000] {logging_mixin.py:120} INFO - [2025-01-29T23:50:15.228+0000] {dag.py:3340} INFO - Setting next_dagrun for example_external_task_marker_child to None, run_after=None
[2025-01-29T23:50:15.234+0000] {logging_mixin.py:120} INFO - [2025-01-29T23:50:15.233+0000] {dag.py:3340} INFO - Setting next_dagrun for example_external_task_marker_parent to None, run_after=None
[2025-01-29T23:50:15.259+0000] {processor.py:176} INFO - Processing /home/airflow/.local/lib/python3.7/site-packages/airflow/example_dags/example_external_task_marker_dag.py took 0.320 seconds
[2025-01-29T23:50:46.197+0000] {processor.py:154} INFO - Started process (PID=2357) to work on /home/airflow/.local/lib/python3.7/site-packages/airflow/example_dags/example_external_task_marker_dag.py
[2025-01-29T23:50:46.198+0000] {processor.py:756} INFO - Processing file /home/airflow/.local/lib/python3.7/site-packages/airflow/example_dags/example_external_task_marker_dag.py for tasks to queue
[2025-01-29T23:50:46.199+0000] {logging_mixin.py:120} INFO - [2025-01-29T23:50:46.198+0000] {dagbag.py:537} INFO - Filling up the DagBag from /home/airflow/.local/lib/python3.7/site-packages/airflow/example_dags/example_external_task_marker_dag.py
[2025-01-29T23:50:46.213+0000] {processor.py:766} INFO - DAG(s) dict_keys(['example_external_task_marker_parent', 'example_external_task_marker_child']) retrieved from /home/airflow/.local/lib/python3.7/site-packages/airflow/example_dags/example_external_task_marker_dag.py
[2025-01-29T23:50:46.429+0000] {logging_mixin.py:120} INFO - [2025-01-29T23:50:46.429+0000] {dag.py:2585} INFO - Sync 2 DAGs
[2025-01-29T23:50:46.468+0000] {logging_mixin.py:120} INFO - [2025-01-29T23:50:46.468+0000] {dag.py:3340} INFO - Setting next_dagrun for example_external_task_marker_child to None, run_after=None
[2025-01-29T23:50:46.473+0000] {logging_mixin.py:120} INFO - [2025-01-29T23:50:46.473+0000] {dag.py:3340} INFO - Setting next_dagrun for example_external_task_marker_parent to None, run_after=None
[2025-01-29T23:50:46.498+0000] {processor.py:176} INFO - Processing /home/airflow/.local/lib/python3.7/site-packages/airflow/example_dags/example_external_task_marker_dag.py took 0.304 seconds
[2025-01-29T23:51:16.848+0000] {processor.py:154} INFO - Started process (PID=2422) to work on /home/airflow/.local/lib/python3.7/site-packages/airflow/example_dags/example_external_task_marker_dag.py
[2025-01-29T23:51:16.849+0000] {processor.py:756} INFO - Processing file /home/airflow/.local/lib/python3.7/site-packages/airflow/example_dags/example_external_task_marker_dag.py for tasks to queue
[2025-01-29T23:51:16.850+0000] {logging_mixin.py:120} INFO - [2025-01-29T23:51:16.850+0000] {dagbag.py:537} INFO - Filling up the DagBag from /home/airflow/.local/lib/python3.7/site-packages/airflow/example_dags/example_external_task_marker_dag.py
[2025-01-29T23:51:16.864+0000] {processor.py:766} INFO - DAG(s) dict_keys(['example_external_task_marker_child', 'example_external_task_marker_parent']) retrieved from /home/airflow/.local/lib/python3.7/site-packages/airflow/example_dags/example_external_task_marker_dag.py
[2025-01-29T23:51:17.071+0000] {logging_mixin.py:120} INFO - [2025-01-29T23:51:17.070+0000] {dag.py:2585} INFO - Sync 2 DAGs
[2025-01-29T23:51:17.101+0000] {logging_mixin.py:120} INFO - [2025-01-29T23:51:17.100+0000] {dag.py:3340} INFO - Setting next_dagrun for example_external_task_marker_child to None, run_after=None
[2025-01-29T23:51:17.105+0000] {logging_mixin.py:120} INFO - [2025-01-29T23:51:17.105+0000] {dag.py:3340} INFO - Setting next_dagrun for example_external_task_marker_parent to None, run_after=None
[2025-01-29T23:51:17.123+0000] {processor.py:176} INFO - Processing /home/airflow/.local/lib/python3.7/site-packages/airflow/example_dags/example_external_task_marker_dag.py took 0.278 seconds
[2025-01-29T23:51:47.808+0000] {processor.py:154} INFO - Started process (PID=2486) to work on /home/airflow/.local/lib/python3.7/site-packages/airflow/example_dags/example_external_task_marker_dag.py
[2025-01-29T23:51:47.809+0000] {processor.py:756} INFO - Processing file /home/airflow/.local/lib/python3.7/site-packages/airflow/example_dags/example_external_task_marker_dag.py for tasks to queue
[2025-01-29T23:51:47.810+0000] {logging_mixin.py:120} INFO - [2025-01-29T23:51:47.810+0000] {dagbag.py:537} INFO - Filling up the DagBag from /home/airflow/.local/lib/python3.7/site-packages/airflow/example_dags/example_external_task_marker_dag.py
[2025-01-29T23:51:47.822+0000] {processor.py:766} INFO - DAG(s) dict_keys(['example_external_task_marker_child', 'example_external_task_marker_parent']) retrieved from /home/airflow/.local/lib/python3.7/site-packages/airflow/example_dags/example_external_task_marker_dag.py
[2025-01-29T23:51:48.019+0000] {logging_mixin.py:120} INFO - [2025-01-29T23:51:48.019+0000] {dag.py:2585} INFO - Sync 2 DAGs
[2025-01-29T23:51:48.051+0000] {logging_mixin.py:120} INFO - [2025-01-29T23:51:48.051+0000] {dag.py:3340} INFO - Setting next_dagrun for example_external_task_marker_child to None, run_after=None
[2025-01-29T23:51:48.056+0000] {logging_mixin.py:120} INFO - [2025-01-29T23:51:48.056+0000] {dag.py:3340} INFO - Setting next_dagrun for example_external_task_marker_parent to None, run_after=None
[2025-01-29T23:51:48.078+0000] {processor.py:176} INFO - Processing /home/airflow/.local/lib/python3.7/site-packages/airflow/example_dags/example_external_task_marker_dag.py took 0.272 seconds
[2025-01-29T23:52:18.329+0000] {processor.py:154} INFO - Started process (PID=2541) to work on /home/airflow/.local/lib/python3.7/site-packages/airflow/example_dags/example_external_task_marker_dag.py
[2025-01-29T23:52:18.330+0000] {processor.py:756} INFO - Processing file /home/airflow/.local/lib/python3.7/site-packages/airflow/example_dags/example_external_task_marker_dag.py for tasks to queue
[2025-01-29T23:52:18.331+0000] {logging_mixin.py:120} INFO - [2025-01-29T23:52:18.331+0000] {dagbag.py:537} INFO - Filling up the DagBag from /home/airflow/.local/lib/python3.7/site-packages/airflow/example_dags/example_external_task_marker_dag.py
[2025-01-29T23:52:18.342+0000] {processor.py:766} INFO - DAG(s) dict_keys(['example_external_task_marker_child', 'example_external_task_marker_parent']) retrieved from /home/airflow/.local/lib/python3.7/site-packages/airflow/example_dags/example_external_task_marker_dag.py
[2025-01-29T23:52:18.541+0000] {logging_mixin.py:120} INFO - [2025-01-29T23:52:18.541+0000] {dag.py:2585} INFO - Sync 2 DAGs
[2025-01-29T23:52:18.574+0000] {logging_mixin.py:120} INFO - [2025-01-29T23:52:18.574+0000] {dag.py:3340} INFO - Setting next_dagrun for example_external_task_marker_child to None, run_after=None
[2025-01-29T23:52:18.578+0000] {logging_mixin.py:120} INFO - [2025-01-29T23:52:18.578+0000] {dag.py:3340} INFO - Setting next_dagrun for example_external_task_marker_parent to None, run_after=None
[2025-01-29T23:52:18.597+0000] {processor.py:176} INFO - Processing /home/airflow/.local/lib/python3.7/site-packages/airflow/example_dags/example_external_task_marker_dag.py took 0.270 seconds
[2025-01-29T23:52:48.940+0000] {processor.py:154} INFO - Started process (PID=2605) to work on /home/airflow/.local/lib/python3.7/site-packages/airflow/example_dags/example_external_task_marker_dag.py
[2025-01-29T23:52:48.941+0000] {processor.py:756} INFO - Processing file /home/airflow/.local/lib/python3.7/site-packages/airflow/example_dags/example_external_task_marker_dag.py for tasks to queue
[2025-01-29T23:52:48.942+0000] {logging_mixin.py:120} INFO - [2025-01-29T23:52:48.942+0000] {dagbag.py:537} INFO - Filling up the DagBag from /home/airflow/.local/lib/python3.7/site-packages/airflow/example_dags/example_external_task_marker_dag.py
[2025-01-29T23:52:48.953+0000] {processor.py:766} INFO - DAG(s) dict_keys(['example_external_task_marker_parent', 'example_external_task_marker_child']) retrieved from /home/airflow/.local/lib/python3.7/site-packages/airflow/example_dags/example_external_task_marker_dag.py
[2025-01-29T23:52:49.246+0000] {logging_mixin.py:120} INFO - [2025-01-29T23:52:49.246+0000] {dag.py:2585} INFO - Sync 2 DAGs
[2025-01-29T23:52:49.312+0000] {logging_mixin.py:120} INFO - [2025-01-29T23:52:49.312+0000] {dag.py:3340} INFO - Setting next_dagrun for example_external_task_marker_child to None, run_after=None
[2025-01-29T23:52:49.325+0000] {logging_mixin.py:120} INFO - [2025-01-29T23:52:49.324+0000] {dag.py:3340} INFO - Setting next_dagrun for example_external_task_marker_parent to None, run_after=None
[2025-01-29T23:52:49.366+0000] {processor.py:176} INFO - Processing /home/airflow/.local/lib/python3.7/site-packages/airflow/example_dags/example_external_task_marker_dag.py took 0.429 seconds
[2025-01-29T23:53:20.283+0000] {processor.py:154} INFO - Started process (PID=2669) to work on /home/airflow/.local/lib/python3.7/site-packages/airflow/example_dags/example_external_task_marker_dag.py
[2025-01-29T23:53:20.284+0000] {processor.py:756} INFO - Processing file /home/airflow/.local/lib/python3.7/site-packages/airflow/example_dags/example_external_task_marker_dag.py for tasks to queue
[2025-01-29T23:53:20.284+0000] {logging_mixin.py:120} INFO - [2025-01-29T23:53:20.284+0000] {dagbag.py:537} INFO - Filling up the DagBag from /home/airflow/.local/lib/python3.7/site-packages/airflow/example_dags/example_external_task_marker_dag.py
[2025-01-29T23:53:20.297+0000] {processor.py:766} INFO - DAG(s) dict_keys(['example_external_task_marker_parent', 'example_external_task_marker_child']) retrieved from /home/airflow/.local/lib/python3.7/site-packages/airflow/example_dags/example_external_task_marker_dag.py
[2025-01-29T23:53:20.497+0000] {logging_mixin.py:120} INFO - [2025-01-29T23:53:20.496+0000] {dag.py:2585} INFO - Sync 2 DAGs
[2025-01-29T23:53:20.526+0000] {logging_mixin.py:120} INFO - [2025-01-29T23:53:20.526+0000] {dag.py:3340} INFO - Setting next_dagrun for example_external_task_marker_child to None, run_after=None
[2025-01-29T23:53:20.530+0000] {logging_mixin.py:120} INFO - [2025-01-29T23:53:20.530+0000] {dag.py:3340} INFO - Setting next_dagrun for example_external_task_marker_parent to None, run_after=None
[2025-01-29T23:53:20.549+0000] {processor.py:176} INFO - Processing /home/airflow/.local/lib/python3.7/site-packages/airflow/example_dags/example_external_task_marker_dag.py took 0.269 seconds
[2025-01-29T23:53:50.644+0000] {processor.py:154} INFO - Started process (PID=2733) to work on /home/airflow/.local/lib/python3.7/site-packages/airflow/example_dags/example_external_task_marker_dag.py
[2025-01-29T23:53:50.646+0000] {processor.py:756} INFO - Processing file /home/airflow/.local/lib/python3.7/site-packages/airflow/example_dags/example_external_task_marker_dag.py for tasks to queue
[2025-01-29T23:53:50.647+0000] {logging_mixin.py:120} INFO - [2025-01-29T23:53:50.646+0000] {dagbag.py:537} INFO - Filling up the DagBag from /home/airflow/.local/lib/python3.7/site-packages/airflow/example_dags/example_external_task_marker_dag.py
[2025-01-29T23:53:50.666+0000] {processor.py:766} INFO - DAG(s) dict_keys(['example_external_task_marker_child', 'example_external_task_marker_parent']) retrieved from /home/airflow/.local/lib/python3.7/site-packages/airflow/example_dags/example_external_task_marker_dag.py
[2025-01-29T23:53:50.911+0000] {logging_mixin.py:120} INFO - [2025-01-29T23:53:50.910+0000] {dag.py:2585} INFO - Sync 2 DAGs
[2025-01-29T23:53:50.955+0000] {logging_mixin.py:120} INFO - [2025-01-29T23:53:50.955+0000] {dag.py:3340} INFO - Setting next_dagrun for example_external_task_marker_child to None, run_after=None
[2025-01-29T23:53:50.960+0000] {logging_mixin.py:120} INFO - [2025-01-29T23:53:50.960+0000] {dag.py:3340} INFO - Setting next_dagrun for example_external_task_marker_parent to None, run_after=None
[2025-01-29T23:53:50.987+0000] {processor.py:176} INFO - Processing /home/airflow/.local/lib/python3.7/site-packages/airflow/example_dags/example_external_task_marker_dag.py took 0.346 seconds
[2025-01-29T23:54:21.152+0000] {processor.py:154} INFO - Started process (PID=2788) to work on /home/airflow/.local/lib/python3.7/site-packages/airflow/example_dags/example_external_task_marker_dag.py
[2025-01-29T23:54:21.153+0000] {processor.py:756} INFO - Processing file /home/airflow/.local/lib/python3.7/site-packages/airflow/example_dags/example_external_task_marker_dag.py for tasks to queue
[2025-01-29T23:54:21.155+0000] {logging_mixin.py:120} INFO - [2025-01-29T23:54:21.155+0000] {dagbag.py:537} INFO - Filling up the DagBag from /home/airflow/.local/lib/python3.7/site-packages/airflow/example_dags/example_external_task_marker_dag.py
[2025-01-29T23:54:21.170+0000] {processor.py:766} INFO - DAG(s) dict_keys(['example_external_task_marker_parent', 'example_external_task_marker_child']) retrieved from /home/airflow/.local/lib/python3.7/site-packages/airflow/example_dags/example_external_task_marker_dag.py
[2025-01-29T23:54:21.395+0000] {logging_mixin.py:120} INFO - [2025-01-29T23:54:21.395+0000] {dag.py:2585} INFO - Sync 2 DAGs
[2025-01-29T23:54:21.426+0000] {logging_mixin.py:120} INFO - [2025-01-29T23:54:21.426+0000] {dag.py:3340} INFO - Setting next_dagrun for example_external_task_marker_child to None, run_after=None
[2025-01-29T23:54:21.430+0000] {logging_mixin.py:120} INFO - [2025-01-29T23:54:21.430+0000] {dag.py:3340} INFO - Setting next_dagrun for example_external_task_marker_parent to None, run_after=None
[2025-01-29T23:54:21.454+0000] {processor.py:176} INFO - Processing /home/airflow/.local/lib/python3.7/site-packages/airflow/example_dags/example_external_task_marker_dag.py took 0.306 seconds
[2025-01-29T23:54:51.711+0000] {processor.py:154} INFO - Started process (PID=2852) to work on /home/airflow/.local/lib/python3.7/site-packages/airflow/example_dags/example_external_task_marker_dag.py
[2025-01-29T23:54:51.712+0000] {processor.py:756} INFO - Processing file /home/airflow/.local/lib/python3.7/site-packages/airflow/example_dags/example_external_task_marker_dag.py for tasks to queue
[2025-01-29T23:54:51.713+0000] {logging_mixin.py:120} INFO - [2025-01-29T23:54:51.713+0000] {dagbag.py:537} INFO - Filling up the DagBag from /home/airflow/.local/lib/python3.7/site-packages/airflow/example_dags/example_external_task_marker_dag.py
[2025-01-29T23:54:51.727+0000] {processor.py:766} INFO - DAG(s) dict_keys(['example_external_task_marker_child', 'example_external_task_marker_parent']) retrieved from /home/airflow/.local/lib/python3.7/site-packages/airflow/example_dags/example_external_task_marker_dag.py
[2025-01-29T23:54:51.935+0000] {logging_mixin.py:120} INFO - [2025-01-29T23:54:51.934+0000] {dag.py:2585} INFO - Sync 2 DAGs
[2025-01-29T23:54:51.972+0000] {logging_mixin.py:120} INFO - [2025-01-29T23:54:51.972+0000] {dag.py:3340} INFO - Setting next_dagrun for example_external_task_marker_child to None, run_after=None
[2025-01-29T23:54:51.976+0000] {logging_mixin.py:120} INFO - [2025-01-29T23:54:51.976+0000] {dag.py:3340} INFO - Setting next_dagrun for example_external_task_marker_parent to None, run_after=None
[2025-01-29T23:54:52.003+0000] {processor.py:176} INFO - Processing /home/airflow/.local/lib/python3.7/site-packages/airflow/example_dags/example_external_task_marker_dag.py took 0.294 seconds
[2025-01-29T23:55:22.100+0000] {processor.py:154} INFO - Started process (PID=2916) to work on /home/airflow/.local/lib/python3.7/site-packages/airflow/example_dags/example_external_task_marker_dag.py
[2025-01-29T23:55:22.101+0000] {processor.py:756} INFO - Processing file /home/airflow/.local/lib/python3.7/site-packages/airflow/example_dags/example_external_task_marker_dag.py for tasks to queue
[2025-01-29T23:55:22.103+0000] {logging_mixin.py:120} INFO - [2025-01-29T23:55:22.102+0000] {dagbag.py:537} INFO - Filling up the DagBag from /home/airflow/.local/lib/python3.7/site-packages/airflow/example_dags/example_external_task_marker_dag.py
[2025-01-29T23:55:22.125+0000] {processor.py:766} INFO - DAG(s) dict_keys(['example_external_task_marker_parent', 'example_external_task_marker_child']) retrieved from /home/airflow/.local/lib/python3.7/site-packages/airflow/example_dags/example_external_task_marker_dag.py
[2025-01-29T23:55:22.348+0000] {logging_mixin.py:120} INFO - [2025-01-29T23:55:22.348+0000] {dag.py:2585} INFO - Sync 2 DAGs
[2025-01-29T23:55:22.381+0000] {logging_mixin.py:120} INFO - [2025-01-29T23:55:22.381+0000] {dag.py:3340} INFO - Setting next_dagrun for example_external_task_marker_child to None, run_after=None
[2025-01-29T23:55:22.386+0000] {logging_mixin.py:120} INFO - [2025-01-29T23:55:22.386+0000] {dag.py:3340} INFO - Setting next_dagrun for example_external_task_marker_parent to None, run_after=None
[2025-01-29T23:55:22.408+0000] {processor.py:176} INFO - Processing /home/airflow/.local/lib/python3.7/site-packages/airflow/example_dags/example_external_task_marker_dag.py took 0.312 seconds
[2025-01-29T23:55:53.315+0000] {processor.py:154} INFO - Started process (PID=2971) to work on /home/airflow/.local/lib/python3.7/site-packages/airflow/example_dags/example_external_task_marker_dag.py
[2025-01-29T23:55:53.316+0000] {processor.py:756} INFO - Processing file /home/airflow/.local/lib/python3.7/site-packages/airflow/example_dags/example_external_task_marker_dag.py for tasks to queue
[2025-01-29T23:55:53.317+0000] {logging_mixin.py:120} INFO - [2025-01-29T23:55:53.317+0000] {dagbag.py:537} INFO - Filling up the DagBag from /home/airflow/.local/lib/python3.7/site-packages/airflow/example_dags/example_external_task_marker_dag.py
[2025-01-29T23:55:53.331+0000] {processor.py:766} INFO - DAG(s) dict_keys(['example_external_task_marker_child', 'example_external_task_marker_parent']) retrieved from /home/airflow/.local/lib/python3.7/site-packages/airflow/example_dags/example_external_task_marker_dag.py
[2025-01-29T23:55:53.540+0000] {logging_mixin.py:120} INFO - [2025-01-29T23:55:53.540+0000] {dag.py:2585} INFO - Sync 2 DAGs
[2025-01-29T23:55:53.573+0000] {logging_mixin.py:120} INFO - [2025-01-29T23:55:53.573+0000] {dag.py:3340} INFO - Setting next_dagrun for example_external_task_marker_child to None, run_after=None
[2025-01-29T23:55:53.577+0000] {logging_mixin.py:120} INFO - [2025-01-29T23:55:53.577+0000] {dag.py:3340} INFO - Setting next_dagrun for example_external_task_marker_parent to None, run_after=None
[2025-01-29T23:55:53.599+0000] {processor.py:176} INFO - Processing /home/airflow/.local/lib/python3.7/site-packages/airflow/example_dags/example_external_task_marker_dag.py took 0.287 seconds
[2025-01-29T23:56:23.843+0000] {processor.py:154} INFO - Started process (PID=3035) to work on /home/airflow/.local/lib/python3.7/site-packages/airflow/example_dags/example_external_task_marker_dag.py
[2025-01-29T23:56:23.844+0000] {processor.py:756} INFO - Processing file /home/airflow/.local/lib/python3.7/site-packages/airflow/example_dags/example_external_task_marker_dag.py for tasks to queue
[2025-01-29T23:56:23.845+0000] {logging_mixin.py:120} INFO - [2025-01-29T23:56:23.844+0000] {dagbag.py:537} INFO - Filling up the DagBag from /home/airflow/.local/lib/python3.7/site-packages/airflow/example_dags/example_external_task_marker_dag.py
[2025-01-29T23:56:23.857+0000] {processor.py:766} INFO - DAG(s) dict_keys(['example_external_task_marker_parent', 'example_external_task_marker_child']) retrieved from /home/airflow/.local/lib/python3.7/site-packages/airflow/example_dags/example_external_task_marker_dag.py
[2025-01-29T23:56:24.057+0000] {logging_mixin.py:120} INFO - [2025-01-29T23:56:24.057+0000] {dag.py:2585} INFO - Sync 2 DAGs
[2025-01-29T23:56:24.087+0000] {logging_mixin.py:120} INFO - [2025-01-29T23:56:24.086+0000] {dag.py:3340} INFO - Setting next_dagrun for example_external_task_marker_child to None, run_after=None
[2025-01-29T23:56:24.091+0000] {logging_mixin.py:120} INFO - [2025-01-29T23:56:24.091+0000] {dag.py:3340} INFO - Setting next_dagrun for example_external_task_marker_parent to None, run_after=None
[2025-01-29T23:56:24.111+0000] {processor.py:176} INFO - Processing /home/airflow/.local/lib/python3.7/site-packages/airflow/example_dags/example_external_task_marker_dag.py took 0.270 seconds
[2025-01-29T23:56:54.178+0000] {processor.py:154} INFO - Started process (PID=3099) to work on /home/airflow/.local/lib/python3.7/site-packages/airflow/example_dags/example_external_task_marker_dag.py
[2025-01-29T23:56:54.179+0000] {processor.py:756} INFO - Processing file /home/airflow/.local/lib/python3.7/site-packages/airflow/example_dags/example_external_task_marker_dag.py for tasks to queue
[2025-01-29T23:56:54.180+0000] {logging_mixin.py:120} INFO - [2025-01-29T23:56:54.180+0000] {dagbag.py:537} INFO - Filling up the DagBag from /home/airflow/.local/lib/python3.7/site-packages/airflow/example_dags/example_external_task_marker_dag.py
[2025-01-29T23:56:54.194+0000] {processor.py:766} INFO - DAG(s) dict_keys(['example_external_task_marker_child', 'example_external_task_marker_parent']) retrieved from /home/airflow/.local/lib/python3.7/site-packages/airflow/example_dags/example_external_task_marker_dag.py
[2025-01-29T23:56:54.408+0000] {logging_mixin.py:120} INFO - [2025-01-29T23:56:54.408+0000] {dag.py:2585} INFO - Sync 2 DAGs
[2025-01-29T23:56:54.440+0000] {logging_mixin.py:120} INFO - [2025-01-29T23:56:54.440+0000] {dag.py:3340} INFO - Setting next_dagrun for example_external_task_marker_child to None, run_after=None
[2025-01-29T23:56:54.445+0000] {logging_mixin.py:120} INFO - [2025-01-29T23:56:54.445+0000] {dag.py:3340} INFO - Setting next_dagrun for example_external_task_marker_parent to None, run_after=None
[2025-01-29T23:56:54.470+0000] {processor.py:176} INFO - Processing /home/airflow/.local/lib/python3.7/site-packages/airflow/example_dags/example_external_task_marker_dag.py took 0.297 seconds
[2025-01-29T23:57:24.743+0000] {processor.py:154} INFO - Started process (PID=3154) to work on /home/airflow/.local/lib/python3.7/site-packages/airflow/example_dags/example_external_task_marker_dag.py
[2025-01-29T23:57:24.744+0000] {processor.py:756} INFO - Processing file /home/airflow/.local/lib/python3.7/site-packages/airflow/example_dags/example_external_task_marker_dag.py for tasks to queue
[2025-01-29T23:57:24.744+0000] {logging_mixin.py:120} INFO - [2025-01-29T23:57:24.744+0000] {dagbag.py:537} INFO - Filling up the DagBag from /home/airflow/.local/lib/python3.7/site-packages/airflow/example_dags/example_external_task_marker_dag.py
[2025-01-29T23:57:24.757+0000] {processor.py:766} INFO - DAG(s) dict_keys(['example_external_task_marker_parent', 'example_external_task_marker_child']) retrieved from /home/airflow/.local/lib/python3.7/site-packages/airflow/example_dags/example_external_task_marker_dag.py
[2025-01-29T23:57:24.954+0000] {logging_mixin.py:120} INFO - [2025-01-29T23:57:24.954+0000] {dag.py:2585} INFO - Sync 2 DAGs
[2025-01-29T23:57:24.984+0000] {logging_mixin.py:120} INFO - [2025-01-29T23:57:24.984+0000] {dag.py:3340} INFO - Setting next_dagrun for example_external_task_marker_child to None, run_after=None
[2025-01-29T23:57:24.988+0000] {logging_mixin.py:120} INFO - [2025-01-29T23:57:24.988+0000] {dag.py:3340} INFO - Setting next_dagrun for example_external_task_marker_parent to None, run_after=None
[2025-01-29T23:57:25.007+0000] {processor.py:176} INFO - Processing /home/airflow/.local/lib/python3.7/site-packages/airflow/example_dags/example_external_task_marker_dag.py took 0.266 seconds
[2025-01-29T23:57:55.501+0000] {processor.py:154} INFO - Started process (PID=3218) to work on /home/airflow/.local/lib/python3.7/site-packages/airflow/example_dags/example_external_task_marker_dag.py
[2025-01-29T23:57:55.502+0000] {processor.py:756} INFO - Processing file /home/airflow/.local/lib/python3.7/site-packages/airflow/example_dags/example_external_task_marker_dag.py for tasks to queue
[2025-01-29T23:57:55.503+0000] {logging_mixin.py:120} INFO - [2025-01-29T23:57:55.503+0000] {dagbag.py:537} INFO - Filling up the DagBag from /home/airflow/.local/lib/python3.7/site-packages/airflow/example_dags/example_external_task_marker_dag.py
[2025-01-29T23:57:55.515+0000] {processor.py:766} INFO - DAG(s) dict_keys(['example_external_task_marker_parent', 'example_external_task_marker_child']) retrieved from /home/airflow/.local/lib/python3.7/site-packages/airflow/example_dags/example_external_task_marker_dag.py
[2025-01-29T23:57:55.734+0000] {logging_mixin.py:120} INFO - [2025-01-29T23:57:55.733+0000] {dag.py:2585} INFO - Sync 2 DAGs
[2025-01-29T23:57:55.771+0000] {logging_mixin.py:120} INFO - [2025-01-29T23:57:55.771+0000] {dag.py:3340} INFO - Setting next_dagrun for example_external_task_marker_child to None, run_after=None
[2025-01-29T23:57:55.777+0000] {logging_mixin.py:120} INFO - [2025-01-29T23:57:55.777+0000] {dag.py:3340} INFO - Setting next_dagrun for example_external_task_marker_parent to None, run_after=None
[2025-01-29T23:57:55.806+0000] {processor.py:176} INFO - Processing /home/airflow/.local/lib/python3.7/site-packages/airflow/example_dags/example_external_task_marker_dag.py took 0.307 seconds
[2025-01-29T23:58:26.823+0000] {processor.py:154} INFO - Started process (PID=3282) to work on /home/airflow/.local/lib/python3.7/site-packages/airflow/example_dags/example_external_task_marker_dag.py
[2025-01-29T23:58:26.823+0000] {processor.py:756} INFO - Processing file /home/airflow/.local/lib/python3.7/site-packages/airflow/example_dags/example_external_task_marker_dag.py for tasks to queue
[2025-01-29T23:58:26.824+0000] {logging_mixin.py:120} INFO - [2025-01-29T23:58:26.824+0000] {dagbag.py:537} INFO - Filling up the DagBag from /home/airflow/.local/lib/python3.7/site-packages/airflow/example_dags/example_external_task_marker_dag.py
[2025-01-29T23:58:26.836+0000] {processor.py:766} INFO - DAG(s) dict_keys(['example_external_task_marker_parent', 'example_external_task_marker_child']) retrieved from /home/airflow/.local/lib/python3.7/site-packages/airflow/example_dags/example_external_task_marker_dag.py
[2025-01-29T23:58:27.034+0000] {logging_mixin.py:120} INFO - [2025-01-29T23:58:27.034+0000] {dag.py:2585} INFO - Sync 2 DAGs
[2025-01-29T23:58:27.068+0000] {logging_mixin.py:120} INFO - [2025-01-29T23:58:27.068+0000] {dag.py:3340} INFO - Setting next_dagrun for example_external_task_marker_child to None, run_after=None
[2025-01-29T23:58:27.072+0000] {logging_mixin.py:120} INFO - [2025-01-29T23:58:27.072+0000] {dag.py:3340} INFO - Setting next_dagrun for example_external_task_marker_parent to None, run_after=None
[2025-01-29T23:58:27.093+0000] {processor.py:176} INFO - Processing /home/airflow/.local/lib/python3.7/site-packages/airflow/example_dags/example_external_task_marker_dag.py took 0.273 seconds
[2025-01-29T23:58:57.448+0000] {processor.py:154} INFO - Started process (PID=3346) to work on /home/airflow/.local/lib/python3.7/site-packages/airflow/example_dags/example_external_task_marker_dag.py
[2025-01-29T23:58:57.448+0000] {processor.py:756} INFO - Processing file /home/airflow/.local/lib/python3.7/site-packages/airflow/example_dags/example_external_task_marker_dag.py for tasks to queue
[2025-01-29T23:58:57.449+0000] {logging_mixin.py:120} INFO - [2025-01-29T23:58:57.449+0000] {dagbag.py:537} INFO - Filling up the DagBag from /home/airflow/.local/lib/python3.7/site-packages/airflow/example_dags/example_external_task_marker_dag.py
[2025-01-29T23:58:57.462+0000] {processor.py:766} INFO - DAG(s) dict_keys(['example_external_task_marker_child', 'example_external_task_marker_parent']) retrieved from /home/airflow/.local/lib/python3.7/site-packages/airflow/example_dags/example_external_task_marker_dag.py
[2025-01-29T23:58:57.666+0000] {logging_mixin.py:120} INFO - [2025-01-29T23:58:57.666+0000] {dag.py:2585} INFO - Sync 2 DAGs
[2025-01-29T23:58:57.696+0000] {logging_mixin.py:120} INFO - [2025-01-29T23:58:57.696+0000] {dag.py:3340} INFO - Setting next_dagrun for example_external_task_marker_child to None, run_after=None
[2025-01-29T23:58:57.701+0000] {logging_mixin.py:120} INFO - [2025-01-29T23:58:57.701+0000] {dag.py:3340} INFO - Setting next_dagrun for example_external_task_marker_parent to None, run_after=None
[2025-01-29T23:58:57.719+0000] {processor.py:176} INFO - Processing /home/airflow/.local/lib/python3.7/site-packages/airflow/example_dags/example_external_task_marker_dag.py took 0.274 seconds
[2025-01-29T23:59:28.027+0000] {processor.py:154} INFO - Started process (PID=3401) to work on /home/airflow/.local/lib/python3.7/site-packages/airflow/example_dags/example_external_task_marker_dag.py
[2025-01-29T23:59:28.028+0000] {processor.py:756} INFO - Processing file /home/airflow/.local/lib/python3.7/site-packages/airflow/example_dags/example_external_task_marker_dag.py for tasks to queue
[2025-01-29T23:59:28.029+0000] {logging_mixin.py:120} INFO - [2025-01-29T23:59:28.029+0000] {dagbag.py:537} INFO - Filling up the DagBag from /home/airflow/.local/lib/python3.7/site-packages/airflow/example_dags/example_external_task_marker_dag.py
[2025-01-29T23:59:28.042+0000] {processor.py:766} INFO - DAG(s) dict_keys(['example_external_task_marker_parent', 'example_external_task_marker_child']) retrieved from /home/airflow/.local/lib/python3.7/site-packages/airflow/example_dags/example_external_task_marker_dag.py
[2025-01-29T23:59:28.243+0000] {logging_mixin.py:120} INFO - [2025-01-29T23:59:28.242+0000] {dag.py:2585} INFO - Sync 2 DAGs
[2025-01-29T23:59:28.274+0000] {logging_mixin.py:120} INFO - [2025-01-29T23:59:28.274+0000] {dag.py:3340} INFO - Setting next_dagrun for example_external_task_marker_child to None, run_after=None
[2025-01-29T23:59:28.278+0000] {logging_mixin.py:120} INFO - [2025-01-29T23:59:28.278+0000] {dag.py:3340} INFO - Setting next_dagrun for example_external_task_marker_parent to None, run_after=None
[2025-01-29T23:59:28.297+0000] {processor.py:176} INFO - Processing /home/airflow/.local/lib/python3.7/site-packages/airflow/example_dags/example_external_task_marker_dag.py took 0.272 seconds
[2025-01-29T23:59:58.472+0000] {processor.py:154} INFO - Started process (PID=3465) to work on /home/airflow/.local/lib/python3.7/site-packages/airflow/example_dags/example_external_task_marker_dag.py
[2025-01-29T23:59:58.473+0000] {processor.py:756} INFO - Processing file /home/airflow/.local/lib/python3.7/site-packages/airflow/example_dags/example_external_task_marker_dag.py for tasks to queue
[2025-01-29T23:59:58.474+0000] {logging_mixin.py:120} INFO - [2025-01-29T23:59:58.474+0000] {dagbag.py:537} INFO - Filling up the DagBag from /home/airflow/.local/lib/python3.7/site-packages/airflow/example_dags/example_external_task_marker_dag.py
[2025-01-29T23:59:58.486+0000] {processor.py:766} INFO - DAG(s) dict_keys(['example_external_task_marker_child', 'example_external_task_marker_parent']) retrieved from /home/airflow/.local/lib/python3.7/site-packages/airflow/example_dags/example_external_task_marker_dag.py
[2025-01-29T23:59:58.685+0000] {logging_mixin.py:120} INFO - [2025-01-29T23:59:58.685+0000] {dag.py:2585} INFO - Sync 2 DAGs
[2025-01-29T23:59:58.738+0000] {logging_mixin.py:120} INFO - [2025-01-29T23:59:58.738+0000] {dag.py:3340} INFO - Setting next_dagrun for example_external_task_marker_child to None, run_after=None
[2025-01-29T23:59:58.745+0000] {logging_mixin.py:120} INFO - [2025-01-29T23:59:58.744+0000] {dag.py:3340} INFO - Setting next_dagrun for example_external_task_marker_parent to None, run_after=None
[2025-01-29T23:59:58.776+0000] {processor.py:176} INFO - Processing /home/airflow/.local/lib/python3.7/site-packages/airflow/example_dags/example_external_task_marker_dag.py took 0.306 seconds
