[2025-01-29T23:31:49.966+0000] {processor.py:154} INFO - Started process (PID=72) to work on /home/airflow/.local/lib/python3.7/site-packages/airflow/example_dags/example_task_group.py
[2025-01-29T23:31:49.967+0000] {processor.py:756} INFO - Processing file /home/airflow/.local/lib/python3.7/site-packages/airflow/example_dags/example_task_group.py for tasks to queue
[2025-01-29T23:31:49.969+0000] {logging_mixin.py:120} INFO - [2025-01-29T23:31:49.969+0000] {dagbag.py:537} INFO - Filling up the DagBag from /home/airflow/.local/lib/python3.7/site-packages/airflow/example_dags/example_task_group.py
[2025-01-29T23:31:49.998+0000] {processor.py:766} INFO - DAG(s) dict_keys(['example_task_group']) retrieved from /home/airflow/.local/lib/python3.7/site-packages/airflow/example_dags/example_task_group.py
[2025-01-29T23:31:50.197+0000] {logging_mixin.py:120} INFO - [2025-01-29T23:31:50.197+0000] {manager.py:507} INFO - Created Permission View: can read on DAG:example_task_group
[2025-01-29T23:31:50.208+0000] {logging_mixin.py:120} INFO - [2025-01-29T23:31:50.208+0000] {manager.py:507} INFO - Created Permission View: can delete on DAG:example_task_group
[2025-01-29T23:31:50.221+0000] {logging_mixin.py:120} INFO - [2025-01-29T23:31:50.221+0000] {manager.py:507} INFO - Created Permission View: can edit on DAG:example_task_group
[2025-01-29T23:31:50.222+0000] {logging_mixin.py:120} INFO - [2025-01-29T23:31:50.222+0000] {dag.py:2585} INFO - Sync 1 DAGs
[2025-01-29T23:31:50.243+0000] {logging_mixin.py:120} INFO - [2025-01-29T23:31:50.242+0000] {dag.py:2606} INFO - Creating ORM DAG for example_task_group
[2025-01-29T23:31:50.262+0000] {logging_mixin.py:120} INFO - [2025-01-29T23:31:50.262+0000] {dag.py:3340} INFO - Setting next_dagrun for example_task_group to 2025-01-28T23:31:50.261505+00:00, run_after=2025-01-29T23:31:50.261505+00:00
[2025-01-29T23:31:50.295+0000] {processor.py:176} INFO - Processing /home/airflow/.local/lib/python3.7/site-packages/airflow/example_dags/example_task_group.py took 0.335 seconds
[2025-01-29T23:32:20.475+0000] {processor.py:154} INFO - Started process (PID=136) to work on /home/airflow/.local/lib/python3.7/site-packages/airflow/example_dags/example_task_group.py
[2025-01-29T23:32:20.476+0000] {processor.py:756} INFO - Processing file /home/airflow/.local/lib/python3.7/site-packages/airflow/example_dags/example_task_group.py for tasks to queue
[2025-01-29T23:32:20.477+0000] {logging_mixin.py:120} INFO - [2025-01-29T23:32:20.476+0000] {dagbag.py:537} INFO - Filling up the DagBag from /home/airflow/.local/lib/python3.7/site-packages/airflow/example_dags/example_task_group.py
[2025-01-29T23:32:20.492+0000] {processor.py:766} INFO - DAG(s) dict_keys(['example_task_group']) retrieved from /home/airflow/.local/lib/python3.7/site-packages/airflow/example_dags/example_task_group.py
[2025-01-29T23:32:20.549+0000] {logging_mixin.py:120} INFO - [2025-01-29T23:32:20.549+0000] {dag.py:2585} INFO - Sync 1 DAGs
[2025-01-29T23:32:20.583+0000] {logging_mixin.py:120} INFO - [2025-01-29T23:32:20.583+0000] {dag.py:3340} INFO - Setting next_dagrun for example_task_group to 2025-01-28T23:32:20.583009+00:00, run_after=2025-01-29T23:32:20.583009+00:00
[2025-01-29T23:32:20.606+0000] {processor.py:176} INFO - Processing /home/airflow/.local/lib/python3.7/site-packages/airflow/example_dags/example_task_group.py took 0.135 seconds
[2025-01-29T23:32:51.011+0000] {processor.py:154} INFO - Started process (PID=192) to work on /home/airflow/.local/lib/python3.7/site-packages/airflow/example_dags/example_task_group.py
[2025-01-29T23:32:51.012+0000] {processor.py:756} INFO - Processing file /home/airflow/.local/lib/python3.7/site-packages/airflow/example_dags/example_task_group.py for tasks to queue
[2025-01-29T23:32:51.013+0000] {logging_mixin.py:120} INFO - [2025-01-29T23:32:51.013+0000] {dagbag.py:537} INFO - Filling up the DagBag from /home/airflow/.local/lib/python3.7/site-packages/airflow/example_dags/example_task_group.py
[2025-01-29T23:32:51.029+0000] {processor.py:766} INFO - DAG(s) dict_keys(['example_task_group']) retrieved from /home/airflow/.local/lib/python3.7/site-packages/airflow/example_dags/example_task_group.py
[2025-01-29T23:32:51.093+0000] {logging_mixin.py:120} INFO - [2025-01-29T23:32:51.093+0000] {dag.py:2585} INFO - Sync 1 DAGs
[2025-01-29T23:32:51.126+0000] {logging_mixin.py:120} INFO - [2025-01-29T23:32:51.125+0000] {dag.py:3340} INFO - Setting next_dagrun for example_task_group to 2025-01-28T23:32:51.125531+00:00, run_after=2025-01-29T23:32:51.125531+00:00
[2025-01-29T23:32:51.150+0000] {processor.py:176} INFO - Processing /home/airflow/.local/lib/python3.7/site-packages/airflow/example_dags/example_task_group.py took 0.141 seconds
[2025-01-29T23:33:21.706+0000] {processor.py:154} INFO - Started process (PID=256) to work on /home/airflow/.local/lib/python3.7/site-packages/airflow/example_dags/example_task_group.py
[2025-01-29T23:33:21.707+0000] {processor.py:756} INFO - Processing file /home/airflow/.local/lib/python3.7/site-packages/airflow/example_dags/example_task_group.py for tasks to queue
[2025-01-29T23:33:21.708+0000] {logging_mixin.py:120} INFO - [2025-01-29T23:33:21.708+0000] {dagbag.py:537} INFO - Filling up the DagBag from /home/airflow/.local/lib/python3.7/site-packages/airflow/example_dags/example_task_group.py
[2025-01-29T23:33:21.721+0000] {processor.py:766} INFO - DAG(s) dict_keys(['example_task_group']) retrieved from /home/airflow/.local/lib/python3.7/site-packages/airflow/example_dags/example_task_group.py
[2025-01-29T23:33:21.774+0000] {logging_mixin.py:120} INFO - [2025-01-29T23:33:21.774+0000] {dag.py:2585} INFO - Sync 1 DAGs
[2025-01-29T23:33:21.806+0000] {logging_mixin.py:120} INFO - [2025-01-29T23:33:21.806+0000] {dag.py:3340} INFO - Setting next_dagrun for example_task_group to 2025-01-28T23:33:21.805796+00:00, run_after=2025-01-29T23:33:21.805796+00:00
[2025-01-29T23:33:21.834+0000] {processor.py:176} INFO - Processing /home/airflow/.local/lib/python3.7/site-packages/airflow/example_dags/example_task_group.py took 0.130 seconds
[2025-01-29T23:33:52.019+0000] {processor.py:154} INFO - Started process (PID=320) to work on /home/airflow/.local/lib/python3.7/site-packages/airflow/example_dags/example_task_group.py
[2025-01-29T23:33:52.020+0000] {processor.py:756} INFO - Processing file /home/airflow/.local/lib/python3.7/site-packages/airflow/example_dags/example_task_group.py for tasks to queue
[2025-01-29T23:33:52.022+0000] {logging_mixin.py:120} INFO - [2025-01-29T23:33:52.021+0000] {dagbag.py:537} INFO - Filling up the DagBag from /home/airflow/.local/lib/python3.7/site-packages/airflow/example_dags/example_task_group.py
[2025-01-29T23:33:52.035+0000] {processor.py:766} INFO - DAG(s) dict_keys(['example_task_group']) retrieved from /home/airflow/.local/lib/python3.7/site-packages/airflow/example_dags/example_task_group.py
[2025-01-29T23:33:52.088+0000] {logging_mixin.py:120} INFO - [2025-01-29T23:33:52.088+0000] {dag.py:2585} INFO - Sync 1 DAGs
[2025-01-29T23:33:52.121+0000] {logging_mixin.py:120} INFO - [2025-01-29T23:33:52.120+0000] {dag.py:3340} INFO - Setting next_dagrun for example_task_group to 2025-01-28T23:33:52.120709+00:00, run_after=2025-01-29T23:33:52.120709+00:00
[2025-01-29T23:33:52.152+0000] {processor.py:176} INFO - Processing /home/airflow/.local/lib/python3.7/site-packages/airflow/example_dags/example_task_group.py took 0.135 seconds
[2025-01-29T23:34:22.246+0000] {processor.py:154} INFO - Started process (PID=375) to work on /home/airflow/.local/lib/python3.7/site-packages/airflow/example_dags/example_task_group.py
[2025-01-29T23:34:22.247+0000] {processor.py:756} INFO - Processing file /home/airflow/.local/lib/python3.7/site-packages/airflow/example_dags/example_task_group.py for tasks to queue
[2025-01-29T23:34:22.248+0000] {logging_mixin.py:120} INFO - [2025-01-29T23:34:22.248+0000] {dagbag.py:537} INFO - Filling up the DagBag from /home/airflow/.local/lib/python3.7/site-packages/airflow/example_dags/example_task_group.py
[2025-01-29T23:34:22.263+0000] {processor.py:766} INFO - DAG(s) dict_keys(['example_task_group']) retrieved from /home/airflow/.local/lib/python3.7/site-packages/airflow/example_dags/example_task_group.py
[2025-01-29T23:34:22.328+0000] {logging_mixin.py:120} INFO - [2025-01-29T23:34:22.328+0000] {dag.py:2585} INFO - Sync 1 DAGs
[2025-01-29T23:34:22.368+0000] {logging_mixin.py:120} INFO - [2025-01-29T23:34:22.368+0000] {dag.py:3340} INFO - Setting next_dagrun for example_task_group to 2025-01-28T23:34:22.368201+00:00, run_after=2025-01-29T23:34:22.368201+00:00
[2025-01-29T23:34:22.393+0000] {processor.py:176} INFO - Processing /home/airflow/.local/lib/python3.7/site-packages/airflow/example_dags/example_task_group.py took 0.149 seconds
[2025-01-29T23:34:52.652+0000] {processor.py:154} INFO - Started process (PID=438) to work on /home/airflow/.local/lib/python3.7/site-packages/airflow/example_dags/example_task_group.py
[2025-01-29T23:34:52.653+0000] {processor.py:756} INFO - Processing file /home/airflow/.local/lib/python3.7/site-packages/airflow/example_dags/example_task_group.py for tasks to queue
[2025-01-29T23:34:52.654+0000] {logging_mixin.py:120} INFO - [2025-01-29T23:34:52.654+0000] {dagbag.py:537} INFO - Filling up the DagBag from /home/airflow/.local/lib/python3.7/site-packages/airflow/example_dags/example_task_group.py
[2025-01-29T23:34:52.671+0000] {processor.py:766} INFO - DAG(s) dict_keys(['example_task_group']) retrieved from /home/airflow/.local/lib/python3.7/site-packages/airflow/example_dags/example_task_group.py
[2025-01-29T23:34:52.733+0000] {logging_mixin.py:120} INFO - [2025-01-29T23:34:52.733+0000] {dag.py:2585} INFO - Sync 1 DAGs
[2025-01-29T23:34:52.766+0000] {logging_mixin.py:120} INFO - [2025-01-29T23:34:52.765+0000] {dag.py:3340} INFO - Setting next_dagrun for example_task_group to 2025-01-28T23:34:52.765714+00:00, run_after=2025-01-29T23:34:52.765714+00:00
[2025-01-29T23:34:52.790+0000] {processor.py:176} INFO - Processing /home/airflow/.local/lib/python3.7/site-packages/airflow/example_dags/example_task_group.py took 0.141 seconds
[2025-01-29T23:35:23.320+0000] {processor.py:154} INFO - Started process (PID=502) to work on /home/airflow/.local/lib/python3.7/site-packages/airflow/example_dags/example_task_group.py
[2025-01-29T23:35:23.322+0000] {processor.py:756} INFO - Processing file /home/airflow/.local/lib/python3.7/site-packages/airflow/example_dags/example_task_group.py for tasks to queue
[2025-01-29T23:35:23.323+0000] {logging_mixin.py:120} INFO - [2025-01-29T23:35:23.323+0000] {dagbag.py:537} INFO - Filling up the DagBag from /home/airflow/.local/lib/python3.7/site-packages/airflow/example_dags/example_task_group.py
[2025-01-29T23:35:23.340+0000] {processor.py:766} INFO - DAG(s) dict_keys(['example_task_group']) retrieved from /home/airflow/.local/lib/python3.7/site-packages/airflow/example_dags/example_task_group.py
[2025-01-29T23:35:23.394+0000] {logging_mixin.py:120} INFO - [2025-01-29T23:35:23.394+0000] {dag.py:2585} INFO - Sync 1 DAGs
[2025-01-29T23:35:23.425+0000] {logging_mixin.py:120} INFO - [2025-01-29T23:35:23.425+0000] {dag.py:3340} INFO - Setting next_dagrun for example_task_group to 2025-01-28T23:35:23.425568+00:00, run_after=2025-01-29T23:35:23.425568+00:00
[2025-01-29T23:35:23.450+0000] {processor.py:176} INFO - Processing /home/airflow/.local/lib/python3.7/site-packages/airflow/example_dags/example_task_group.py took 0.133 seconds
[2025-01-29T23:35:53.536+0000] {processor.py:154} INFO - Started process (PID=557) to work on /home/airflow/.local/lib/python3.7/site-packages/airflow/example_dags/example_task_group.py
[2025-01-29T23:35:53.537+0000] {processor.py:756} INFO - Processing file /home/airflow/.local/lib/python3.7/site-packages/airflow/example_dags/example_task_group.py for tasks to queue
[2025-01-29T23:35:53.538+0000] {logging_mixin.py:120} INFO - [2025-01-29T23:35:53.538+0000] {dagbag.py:537} INFO - Filling up the DagBag from /home/airflow/.local/lib/python3.7/site-packages/airflow/example_dags/example_task_group.py
[2025-01-29T23:35:53.555+0000] {processor.py:766} INFO - DAG(s) dict_keys(['example_task_group']) retrieved from /home/airflow/.local/lib/python3.7/site-packages/airflow/example_dags/example_task_group.py
[2025-01-29T23:35:53.607+0000] {logging_mixin.py:120} INFO - [2025-01-29T23:35:53.607+0000] {dag.py:2585} INFO - Sync 1 DAGs
[2025-01-29T23:35:53.647+0000] {logging_mixin.py:120} INFO - [2025-01-29T23:35:53.647+0000] {dag.py:3340} INFO - Setting next_dagrun for example_task_group to 2025-01-28T23:35:53.646844+00:00, run_after=2025-01-29T23:35:53.646844+00:00
[2025-01-29T23:35:53.689+0000] {processor.py:176} INFO - Processing /home/airflow/.local/lib/python3.7/site-packages/airflow/example_dags/example_task_group.py took 0.155 seconds
[2025-01-29T23:36:23.941+0000] {processor.py:154} INFO - Started process (PID=621) to work on /home/airflow/.local/lib/python3.7/site-packages/airflow/example_dags/example_task_group.py
[2025-01-29T23:36:23.942+0000] {processor.py:756} INFO - Processing file /home/airflow/.local/lib/python3.7/site-packages/airflow/example_dags/example_task_group.py for tasks to queue
[2025-01-29T23:36:23.943+0000] {logging_mixin.py:120} INFO - [2025-01-29T23:36:23.943+0000] {dagbag.py:537} INFO - Filling up the DagBag from /home/airflow/.local/lib/python3.7/site-packages/airflow/example_dags/example_task_group.py
[2025-01-29T23:36:23.958+0000] {processor.py:766} INFO - DAG(s) dict_keys(['example_task_group']) retrieved from /home/airflow/.local/lib/python3.7/site-packages/airflow/example_dags/example_task_group.py
[2025-01-29T23:36:24.020+0000] {logging_mixin.py:120} INFO - [2025-01-29T23:36:24.020+0000] {dag.py:2585} INFO - Sync 1 DAGs
[2025-01-29T23:36:24.054+0000] {logging_mixin.py:120} INFO - [2025-01-29T23:36:24.054+0000] {dag.py:3340} INFO - Setting next_dagrun for example_task_group to 2025-01-28T23:36:24.053912+00:00, run_after=2025-01-29T23:36:24.053912+00:00
[2025-01-29T23:36:24.081+0000] {processor.py:176} INFO - Processing /home/airflow/.local/lib/python3.7/site-packages/airflow/example_dags/example_task_group.py took 0.142 seconds
[2025-01-29T23:36:54.297+0000] {processor.py:154} INFO - Started process (PID=685) to work on /home/airflow/.local/lib/python3.7/site-packages/airflow/example_dags/example_task_group.py
[2025-01-29T23:36:54.298+0000] {processor.py:756} INFO - Processing file /home/airflow/.local/lib/python3.7/site-packages/airflow/example_dags/example_task_group.py for tasks to queue
[2025-01-29T23:36:54.299+0000] {logging_mixin.py:120} INFO - [2025-01-29T23:36:54.298+0000] {dagbag.py:537} INFO - Filling up the DagBag from /home/airflow/.local/lib/python3.7/site-packages/airflow/example_dags/example_task_group.py
[2025-01-29T23:36:54.312+0000] {processor.py:766} INFO - DAG(s) dict_keys(['example_task_group']) retrieved from /home/airflow/.local/lib/python3.7/site-packages/airflow/example_dags/example_task_group.py
[2025-01-29T23:36:54.371+0000] {logging_mixin.py:120} INFO - [2025-01-29T23:36:54.371+0000] {dag.py:2585} INFO - Sync 1 DAGs
[2025-01-29T23:36:54.403+0000] {logging_mixin.py:120} INFO - [2025-01-29T23:36:54.403+0000] {dag.py:3340} INFO - Setting next_dagrun for example_task_group to 2025-01-28T23:36:54.403225+00:00, run_after=2025-01-29T23:36:54.403225+00:00
[2025-01-29T23:36:54.429+0000] {processor.py:176} INFO - Processing /home/airflow/.local/lib/python3.7/site-packages/airflow/example_dags/example_task_group.py took 0.135 seconds
[2025-01-29T23:37:24.597+0000] {processor.py:154} INFO - Started process (PID=740) to work on /home/airflow/.local/lib/python3.7/site-packages/airflow/example_dags/example_task_group.py
[2025-01-29T23:37:24.598+0000] {processor.py:756} INFO - Processing file /home/airflow/.local/lib/python3.7/site-packages/airflow/example_dags/example_task_group.py for tasks to queue
[2025-01-29T23:37:24.599+0000] {logging_mixin.py:120} INFO - [2025-01-29T23:37:24.599+0000] {dagbag.py:537} INFO - Filling up the DagBag from /home/airflow/.local/lib/python3.7/site-packages/airflow/example_dags/example_task_group.py
[2025-01-29T23:37:24.616+0000] {processor.py:766} INFO - DAG(s) dict_keys(['example_task_group']) retrieved from /home/airflow/.local/lib/python3.7/site-packages/airflow/example_dags/example_task_group.py
[2025-01-29T23:37:24.673+0000] {logging_mixin.py:120} INFO - [2025-01-29T23:37:24.673+0000] {dag.py:2585} INFO - Sync 1 DAGs
[2025-01-29T23:37:24.704+0000] {logging_mixin.py:120} INFO - [2025-01-29T23:37:24.704+0000] {dag.py:3340} INFO - Setting next_dagrun for example_task_group to 2025-01-28T23:37:24.703809+00:00, run_after=2025-01-29T23:37:24.703809+00:00
[2025-01-29T23:37:24.738+0000] {processor.py:176} INFO - Processing /home/airflow/.local/lib/python3.7/site-packages/airflow/example_dags/example_task_group.py took 0.143 seconds
[2025-01-29T23:37:55.316+0000] {processor.py:154} INFO - Started process (PID=804) to work on /home/airflow/.local/lib/python3.7/site-packages/airflow/example_dags/example_task_group.py
[2025-01-29T23:37:55.317+0000] {processor.py:756} INFO - Processing file /home/airflow/.local/lib/python3.7/site-packages/airflow/example_dags/example_task_group.py for tasks to queue
[2025-01-29T23:37:55.318+0000] {logging_mixin.py:120} INFO - [2025-01-29T23:37:55.318+0000] {dagbag.py:537} INFO - Filling up the DagBag from /home/airflow/.local/lib/python3.7/site-packages/airflow/example_dags/example_task_group.py
[2025-01-29T23:37:55.334+0000] {processor.py:766} INFO - DAG(s) dict_keys(['example_task_group']) retrieved from /home/airflow/.local/lib/python3.7/site-packages/airflow/example_dags/example_task_group.py
[2025-01-29T23:37:55.398+0000] {logging_mixin.py:120} INFO - [2025-01-29T23:37:55.398+0000] {dag.py:2585} INFO - Sync 1 DAGs
[2025-01-29T23:37:55.431+0000] {logging_mixin.py:120} INFO - [2025-01-29T23:37:55.431+0000] {dag.py:3340} INFO - Setting next_dagrun for example_task_group to 2025-01-28T23:37:55.431490+00:00, run_after=2025-01-29T23:37:55.431490+00:00
[2025-01-29T23:37:55.460+0000] {processor.py:176} INFO - Processing /home/airflow/.local/lib/python3.7/site-packages/airflow/example_dags/example_task_group.py took 0.148 seconds
[2025-01-29T23:38:25.617+0000] {processor.py:154} INFO - Started process (PID=868) to work on /home/airflow/.local/lib/python3.7/site-packages/airflow/example_dags/example_task_group.py
[2025-01-29T23:38:25.618+0000] {processor.py:756} INFO - Processing file /home/airflow/.local/lib/python3.7/site-packages/airflow/example_dags/example_task_group.py for tasks to queue
[2025-01-29T23:38:25.619+0000] {logging_mixin.py:120} INFO - [2025-01-29T23:38:25.619+0000] {dagbag.py:537} INFO - Filling up the DagBag from /home/airflow/.local/lib/python3.7/site-packages/airflow/example_dags/example_task_group.py
[2025-01-29T23:38:25.634+0000] {processor.py:766} INFO - DAG(s) dict_keys(['example_task_group']) retrieved from /home/airflow/.local/lib/python3.7/site-packages/airflow/example_dags/example_task_group.py
[2025-01-29T23:38:25.689+0000] {logging_mixin.py:120} INFO - [2025-01-29T23:38:25.689+0000] {dag.py:2585} INFO - Sync 1 DAGs
[2025-01-29T23:38:25.720+0000] {logging_mixin.py:120} INFO - [2025-01-29T23:38:25.720+0000] {dag.py:3340} INFO - Setting next_dagrun for example_task_group to 2025-01-28T23:38:25.720278+00:00, run_after=2025-01-29T23:38:25.720278+00:00
[2025-01-29T23:38:25.747+0000] {processor.py:176} INFO - Processing /home/airflow/.local/lib/python3.7/site-packages/airflow/example_dags/example_task_group.py took 0.133 seconds
[2025-01-29T23:38:56.131+0000] {processor.py:154} INFO - Started process (PID=932) to work on /home/airflow/.local/lib/python3.7/site-packages/airflow/example_dags/example_task_group.py
[2025-01-29T23:38:56.132+0000] {processor.py:756} INFO - Processing file /home/airflow/.local/lib/python3.7/site-packages/airflow/example_dags/example_task_group.py for tasks to queue
[2025-01-29T23:38:56.132+0000] {logging_mixin.py:120} INFO - [2025-01-29T23:38:56.132+0000] {dagbag.py:537} INFO - Filling up the DagBag from /home/airflow/.local/lib/python3.7/site-packages/airflow/example_dags/example_task_group.py
[2025-01-29T23:38:56.147+0000] {processor.py:766} INFO - DAG(s) dict_keys(['example_task_group']) retrieved from /home/airflow/.local/lib/python3.7/site-packages/airflow/example_dags/example_task_group.py
[2025-01-29T23:38:56.205+0000] {logging_mixin.py:120} INFO - [2025-01-29T23:38:56.205+0000] {dag.py:2585} INFO - Sync 1 DAGs
[2025-01-29T23:38:56.242+0000] {logging_mixin.py:120} INFO - [2025-01-29T23:38:56.242+0000] {dag.py:3340} INFO - Setting next_dagrun for example_task_group to 2025-01-28T23:38:56.242544+00:00, run_after=2025-01-29T23:38:56.242544+00:00
[2025-01-29T23:38:56.267+0000] {processor.py:176} INFO - Processing /home/airflow/.local/lib/python3.7/site-packages/airflow/example_dags/example_task_group.py took 0.140 seconds
[2025-01-29T23:39:27.080+0000] {processor.py:154} INFO - Started process (PID=987) to work on /home/airflow/.local/lib/python3.7/site-packages/airflow/example_dags/example_task_group.py
[2025-01-29T23:39:27.081+0000] {processor.py:756} INFO - Processing file /home/airflow/.local/lib/python3.7/site-packages/airflow/example_dags/example_task_group.py for tasks to queue
[2025-01-29T23:39:27.081+0000] {logging_mixin.py:120} INFO - [2025-01-29T23:39:27.081+0000] {dagbag.py:537} INFO - Filling up the DagBag from /home/airflow/.local/lib/python3.7/site-packages/airflow/example_dags/example_task_group.py
[2025-01-29T23:39:27.095+0000] {processor.py:766} INFO - DAG(s) dict_keys(['example_task_group']) retrieved from /home/airflow/.local/lib/python3.7/site-packages/airflow/example_dags/example_task_group.py
[2025-01-29T23:39:27.150+0000] {logging_mixin.py:120} INFO - [2025-01-29T23:39:27.150+0000] {dag.py:2585} INFO - Sync 1 DAGs
[2025-01-29T23:39:27.181+0000] {logging_mixin.py:120} INFO - [2025-01-29T23:39:27.181+0000] {dag.py:3340} INFO - Setting next_dagrun for example_task_group to 2025-01-28T23:39:27.180953+00:00, run_after=2025-01-29T23:39:27.180953+00:00
[2025-01-29T23:39:27.204+0000] {processor.py:176} INFO - Processing /home/airflow/.local/lib/python3.7/site-packages/airflow/example_dags/example_task_group.py took 0.127 seconds
[2025-01-29T23:39:57.494+0000] {processor.py:154} INFO - Started process (PID=1051) to work on /home/airflow/.local/lib/python3.7/site-packages/airflow/example_dags/example_task_group.py
[2025-01-29T23:39:57.495+0000] {processor.py:756} INFO - Processing file /home/airflow/.local/lib/python3.7/site-packages/airflow/example_dags/example_task_group.py for tasks to queue
[2025-01-29T23:39:57.496+0000] {logging_mixin.py:120} INFO - [2025-01-29T23:39:57.496+0000] {dagbag.py:537} INFO - Filling up the DagBag from /home/airflow/.local/lib/python3.7/site-packages/airflow/example_dags/example_task_group.py
[2025-01-29T23:39:57.517+0000] {processor.py:766} INFO - DAG(s) dict_keys(['example_task_group']) retrieved from /home/airflow/.local/lib/python3.7/site-packages/airflow/example_dags/example_task_group.py
[2025-01-29T23:39:57.577+0000] {logging_mixin.py:120} INFO - [2025-01-29T23:39:57.576+0000] {dag.py:2585} INFO - Sync 1 DAGs
[2025-01-29T23:39:57.607+0000] {logging_mixin.py:120} INFO - [2025-01-29T23:39:57.607+0000] {dag.py:3340} INFO - Setting next_dagrun for example_task_group to 2025-01-28T23:39:57.607514+00:00, run_after=2025-01-29T23:39:57.607514+00:00
[2025-01-29T23:39:57.636+0000] {processor.py:176} INFO - Processing /home/airflow/.local/lib/python3.7/site-packages/airflow/example_dags/example_task_group.py took 0.146 seconds
[2025-01-29T23:40:27.898+0000] {processor.py:154} INFO - Started process (PID=1115) to work on /home/airflow/.local/lib/python3.7/site-packages/airflow/example_dags/example_task_group.py
[2025-01-29T23:40:27.899+0000] {processor.py:756} INFO - Processing file /home/airflow/.local/lib/python3.7/site-packages/airflow/example_dags/example_task_group.py for tasks to queue
[2025-01-29T23:40:27.900+0000] {logging_mixin.py:120} INFO - [2025-01-29T23:40:27.900+0000] {dagbag.py:537} INFO - Filling up the DagBag from /home/airflow/.local/lib/python3.7/site-packages/airflow/example_dags/example_task_group.py
[2025-01-29T23:40:27.915+0000] {processor.py:766} INFO - DAG(s) dict_keys(['example_task_group']) retrieved from /home/airflow/.local/lib/python3.7/site-packages/airflow/example_dags/example_task_group.py
[2025-01-29T23:40:27.967+0000] {logging_mixin.py:120} INFO - [2025-01-29T23:40:27.967+0000] {dag.py:2585} INFO - Sync 1 DAGs
[2025-01-29T23:40:27.998+0000] {logging_mixin.py:120} INFO - [2025-01-29T23:40:27.997+0000] {dag.py:3340} INFO - Setting next_dagrun for example_task_group to 2025-01-28T23:40:27.997468+00:00, run_after=2025-01-29T23:40:27.997468+00:00
[2025-01-29T23:40:28.024+0000] {processor.py:176} INFO - Processing /home/airflow/.local/lib/python3.7/site-packages/airflow/example_dags/example_task_group.py took 0.128 seconds
[2025-01-29T23:40:58.424+0000] {processor.py:154} INFO - Started process (PID=1170) to work on /home/airflow/.local/lib/python3.7/site-packages/airflow/example_dags/example_task_group.py
[2025-01-29T23:40:58.425+0000] {processor.py:756} INFO - Processing file /home/airflow/.local/lib/python3.7/site-packages/airflow/example_dags/example_task_group.py for tasks to queue
[2025-01-29T23:40:58.425+0000] {logging_mixin.py:120} INFO - [2025-01-29T23:40:58.425+0000] {dagbag.py:537} INFO - Filling up the DagBag from /home/airflow/.local/lib/python3.7/site-packages/airflow/example_dags/example_task_group.py
[2025-01-29T23:40:58.440+0000] {processor.py:766} INFO - DAG(s) dict_keys(['example_task_group']) retrieved from /home/airflow/.local/lib/python3.7/site-packages/airflow/example_dags/example_task_group.py
[2025-01-29T23:40:58.492+0000] {logging_mixin.py:120} INFO - [2025-01-29T23:40:58.492+0000] {dag.py:2585} INFO - Sync 1 DAGs
[2025-01-29T23:40:58.524+0000] {logging_mixin.py:120} INFO - [2025-01-29T23:40:58.523+0000] {dag.py:3340} INFO - Setting next_dagrun for example_task_group to 2025-01-28T23:40:58.523633+00:00, run_after=2025-01-29T23:40:58.523633+00:00
[2025-01-29T23:40:58.547+0000] {processor.py:176} INFO - Processing /home/airflow/.local/lib/python3.7/site-packages/airflow/example_dags/example_task_group.py took 0.126 seconds
[2025-01-29T23:41:29.189+0000] {processor.py:154} INFO - Started process (PID=1234) to work on /home/airflow/.local/lib/python3.7/site-packages/airflow/example_dags/example_task_group.py
[2025-01-29T23:41:29.190+0000] {processor.py:756} INFO - Processing file /home/airflow/.local/lib/python3.7/site-packages/airflow/example_dags/example_task_group.py for tasks to queue
[2025-01-29T23:41:29.191+0000] {logging_mixin.py:120} INFO - [2025-01-29T23:41:29.191+0000] {dagbag.py:537} INFO - Filling up the DagBag from /home/airflow/.local/lib/python3.7/site-packages/airflow/example_dags/example_task_group.py
[2025-01-29T23:41:29.207+0000] {processor.py:766} INFO - DAG(s) dict_keys(['example_task_group']) retrieved from /home/airflow/.local/lib/python3.7/site-packages/airflow/example_dags/example_task_group.py
[2025-01-29T23:41:29.264+0000] {logging_mixin.py:120} INFO - [2025-01-29T23:41:29.264+0000] {dag.py:2585} INFO - Sync 1 DAGs
[2025-01-29T23:41:29.296+0000] {logging_mixin.py:120} INFO - [2025-01-29T23:41:29.295+0000] {dag.py:3340} INFO - Setting next_dagrun for example_task_group to 2025-01-28T23:41:29.295716+00:00, run_after=2025-01-29T23:41:29.295716+00:00
[2025-01-29T23:41:29.321+0000] {processor.py:176} INFO - Processing /home/airflow/.local/lib/python3.7/site-packages/airflow/example_dags/example_task_group.py took 0.135 seconds
[2025-01-29T23:42:00.043+0000] {processor.py:154} INFO - Started process (PID=1299) to work on /home/airflow/.local/lib/python3.7/site-packages/airflow/example_dags/example_task_group.py
[2025-01-29T23:42:00.044+0000] {processor.py:756} INFO - Processing file /home/airflow/.local/lib/python3.7/site-packages/airflow/example_dags/example_task_group.py for tasks to queue
[2025-01-29T23:42:00.045+0000] {logging_mixin.py:120} INFO - [2025-01-29T23:42:00.045+0000] {dagbag.py:537} INFO - Filling up the DagBag from /home/airflow/.local/lib/python3.7/site-packages/airflow/example_dags/example_task_group.py
[2025-01-29T23:42:00.064+0000] {processor.py:766} INFO - DAG(s) dict_keys(['example_task_group']) retrieved from /home/airflow/.local/lib/python3.7/site-packages/airflow/example_dags/example_task_group.py
[2025-01-29T23:42:00.130+0000] {logging_mixin.py:120} INFO - [2025-01-29T23:42:00.129+0000] {dag.py:2585} INFO - Sync 1 DAGs
[2025-01-29T23:42:00.163+0000] {logging_mixin.py:120} INFO - [2025-01-29T23:42:00.162+0000] {dag.py:3340} INFO - Setting next_dagrun for example_task_group to 2025-01-28T23:42:00.162699+00:00, run_after=2025-01-29T23:42:00.162699+00:00
[2025-01-29T23:42:00.185+0000] {processor.py:176} INFO - Processing /home/airflow/.local/lib/python3.7/site-packages/airflow/example_dags/example_task_group.py took 0.145 seconds
[2025-01-29T23:42:30.863+0000] {processor.py:154} INFO - Started process (PID=1363) to work on /home/airflow/.local/lib/python3.7/site-packages/airflow/example_dags/example_task_group.py
[2025-01-29T23:42:30.868+0000] {processor.py:756} INFO - Processing file /home/airflow/.local/lib/python3.7/site-packages/airflow/example_dags/example_task_group.py for tasks to queue
[2025-01-29T23:42:30.871+0000] {logging_mixin.py:120} INFO - [2025-01-29T23:42:30.870+0000] {dagbag.py:537} INFO - Filling up the DagBag from /home/airflow/.local/lib/python3.7/site-packages/airflow/example_dags/example_task_group.py
[2025-01-29T23:42:30.893+0000] {processor.py:766} INFO - DAG(s) dict_keys(['example_task_group']) retrieved from /home/airflow/.local/lib/python3.7/site-packages/airflow/example_dags/example_task_group.py
[2025-01-29T23:42:30.963+0000] {logging_mixin.py:120} INFO - [2025-01-29T23:42:30.962+0000] {dag.py:2585} INFO - Sync 1 DAGs
[2025-01-29T23:42:31.010+0000] {logging_mixin.py:120} INFO - [2025-01-29T23:42:31.010+0000] {dag.py:3340} INFO - Setting next_dagrun for example_task_group to 2025-01-28T23:42:31.010020+00:00, run_after=2025-01-29T23:42:31.010020+00:00
[2025-01-29T23:42:31.048+0000] {processor.py:176} INFO - Processing /home/airflow/.local/lib/python3.7/site-packages/airflow/example_dags/example_task_group.py took 0.189 seconds
[2025-01-29T23:43:01.590+0000] {processor.py:154} INFO - Started process (PID=1419) to work on /home/airflow/.local/lib/python3.7/site-packages/airflow/example_dags/example_task_group.py
[2025-01-29T23:43:01.591+0000] {processor.py:756} INFO - Processing file /home/airflow/.local/lib/python3.7/site-packages/airflow/example_dags/example_task_group.py for tasks to queue
[2025-01-29T23:43:01.592+0000] {logging_mixin.py:120} INFO - [2025-01-29T23:43:01.592+0000] {dagbag.py:537} INFO - Filling up the DagBag from /home/airflow/.local/lib/python3.7/site-packages/airflow/example_dags/example_task_group.py
[2025-01-29T23:43:01.606+0000] {processor.py:766} INFO - DAG(s) dict_keys(['example_task_group']) retrieved from /home/airflow/.local/lib/python3.7/site-packages/airflow/example_dags/example_task_group.py
[2025-01-29T23:43:01.659+0000] {logging_mixin.py:120} INFO - [2025-01-29T23:43:01.658+0000] {dag.py:2585} INFO - Sync 1 DAGs
[2025-01-29T23:43:01.693+0000] {logging_mixin.py:120} INFO - [2025-01-29T23:43:01.693+0000] {dag.py:3340} INFO - Setting next_dagrun for example_task_group to 2025-01-28T23:43:01.693546+00:00, run_after=2025-01-29T23:43:01.693546+00:00
[2025-01-29T23:43:01.720+0000] {processor.py:176} INFO - Processing /home/airflow/.local/lib/python3.7/site-packages/airflow/example_dags/example_task_group.py took 0.132 seconds
[2025-01-29T23:43:32.374+0000] {processor.py:154} INFO - Started process (PID=1483) to work on /home/airflow/.local/lib/python3.7/site-packages/airflow/example_dags/example_task_group.py
[2025-01-29T23:43:32.375+0000] {processor.py:756} INFO - Processing file /home/airflow/.local/lib/python3.7/site-packages/airflow/example_dags/example_task_group.py for tasks to queue
[2025-01-29T23:43:32.375+0000] {logging_mixin.py:120} INFO - [2025-01-29T23:43:32.375+0000] {dagbag.py:537} INFO - Filling up the DagBag from /home/airflow/.local/lib/python3.7/site-packages/airflow/example_dags/example_task_group.py
[2025-01-29T23:43:32.390+0000] {processor.py:766} INFO - DAG(s) dict_keys(['example_task_group']) retrieved from /home/airflow/.local/lib/python3.7/site-packages/airflow/example_dags/example_task_group.py
[2025-01-29T23:43:32.444+0000] {logging_mixin.py:120} INFO - [2025-01-29T23:43:32.444+0000] {dag.py:2585} INFO - Sync 1 DAGs
[2025-01-29T23:43:32.476+0000] {logging_mixin.py:120} INFO - [2025-01-29T23:43:32.476+0000] {dag.py:3340} INFO - Setting next_dagrun for example_task_group to 2025-01-28T23:43:32.475807+00:00, run_after=2025-01-29T23:43:32.475807+00:00
[2025-01-29T23:43:32.498+0000] {processor.py:176} INFO - Processing /home/airflow/.local/lib/python3.7/site-packages/airflow/example_dags/example_task_group.py took 0.127 seconds
[2025-01-29T23:44:02.903+0000] {processor.py:154} INFO - Started process (PID=1547) to work on /home/airflow/.local/lib/python3.7/site-packages/airflow/example_dags/example_task_group.py
[2025-01-29T23:44:02.904+0000] {processor.py:756} INFO - Processing file /home/airflow/.local/lib/python3.7/site-packages/airflow/example_dags/example_task_group.py for tasks to queue
[2025-01-29T23:44:02.905+0000] {logging_mixin.py:120} INFO - [2025-01-29T23:44:02.905+0000] {dagbag.py:537} INFO - Filling up the DagBag from /home/airflow/.local/lib/python3.7/site-packages/airflow/example_dags/example_task_group.py
[2025-01-29T23:44:02.920+0000] {processor.py:766} INFO - DAG(s) dict_keys(['example_task_group']) retrieved from /home/airflow/.local/lib/python3.7/site-packages/airflow/example_dags/example_task_group.py
[2025-01-29T23:44:02.975+0000] {logging_mixin.py:120} INFO - [2025-01-29T23:44:02.974+0000] {dag.py:2585} INFO - Sync 1 DAGs
[2025-01-29T23:44:03.007+0000] {logging_mixin.py:120} INFO - [2025-01-29T23:44:03.007+0000] {dag.py:3340} INFO - Setting next_dagrun for example_task_group to 2025-01-28T23:44:03.006788+00:00, run_after=2025-01-29T23:44:03.006788+00:00
[2025-01-29T23:44:03.030+0000] {processor.py:176} INFO - Processing /home/airflow/.local/lib/python3.7/site-packages/airflow/example_dags/example_task_group.py took 0.130 seconds
[2025-01-29T23:44:33.611+0000] {processor.py:154} INFO - Started process (PID=1602) to work on /home/airflow/.local/lib/python3.7/site-packages/airflow/example_dags/example_task_group.py
[2025-01-29T23:44:33.612+0000] {processor.py:756} INFO - Processing file /home/airflow/.local/lib/python3.7/site-packages/airflow/example_dags/example_task_group.py for tasks to queue
[2025-01-29T23:44:33.613+0000] {logging_mixin.py:120} INFO - [2025-01-29T23:44:33.613+0000] {dagbag.py:537} INFO - Filling up the DagBag from /home/airflow/.local/lib/python3.7/site-packages/airflow/example_dags/example_task_group.py
[2025-01-29T23:44:33.628+0000] {processor.py:766} INFO - DAG(s) dict_keys(['example_task_group']) retrieved from /home/airflow/.local/lib/python3.7/site-packages/airflow/example_dags/example_task_group.py
[2025-01-29T23:44:33.681+0000] {logging_mixin.py:120} INFO - [2025-01-29T23:44:33.681+0000] {dag.py:2585} INFO - Sync 1 DAGs
[2025-01-29T23:44:33.712+0000] {logging_mixin.py:120} INFO - [2025-01-29T23:44:33.711+0000] {dag.py:3340} INFO - Setting next_dagrun for example_task_group to 2025-01-28T23:44:33.711202+00:00, run_after=2025-01-29T23:44:33.711202+00:00
[2025-01-29T23:44:33.736+0000] {processor.py:176} INFO - Processing /home/airflow/.local/lib/python3.7/site-packages/airflow/example_dags/example_task_group.py took 0.129 seconds
[2025-01-29T23:45:03.989+0000] {processor.py:154} INFO - Started process (PID=1666) to work on /home/airflow/.local/lib/python3.7/site-packages/airflow/example_dags/example_task_group.py
[2025-01-29T23:45:03.989+0000] {processor.py:756} INFO - Processing file /home/airflow/.local/lib/python3.7/site-packages/airflow/example_dags/example_task_group.py for tasks to queue
[2025-01-29T23:45:03.990+0000] {logging_mixin.py:120} INFO - [2025-01-29T23:45:03.990+0000] {dagbag.py:537} INFO - Filling up the DagBag from /home/airflow/.local/lib/python3.7/site-packages/airflow/example_dags/example_task_group.py
[2025-01-29T23:45:04.003+0000] {processor.py:766} INFO - DAG(s) dict_keys(['example_task_group']) retrieved from /home/airflow/.local/lib/python3.7/site-packages/airflow/example_dags/example_task_group.py
[2025-01-29T23:45:04.058+0000] {logging_mixin.py:120} INFO - [2025-01-29T23:45:04.058+0000] {dag.py:2585} INFO - Sync 1 DAGs
[2025-01-29T23:45:04.090+0000] {logging_mixin.py:120} INFO - [2025-01-29T23:45:04.090+0000] {dag.py:3340} INFO - Setting next_dagrun for example_task_group to 2025-01-28T23:45:04.090551+00:00, run_after=2025-01-29T23:45:04.090551+00:00
[2025-01-29T23:45:04.113+0000] {processor.py:176} INFO - Processing /home/airflow/.local/lib/python3.7/site-packages/airflow/example_dags/example_task_group.py took 0.128 seconds
[2025-01-29T23:45:34.689+0000] {processor.py:154} INFO - Started process (PID=1730) to work on /home/airflow/.local/lib/python3.7/site-packages/airflow/example_dags/example_task_group.py
[2025-01-29T23:45:34.690+0000] {processor.py:756} INFO - Processing file /home/airflow/.local/lib/python3.7/site-packages/airflow/example_dags/example_task_group.py for tasks to queue
[2025-01-29T23:45:34.691+0000] {logging_mixin.py:120} INFO - [2025-01-29T23:45:34.691+0000] {dagbag.py:537} INFO - Filling up the DagBag from /home/airflow/.local/lib/python3.7/site-packages/airflow/example_dags/example_task_group.py
[2025-01-29T23:45:34.705+0000] {processor.py:766} INFO - DAG(s) dict_keys(['example_task_group']) retrieved from /home/airflow/.local/lib/python3.7/site-packages/airflow/example_dags/example_task_group.py
[2025-01-29T23:45:34.760+0000] {logging_mixin.py:120} INFO - [2025-01-29T23:45:34.760+0000] {dag.py:2585} INFO - Sync 1 DAGs
[2025-01-29T23:45:34.791+0000] {logging_mixin.py:120} INFO - [2025-01-29T23:45:34.790+0000] {dag.py:3340} INFO - Setting next_dagrun for example_task_group to 2025-01-28T23:45:34.790710+00:00, run_after=2025-01-29T23:45:34.790710+00:00
[2025-01-29T23:45:34.813+0000] {processor.py:176} INFO - Processing /home/airflow/.local/lib/python3.7/site-packages/airflow/example_dags/example_task_group.py took 0.126 seconds
[2025-01-29T23:46:05.244+0000] {processor.py:154} INFO - Started process (PID=1794) to work on /home/airflow/.local/lib/python3.7/site-packages/airflow/example_dags/example_task_group.py
[2025-01-29T23:46:05.245+0000] {processor.py:756} INFO - Processing file /home/airflow/.local/lib/python3.7/site-packages/airflow/example_dags/example_task_group.py for tasks to queue
[2025-01-29T23:46:05.246+0000] {logging_mixin.py:120} INFO - [2025-01-29T23:46:05.246+0000] {dagbag.py:537} INFO - Filling up the DagBag from /home/airflow/.local/lib/python3.7/site-packages/airflow/example_dags/example_task_group.py
[2025-01-29T23:46:05.260+0000] {processor.py:766} INFO - DAG(s) dict_keys(['example_task_group']) retrieved from /home/airflow/.local/lib/python3.7/site-packages/airflow/example_dags/example_task_group.py
[2025-01-29T23:46:05.317+0000] {logging_mixin.py:120} INFO - [2025-01-29T23:46:05.317+0000] {dag.py:2585} INFO - Sync 1 DAGs
[2025-01-29T23:46:05.351+0000] {logging_mixin.py:120} INFO - [2025-01-29T23:46:05.351+0000] {dag.py:3340} INFO - Setting next_dagrun for example_task_group to 2025-01-28T23:46:05.351420+00:00, run_after=2025-01-29T23:46:05.351420+00:00
[2025-01-29T23:46:05.378+0000] {processor.py:176} INFO - Processing /home/airflow/.local/lib/python3.7/site-packages/airflow/example_dags/example_task_group.py took 0.137 seconds
[2025-01-29T23:46:35.788+0000] {processor.py:154} INFO - Started process (PID=1849) to work on /home/airflow/.local/lib/python3.7/site-packages/airflow/example_dags/example_task_group.py
[2025-01-29T23:46:35.789+0000] {processor.py:756} INFO - Processing file /home/airflow/.local/lib/python3.7/site-packages/airflow/example_dags/example_task_group.py for tasks to queue
[2025-01-29T23:46:35.790+0000] {logging_mixin.py:120} INFO - [2025-01-29T23:46:35.790+0000] {dagbag.py:537} INFO - Filling up the DagBag from /home/airflow/.local/lib/python3.7/site-packages/airflow/example_dags/example_task_group.py
[2025-01-29T23:46:35.804+0000] {processor.py:766} INFO - DAG(s) dict_keys(['example_task_group']) retrieved from /home/airflow/.local/lib/python3.7/site-packages/airflow/example_dags/example_task_group.py
[2025-01-29T23:46:35.858+0000] {logging_mixin.py:120} INFO - [2025-01-29T23:46:35.858+0000] {dag.py:2585} INFO - Sync 1 DAGs
[2025-01-29T23:46:35.890+0000] {logging_mixin.py:120} INFO - [2025-01-29T23:46:35.889+0000] {dag.py:3340} INFO - Setting next_dagrun for example_task_group to 2025-01-28T23:46:35.889610+00:00, run_after=2025-01-29T23:46:35.889610+00:00
[2025-01-29T23:46:35.915+0000] {processor.py:176} INFO - Processing /home/airflow/.local/lib/python3.7/site-packages/airflow/example_dags/example_task_group.py took 0.131 seconds
[2025-01-29T23:47:06.006+0000] {processor.py:154} INFO - Started process (PID=1913) to work on /home/airflow/.local/lib/python3.7/site-packages/airflow/example_dags/example_task_group.py
[2025-01-29T23:47:06.007+0000] {processor.py:756} INFO - Processing file /home/airflow/.local/lib/python3.7/site-packages/airflow/example_dags/example_task_group.py for tasks to queue
[2025-01-29T23:47:06.008+0000] {logging_mixin.py:120} INFO - [2025-01-29T23:47:06.007+0000] {dagbag.py:537} INFO - Filling up the DagBag from /home/airflow/.local/lib/python3.7/site-packages/airflow/example_dags/example_task_group.py
[2025-01-29T23:47:06.026+0000] {processor.py:766} INFO - DAG(s) dict_keys(['example_task_group']) retrieved from /home/airflow/.local/lib/python3.7/site-packages/airflow/example_dags/example_task_group.py
[2025-01-29T23:47:06.078+0000] {logging_mixin.py:120} INFO - [2025-01-29T23:47:06.078+0000] {dag.py:2585} INFO - Sync 1 DAGs
[2025-01-29T23:47:06.108+0000] {logging_mixin.py:120} INFO - [2025-01-29T23:47:06.108+0000] {dag.py:3340} INFO - Setting next_dagrun for example_task_group to 2025-01-28T23:47:06.108073+00:00, run_after=2025-01-29T23:47:06.108073+00:00
[2025-01-29T23:47:06.131+0000] {processor.py:176} INFO - Processing /home/airflow/.local/lib/python3.7/site-packages/airflow/example_dags/example_task_group.py took 0.127 seconds
[2025-01-29T23:47:36.665+0000] {processor.py:154} INFO - Started process (PID=1977) to work on /home/airflow/.local/lib/python3.7/site-packages/airflow/example_dags/example_task_group.py
[2025-01-29T23:47:36.666+0000] {processor.py:756} INFO - Processing file /home/airflow/.local/lib/python3.7/site-packages/airflow/example_dags/example_task_group.py for tasks to queue
[2025-01-29T23:47:36.667+0000] {logging_mixin.py:120} INFO - [2025-01-29T23:47:36.667+0000] {dagbag.py:537} INFO - Filling up the DagBag from /home/airflow/.local/lib/python3.7/site-packages/airflow/example_dags/example_task_group.py
[2025-01-29T23:47:36.683+0000] {processor.py:766} INFO - DAG(s) dict_keys(['example_task_group']) retrieved from /home/airflow/.local/lib/python3.7/site-packages/airflow/example_dags/example_task_group.py
[2025-01-29T23:47:36.738+0000] {logging_mixin.py:120} INFO - [2025-01-29T23:47:36.737+0000] {dag.py:2585} INFO - Sync 1 DAGs
[2025-01-29T23:47:36.768+0000] {logging_mixin.py:120} INFO - [2025-01-29T23:47:36.768+0000] {dag.py:3340} INFO - Setting next_dagrun for example_task_group to 2025-01-28T23:47:36.767975+00:00, run_after=2025-01-29T23:47:36.767975+00:00
[2025-01-29T23:47:36.794+0000] {processor.py:176} INFO - Processing /home/airflow/.local/lib/python3.7/site-packages/airflow/example_dags/example_task_group.py took 0.132 seconds
[2025-01-29T23:48:07.570+0000] {processor.py:154} INFO - Started process (PID=2032) to work on /home/airflow/.local/lib/python3.7/site-packages/airflow/example_dags/example_task_group.py
[2025-01-29T23:48:07.571+0000] {processor.py:756} INFO - Processing file /home/airflow/.local/lib/python3.7/site-packages/airflow/example_dags/example_task_group.py for tasks to queue
[2025-01-29T23:48:07.572+0000] {logging_mixin.py:120} INFO - [2025-01-29T23:48:07.572+0000] {dagbag.py:537} INFO - Filling up the DagBag from /home/airflow/.local/lib/python3.7/site-packages/airflow/example_dags/example_task_group.py
[2025-01-29T23:48:07.586+0000] {processor.py:766} INFO - DAG(s) dict_keys(['example_task_group']) retrieved from /home/airflow/.local/lib/python3.7/site-packages/airflow/example_dags/example_task_group.py
[2025-01-29T23:48:07.643+0000] {logging_mixin.py:120} INFO - [2025-01-29T23:48:07.643+0000] {dag.py:2585} INFO - Sync 1 DAGs
[2025-01-29T23:48:07.676+0000] {logging_mixin.py:120} INFO - [2025-01-29T23:48:07.676+0000] {dag.py:3340} INFO - Setting next_dagrun for example_task_group to 2025-01-28T23:48:07.675757+00:00, run_after=2025-01-29T23:48:07.675757+00:00
[2025-01-29T23:48:07.699+0000] {processor.py:176} INFO - Processing /home/airflow/.local/lib/python3.7/site-packages/airflow/example_dags/example_task_group.py took 0.132 seconds
[2025-01-29T23:48:38.542+0000] {processor.py:154} INFO - Started process (PID=2096) to work on /home/airflow/.local/lib/python3.7/site-packages/airflow/example_dags/example_task_group.py
[2025-01-29T23:48:38.543+0000] {processor.py:756} INFO - Processing file /home/airflow/.local/lib/python3.7/site-packages/airflow/example_dags/example_task_group.py for tasks to queue
[2025-01-29T23:48:38.544+0000] {logging_mixin.py:120} INFO - [2025-01-29T23:48:38.544+0000] {dagbag.py:537} INFO - Filling up the DagBag from /home/airflow/.local/lib/python3.7/site-packages/airflow/example_dags/example_task_group.py
[2025-01-29T23:48:38.562+0000] {processor.py:766} INFO - DAG(s) dict_keys(['example_task_group']) retrieved from /home/airflow/.local/lib/python3.7/site-packages/airflow/example_dags/example_task_group.py
[2025-01-29T23:48:38.618+0000] {logging_mixin.py:120} INFO - [2025-01-29T23:48:38.618+0000] {dag.py:2585} INFO - Sync 1 DAGs
[2025-01-29T23:48:38.652+0000] {logging_mixin.py:120} INFO - [2025-01-29T23:48:38.651+0000] {dag.py:3340} INFO - Setting next_dagrun for example_task_group to 2025-01-28T23:48:38.651648+00:00, run_after=2025-01-29T23:48:38.651648+00:00
[2025-01-29T23:48:38.679+0000] {processor.py:176} INFO - Processing /home/airflow/.local/lib/python3.7/site-packages/airflow/example_dags/example_task_group.py took 0.139 seconds
[2025-01-29T23:49:08.808+0000] {processor.py:154} INFO - Started process (PID=2160) to work on /home/airflow/.local/lib/python3.7/site-packages/airflow/example_dags/example_task_group.py
[2025-01-29T23:49:08.809+0000] {processor.py:756} INFO - Processing file /home/airflow/.local/lib/python3.7/site-packages/airflow/example_dags/example_task_group.py for tasks to queue
[2025-01-29T23:49:08.810+0000] {logging_mixin.py:120} INFO - [2025-01-29T23:49:08.810+0000] {dagbag.py:537} INFO - Filling up the DagBag from /home/airflow/.local/lib/python3.7/site-packages/airflow/example_dags/example_task_group.py
[2025-01-29T23:49:08.828+0000] {processor.py:766} INFO - DAG(s) dict_keys(['example_task_group']) retrieved from /home/airflow/.local/lib/python3.7/site-packages/airflow/example_dags/example_task_group.py
[2025-01-29T23:49:08.882+0000] {logging_mixin.py:120} INFO - [2025-01-29T23:49:08.882+0000] {dag.py:2585} INFO - Sync 1 DAGs
[2025-01-29T23:49:08.914+0000] {logging_mixin.py:120} INFO - [2025-01-29T23:49:08.914+0000] {dag.py:3340} INFO - Setting next_dagrun for example_task_group to 2025-01-28T23:49:08.914028+00:00, run_after=2025-01-29T23:49:08.914028+00:00
[2025-01-29T23:49:08.946+0000] {processor.py:176} INFO - Processing /home/airflow/.local/lib/python3.7/site-packages/airflow/example_dags/example_task_group.py took 0.140 seconds
[2025-01-29T23:49:39.171+0000] {processor.py:154} INFO - Started process (PID=2215) to work on /home/airflow/.local/lib/python3.7/site-packages/airflow/example_dags/example_task_group.py
[2025-01-29T23:49:39.172+0000] {processor.py:756} INFO - Processing file /home/airflow/.local/lib/python3.7/site-packages/airflow/example_dags/example_task_group.py for tasks to queue
[2025-01-29T23:49:39.173+0000] {logging_mixin.py:120} INFO - [2025-01-29T23:49:39.173+0000] {dagbag.py:537} INFO - Filling up the DagBag from /home/airflow/.local/lib/python3.7/site-packages/airflow/example_dags/example_task_group.py
[2025-01-29T23:49:39.194+0000] {processor.py:766} INFO - DAG(s) dict_keys(['example_task_group']) retrieved from /home/airflow/.local/lib/python3.7/site-packages/airflow/example_dags/example_task_group.py
[2025-01-29T23:49:39.275+0000] {logging_mixin.py:120} INFO - [2025-01-29T23:49:39.275+0000] {dag.py:2585} INFO - Sync 1 DAGs
[2025-01-29T23:49:39.308+0000] {logging_mixin.py:120} INFO - [2025-01-29T23:49:39.308+0000] {dag.py:3340} INFO - Setting next_dagrun for example_task_group to 2025-01-28T23:49:39.307792+00:00, run_after=2025-01-29T23:49:39.307792+00:00
[2025-01-29T23:49:39.333+0000] {processor.py:176} INFO - Processing /home/airflow/.local/lib/python3.7/site-packages/airflow/example_dags/example_task_group.py took 0.166 seconds
[2025-01-29T23:50:09.562+0000] {processor.py:154} INFO - Started process (PID=2279) to work on /home/airflow/.local/lib/python3.7/site-packages/airflow/example_dags/example_task_group.py
[2025-01-29T23:50:09.563+0000] {processor.py:756} INFO - Processing file /home/airflow/.local/lib/python3.7/site-packages/airflow/example_dags/example_task_group.py for tasks to queue
[2025-01-29T23:50:09.564+0000] {logging_mixin.py:120} INFO - [2025-01-29T23:50:09.564+0000] {dagbag.py:537} INFO - Filling up the DagBag from /home/airflow/.local/lib/python3.7/site-packages/airflow/example_dags/example_task_group.py
[2025-01-29T23:50:09.581+0000] {processor.py:766} INFO - DAG(s) dict_keys(['example_task_group']) retrieved from /home/airflow/.local/lib/python3.7/site-packages/airflow/example_dags/example_task_group.py
[2025-01-29T23:50:09.639+0000] {logging_mixin.py:120} INFO - [2025-01-29T23:50:09.639+0000] {dag.py:2585} INFO - Sync 1 DAGs
[2025-01-29T23:50:09.671+0000] {logging_mixin.py:120} INFO - [2025-01-29T23:50:09.671+0000] {dag.py:3340} INFO - Setting next_dagrun for example_task_group to 2025-01-28T23:50:09.671431+00:00, run_after=2025-01-29T23:50:09.671431+00:00
[2025-01-29T23:50:09.697+0000] {processor.py:176} INFO - Processing /home/airflow/.local/lib/python3.7/site-packages/airflow/example_dags/example_task_group.py took 0.137 seconds
[2025-01-29T23:50:40.001+0000] {processor.py:154} INFO - Started process (PID=2343) to work on /home/airflow/.local/lib/python3.7/site-packages/airflow/example_dags/example_task_group.py
[2025-01-29T23:50:40.002+0000] {processor.py:756} INFO - Processing file /home/airflow/.local/lib/python3.7/site-packages/airflow/example_dags/example_task_group.py for tasks to queue
[2025-01-29T23:50:40.003+0000] {logging_mixin.py:120} INFO - [2025-01-29T23:50:40.003+0000] {dagbag.py:537} INFO - Filling up the DagBag from /home/airflow/.local/lib/python3.7/site-packages/airflow/example_dags/example_task_group.py
[2025-01-29T23:50:40.018+0000] {processor.py:766} INFO - DAG(s) dict_keys(['example_task_group']) retrieved from /home/airflow/.local/lib/python3.7/site-packages/airflow/example_dags/example_task_group.py
[2025-01-29T23:50:40.073+0000] {logging_mixin.py:120} INFO - [2025-01-29T23:50:40.073+0000] {dag.py:2585} INFO - Sync 1 DAGs
[2025-01-29T23:50:40.107+0000] {logging_mixin.py:120} INFO - [2025-01-29T23:50:40.107+0000] {dag.py:3340} INFO - Setting next_dagrun for example_task_group to 2025-01-28T23:50:40.107390+00:00, run_after=2025-01-29T23:50:40.107390+00:00
[2025-01-29T23:50:40.134+0000] {processor.py:176} INFO - Processing /home/airflow/.local/lib/python3.7/site-packages/airflow/example_dags/example_task_group.py took 0.136 seconds
[2025-01-29T23:51:10.706+0000] {processor.py:154} INFO - Started process (PID=2406) to work on /home/airflow/.local/lib/python3.7/site-packages/airflow/example_dags/example_task_group.py
[2025-01-29T23:51:10.707+0000] {processor.py:756} INFO - Processing file /home/airflow/.local/lib/python3.7/site-packages/airflow/example_dags/example_task_group.py for tasks to queue
[2025-01-29T23:51:10.708+0000] {logging_mixin.py:120} INFO - [2025-01-29T23:51:10.708+0000] {dagbag.py:537} INFO - Filling up the DagBag from /home/airflow/.local/lib/python3.7/site-packages/airflow/example_dags/example_task_group.py
[2025-01-29T23:51:10.726+0000] {processor.py:766} INFO - DAG(s) dict_keys(['example_task_group']) retrieved from /home/airflow/.local/lib/python3.7/site-packages/airflow/example_dags/example_task_group.py
[2025-01-29T23:51:10.784+0000] {logging_mixin.py:120} INFO - [2025-01-29T23:51:10.783+0000] {dag.py:2585} INFO - Sync 1 DAGs
[2025-01-29T23:51:10.825+0000] {logging_mixin.py:120} INFO - [2025-01-29T23:51:10.824+0000] {dag.py:3340} INFO - Setting next_dagrun for example_task_group to 2025-01-28T23:51:10.824581+00:00, run_after=2025-01-29T23:51:10.824581+00:00
[2025-01-29T23:51:10.856+0000] {processor.py:176} INFO - Processing /home/airflow/.local/lib/python3.7/site-packages/airflow/example_dags/example_task_group.py took 0.154 seconds
[2025-01-29T23:51:41.663+0000] {processor.py:154} INFO - Started process (PID=2463) to work on /home/airflow/.local/lib/python3.7/site-packages/airflow/example_dags/example_task_group.py
[2025-01-29T23:51:41.664+0000] {processor.py:756} INFO - Processing file /home/airflow/.local/lib/python3.7/site-packages/airflow/example_dags/example_task_group.py for tasks to queue
[2025-01-29T23:51:41.665+0000] {logging_mixin.py:120} INFO - [2025-01-29T23:51:41.665+0000] {dagbag.py:537} INFO - Filling up the DagBag from /home/airflow/.local/lib/python3.7/site-packages/airflow/example_dags/example_task_group.py
[2025-01-29T23:51:41.681+0000] {processor.py:766} INFO - DAG(s) dict_keys(['example_task_group']) retrieved from /home/airflow/.local/lib/python3.7/site-packages/airflow/example_dags/example_task_group.py
[2025-01-29T23:51:41.736+0000] {logging_mixin.py:120} INFO - [2025-01-29T23:51:41.736+0000] {dag.py:2585} INFO - Sync 1 DAGs
[2025-01-29T23:51:41.766+0000] {logging_mixin.py:120} INFO - [2025-01-29T23:51:41.765+0000] {dag.py:3340} INFO - Setting next_dagrun for example_task_group to 2025-01-28T23:51:41.765606+00:00, run_after=2025-01-29T23:51:41.765606+00:00
[2025-01-29T23:51:41.789+0000] {processor.py:176} INFO - Processing /home/airflow/.local/lib/python3.7/site-packages/airflow/example_dags/example_task_group.py took 0.130 seconds
[2025-01-29T23:52:12.218+0000] {processor.py:154} INFO - Started process (PID=2527) to work on /home/airflow/.local/lib/python3.7/site-packages/airflow/example_dags/example_task_group.py
[2025-01-29T23:52:12.219+0000] {processor.py:756} INFO - Processing file /home/airflow/.local/lib/python3.7/site-packages/airflow/example_dags/example_task_group.py for tasks to queue
[2025-01-29T23:52:12.220+0000] {logging_mixin.py:120} INFO - [2025-01-29T23:52:12.220+0000] {dagbag.py:537} INFO - Filling up the DagBag from /home/airflow/.local/lib/python3.7/site-packages/airflow/example_dags/example_task_group.py
[2025-01-29T23:52:12.234+0000] {processor.py:766} INFO - DAG(s) dict_keys(['example_task_group']) retrieved from /home/airflow/.local/lib/python3.7/site-packages/airflow/example_dags/example_task_group.py
[2025-01-29T23:52:12.289+0000] {logging_mixin.py:120} INFO - [2025-01-29T23:52:12.289+0000] {dag.py:2585} INFO - Sync 1 DAGs
[2025-01-29T23:52:12.318+0000] {logging_mixin.py:120} INFO - [2025-01-29T23:52:12.318+0000] {dag.py:3340} INFO - Setting next_dagrun for example_task_group to 2025-01-28T23:52:12.318255+00:00, run_after=2025-01-29T23:52:12.318255+00:00
[2025-01-29T23:52:12.341+0000] {processor.py:176} INFO - Processing /home/airflow/.local/lib/python3.7/site-packages/airflow/example_dags/example_task_group.py took 0.125 seconds
[2025-01-29T23:52:42.807+0000] {processor.py:154} INFO - Started process (PID=2591) to work on /home/airflow/.local/lib/python3.7/site-packages/airflow/example_dags/example_task_group.py
[2025-01-29T23:52:42.808+0000] {processor.py:756} INFO - Processing file /home/airflow/.local/lib/python3.7/site-packages/airflow/example_dags/example_task_group.py for tasks to queue
[2025-01-29T23:52:42.809+0000] {logging_mixin.py:120} INFO - [2025-01-29T23:52:42.809+0000] {dagbag.py:537} INFO - Filling up the DagBag from /home/airflow/.local/lib/python3.7/site-packages/airflow/example_dags/example_task_group.py
[2025-01-29T23:52:42.823+0000] {processor.py:766} INFO - DAG(s) dict_keys(['example_task_group']) retrieved from /home/airflow/.local/lib/python3.7/site-packages/airflow/example_dags/example_task_group.py
[2025-01-29T23:52:42.883+0000] {logging_mixin.py:120} INFO - [2025-01-29T23:52:42.883+0000] {dag.py:2585} INFO - Sync 1 DAGs
[2025-01-29T23:52:42.917+0000] {logging_mixin.py:120} INFO - [2025-01-29T23:52:42.917+0000] {dag.py:3340} INFO - Setting next_dagrun for example_task_group to 2025-01-28T23:52:42.917360+00:00, run_after=2025-01-29T23:52:42.917360+00:00
[2025-01-29T23:52:42.947+0000] {processor.py:176} INFO - Processing /home/airflow/.local/lib/python3.7/site-packages/airflow/example_dags/example_task_group.py took 0.144 seconds
[2025-01-29T23:53:13.216+0000] {processor.py:154} INFO - Started process (PID=2646) to work on /home/airflow/.local/lib/python3.7/site-packages/airflow/example_dags/example_task_group.py
[2025-01-29T23:53:13.217+0000] {processor.py:756} INFO - Processing file /home/airflow/.local/lib/python3.7/site-packages/airflow/example_dags/example_task_group.py for tasks to queue
[2025-01-29T23:53:13.218+0000] {logging_mixin.py:120} INFO - [2025-01-29T23:53:13.217+0000] {dagbag.py:537} INFO - Filling up the DagBag from /home/airflow/.local/lib/python3.7/site-packages/airflow/example_dags/example_task_group.py
[2025-01-29T23:53:13.231+0000] {processor.py:766} INFO - DAG(s) dict_keys(['example_task_group']) retrieved from /home/airflow/.local/lib/python3.7/site-packages/airflow/example_dags/example_task_group.py
[2025-01-29T23:53:13.285+0000] {logging_mixin.py:120} INFO - [2025-01-29T23:53:13.285+0000] {dag.py:2585} INFO - Sync 1 DAGs
[2025-01-29T23:53:13.313+0000] {logging_mixin.py:120} INFO - [2025-01-29T23:53:13.313+0000] {dag.py:3340} INFO - Setting next_dagrun for example_task_group to 2025-01-28T23:53:13.313336+00:00, run_after=2025-01-29T23:53:13.313336+00:00
[2025-01-29T23:53:13.334+0000] {processor.py:176} INFO - Processing /home/airflow/.local/lib/python3.7/site-packages/airflow/example_dags/example_task_group.py took 0.121 seconds
[2025-01-29T23:53:44.507+0000] {processor.py:154} INFO - Started process (PID=2710) to work on /home/airflow/.local/lib/python3.7/site-packages/airflow/example_dags/example_task_group.py
[2025-01-29T23:53:44.508+0000] {processor.py:756} INFO - Processing file /home/airflow/.local/lib/python3.7/site-packages/airflow/example_dags/example_task_group.py for tasks to queue
[2025-01-29T23:53:44.508+0000] {logging_mixin.py:120} INFO - [2025-01-29T23:53:44.508+0000] {dagbag.py:537} INFO - Filling up the DagBag from /home/airflow/.local/lib/python3.7/site-packages/airflow/example_dags/example_task_group.py
[2025-01-29T23:53:44.522+0000] {processor.py:766} INFO - DAG(s) dict_keys(['example_task_group']) retrieved from /home/airflow/.local/lib/python3.7/site-packages/airflow/example_dags/example_task_group.py
[2025-01-29T23:53:44.577+0000] {logging_mixin.py:120} INFO - [2025-01-29T23:53:44.577+0000] {dag.py:2585} INFO - Sync 1 DAGs
[2025-01-29T23:53:44.607+0000] {logging_mixin.py:120} INFO - [2025-01-29T23:53:44.607+0000] {dag.py:3340} INFO - Setting next_dagrun for example_task_group to 2025-01-28T23:53:44.607336+00:00, run_after=2025-01-29T23:53:44.607336+00:00
[2025-01-29T23:53:44.630+0000] {processor.py:176} INFO - Processing /home/airflow/.local/lib/python3.7/site-packages/airflow/example_dags/example_task_group.py took 0.126 seconds
[2025-01-29T23:54:14.912+0000] {processor.py:154} INFO - Started process (PID=2774) to work on /home/airflow/.local/lib/python3.7/site-packages/airflow/example_dags/example_task_group.py
[2025-01-29T23:54:14.913+0000] {processor.py:756} INFO - Processing file /home/airflow/.local/lib/python3.7/site-packages/airflow/example_dags/example_task_group.py for tasks to queue
[2025-01-29T23:54:14.914+0000] {logging_mixin.py:120} INFO - [2025-01-29T23:54:14.914+0000] {dagbag.py:537} INFO - Filling up the DagBag from /home/airflow/.local/lib/python3.7/site-packages/airflow/example_dags/example_task_group.py
[2025-01-29T23:54:14.931+0000] {processor.py:766} INFO - DAG(s) dict_keys(['example_task_group']) retrieved from /home/airflow/.local/lib/python3.7/site-packages/airflow/example_dags/example_task_group.py
[2025-01-29T23:54:14.988+0000] {logging_mixin.py:120} INFO - [2025-01-29T23:54:14.987+0000] {dag.py:2585} INFO - Sync 1 DAGs
[2025-01-29T23:54:15.022+0000] {logging_mixin.py:120} INFO - [2025-01-29T23:54:15.022+0000] {dag.py:3340} INFO - Setting next_dagrun for example_task_group to 2025-01-28T23:54:15.021974+00:00, run_after=2025-01-29T23:54:15.021974+00:00
[2025-01-29T23:54:15.046+0000] {processor.py:176} INFO - Processing /home/airflow/.local/lib/python3.7/site-packages/airflow/example_dags/example_task_group.py took 0.136 seconds
[2025-01-29T23:54:45.501+0000] {processor.py:154} INFO - Started process (PID=2829) to work on /home/airflow/.local/lib/python3.7/site-packages/airflow/example_dags/example_task_group.py
[2025-01-29T23:54:45.502+0000] {processor.py:756} INFO - Processing file /home/airflow/.local/lib/python3.7/site-packages/airflow/example_dags/example_task_group.py for tasks to queue
[2025-01-29T23:54:45.502+0000] {logging_mixin.py:120} INFO - [2025-01-29T23:54:45.502+0000] {dagbag.py:537} INFO - Filling up the DagBag from /home/airflow/.local/lib/python3.7/site-packages/airflow/example_dags/example_task_group.py
[2025-01-29T23:54:45.516+0000] {processor.py:766} INFO - DAG(s) dict_keys(['example_task_group']) retrieved from /home/airflow/.local/lib/python3.7/site-packages/airflow/example_dags/example_task_group.py
[2025-01-29T23:54:45.575+0000] {logging_mixin.py:120} INFO - [2025-01-29T23:54:45.575+0000] {dag.py:2585} INFO - Sync 1 DAGs
[2025-01-29T23:54:45.611+0000] {logging_mixin.py:120} INFO - [2025-01-29T23:54:45.610+0000] {dag.py:3340} INFO - Setting next_dagrun for example_task_group to 2025-01-28T23:54:45.610637+00:00, run_after=2025-01-29T23:54:45.610637+00:00
[2025-01-29T23:54:45.640+0000] {processor.py:176} INFO - Processing /home/airflow/.local/lib/python3.7/site-packages/airflow/example_dags/example_task_group.py took 0.142 seconds
[2025-01-29T23:55:15.803+0000] {processor.py:154} INFO - Started process (PID=2893) to work on /home/airflow/.local/lib/python3.7/site-packages/airflow/example_dags/example_task_group.py
[2025-01-29T23:55:15.804+0000] {processor.py:756} INFO - Processing file /home/airflow/.local/lib/python3.7/site-packages/airflow/example_dags/example_task_group.py for tasks to queue
[2025-01-29T23:55:15.805+0000] {logging_mixin.py:120} INFO - [2025-01-29T23:55:15.804+0000] {dagbag.py:537} INFO - Filling up the DagBag from /home/airflow/.local/lib/python3.7/site-packages/airflow/example_dags/example_task_group.py
[2025-01-29T23:55:15.819+0000] {processor.py:766} INFO - DAG(s) dict_keys(['example_task_group']) retrieved from /home/airflow/.local/lib/python3.7/site-packages/airflow/example_dags/example_task_group.py
[2025-01-29T23:55:15.873+0000] {logging_mixin.py:120} INFO - [2025-01-29T23:55:15.873+0000] {dag.py:2585} INFO - Sync 1 DAGs
[2025-01-29T23:55:15.905+0000] {logging_mixin.py:120} INFO - [2025-01-29T23:55:15.905+0000] {dag.py:3340} INFO - Setting next_dagrun for example_task_group to 2025-01-28T23:55:15.905308+00:00, run_after=2025-01-29T23:55:15.905308+00:00
[2025-01-29T23:55:15.929+0000] {processor.py:176} INFO - Processing /home/airflow/.local/lib/python3.7/site-packages/airflow/example_dags/example_task_group.py took 0.130 seconds
[2025-01-29T23:55:46.180+0000] {processor.py:154} INFO - Started process (PID=2957) to work on /home/airflow/.local/lib/python3.7/site-packages/airflow/example_dags/example_task_group.py
[2025-01-29T23:55:46.181+0000] {processor.py:756} INFO - Processing file /home/airflow/.local/lib/python3.7/site-packages/airflow/example_dags/example_task_group.py for tasks to queue
[2025-01-29T23:55:46.182+0000] {logging_mixin.py:120} INFO - [2025-01-29T23:55:46.182+0000] {dagbag.py:537} INFO - Filling up the DagBag from /home/airflow/.local/lib/python3.7/site-packages/airflow/example_dags/example_task_group.py
[2025-01-29T23:55:46.197+0000] {processor.py:766} INFO - DAG(s) dict_keys(['example_task_group']) retrieved from /home/airflow/.local/lib/python3.7/site-packages/airflow/example_dags/example_task_group.py
[2025-01-29T23:55:46.263+0000] {logging_mixin.py:120} INFO - [2025-01-29T23:55:46.263+0000] {dag.py:2585} INFO - Sync 1 DAGs
[2025-01-29T23:55:46.295+0000] {logging_mixin.py:120} INFO - [2025-01-29T23:55:46.295+0000] {dag.py:3340} INFO - Setting next_dagrun for example_task_group to 2025-01-28T23:55:46.294883+00:00, run_after=2025-01-29T23:55:46.294883+00:00
[2025-01-29T23:55:46.321+0000] {processor.py:176} INFO - Processing /home/airflow/.local/lib/python3.7/site-packages/airflow/example_dags/example_task_group.py took 0.144 seconds
[2025-01-29T23:56:16.659+0000] {processor.py:154} INFO - Started process (PID=3012) to work on /home/airflow/.local/lib/python3.7/site-packages/airflow/example_dags/example_task_group.py
[2025-01-29T23:56:16.660+0000] {processor.py:756} INFO - Processing file /home/airflow/.local/lib/python3.7/site-packages/airflow/example_dags/example_task_group.py for tasks to queue
[2025-01-29T23:56:16.661+0000] {logging_mixin.py:120} INFO - [2025-01-29T23:56:16.661+0000] {dagbag.py:537} INFO - Filling up the DagBag from /home/airflow/.local/lib/python3.7/site-packages/airflow/example_dags/example_task_group.py
[2025-01-29T23:56:16.675+0000] {processor.py:766} INFO - DAG(s) dict_keys(['example_task_group']) retrieved from /home/airflow/.local/lib/python3.7/site-packages/airflow/example_dags/example_task_group.py
[2025-01-29T23:56:16.732+0000] {logging_mixin.py:120} INFO - [2025-01-29T23:56:16.731+0000] {dag.py:2585} INFO - Sync 1 DAGs
[2025-01-29T23:56:16.763+0000] {logging_mixin.py:120} INFO - [2025-01-29T23:56:16.763+0000] {dag.py:3340} INFO - Setting next_dagrun for example_task_group to 2025-01-28T23:56:16.762933+00:00, run_after=2025-01-29T23:56:16.762933+00:00
[2025-01-29T23:56:16.787+0000] {processor.py:176} INFO - Processing /home/airflow/.local/lib/python3.7/site-packages/airflow/example_dags/example_task_group.py took 0.130 seconds
[2025-01-29T23:56:46.943+0000] {processor.py:154} INFO - Started process (PID=3076) to work on /home/airflow/.local/lib/python3.7/site-packages/airflow/example_dags/example_task_group.py
[2025-01-29T23:56:46.944+0000] {processor.py:756} INFO - Processing file /home/airflow/.local/lib/python3.7/site-packages/airflow/example_dags/example_task_group.py for tasks to queue
[2025-01-29T23:56:46.945+0000] {logging_mixin.py:120} INFO - [2025-01-29T23:56:46.945+0000] {dagbag.py:537} INFO - Filling up the DagBag from /home/airflow/.local/lib/python3.7/site-packages/airflow/example_dags/example_task_group.py
[2025-01-29T23:56:46.961+0000] {processor.py:766} INFO - DAG(s) dict_keys(['example_task_group']) retrieved from /home/airflow/.local/lib/python3.7/site-packages/airflow/example_dags/example_task_group.py
[2025-01-29T23:56:47.020+0000] {logging_mixin.py:120} INFO - [2025-01-29T23:56:47.019+0000] {dag.py:2585} INFO - Sync 1 DAGs
[2025-01-29T23:56:47.052+0000] {logging_mixin.py:120} INFO - [2025-01-29T23:56:47.052+0000] {dag.py:3340} INFO - Setting next_dagrun for example_task_group to 2025-01-28T23:56:47.051728+00:00, run_after=2025-01-29T23:56:47.051728+00:00
[2025-01-29T23:56:47.075+0000] {processor.py:176} INFO - Processing /home/airflow/.local/lib/python3.7/site-packages/airflow/example_dags/example_task_group.py took 0.135 seconds
[2025-01-29T23:57:17.341+0000] {processor.py:154} INFO - Started process (PID=3140) to work on /home/airflow/.local/lib/python3.7/site-packages/airflow/example_dags/example_task_group.py
[2025-01-29T23:57:17.342+0000] {processor.py:756} INFO - Processing file /home/airflow/.local/lib/python3.7/site-packages/airflow/example_dags/example_task_group.py for tasks to queue
[2025-01-29T23:57:17.342+0000] {logging_mixin.py:120} INFO - [2025-01-29T23:57:17.342+0000] {dagbag.py:537} INFO - Filling up the DagBag from /home/airflow/.local/lib/python3.7/site-packages/airflow/example_dags/example_task_group.py
[2025-01-29T23:57:17.356+0000] {processor.py:766} INFO - DAG(s) dict_keys(['example_task_group']) retrieved from /home/airflow/.local/lib/python3.7/site-packages/airflow/example_dags/example_task_group.py
[2025-01-29T23:57:17.411+0000] {logging_mixin.py:120} INFO - [2025-01-29T23:57:17.411+0000] {dag.py:2585} INFO - Sync 1 DAGs
[2025-01-29T23:57:17.446+0000] {logging_mixin.py:120} INFO - [2025-01-29T23:57:17.446+0000] {dag.py:3340} INFO - Setting next_dagrun for example_task_group to 2025-01-28T23:57:17.445960+00:00, run_after=2025-01-29T23:57:17.445960+00:00
[2025-01-29T23:57:17.476+0000] {processor.py:176} INFO - Processing /home/airflow/.local/lib/python3.7/site-packages/airflow/example_dags/example_task_group.py took 0.139 seconds
[2025-01-29T23:57:47.961+0000] {processor.py:154} INFO - Started process (PID=3202) to work on /home/airflow/.local/lib/python3.7/site-packages/airflow/example_dags/example_task_group.py
[2025-01-29T23:57:47.962+0000] {processor.py:756} INFO - Processing file /home/airflow/.local/lib/python3.7/site-packages/airflow/example_dags/example_task_group.py for tasks to queue
[2025-01-29T23:57:47.963+0000] {logging_mixin.py:120} INFO - [2025-01-29T23:57:47.962+0000] {dagbag.py:537} INFO - Filling up the DagBag from /home/airflow/.local/lib/python3.7/site-packages/airflow/example_dags/example_task_group.py
[2025-01-29T23:57:47.981+0000] {processor.py:766} INFO - DAG(s) dict_keys(['example_task_group']) retrieved from /home/airflow/.local/lib/python3.7/site-packages/airflow/example_dags/example_task_group.py
[2025-01-29T23:57:48.055+0000] {logging_mixin.py:120} INFO - [2025-01-29T23:57:48.055+0000] {dag.py:2585} INFO - Sync 1 DAGs
[2025-01-29T23:57:48.101+0000] {logging_mixin.py:120} INFO - [2025-01-29T23:57:48.101+0000] {dag.py:3340} INFO - Setting next_dagrun for example_task_group to 2025-01-28T23:57:48.101263+00:00, run_after=2025-01-29T23:57:48.101263+00:00
[2025-01-29T23:57:48.138+0000] {processor.py:176} INFO - Processing /home/airflow/.local/lib/python3.7/site-packages/airflow/example_dags/example_task_group.py took 0.180 seconds
[2025-01-29T23:58:18.310+0000] {processor.py:154} INFO - Started process (PID=3259) to work on /home/airflow/.local/lib/python3.7/site-packages/airflow/example_dags/example_task_group.py
[2025-01-29T23:58:18.311+0000] {processor.py:756} INFO - Processing file /home/airflow/.local/lib/python3.7/site-packages/airflow/example_dags/example_task_group.py for tasks to queue
[2025-01-29T23:58:18.312+0000] {logging_mixin.py:120} INFO - [2025-01-29T23:58:18.311+0000] {dagbag.py:537} INFO - Filling up the DagBag from /home/airflow/.local/lib/python3.7/site-packages/airflow/example_dags/example_task_group.py
[2025-01-29T23:58:18.328+0000] {processor.py:766} INFO - DAG(s) dict_keys(['example_task_group']) retrieved from /home/airflow/.local/lib/python3.7/site-packages/airflow/example_dags/example_task_group.py
[2025-01-29T23:58:18.382+0000] {logging_mixin.py:120} INFO - [2025-01-29T23:58:18.382+0000] {dag.py:2585} INFO - Sync 1 DAGs
[2025-01-29T23:58:18.412+0000] {logging_mixin.py:120} INFO - [2025-01-29T23:58:18.412+0000] {dag.py:3340} INFO - Setting next_dagrun for example_task_group to 2025-01-28T23:58:18.412469+00:00, run_after=2025-01-29T23:58:18.412469+00:00
[2025-01-29T23:58:18.437+0000] {processor.py:176} INFO - Processing /home/airflow/.local/lib/python3.7/site-packages/airflow/example_dags/example_task_group.py took 0.130 seconds
[2025-01-29T23:58:48.990+0000] {processor.py:154} INFO - Started process (PID=3323) to work on /home/airflow/.local/lib/python3.7/site-packages/airflow/example_dags/example_task_group.py
[2025-01-29T23:58:48.991+0000] {processor.py:756} INFO - Processing file /home/airflow/.local/lib/python3.7/site-packages/airflow/example_dags/example_task_group.py for tasks to queue
[2025-01-29T23:58:48.992+0000] {logging_mixin.py:120} INFO - [2025-01-29T23:58:48.992+0000] {dagbag.py:537} INFO - Filling up the DagBag from /home/airflow/.local/lib/python3.7/site-packages/airflow/example_dags/example_task_group.py
[2025-01-29T23:58:49.007+0000] {processor.py:766} INFO - DAG(s) dict_keys(['example_task_group']) retrieved from /home/airflow/.local/lib/python3.7/site-packages/airflow/example_dags/example_task_group.py
[2025-01-29T23:58:49.060+0000] {logging_mixin.py:120} INFO - [2025-01-29T23:58:49.060+0000] {dag.py:2585} INFO - Sync 1 DAGs
[2025-01-29T23:58:49.092+0000] {logging_mixin.py:120} INFO - [2025-01-29T23:58:49.091+0000] {dag.py:3340} INFO - Setting next_dagrun for example_task_group to 2025-01-28T23:58:49.091481+00:00, run_after=2025-01-29T23:58:49.091481+00:00
[2025-01-29T23:58:49.118+0000] {processor.py:176} INFO - Processing /home/airflow/.local/lib/python3.7/site-packages/airflow/example_dags/example_task_group.py took 0.130 seconds
[2025-01-29T23:59:19.913+0000] {processor.py:154} INFO - Started process (PID=3387) to work on /home/airflow/.local/lib/python3.7/site-packages/airflow/example_dags/example_task_group.py
[2025-01-29T23:59:19.914+0000] {processor.py:756} INFO - Processing file /home/airflow/.local/lib/python3.7/site-packages/airflow/example_dags/example_task_group.py for tasks to queue
[2025-01-29T23:59:19.914+0000] {logging_mixin.py:120} INFO - [2025-01-29T23:59:19.914+0000] {dagbag.py:537} INFO - Filling up the DagBag from /home/airflow/.local/lib/python3.7/site-packages/airflow/example_dags/example_task_group.py
[2025-01-29T23:59:19.929+0000] {processor.py:766} INFO - DAG(s) dict_keys(['example_task_group']) retrieved from /home/airflow/.local/lib/python3.7/site-packages/airflow/example_dags/example_task_group.py
[2025-01-29T23:59:19.985+0000] {logging_mixin.py:120} INFO - [2025-01-29T23:59:19.985+0000] {dag.py:2585} INFO - Sync 1 DAGs
[2025-01-29T23:59:20.019+0000] {logging_mixin.py:120} INFO - [2025-01-29T23:59:20.019+0000] {dag.py:3340} INFO - Setting next_dagrun for example_task_group to 2025-01-28T23:59:20.019026+00:00, run_after=2025-01-29T23:59:20.019026+00:00
[2025-01-29T23:59:20.048+0000] {processor.py:176} INFO - Processing /home/airflow/.local/lib/python3.7/site-packages/airflow/example_dags/example_task_group.py took 0.138 seconds
[2025-01-29T23:59:50.307+0000] {processor.py:154} INFO - Started process (PID=3442) to work on /home/airflow/.local/lib/python3.7/site-packages/airflow/example_dags/example_task_group.py
[2025-01-29T23:59:50.309+0000] {processor.py:756} INFO - Processing file /home/airflow/.local/lib/python3.7/site-packages/airflow/example_dags/example_task_group.py for tasks to queue
[2025-01-29T23:59:50.309+0000] {logging_mixin.py:120} INFO - [2025-01-29T23:59:50.309+0000] {dagbag.py:537} INFO - Filling up the DagBag from /home/airflow/.local/lib/python3.7/site-packages/airflow/example_dags/example_task_group.py
[2025-01-29T23:59:50.326+0000] {processor.py:766} INFO - DAG(s) dict_keys(['example_task_group']) retrieved from /home/airflow/.local/lib/python3.7/site-packages/airflow/example_dags/example_task_group.py
[2025-01-29T23:59:50.387+0000] {logging_mixin.py:120} INFO - [2025-01-29T23:59:50.386+0000] {dag.py:2585} INFO - Sync 1 DAGs
[2025-01-29T23:59:50.418+0000] {logging_mixin.py:120} INFO - [2025-01-29T23:59:50.418+0000] {dag.py:3340} INFO - Setting next_dagrun for example_task_group to 2025-01-28T23:59:50.418533+00:00, run_after=2025-01-29T23:59:50.418533+00:00
[2025-01-29T23:59:50.442+0000] {processor.py:176} INFO - Processing /home/airflow/.local/lib/python3.7/site-packages/airflow/example_dags/example_task_group.py took 0.138 seconds
