[2025-01-29T23:31:47.251+0000] {processor.py:154} INFO - Started process (PID=57) to work on /home/airflow/.local/lib/python3.7/site-packages/airflow/example_dags/tutorial_taskflow_api.py
[2025-01-29T23:31:47.252+0000] {processor.py:756} INFO - Processing file /home/airflow/.local/lib/python3.7/site-packages/airflow/example_dags/tutorial_taskflow_api.py for tasks to queue
[2025-01-29T23:31:47.254+0000] {logging_mixin.py:120} INFO - [2025-01-29T23:31:47.253+0000] {dagbag.py:537} INFO - Filling up the DagBag from /home/airflow/.local/lib/python3.7/site-packages/airflow/example_dags/tutorial_taskflow_api.py
[2025-01-29T23:31:47.284+0000] {processor.py:766} INFO - DAG(s) dict_keys(['tutorial_taskflow_api']) retrieved from /home/airflow/.local/lib/python3.7/site-packages/airflow/example_dags/tutorial_taskflow_api.py
[2025-01-29T23:31:47.492+0000] {logging_mixin.py:120} INFO - [2025-01-29T23:31:47.492+0000] {manager.py:507} INFO - Created Permission View: can read on DAG:tutorial_taskflow_api
[2025-01-29T23:31:47.502+0000] {logging_mixin.py:120} INFO - [2025-01-29T23:31:47.502+0000] {manager.py:507} INFO - Created Permission View: can delete on DAG:tutorial_taskflow_api
[2025-01-29T23:31:47.510+0000] {logging_mixin.py:120} INFO - [2025-01-29T23:31:47.510+0000] {manager.py:507} INFO - Created Permission View: can edit on DAG:tutorial_taskflow_api
[2025-01-29T23:31:47.510+0000] {logging_mixin.py:120} INFO - [2025-01-29T23:31:47.510+0000] {dag.py:2585} INFO - Sync 1 DAGs
[2025-01-29T23:31:47.532+0000] {logging_mixin.py:120} INFO - [2025-01-29T23:31:47.532+0000] {dag.py:2606} INFO - Creating ORM DAG for tutorial_taskflow_api
[2025-01-29T23:31:47.548+0000] {logging_mixin.py:120} INFO - [2025-01-29T23:31:47.548+0000] {dag.py:3340} INFO - Setting next_dagrun for tutorial_taskflow_api to None, run_after=None
[2025-01-29T23:31:47.577+0000] {processor.py:176} INFO - Processing /home/airflow/.local/lib/python3.7/site-packages/airflow/example_dags/tutorial_taskflow_api.py took 0.330 seconds
[2025-01-29T23:32:17.737+0000] {processor.py:154} INFO - Started process (PID=112) to work on /home/airflow/.local/lib/python3.7/site-packages/airflow/example_dags/tutorial_taskflow_api.py
[2025-01-29T23:32:17.738+0000] {processor.py:756} INFO - Processing file /home/airflow/.local/lib/python3.7/site-packages/airflow/example_dags/tutorial_taskflow_api.py for tasks to queue
[2025-01-29T23:32:17.739+0000] {logging_mixin.py:120} INFO - [2025-01-29T23:32:17.739+0000] {dagbag.py:537} INFO - Filling up the DagBag from /home/airflow/.local/lib/python3.7/site-packages/airflow/example_dags/tutorial_taskflow_api.py
[2025-01-29T23:32:17.761+0000] {processor.py:766} INFO - DAG(s) dict_keys(['tutorial_taskflow_api']) retrieved from /home/airflow/.local/lib/python3.7/site-packages/airflow/example_dags/tutorial_taskflow_api.py
[2025-01-29T23:32:17.817+0000] {logging_mixin.py:120} INFO - [2025-01-29T23:32:17.817+0000] {dag.py:2585} INFO - Sync 1 DAGs
[2025-01-29T23:32:17.849+0000] {logging_mixin.py:120} INFO - [2025-01-29T23:32:17.849+0000] {dag.py:3340} INFO - Setting next_dagrun for tutorial_taskflow_api to None, run_after=None
[2025-01-29T23:32:17.873+0000] {processor.py:176} INFO - Processing /home/airflow/.local/lib/python3.7/site-packages/airflow/example_dags/tutorial_taskflow_api.py took 0.138 seconds
[2025-01-29T23:32:48.665+0000] {processor.py:154} INFO - Started process (PID=177) to work on /home/airflow/.local/lib/python3.7/site-packages/airflow/example_dags/tutorial_taskflow_api.py
[2025-01-29T23:32:48.666+0000] {processor.py:756} INFO - Processing file /home/airflow/.local/lib/python3.7/site-packages/airflow/example_dags/tutorial_taskflow_api.py for tasks to queue
[2025-01-29T23:32:48.667+0000] {logging_mixin.py:120} INFO - [2025-01-29T23:32:48.667+0000] {dagbag.py:537} INFO - Filling up the DagBag from /home/airflow/.local/lib/python3.7/site-packages/airflow/example_dags/tutorial_taskflow_api.py
[2025-01-29T23:32:48.692+0000] {processor.py:766} INFO - DAG(s) dict_keys(['tutorial_taskflow_api']) retrieved from /home/airflow/.local/lib/python3.7/site-packages/airflow/example_dags/tutorial_taskflow_api.py
[2025-01-29T23:32:48.749+0000] {logging_mixin.py:120} INFO - [2025-01-29T23:32:48.749+0000] {dag.py:2585} INFO - Sync 1 DAGs
[2025-01-29T23:32:48.784+0000] {logging_mixin.py:120} INFO - [2025-01-29T23:32:48.784+0000] {dag.py:3340} INFO - Setting next_dagrun for tutorial_taskflow_api to None, run_after=None
[2025-01-29T23:32:48.810+0000] {processor.py:176} INFO - Processing /home/airflow/.local/lib/python3.7/site-packages/airflow/example_dags/tutorial_taskflow_api.py took 0.148 seconds
[2025-01-29T23:33:18.979+0000] {processor.py:154} INFO - Started process (PID=241) to work on /home/airflow/.local/lib/python3.7/site-packages/airflow/example_dags/tutorial_taskflow_api.py
[2025-01-29T23:33:18.980+0000] {processor.py:756} INFO - Processing file /home/airflow/.local/lib/python3.7/site-packages/airflow/example_dags/tutorial_taskflow_api.py for tasks to queue
[2025-01-29T23:33:18.981+0000] {logging_mixin.py:120} INFO - [2025-01-29T23:33:18.981+0000] {dagbag.py:537} INFO - Filling up the DagBag from /home/airflow/.local/lib/python3.7/site-packages/airflow/example_dags/tutorial_taskflow_api.py
[2025-01-29T23:33:19.001+0000] {processor.py:766} INFO - DAG(s) dict_keys(['tutorial_taskflow_api']) retrieved from /home/airflow/.local/lib/python3.7/site-packages/airflow/example_dags/tutorial_taskflow_api.py
[2025-01-29T23:33:19.055+0000] {logging_mixin.py:120} INFO - [2025-01-29T23:33:19.055+0000] {dag.py:2585} INFO - Sync 1 DAGs
[2025-01-29T23:33:19.088+0000] {logging_mixin.py:120} INFO - [2025-01-29T23:33:19.087+0000] {dag.py:3340} INFO - Setting next_dagrun for tutorial_taskflow_api to None, run_after=None
[2025-01-29T23:33:19.113+0000] {processor.py:176} INFO - Processing /home/airflow/.local/lib/python3.7/site-packages/airflow/example_dags/tutorial_taskflow_api.py took 0.137 seconds
[2025-01-29T23:33:49.640+0000] {processor.py:154} INFO - Started process (PID=305) to work on /home/airflow/.local/lib/python3.7/site-packages/airflow/example_dags/tutorial_taskflow_api.py
[2025-01-29T23:33:49.642+0000] {processor.py:756} INFO - Processing file /home/airflow/.local/lib/python3.7/site-packages/airflow/example_dags/tutorial_taskflow_api.py for tasks to queue
[2025-01-29T23:33:49.643+0000] {logging_mixin.py:120} INFO - [2025-01-29T23:33:49.643+0000] {dagbag.py:537} INFO - Filling up the DagBag from /home/airflow/.local/lib/python3.7/site-packages/airflow/example_dags/tutorial_taskflow_api.py
[2025-01-29T23:33:49.663+0000] {processor.py:766} INFO - DAG(s) dict_keys(['tutorial_taskflow_api']) retrieved from /home/airflow/.local/lib/python3.7/site-packages/airflow/example_dags/tutorial_taskflow_api.py
[2025-01-29T23:33:49.725+0000] {logging_mixin.py:120} INFO - [2025-01-29T23:33:49.725+0000] {dag.py:2585} INFO - Sync 1 DAGs
[2025-01-29T23:33:49.762+0000] {logging_mixin.py:120} INFO - [2025-01-29T23:33:49.762+0000] {dag.py:3340} INFO - Setting next_dagrun for tutorial_taskflow_api to None, run_after=None
[2025-01-29T23:33:49.791+0000] {processor.py:176} INFO - Processing /home/airflow/.local/lib/python3.7/site-packages/airflow/example_dags/tutorial_taskflow_api.py took 0.154 seconds
[2025-01-29T23:34:19.933+0000] {processor.py:154} INFO - Started process (PID=360) to work on /home/airflow/.local/lib/python3.7/site-packages/airflow/example_dags/tutorial_taskflow_api.py
[2025-01-29T23:34:19.934+0000] {processor.py:756} INFO - Processing file /home/airflow/.local/lib/python3.7/site-packages/airflow/example_dags/tutorial_taskflow_api.py for tasks to queue
[2025-01-29T23:34:19.935+0000] {logging_mixin.py:120} INFO - [2025-01-29T23:34:19.935+0000] {dagbag.py:537} INFO - Filling up the DagBag from /home/airflow/.local/lib/python3.7/site-packages/airflow/example_dags/tutorial_taskflow_api.py
[2025-01-29T23:34:19.954+0000] {processor.py:766} INFO - DAG(s) dict_keys(['tutorial_taskflow_api']) retrieved from /home/airflow/.local/lib/python3.7/site-packages/airflow/example_dags/tutorial_taskflow_api.py
[2025-01-29T23:34:20.009+0000] {logging_mixin.py:120} INFO - [2025-01-29T23:34:20.009+0000] {dag.py:2585} INFO - Sync 1 DAGs
[2025-01-29T23:34:20.040+0000] {logging_mixin.py:120} INFO - [2025-01-29T23:34:20.040+0000] {dag.py:3340} INFO - Setting next_dagrun for tutorial_taskflow_api to None, run_after=None
[2025-01-29T23:34:20.064+0000] {processor.py:176} INFO - Processing /home/airflow/.local/lib/python3.7/site-packages/airflow/example_dags/tutorial_taskflow_api.py took 0.133 seconds
[2025-01-29T23:34:50.348+0000] {processor.py:154} INFO - Started process (PID=423) to work on /home/airflow/.local/lib/python3.7/site-packages/airflow/example_dags/tutorial_taskflow_api.py
[2025-01-29T23:34:50.349+0000] {processor.py:756} INFO - Processing file /home/airflow/.local/lib/python3.7/site-packages/airflow/example_dags/tutorial_taskflow_api.py for tasks to queue
[2025-01-29T23:34:50.350+0000] {logging_mixin.py:120} INFO - [2025-01-29T23:34:50.350+0000] {dagbag.py:537} INFO - Filling up the DagBag from /home/airflow/.local/lib/python3.7/site-packages/airflow/example_dags/tutorial_taskflow_api.py
[2025-01-29T23:34:50.369+0000] {processor.py:766} INFO - DAG(s) dict_keys(['tutorial_taskflow_api']) retrieved from /home/airflow/.local/lib/python3.7/site-packages/airflow/example_dags/tutorial_taskflow_api.py
[2025-01-29T23:34:50.423+0000] {logging_mixin.py:120} INFO - [2025-01-29T23:34:50.423+0000] {dag.py:2585} INFO - Sync 1 DAGs
[2025-01-29T23:34:50.458+0000] {logging_mixin.py:120} INFO - [2025-01-29T23:34:50.457+0000] {dag.py:3340} INFO - Setting next_dagrun for tutorial_taskflow_api to None, run_after=None
[2025-01-29T23:34:50.483+0000] {processor.py:176} INFO - Processing /home/airflow/.local/lib/python3.7/site-packages/airflow/example_dags/tutorial_taskflow_api.py took 0.138 seconds
[2025-01-29T23:35:20.667+0000] {processor.py:154} INFO - Started process (PID=487) to work on /home/airflow/.local/lib/python3.7/site-packages/airflow/example_dags/tutorial_taskflow_api.py
[2025-01-29T23:35:20.668+0000] {processor.py:756} INFO - Processing file /home/airflow/.local/lib/python3.7/site-packages/airflow/example_dags/tutorial_taskflow_api.py for tasks to queue
[2025-01-29T23:35:20.669+0000] {logging_mixin.py:120} INFO - [2025-01-29T23:35:20.669+0000] {dagbag.py:537} INFO - Filling up the DagBag from /home/airflow/.local/lib/python3.7/site-packages/airflow/example_dags/tutorial_taskflow_api.py
[2025-01-29T23:35:20.689+0000] {processor.py:766} INFO - DAG(s) dict_keys(['tutorial_taskflow_api']) retrieved from /home/airflow/.local/lib/python3.7/site-packages/airflow/example_dags/tutorial_taskflow_api.py
[2025-01-29T23:35:20.745+0000] {logging_mixin.py:120} INFO - [2025-01-29T23:35:20.745+0000] {dag.py:2585} INFO - Sync 1 DAGs
[2025-01-29T23:35:20.777+0000] {logging_mixin.py:120} INFO - [2025-01-29T23:35:20.777+0000] {dag.py:3340} INFO - Setting next_dagrun for tutorial_taskflow_api to None, run_after=None
[2025-01-29T23:35:20.800+0000] {processor.py:176} INFO - Processing /home/airflow/.local/lib/python3.7/site-packages/airflow/example_dags/tutorial_taskflow_api.py took 0.136 seconds
[2025-01-29T23:35:51.758+0000] {processor.py:154} INFO - Started process (PID=542) to work on /home/airflow/.local/lib/python3.7/site-packages/airflow/example_dags/tutorial_taskflow_api.py
[2025-01-29T23:35:51.759+0000] {processor.py:756} INFO - Processing file /home/airflow/.local/lib/python3.7/site-packages/airflow/example_dags/tutorial_taskflow_api.py for tasks to queue
[2025-01-29T23:35:51.759+0000] {logging_mixin.py:120} INFO - [2025-01-29T23:35:51.759+0000] {dagbag.py:537} INFO - Filling up the DagBag from /home/airflow/.local/lib/python3.7/site-packages/airflow/example_dags/tutorial_taskflow_api.py
[2025-01-29T23:35:51.780+0000] {processor.py:766} INFO - DAG(s) dict_keys(['tutorial_taskflow_api']) retrieved from /home/airflow/.local/lib/python3.7/site-packages/airflow/example_dags/tutorial_taskflow_api.py
[2025-01-29T23:35:51.826+0000] {logging_mixin.py:120} INFO - [2025-01-29T23:35:51.825+0000] {dag.py:2585} INFO - Sync 1 DAGs
[2025-01-29T23:35:51.868+0000] {logging_mixin.py:120} INFO - [2025-01-29T23:35:51.867+0000] {dag.py:3340} INFO - Setting next_dagrun for tutorial_taskflow_api to None, run_after=None
[2025-01-29T23:35:51.969+0000] {processor.py:176} INFO - Processing /home/airflow/.local/lib/python3.7/site-packages/airflow/example_dags/tutorial_taskflow_api.py took 0.216 seconds
[2025-01-29T23:36:22.097+0000] {processor.py:154} INFO - Started process (PID=606) to work on /home/airflow/.local/lib/python3.7/site-packages/airflow/example_dags/tutorial_taskflow_api.py
[2025-01-29T23:36:22.098+0000] {processor.py:756} INFO - Processing file /home/airflow/.local/lib/python3.7/site-packages/airflow/example_dags/tutorial_taskflow_api.py for tasks to queue
[2025-01-29T23:36:22.098+0000] {logging_mixin.py:120} INFO - [2025-01-29T23:36:22.098+0000] {dagbag.py:537} INFO - Filling up the DagBag from /home/airflow/.local/lib/python3.7/site-packages/airflow/example_dags/tutorial_taskflow_api.py
[2025-01-29T23:36:22.127+0000] {processor.py:766} INFO - DAG(s) dict_keys(['tutorial_taskflow_api']) retrieved from /home/airflow/.local/lib/python3.7/site-packages/airflow/example_dags/tutorial_taskflow_api.py
[2025-01-29T23:36:22.183+0000] {logging_mixin.py:120} INFO - [2025-01-29T23:36:22.183+0000] {dag.py:2585} INFO - Sync 1 DAGs
[2025-01-29T23:36:22.215+0000] {logging_mixin.py:120} INFO - [2025-01-29T23:36:22.215+0000] {dag.py:3340} INFO - Setting next_dagrun for tutorial_taskflow_api to None, run_after=None
[2025-01-29T23:36:22.238+0000] {processor.py:176} INFO - Processing /home/airflow/.local/lib/python3.7/site-packages/airflow/example_dags/tutorial_taskflow_api.py took 0.144 seconds
[2025-01-29T23:36:52.493+0000] {processor.py:154} INFO - Started process (PID=670) to work on /home/airflow/.local/lib/python3.7/site-packages/airflow/example_dags/tutorial_taskflow_api.py
[2025-01-29T23:36:52.494+0000] {processor.py:756} INFO - Processing file /home/airflow/.local/lib/python3.7/site-packages/airflow/example_dags/tutorial_taskflow_api.py for tasks to queue
[2025-01-29T23:36:52.494+0000] {logging_mixin.py:120} INFO - [2025-01-29T23:36:52.494+0000] {dagbag.py:537} INFO - Filling up the DagBag from /home/airflow/.local/lib/python3.7/site-packages/airflow/example_dags/tutorial_taskflow_api.py
[2025-01-29T23:36:52.514+0000] {processor.py:766} INFO - DAG(s) dict_keys(['tutorial_taskflow_api']) retrieved from /home/airflow/.local/lib/python3.7/site-packages/airflow/example_dags/tutorial_taskflow_api.py
[2025-01-29T23:36:52.570+0000] {logging_mixin.py:120} INFO - [2025-01-29T23:36:52.569+0000] {dag.py:2585} INFO - Sync 1 DAGs
[2025-01-29T23:36:52.602+0000] {logging_mixin.py:120} INFO - [2025-01-29T23:36:52.602+0000] {dag.py:3340} INFO - Setting next_dagrun for tutorial_taskflow_api to None, run_after=None
[2025-01-29T23:36:52.624+0000] {processor.py:176} INFO - Processing /home/airflow/.local/lib/python3.7/site-packages/airflow/example_dags/tutorial_taskflow_api.py took 0.134 seconds
[2025-01-29T23:37:23.307+0000] {processor.py:154} INFO - Started process (PID=725) to work on /home/airflow/.local/lib/python3.7/site-packages/airflow/example_dags/tutorial_taskflow_api.py
[2025-01-29T23:37:23.308+0000] {processor.py:756} INFO - Processing file /home/airflow/.local/lib/python3.7/site-packages/airflow/example_dags/tutorial_taskflow_api.py for tasks to queue
[2025-01-29T23:37:23.309+0000] {logging_mixin.py:120} INFO - [2025-01-29T23:37:23.309+0000] {dagbag.py:537} INFO - Filling up the DagBag from /home/airflow/.local/lib/python3.7/site-packages/airflow/example_dags/tutorial_taskflow_api.py
[2025-01-29T23:37:23.328+0000] {processor.py:766} INFO - DAG(s) dict_keys(['tutorial_taskflow_api']) retrieved from /home/airflow/.local/lib/python3.7/site-packages/airflow/example_dags/tutorial_taskflow_api.py
[2025-01-29T23:37:23.394+0000] {logging_mixin.py:120} INFO - [2025-01-29T23:37:23.394+0000] {dag.py:2585} INFO - Sync 1 DAGs
[2025-01-29T23:37:23.433+0000] {logging_mixin.py:120} INFO - [2025-01-29T23:37:23.432+0000] {dag.py:3340} INFO - Setting next_dagrun for tutorial_taskflow_api to None, run_after=None
[2025-01-29T23:37:23.457+0000] {processor.py:176} INFO - Processing /home/airflow/.local/lib/python3.7/site-packages/airflow/example_dags/tutorial_taskflow_api.py took 0.153 seconds
[2025-01-29T23:37:53.635+0000] {processor.py:154} INFO - Started process (PID=789) to work on /home/airflow/.local/lib/python3.7/site-packages/airflow/example_dags/tutorial_taskflow_api.py
[2025-01-29T23:37:53.636+0000] {processor.py:756} INFO - Processing file /home/airflow/.local/lib/python3.7/site-packages/airflow/example_dags/tutorial_taskflow_api.py for tasks to queue
[2025-01-29T23:37:53.637+0000] {logging_mixin.py:120} INFO - [2025-01-29T23:37:53.637+0000] {dagbag.py:537} INFO - Filling up the DagBag from /home/airflow/.local/lib/python3.7/site-packages/airflow/example_dags/tutorial_taskflow_api.py
[2025-01-29T23:37:53.656+0000] {processor.py:766} INFO - DAG(s) dict_keys(['tutorial_taskflow_api']) retrieved from /home/airflow/.local/lib/python3.7/site-packages/airflow/example_dags/tutorial_taskflow_api.py
[2025-01-29T23:37:53.712+0000] {logging_mixin.py:120} INFO - [2025-01-29T23:37:53.712+0000] {dag.py:2585} INFO - Sync 1 DAGs
[2025-01-29T23:37:53.744+0000] {logging_mixin.py:120} INFO - [2025-01-29T23:37:53.743+0000] {dag.py:3340} INFO - Setting next_dagrun for tutorial_taskflow_api to None, run_after=None
[2025-01-29T23:37:53.768+0000] {processor.py:176} INFO - Processing /home/airflow/.local/lib/python3.7/site-packages/airflow/example_dags/tutorial_taskflow_api.py took 0.135 seconds
[2025-01-29T23:38:24.314+0000] {processor.py:154} INFO - Started process (PID=853) to work on /home/airflow/.local/lib/python3.7/site-packages/airflow/example_dags/tutorial_taskflow_api.py
[2025-01-29T23:38:24.315+0000] {processor.py:756} INFO - Processing file /home/airflow/.local/lib/python3.7/site-packages/airflow/example_dags/tutorial_taskflow_api.py for tasks to queue
[2025-01-29T23:38:24.316+0000] {logging_mixin.py:120} INFO - [2025-01-29T23:38:24.316+0000] {dagbag.py:537} INFO - Filling up the DagBag from /home/airflow/.local/lib/python3.7/site-packages/airflow/example_dags/tutorial_taskflow_api.py
[2025-01-29T23:38:24.335+0000] {processor.py:766} INFO - DAG(s) dict_keys(['tutorial_taskflow_api']) retrieved from /home/airflow/.local/lib/python3.7/site-packages/airflow/example_dags/tutorial_taskflow_api.py
[2025-01-29T23:38:24.390+0000] {logging_mixin.py:120} INFO - [2025-01-29T23:38:24.390+0000] {dag.py:2585} INFO - Sync 1 DAGs
[2025-01-29T23:38:24.423+0000] {logging_mixin.py:120} INFO - [2025-01-29T23:38:24.423+0000] {dag.py:3340} INFO - Setting next_dagrun for tutorial_taskflow_api to None, run_after=None
[2025-01-29T23:38:24.450+0000] {processor.py:176} INFO - Processing /home/airflow/.local/lib/python3.7/site-packages/airflow/example_dags/tutorial_taskflow_api.py took 0.138 seconds
[2025-01-29T23:38:54.623+0000] {processor.py:154} INFO - Started process (PID=908) to work on /home/airflow/.local/lib/python3.7/site-packages/airflow/example_dags/tutorial_taskflow_api.py
[2025-01-29T23:38:54.624+0000] {processor.py:756} INFO - Processing file /home/airflow/.local/lib/python3.7/site-packages/airflow/example_dags/tutorial_taskflow_api.py for tasks to queue
[2025-01-29T23:38:54.625+0000] {logging_mixin.py:120} INFO - [2025-01-29T23:38:54.625+0000] {dagbag.py:537} INFO - Filling up the DagBag from /home/airflow/.local/lib/python3.7/site-packages/airflow/example_dags/tutorial_taskflow_api.py
[2025-01-29T23:38:54.644+0000] {processor.py:766} INFO - DAG(s) dict_keys(['tutorial_taskflow_api']) retrieved from /home/airflow/.local/lib/python3.7/site-packages/airflow/example_dags/tutorial_taskflow_api.py
[2025-01-29T23:38:54.697+0000] {logging_mixin.py:120} INFO - [2025-01-29T23:38:54.697+0000] {dag.py:2585} INFO - Sync 1 DAGs
[2025-01-29T23:38:54.731+0000] {logging_mixin.py:120} INFO - [2025-01-29T23:38:54.731+0000] {dag.py:3340} INFO - Setting next_dagrun for tutorial_taskflow_api to None, run_after=None
[2025-01-29T23:38:54.753+0000] {processor.py:176} INFO - Processing /home/airflow/.local/lib/python3.7/site-packages/airflow/example_dags/tutorial_taskflow_api.py took 0.133 seconds
[2025-01-29T23:39:25.436+0000] {processor.py:154} INFO - Started process (PID=972) to work on /home/airflow/.local/lib/python3.7/site-packages/airflow/example_dags/tutorial_taskflow_api.py
[2025-01-29T23:39:25.437+0000] {processor.py:756} INFO - Processing file /home/airflow/.local/lib/python3.7/site-packages/airflow/example_dags/tutorial_taskflow_api.py for tasks to queue
[2025-01-29T23:39:25.438+0000] {logging_mixin.py:120} INFO - [2025-01-29T23:39:25.438+0000] {dagbag.py:537} INFO - Filling up the DagBag from /home/airflow/.local/lib/python3.7/site-packages/airflow/example_dags/tutorial_taskflow_api.py
[2025-01-29T23:39:25.459+0000] {processor.py:766} INFO - DAG(s) dict_keys(['tutorial_taskflow_api']) retrieved from /home/airflow/.local/lib/python3.7/site-packages/airflow/example_dags/tutorial_taskflow_api.py
[2025-01-29T23:39:25.512+0000] {logging_mixin.py:120} INFO - [2025-01-29T23:39:25.511+0000] {dag.py:2585} INFO - Sync 1 DAGs
[2025-01-29T23:39:25.541+0000] {logging_mixin.py:120} INFO - [2025-01-29T23:39:25.540+0000] {dag.py:3340} INFO - Setting next_dagrun for tutorial_taskflow_api to None, run_after=None
[2025-01-29T23:39:25.561+0000] {processor.py:176} INFO - Processing /home/airflow/.local/lib/python3.7/site-packages/airflow/example_dags/tutorial_taskflow_api.py took 0.128 seconds
[2025-01-29T23:39:56.098+0000] {processor.py:154} INFO - Started process (PID=1036) to work on /home/airflow/.local/lib/python3.7/site-packages/airflow/example_dags/tutorial_taskflow_api.py
[2025-01-29T23:39:56.100+0000] {processor.py:756} INFO - Processing file /home/airflow/.local/lib/python3.7/site-packages/airflow/example_dags/tutorial_taskflow_api.py for tasks to queue
[2025-01-29T23:39:56.100+0000] {logging_mixin.py:120} INFO - [2025-01-29T23:39:56.100+0000] {dagbag.py:537} INFO - Filling up the DagBag from /home/airflow/.local/lib/python3.7/site-packages/airflow/example_dags/tutorial_taskflow_api.py
[2025-01-29T23:39:56.124+0000] {processor.py:766} INFO - DAG(s) dict_keys(['tutorial_taskflow_api']) retrieved from /home/airflow/.local/lib/python3.7/site-packages/airflow/example_dags/tutorial_taskflow_api.py
[2025-01-29T23:39:56.187+0000] {logging_mixin.py:120} INFO - [2025-01-29T23:39:56.187+0000] {dag.py:2585} INFO - Sync 1 DAGs
[2025-01-29T23:39:56.221+0000] {logging_mixin.py:120} INFO - [2025-01-29T23:39:56.221+0000] {dag.py:3340} INFO - Setting next_dagrun for tutorial_taskflow_api to None, run_after=None
[2025-01-29T23:39:56.246+0000] {processor.py:176} INFO - Processing /home/airflow/.local/lib/python3.7/site-packages/airflow/example_dags/tutorial_taskflow_api.py took 0.152 seconds
[2025-01-29T23:40:26.594+0000] {processor.py:154} INFO - Started process (PID=1100) to work on /home/airflow/.local/lib/python3.7/site-packages/airflow/example_dags/tutorial_taskflow_api.py
[2025-01-29T23:40:26.595+0000] {processor.py:756} INFO - Processing file /home/airflow/.local/lib/python3.7/site-packages/airflow/example_dags/tutorial_taskflow_api.py for tasks to queue
[2025-01-29T23:40:26.596+0000] {logging_mixin.py:120} INFO - [2025-01-29T23:40:26.596+0000] {dagbag.py:537} INFO - Filling up the DagBag from /home/airflow/.local/lib/python3.7/site-packages/airflow/example_dags/tutorial_taskflow_api.py
[2025-01-29T23:40:26.617+0000] {processor.py:766} INFO - DAG(s) dict_keys(['tutorial_taskflow_api']) retrieved from /home/airflow/.local/lib/python3.7/site-packages/airflow/example_dags/tutorial_taskflow_api.py
[2025-01-29T23:40:26.668+0000] {logging_mixin.py:120} INFO - [2025-01-29T23:40:26.668+0000] {dag.py:2585} INFO - Sync 1 DAGs
[2025-01-29T23:40:26.699+0000] {logging_mixin.py:120} INFO - [2025-01-29T23:40:26.699+0000] {dag.py:3340} INFO - Setting next_dagrun for tutorial_taskflow_api to None, run_after=None
[2025-01-29T23:40:26.723+0000] {processor.py:176} INFO - Processing /home/airflow/.local/lib/python3.7/site-packages/airflow/example_dags/tutorial_taskflow_api.py took 0.133 seconds
[2025-01-29T23:40:56.985+0000] {processor.py:154} INFO - Started process (PID=1155) to work on /home/airflow/.local/lib/python3.7/site-packages/airflow/example_dags/tutorial_taskflow_api.py
[2025-01-29T23:40:56.986+0000] {processor.py:756} INFO - Processing file /home/airflow/.local/lib/python3.7/site-packages/airflow/example_dags/tutorial_taskflow_api.py for tasks to queue
[2025-01-29T23:40:56.987+0000] {logging_mixin.py:120} INFO - [2025-01-29T23:40:56.987+0000] {dagbag.py:537} INFO - Filling up the DagBag from /home/airflow/.local/lib/python3.7/site-packages/airflow/example_dags/tutorial_taskflow_api.py
[2025-01-29T23:40:57.019+0000] {processor.py:766} INFO - DAG(s) dict_keys(['tutorial_taskflow_api']) retrieved from /home/airflow/.local/lib/python3.7/site-packages/airflow/example_dags/tutorial_taskflow_api.py
[2025-01-29T23:40:57.078+0000] {logging_mixin.py:120} INFO - [2025-01-29T23:40:57.077+0000] {dag.py:2585} INFO - Sync 1 DAGs
[2025-01-29T23:40:57.109+0000] {logging_mixin.py:120} INFO - [2025-01-29T23:40:57.109+0000] {dag.py:3340} INFO - Setting next_dagrun for tutorial_taskflow_api to None, run_after=None
[2025-01-29T23:40:57.131+0000] {processor.py:176} INFO - Processing /home/airflow/.local/lib/python3.7/site-packages/airflow/example_dags/tutorial_taskflow_api.py took 0.150 seconds
[2025-01-29T23:41:27.624+0000] {processor.py:154} INFO - Started process (PID=1219) to work on /home/airflow/.local/lib/python3.7/site-packages/airflow/example_dags/tutorial_taskflow_api.py
[2025-01-29T23:41:27.625+0000] {processor.py:756} INFO - Processing file /home/airflow/.local/lib/python3.7/site-packages/airflow/example_dags/tutorial_taskflow_api.py for tasks to queue
[2025-01-29T23:41:27.626+0000] {logging_mixin.py:120} INFO - [2025-01-29T23:41:27.626+0000] {dagbag.py:537} INFO - Filling up the DagBag from /home/airflow/.local/lib/python3.7/site-packages/airflow/example_dags/tutorial_taskflow_api.py
[2025-01-29T23:41:27.648+0000] {processor.py:766} INFO - DAG(s) dict_keys(['tutorial_taskflow_api']) retrieved from /home/airflow/.local/lib/python3.7/site-packages/airflow/example_dags/tutorial_taskflow_api.py
[2025-01-29T23:41:27.711+0000] {logging_mixin.py:120} INFO - [2025-01-29T23:41:27.711+0000] {dag.py:2585} INFO - Sync 1 DAGs
[2025-01-29T23:41:27.744+0000] {logging_mixin.py:120} INFO - [2025-01-29T23:41:27.744+0000] {dag.py:3340} INFO - Setting next_dagrun for tutorial_taskflow_api to None, run_after=None
[2025-01-29T23:41:27.767+0000] {processor.py:176} INFO - Processing /home/airflow/.local/lib/python3.7/site-packages/airflow/example_dags/tutorial_taskflow_api.py took 0.146 seconds
[2025-01-29T23:41:58.366+0000] {processor.py:154} INFO - Started process (PID=1284) to work on /home/airflow/.local/lib/python3.7/site-packages/airflow/example_dags/tutorial_taskflow_api.py
[2025-01-29T23:41:58.367+0000] {processor.py:756} INFO - Processing file /home/airflow/.local/lib/python3.7/site-packages/airflow/example_dags/tutorial_taskflow_api.py for tasks to queue
[2025-01-29T23:41:58.368+0000] {logging_mixin.py:120} INFO - [2025-01-29T23:41:58.368+0000] {dagbag.py:537} INFO - Filling up the DagBag from /home/airflow/.local/lib/python3.7/site-packages/airflow/example_dags/tutorial_taskflow_api.py
[2025-01-29T23:41:58.385+0000] {processor.py:766} INFO - DAG(s) dict_keys(['tutorial_taskflow_api']) retrieved from /home/airflow/.local/lib/python3.7/site-packages/airflow/example_dags/tutorial_taskflow_api.py
[2025-01-29T23:41:58.440+0000] {logging_mixin.py:120} INFO - [2025-01-29T23:41:58.440+0000] {dag.py:2585} INFO - Sync 1 DAGs
[2025-01-29T23:41:58.470+0000] {logging_mixin.py:120} INFO - [2025-01-29T23:41:58.470+0000] {dag.py:3340} INFO - Setting next_dagrun for tutorial_taskflow_api to None, run_after=None
[2025-01-29T23:41:58.493+0000] {processor.py:176} INFO - Processing /home/airflow/.local/lib/python3.7/site-packages/airflow/example_dags/tutorial_taskflow_api.py took 0.130 seconds
[2025-01-29T23:42:29.283+0000] {processor.py:154} INFO - Started process (PID=1339) to work on /home/airflow/.local/lib/python3.7/site-packages/airflow/example_dags/tutorial_taskflow_api.py
[2025-01-29T23:42:29.285+0000] {processor.py:756} INFO - Processing file /home/airflow/.local/lib/python3.7/site-packages/airflow/example_dags/tutorial_taskflow_api.py for tasks to queue
[2025-01-29T23:42:29.287+0000] {logging_mixin.py:120} INFO - [2025-01-29T23:42:29.287+0000] {dagbag.py:537} INFO - Filling up the DagBag from /home/airflow/.local/lib/python3.7/site-packages/airflow/example_dags/tutorial_taskflow_api.py
[2025-01-29T23:42:29.312+0000] {processor.py:766} INFO - DAG(s) dict_keys(['tutorial_taskflow_api']) retrieved from /home/airflow/.local/lib/python3.7/site-packages/airflow/example_dags/tutorial_taskflow_api.py
[2025-01-29T23:42:29.374+0000] {logging_mixin.py:120} INFO - [2025-01-29T23:42:29.374+0000] {dag.py:2585} INFO - Sync 1 DAGs
[2025-01-29T23:42:29.409+0000] {logging_mixin.py:120} INFO - [2025-01-29T23:42:29.409+0000] {dag.py:3340} INFO - Setting next_dagrun for tutorial_taskflow_api to None, run_after=None
[2025-01-29T23:42:29.439+0000] {processor.py:176} INFO - Processing /home/airflow/.local/lib/python3.7/site-packages/airflow/example_dags/tutorial_taskflow_api.py took 0.160 seconds
[2025-01-29T23:43:00.086+0000] {processor.py:154} INFO - Started process (PID=1404) to work on /home/airflow/.local/lib/python3.7/site-packages/airflow/example_dags/tutorial_taskflow_api.py
[2025-01-29T23:43:00.087+0000] {processor.py:756} INFO - Processing file /home/airflow/.local/lib/python3.7/site-packages/airflow/example_dags/tutorial_taskflow_api.py for tasks to queue
[2025-01-29T23:43:00.087+0000] {logging_mixin.py:120} INFO - [2025-01-29T23:43:00.087+0000] {dagbag.py:537} INFO - Filling up the DagBag from /home/airflow/.local/lib/python3.7/site-packages/airflow/example_dags/tutorial_taskflow_api.py
[2025-01-29T23:43:00.105+0000] {processor.py:766} INFO - DAG(s) dict_keys(['tutorial_taskflow_api']) retrieved from /home/airflow/.local/lib/python3.7/site-packages/airflow/example_dags/tutorial_taskflow_api.py
[2025-01-29T23:43:00.160+0000] {logging_mixin.py:120} INFO - [2025-01-29T23:43:00.160+0000] {dag.py:2585} INFO - Sync 1 DAGs
[2025-01-29T23:43:00.193+0000] {logging_mixin.py:120} INFO - [2025-01-29T23:43:00.193+0000] {dag.py:3340} INFO - Setting next_dagrun for tutorial_taskflow_api to None, run_after=None
[2025-01-29T23:43:00.215+0000] {processor.py:176} INFO - Processing /home/airflow/.local/lib/python3.7/site-packages/airflow/example_dags/tutorial_taskflow_api.py took 0.133 seconds
[2025-01-29T23:43:30.717+0000] {processor.py:154} INFO - Started process (PID=1468) to work on /home/airflow/.local/lib/python3.7/site-packages/airflow/example_dags/tutorial_taskflow_api.py
[2025-01-29T23:43:30.718+0000] {processor.py:756} INFO - Processing file /home/airflow/.local/lib/python3.7/site-packages/airflow/example_dags/tutorial_taskflow_api.py for tasks to queue
[2025-01-29T23:43:30.719+0000] {logging_mixin.py:120} INFO - [2025-01-29T23:43:30.719+0000] {dagbag.py:537} INFO - Filling up the DagBag from /home/airflow/.local/lib/python3.7/site-packages/airflow/example_dags/tutorial_taskflow_api.py
[2025-01-29T23:43:30.739+0000] {processor.py:766} INFO - DAG(s) dict_keys(['tutorial_taskflow_api']) retrieved from /home/airflow/.local/lib/python3.7/site-packages/airflow/example_dags/tutorial_taskflow_api.py
[2025-01-29T23:43:30.798+0000] {logging_mixin.py:120} INFO - [2025-01-29T23:43:30.798+0000] {dag.py:2585} INFO - Sync 1 DAGs
[2025-01-29T23:43:30.828+0000] {logging_mixin.py:120} INFO - [2025-01-29T23:43:30.828+0000] {dag.py:3340} INFO - Setting next_dagrun for tutorial_taskflow_api to None, run_after=None
[2025-01-29T23:43:30.851+0000] {processor.py:176} INFO - Processing /home/airflow/.local/lib/python3.7/site-packages/airflow/example_dags/tutorial_taskflow_api.py took 0.138 seconds
[2025-01-29T23:44:01.445+0000] {processor.py:154} INFO - Started process (PID=1532) to work on /home/airflow/.local/lib/python3.7/site-packages/airflow/example_dags/tutorial_taskflow_api.py
[2025-01-29T23:44:01.448+0000] {processor.py:756} INFO - Processing file /home/airflow/.local/lib/python3.7/site-packages/airflow/example_dags/tutorial_taskflow_api.py for tasks to queue
[2025-01-29T23:44:01.449+0000] {logging_mixin.py:120} INFO - [2025-01-29T23:44:01.449+0000] {dagbag.py:537} INFO - Filling up the DagBag from /home/airflow/.local/lib/python3.7/site-packages/airflow/example_dags/tutorial_taskflow_api.py
[2025-01-29T23:44:01.480+0000] {processor.py:766} INFO - DAG(s) dict_keys(['tutorial_taskflow_api']) retrieved from /home/airflow/.local/lib/python3.7/site-packages/airflow/example_dags/tutorial_taskflow_api.py
[2025-01-29T23:44:01.550+0000] {logging_mixin.py:120} INFO - [2025-01-29T23:44:01.549+0000] {dag.py:2585} INFO - Sync 1 DAGs
[2025-01-29T23:44:01.595+0000] {logging_mixin.py:120} INFO - [2025-01-29T23:44:01.594+0000] {dag.py:3340} INFO - Setting next_dagrun for tutorial_taskflow_api to None, run_after=None
[2025-01-29T23:44:01.632+0000] {processor.py:176} INFO - Processing /home/airflow/.local/lib/python3.7/site-packages/airflow/example_dags/tutorial_taskflow_api.py took 0.192 seconds
[2025-01-29T23:44:32.045+0000] {processor.py:154} INFO - Started process (PID=1587) to work on /home/airflow/.local/lib/python3.7/site-packages/airflow/example_dags/tutorial_taskflow_api.py
[2025-01-29T23:44:32.046+0000] {processor.py:756} INFO - Processing file /home/airflow/.local/lib/python3.7/site-packages/airflow/example_dags/tutorial_taskflow_api.py for tasks to queue
[2025-01-29T23:44:32.047+0000] {logging_mixin.py:120} INFO - [2025-01-29T23:44:32.047+0000] {dagbag.py:537} INFO - Filling up the DagBag from /home/airflow/.local/lib/python3.7/site-packages/airflow/example_dags/tutorial_taskflow_api.py
[2025-01-29T23:44:32.072+0000] {processor.py:766} INFO - DAG(s) dict_keys(['tutorial_taskflow_api']) retrieved from /home/airflow/.local/lib/python3.7/site-packages/airflow/example_dags/tutorial_taskflow_api.py
[2025-01-29T23:44:32.133+0000] {logging_mixin.py:120} INFO - [2025-01-29T23:44:32.133+0000] {dag.py:2585} INFO - Sync 1 DAGs
[2025-01-29T23:44:32.166+0000] {logging_mixin.py:120} INFO - [2025-01-29T23:44:32.166+0000] {dag.py:3340} INFO - Setting next_dagrun for tutorial_taskflow_api to None, run_after=None
[2025-01-29T23:44:32.191+0000] {processor.py:176} INFO - Processing /home/airflow/.local/lib/python3.7/site-packages/airflow/example_dags/tutorial_taskflow_api.py took 0.148 seconds
[2025-01-29T23:45:02.543+0000] {processor.py:154} INFO - Started process (PID=1651) to work on /home/airflow/.local/lib/python3.7/site-packages/airflow/example_dags/tutorial_taskflow_api.py
[2025-01-29T23:45:02.544+0000] {processor.py:756} INFO - Processing file /home/airflow/.local/lib/python3.7/site-packages/airflow/example_dags/tutorial_taskflow_api.py for tasks to queue
[2025-01-29T23:45:02.545+0000] {logging_mixin.py:120} INFO - [2025-01-29T23:45:02.545+0000] {dagbag.py:537} INFO - Filling up the DagBag from /home/airflow/.local/lib/python3.7/site-packages/airflow/example_dags/tutorial_taskflow_api.py
[2025-01-29T23:45:02.566+0000] {processor.py:766} INFO - DAG(s) dict_keys(['tutorial_taskflow_api']) retrieved from /home/airflow/.local/lib/python3.7/site-packages/airflow/example_dags/tutorial_taskflow_api.py
[2025-01-29T23:45:02.622+0000] {logging_mixin.py:120} INFO - [2025-01-29T23:45:02.622+0000] {dag.py:2585} INFO - Sync 1 DAGs
[2025-01-29T23:45:02.656+0000] {logging_mixin.py:120} INFO - [2025-01-29T23:45:02.656+0000] {dag.py:3340} INFO - Setting next_dagrun for tutorial_taskflow_api to None, run_after=None
[2025-01-29T23:45:02.679+0000] {processor.py:176} INFO - Processing /home/airflow/.local/lib/python3.7/site-packages/airflow/example_dags/tutorial_taskflow_api.py took 0.139 seconds
[2025-01-29T23:45:33.209+0000] {processor.py:154} INFO - Started process (PID=1715) to work on /home/airflow/.local/lib/python3.7/site-packages/airflow/example_dags/tutorial_taskflow_api.py
[2025-01-29T23:45:33.210+0000] {processor.py:756} INFO - Processing file /home/airflow/.local/lib/python3.7/site-packages/airflow/example_dags/tutorial_taskflow_api.py for tasks to queue
[2025-01-29T23:45:33.211+0000] {logging_mixin.py:120} INFO - [2025-01-29T23:45:33.210+0000] {dagbag.py:537} INFO - Filling up the DagBag from /home/airflow/.local/lib/python3.7/site-packages/airflow/example_dags/tutorial_taskflow_api.py
[2025-01-29T23:45:33.232+0000] {processor.py:766} INFO - DAG(s) dict_keys(['tutorial_taskflow_api']) retrieved from /home/airflow/.local/lib/python3.7/site-packages/airflow/example_dags/tutorial_taskflow_api.py
[2025-01-29T23:45:33.295+0000] {logging_mixin.py:120} INFO - [2025-01-29T23:45:33.295+0000] {dag.py:2585} INFO - Sync 1 DAGs
[2025-01-29T23:45:33.331+0000] {logging_mixin.py:120} INFO - [2025-01-29T23:45:33.331+0000] {dag.py:3340} INFO - Setting next_dagrun for tutorial_taskflow_api to None, run_after=None
[2025-01-29T23:45:33.355+0000] {processor.py:176} INFO - Processing /home/airflow/.local/lib/python3.7/site-packages/airflow/example_dags/tutorial_taskflow_api.py took 0.149 seconds
[2025-01-29T23:46:03.757+0000] {processor.py:154} INFO - Started process (PID=1770) to work on /home/airflow/.local/lib/python3.7/site-packages/airflow/example_dags/tutorial_taskflow_api.py
[2025-01-29T23:46:03.758+0000] {processor.py:756} INFO - Processing file /home/airflow/.local/lib/python3.7/site-packages/airflow/example_dags/tutorial_taskflow_api.py for tasks to queue
[2025-01-29T23:46:03.759+0000] {logging_mixin.py:120} INFO - [2025-01-29T23:46:03.759+0000] {dagbag.py:537} INFO - Filling up the DagBag from /home/airflow/.local/lib/python3.7/site-packages/airflow/example_dags/tutorial_taskflow_api.py
[2025-01-29T23:46:03.777+0000] {processor.py:766} INFO - DAG(s) dict_keys(['tutorial_taskflow_api']) retrieved from /home/airflow/.local/lib/python3.7/site-packages/airflow/example_dags/tutorial_taskflow_api.py
[2025-01-29T23:46:03.832+0000] {logging_mixin.py:120} INFO - [2025-01-29T23:46:03.832+0000] {dag.py:2585} INFO - Sync 1 DAGs
[2025-01-29T23:46:03.862+0000] {logging_mixin.py:120} INFO - [2025-01-29T23:46:03.862+0000] {dag.py:3340} INFO - Setting next_dagrun for tutorial_taskflow_api to None, run_after=None
[2025-01-29T23:46:03.885+0000] {processor.py:176} INFO - Processing /home/airflow/.local/lib/python3.7/site-packages/airflow/example_dags/tutorial_taskflow_api.py took 0.130 seconds
[2025-01-29T23:46:34.265+0000] {processor.py:154} INFO - Started process (PID=1834) to work on /home/airflow/.local/lib/python3.7/site-packages/airflow/example_dags/tutorial_taskflow_api.py
[2025-01-29T23:46:34.265+0000] {processor.py:756} INFO - Processing file /home/airflow/.local/lib/python3.7/site-packages/airflow/example_dags/tutorial_taskflow_api.py for tasks to queue
[2025-01-29T23:46:34.266+0000] {logging_mixin.py:120} INFO - [2025-01-29T23:46:34.266+0000] {dagbag.py:537} INFO - Filling up the DagBag from /home/airflow/.local/lib/python3.7/site-packages/airflow/example_dags/tutorial_taskflow_api.py
[2025-01-29T23:46:34.287+0000] {processor.py:766} INFO - DAG(s) dict_keys(['tutorial_taskflow_api']) retrieved from /home/airflow/.local/lib/python3.7/site-packages/airflow/example_dags/tutorial_taskflow_api.py
[2025-01-29T23:46:34.341+0000] {logging_mixin.py:120} INFO - [2025-01-29T23:46:34.340+0000] {dag.py:2585} INFO - Sync 1 DAGs
[2025-01-29T23:46:34.373+0000] {logging_mixin.py:120} INFO - [2025-01-29T23:46:34.373+0000] {dag.py:3340} INFO - Setting next_dagrun for tutorial_taskflow_api to None, run_after=None
[2025-01-29T23:46:34.397+0000] {processor.py:176} INFO - Processing /home/airflow/.local/lib/python3.7/site-packages/airflow/example_dags/tutorial_taskflow_api.py took 0.135 seconds
[2025-01-29T23:47:04.689+0000] {processor.py:154} INFO - Started process (PID=1898) to work on /home/airflow/.local/lib/python3.7/site-packages/airflow/example_dags/tutorial_taskflow_api.py
[2025-01-29T23:47:04.690+0000] {processor.py:756} INFO - Processing file /home/airflow/.local/lib/python3.7/site-packages/airflow/example_dags/tutorial_taskflow_api.py for tasks to queue
[2025-01-29T23:47:04.690+0000] {logging_mixin.py:120} INFO - [2025-01-29T23:47:04.690+0000] {dagbag.py:537} INFO - Filling up the DagBag from /home/airflow/.local/lib/python3.7/site-packages/airflow/example_dags/tutorial_taskflow_api.py
[2025-01-29T23:47:04.710+0000] {processor.py:766} INFO - DAG(s) dict_keys(['tutorial_taskflow_api']) retrieved from /home/airflow/.local/lib/python3.7/site-packages/airflow/example_dags/tutorial_taskflow_api.py
[2025-01-29T23:47:04.761+0000] {logging_mixin.py:120} INFO - [2025-01-29T23:47:04.761+0000] {dag.py:2585} INFO - Sync 1 DAGs
[2025-01-29T23:47:04.791+0000] {logging_mixin.py:120} INFO - [2025-01-29T23:47:04.791+0000] {dag.py:3340} INFO - Setting next_dagrun for tutorial_taskflow_api to None, run_after=None
[2025-01-29T23:47:04.814+0000] {processor.py:176} INFO - Processing /home/airflow/.local/lib/python3.7/site-packages/airflow/example_dags/tutorial_taskflow_api.py took 0.128 seconds
[2025-01-29T23:47:35.192+0000] {processor.py:154} INFO - Started process (PID=1960) to work on /home/airflow/.local/lib/python3.7/site-packages/airflow/example_dags/tutorial_taskflow_api.py
[2025-01-29T23:47:35.193+0000] {processor.py:756} INFO - Processing file /home/airflow/.local/lib/python3.7/site-packages/airflow/example_dags/tutorial_taskflow_api.py for tasks to queue
[2025-01-29T23:47:35.194+0000] {logging_mixin.py:120} INFO - [2025-01-29T23:47:35.194+0000] {dagbag.py:537} INFO - Filling up the DagBag from /home/airflow/.local/lib/python3.7/site-packages/airflow/example_dags/tutorial_taskflow_api.py
[2025-01-29T23:47:35.216+0000] {processor.py:766} INFO - DAG(s) dict_keys(['tutorial_taskflow_api']) retrieved from /home/airflow/.local/lib/python3.7/site-packages/airflow/example_dags/tutorial_taskflow_api.py
[2025-01-29T23:47:35.271+0000] {logging_mixin.py:120} INFO - [2025-01-29T23:47:35.271+0000] {dag.py:2585} INFO - Sync 1 DAGs
[2025-01-29T23:47:35.308+0000] {logging_mixin.py:120} INFO - [2025-01-29T23:47:35.308+0000] {dag.py:3340} INFO - Setting next_dagrun for tutorial_taskflow_api to None, run_after=None
[2025-01-29T23:47:35.336+0000] {processor.py:176} INFO - Processing /home/airflow/.local/lib/python3.7/site-packages/airflow/example_dags/tutorial_taskflow_api.py took 0.146 seconds
[2025-01-29T23:48:05.976+0000] {processor.py:154} INFO - Started process (PID=2017) to work on /home/airflow/.local/lib/python3.7/site-packages/airflow/example_dags/tutorial_taskflow_api.py
[2025-01-29T23:48:05.977+0000] {processor.py:756} INFO - Processing file /home/airflow/.local/lib/python3.7/site-packages/airflow/example_dags/tutorial_taskflow_api.py for tasks to queue
[2025-01-29T23:48:05.978+0000] {logging_mixin.py:120} INFO - [2025-01-29T23:48:05.978+0000] {dagbag.py:537} INFO - Filling up the DagBag from /home/airflow/.local/lib/python3.7/site-packages/airflow/example_dags/tutorial_taskflow_api.py
[2025-01-29T23:48:05.997+0000] {processor.py:766} INFO - DAG(s) dict_keys(['tutorial_taskflow_api']) retrieved from /home/airflow/.local/lib/python3.7/site-packages/airflow/example_dags/tutorial_taskflow_api.py
[2025-01-29T23:48:06.053+0000] {logging_mixin.py:120} INFO - [2025-01-29T23:48:06.053+0000] {dag.py:2585} INFO - Sync 1 DAGs
[2025-01-29T23:48:06.084+0000] {logging_mixin.py:120} INFO - [2025-01-29T23:48:06.084+0000] {dag.py:3340} INFO - Setting next_dagrun for tutorial_taskflow_api to None, run_after=None
[2025-01-29T23:48:06.107+0000] {processor.py:176} INFO - Processing /home/airflow/.local/lib/python3.7/site-packages/airflow/example_dags/tutorial_taskflow_api.py took 0.134 seconds
[2025-01-29T23:48:36.895+0000] {processor.py:154} INFO - Started process (PID=2081) to work on /home/airflow/.local/lib/python3.7/site-packages/airflow/example_dags/tutorial_taskflow_api.py
[2025-01-29T23:48:36.898+0000] {processor.py:756} INFO - Processing file /home/airflow/.local/lib/python3.7/site-packages/airflow/example_dags/tutorial_taskflow_api.py for tasks to queue
[2025-01-29T23:48:36.899+0000] {logging_mixin.py:120} INFO - [2025-01-29T23:48:36.899+0000] {dagbag.py:537} INFO - Filling up the DagBag from /home/airflow/.local/lib/python3.7/site-packages/airflow/example_dags/tutorial_taskflow_api.py
[2025-01-29T23:48:36.925+0000] {processor.py:766} INFO - DAG(s) dict_keys(['tutorial_taskflow_api']) retrieved from /home/airflow/.local/lib/python3.7/site-packages/airflow/example_dags/tutorial_taskflow_api.py
[2025-01-29T23:48:36.993+0000] {logging_mixin.py:120} INFO - [2025-01-29T23:48:36.993+0000] {dag.py:2585} INFO - Sync 1 DAGs
[2025-01-29T23:48:37.032+0000] {logging_mixin.py:120} INFO - [2025-01-29T23:48:37.032+0000] {dag.py:3340} INFO - Setting next_dagrun for tutorial_taskflow_api to None, run_after=None
[2025-01-29T23:48:37.059+0000] {processor.py:176} INFO - Processing /home/airflow/.local/lib/python3.7/site-packages/airflow/example_dags/tutorial_taskflow_api.py took 0.167 seconds
[2025-01-29T23:49:07.496+0000] {processor.py:154} INFO - Started process (PID=2145) to work on /home/airflow/.local/lib/python3.7/site-packages/airflow/example_dags/tutorial_taskflow_api.py
[2025-01-29T23:49:07.497+0000] {processor.py:756} INFO - Processing file /home/airflow/.local/lib/python3.7/site-packages/airflow/example_dags/tutorial_taskflow_api.py for tasks to queue
[2025-01-29T23:49:07.498+0000] {logging_mixin.py:120} INFO - [2025-01-29T23:49:07.498+0000] {dagbag.py:537} INFO - Filling up the DagBag from /home/airflow/.local/lib/python3.7/site-packages/airflow/example_dags/tutorial_taskflow_api.py
[2025-01-29T23:49:07.518+0000] {processor.py:766} INFO - DAG(s) dict_keys(['tutorial_taskflow_api']) retrieved from /home/airflow/.local/lib/python3.7/site-packages/airflow/example_dags/tutorial_taskflow_api.py
[2025-01-29T23:49:07.574+0000] {logging_mixin.py:120} INFO - [2025-01-29T23:49:07.573+0000] {dag.py:2585} INFO - Sync 1 DAGs
[2025-01-29T23:49:07.608+0000] {logging_mixin.py:120} INFO - [2025-01-29T23:49:07.608+0000] {dag.py:3340} INFO - Setting next_dagrun for tutorial_taskflow_api to None, run_after=None
[2025-01-29T23:49:07.634+0000] {processor.py:176} INFO - Processing /home/airflow/.local/lib/python3.7/site-packages/airflow/example_dags/tutorial_taskflow_api.py took 0.141 seconds
[2025-01-29T23:49:37.818+0000] {processor.py:154} INFO - Started process (PID=2200) to work on /home/airflow/.local/lib/python3.7/site-packages/airflow/example_dags/tutorial_taskflow_api.py
[2025-01-29T23:49:37.819+0000] {processor.py:756} INFO - Processing file /home/airflow/.local/lib/python3.7/site-packages/airflow/example_dags/tutorial_taskflow_api.py for tasks to queue
[2025-01-29T23:49:37.820+0000] {logging_mixin.py:120} INFO - [2025-01-29T23:49:37.820+0000] {dagbag.py:537} INFO - Filling up the DagBag from /home/airflow/.local/lib/python3.7/site-packages/airflow/example_dags/tutorial_taskflow_api.py
[2025-01-29T23:49:37.838+0000] {processor.py:766} INFO - DAG(s) dict_keys(['tutorial_taskflow_api']) retrieved from /home/airflow/.local/lib/python3.7/site-packages/airflow/example_dags/tutorial_taskflow_api.py
[2025-01-29T23:49:37.893+0000] {logging_mixin.py:120} INFO - [2025-01-29T23:49:37.892+0000] {dag.py:2585} INFO - Sync 1 DAGs
[2025-01-29T23:49:37.921+0000] {logging_mixin.py:120} INFO - [2025-01-29T23:49:37.921+0000] {dag.py:3340} INFO - Setting next_dagrun for tutorial_taskflow_api to None, run_after=None
[2025-01-29T23:49:37.944+0000] {processor.py:176} INFO - Processing /home/airflow/.local/lib/python3.7/site-packages/airflow/example_dags/tutorial_taskflow_api.py took 0.129 seconds
[2025-01-29T23:50:08.044+0000] {processor.py:154} INFO - Started process (PID=2264) to work on /home/airflow/.local/lib/python3.7/site-packages/airflow/example_dags/tutorial_taskflow_api.py
[2025-01-29T23:50:08.045+0000] {processor.py:756} INFO - Processing file /home/airflow/.local/lib/python3.7/site-packages/airflow/example_dags/tutorial_taskflow_api.py for tasks to queue
[2025-01-29T23:50:08.046+0000] {logging_mixin.py:120} INFO - [2025-01-29T23:50:08.045+0000] {dagbag.py:537} INFO - Filling up the DagBag from /home/airflow/.local/lib/python3.7/site-packages/airflow/example_dags/tutorial_taskflow_api.py
[2025-01-29T23:50:08.064+0000] {processor.py:766} INFO - DAG(s) dict_keys(['tutorial_taskflow_api']) retrieved from /home/airflow/.local/lib/python3.7/site-packages/airflow/example_dags/tutorial_taskflow_api.py
[2025-01-29T23:50:08.118+0000] {logging_mixin.py:120} INFO - [2025-01-29T23:50:08.118+0000] {dag.py:2585} INFO - Sync 1 DAGs
[2025-01-29T23:50:08.149+0000] {logging_mixin.py:120} INFO - [2025-01-29T23:50:08.149+0000] {dag.py:3340} INFO - Setting next_dagrun for tutorial_taskflow_api to None, run_after=None
[2025-01-29T23:50:08.174+0000] {processor.py:176} INFO - Processing /home/airflow/.local/lib/python3.7/site-packages/airflow/example_dags/tutorial_taskflow_api.py took 0.133 seconds
[2025-01-29T23:50:38.587+0000] {processor.py:154} INFO - Started process (PID=2328) to work on /home/airflow/.local/lib/python3.7/site-packages/airflow/example_dags/tutorial_taskflow_api.py
[2025-01-29T23:50:38.588+0000] {processor.py:756} INFO - Processing file /home/airflow/.local/lib/python3.7/site-packages/airflow/example_dags/tutorial_taskflow_api.py for tasks to queue
[2025-01-29T23:50:38.589+0000] {logging_mixin.py:120} INFO - [2025-01-29T23:50:38.589+0000] {dagbag.py:537} INFO - Filling up the DagBag from /home/airflow/.local/lib/python3.7/site-packages/airflow/example_dags/tutorial_taskflow_api.py
[2025-01-29T23:50:38.609+0000] {processor.py:766} INFO - DAG(s) dict_keys(['tutorial_taskflow_api']) retrieved from /home/airflow/.local/lib/python3.7/site-packages/airflow/example_dags/tutorial_taskflow_api.py
[2025-01-29T23:50:38.667+0000] {logging_mixin.py:120} INFO - [2025-01-29T23:50:38.667+0000] {dag.py:2585} INFO - Sync 1 DAGs
[2025-01-29T23:50:38.704+0000] {logging_mixin.py:120} INFO - [2025-01-29T23:50:38.704+0000] {dag.py:3340} INFO - Setting next_dagrun for tutorial_taskflow_api to None, run_after=None
[2025-01-29T23:50:38.735+0000] {processor.py:176} INFO - Processing /home/airflow/.local/lib/python3.7/site-packages/airflow/example_dags/tutorial_taskflow_api.py took 0.150 seconds
[2025-01-29T23:51:09.068+0000] {processor.py:154} INFO - Started process (PID=2384) to work on /home/airflow/.local/lib/python3.7/site-packages/airflow/example_dags/tutorial_taskflow_api.py
[2025-01-29T23:51:09.069+0000] {processor.py:756} INFO - Processing file /home/airflow/.local/lib/python3.7/site-packages/airflow/example_dags/tutorial_taskflow_api.py for tasks to queue
[2025-01-29T23:51:09.070+0000] {logging_mixin.py:120} INFO - [2025-01-29T23:51:09.070+0000] {dagbag.py:537} INFO - Filling up the DagBag from /home/airflow/.local/lib/python3.7/site-packages/airflow/example_dags/tutorial_taskflow_api.py
[2025-01-29T23:51:09.098+0000] {processor.py:766} INFO - DAG(s) dict_keys(['tutorial_taskflow_api']) retrieved from /home/airflow/.local/lib/python3.7/site-packages/airflow/example_dags/tutorial_taskflow_api.py
[2025-01-29T23:51:09.171+0000] {logging_mixin.py:120} INFO - [2025-01-29T23:51:09.171+0000] {dag.py:2585} INFO - Sync 1 DAGs
[2025-01-29T23:51:09.217+0000] {logging_mixin.py:120} INFO - [2025-01-29T23:51:09.216+0000] {dag.py:3340} INFO - Setting next_dagrun for tutorial_taskflow_api to None, run_after=None
[2025-01-29T23:51:09.255+0000] {processor.py:176} INFO - Processing /home/airflow/.local/lib/python3.7/site-packages/airflow/example_dags/tutorial_taskflow_api.py took 0.190 seconds
[2025-01-29T23:51:40.060+0000] {processor.py:154} INFO - Started process (PID=2448) to work on /home/airflow/.local/lib/python3.7/site-packages/airflow/example_dags/tutorial_taskflow_api.py
[2025-01-29T23:51:40.061+0000] {processor.py:756} INFO - Processing file /home/airflow/.local/lib/python3.7/site-packages/airflow/example_dags/tutorial_taskflow_api.py for tasks to queue
[2025-01-29T23:51:40.062+0000] {logging_mixin.py:120} INFO - [2025-01-29T23:51:40.062+0000] {dagbag.py:537} INFO - Filling up the DagBag from /home/airflow/.local/lib/python3.7/site-packages/airflow/example_dags/tutorial_taskflow_api.py
[2025-01-29T23:51:40.080+0000] {processor.py:766} INFO - DAG(s) dict_keys(['tutorial_taskflow_api']) retrieved from /home/airflow/.local/lib/python3.7/site-packages/airflow/example_dags/tutorial_taskflow_api.py
[2025-01-29T23:51:40.153+0000] {logging_mixin.py:120} INFO - [2025-01-29T23:51:40.153+0000] {dag.py:2585} INFO - Sync 1 DAGs
[2025-01-29T23:51:40.192+0000] {logging_mixin.py:120} INFO - [2025-01-29T23:51:40.191+0000] {dag.py:3340} INFO - Setting next_dagrun for tutorial_taskflow_api to None, run_after=None
[2025-01-29T23:51:40.217+0000] {processor.py:176} INFO - Processing /home/airflow/.local/lib/python3.7/site-packages/airflow/example_dags/tutorial_taskflow_api.py took 0.159 seconds
[2025-01-29T23:52:10.698+0000] {processor.py:154} INFO - Started process (PID=2512) to work on /home/airflow/.local/lib/python3.7/site-packages/airflow/example_dags/tutorial_taskflow_api.py
[2025-01-29T23:52:10.699+0000] {processor.py:756} INFO - Processing file /home/airflow/.local/lib/python3.7/site-packages/airflow/example_dags/tutorial_taskflow_api.py for tasks to queue
[2025-01-29T23:52:10.699+0000] {logging_mixin.py:120} INFO - [2025-01-29T23:52:10.699+0000] {dagbag.py:537} INFO - Filling up the DagBag from /home/airflow/.local/lib/python3.7/site-packages/airflow/example_dags/tutorial_taskflow_api.py
[2025-01-29T23:52:10.718+0000] {processor.py:766} INFO - DAG(s) dict_keys(['tutorial_taskflow_api']) retrieved from /home/airflow/.local/lib/python3.7/site-packages/airflow/example_dags/tutorial_taskflow_api.py
[2025-01-29T23:52:10.775+0000] {logging_mixin.py:120} INFO - [2025-01-29T23:52:10.774+0000] {dag.py:2585} INFO - Sync 1 DAGs
[2025-01-29T23:52:10.809+0000] {logging_mixin.py:120} INFO - [2025-01-29T23:52:10.809+0000] {dag.py:3340} INFO - Setting next_dagrun for tutorial_taskflow_api to None, run_after=None
[2025-01-29T23:52:10.832+0000] {processor.py:176} INFO - Processing /home/airflow/.local/lib/python3.7/site-packages/airflow/example_dags/tutorial_taskflow_api.py took 0.136 seconds
[2025-01-29T23:52:41.129+0000] {processor.py:154} INFO - Started process (PID=2567) to work on /home/airflow/.local/lib/python3.7/site-packages/airflow/example_dags/tutorial_taskflow_api.py
[2025-01-29T23:52:41.130+0000] {processor.py:756} INFO - Processing file /home/airflow/.local/lib/python3.7/site-packages/airflow/example_dags/tutorial_taskflow_api.py for tasks to queue
[2025-01-29T23:52:41.131+0000] {logging_mixin.py:120} INFO - [2025-01-29T23:52:41.131+0000] {dagbag.py:537} INFO - Filling up the DagBag from /home/airflow/.local/lib/python3.7/site-packages/airflow/example_dags/tutorial_taskflow_api.py
[2025-01-29T23:52:41.154+0000] {processor.py:766} INFO - DAG(s) dict_keys(['tutorial_taskflow_api']) retrieved from /home/airflow/.local/lib/python3.7/site-packages/airflow/example_dags/tutorial_taskflow_api.py
[2025-01-29T23:52:41.209+0000] {logging_mixin.py:120} INFO - [2025-01-29T23:52:41.209+0000] {dag.py:2585} INFO - Sync 1 DAGs
[2025-01-29T23:52:41.239+0000] {logging_mixin.py:120} INFO - [2025-01-29T23:52:41.238+0000] {dag.py:3340} INFO - Setting next_dagrun for tutorial_taskflow_api to None, run_after=None
[2025-01-29T23:52:41.264+0000] {processor.py:176} INFO - Processing /home/airflow/.local/lib/python3.7/site-packages/airflow/example_dags/tutorial_taskflow_api.py took 0.137 seconds
[2025-01-29T23:53:11.765+0000] {processor.py:154} INFO - Started process (PID=2631) to work on /home/airflow/.local/lib/python3.7/site-packages/airflow/example_dags/tutorial_taskflow_api.py
[2025-01-29T23:53:11.766+0000] {processor.py:756} INFO - Processing file /home/airflow/.local/lib/python3.7/site-packages/airflow/example_dags/tutorial_taskflow_api.py for tasks to queue
[2025-01-29T23:53:11.766+0000] {logging_mixin.py:120} INFO - [2025-01-29T23:53:11.766+0000] {dagbag.py:537} INFO - Filling up the DagBag from /home/airflow/.local/lib/python3.7/site-packages/airflow/example_dags/tutorial_taskflow_api.py
[2025-01-29T23:53:11.787+0000] {processor.py:766} INFO - DAG(s) dict_keys(['tutorial_taskflow_api']) retrieved from /home/airflow/.local/lib/python3.7/site-packages/airflow/example_dags/tutorial_taskflow_api.py
[2025-01-29T23:53:11.846+0000] {logging_mixin.py:120} INFO - [2025-01-29T23:53:11.846+0000] {dag.py:2585} INFO - Sync 1 DAGs
[2025-01-29T23:53:11.879+0000] {logging_mixin.py:120} INFO - [2025-01-29T23:53:11.879+0000] {dag.py:3340} INFO - Setting next_dagrun for tutorial_taskflow_api to None, run_after=None
[2025-01-29T23:53:11.906+0000] {processor.py:176} INFO - Processing /home/airflow/.local/lib/python3.7/site-packages/airflow/example_dags/tutorial_taskflow_api.py took 0.144 seconds
[2025-01-29T23:53:43.035+0000] {processor.py:154} INFO - Started process (PID=2695) to work on /home/airflow/.local/lib/python3.7/site-packages/airflow/example_dags/tutorial_taskflow_api.py
[2025-01-29T23:53:43.036+0000] {processor.py:756} INFO - Processing file /home/airflow/.local/lib/python3.7/site-packages/airflow/example_dags/tutorial_taskflow_api.py for tasks to queue
[2025-01-29T23:53:43.037+0000] {logging_mixin.py:120} INFO - [2025-01-29T23:53:43.037+0000] {dagbag.py:537} INFO - Filling up the DagBag from /home/airflow/.local/lib/python3.7/site-packages/airflow/example_dags/tutorial_taskflow_api.py
[2025-01-29T23:53:43.055+0000] {processor.py:766} INFO - DAG(s) dict_keys(['tutorial_taskflow_api']) retrieved from /home/airflow/.local/lib/python3.7/site-packages/airflow/example_dags/tutorial_taskflow_api.py
[2025-01-29T23:53:43.109+0000] {logging_mixin.py:120} INFO - [2025-01-29T23:53:43.109+0000] {dag.py:2585} INFO - Sync 1 DAGs
[2025-01-29T23:53:43.139+0000] {logging_mixin.py:120} INFO - [2025-01-29T23:53:43.139+0000] {dag.py:3340} INFO - Setting next_dagrun for tutorial_taskflow_api to None, run_after=None
[2025-01-29T23:53:43.160+0000] {processor.py:176} INFO - Processing /home/airflow/.local/lib/python3.7/site-packages/airflow/example_dags/tutorial_taskflow_api.py took 0.127 seconds
[2025-01-29T23:54:13.331+0000] {processor.py:154} INFO - Started process (PID=2759) to work on /home/airflow/.local/lib/python3.7/site-packages/airflow/example_dags/tutorial_taskflow_api.py
[2025-01-29T23:54:13.332+0000] {processor.py:756} INFO - Processing file /home/airflow/.local/lib/python3.7/site-packages/airflow/example_dags/tutorial_taskflow_api.py for tasks to queue
[2025-01-29T23:54:13.333+0000] {logging_mixin.py:120} INFO - [2025-01-29T23:54:13.333+0000] {dagbag.py:537} INFO - Filling up the DagBag from /home/airflow/.local/lib/python3.7/site-packages/airflow/example_dags/tutorial_taskflow_api.py
[2025-01-29T23:54:13.358+0000] {processor.py:766} INFO - DAG(s) dict_keys(['tutorial_taskflow_api']) retrieved from /home/airflow/.local/lib/python3.7/site-packages/airflow/example_dags/tutorial_taskflow_api.py
[2025-01-29T23:54:13.432+0000] {logging_mixin.py:120} INFO - [2025-01-29T23:54:13.431+0000] {dag.py:2585} INFO - Sync 1 DAGs
[2025-01-29T23:54:13.475+0000] {logging_mixin.py:120} INFO - [2025-01-29T23:54:13.474+0000] {dag.py:3340} INFO - Setting next_dagrun for tutorial_taskflow_api to None, run_after=None
[2025-01-29T23:54:13.511+0000] {processor.py:176} INFO - Processing /home/airflow/.local/lib/python3.7/site-packages/airflow/example_dags/tutorial_taskflow_api.py took 0.182 seconds
[2025-01-29T23:54:43.707+0000] {processor.py:154} INFO - Started process (PID=2814) to work on /home/airflow/.local/lib/python3.7/site-packages/airflow/example_dags/tutorial_taskflow_api.py
[2025-01-29T23:54:43.708+0000] {processor.py:756} INFO - Processing file /home/airflow/.local/lib/python3.7/site-packages/airflow/example_dags/tutorial_taskflow_api.py for tasks to queue
[2025-01-29T23:54:43.709+0000] {logging_mixin.py:120} INFO - [2025-01-29T23:54:43.709+0000] {dagbag.py:537} INFO - Filling up the DagBag from /home/airflow/.local/lib/python3.7/site-packages/airflow/example_dags/tutorial_taskflow_api.py
[2025-01-29T23:54:43.742+0000] {processor.py:766} INFO - DAG(s) dict_keys(['tutorial_taskflow_api']) retrieved from /home/airflow/.local/lib/python3.7/site-packages/airflow/example_dags/tutorial_taskflow_api.py
[2025-01-29T23:54:43.802+0000] {logging_mixin.py:120} INFO - [2025-01-29T23:54:43.802+0000] {dag.py:2585} INFO - Sync 1 DAGs
[2025-01-29T23:54:43.832+0000] {logging_mixin.py:120} INFO - [2025-01-29T23:54:43.832+0000] {dag.py:3340} INFO - Setting next_dagrun for tutorial_taskflow_api to None, run_after=None
[2025-01-29T23:54:43.856+0000] {processor.py:176} INFO - Processing /home/airflow/.local/lib/python3.7/site-packages/airflow/example_dags/tutorial_taskflow_api.py took 0.152 seconds
[2025-01-29T23:55:14.464+0000] {processor.py:154} INFO - Started process (PID=2878) to work on /home/airflow/.local/lib/python3.7/site-packages/airflow/example_dags/tutorial_taskflow_api.py
[2025-01-29T23:55:14.465+0000] {processor.py:756} INFO - Processing file /home/airflow/.local/lib/python3.7/site-packages/airflow/example_dags/tutorial_taskflow_api.py for tasks to queue
[2025-01-29T23:55:14.466+0000] {logging_mixin.py:120} INFO - [2025-01-29T23:55:14.466+0000] {dagbag.py:537} INFO - Filling up the DagBag from /home/airflow/.local/lib/python3.7/site-packages/airflow/example_dags/tutorial_taskflow_api.py
[2025-01-29T23:55:14.488+0000] {processor.py:766} INFO - DAG(s) dict_keys(['tutorial_taskflow_api']) retrieved from /home/airflow/.local/lib/python3.7/site-packages/airflow/example_dags/tutorial_taskflow_api.py
[2025-01-29T23:55:14.551+0000] {logging_mixin.py:120} INFO - [2025-01-29T23:55:14.551+0000] {dag.py:2585} INFO - Sync 1 DAGs
[2025-01-29T23:55:14.586+0000] {logging_mixin.py:120} INFO - [2025-01-29T23:55:14.585+0000] {dag.py:3340} INFO - Setting next_dagrun for tutorial_taskflow_api to None, run_after=None
[2025-01-29T23:55:14.608+0000] {processor.py:176} INFO - Processing /home/airflow/.local/lib/python3.7/site-packages/airflow/example_dags/tutorial_taskflow_api.py took 0.146 seconds
[2025-01-29T23:55:44.800+0000] {processor.py:154} INFO - Started process (PID=2942) to work on /home/airflow/.local/lib/python3.7/site-packages/airflow/example_dags/tutorial_taskflow_api.py
[2025-01-29T23:55:44.801+0000] {processor.py:756} INFO - Processing file /home/airflow/.local/lib/python3.7/site-packages/airflow/example_dags/tutorial_taskflow_api.py for tasks to queue
[2025-01-29T23:55:44.801+0000] {logging_mixin.py:120} INFO - [2025-01-29T23:55:44.801+0000] {dagbag.py:537} INFO - Filling up the DagBag from /home/airflow/.local/lib/python3.7/site-packages/airflow/example_dags/tutorial_taskflow_api.py
[2025-01-29T23:55:44.822+0000] {processor.py:766} INFO - DAG(s) dict_keys(['tutorial_taskflow_api']) retrieved from /home/airflow/.local/lib/python3.7/site-packages/airflow/example_dags/tutorial_taskflow_api.py
[2025-01-29T23:55:44.879+0000] {logging_mixin.py:120} INFO - [2025-01-29T23:55:44.879+0000] {dag.py:2585} INFO - Sync 1 DAGs
[2025-01-29T23:55:44.912+0000] {logging_mixin.py:120} INFO - [2025-01-29T23:55:44.912+0000] {dag.py:3340} INFO - Setting next_dagrun for tutorial_taskflow_api to None, run_after=None
[2025-01-29T23:55:44.942+0000] {processor.py:176} INFO - Processing /home/airflow/.local/lib/python3.7/site-packages/airflow/example_dags/tutorial_taskflow_api.py took 0.146 seconds
[2025-01-29T23:56:15.059+0000] {processor.py:154} INFO - Started process (PID=2997) to work on /home/airflow/.local/lib/python3.7/site-packages/airflow/example_dags/tutorial_taskflow_api.py
[2025-01-29T23:56:15.060+0000] {processor.py:756} INFO - Processing file /home/airflow/.local/lib/python3.7/site-packages/airflow/example_dags/tutorial_taskflow_api.py for tasks to queue
[2025-01-29T23:56:15.060+0000] {logging_mixin.py:120} INFO - [2025-01-29T23:56:15.060+0000] {dagbag.py:537} INFO - Filling up the DagBag from /home/airflow/.local/lib/python3.7/site-packages/airflow/example_dags/tutorial_taskflow_api.py
[2025-01-29T23:56:15.078+0000] {processor.py:766} INFO - DAG(s) dict_keys(['tutorial_taskflow_api']) retrieved from /home/airflow/.local/lib/python3.7/site-packages/airflow/example_dags/tutorial_taskflow_api.py
[2025-01-29T23:56:15.131+0000] {logging_mixin.py:120} INFO - [2025-01-29T23:56:15.130+0000] {dag.py:2585} INFO - Sync 1 DAGs
[2025-01-29T23:56:15.159+0000] {logging_mixin.py:120} INFO - [2025-01-29T23:56:15.159+0000] {dag.py:3340} INFO - Setting next_dagrun for tutorial_taskflow_api to None, run_after=None
[2025-01-29T23:56:15.182+0000] {processor.py:176} INFO - Processing /home/airflow/.local/lib/python3.7/site-packages/airflow/example_dags/tutorial_taskflow_api.py took 0.126 seconds
[2025-01-29T23:56:45.498+0000] {processor.py:154} INFO - Started process (PID=3061) to work on /home/airflow/.local/lib/python3.7/site-packages/airflow/example_dags/tutorial_taskflow_api.py
[2025-01-29T23:56:45.499+0000] {processor.py:756} INFO - Processing file /home/airflow/.local/lib/python3.7/site-packages/airflow/example_dags/tutorial_taskflow_api.py for tasks to queue
[2025-01-29T23:56:45.500+0000] {logging_mixin.py:120} INFO - [2025-01-29T23:56:45.500+0000] {dagbag.py:537} INFO - Filling up the DagBag from /home/airflow/.local/lib/python3.7/site-packages/airflow/example_dags/tutorial_taskflow_api.py
[2025-01-29T23:56:45.519+0000] {processor.py:766} INFO - DAG(s) dict_keys(['tutorial_taskflow_api']) retrieved from /home/airflow/.local/lib/python3.7/site-packages/airflow/example_dags/tutorial_taskflow_api.py
[2025-01-29T23:56:45.581+0000] {logging_mixin.py:120} INFO - [2025-01-29T23:56:45.581+0000] {dag.py:2585} INFO - Sync 1 DAGs
[2025-01-29T23:56:45.615+0000] {logging_mixin.py:120} INFO - [2025-01-29T23:56:45.615+0000] {dag.py:3340} INFO - Setting next_dagrun for tutorial_taskflow_api to None, run_after=None
[2025-01-29T23:56:45.641+0000] {processor.py:176} INFO - Processing /home/airflow/.local/lib/python3.7/site-packages/airflow/example_dags/tutorial_taskflow_api.py took 0.145 seconds
[2025-01-29T23:57:15.803+0000] {processor.py:154} INFO - Started process (PID=3125) to work on /home/airflow/.local/lib/python3.7/site-packages/airflow/example_dags/tutorial_taskflow_api.py
[2025-01-29T23:57:15.804+0000] {processor.py:756} INFO - Processing file /home/airflow/.local/lib/python3.7/site-packages/airflow/example_dags/tutorial_taskflow_api.py for tasks to queue
[2025-01-29T23:57:15.805+0000] {logging_mixin.py:120} INFO - [2025-01-29T23:57:15.805+0000] {dagbag.py:537} INFO - Filling up the DagBag from /home/airflow/.local/lib/python3.7/site-packages/airflow/example_dags/tutorial_taskflow_api.py
[2025-01-29T23:57:15.824+0000] {processor.py:766} INFO - DAG(s) dict_keys(['tutorial_taskflow_api']) retrieved from /home/airflow/.local/lib/python3.7/site-packages/airflow/example_dags/tutorial_taskflow_api.py
[2025-01-29T23:57:15.877+0000] {logging_mixin.py:120} INFO - [2025-01-29T23:57:15.877+0000] {dag.py:2585} INFO - Sync 1 DAGs
[2025-01-29T23:57:15.908+0000] {logging_mixin.py:120} INFO - [2025-01-29T23:57:15.908+0000] {dag.py:3340} INFO - Setting next_dagrun for tutorial_taskflow_api to None, run_after=None
[2025-01-29T23:57:15.932+0000] {processor.py:176} INFO - Processing /home/airflow/.local/lib/python3.7/site-packages/airflow/example_dags/tutorial_taskflow_api.py took 0.132 seconds
[2025-01-29T23:57:46.228+0000] {processor.py:154} INFO - Started process (PID=3180) to work on /home/airflow/.local/lib/python3.7/site-packages/airflow/example_dags/tutorial_taskflow_api.py
[2025-01-29T23:57:46.229+0000] {processor.py:756} INFO - Processing file /home/airflow/.local/lib/python3.7/site-packages/airflow/example_dags/tutorial_taskflow_api.py for tasks to queue
[2025-01-29T23:57:46.229+0000] {logging_mixin.py:120} INFO - [2025-01-29T23:57:46.229+0000] {dagbag.py:537} INFO - Filling up the DagBag from /home/airflow/.local/lib/python3.7/site-packages/airflow/example_dags/tutorial_taskflow_api.py
[2025-01-29T23:57:46.247+0000] {processor.py:766} INFO - DAG(s) dict_keys(['tutorial_taskflow_api']) retrieved from /home/airflow/.local/lib/python3.7/site-packages/airflow/example_dags/tutorial_taskflow_api.py
[2025-01-29T23:57:46.300+0000] {logging_mixin.py:120} INFO - [2025-01-29T23:57:46.300+0000] {dag.py:2585} INFO - Sync 1 DAGs
[2025-01-29T23:57:46.332+0000] {logging_mixin.py:120} INFO - [2025-01-29T23:57:46.331+0000] {dag.py:3340} INFO - Setting next_dagrun for tutorial_taskflow_api to None, run_after=None
[2025-01-29T23:57:46.356+0000] {processor.py:176} INFO - Processing /home/airflow/.local/lib/python3.7/site-packages/airflow/example_dags/tutorial_taskflow_api.py took 0.131 seconds
[2025-01-29T23:58:17.009+0000] {processor.py:154} INFO - Started process (PID=3244) to work on /home/airflow/.local/lib/python3.7/site-packages/airflow/example_dags/tutorial_taskflow_api.py
[2025-01-29T23:58:17.010+0000] {processor.py:756} INFO - Processing file /home/airflow/.local/lib/python3.7/site-packages/airflow/example_dags/tutorial_taskflow_api.py for tasks to queue
[2025-01-29T23:58:17.011+0000] {logging_mixin.py:120} INFO - [2025-01-29T23:58:17.010+0000] {dagbag.py:537} INFO - Filling up the DagBag from /home/airflow/.local/lib/python3.7/site-packages/airflow/example_dags/tutorial_taskflow_api.py
[2025-01-29T23:58:17.030+0000] {processor.py:766} INFO - DAG(s) dict_keys(['tutorial_taskflow_api']) retrieved from /home/airflow/.local/lib/python3.7/site-packages/airflow/example_dags/tutorial_taskflow_api.py
[2025-01-29T23:58:17.083+0000] {logging_mixin.py:120} INFO - [2025-01-29T23:58:17.083+0000] {dag.py:2585} INFO - Sync 1 DAGs
[2025-01-29T23:58:17.113+0000] {logging_mixin.py:120} INFO - [2025-01-29T23:58:17.113+0000] {dag.py:3340} INFO - Setting next_dagrun for tutorial_taskflow_api to None, run_after=None
[2025-01-29T23:58:17.137+0000] {processor.py:176} INFO - Processing /home/airflow/.local/lib/python3.7/site-packages/airflow/example_dags/tutorial_taskflow_api.py took 0.131 seconds
[2025-01-29T23:58:47.293+0000] {processor.py:154} INFO - Started process (PID=3308) to work on /home/airflow/.local/lib/python3.7/site-packages/airflow/example_dags/tutorial_taskflow_api.py
[2025-01-29T23:58:47.294+0000] {processor.py:756} INFO - Processing file /home/airflow/.local/lib/python3.7/site-packages/airflow/example_dags/tutorial_taskflow_api.py for tasks to queue
[2025-01-29T23:58:47.295+0000] {logging_mixin.py:120} INFO - [2025-01-29T23:58:47.295+0000] {dagbag.py:537} INFO - Filling up the DagBag from /home/airflow/.local/lib/python3.7/site-packages/airflow/example_dags/tutorial_taskflow_api.py
[2025-01-29T23:58:47.314+0000] {processor.py:766} INFO - DAG(s) dict_keys(['tutorial_taskflow_api']) retrieved from /home/airflow/.local/lib/python3.7/site-packages/airflow/example_dags/tutorial_taskflow_api.py
[2025-01-29T23:58:47.371+0000] {logging_mixin.py:120} INFO - [2025-01-29T23:58:47.371+0000] {dag.py:2585} INFO - Sync 1 DAGs
[2025-01-29T23:58:47.406+0000] {logging_mixin.py:120} INFO - [2025-01-29T23:58:47.405+0000] {dag.py:3340} INFO - Setting next_dagrun for tutorial_taskflow_api to None, run_after=None
[2025-01-29T23:58:47.437+0000] {processor.py:176} INFO - Processing /home/airflow/.local/lib/python3.7/site-packages/airflow/example_dags/tutorial_taskflow_api.py took 0.147 seconds
[2025-01-29T23:59:17.925+0000] {processor.py:154} INFO - Started process (PID=3363) to work on /home/airflow/.local/lib/python3.7/site-packages/airflow/example_dags/tutorial_taskflow_api.py
[2025-01-29T23:59:17.926+0000] {processor.py:756} INFO - Processing file /home/airflow/.local/lib/python3.7/site-packages/airflow/example_dags/tutorial_taskflow_api.py for tasks to queue
[2025-01-29T23:59:17.927+0000] {logging_mixin.py:120} INFO - [2025-01-29T23:59:17.927+0000] {dagbag.py:537} INFO - Filling up the DagBag from /home/airflow/.local/lib/python3.7/site-packages/airflow/example_dags/tutorial_taskflow_api.py
[2025-01-29T23:59:17.946+0000] {processor.py:766} INFO - DAG(s) dict_keys(['tutorial_taskflow_api']) retrieved from /home/airflow/.local/lib/python3.7/site-packages/airflow/example_dags/tutorial_taskflow_api.py
[2025-01-29T23:59:17.999+0000] {logging_mixin.py:120} INFO - [2025-01-29T23:59:17.999+0000] {dag.py:2585} INFO - Sync 1 DAGs
[2025-01-29T23:59:18.030+0000] {logging_mixin.py:120} INFO - [2025-01-29T23:59:18.030+0000] {dag.py:3340} INFO - Setting next_dagrun for tutorial_taskflow_api to None, run_after=None
[2025-01-29T23:59:18.053+0000] {processor.py:176} INFO - Processing /home/airflow/.local/lib/python3.7/site-packages/airflow/example_dags/tutorial_taskflow_api.py took 0.130 seconds
[2025-01-29T23:59:48.541+0000] {processor.py:154} INFO - Started process (PID=3427) to work on /home/airflow/.local/lib/python3.7/site-packages/airflow/example_dags/tutorial_taskflow_api.py
[2025-01-29T23:59:48.542+0000] {processor.py:756} INFO - Processing file /home/airflow/.local/lib/python3.7/site-packages/airflow/example_dags/tutorial_taskflow_api.py for tasks to queue
[2025-01-29T23:59:48.543+0000] {logging_mixin.py:120} INFO - [2025-01-29T23:59:48.543+0000] {dagbag.py:537} INFO - Filling up the DagBag from /home/airflow/.local/lib/python3.7/site-packages/airflow/example_dags/tutorial_taskflow_api.py
[2025-01-29T23:59:48.563+0000] {processor.py:766} INFO - DAG(s) dict_keys(['tutorial_taskflow_api']) retrieved from /home/airflow/.local/lib/python3.7/site-packages/airflow/example_dags/tutorial_taskflow_api.py
[2025-01-29T23:59:48.620+0000] {logging_mixin.py:120} INFO - [2025-01-29T23:59:48.620+0000] {dag.py:2585} INFO - Sync 1 DAGs
[2025-01-29T23:59:48.650+0000] {logging_mixin.py:120} INFO - [2025-01-29T23:59:48.650+0000] {dag.py:3340} INFO - Setting next_dagrun for tutorial_taskflow_api to None, run_after=None
[2025-01-29T23:59:48.674+0000] {processor.py:176} INFO - Processing /home/airflow/.local/lib/python3.7/site-packages/airflow/example_dags/tutorial_taskflow_api.py took 0.136 seconds
