[2025-01-29T23:31:46.632+0000] {processor.py:154} INFO - Started process (PID=54) to work on /home/airflow/.local/lib/python3.7/site-packages/airflow/example_dags/tutorial.py
[2025-01-29T23:31:46.633+0000] {processor.py:756} INFO - Processing file /home/airflow/.local/lib/python3.7/site-packages/airflow/example_dags/tutorial.py for tasks to queue
[2025-01-29T23:31:46.633+0000] {logging_mixin.py:120} INFO - [2025-01-29T23:31:46.633+0000] {dagbag.py:537} INFO - Filling up the DagBag from /home/airflow/.local/lib/python3.7/site-packages/airflow/example_dags/tutorial.py
[2025-01-29T23:31:46.649+0000] {processor.py:766} INFO - DAG(s) dict_keys(['tutorial']) retrieved from /home/airflow/.local/lib/python3.7/site-packages/airflow/example_dags/tutorial.py
[2025-01-29T23:31:46.843+0000] {logging_mixin.py:120} INFO - [2025-01-29T23:31:46.843+0000] {manager.py:507} INFO - Created Permission View: can read on DAG:tutorial
[2025-01-29T23:31:46.857+0000] {logging_mixin.py:120} INFO - [2025-01-29T23:31:46.857+0000] {manager.py:507} INFO - Created Permission View: can delete on DAG:tutorial
[2025-01-29T23:31:46.867+0000] {logging_mixin.py:120} INFO - [2025-01-29T23:31:46.867+0000] {manager.py:507} INFO - Created Permission View: can edit on DAG:tutorial
[2025-01-29T23:31:46.868+0000] {logging_mixin.py:120} INFO - [2025-01-29T23:31:46.868+0000] {dag.py:2585} INFO - Sync 1 DAGs
[2025-01-29T23:31:46.895+0000] {logging_mixin.py:120} INFO - [2025-01-29T23:31:46.895+0000] {dag.py:2606} INFO - Creating ORM DAG for tutorial
[2025-01-29T23:31:46.916+0000] {logging_mixin.py:120} INFO - [2025-01-29T23:31:46.916+0000] {dag.py:3340} INFO - Setting next_dagrun for tutorial to 2025-01-28T23:31:46.916325+00:00, run_after=2025-01-29T23:31:46.916325+00:00
[2025-01-29T23:31:46.951+0000] {processor.py:176} INFO - Processing /home/airflow/.local/lib/python3.7/site-packages/airflow/example_dags/tutorial.py took 0.323 seconds
[2025-01-29T23:32:17.546+0000] {processor.py:154} INFO - Started process (PID=109) to work on /home/airflow/.local/lib/python3.7/site-packages/airflow/example_dags/tutorial.py
[2025-01-29T23:32:17.547+0000] {processor.py:756} INFO - Processing file /home/airflow/.local/lib/python3.7/site-packages/airflow/example_dags/tutorial.py for tasks to queue
[2025-01-29T23:32:17.548+0000] {logging_mixin.py:120} INFO - [2025-01-29T23:32:17.547+0000] {dagbag.py:537} INFO - Filling up the DagBag from /home/airflow/.local/lib/python3.7/site-packages/airflow/example_dags/tutorial.py
[2025-01-29T23:32:17.560+0000] {processor.py:766} INFO - DAG(s) dict_keys(['tutorial']) retrieved from /home/airflow/.local/lib/python3.7/site-packages/airflow/example_dags/tutorial.py
[2025-01-29T23:32:17.615+0000] {logging_mixin.py:120} INFO - [2025-01-29T23:32:17.615+0000] {dag.py:2585} INFO - Sync 1 DAGs
[2025-01-29T23:32:17.646+0000] {logging_mixin.py:120} INFO - [2025-01-29T23:32:17.646+0000] {dag.py:3340} INFO - Setting next_dagrun for tutorial to 2025-01-28T23:32:17.645980+00:00, run_after=2025-01-29T23:32:17.645980+00:00
[2025-01-29T23:32:17.670+0000] {processor.py:176} INFO - Processing /home/airflow/.local/lib/python3.7/site-packages/airflow/example_dags/tutorial.py took 0.127 seconds
[2025-01-29T23:32:48.463+0000] {processor.py:154} INFO - Started process (PID=174) to work on /home/airflow/.local/lib/python3.7/site-packages/airflow/example_dags/tutorial.py
[2025-01-29T23:32:48.464+0000] {processor.py:756} INFO - Processing file /home/airflow/.local/lib/python3.7/site-packages/airflow/example_dags/tutorial.py for tasks to queue
[2025-01-29T23:32:48.465+0000] {logging_mixin.py:120} INFO - [2025-01-29T23:32:48.465+0000] {dagbag.py:537} INFO - Filling up the DagBag from /home/airflow/.local/lib/python3.7/site-packages/airflow/example_dags/tutorial.py
[2025-01-29T23:32:48.483+0000] {processor.py:766} INFO - DAG(s) dict_keys(['tutorial']) retrieved from /home/airflow/.local/lib/python3.7/site-packages/airflow/example_dags/tutorial.py
[2025-01-29T23:32:48.550+0000] {logging_mixin.py:120} INFO - [2025-01-29T23:32:48.550+0000] {dag.py:2585} INFO - Sync 1 DAGs
[2025-01-29T23:32:48.584+0000] {logging_mixin.py:120} INFO - [2025-01-29T23:32:48.584+0000] {dag.py:3340} INFO - Setting next_dagrun for tutorial to 2025-01-28T23:32:48.584168+00:00, run_after=2025-01-29T23:32:48.584168+00:00
[2025-01-29T23:32:48.611+0000] {processor.py:176} INFO - Processing /home/airflow/.local/lib/python3.7/site-packages/airflow/example_dags/tutorial.py took 0.151 seconds
[2025-01-29T23:33:18.787+0000] {processor.py:154} INFO - Started process (PID=238) to work on /home/airflow/.local/lib/python3.7/site-packages/airflow/example_dags/tutorial.py
[2025-01-29T23:33:18.788+0000] {processor.py:756} INFO - Processing file /home/airflow/.local/lib/python3.7/site-packages/airflow/example_dags/tutorial.py for tasks to queue
[2025-01-29T23:33:18.789+0000] {logging_mixin.py:120} INFO - [2025-01-29T23:33:18.789+0000] {dagbag.py:537} INFO - Filling up the DagBag from /home/airflow/.local/lib/python3.7/site-packages/airflow/example_dags/tutorial.py
[2025-01-29T23:33:18.801+0000] {processor.py:766} INFO - DAG(s) dict_keys(['tutorial']) retrieved from /home/airflow/.local/lib/python3.7/site-packages/airflow/example_dags/tutorial.py
[2025-01-29T23:33:18.858+0000] {logging_mixin.py:120} INFO - [2025-01-29T23:33:18.858+0000] {dag.py:2585} INFO - Sync 1 DAGs
[2025-01-29T23:33:18.893+0000] {logging_mixin.py:120} INFO - [2025-01-29T23:33:18.893+0000] {dag.py:3340} INFO - Setting next_dagrun for tutorial to 2025-01-28T23:33:18.892734+00:00, run_after=2025-01-29T23:33:18.892734+00:00
[2025-01-29T23:33:18.924+0000] {processor.py:176} INFO - Processing /home/airflow/.local/lib/python3.7/site-packages/airflow/example_dags/tutorial.py took 0.140 seconds
[2025-01-29T23:33:49.290+0000] {processor.py:154} INFO - Started process (PID=300) to work on /home/airflow/.local/lib/python3.7/site-packages/airflow/example_dags/tutorial.py
[2025-01-29T23:33:49.291+0000] {processor.py:756} INFO - Processing file /home/airflow/.local/lib/python3.7/site-packages/airflow/example_dags/tutorial.py for tasks to queue
[2025-01-29T23:33:49.292+0000] {logging_mixin.py:120} INFO - [2025-01-29T23:33:49.292+0000] {dagbag.py:537} INFO - Filling up the DagBag from /home/airflow/.local/lib/python3.7/site-packages/airflow/example_dags/tutorial.py
[2025-01-29T23:33:49.305+0000] {processor.py:766} INFO - DAG(s) dict_keys(['tutorial']) retrieved from /home/airflow/.local/lib/python3.7/site-packages/airflow/example_dags/tutorial.py
[2025-01-29T23:33:49.361+0000] {logging_mixin.py:120} INFO - [2025-01-29T23:33:49.361+0000] {dag.py:2585} INFO - Sync 1 DAGs
[2025-01-29T23:33:49.396+0000] {logging_mixin.py:120} INFO - [2025-01-29T23:33:49.396+0000] {dag.py:3340} INFO - Setting next_dagrun for tutorial to 2025-01-28T23:33:49.396371+00:00, run_after=2025-01-29T23:33:49.396371+00:00
[2025-01-29T23:33:49.423+0000] {processor.py:176} INFO - Processing /home/airflow/.local/lib/python3.7/site-packages/airflow/example_dags/tutorial.py took 0.135 seconds
[2025-01-29T23:34:19.582+0000] {processor.py:154} INFO - Started process (PID=357) to work on /home/airflow/.local/lib/python3.7/site-packages/airflow/example_dags/tutorial.py
[2025-01-29T23:34:19.583+0000] {processor.py:756} INFO - Processing file /home/airflow/.local/lib/python3.7/site-packages/airflow/example_dags/tutorial.py for tasks to queue
[2025-01-29T23:34:19.584+0000] {logging_mixin.py:120} INFO - [2025-01-29T23:34:19.584+0000] {dagbag.py:537} INFO - Filling up the DagBag from /home/airflow/.local/lib/python3.7/site-packages/airflow/example_dags/tutorial.py
[2025-01-29T23:34:19.601+0000] {processor.py:766} INFO - DAG(s) dict_keys(['tutorial']) retrieved from /home/airflow/.local/lib/python3.7/site-packages/airflow/example_dags/tutorial.py
[2025-01-29T23:34:19.657+0000] {logging_mixin.py:120} INFO - [2025-01-29T23:34:19.657+0000] {dag.py:2585} INFO - Sync 1 DAGs
[2025-01-29T23:34:19.689+0000] {logging_mixin.py:120} INFO - [2025-01-29T23:34:19.689+0000] {dag.py:3340} INFO - Setting next_dagrun for tutorial to 2025-01-28T23:34:19.689345+00:00, run_after=2025-01-29T23:34:19.689345+00:00
[2025-01-29T23:34:19.720+0000] {processor.py:176} INFO - Processing /home/airflow/.local/lib/python3.7/site-packages/airflow/example_dags/tutorial.py took 0.141 seconds
[2025-01-29T23:34:50.148+0000] {processor.py:154} INFO - Started process (PID=420) to work on /home/airflow/.local/lib/python3.7/site-packages/airflow/example_dags/tutorial.py
[2025-01-29T23:34:50.149+0000] {processor.py:756} INFO - Processing file /home/airflow/.local/lib/python3.7/site-packages/airflow/example_dags/tutorial.py for tasks to queue
[2025-01-29T23:34:50.149+0000] {logging_mixin.py:120} INFO - [2025-01-29T23:34:50.149+0000] {dagbag.py:537} INFO - Filling up the DagBag from /home/airflow/.local/lib/python3.7/site-packages/airflow/example_dags/tutorial.py
[2025-01-29T23:34:50.163+0000] {processor.py:766} INFO - DAG(s) dict_keys(['tutorial']) retrieved from /home/airflow/.local/lib/python3.7/site-packages/airflow/example_dags/tutorial.py
[2025-01-29T23:34:50.218+0000] {logging_mixin.py:120} INFO - [2025-01-29T23:34:50.218+0000] {dag.py:2585} INFO - Sync 1 DAGs
[2025-01-29T23:34:50.252+0000] {logging_mixin.py:120} INFO - [2025-01-29T23:34:50.252+0000] {dag.py:3340} INFO - Setting next_dagrun for tutorial to 2025-01-28T23:34:50.252176+00:00, run_after=2025-01-29T23:34:50.252176+00:00
[2025-01-29T23:34:50.278+0000] {processor.py:176} INFO - Processing /home/airflow/.local/lib/python3.7/site-packages/airflow/example_dags/tutorial.py took 0.133 seconds
[2025-01-29T23:35:20.466+0000] {processor.py:154} INFO - Started process (PID=484) to work on /home/airflow/.local/lib/python3.7/site-packages/airflow/example_dags/tutorial.py
[2025-01-29T23:35:20.467+0000] {processor.py:756} INFO - Processing file /home/airflow/.local/lib/python3.7/site-packages/airflow/example_dags/tutorial.py for tasks to queue
[2025-01-29T23:35:20.467+0000] {logging_mixin.py:120} INFO - [2025-01-29T23:35:20.467+0000] {dagbag.py:537} INFO - Filling up the DagBag from /home/airflow/.local/lib/python3.7/site-packages/airflow/example_dags/tutorial.py
[2025-01-29T23:35:20.484+0000] {processor.py:766} INFO - DAG(s) dict_keys(['tutorial']) retrieved from /home/airflow/.local/lib/python3.7/site-packages/airflow/example_dags/tutorial.py
[2025-01-29T23:35:20.544+0000] {logging_mixin.py:120} INFO - [2025-01-29T23:35:20.544+0000] {dag.py:2585} INFO - Sync 1 DAGs
[2025-01-29T23:35:20.580+0000] {logging_mixin.py:120} INFO - [2025-01-29T23:35:20.580+0000] {dag.py:3340} INFO - Setting next_dagrun for tutorial to 2025-01-28T23:35:20.580396+00:00, run_after=2025-01-29T23:35:20.580396+00:00
[2025-01-29T23:35:20.606+0000] {processor.py:176} INFO - Processing /home/airflow/.local/lib/python3.7/site-packages/airflow/example_dags/tutorial.py took 0.144 seconds
[2025-01-29T23:35:51.562+0000] {processor.py:154} INFO - Started process (PID=539) to work on /home/airflow/.local/lib/python3.7/site-packages/airflow/example_dags/tutorial.py
[2025-01-29T23:35:51.564+0000] {processor.py:756} INFO - Processing file /home/airflow/.local/lib/python3.7/site-packages/airflow/example_dags/tutorial.py for tasks to queue
[2025-01-29T23:35:51.564+0000] {logging_mixin.py:120} INFO - [2025-01-29T23:35:51.564+0000] {dagbag.py:537} INFO - Filling up the DagBag from /home/airflow/.local/lib/python3.7/site-packages/airflow/example_dags/tutorial.py
[2025-01-29T23:35:51.583+0000] {processor.py:766} INFO - DAG(s) dict_keys(['tutorial']) retrieved from /home/airflow/.local/lib/python3.7/site-packages/airflow/example_dags/tutorial.py
[2025-01-29T23:35:51.630+0000] {logging_mixin.py:120} INFO - [2025-01-29T23:35:51.629+0000] {dag.py:2585} INFO - Sync 1 DAGs
[2025-01-29T23:35:51.670+0000] {logging_mixin.py:120} INFO - [2025-01-29T23:35:51.670+0000] {dag.py:3340} INFO - Setting next_dagrun for tutorial to 2025-01-28T23:35:51.668509+00:00, run_after=2025-01-29T23:35:51.668509+00:00
[2025-01-29T23:35:51.697+0000] {processor.py:176} INFO - Processing /home/airflow/.local/lib/python3.7/site-packages/airflow/example_dags/tutorial.py took 0.138 seconds
[2025-01-29T23:36:21.841+0000] {processor.py:154} INFO - Started process (PID=603) to work on /home/airflow/.local/lib/python3.7/site-packages/airflow/example_dags/tutorial.py
[2025-01-29T23:36:21.842+0000] {processor.py:756} INFO - Processing file /home/airflow/.local/lib/python3.7/site-packages/airflow/example_dags/tutorial.py for tasks to queue
[2025-01-29T23:36:21.843+0000] {logging_mixin.py:120} INFO - [2025-01-29T23:36:21.843+0000] {dagbag.py:537} INFO - Filling up the DagBag from /home/airflow/.local/lib/python3.7/site-packages/airflow/example_dags/tutorial.py
[2025-01-29T23:36:21.858+0000] {processor.py:766} INFO - DAG(s) dict_keys(['tutorial']) retrieved from /home/airflow/.local/lib/python3.7/site-packages/airflow/example_dags/tutorial.py
[2025-01-29T23:36:21.919+0000] {logging_mixin.py:120} INFO - [2025-01-29T23:36:21.919+0000] {dag.py:2585} INFO - Sync 1 DAGs
[2025-01-29T23:36:21.951+0000] {logging_mixin.py:120} INFO - [2025-01-29T23:36:21.950+0000] {dag.py:3340} INFO - Setting next_dagrun for tutorial to 2025-01-28T23:36:21.950635+00:00, run_after=2025-01-29T23:36:21.950635+00:00
[2025-01-29T23:36:21.978+0000] {processor.py:176} INFO - Processing /home/airflow/.local/lib/python3.7/site-packages/airflow/example_dags/tutorial.py took 0.139 seconds
[2025-01-29T23:36:52.332+0000] {processor.py:154} INFO - Started process (PID=667) to work on /home/airflow/.local/lib/python3.7/site-packages/airflow/example_dags/tutorial.py
[2025-01-29T23:36:52.332+0000] {processor.py:756} INFO - Processing file /home/airflow/.local/lib/python3.7/site-packages/airflow/example_dags/tutorial.py for tasks to queue
[2025-01-29T23:36:52.333+0000] {logging_mixin.py:120} INFO - [2025-01-29T23:36:52.333+0000] {dagbag.py:537} INFO - Filling up the DagBag from /home/airflow/.local/lib/python3.7/site-packages/airflow/example_dags/tutorial.py
[2025-01-29T23:36:52.346+0000] {processor.py:766} INFO - DAG(s) dict_keys(['tutorial']) retrieved from /home/airflow/.local/lib/python3.7/site-packages/airflow/example_dags/tutorial.py
[2025-01-29T23:36:52.400+0000] {logging_mixin.py:120} INFO - [2025-01-29T23:36:52.400+0000] {dag.py:2585} INFO - Sync 1 DAGs
[2025-01-29T23:36:52.432+0000] {logging_mixin.py:120} INFO - [2025-01-29T23:36:52.432+0000] {dag.py:3340} INFO - Setting next_dagrun for tutorial to 2025-01-28T23:36:52.432336+00:00, run_after=2025-01-29T23:36:52.432336+00:00
[2025-01-29T23:36:52.456+0000] {processor.py:176} INFO - Processing /home/airflow/.local/lib/python3.7/site-packages/airflow/example_dags/tutorial.py took 0.127 seconds
[2025-01-29T23:37:23.120+0000] {processor.py:154} INFO - Started process (PID=722) to work on /home/airflow/.local/lib/python3.7/site-packages/airflow/example_dags/tutorial.py
[2025-01-29T23:37:23.121+0000] {processor.py:756} INFO - Processing file /home/airflow/.local/lib/python3.7/site-packages/airflow/example_dags/tutorial.py for tasks to queue
[2025-01-29T23:37:23.122+0000] {logging_mixin.py:120} INFO - [2025-01-29T23:37:23.122+0000] {dagbag.py:537} INFO - Filling up the DagBag from /home/airflow/.local/lib/python3.7/site-packages/airflow/example_dags/tutorial.py
[2025-01-29T23:37:23.139+0000] {processor.py:766} INFO - DAG(s) dict_keys(['tutorial']) retrieved from /home/airflow/.local/lib/python3.7/site-packages/airflow/example_dags/tutorial.py
[2025-01-29T23:37:23.195+0000] {logging_mixin.py:120} INFO - [2025-01-29T23:37:23.194+0000] {dag.py:2585} INFO - Sync 1 DAGs
[2025-01-29T23:37:23.227+0000] {logging_mixin.py:120} INFO - [2025-01-29T23:37:23.227+0000] {dag.py:3340} INFO - Setting next_dagrun for tutorial to 2025-01-28T23:37:23.226892+00:00, run_after=2025-01-29T23:37:23.226892+00:00
[2025-01-29T23:37:23.249+0000] {processor.py:176} INFO - Processing /home/airflow/.local/lib/python3.7/site-packages/airflow/example_dags/tutorial.py took 0.131 seconds
[2025-01-29T23:37:53.312+0000] {processor.py:154} INFO - Started process (PID=786) to work on /home/airflow/.local/lib/python3.7/site-packages/airflow/example_dags/tutorial.py
[2025-01-29T23:37:53.313+0000] {processor.py:756} INFO - Processing file /home/airflow/.local/lib/python3.7/site-packages/airflow/example_dags/tutorial.py for tasks to queue
[2025-01-29T23:37:53.314+0000] {logging_mixin.py:120} INFO - [2025-01-29T23:37:53.314+0000] {dagbag.py:537} INFO - Filling up the DagBag from /home/airflow/.local/lib/python3.7/site-packages/airflow/example_dags/tutorial.py
[2025-01-29T23:37:53.327+0000] {processor.py:766} INFO - DAG(s) dict_keys(['tutorial']) retrieved from /home/airflow/.local/lib/python3.7/site-packages/airflow/example_dags/tutorial.py
[2025-01-29T23:37:53.392+0000] {logging_mixin.py:120} INFO - [2025-01-29T23:37:53.392+0000] {dag.py:2585} INFO - Sync 1 DAGs
[2025-01-29T23:37:53.426+0000] {logging_mixin.py:120} INFO - [2025-01-29T23:37:53.426+0000] {dag.py:3340} INFO - Setting next_dagrun for tutorial to 2025-01-28T23:37:53.426524+00:00, run_after=2025-01-29T23:37:53.426524+00:00
[2025-01-29T23:37:53.451+0000] {processor.py:176} INFO - Processing /home/airflow/.local/lib/python3.7/site-packages/airflow/example_dags/tutorial.py took 0.141 seconds
[2025-01-29T23:38:24.113+0000] {processor.py:154} INFO - Started process (PID=850) to work on /home/airflow/.local/lib/python3.7/site-packages/airflow/example_dags/tutorial.py
[2025-01-29T23:38:24.114+0000] {processor.py:756} INFO - Processing file /home/airflow/.local/lib/python3.7/site-packages/airflow/example_dags/tutorial.py for tasks to queue
[2025-01-29T23:38:24.115+0000] {logging_mixin.py:120} INFO - [2025-01-29T23:38:24.115+0000] {dagbag.py:537} INFO - Filling up the DagBag from /home/airflow/.local/lib/python3.7/site-packages/airflow/example_dags/tutorial.py
[2025-01-29T23:38:24.128+0000] {processor.py:766} INFO - DAG(s) dict_keys(['tutorial']) retrieved from /home/airflow/.local/lib/python3.7/site-packages/airflow/example_dags/tutorial.py
[2025-01-29T23:38:24.185+0000] {logging_mixin.py:120} INFO - [2025-01-29T23:38:24.184+0000] {dag.py:2585} INFO - Sync 1 DAGs
[2025-01-29T23:38:24.218+0000] {logging_mixin.py:120} INFO - [2025-01-29T23:38:24.218+0000] {dag.py:3340} INFO - Setting next_dagrun for tutorial to 2025-01-28T23:38:24.217776+00:00, run_after=2025-01-29T23:38:24.217776+00:00
[2025-01-29T23:38:24.241+0000] {processor.py:176} INFO - Processing /home/airflow/.local/lib/python3.7/site-packages/airflow/example_dags/tutorial.py took 0.130 seconds
[2025-01-29T23:38:54.410+0000] {processor.py:154} INFO - Started process (PID=905) to work on /home/airflow/.local/lib/python3.7/site-packages/airflow/example_dags/tutorial.py
[2025-01-29T23:38:54.411+0000] {processor.py:756} INFO - Processing file /home/airflow/.local/lib/python3.7/site-packages/airflow/example_dags/tutorial.py for tasks to queue
[2025-01-29T23:38:54.412+0000] {logging_mixin.py:120} INFO - [2025-01-29T23:38:54.411+0000] {dagbag.py:537} INFO - Filling up the DagBag from /home/airflow/.local/lib/python3.7/site-packages/airflow/example_dags/tutorial.py
[2025-01-29T23:38:54.424+0000] {processor.py:766} INFO - DAG(s) dict_keys(['tutorial']) retrieved from /home/airflow/.local/lib/python3.7/site-packages/airflow/example_dags/tutorial.py
[2025-01-29T23:38:54.475+0000] {logging_mixin.py:120} INFO - [2025-01-29T23:38:54.475+0000] {dag.py:2585} INFO - Sync 1 DAGs
[2025-01-29T23:38:54.510+0000] {logging_mixin.py:120} INFO - [2025-01-29T23:38:54.510+0000] {dag.py:3340} INFO - Setting next_dagrun for tutorial to 2025-01-28T23:38:54.510517+00:00, run_after=2025-01-29T23:38:54.510517+00:00
[2025-01-29T23:38:54.536+0000] {processor.py:176} INFO - Processing /home/airflow/.local/lib/python3.7/site-packages/airflow/example_dags/tutorial.py took 0.129 seconds
[2025-01-29T23:39:25.105+0000] {processor.py:154} INFO - Started process (PID=969) to work on /home/airflow/.local/lib/python3.7/site-packages/airflow/example_dags/tutorial.py
[2025-01-29T23:39:25.105+0000] {processor.py:756} INFO - Processing file /home/airflow/.local/lib/python3.7/site-packages/airflow/example_dags/tutorial.py for tasks to queue
[2025-01-29T23:39:25.106+0000] {logging_mixin.py:120} INFO - [2025-01-29T23:39:25.106+0000] {dagbag.py:537} INFO - Filling up the DagBag from /home/airflow/.local/lib/python3.7/site-packages/airflow/example_dags/tutorial.py
[2025-01-29T23:39:25.119+0000] {processor.py:766} INFO - DAG(s) dict_keys(['tutorial']) retrieved from /home/airflow/.local/lib/python3.7/site-packages/airflow/example_dags/tutorial.py
[2025-01-29T23:39:25.176+0000] {logging_mixin.py:120} INFO - [2025-01-29T23:39:25.175+0000] {dag.py:2585} INFO - Sync 1 DAGs
[2025-01-29T23:39:25.212+0000] {logging_mixin.py:120} INFO - [2025-01-29T23:39:25.211+0000] {dag.py:3340} INFO - Setting next_dagrun for tutorial to 2025-01-28T23:39:25.211526+00:00, run_after=2025-01-29T23:39:25.211526+00:00
[2025-01-29T23:39:25.243+0000] {processor.py:176} INFO - Processing /home/airflow/.local/lib/python3.7/site-packages/airflow/example_dags/tutorial.py took 0.141 seconds
[2025-01-29T23:39:55.868+0000] {processor.py:154} INFO - Started process (PID=1033) to work on /home/airflow/.local/lib/python3.7/site-packages/airflow/example_dags/tutorial.py
[2025-01-29T23:39:55.869+0000] {processor.py:756} INFO - Processing file /home/airflow/.local/lib/python3.7/site-packages/airflow/example_dags/tutorial.py for tasks to queue
[2025-01-29T23:39:55.870+0000] {logging_mixin.py:120} INFO - [2025-01-29T23:39:55.870+0000] {dagbag.py:537} INFO - Filling up the DagBag from /home/airflow/.local/lib/python3.7/site-packages/airflow/example_dags/tutorial.py
[2025-01-29T23:39:55.883+0000] {processor.py:766} INFO - DAG(s) dict_keys(['tutorial']) retrieved from /home/airflow/.local/lib/python3.7/site-packages/airflow/example_dags/tutorial.py
[2025-01-29T23:39:55.969+0000] {logging_mixin.py:120} INFO - [2025-01-29T23:39:55.968+0000] {dag.py:2585} INFO - Sync 1 DAGs
[2025-01-29T23:39:56.002+0000] {logging_mixin.py:120} INFO - [2025-01-29T23:39:56.002+0000] {dag.py:3340} INFO - Setting next_dagrun for tutorial to 2025-01-28T23:39:56.001890+00:00, run_after=2025-01-29T23:39:56.001890+00:00
[2025-01-29T23:39:56.024+0000] {processor.py:176} INFO - Processing /home/airflow/.local/lib/python3.7/site-packages/airflow/example_dags/tutorial.py took 0.158 seconds
[2025-01-29T23:40:26.246+0000] {processor.py:154} INFO - Started process (PID=1097) to work on /home/airflow/.local/lib/python3.7/site-packages/airflow/example_dags/tutorial.py
[2025-01-29T23:40:26.247+0000] {processor.py:756} INFO - Processing file /home/airflow/.local/lib/python3.7/site-packages/airflow/example_dags/tutorial.py for tasks to queue
[2025-01-29T23:40:26.247+0000] {logging_mixin.py:120} INFO - [2025-01-29T23:40:26.247+0000] {dagbag.py:537} INFO - Filling up the DagBag from /home/airflow/.local/lib/python3.7/site-packages/airflow/example_dags/tutorial.py
[2025-01-29T23:40:26.261+0000] {processor.py:766} INFO - DAG(s) dict_keys(['tutorial']) retrieved from /home/airflow/.local/lib/python3.7/site-packages/airflow/example_dags/tutorial.py
[2025-01-29T23:40:26.327+0000] {logging_mixin.py:120} INFO - [2025-01-29T23:40:26.327+0000] {dag.py:2585} INFO - Sync 1 DAGs
[2025-01-29T23:40:26.362+0000] {logging_mixin.py:120} INFO - [2025-01-29T23:40:26.362+0000] {dag.py:3340} INFO - Setting next_dagrun for tutorial to 2025-01-28T23:40:26.361966+00:00, run_after=2025-01-29T23:40:26.361966+00:00
[2025-01-29T23:40:26.387+0000] {processor.py:176} INFO - Processing /home/airflow/.local/lib/python3.7/site-packages/airflow/example_dags/tutorial.py took 0.144 seconds
[2025-01-29T23:40:56.642+0000] {processor.py:154} INFO - Started process (PID=1152) to work on /home/airflow/.local/lib/python3.7/site-packages/airflow/example_dags/tutorial.py
[2025-01-29T23:40:56.643+0000] {processor.py:756} INFO - Processing file /home/airflow/.local/lib/python3.7/site-packages/airflow/example_dags/tutorial.py for tasks to queue
[2025-01-29T23:40:56.643+0000] {logging_mixin.py:120} INFO - [2025-01-29T23:40:56.643+0000] {dagbag.py:537} INFO - Filling up the DagBag from /home/airflow/.local/lib/python3.7/site-packages/airflow/example_dags/tutorial.py
[2025-01-29T23:40:56.656+0000] {processor.py:766} INFO - DAG(s) dict_keys(['tutorial']) retrieved from /home/airflow/.local/lib/python3.7/site-packages/airflow/example_dags/tutorial.py
[2025-01-29T23:40:56.709+0000] {logging_mixin.py:120} INFO - [2025-01-29T23:40:56.708+0000] {dag.py:2585} INFO - Sync 1 DAGs
[2025-01-29T23:40:56.740+0000] {logging_mixin.py:120} INFO - [2025-01-29T23:40:56.740+0000] {dag.py:3340} INFO - Setting next_dagrun for tutorial to 2025-01-28T23:40:56.739874+00:00, run_after=2025-01-29T23:40:56.739874+00:00
[2025-01-29T23:40:56.763+0000] {processor.py:176} INFO - Processing /home/airflow/.local/lib/python3.7/site-packages/airflow/example_dags/tutorial.py took 0.123 seconds
[2025-01-29T23:41:27.303+0000] {processor.py:154} INFO - Started process (PID=1216) to work on /home/airflow/.local/lib/python3.7/site-packages/airflow/example_dags/tutorial.py
[2025-01-29T23:41:27.304+0000] {processor.py:756} INFO - Processing file /home/airflow/.local/lib/python3.7/site-packages/airflow/example_dags/tutorial.py for tasks to queue
[2025-01-29T23:41:27.305+0000] {logging_mixin.py:120} INFO - [2025-01-29T23:41:27.305+0000] {dagbag.py:537} INFO - Filling up the DagBag from /home/airflow/.local/lib/python3.7/site-packages/airflow/example_dags/tutorial.py
[2025-01-29T23:41:27.318+0000] {processor.py:766} INFO - DAG(s) dict_keys(['tutorial']) retrieved from /home/airflow/.local/lib/python3.7/site-packages/airflow/example_dags/tutorial.py
[2025-01-29T23:41:27.374+0000] {logging_mixin.py:120} INFO - [2025-01-29T23:41:27.374+0000] {dag.py:2585} INFO - Sync 1 DAGs
[2025-01-29T23:41:27.407+0000] {logging_mixin.py:120} INFO - [2025-01-29T23:41:27.406+0000] {dag.py:3340} INFO - Setting next_dagrun for tutorial to 2025-01-28T23:41:27.406513+00:00, run_after=2025-01-29T23:41:27.406513+00:00
[2025-01-29T23:41:27.429+0000] {processor.py:176} INFO - Processing /home/airflow/.local/lib/python3.7/site-packages/airflow/example_dags/tutorial.py took 0.129 seconds
[2025-01-29T23:41:58.039+0000] {processor.py:154} INFO - Started process (PID=1281) to work on /home/airflow/.local/lib/python3.7/site-packages/airflow/example_dags/tutorial.py
[2025-01-29T23:41:58.040+0000] {processor.py:756} INFO - Processing file /home/airflow/.local/lib/python3.7/site-packages/airflow/example_dags/tutorial.py for tasks to queue
[2025-01-29T23:41:58.041+0000] {logging_mixin.py:120} INFO - [2025-01-29T23:41:58.041+0000] {dagbag.py:537} INFO - Filling up the DagBag from /home/airflow/.local/lib/python3.7/site-packages/airflow/example_dags/tutorial.py
[2025-01-29T23:41:58.055+0000] {processor.py:766} INFO - DAG(s) dict_keys(['tutorial']) retrieved from /home/airflow/.local/lib/python3.7/site-packages/airflow/example_dags/tutorial.py
[2025-01-29T23:41:58.117+0000] {logging_mixin.py:120} INFO - [2025-01-29T23:41:58.117+0000] {dag.py:2585} INFO - Sync 1 DAGs
[2025-01-29T23:41:58.154+0000] {logging_mixin.py:120} INFO - [2025-01-29T23:41:58.154+0000] {dag.py:3340} INFO - Setting next_dagrun for tutorial to 2025-01-28T23:41:58.153913+00:00, run_after=2025-01-29T23:41:58.153913+00:00
[2025-01-29T23:41:58.177+0000] {processor.py:176} INFO - Processing /home/airflow/.local/lib/python3.7/site-packages/airflow/example_dags/tutorial.py took 0.141 seconds
[2025-01-29T23:42:28.921+0000] {processor.py:154} INFO - Started process (PID=1336) to work on /home/airflow/.local/lib/python3.7/site-packages/airflow/example_dags/tutorial.py
[2025-01-29T23:42:28.922+0000] {processor.py:756} INFO - Processing file /home/airflow/.local/lib/python3.7/site-packages/airflow/example_dags/tutorial.py for tasks to queue
[2025-01-29T23:42:28.924+0000] {logging_mixin.py:120} INFO - [2025-01-29T23:42:28.923+0000] {dagbag.py:537} INFO - Filling up the DagBag from /home/airflow/.local/lib/python3.7/site-packages/airflow/example_dags/tutorial.py
[2025-01-29T23:42:28.940+0000] {processor.py:766} INFO - DAG(s) dict_keys(['tutorial']) retrieved from /home/airflow/.local/lib/python3.7/site-packages/airflow/example_dags/tutorial.py
[2025-01-29T23:42:29.004+0000] {logging_mixin.py:120} INFO - [2025-01-29T23:42:29.004+0000] {dag.py:2585} INFO - Sync 1 DAGs
[2025-01-29T23:42:29.042+0000] {logging_mixin.py:120} INFO - [2025-01-29T23:42:29.042+0000] {dag.py:3340} INFO - Setting next_dagrun for tutorial to 2025-01-28T23:42:29.041804+00:00, run_after=2025-01-29T23:42:29.041804+00:00
[2025-01-29T23:42:29.072+0000] {processor.py:176} INFO - Processing /home/airflow/.local/lib/python3.7/site-packages/airflow/example_dags/tutorial.py took 0.154 seconds
[2025-01-29T23:42:59.775+0000] {processor.py:154} INFO - Started process (PID=1401) to work on /home/airflow/.local/lib/python3.7/site-packages/airflow/example_dags/tutorial.py
[2025-01-29T23:42:59.776+0000] {processor.py:756} INFO - Processing file /home/airflow/.local/lib/python3.7/site-packages/airflow/example_dags/tutorial.py for tasks to queue
[2025-01-29T23:42:59.777+0000] {logging_mixin.py:120} INFO - [2025-01-29T23:42:59.777+0000] {dagbag.py:537} INFO - Filling up the DagBag from /home/airflow/.local/lib/python3.7/site-packages/airflow/example_dags/tutorial.py
[2025-01-29T23:42:59.790+0000] {processor.py:766} INFO - DAG(s) dict_keys(['tutorial']) retrieved from /home/airflow/.local/lib/python3.7/site-packages/airflow/example_dags/tutorial.py
[2025-01-29T23:42:59.844+0000] {logging_mixin.py:120} INFO - [2025-01-29T23:42:59.844+0000] {dag.py:2585} INFO - Sync 1 DAGs
[2025-01-29T23:42:59.878+0000] {logging_mixin.py:120} INFO - [2025-01-29T23:42:59.878+0000] {dag.py:3340} INFO - Setting next_dagrun for tutorial to 2025-01-28T23:42:59.877916+00:00, run_after=2025-01-29T23:42:59.877916+00:00
[2025-01-29T23:42:59.900+0000] {processor.py:176} INFO - Processing /home/airflow/.local/lib/python3.7/site-packages/airflow/example_dags/tutorial.py took 0.127 seconds
[2025-01-29T23:43:30.415+0000] {processor.py:154} INFO - Started process (PID=1465) to work on /home/airflow/.local/lib/python3.7/site-packages/airflow/example_dags/tutorial.py
[2025-01-29T23:43:30.416+0000] {processor.py:756} INFO - Processing file /home/airflow/.local/lib/python3.7/site-packages/airflow/example_dags/tutorial.py for tasks to queue
[2025-01-29T23:43:30.416+0000] {logging_mixin.py:120} INFO - [2025-01-29T23:43:30.416+0000] {dagbag.py:537} INFO - Filling up the DagBag from /home/airflow/.local/lib/python3.7/site-packages/airflow/example_dags/tutorial.py
[2025-01-29T23:43:30.428+0000] {processor.py:766} INFO - DAG(s) dict_keys(['tutorial']) retrieved from /home/airflow/.local/lib/python3.7/site-packages/airflow/example_dags/tutorial.py
[2025-01-29T23:43:30.482+0000] {logging_mixin.py:120} INFO - [2025-01-29T23:43:30.482+0000] {dag.py:2585} INFO - Sync 1 DAGs
[2025-01-29T23:43:30.513+0000] {logging_mixin.py:120} INFO - [2025-01-29T23:43:30.513+0000] {dag.py:3340} INFO - Setting next_dagrun for tutorial to 2025-01-28T23:43:30.513225+00:00, run_after=2025-01-29T23:43:30.513225+00:00
[2025-01-29T23:43:30.539+0000] {processor.py:176} INFO - Processing /home/airflow/.local/lib/python3.7/site-packages/airflow/example_dags/tutorial.py took 0.127 seconds
[2025-01-29T23:44:01.096+0000] {processor.py:154} INFO - Started process (PID=1529) to work on /home/airflow/.local/lib/python3.7/site-packages/airflow/example_dags/tutorial.py
[2025-01-29T23:44:01.097+0000] {processor.py:756} INFO - Processing file /home/airflow/.local/lib/python3.7/site-packages/airflow/example_dags/tutorial.py for tasks to queue
[2025-01-29T23:44:01.098+0000] {logging_mixin.py:120} INFO - [2025-01-29T23:44:01.098+0000] {dagbag.py:537} INFO - Filling up the DagBag from /home/airflow/.local/lib/python3.7/site-packages/airflow/example_dags/tutorial.py
[2025-01-29T23:44:01.111+0000] {processor.py:766} INFO - DAG(s) dict_keys(['tutorial']) retrieved from /home/airflow/.local/lib/python3.7/site-packages/airflow/example_dags/tutorial.py
[2025-01-29T23:44:01.172+0000] {logging_mixin.py:120} INFO - [2025-01-29T23:44:01.172+0000] {dag.py:2585} INFO - Sync 1 DAGs
[2025-01-29T23:44:01.211+0000] {logging_mixin.py:120} INFO - [2025-01-29T23:44:01.211+0000] {dag.py:3340} INFO - Setting next_dagrun for tutorial to 2025-01-28T23:44:01.211238+00:00, run_after=2025-01-29T23:44:01.211238+00:00
[2025-01-29T23:44:01.236+0000] {processor.py:176} INFO - Processing /home/airflow/.local/lib/python3.7/site-packages/airflow/example_dags/tutorial.py took 0.142 seconds
[2025-01-29T23:44:31.690+0000] {processor.py:154} INFO - Started process (PID=1584) to work on /home/airflow/.local/lib/python3.7/site-packages/airflow/example_dags/tutorial.py
[2025-01-29T23:44:31.691+0000] {processor.py:756} INFO - Processing file /home/airflow/.local/lib/python3.7/site-packages/airflow/example_dags/tutorial.py for tasks to queue
[2025-01-29T23:44:31.691+0000] {logging_mixin.py:120} INFO - [2025-01-29T23:44:31.691+0000] {dagbag.py:537} INFO - Filling up the DagBag from /home/airflow/.local/lib/python3.7/site-packages/airflow/example_dags/tutorial.py
[2025-01-29T23:44:31.704+0000] {processor.py:766} INFO - DAG(s) dict_keys(['tutorial']) retrieved from /home/airflow/.local/lib/python3.7/site-packages/airflow/example_dags/tutorial.py
[2025-01-29T23:44:31.765+0000] {logging_mixin.py:120} INFO - [2025-01-29T23:44:31.765+0000] {dag.py:2585} INFO - Sync 1 DAGs
[2025-01-29T23:44:31.803+0000] {logging_mixin.py:120} INFO - [2025-01-29T23:44:31.803+0000] {dag.py:3340} INFO - Setting next_dagrun for tutorial to 2025-01-28T23:44:31.802725+00:00, run_after=2025-01-29T23:44:31.802725+00:00
[2025-01-29T23:44:31.832+0000] {processor.py:176} INFO - Processing /home/airflow/.local/lib/python3.7/site-packages/airflow/example_dags/tutorial.py took 0.145 seconds
[2025-01-29T23:45:02.239+0000] {processor.py:154} INFO - Started process (PID=1648) to work on /home/airflow/.local/lib/python3.7/site-packages/airflow/example_dags/tutorial.py
[2025-01-29T23:45:02.240+0000] {processor.py:756} INFO - Processing file /home/airflow/.local/lib/python3.7/site-packages/airflow/example_dags/tutorial.py for tasks to queue
[2025-01-29T23:45:02.240+0000] {logging_mixin.py:120} INFO - [2025-01-29T23:45:02.240+0000] {dagbag.py:537} INFO - Filling up the DagBag from /home/airflow/.local/lib/python3.7/site-packages/airflow/example_dags/tutorial.py
[2025-01-29T23:45:02.253+0000] {processor.py:766} INFO - DAG(s) dict_keys(['tutorial']) retrieved from /home/airflow/.local/lib/python3.7/site-packages/airflow/example_dags/tutorial.py
[2025-01-29T23:45:02.306+0000] {logging_mixin.py:120} INFO - [2025-01-29T23:45:02.306+0000] {dag.py:2585} INFO - Sync 1 DAGs
[2025-01-29T23:45:02.338+0000] {logging_mixin.py:120} INFO - [2025-01-29T23:45:02.338+0000] {dag.py:3340} INFO - Setting next_dagrun for tutorial to 2025-01-28T23:45:02.337962+00:00, run_after=2025-01-29T23:45:02.337962+00:00
[2025-01-29T23:45:02.361+0000] {processor.py:176} INFO - Processing /home/airflow/.local/lib/python3.7/site-packages/airflow/example_dags/tutorial.py took 0.125 seconds
[2025-01-29T23:45:32.896+0000] {processor.py:154} INFO - Started process (PID=1712) to work on /home/airflow/.local/lib/python3.7/site-packages/airflow/example_dags/tutorial.py
[2025-01-29T23:45:32.897+0000] {processor.py:756} INFO - Processing file /home/airflow/.local/lib/python3.7/site-packages/airflow/example_dags/tutorial.py for tasks to queue
[2025-01-29T23:45:32.898+0000] {logging_mixin.py:120} INFO - [2025-01-29T23:45:32.897+0000] {dagbag.py:537} INFO - Filling up the DagBag from /home/airflow/.local/lib/python3.7/site-packages/airflow/example_dags/tutorial.py
[2025-01-29T23:45:32.910+0000] {processor.py:766} INFO - DAG(s) dict_keys(['tutorial']) retrieved from /home/airflow/.local/lib/python3.7/site-packages/airflow/example_dags/tutorial.py
[2025-01-29T23:45:32.965+0000] {logging_mixin.py:120} INFO - [2025-01-29T23:45:32.965+0000] {dag.py:2585} INFO - Sync 1 DAGs
[2025-01-29T23:45:32.996+0000] {logging_mixin.py:120} INFO - [2025-01-29T23:45:32.996+0000] {dag.py:3340} INFO - Setting next_dagrun for tutorial to 2025-01-28T23:45:32.996477+00:00, run_after=2025-01-29T23:45:32.996477+00:00
[2025-01-29T23:45:33.019+0000] {processor.py:176} INFO - Processing /home/airflow/.local/lib/python3.7/site-packages/airflow/example_dags/tutorial.py took 0.125 seconds
[2025-01-29T23:46:03.432+0000] {processor.py:154} INFO - Started process (PID=1767) to work on /home/airflow/.local/lib/python3.7/site-packages/airflow/example_dags/tutorial.py
[2025-01-29T23:46:03.433+0000] {processor.py:756} INFO - Processing file /home/airflow/.local/lib/python3.7/site-packages/airflow/example_dags/tutorial.py for tasks to queue
[2025-01-29T23:46:03.434+0000] {logging_mixin.py:120} INFO - [2025-01-29T23:46:03.434+0000] {dagbag.py:537} INFO - Filling up the DagBag from /home/airflow/.local/lib/python3.7/site-packages/airflow/example_dags/tutorial.py
[2025-01-29T23:46:03.449+0000] {processor.py:766} INFO - DAG(s) dict_keys(['tutorial']) retrieved from /home/airflow/.local/lib/python3.7/site-packages/airflow/example_dags/tutorial.py
[2025-01-29T23:46:03.507+0000] {logging_mixin.py:120} INFO - [2025-01-29T23:46:03.507+0000] {dag.py:2585} INFO - Sync 1 DAGs
[2025-01-29T23:46:03.542+0000] {logging_mixin.py:120} INFO - [2025-01-29T23:46:03.542+0000] {dag.py:3340} INFO - Setting next_dagrun for tutorial to 2025-01-28T23:46:03.541748+00:00, run_after=2025-01-29T23:46:03.541748+00:00
[2025-01-29T23:46:03.565+0000] {processor.py:176} INFO - Processing /home/airflow/.local/lib/python3.7/site-packages/airflow/example_dags/tutorial.py took 0.135 seconds
[2025-01-29T23:46:33.961+0000] {processor.py:154} INFO - Started process (PID=1831) to work on /home/airflow/.local/lib/python3.7/site-packages/airflow/example_dags/tutorial.py
[2025-01-29T23:46:33.962+0000] {processor.py:756} INFO - Processing file /home/airflow/.local/lib/python3.7/site-packages/airflow/example_dags/tutorial.py for tasks to queue
[2025-01-29T23:46:33.963+0000] {logging_mixin.py:120} INFO - [2025-01-29T23:46:33.963+0000] {dagbag.py:537} INFO - Filling up the DagBag from /home/airflow/.local/lib/python3.7/site-packages/airflow/example_dags/tutorial.py
[2025-01-29T23:46:33.975+0000] {processor.py:766} INFO - DAG(s) dict_keys(['tutorial']) retrieved from /home/airflow/.local/lib/python3.7/site-packages/airflow/example_dags/tutorial.py
[2025-01-29T23:46:34.029+0000] {logging_mixin.py:120} INFO - [2025-01-29T23:46:34.029+0000] {dag.py:2585} INFO - Sync 1 DAGs
[2025-01-29T23:46:34.059+0000] {logging_mixin.py:120} INFO - [2025-01-29T23:46:34.059+0000] {dag.py:3340} INFO - Setting next_dagrun for tutorial to 2025-01-28T23:46:34.059214+00:00, run_after=2025-01-29T23:46:34.059214+00:00
[2025-01-29T23:46:34.082+0000] {processor.py:176} INFO - Processing /home/airflow/.local/lib/python3.7/site-packages/airflow/example_dags/tutorial.py took 0.123 seconds
[2025-01-29T23:47:04.502+0000] {processor.py:154} INFO - Started process (PID=1895) to work on /home/airflow/.local/lib/python3.7/site-packages/airflow/example_dags/tutorial.py
[2025-01-29T23:47:04.503+0000] {processor.py:756} INFO - Processing file /home/airflow/.local/lib/python3.7/site-packages/airflow/example_dags/tutorial.py for tasks to queue
[2025-01-29T23:47:04.504+0000] {logging_mixin.py:120} INFO - [2025-01-29T23:47:04.504+0000] {dagbag.py:537} INFO - Filling up the DagBag from /home/airflow/.local/lib/python3.7/site-packages/airflow/example_dags/tutorial.py
[2025-01-29T23:47:04.519+0000] {processor.py:766} INFO - DAG(s) dict_keys(['tutorial']) retrieved from /home/airflow/.local/lib/python3.7/site-packages/airflow/example_dags/tutorial.py
[2025-01-29T23:47:04.574+0000] {logging_mixin.py:120} INFO - [2025-01-29T23:47:04.574+0000] {dag.py:2585} INFO - Sync 1 DAGs
[2025-01-29T23:47:04.607+0000] {logging_mixin.py:120} INFO - [2025-01-29T23:47:04.606+0000] {dag.py:3340} INFO - Setting next_dagrun for tutorial to 2025-01-28T23:47:04.606676+00:00, run_after=2025-01-29T23:47:04.606676+00:00
[2025-01-29T23:47:04.628+0000] {processor.py:176} INFO - Processing /home/airflow/.local/lib/python3.7/site-packages/airflow/example_dags/tutorial.py took 0.129 seconds
[2025-01-29T23:47:35.025+0000] {processor.py:154} INFO - Started process (PID=1950) to work on /home/airflow/.local/lib/python3.7/site-packages/airflow/example_dags/tutorial.py
[2025-01-29T23:47:35.026+0000] {processor.py:756} INFO - Processing file /home/airflow/.local/lib/python3.7/site-packages/airflow/example_dags/tutorial.py for tasks to queue
[2025-01-29T23:47:35.026+0000] {logging_mixin.py:120} INFO - [2025-01-29T23:47:35.026+0000] {dagbag.py:537} INFO - Filling up the DagBag from /home/airflow/.local/lib/python3.7/site-packages/airflow/example_dags/tutorial.py
[2025-01-29T23:47:35.038+0000] {processor.py:766} INFO - DAG(s) dict_keys(['tutorial']) retrieved from /home/airflow/.local/lib/python3.7/site-packages/airflow/example_dags/tutorial.py
[2025-01-29T23:47:35.089+0000] {logging_mixin.py:120} INFO - [2025-01-29T23:47:35.089+0000] {dag.py:2585} INFO - Sync 1 DAGs
[2025-01-29T23:47:35.119+0000] {logging_mixin.py:120} INFO - [2025-01-29T23:47:35.119+0000] {dag.py:3340} INFO - Setting next_dagrun for tutorial to 2025-01-28T23:47:35.119010+00:00, run_after=2025-01-29T23:47:35.119010+00:00
[2025-01-29T23:47:35.145+0000] {processor.py:176} INFO - Processing /home/airflow/.local/lib/python3.7/site-packages/airflow/example_dags/tutorial.py took 0.123 seconds
[2025-01-29T23:48:05.647+0000] {processor.py:154} INFO - Started process (PID=2014) to work on /home/airflow/.local/lib/python3.7/site-packages/airflow/example_dags/tutorial.py
[2025-01-29T23:48:05.648+0000] {processor.py:756} INFO - Processing file /home/airflow/.local/lib/python3.7/site-packages/airflow/example_dags/tutorial.py for tasks to queue
[2025-01-29T23:48:05.649+0000] {logging_mixin.py:120} INFO - [2025-01-29T23:48:05.649+0000] {dagbag.py:537} INFO - Filling up the DagBag from /home/airflow/.local/lib/python3.7/site-packages/airflow/example_dags/tutorial.py
[2025-01-29T23:48:05.662+0000] {processor.py:766} INFO - DAG(s) dict_keys(['tutorial']) retrieved from /home/airflow/.local/lib/python3.7/site-packages/airflow/example_dags/tutorial.py
[2025-01-29T23:48:05.715+0000] {logging_mixin.py:120} INFO - [2025-01-29T23:48:05.715+0000] {dag.py:2585} INFO - Sync 1 DAGs
[2025-01-29T23:48:05.744+0000] {logging_mixin.py:120} INFO - [2025-01-29T23:48:05.744+0000] {dag.py:3340} INFO - Setting next_dagrun for tutorial to 2025-01-28T23:48:05.744535+00:00, run_after=2025-01-29T23:48:05.744535+00:00
[2025-01-29T23:48:05.768+0000] {processor.py:176} INFO - Processing /home/airflow/.local/lib/python3.7/site-packages/airflow/example_dags/tutorial.py took 0.123 seconds
[2025-01-29T23:48:36.497+0000] {processor.py:154} INFO - Started process (PID=2078) to work on /home/airflow/.local/lib/python3.7/site-packages/airflow/example_dags/tutorial.py
[2025-01-29T23:48:36.498+0000] {processor.py:756} INFO - Processing file /home/airflow/.local/lib/python3.7/site-packages/airflow/example_dags/tutorial.py for tasks to queue
[2025-01-29T23:48:36.499+0000] {logging_mixin.py:120} INFO - [2025-01-29T23:48:36.499+0000] {dagbag.py:537} INFO - Filling up the DagBag from /home/airflow/.local/lib/python3.7/site-packages/airflow/example_dags/tutorial.py
[2025-01-29T23:48:36.513+0000] {processor.py:766} INFO - DAG(s) dict_keys(['tutorial']) retrieved from /home/airflow/.local/lib/python3.7/site-packages/airflow/example_dags/tutorial.py
[2025-01-29T23:48:36.572+0000] {logging_mixin.py:120} INFO - [2025-01-29T23:48:36.572+0000] {dag.py:2585} INFO - Sync 1 DAGs
[2025-01-29T23:48:36.608+0000] {logging_mixin.py:120} INFO - [2025-01-29T23:48:36.608+0000] {dag.py:3340} INFO - Setting next_dagrun for tutorial to 2025-01-28T23:48:36.607891+00:00, run_after=2025-01-29T23:48:36.607891+00:00
[2025-01-29T23:48:36.638+0000] {processor.py:176} INFO - Processing /home/airflow/.local/lib/python3.7/site-packages/airflow/example_dags/tutorial.py took 0.144 seconds
[2025-01-29T23:49:07.318+0000] {processor.py:154} INFO - Started process (PID=2142) to work on /home/airflow/.local/lib/python3.7/site-packages/airflow/example_dags/tutorial.py
[2025-01-29T23:49:07.319+0000] {processor.py:756} INFO - Processing file /home/airflow/.local/lib/python3.7/site-packages/airflow/example_dags/tutorial.py for tasks to queue
[2025-01-29T23:49:07.320+0000] {logging_mixin.py:120} INFO - [2025-01-29T23:49:07.319+0000] {dagbag.py:537} INFO - Filling up the DagBag from /home/airflow/.local/lib/python3.7/site-packages/airflow/example_dags/tutorial.py
[2025-01-29T23:49:07.333+0000] {processor.py:766} INFO - DAG(s) dict_keys(['tutorial']) retrieved from /home/airflow/.local/lib/python3.7/site-packages/airflow/example_dags/tutorial.py
[2025-01-29T23:49:07.389+0000] {logging_mixin.py:120} INFO - [2025-01-29T23:49:07.389+0000] {dag.py:2585} INFO - Sync 1 DAGs
[2025-01-29T23:49:07.422+0000] {logging_mixin.py:120} INFO - [2025-01-29T23:49:07.421+0000] {dag.py:3340} INFO - Setting next_dagrun for tutorial to 2025-01-28T23:49:07.421707+00:00, run_after=2025-01-29T23:49:07.421707+00:00
[2025-01-29T23:49:07.446+0000] {processor.py:176} INFO - Processing /home/airflow/.local/lib/python3.7/site-packages/airflow/example_dags/tutorial.py took 0.131 seconds
[2025-01-29T23:49:37.616+0000] {processor.py:154} INFO - Started process (PID=2197) to work on /home/airflow/.local/lib/python3.7/site-packages/airflow/example_dags/tutorial.py
[2025-01-29T23:49:37.618+0000] {processor.py:756} INFO - Processing file /home/airflow/.local/lib/python3.7/site-packages/airflow/example_dags/tutorial.py for tasks to queue
[2025-01-29T23:49:37.619+0000] {logging_mixin.py:120} INFO - [2025-01-29T23:49:37.618+0000] {dagbag.py:537} INFO - Filling up the DagBag from /home/airflow/.local/lib/python3.7/site-packages/airflow/example_dags/tutorial.py
[2025-01-29T23:49:37.636+0000] {processor.py:766} INFO - DAG(s) dict_keys(['tutorial']) retrieved from /home/airflow/.local/lib/python3.7/site-packages/airflow/example_dags/tutorial.py
[2025-01-29T23:49:37.689+0000] {logging_mixin.py:120} INFO - [2025-01-29T23:49:37.689+0000] {dag.py:2585} INFO - Sync 1 DAGs
[2025-01-29T23:49:37.721+0000] {logging_mixin.py:120} INFO - [2025-01-29T23:49:37.721+0000] {dag.py:3340} INFO - Setting next_dagrun for tutorial to 2025-01-28T23:49:37.721347+00:00, run_after=2025-01-29T23:49:37.721347+00:00
[2025-01-29T23:49:37.745+0000] {processor.py:176} INFO - Processing /home/airflow/.local/lib/python3.7/site-packages/airflow/example_dags/tutorial.py took 0.132 seconds
[2025-01-29T23:50:07.870+0000] {processor.py:154} INFO - Started process (PID=2261) to work on /home/airflow/.local/lib/python3.7/site-packages/airflow/example_dags/tutorial.py
[2025-01-29T23:50:07.871+0000] {processor.py:756} INFO - Processing file /home/airflow/.local/lib/python3.7/site-packages/airflow/example_dags/tutorial.py for tasks to queue
[2025-01-29T23:50:07.872+0000] {logging_mixin.py:120} INFO - [2025-01-29T23:50:07.872+0000] {dagbag.py:537} INFO - Filling up the DagBag from /home/airflow/.local/lib/python3.7/site-packages/airflow/example_dags/tutorial.py
[2025-01-29T23:50:07.885+0000] {processor.py:766} INFO - DAG(s) dict_keys(['tutorial']) retrieved from /home/airflow/.local/lib/python3.7/site-packages/airflow/example_dags/tutorial.py
[2025-01-29T23:50:07.940+0000] {logging_mixin.py:120} INFO - [2025-01-29T23:50:07.939+0000] {dag.py:2585} INFO - Sync 1 DAGs
[2025-01-29T23:50:07.971+0000] {logging_mixin.py:120} INFO - [2025-01-29T23:50:07.971+0000] {dag.py:3340} INFO - Setting next_dagrun for tutorial to 2025-01-28T23:50:07.970793+00:00, run_after=2025-01-29T23:50:07.970793+00:00
[2025-01-29T23:50:07.993+0000] {processor.py:176} INFO - Processing /home/airflow/.local/lib/python3.7/site-packages/airflow/example_dags/tutorial.py took 0.125 seconds
[2025-01-29T23:50:38.404+0000] {processor.py:154} INFO - Started process (PID=2325) to work on /home/airflow/.local/lib/python3.7/site-packages/airflow/example_dags/tutorial.py
[2025-01-29T23:50:38.406+0000] {processor.py:756} INFO - Processing file /home/airflow/.local/lib/python3.7/site-packages/airflow/example_dags/tutorial.py for tasks to queue
[2025-01-29T23:50:38.407+0000] {logging_mixin.py:120} INFO - [2025-01-29T23:50:38.406+0000] {dagbag.py:537} INFO - Filling up the DagBag from /home/airflow/.local/lib/python3.7/site-packages/airflow/example_dags/tutorial.py
[2025-01-29T23:50:38.419+0000] {processor.py:766} INFO - DAG(s) dict_keys(['tutorial']) retrieved from /home/airflow/.local/lib/python3.7/site-packages/airflow/example_dags/tutorial.py
[2025-01-29T23:50:38.473+0000] {logging_mixin.py:120} INFO - [2025-01-29T23:50:38.472+0000] {dag.py:2585} INFO - Sync 1 DAGs
[2025-01-29T23:50:38.504+0000] {logging_mixin.py:120} INFO - [2025-01-29T23:50:38.503+0000] {dag.py:3340} INFO - Setting next_dagrun for tutorial to 2025-01-28T23:50:38.503624+00:00, run_after=2025-01-29T23:50:38.503624+00:00
[2025-01-29T23:50:38.526+0000] {processor.py:176} INFO - Processing /home/airflow/.local/lib/python3.7/site-packages/airflow/example_dags/tutorial.py took 0.124 seconds
[2025-01-29T23:51:08.880+0000] {processor.py:154} INFO - Started process (PID=2381) to work on /home/airflow/.local/lib/python3.7/site-packages/airflow/example_dags/tutorial.py
[2025-01-29T23:51:08.881+0000] {processor.py:756} INFO - Processing file /home/airflow/.local/lib/python3.7/site-packages/airflow/example_dags/tutorial.py for tasks to queue
[2025-01-29T23:51:08.882+0000] {logging_mixin.py:120} INFO - [2025-01-29T23:51:08.881+0000] {dagbag.py:537} INFO - Filling up the DagBag from /home/airflow/.local/lib/python3.7/site-packages/airflow/example_dags/tutorial.py
[2025-01-29T23:51:08.894+0000] {processor.py:766} INFO - DAG(s) dict_keys(['tutorial']) retrieved from /home/airflow/.local/lib/python3.7/site-packages/airflow/example_dags/tutorial.py
[2025-01-29T23:51:08.948+0000] {logging_mixin.py:120} INFO - [2025-01-29T23:51:08.948+0000] {dag.py:2585} INFO - Sync 1 DAGs
[2025-01-29T23:51:08.981+0000] {logging_mixin.py:120} INFO - [2025-01-29T23:51:08.981+0000] {dag.py:3340} INFO - Setting next_dagrun for tutorial to 2025-01-28T23:51:08.980955+00:00, run_after=2025-01-29T23:51:08.980955+00:00
[2025-01-29T23:51:09.011+0000] {processor.py:176} INFO - Processing /home/airflow/.local/lib/python3.7/site-packages/airflow/example_dags/tutorial.py took 0.134 seconds
[2025-01-29T23:51:39.690+0000] {processor.py:154} INFO - Started process (PID=2445) to work on /home/airflow/.local/lib/python3.7/site-packages/airflow/example_dags/tutorial.py
[2025-01-29T23:51:39.691+0000] {processor.py:756} INFO - Processing file /home/airflow/.local/lib/python3.7/site-packages/airflow/example_dags/tutorial.py for tasks to queue
[2025-01-29T23:51:39.692+0000] {logging_mixin.py:120} INFO - [2025-01-29T23:51:39.691+0000] {dagbag.py:537} INFO - Filling up the DagBag from /home/airflow/.local/lib/python3.7/site-packages/airflow/example_dags/tutorial.py
[2025-01-29T23:51:39.705+0000] {processor.py:766} INFO - DAG(s) dict_keys(['tutorial']) retrieved from /home/airflow/.local/lib/python3.7/site-packages/airflow/example_dags/tutorial.py
[2025-01-29T23:51:39.772+0000] {logging_mixin.py:120} INFO - [2025-01-29T23:51:39.772+0000] {dag.py:2585} INFO - Sync 1 DAGs
[2025-01-29T23:51:39.814+0000] {logging_mixin.py:120} INFO - [2025-01-29T23:51:39.814+0000] {dag.py:3340} INFO - Setting next_dagrun for tutorial to 2025-01-28T23:51:39.813599+00:00, run_after=2025-01-29T23:51:39.813599+00:00
[2025-01-29T23:51:39.842+0000] {processor.py:176} INFO - Processing /home/airflow/.local/lib/python3.7/site-packages/airflow/example_dags/tutorial.py took 0.154 seconds
[2025-01-29T23:52:10.347+0000] {processor.py:154} INFO - Started process (PID=2509) to work on /home/airflow/.local/lib/python3.7/site-packages/airflow/example_dags/tutorial.py
[2025-01-29T23:52:10.348+0000] {processor.py:756} INFO - Processing file /home/airflow/.local/lib/python3.7/site-packages/airflow/example_dags/tutorial.py for tasks to queue
[2025-01-29T23:52:10.349+0000] {logging_mixin.py:120} INFO - [2025-01-29T23:52:10.349+0000] {dagbag.py:537} INFO - Filling up the DagBag from /home/airflow/.local/lib/python3.7/site-packages/airflow/example_dags/tutorial.py
[2025-01-29T23:52:10.362+0000] {processor.py:766} INFO - DAG(s) dict_keys(['tutorial']) retrieved from /home/airflow/.local/lib/python3.7/site-packages/airflow/example_dags/tutorial.py
[2025-01-29T23:52:10.419+0000] {logging_mixin.py:120} INFO - [2025-01-29T23:52:10.419+0000] {dag.py:2585} INFO - Sync 1 DAGs
[2025-01-29T23:52:10.470+0000] {logging_mixin.py:120} INFO - [2025-01-29T23:52:10.470+0000] {dag.py:3340} INFO - Setting next_dagrun for tutorial to 2025-01-28T23:52:10.469830+00:00, run_after=2025-01-29T23:52:10.469830+00:00
[2025-01-29T23:52:10.504+0000] {processor.py:176} INFO - Processing /home/airflow/.local/lib/python3.7/site-packages/airflow/example_dags/tutorial.py took 0.159 seconds
[2025-01-29T23:52:40.821+0000] {processor.py:154} INFO - Started process (PID=2564) to work on /home/airflow/.local/lib/python3.7/site-packages/airflow/example_dags/tutorial.py
[2025-01-29T23:52:40.821+0000] {processor.py:756} INFO - Processing file /home/airflow/.local/lib/python3.7/site-packages/airflow/example_dags/tutorial.py for tasks to queue
[2025-01-29T23:52:40.822+0000] {logging_mixin.py:120} INFO - [2025-01-29T23:52:40.822+0000] {dagbag.py:537} INFO - Filling up the DagBag from /home/airflow/.local/lib/python3.7/site-packages/airflow/example_dags/tutorial.py
[2025-01-29T23:52:40.835+0000] {processor.py:766} INFO - DAG(s) dict_keys(['tutorial']) retrieved from /home/airflow/.local/lib/python3.7/site-packages/airflow/example_dags/tutorial.py
[2025-01-29T23:52:40.892+0000] {logging_mixin.py:120} INFO - [2025-01-29T23:52:40.892+0000] {dag.py:2585} INFO - Sync 1 DAGs
[2025-01-29T23:52:40.923+0000] {logging_mixin.py:120} INFO - [2025-01-29T23:52:40.923+0000] {dag.py:3340} INFO - Setting next_dagrun for tutorial to 2025-01-28T23:52:40.923059+00:00, run_after=2025-01-29T23:52:40.923059+00:00
[2025-01-29T23:52:40.947+0000] {processor.py:176} INFO - Processing /home/airflow/.local/lib/python3.7/site-packages/airflow/example_dags/tutorial.py took 0.129 seconds
[2025-01-29T23:53:11.455+0000] {processor.py:154} INFO - Started process (PID=2628) to work on /home/airflow/.local/lib/python3.7/site-packages/airflow/example_dags/tutorial.py
[2025-01-29T23:53:11.456+0000] {processor.py:756} INFO - Processing file /home/airflow/.local/lib/python3.7/site-packages/airflow/example_dags/tutorial.py for tasks to queue
[2025-01-29T23:53:11.457+0000] {logging_mixin.py:120} INFO - [2025-01-29T23:53:11.456+0000] {dagbag.py:537} INFO - Filling up the DagBag from /home/airflow/.local/lib/python3.7/site-packages/airflow/example_dags/tutorial.py
[2025-01-29T23:53:11.469+0000] {processor.py:766} INFO - DAG(s) dict_keys(['tutorial']) retrieved from /home/airflow/.local/lib/python3.7/site-packages/airflow/example_dags/tutorial.py
[2025-01-29T23:53:11.522+0000] {logging_mixin.py:120} INFO - [2025-01-29T23:53:11.521+0000] {dag.py:2585} INFO - Sync 1 DAGs
[2025-01-29T23:53:11.553+0000] {logging_mixin.py:120} INFO - [2025-01-29T23:53:11.553+0000] {dag.py:3340} INFO - Setting next_dagrun for tutorial to 2025-01-28T23:53:11.553068+00:00, run_after=2025-01-29T23:53:11.553068+00:00
[2025-01-29T23:53:11.576+0000] {processor.py:176} INFO - Processing /home/airflow/.local/lib/python3.7/site-packages/airflow/example_dags/tutorial.py took 0.124 seconds
[2025-01-29T23:53:42.698+0000] {processor.py:154} INFO - Started process (PID=2692) to work on /home/airflow/.local/lib/python3.7/site-packages/airflow/example_dags/tutorial.py
[2025-01-29T23:53:42.699+0000] {processor.py:756} INFO - Processing file /home/airflow/.local/lib/python3.7/site-packages/airflow/example_dags/tutorial.py for tasks to queue
[2025-01-29T23:53:42.699+0000] {logging_mixin.py:120} INFO - [2025-01-29T23:53:42.699+0000] {dagbag.py:537} INFO - Filling up the DagBag from /home/airflow/.local/lib/python3.7/site-packages/airflow/example_dags/tutorial.py
[2025-01-29T23:53:42.712+0000] {processor.py:766} INFO - DAG(s) dict_keys(['tutorial']) retrieved from /home/airflow/.local/lib/python3.7/site-packages/airflow/example_dags/tutorial.py
[2025-01-29T23:53:42.765+0000] {logging_mixin.py:120} INFO - [2025-01-29T23:53:42.765+0000] {dag.py:2585} INFO - Sync 1 DAGs
[2025-01-29T23:53:42.797+0000] {logging_mixin.py:120} INFO - [2025-01-29T23:53:42.796+0000] {dag.py:3340} INFO - Setting next_dagrun for tutorial to 2025-01-28T23:53:42.796508+00:00, run_after=2025-01-29T23:53:42.796508+00:00
[2025-01-29T23:53:42.826+0000] {processor.py:176} INFO - Processing /home/airflow/.local/lib/python3.7/site-packages/airflow/example_dags/tutorial.py took 0.130 seconds
[2025-01-29T23:54:13.112+0000] {processor.py:154} INFO - Started process (PID=2756) to work on /home/airflow/.local/lib/python3.7/site-packages/airflow/example_dags/tutorial.py
[2025-01-29T23:54:13.113+0000] {processor.py:756} INFO - Processing file /home/airflow/.local/lib/python3.7/site-packages/airflow/example_dags/tutorial.py for tasks to queue
[2025-01-29T23:54:13.114+0000] {logging_mixin.py:120} INFO - [2025-01-29T23:54:13.114+0000] {dagbag.py:537} INFO - Filling up the DagBag from /home/airflow/.local/lib/python3.7/site-packages/airflow/example_dags/tutorial.py
[2025-01-29T23:54:13.129+0000] {processor.py:766} INFO - DAG(s) dict_keys(['tutorial']) retrieved from /home/airflow/.local/lib/python3.7/site-packages/airflow/example_dags/tutorial.py
[2025-01-29T23:54:13.196+0000] {logging_mixin.py:120} INFO - [2025-01-29T23:54:13.196+0000] {dag.py:2585} INFO - Sync 1 DAGs
[2025-01-29T23:54:13.243+0000] {logging_mixin.py:120} INFO - [2025-01-29T23:54:13.242+0000] {dag.py:3340} INFO - Setting next_dagrun for tutorial to 2025-01-28T23:54:13.242294+00:00, run_after=2025-01-29T23:54:13.242294+00:00
[2025-01-29T23:54:13.269+0000] {processor.py:176} INFO - Processing /home/airflow/.local/lib/python3.7/site-packages/airflow/example_dags/tutorial.py took 0.161 seconds
[2025-01-29T23:54:43.480+0000] {processor.py:154} INFO - Started process (PID=2811) to work on /home/airflow/.local/lib/python3.7/site-packages/airflow/example_dags/tutorial.py
[2025-01-29T23:54:43.481+0000] {processor.py:756} INFO - Processing file /home/airflow/.local/lib/python3.7/site-packages/airflow/example_dags/tutorial.py for tasks to queue
[2025-01-29T23:54:43.482+0000] {logging_mixin.py:120} INFO - [2025-01-29T23:54:43.481+0000] {dagbag.py:537} INFO - Filling up the DagBag from /home/airflow/.local/lib/python3.7/site-packages/airflow/example_dags/tutorial.py
[2025-01-29T23:54:43.495+0000] {processor.py:766} INFO - DAG(s) dict_keys(['tutorial']) retrieved from /home/airflow/.local/lib/python3.7/site-packages/airflow/example_dags/tutorial.py
[2025-01-29T23:54:43.549+0000] {logging_mixin.py:120} INFO - [2025-01-29T23:54:43.549+0000] {dag.py:2585} INFO - Sync 1 DAGs
[2025-01-29T23:54:43.581+0000] {logging_mixin.py:120} INFO - [2025-01-29T23:54:43.580+0000] {dag.py:3340} INFO - Setting next_dagrun for tutorial to 2025-01-28T23:54:43.580624+00:00, run_after=2025-01-29T23:54:43.580624+00:00
[2025-01-29T23:54:43.604+0000] {processor.py:176} INFO - Processing /home/airflow/.local/lib/python3.7/site-packages/airflow/example_dags/tutorial.py took 0.127 seconds
[2025-01-29T23:55:14.275+0000] {processor.py:154} INFO - Started process (PID=2875) to work on /home/airflow/.local/lib/python3.7/site-packages/airflow/example_dags/tutorial.py
[2025-01-29T23:55:14.276+0000] {processor.py:756} INFO - Processing file /home/airflow/.local/lib/python3.7/site-packages/airflow/example_dags/tutorial.py for tasks to queue
[2025-01-29T23:55:14.277+0000] {logging_mixin.py:120} INFO - [2025-01-29T23:55:14.277+0000] {dagbag.py:537} INFO - Filling up the DagBag from /home/airflow/.local/lib/python3.7/site-packages/airflow/example_dags/tutorial.py
[2025-01-29T23:55:14.293+0000] {processor.py:766} INFO - DAG(s) dict_keys(['tutorial']) retrieved from /home/airflow/.local/lib/python3.7/site-packages/airflow/example_dags/tutorial.py
[2025-01-29T23:55:14.344+0000] {logging_mixin.py:120} INFO - [2025-01-29T23:55:14.344+0000] {dag.py:2585} INFO - Sync 1 DAGs
[2025-01-29T23:55:14.376+0000] {logging_mixin.py:120} INFO - [2025-01-29T23:55:14.375+0000] {dag.py:3340} INFO - Setting next_dagrun for tutorial to 2025-01-28T23:55:14.375757+00:00, run_after=2025-01-29T23:55:14.375757+00:00
[2025-01-29T23:55:14.398+0000] {processor.py:176} INFO - Processing /home/airflow/.local/lib/python3.7/site-packages/airflow/example_dags/tutorial.py took 0.126 seconds
[2025-01-29T23:55:44.599+0000] {processor.py:154} INFO - Started process (PID=2939) to work on /home/airflow/.local/lib/python3.7/site-packages/airflow/example_dags/tutorial.py
[2025-01-29T23:55:44.600+0000] {processor.py:756} INFO - Processing file /home/airflow/.local/lib/python3.7/site-packages/airflow/example_dags/tutorial.py for tasks to queue
[2025-01-29T23:55:44.601+0000] {logging_mixin.py:120} INFO - [2025-01-29T23:55:44.601+0000] {dagbag.py:537} INFO - Filling up the DagBag from /home/airflow/.local/lib/python3.7/site-packages/airflow/example_dags/tutorial.py
[2025-01-29T23:55:44.616+0000] {processor.py:766} INFO - DAG(s) dict_keys(['tutorial']) retrieved from /home/airflow/.local/lib/python3.7/site-packages/airflow/example_dags/tutorial.py
[2025-01-29T23:55:44.676+0000] {logging_mixin.py:120} INFO - [2025-01-29T23:55:44.675+0000] {dag.py:2585} INFO - Sync 1 DAGs
[2025-01-29T23:55:44.712+0000] {logging_mixin.py:120} INFO - [2025-01-29T23:55:44.712+0000] {dag.py:3340} INFO - Setting next_dagrun for tutorial to 2025-01-28T23:55:44.711931+00:00, run_after=2025-01-29T23:55:44.711931+00:00
[2025-01-29T23:55:44.742+0000] {processor.py:176} INFO - Processing /home/airflow/.local/lib/python3.7/site-packages/airflow/example_dags/tutorial.py took 0.146 seconds
[2025-01-29T23:56:14.877+0000] {processor.py:154} INFO - Started process (PID=2994) to work on /home/airflow/.local/lib/python3.7/site-packages/airflow/example_dags/tutorial.py
[2025-01-29T23:56:14.878+0000] {processor.py:756} INFO - Processing file /home/airflow/.local/lib/python3.7/site-packages/airflow/example_dags/tutorial.py for tasks to queue
[2025-01-29T23:56:14.879+0000] {logging_mixin.py:120} INFO - [2025-01-29T23:56:14.879+0000] {dagbag.py:537} INFO - Filling up the DagBag from /home/airflow/.local/lib/python3.7/site-packages/airflow/example_dags/tutorial.py
[2025-01-29T23:56:14.892+0000] {processor.py:766} INFO - DAG(s) dict_keys(['tutorial']) retrieved from /home/airflow/.local/lib/python3.7/site-packages/airflow/example_dags/tutorial.py
[2025-01-29T23:56:14.950+0000] {logging_mixin.py:120} INFO - [2025-01-29T23:56:14.949+0000] {dag.py:2585} INFO - Sync 1 DAGs
[2025-01-29T23:56:14.981+0000] {logging_mixin.py:120} INFO - [2025-01-29T23:56:14.980+0000] {dag.py:3340} INFO - Setting next_dagrun for tutorial to 2025-01-28T23:56:14.980588+00:00, run_after=2025-01-29T23:56:14.980588+00:00
[2025-01-29T23:56:15.002+0000] {processor.py:176} INFO - Processing /home/airflow/.local/lib/python3.7/site-packages/airflow/example_dags/tutorial.py took 0.129 seconds
[2025-01-29T23:56:45.164+0000] {processor.py:154} INFO - Started process (PID=3058) to work on /home/airflow/.local/lib/python3.7/site-packages/airflow/example_dags/tutorial.py
[2025-01-29T23:56:45.165+0000] {processor.py:756} INFO - Processing file /home/airflow/.local/lib/python3.7/site-packages/airflow/example_dags/tutorial.py for tasks to queue
[2025-01-29T23:56:45.166+0000] {logging_mixin.py:120} INFO - [2025-01-29T23:56:45.166+0000] {dagbag.py:537} INFO - Filling up the DagBag from /home/airflow/.local/lib/python3.7/site-packages/airflow/example_dags/tutorial.py
[2025-01-29T23:56:45.179+0000] {processor.py:766} INFO - DAG(s) dict_keys(['tutorial']) retrieved from /home/airflow/.local/lib/python3.7/site-packages/airflow/example_dags/tutorial.py
[2025-01-29T23:56:45.236+0000] {logging_mixin.py:120} INFO - [2025-01-29T23:56:45.236+0000] {dag.py:2585} INFO - Sync 1 DAGs
[2025-01-29T23:56:45.273+0000] {logging_mixin.py:120} INFO - [2025-01-29T23:56:45.272+0000] {dag.py:3340} INFO - Setting next_dagrun for tutorial to 2025-01-28T23:56:45.272712+00:00, run_after=2025-01-29T23:56:45.272712+00:00
[2025-01-29T23:56:45.300+0000] {processor.py:176} INFO - Processing /home/airflow/.local/lib/python3.7/site-packages/airflow/example_dags/tutorial.py took 0.138 seconds
[2025-01-29T23:57:15.466+0000] {processor.py:154} INFO - Started process (PID=3122) to work on /home/airflow/.local/lib/python3.7/site-packages/airflow/example_dags/tutorial.py
[2025-01-29T23:57:15.467+0000] {processor.py:756} INFO - Processing file /home/airflow/.local/lib/python3.7/site-packages/airflow/example_dags/tutorial.py for tasks to queue
[2025-01-29T23:57:15.468+0000] {logging_mixin.py:120} INFO - [2025-01-29T23:57:15.468+0000] {dagbag.py:537} INFO - Filling up the DagBag from /home/airflow/.local/lib/python3.7/site-packages/airflow/example_dags/tutorial.py
[2025-01-29T23:57:15.481+0000] {processor.py:766} INFO - DAG(s) dict_keys(['tutorial']) retrieved from /home/airflow/.local/lib/python3.7/site-packages/airflow/example_dags/tutorial.py
[2025-01-29T23:57:15.535+0000] {logging_mixin.py:120} INFO - [2025-01-29T23:57:15.535+0000] {dag.py:2585} INFO - Sync 1 DAGs
[2025-01-29T23:57:15.568+0000] {logging_mixin.py:120} INFO - [2025-01-29T23:57:15.568+0000] {dag.py:3340} INFO - Setting next_dagrun for tutorial to 2025-01-28T23:57:15.568427+00:00, run_after=2025-01-29T23:57:15.568427+00:00
[2025-01-29T23:57:15.591+0000] {processor.py:176} INFO - Processing /home/airflow/.local/lib/python3.7/site-packages/airflow/example_dags/tutorial.py took 0.128 seconds
[2025-01-29T23:57:46.068+0000] {processor.py:154} INFO - Started process (PID=3177) to work on /home/airflow/.local/lib/python3.7/site-packages/airflow/example_dags/tutorial.py
[2025-01-29T23:57:46.068+0000] {processor.py:756} INFO - Processing file /home/airflow/.local/lib/python3.7/site-packages/airflow/example_dags/tutorial.py for tasks to queue
[2025-01-29T23:57:46.069+0000] {logging_mixin.py:120} INFO - [2025-01-29T23:57:46.069+0000] {dagbag.py:537} INFO - Filling up the DagBag from /home/airflow/.local/lib/python3.7/site-packages/airflow/example_dags/tutorial.py
[2025-01-29T23:57:46.087+0000] {processor.py:766} INFO - DAG(s) dict_keys(['tutorial']) retrieved from /home/airflow/.local/lib/python3.7/site-packages/airflow/example_dags/tutorial.py
[2025-01-29T23:57:46.140+0000] {logging_mixin.py:120} INFO - [2025-01-29T23:57:46.140+0000] {dag.py:2585} INFO - Sync 1 DAGs
[2025-01-29T23:57:46.171+0000] {logging_mixin.py:120} INFO - [2025-01-29T23:57:46.171+0000] {dag.py:3340} INFO - Setting next_dagrun for tutorial to 2025-01-28T23:57:46.171101+00:00, run_after=2025-01-29T23:57:46.171101+00:00
[2025-01-29T23:57:46.194+0000] {processor.py:176} INFO - Processing /home/airflow/.local/lib/python3.7/site-packages/airflow/example_dags/tutorial.py took 0.129 seconds
[2025-01-29T23:58:16.806+0000] {processor.py:154} INFO - Started process (PID=3241) to work on /home/airflow/.local/lib/python3.7/site-packages/airflow/example_dags/tutorial.py
[2025-01-29T23:58:16.807+0000] {processor.py:756} INFO - Processing file /home/airflow/.local/lib/python3.7/site-packages/airflow/example_dags/tutorial.py for tasks to queue
[2025-01-29T23:58:16.807+0000] {logging_mixin.py:120} INFO - [2025-01-29T23:58:16.807+0000] {dagbag.py:537} INFO - Filling up the DagBag from /home/airflow/.local/lib/python3.7/site-packages/airflow/example_dags/tutorial.py
[2025-01-29T23:58:16.821+0000] {processor.py:766} INFO - DAG(s) dict_keys(['tutorial']) retrieved from /home/airflow/.local/lib/python3.7/site-packages/airflow/example_dags/tutorial.py
[2025-01-29T23:58:16.882+0000] {logging_mixin.py:120} INFO - [2025-01-29T23:58:16.881+0000] {dag.py:2585} INFO - Sync 1 DAGs
[2025-01-29T23:58:16.919+0000] {logging_mixin.py:120} INFO - [2025-01-29T23:58:16.919+0000] {dag.py:3340} INFO - Setting next_dagrun for tutorial to 2025-01-28T23:58:16.919300+00:00, run_after=2025-01-29T23:58:16.919300+00:00
[2025-01-29T23:58:16.948+0000] {processor.py:176} INFO - Processing /home/airflow/.local/lib/python3.7/site-packages/airflow/example_dags/tutorial.py took 0.145 seconds
[2025-01-29T23:58:47.117+0000] {processor.py:154} INFO - Started process (PID=3305) to work on /home/airflow/.local/lib/python3.7/site-packages/airflow/example_dags/tutorial.py
[2025-01-29T23:58:47.118+0000] {processor.py:756} INFO - Processing file /home/airflow/.local/lib/python3.7/site-packages/airflow/example_dags/tutorial.py for tasks to queue
[2025-01-29T23:58:47.119+0000] {logging_mixin.py:120} INFO - [2025-01-29T23:58:47.119+0000] {dagbag.py:537} INFO - Filling up the DagBag from /home/airflow/.local/lib/python3.7/site-packages/airflow/example_dags/tutorial.py
[2025-01-29T23:58:47.132+0000] {processor.py:766} INFO - DAG(s) dict_keys(['tutorial']) retrieved from /home/airflow/.local/lib/python3.7/site-packages/airflow/example_dags/tutorial.py
[2025-01-29T23:58:47.187+0000] {logging_mixin.py:120} INFO - [2025-01-29T23:58:47.187+0000] {dag.py:2585} INFO - Sync 1 DAGs
[2025-01-29T23:58:47.218+0000] {logging_mixin.py:120} INFO - [2025-01-29T23:58:47.218+0000] {dag.py:3340} INFO - Setting next_dagrun for tutorial to 2025-01-28T23:58:47.218506+00:00, run_after=2025-01-29T23:58:47.218506+00:00
[2025-01-29T23:58:47.242+0000] {processor.py:176} INFO - Processing /home/airflow/.local/lib/python3.7/site-packages/airflow/example_dags/tutorial.py took 0.127 seconds
[2025-01-29T23:59:17.762+0000] {processor.py:154} INFO - Started process (PID=3360) to work on /home/airflow/.local/lib/python3.7/site-packages/airflow/example_dags/tutorial.py
[2025-01-29T23:59:17.763+0000] {processor.py:756} INFO - Processing file /home/airflow/.local/lib/python3.7/site-packages/airflow/example_dags/tutorial.py for tasks to queue
[2025-01-29T23:59:17.764+0000] {logging_mixin.py:120} INFO - [2025-01-29T23:59:17.763+0000] {dagbag.py:537} INFO - Filling up the DagBag from /home/airflow/.local/lib/python3.7/site-packages/airflow/example_dags/tutorial.py
[2025-01-29T23:59:17.777+0000] {processor.py:766} INFO - DAG(s) dict_keys(['tutorial']) retrieved from /home/airflow/.local/lib/python3.7/site-packages/airflow/example_dags/tutorial.py
[2025-01-29T23:59:17.830+0000] {logging_mixin.py:120} INFO - [2025-01-29T23:59:17.830+0000] {dag.py:2585} INFO - Sync 1 DAGs
[2025-01-29T23:59:17.864+0000] {logging_mixin.py:120} INFO - [2025-01-29T23:59:17.864+0000] {dag.py:3340} INFO - Setting next_dagrun for tutorial to 2025-01-28T23:59:17.864211+00:00, run_after=2025-01-29T23:59:17.864211+00:00
[2025-01-29T23:59:17.889+0000] {processor.py:176} INFO - Processing /home/airflow/.local/lib/python3.7/site-packages/airflow/example_dags/tutorial.py took 0.130 seconds
[2025-01-29T23:59:48.353+0000] {processor.py:154} INFO - Started process (PID=3424) to work on /home/airflow/.local/lib/python3.7/site-packages/airflow/example_dags/tutorial.py
[2025-01-29T23:59:48.354+0000] {processor.py:756} INFO - Processing file /home/airflow/.local/lib/python3.7/site-packages/airflow/example_dags/tutorial.py for tasks to queue
[2025-01-29T23:59:48.355+0000] {logging_mixin.py:120} INFO - [2025-01-29T23:59:48.354+0000] {dagbag.py:537} INFO - Filling up the DagBag from /home/airflow/.local/lib/python3.7/site-packages/airflow/example_dags/tutorial.py
[2025-01-29T23:59:48.367+0000] {processor.py:766} INFO - DAG(s) dict_keys(['tutorial']) retrieved from /home/airflow/.local/lib/python3.7/site-packages/airflow/example_dags/tutorial.py
[2025-01-29T23:59:48.422+0000] {logging_mixin.py:120} INFO - [2025-01-29T23:59:48.422+0000] {dag.py:2585} INFO - Sync 1 DAGs
[2025-01-29T23:59:48.454+0000] {logging_mixin.py:120} INFO - [2025-01-29T23:59:48.454+0000] {dag.py:3340} INFO - Setting next_dagrun for tutorial to 2025-01-28T23:59:48.453937+00:00, run_after=2025-01-29T23:59:48.453937+00:00
[2025-01-29T23:59:48.478+0000] {processor.py:176} INFO - Processing /home/airflow/.local/lib/python3.7/site-packages/airflow/example_dags/tutorial.py took 0.128 seconds
