[2025-01-29T23:31:47.417+0000] {processor.py:154} INFO - Started process (PID=58) to work on /home/airflow/.local/lib/python3.7/site-packages/airflow/example_dags/tutorial_dag.py
[2025-01-29T23:31:47.418+0000] {processor.py:756} INFO - Processing file /home/airflow/.local/lib/python3.7/site-packages/airflow/example_dags/tutorial_dag.py for tasks to queue
[2025-01-29T23:31:47.419+0000] {logging_mixin.py:120} INFO - [2025-01-29T23:31:47.419+0000] {dagbag.py:537} INFO - Filling up the DagBag from /home/airflow/.local/lib/python3.7/site-packages/airflow/example_dags/tutorial_dag.py
[2025-01-29T23:31:47.433+0000] {processor.py:766} INFO - DAG(s) dict_keys(['tutorial_dag']) retrieved from /home/airflow/.local/lib/python3.7/site-packages/airflow/example_dags/tutorial_dag.py
[2025-01-29T23:31:47.617+0000] {logging_mixin.py:120} INFO - [2025-01-29T23:31:47.617+0000] {manager.py:507} INFO - Created Permission View: can read on DAG:tutorial_dag
[2025-01-29T23:31:47.628+0000] {logging_mixin.py:120} INFO - [2025-01-29T23:31:47.628+0000] {manager.py:507} INFO - Created Permission View: can delete on DAG:tutorial_dag
[2025-01-29T23:31:47.637+0000] {logging_mixin.py:120} INFO - [2025-01-29T23:31:47.636+0000] {manager.py:507} INFO - Created Permission View: can edit on DAG:tutorial_dag
[2025-01-29T23:31:47.637+0000] {logging_mixin.py:120} INFO - [2025-01-29T23:31:47.637+0000] {dag.py:2585} INFO - Sync 1 DAGs
[2025-01-29T23:31:47.656+0000] {logging_mixin.py:120} INFO - [2025-01-29T23:31:47.656+0000] {dag.py:2606} INFO - Creating ORM DAG for tutorial_dag
[2025-01-29T23:31:47.672+0000] {logging_mixin.py:120} INFO - [2025-01-29T23:31:47.672+0000] {dag.py:3340} INFO - Setting next_dagrun for tutorial_dag to None, run_after=None
[2025-01-29T23:31:47.702+0000] {processor.py:176} INFO - Processing /home/airflow/.local/lib/python3.7/site-packages/airflow/example_dags/tutorial_dag.py took 0.288 seconds
[2025-01-29T23:32:17.869+0000] {processor.py:154} INFO - Started process (PID=113) to work on /home/airflow/.local/lib/python3.7/site-packages/airflow/example_dags/tutorial_dag.py
[2025-01-29T23:32:17.870+0000] {processor.py:756} INFO - Processing file /home/airflow/.local/lib/python3.7/site-packages/airflow/example_dags/tutorial_dag.py for tasks to queue
[2025-01-29T23:32:17.871+0000] {logging_mixin.py:120} INFO - [2025-01-29T23:32:17.870+0000] {dagbag.py:537} INFO - Filling up the DagBag from /home/airflow/.local/lib/python3.7/site-packages/airflow/example_dags/tutorial_dag.py
[2025-01-29T23:32:17.883+0000] {processor.py:766} INFO - DAG(s) dict_keys(['tutorial_dag']) retrieved from /home/airflow/.local/lib/python3.7/site-packages/airflow/example_dags/tutorial_dag.py
[2025-01-29T23:32:17.938+0000] {logging_mixin.py:120} INFO - [2025-01-29T23:32:17.938+0000] {dag.py:2585} INFO - Sync 1 DAGs
[2025-01-29T23:32:17.968+0000] {logging_mixin.py:120} INFO - [2025-01-29T23:32:17.968+0000] {dag.py:3340} INFO - Setting next_dagrun for tutorial_dag to None, run_after=None
[2025-01-29T23:32:17.993+0000] {processor.py:176} INFO - Processing /home/airflow/.local/lib/python3.7/site-packages/airflow/example_dags/tutorial_dag.py took 0.127 seconds
[2025-01-29T23:32:48.817+0000] {processor.py:154} INFO - Started process (PID=178) to work on /home/airflow/.local/lib/python3.7/site-packages/airflow/example_dags/tutorial_dag.py
[2025-01-29T23:32:48.818+0000] {processor.py:756} INFO - Processing file /home/airflow/.local/lib/python3.7/site-packages/airflow/example_dags/tutorial_dag.py for tasks to queue
[2025-01-29T23:32:48.819+0000] {logging_mixin.py:120} INFO - [2025-01-29T23:32:48.819+0000] {dagbag.py:537} INFO - Filling up the DagBag from /home/airflow/.local/lib/python3.7/site-packages/airflow/example_dags/tutorial_dag.py
[2025-01-29T23:32:48.832+0000] {processor.py:766} INFO - DAG(s) dict_keys(['tutorial_dag']) retrieved from /home/airflow/.local/lib/python3.7/site-packages/airflow/example_dags/tutorial_dag.py
[2025-01-29T23:32:48.889+0000] {logging_mixin.py:120} INFO - [2025-01-29T23:32:48.889+0000] {dag.py:2585} INFO - Sync 1 DAGs
[2025-01-29T23:32:48.924+0000] {logging_mixin.py:120} INFO - [2025-01-29T23:32:48.923+0000] {dag.py:3340} INFO - Setting next_dagrun for tutorial_dag to None, run_after=None
[2025-01-29T23:32:48.949+0000] {processor.py:176} INFO - Processing /home/airflow/.local/lib/python3.7/site-packages/airflow/example_dags/tutorial_dag.py took 0.135 seconds
[2025-01-29T23:33:19.144+0000] {processor.py:154} INFO - Started process (PID=242) to work on /home/airflow/.local/lib/python3.7/site-packages/airflow/example_dags/tutorial_dag.py
[2025-01-29T23:33:19.145+0000] {processor.py:756} INFO - Processing file /home/airflow/.local/lib/python3.7/site-packages/airflow/example_dags/tutorial_dag.py for tasks to queue
[2025-01-29T23:33:19.146+0000] {logging_mixin.py:120} INFO - [2025-01-29T23:33:19.146+0000] {dagbag.py:537} INFO - Filling up the DagBag from /home/airflow/.local/lib/python3.7/site-packages/airflow/example_dags/tutorial_dag.py
[2025-01-29T23:33:19.158+0000] {processor.py:766} INFO - DAG(s) dict_keys(['tutorial_dag']) retrieved from /home/airflow/.local/lib/python3.7/site-packages/airflow/example_dags/tutorial_dag.py
[2025-01-29T23:33:19.214+0000] {logging_mixin.py:120} INFO - [2025-01-29T23:33:19.214+0000] {dag.py:2585} INFO - Sync 1 DAGs
[2025-01-29T23:33:19.247+0000] {logging_mixin.py:120} INFO - [2025-01-29T23:33:19.247+0000] {dag.py:3340} INFO - Setting next_dagrun for tutorial_dag to None, run_after=None
[2025-01-29T23:33:19.271+0000] {processor.py:176} INFO - Processing /home/airflow/.local/lib/python3.7/site-packages/airflow/example_dags/tutorial_dag.py took 0.130 seconds
[2025-01-29T23:33:49.641+0000] {processor.py:154} INFO - Started process (PID=306) to work on /home/airflow/.local/lib/python3.7/site-packages/airflow/example_dags/tutorial_dag.py
[2025-01-29T23:33:49.642+0000] {processor.py:756} INFO - Processing file /home/airflow/.local/lib/python3.7/site-packages/airflow/example_dags/tutorial_dag.py for tasks to queue
[2025-01-29T23:33:49.643+0000] {logging_mixin.py:120} INFO - [2025-01-29T23:33:49.643+0000] {dagbag.py:537} INFO - Filling up the DagBag from /home/airflow/.local/lib/python3.7/site-packages/airflow/example_dags/tutorial_dag.py
[2025-01-29T23:33:49.657+0000] {processor.py:766} INFO - DAG(s) dict_keys(['tutorial_dag']) retrieved from /home/airflow/.local/lib/python3.7/site-packages/airflow/example_dags/tutorial_dag.py
[2025-01-29T23:33:49.715+0000] {logging_mixin.py:120} INFO - [2025-01-29T23:33:49.714+0000] {dag.py:2585} INFO - Sync 1 DAGs
[2025-01-29T23:33:49.751+0000] {logging_mixin.py:120} INFO - [2025-01-29T23:33:49.751+0000] {dag.py:3340} INFO - Setting next_dagrun for tutorial_dag to None, run_after=None
[2025-01-29T23:33:49.780+0000] {processor.py:176} INFO - Processing /home/airflow/.local/lib/python3.7/site-packages/airflow/example_dags/tutorial_dag.py took 0.142 seconds
[2025-01-29T23:34:19.933+0000] {processor.py:154} INFO - Started process (PID=361) to work on /home/airflow/.local/lib/python3.7/site-packages/airflow/example_dags/tutorial_dag.py
[2025-01-29T23:34:19.934+0000] {processor.py:756} INFO - Processing file /home/airflow/.local/lib/python3.7/site-packages/airflow/example_dags/tutorial_dag.py for tasks to queue
[2025-01-29T23:34:19.935+0000] {logging_mixin.py:120} INFO - [2025-01-29T23:34:19.935+0000] {dagbag.py:537} INFO - Filling up the DagBag from /home/airflow/.local/lib/python3.7/site-packages/airflow/example_dags/tutorial_dag.py
[2025-01-29T23:34:19.947+0000] {processor.py:766} INFO - DAG(s) dict_keys(['tutorial_dag']) retrieved from /home/airflow/.local/lib/python3.7/site-packages/airflow/example_dags/tutorial_dag.py
[2025-01-29T23:34:19.999+0000] {logging_mixin.py:120} INFO - [2025-01-29T23:34:19.999+0000] {dag.py:2585} INFO - Sync 1 DAGs
[2025-01-29T23:34:20.031+0000] {logging_mixin.py:120} INFO - [2025-01-29T23:34:20.030+0000] {dag.py:3340} INFO - Setting next_dagrun for tutorial_dag to None, run_after=None
[2025-01-29T23:34:20.056+0000] {processor.py:176} INFO - Processing /home/airflow/.local/lib/python3.7/site-packages/airflow/example_dags/tutorial_dag.py took 0.125 seconds
[2025-01-29T23:34:50.478+0000] {processor.py:154} INFO - Started process (PID=424) to work on /home/airflow/.local/lib/python3.7/site-packages/airflow/example_dags/tutorial_dag.py
[2025-01-29T23:34:50.479+0000] {processor.py:756} INFO - Processing file /home/airflow/.local/lib/python3.7/site-packages/airflow/example_dags/tutorial_dag.py for tasks to queue
[2025-01-29T23:34:50.480+0000] {logging_mixin.py:120} INFO - [2025-01-29T23:34:50.480+0000] {dagbag.py:537} INFO - Filling up the DagBag from /home/airflow/.local/lib/python3.7/site-packages/airflow/example_dags/tutorial_dag.py
[2025-01-29T23:34:50.501+0000] {processor.py:766} INFO - DAG(s) dict_keys(['tutorial_dag']) retrieved from /home/airflow/.local/lib/python3.7/site-packages/airflow/example_dags/tutorial_dag.py
[2025-01-29T23:34:50.556+0000] {logging_mixin.py:120} INFO - [2025-01-29T23:34:50.556+0000] {dag.py:2585} INFO - Sync 1 DAGs
[2025-01-29T23:34:50.589+0000] {logging_mixin.py:120} INFO - [2025-01-29T23:34:50.589+0000] {dag.py:3340} INFO - Setting next_dagrun for tutorial_dag to None, run_after=None
[2025-01-29T23:34:50.613+0000] {processor.py:176} INFO - Processing /home/airflow/.local/lib/python3.7/site-packages/airflow/example_dags/tutorial_dag.py took 0.138 seconds
[2025-01-29T23:35:20.810+0000] {processor.py:154} INFO - Started process (PID=488) to work on /home/airflow/.local/lib/python3.7/site-packages/airflow/example_dags/tutorial_dag.py
[2025-01-29T23:35:20.811+0000] {processor.py:756} INFO - Processing file /home/airflow/.local/lib/python3.7/site-packages/airflow/example_dags/tutorial_dag.py for tasks to queue
[2025-01-29T23:35:20.812+0000] {logging_mixin.py:120} INFO - [2025-01-29T23:35:20.812+0000] {dagbag.py:537} INFO - Filling up the DagBag from /home/airflow/.local/lib/python3.7/site-packages/airflow/example_dags/tutorial_dag.py
[2025-01-29T23:35:20.826+0000] {processor.py:766} INFO - DAG(s) dict_keys(['tutorial_dag']) retrieved from /home/airflow/.local/lib/python3.7/site-packages/airflow/example_dags/tutorial_dag.py
[2025-01-29T23:35:20.882+0000] {logging_mixin.py:120} INFO - [2025-01-29T23:35:20.881+0000] {dag.py:2585} INFO - Sync 1 DAGs
[2025-01-29T23:35:20.916+0000] {logging_mixin.py:120} INFO - [2025-01-29T23:35:20.915+0000] {dag.py:3340} INFO - Setting next_dagrun for tutorial_dag to None, run_after=None
[2025-01-29T23:35:20.940+0000] {processor.py:176} INFO - Processing /home/airflow/.local/lib/python3.7/site-packages/airflow/example_dags/tutorial_dag.py took 0.134 seconds
[2025-01-29T23:35:52.005+0000] {processor.py:154} INFO - Started process (PID=543) to work on /home/airflow/.local/lib/python3.7/site-packages/airflow/example_dags/tutorial_dag.py
[2025-01-29T23:35:52.006+0000] {processor.py:756} INFO - Processing file /home/airflow/.local/lib/python3.7/site-packages/airflow/example_dags/tutorial_dag.py for tasks to queue
[2025-01-29T23:35:52.007+0000] {logging_mixin.py:120} INFO - [2025-01-29T23:35:52.007+0000] {dagbag.py:537} INFO - Filling up the DagBag from /home/airflow/.local/lib/python3.7/site-packages/airflow/example_dags/tutorial_dag.py
[2025-01-29T23:35:52.023+0000] {processor.py:766} INFO - DAG(s) dict_keys(['tutorial_dag']) retrieved from /home/airflow/.local/lib/python3.7/site-packages/airflow/example_dags/tutorial_dag.py
[2025-01-29T23:35:52.075+0000] {logging_mixin.py:120} INFO - [2025-01-29T23:35:52.075+0000] {dag.py:2585} INFO - Sync 1 DAGs
[2025-01-29T23:35:52.123+0000] {logging_mixin.py:120} INFO - [2025-01-29T23:35:52.122+0000] {dag.py:3340} INFO - Setting next_dagrun for tutorial_dag to None, run_after=None
[2025-01-29T23:35:52.157+0000] {processor.py:176} INFO - Processing /home/airflow/.local/lib/python3.7/site-packages/airflow/example_dags/tutorial_dag.py took 0.156 seconds
[2025-01-29T23:36:22.270+0000] {processor.py:154} INFO - Started process (PID=607) to work on /home/airflow/.local/lib/python3.7/site-packages/airflow/example_dags/tutorial_dag.py
[2025-01-29T23:36:22.271+0000] {processor.py:756} INFO - Processing file /home/airflow/.local/lib/python3.7/site-packages/airflow/example_dags/tutorial_dag.py for tasks to queue
[2025-01-29T23:36:22.271+0000] {logging_mixin.py:120} INFO - [2025-01-29T23:36:22.271+0000] {dagbag.py:537} INFO - Filling up the DagBag from /home/airflow/.local/lib/python3.7/site-packages/airflow/example_dags/tutorial_dag.py
[2025-01-29T23:36:22.283+0000] {processor.py:766} INFO - DAG(s) dict_keys(['tutorial_dag']) retrieved from /home/airflow/.local/lib/python3.7/site-packages/airflow/example_dags/tutorial_dag.py
[2025-01-29T23:36:22.350+0000] {logging_mixin.py:120} INFO - [2025-01-29T23:36:22.350+0000] {dag.py:2585} INFO - Sync 1 DAGs
[2025-01-29T23:36:22.381+0000] {logging_mixin.py:120} INFO - [2025-01-29T23:36:22.381+0000] {dag.py:3340} INFO - Setting next_dagrun for tutorial_dag to None, run_after=None
[2025-01-29T23:36:22.413+0000] {processor.py:176} INFO - Processing /home/airflow/.local/lib/python3.7/site-packages/airflow/example_dags/tutorial_dag.py took 0.146 seconds
[2025-01-29T23:36:52.652+0000] {processor.py:154} INFO - Started process (PID=671) to work on /home/airflow/.local/lib/python3.7/site-packages/airflow/example_dags/tutorial_dag.py
[2025-01-29T23:36:52.653+0000] {processor.py:756} INFO - Processing file /home/airflow/.local/lib/python3.7/site-packages/airflow/example_dags/tutorial_dag.py for tasks to queue
[2025-01-29T23:36:52.654+0000] {logging_mixin.py:120} INFO - [2025-01-29T23:36:52.654+0000] {dagbag.py:537} INFO - Filling up the DagBag from /home/airflow/.local/lib/python3.7/site-packages/airflow/example_dags/tutorial_dag.py
[2025-01-29T23:36:52.666+0000] {processor.py:766} INFO - DAG(s) dict_keys(['tutorial_dag']) retrieved from /home/airflow/.local/lib/python3.7/site-packages/airflow/example_dags/tutorial_dag.py
[2025-01-29T23:36:52.721+0000] {logging_mixin.py:120} INFO - [2025-01-29T23:36:52.720+0000] {dag.py:2585} INFO - Sync 1 DAGs
[2025-01-29T23:36:52.752+0000] {logging_mixin.py:120} INFO - [2025-01-29T23:36:52.752+0000] {dag.py:3340} INFO - Setting next_dagrun for tutorial_dag to None, run_after=None
[2025-01-29T23:36:52.778+0000] {processor.py:176} INFO - Processing /home/airflow/.local/lib/python3.7/site-packages/airflow/example_dags/tutorial_dag.py took 0.128 seconds
[2025-01-29T23:37:23.455+0000] {processor.py:154} INFO - Started process (PID=726) to work on /home/airflow/.local/lib/python3.7/site-packages/airflow/example_dags/tutorial_dag.py
[2025-01-29T23:37:23.456+0000] {processor.py:756} INFO - Processing file /home/airflow/.local/lib/python3.7/site-packages/airflow/example_dags/tutorial_dag.py for tasks to queue
[2025-01-29T23:37:23.457+0000] {logging_mixin.py:120} INFO - [2025-01-29T23:37:23.457+0000] {dagbag.py:537} INFO - Filling up the DagBag from /home/airflow/.local/lib/python3.7/site-packages/airflow/example_dags/tutorial_dag.py
[2025-01-29T23:37:23.472+0000] {processor.py:766} INFO - DAG(s) dict_keys(['tutorial_dag']) retrieved from /home/airflow/.local/lib/python3.7/site-packages/airflow/example_dags/tutorial_dag.py
[2025-01-29T23:37:23.529+0000] {logging_mixin.py:120} INFO - [2025-01-29T23:37:23.529+0000] {dag.py:2585} INFO - Sync 1 DAGs
[2025-01-29T23:37:23.562+0000] {logging_mixin.py:120} INFO - [2025-01-29T23:37:23.562+0000] {dag.py:3340} INFO - Setting next_dagrun for tutorial_dag to None, run_after=None
[2025-01-29T23:37:23.586+0000] {processor.py:176} INFO - Processing /home/airflow/.local/lib/python3.7/site-packages/airflow/example_dags/tutorial_dag.py took 0.134 seconds
[2025-01-29T23:37:53.653+0000] {processor.py:154} INFO - Started process (PID=790) to work on /home/airflow/.local/lib/python3.7/site-packages/airflow/example_dags/tutorial_dag.py
[2025-01-29T23:37:53.654+0000] {processor.py:756} INFO - Processing file /home/airflow/.local/lib/python3.7/site-packages/airflow/example_dags/tutorial_dag.py for tasks to queue
[2025-01-29T23:37:53.655+0000] {logging_mixin.py:120} INFO - [2025-01-29T23:37:53.655+0000] {dagbag.py:537} INFO - Filling up the DagBag from /home/airflow/.local/lib/python3.7/site-packages/airflow/example_dags/tutorial_dag.py
[2025-01-29T23:37:53.667+0000] {processor.py:766} INFO - DAG(s) dict_keys(['tutorial_dag']) retrieved from /home/airflow/.local/lib/python3.7/site-packages/airflow/example_dags/tutorial_dag.py
[2025-01-29T23:37:53.722+0000] {logging_mixin.py:120} INFO - [2025-01-29T23:37:53.721+0000] {dag.py:2585} INFO - Sync 1 DAGs
[2025-01-29T23:37:53.755+0000] {logging_mixin.py:120} INFO - [2025-01-29T23:37:53.755+0000] {dag.py:3340} INFO - Setting next_dagrun for tutorial_dag to None, run_after=None
[2025-01-29T23:37:53.780+0000] {processor.py:176} INFO - Processing /home/airflow/.local/lib/python3.7/site-packages/airflow/example_dags/tutorial_dag.py took 0.129 seconds
[2025-01-29T23:38:24.433+0000] {processor.py:154} INFO - Started process (PID=854) to work on /home/airflow/.local/lib/python3.7/site-packages/airflow/example_dags/tutorial_dag.py
[2025-01-29T23:38:24.434+0000] {processor.py:756} INFO - Processing file /home/airflow/.local/lib/python3.7/site-packages/airflow/example_dags/tutorial_dag.py for tasks to queue
[2025-01-29T23:38:24.435+0000] {logging_mixin.py:120} INFO - [2025-01-29T23:38:24.435+0000] {dagbag.py:537} INFO - Filling up the DagBag from /home/airflow/.local/lib/python3.7/site-packages/airflow/example_dags/tutorial_dag.py
[2025-01-29T23:38:24.448+0000] {processor.py:766} INFO - DAG(s) dict_keys(['tutorial_dag']) retrieved from /home/airflow/.local/lib/python3.7/site-packages/airflow/example_dags/tutorial_dag.py
[2025-01-29T23:38:24.507+0000] {logging_mixin.py:120} INFO - [2025-01-29T23:38:24.506+0000] {dag.py:2585} INFO - Sync 1 DAGs
[2025-01-29T23:38:24.537+0000] {logging_mixin.py:120} INFO - [2025-01-29T23:38:24.537+0000] {dag.py:3340} INFO - Setting next_dagrun for tutorial_dag to None, run_after=None
[2025-01-29T23:38:24.560+0000] {processor.py:176} INFO - Processing /home/airflow/.local/lib/python3.7/site-packages/airflow/example_dags/tutorial_dag.py took 0.130 seconds
[2025-01-29T23:38:54.736+0000] {processor.py:154} INFO - Started process (PID=909) to work on /home/airflow/.local/lib/python3.7/site-packages/airflow/example_dags/tutorial_dag.py
[2025-01-29T23:38:54.737+0000] {processor.py:756} INFO - Processing file /home/airflow/.local/lib/python3.7/site-packages/airflow/example_dags/tutorial_dag.py for tasks to queue
[2025-01-29T23:38:54.737+0000] {logging_mixin.py:120} INFO - [2025-01-29T23:38:54.737+0000] {dagbag.py:537} INFO - Filling up the DagBag from /home/airflow/.local/lib/python3.7/site-packages/airflow/example_dags/tutorial_dag.py
[2025-01-29T23:38:54.750+0000] {processor.py:766} INFO - DAG(s) dict_keys(['tutorial_dag']) retrieved from /home/airflow/.local/lib/python3.7/site-packages/airflow/example_dags/tutorial_dag.py
[2025-01-29T23:38:54.805+0000] {logging_mixin.py:120} INFO - [2025-01-29T23:38:54.805+0000] {dag.py:2585} INFO - Sync 1 DAGs
[2025-01-29T23:38:54.839+0000] {logging_mixin.py:120} INFO - [2025-01-29T23:38:54.839+0000] {dag.py:3340} INFO - Setting next_dagrun for tutorial_dag to None, run_after=None
[2025-01-29T23:38:54.867+0000] {processor.py:176} INFO - Processing /home/airflow/.local/lib/python3.7/site-packages/airflow/example_dags/tutorial_dag.py took 0.134 seconds
[2025-01-29T23:39:25.451+0000] {processor.py:154} INFO - Started process (PID=973) to work on /home/airflow/.local/lib/python3.7/site-packages/airflow/example_dags/tutorial_dag.py
[2025-01-29T23:39:25.452+0000] {processor.py:756} INFO - Processing file /home/airflow/.local/lib/python3.7/site-packages/airflow/example_dags/tutorial_dag.py for tasks to queue
[2025-01-29T23:39:25.453+0000] {logging_mixin.py:120} INFO - [2025-01-29T23:39:25.453+0000] {dagbag.py:537} INFO - Filling up the DagBag from /home/airflow/.local/lib/python3.7/site-packages/airflow/example_dags/tutorial_dag.py
[2025-01-29T23:39:25.464+0000] {processor.py:766} INFO - DAG(s) dict_keys(['tutorial_dag']) retrieved from /home/airflow/.local/lib/python3.7/site-packages/airflow/example_dags/tutorial_dag.py
[2025-01-29T23:39:25.519+0000] {logging_mixin.py:120} INFO - [2025-01-29T23:39:25.519+0000] {dag.py:2585} INFO - Sync 1 DAGs
[2025-01-29T23:39:25.550+0000] {logging_mixin.py:120} INFO - [2025-01-29T23:39:25.550+0000] {dag.py:3340} INFO - Setting next_dagrun for tutorial_dag to None, run_after=None
[2025-01-29T23:39:25.573+0000] {processor.py:176} INFO - Processing /home/airflow/.local/lib/python3.7/site-packages/airflow/example_dags/tutorial_dag.py took 0.126 seconds
[2025-01-29T23:39:56.237+0000] {processor.py:154} INFO - Started process (PID=1037) to work on /home/airflow/.local/lib/python3.7/site-packages/airflow/example_dags/tutorial_dag.py
[2025-01-29T23:39:56.238+0000] {processor.py:756} INFO - Processing file /home/airflow/.local/lib/python3.7/site-packages/airflow/example_dags/tutorial_dag.py for tasks to queue
[2025-01-29T23:39:56.239+0000] {logging_mixin.py:120} INFO - [2025-01-29T23:39:56.239+0000] {dagbag.py:537} INFO - Filling up the DagBag from /home/airflow/.local/lib/python3.7/site-packages/airflow/example_dags/tutorial_dag.py
[2025-01-29T23:39:56.251+0000] {processor.py:766} INFO - DAG(s) dict_keys(['tutorial_dag']) retrieved from /home/airflow/.local/lib/python3.7/site-packages/airflow/example_dags/tutorial_dag.py
[2025-01-29T23:39:56.309+0000] {logging_mixin.py:120} INFO - [2025-01-29T23:39:56.309+0000] {dag.py:2585} INFO - Sync 1 DAGs
[2025-01-29T23:39:56.340+0000] {logging_mixin.py:120} INFO - [2025-01-29T23:39:56.340+0000] {dag.py:3340} INFO - Setting next_dagrun for tutorial_dag to None, run_after=None
[2025-01-29T23:39:56.364+0000] {processor.py:176} INFO - Processing /home/airflow/.local/lib/python3.7/site-packages/airflow/example_dags/tutorial_dag.py took 0.131 seconds
[2025-01-29T23:40:26.614+0000] {processor.py:154} INFO - Started process (PID=1101) to work on /home/airflow/.local/lib/python3.7/site-packages/airflow/example_dags/tutorial_dag.py
[2025-01-29T23:40:26.615+0000] {processor.py:756} INFO - Processing file /home/airflow/.local/lib/python3.7/site-packages/airflow/example_dags/tutorial_dag.py for tasks to queue
[2025-01-29T23:40:26.616+0000] {logging_mixin.py:120} INFO - [2025-01-29T23:40:26.616+0000] {dagbag.py:537} INFO - Filling up the DagBag from /home/airflow/.local/lib/python3.7/site-packages/airflow/example_dags/tutorial_dag.py
[2025-01-29T23:40:26.628+0000] {processor.py:766} INFO - DAG(s) dict_keys(['tutorial_dag']) retrieved from /home/airflow/.local/lib/python3.7/site-packages/airflow/example_dags/tutorial_dag.py
[2025-01-29T23:40:26.688+0000] {logging_mixin.py:120} INFO - [2025-01-29T23:40:26.688+0000] {dag.py:2585} INFO - Sync 1 DAGs
[2025-01-29T23:40:26.720+0000] {logging_mixin.py:120} INFO - [2025-01-29T23:40:26.720+0000] {dag.py:3340} INFO - Setting next_dagrun for tutorial_dag to None, run_after=None
[2025-01-29T23:40:26.747+0000] {processor.py:176} INFO - Processing /home/airflow/.local/lib/python3.7/site-packages/airflow/example_dags/tutorial_dag.py took 0.135 seconds
[2025-01-29T23:40:57.037+0000] {processor.py:154} INFO - Started process (PID=1156) to work on /home/airflow/.local/lib/python3.7/site-packages/airflow/example_dags/tutorial_dag.py
[2025-01-29T23:40:57.038+0000] {processor.py:756} INFO - Processing file /home/airflow/.local/lib/python3.7/site-packages/airflow/example_dags/tutorial_dag.py for tasks to queue
[2025-01-29T23:40:57.039+0000] {logging_mixin.py:120} INFO - [2025-01-29T23:40:57.038+0000] {dagbag.py:537} INFO - Filling up the DagBag from /home/airflow/.local/lib/python3.7/site-packages/airflow/example_dags/tutorial_dag.py
[2025-01-29T23:40:57.051+0000] {processor.py:766} INFO - DAG(s) dict_keys(['tutorial_dag']) retrieved from /home/airflow/.local/lib/python3.7/site-packages/airflow/example_dags/tutorial_dag.py
[2025-01-29T23:40:57.104+0000] {logging_mixin.py:120} INFO - [2025-01-29T23:40:57.103+0000] {dag.py:2585} INFO - Sync 1 DAGs
[2025-01-29T23:40:57.133+0000] {logging_mixin.py:120} INFO - [2025-01-29T23:40:57.133+0000] {dag.py:3340} INFO - Setting next_dagrun for tutorial_dag to None, run_after=None
[2025-01-29T23:40:57.158+0000] {processor.py:176} INFO - Processing /home/airflow/.local/lib/python3.7/site-packages/airflow/example_dags/tutorial_dag.py took 0.125 seconds
[2025-01-29T23:41:27.791+0000] {processor.py:154} INFO - Started process (PID=1220) to work on /home/airflow/.local/lib/python3.7/site-packages/airflow/example_dags/tutorial_dag.py
[2025-01-29T23:41:27.792+0000] {processor.py:756} INFO - Processing file /home/airflow/.local/lib/python3.7/site-packages/airflow/example_dags/tutorial_dag.py for tasks to queue
[2025-01-29T23:41:27.792+0000] {logging_mixin.py:120} INFO - [2025-01-29T23:41:27.792+0000] {dagbag.py:537} INFO - Filling up the DagBag from /home/airflow/.local/lib/python3.7/site-packages/airflow/example_dags/tutorial_dag.py
[2025-01-29T23:41:27.804+0000] {processor.py:766} INFO - DAG(s) dict_keys(['tutorial_dag']) retrieved from /home/airflow/.local/lib/python3.7/site-packages/airflow/example_dags/tutorial_dag.py
[2025-01-29T23:41:27.860+0000] {logging_mixin.py:120} INFO - [2025-01-29T23:41:27.860+0000] {dag.py:2585} INFO - Sync 1 DAGs
[2025-01-29T23:41:27.898+0000] {logging_mixin.py:120} INFO - [2025-01-29T23:41:27.898+0000] {dag.py:3340} INFO - Setting next_dagrun for tutorial_dag to None, run_after=None
[2025-01-29T23:41:27.923+0000] {processor.py:176} INFO - Processing /home/airflow/.local/lib/python3.7/site-packages/airflow/example_dags/tutorial_dag.py took 0.135 seconds
[2025-01-29T23:41:58.522+0000] {processor.py:154} INFO - Started process (PID=1285) to work on /home/airflow/.local/lib/python3.7/site-packages/airflow/example_dags/tutorial_dag.py
[2025-01-29T23:41:58.522+0000] {processor.py:756} INFO - Processing file /home/airflow/.local/lib/python3.7/site-packages/airflow/example_dags/tutorial_dag.py for tasks to queue
[2025-01-29T23:41:58.523+0000] {logging_mixin.py:120} INFO - [2025-01-29T23:41:58.523+0000] {dagbag.py:537} INFO - Filling up the DagBag from /home/airflow/.local/lib/python3.7/site-packages/airflow/example_dags/tutorial_dag.py
[2025-01-29T23:41:58.535+0000] {processor.py:766} INFO - DAG(s) dict_keys(['tutorial_dag']) retrieved from /home/airflow/.local/lib/python3.7/site-packages/airflow/example_dags/tutorial_dag.py
[2025-01-29T23:41:58.596+0000] {logging_mixin.py:120} INFO - [2025-01-29T23:41:58.595+0000] {dag.py:2585} INFO - Sync 1 DAGs
[2025-01-29T23:41:58.643+0000] {logging_mixin.py:120} INFO - [2025-01-29T23:41:58.643+0000] {dag.py:3340} INFO - Setting next_dagrun for tutorial_dag to None, run_after=None
[2025-01-29T23:41:58.678+0000] {processor.py:176} INFO - Processing /home/airflow/.local/lib/python3.7/site-packages/airflow/example_dags/tutorial_dag.py took 0.159 seconds
[2025-01-29T23:42:29.312+0000] {processor.py:154} INFO - Started process (PID=1340) to work on /home/airflow/.local/lib/python3.7/site-packages/airflow/example_dags/tutorial_dag.py
[2025-01-29T23:42:29.314+0000] {processor.py:756} INFO - Processing file /home/airflow/.local/lib/python3.7/site-packages/airflow/example_dags/tutorial_dag.py for tasks to queue
[2025-01-29T23:42:29.315+0000] {logging_mixin.py:120} INFO - [2025-01-29T23:42:29.314+0000] {dagbag.py:537} INFO - Filling up the DagBag from /home/airflow/.local/lib/python3.7/site-packages/airflow/example_dags/tutorial_dag.py
[2025-01-29T23:42:29.327+0000] {processor.py:766} INFO - DAG(s) dict_keys(['tutorial_dag']) retrieved from /home/airflow/.local/lib/python3.7/site-packages/airflow/example_dags/tutorial_dag.py
[2025-01-29T23:42:29.396+0000] {logging_mixin.py:120} INFO - [2025-01-29T23:42:29.395+0000] {dag.py:2585} INFO - Sync 1 DAGs
[2025-01-29T23:42:29.430+0000] {logging_mixin.py:120} INFO - [2025-01-29T23:42:29.430+0000] {dag.py:3340} INFO - Setting next_dagrun for tutorial_dag to None, run_after=None
[2025-01-29T23:42:29.462+0000] {processor.py:176} INFO - Processing /home/airflow/.local/lib/python3.7/site-packages/airflow/example_dags/tutorial_dag.py took 0.153 seconds
[2025-01-29T23:43:00.101+0000] {processor.py:154} INFO - Started process (PID=1405) to work on /home/airflow/.local/lib/python3.7/site-packages/airflow/example_dags/tutorial_dag.py
[2025-01-29T23:43:00.103+0000] {processor.py:756} INFO - Processing file /home/airflow/.local/lib/python3.7/site-packages/airflow/example_dags/tutorial_dag.py for tasks to queue
[2025-01-29T23:43:00.103+0000] {logging_mixin.py:120} INFO - [2025-01-29T23:43:00.103+0000] {dagbag.py:537} INFO - Filling up the DagBag from /home/airflow/.local/lib/python3.7/site-packages/airflow/example_dags/tutorial_dag.py
[2025-01-29T23:43:00.115+0000] {processor.py:766} INFO - DAG(s) dict_keys(['tutorial_dag']) retrieved from /home/airflow/.local/lib/python3.7/site-packages/airflow/example_dags/tutorial_dag.py
[2025-01-29T23:43:00.171+0000] {logging_mixin.py:120} INFO - [2025-01-29T23:43:00.171+0000] {dag.py:2585} INFO - Sync 1 DAGs
[2025-01-29T23:43:00.206+0000] {logging_mixin.py:120} INFO - [2025-01-29T23:43:00.206+0000] {dag.py:3340} INFO - Setting next_dagrun for tutorial_dag to None, run_after=None
[2025-01-29T23:43:00.231+0000] {processor.py:176} INFO - Processing /home/airflow/.local/lib/python3.7/site-packages/airflow/example_dags/tutorial_dag.py took 0.133 seconds
[2025-01-29T23:43:30.734+0000] {processor.py:154} INFO - Started process (PID=1469) to work on /home/airflow/.local/lib/python3.7/site-packages/airflow/example_dags/tutorial_dag.py
[2025-01-29T23:43:30.735+0000] {processor.py:756} INFO - Processing file /home/airflow/.local/lib/python3.7/site-packages/airflow/example_dags/tutorial_dag.py for tasks to queue
[2025-01-29T23:43:30.736+0000] {logging_mixin.py:120} INFO - [2025-01-29T23:43:30.736+0000] {dagbag.py:537} INFO - Filling up the DagBag from /home/airflow/.local/lib/python3.7/site-packages/airflow/example_dags/tutorial_dag.py
[2025-01-29T23:43:30.749+0000] {processor.py:766} INFO - DAG(s) dict_keys(['tutorial_dag']) retrieved from /home/airflow/.local/lib/python3.7/site-packages/airflow/example_dags/tutorial_dag.py
[2025-01-29T23:43:30.805+0000] {logging_mixin.py:120} INFO - [2025-01-29T23:43:30.805+0000] {dag.py:2585} INFO - Sync 1 DAGs
[2025-01-29T23:43:30.834+0000] {logging_mixin.py:120} INFO - [2025-01-29T23:43:30.833+0000] {dag.py:3340} INFO - Setting next_dagrun for tutorial_dag to None, run_after=None
[2025-01-29T23:43:30.856+0000] {processor.py:176} INFO - Processing /home/airflow/.local/lib/python3.7/site-packages/airflow/example_dags/tutorial_dag.py took 0.125 seconds
[2025-01-29T23:44:01.480+0000] {processor.py:154} INFO - Started process (PID=1533) to work on /home/airflow/.local/lib/python3.7/site-packages/airflow/example_dags/tutorial_dag.py
[2025-01-29T23:44:01.481+0000] {processor.py:756} INFO - Processing file /home/airflow/.local/lib/python3.7/site-packages/airflow/example_dags/tutorial_dag.py for tasks to queue
[2025-01-29T23:44:01.482+0000] {logging_mixin.py:120} INFO - [2025-01-29T23:44:01.481+0000] {dagbag.py:537} INFO - Filling up the DagBag from /home/airflow/.local/lib/python3.7/site-packages/airflow/example_dags/tutorial_dag.py
[2025-01-29T23:44:01.498+0000] {processor.py:766} INFO - DAG(s) dict_keys(['tutorial_dag']) retrieved from /home/airflow/.local/lib/python3.7/site-packages/airflow/example_dags/tutorial_dag.py
[2025-01-29T23:44:01.581+0000] {logging_mixin.py:120} INFO - [2025-01-29T23:44:01.581+0000] {dag.py:2585} INFO - Sync 1 DAGs
[2025-01-29T23:44:01.629+0000] {logging_mixin.py:120} INFO - [2025-01-29T23:44:01.628+0000] {dag.py:3340} INFO - Setting next_dagrun for tutorial_dag to None, run_after=None
[2025-01-29T23:44:01.661+0000] {processor.py:176} INFO - Processing /home/airflow/.local/lib/python3.7/site-packages/airflow/example_dags/tutorial_dag.py took 0.185 seconds
[2025-01-29T23:44:32.067+0000] {processor.py:154} INFO - Started process (PID=1588) to work on /home/airflow/.local/lib/python3.7/site-packages/airflow/example_dags/tutorial_dag.py
[2025-01-29T23:44:32.068+0000] {processor.py:756} INFO - Processing file /home/airflow/.local/lib/python3.7/site-packages/airflow/example_dags/tutorial_dag.py for tasks to queue
[2025-01-29T23:44:32.069+0000] {logging_mixin.py:120} INFO - [2025-01-29T23:44:32.069+0000] {dagbag.py:537} INFO - Filling up the DagBag from /home/airflow/.local/lib/python3.7/site-packages/airflow/example_dags/tutorial_dag.py
[2025-01-29T23:44:32.085+0000] {processor.py:766} INFO - DAG(s) dict_keys(['tutorial_dag']) retrieved from /home/airflow/.local/lib/python3.7/site-packages/airflow/example_dags/tutorial_dag.py
[2025-01-29T23:44:32.148+0000] {logging_mixin.py:120} INFO - [2025-01-29T23:44:32.147+0000] {dag.py:2585} INFO - Sync 1 DAGs
[2025-01-29T23:44:32.178+0000] {logging_mixin.py:120} INFO - [2025-01-29T23:44:32.178+0000] {dag.py:3340} INFO - Setting next_dagrun for tutorial_dag to None, run_after=None
[2025-01-29T23:44:32.202+0000] {processor.py:176} INFO - Processing /home/airflow/.local/lib/python3.7/site-packages/airflow/example_dags/tutorial_dag.py took 0.139 seconds
[2025-01-29T23:45:02.557+0000] {processor.py:154} INFO - Started process (PID=1652) to work on /home/airflow/.local/lib/python3.7/site-packages/airflow/example_dags/tutorial_dag.py
[2025-01-29T23:45:02.558+0000] {processor.py:756} INFO - Processing file /home/airflow/.local/lib/python3.7/site-packages/airflow/example_dags/tutorial_dag.py for tasks to queue
[2025-01-29T23:45:02.558+0000] {logging_mixin.py:120} INFO - [2025-01-29T23:45:02.558+0000] {dagbag.py:537} INFO - Filling up the DagBag from /home/airflow/.local/lib/python3.7/site-packages/airflow/example_dags/tutorial_dag.py
[2025-01-29T23:45:02.571+0000] {processor.py:766} INFO - DAG(s) dict_keys(['tutorial_dag']) retrieved from /home/airflow/.local/lib/python3.7/site-packages/airflow/example_dags/tutorial_dag.py
[2025-01-29T23:45:02.626+0000] {logging_mixin.py:120} INFO - [2025-01-29T23:45:02.626+0000] {dag.py:2585} INFO - Sync 1 DAGs
[2025-01-29T23:45:02.656+0000] {logging_mixin.py:120} INFO - [2025-01-29T23:45:02.656+0000] {dag.py:3340} INFO - Setting next_dagrun for tutorial_dag to None, run_after=None
[2025-01-29T23:45:02.679+0000] {processor.py:176} INFO - Processing /home/airflow/.local/lib/python3.7/site-packages/airflow/example_dags/tutorial_dag.py took 0.125 seconds
[2025-01-29T23:45:33.234+0000] {processor.py:154} INFO - Started process (PID=1716) to work on /home/airflow/.local/lib/python3.7/site-packages/airflow/example_dags/tutorial_dag.py
[2025-01-29T23:45:33.236+0000] {processor.py:756} INFO - Processing file /home/airflow/.local/lib/python3.7/site-packages/airflow/example_dags/tutorial_dag.py for tasks to queue
[2025-01-29T23:45:33.237+0000] {logging_mixin.py:120} INFO - [2025-01-29T23:45:33.237+0000] {dagbag.py:537} INFO - Filling up the DagBag from /home/airflow/.local/lib/python3.7/site-packages/airflow/example_dags/tutorial_dag.py
[2025-01-29T23:45:33.250+0000] {processor.py:766} INFO - DAG(s) dict_keys(['tutorial_dag']) retrieved from /home/airflow/.local/lib/python3.7/site-packages/airflow/example_dags/tutorial_dag.py
[2025-01-29T23:45:33.311+0000] {logging_mixin.py:120} INFO - [2025-01-29T23:45:33.310+0000] {dag.py:2585} INFO - Sync 1 DAGs
[2025-01-29T23:45:33.343+0000] {logging_mixin.py:120} INFO - [2025-01-29T23:45:33.343+0000] {dag.py:3340} INFO - Setting next_dagrun for tutorial_dag to None, run_after=None
[2025-01-29T23:45:33.366+0000] {processor.py:176} INFO - Processing /home/airflow/.local/lib/python3.7/site-packages/airflow/example_dags/tutorial_dag.py took 0.134 seconds
[2025-01-29T23:46:03.912+0000] {processor.py:154} INFO - Started process (PID=1771) to work on /home/airflow/.local/lib/python3.7/site-packages/airflow/example_dags/tutorial_dag.py
[2025-01-29T23:46:03.913+0000] {processor.py:756} INFO - Processing file /home/airflow/.local/lib/python3.7/site-packages/airflow/example_dags/tutorial_dag.py for tasks to queue
[2025-01-29T23:46:03.914+0000] {logging_mixin.py:120} INFO - [2025-01-29T23:46:03.914+0000] {dagbag.py:537} INFO - Filling up the DagBag from /home/airflow/.local/lib/python3.7/site-packages/airflow/example_dags/tutorial_dag.py
[2025-01-29T23:46:03.926+0000] {processor.py:766} INFO - DAG(s) dict_keys(['tutorial_dag']) retrieved from /home/airflow/.local/lib/python3.7/site-packages/airflow/example_dags/tutorial_dag.py
[2025-01-29T23:46:03.982+0000] {logging_mixin.py:120} INFO - [2025-01-29T23:46:03.981+0000] {dag.py:2585} INFO - Sync 1 DAGs
[2025-01-29T23:46:04.012+0000] {logging_mixin.py:120} INFO - [2025-01-29T23:46:04.011+0000] {dag.py:3340} INFO - Setting next_dagrun for tutorial_dag to None, run_after=None
[2025-01-29T23:46:04.032+0000] {processor.py:176} INFO - Processing /home/airflow/.local/lib/python3.7/site-packages/airflow/example_dags/tutorial_dag.py took 0.122 seconds
[2025-01-29T23:46:34.290+0000] {processor.py:154} INFO - Started process (PID=1835) to work on /home/airflow/.local/lib/python3.7/site-packages/airflow/example_dags/tutorial_dag.py
[2025-01-29T23:46:34.291+0000] {processor.py:756} INFO - Processing file /home/airflow/.local/lib/python3.7/site-packages/airflow/example_dags/tutorial_dag.py for tasks to queue
[2025-01-29T23:46:34.291+0000] {logging_mixin.py:120} INFO - [2025-01-29T23:46:34.291+0000] {dagbag.py:537} INFO - Filling up the DagBag from /home/airflow/.local/lib/python3.7/site-packages/airflow/example_dags/tutorial_dag.py
[2025-01-29T23:46:34.303+0000] {processor.py:766} INFO - DAG(s) dict_keys(['tutorial_dag']) retrieved from /home/airflow/.local/lib/python3.7/site-packages/airflow/example_dags/tutorial_dag.py
[2025-01-29T23:46:34.357+0000] {logging_mixin.py:120} INFO - [2025-01-29T23:46:34.357+0000] {dag.py:2585} INFO - Sync 1 DAGs
[2025-01-29T23:46:34.387+0000] {logging_mixin.py:120} INFO - [2025-01-29T23:46:34.387+0000] {dag.py:3340} INFO - Setting next_dagrun for tutorial_dag to None, run_after=None
[2025-01-29T23:46:34.409+0000] {processor.py:176} INFO - Processing /home/airflow/.local/lib/python3.7/site-packages/airflow/example_dags/tutorial_dag.py took 0.122 seconds
[2025-01-29T23:47:04.811+0000] {processor.py:154} INFO - Started process (PID=1899) to work on /home/airflow/.local/lib/python3.7/site-packages/airflow/example_dags/tutorial_dag.py
[2025-01-29T23:47:04.812+0000] {processor.py:756} INFO - Processing file /home/airflow/.local/lib/python3.7/site-packages/airflow/example_dags/tutorial_dag.py for tasks to queue
[2025-01-29T23:47:04.813+0000] {logging_mixin.py:120} INFO - [2025-01-29T23:47:04.813+0000] {dagbag.py:537} INFO - Filling up the DagBag from /home/airflow/.local/lib/python3.7/site-packages/airflow/example_dags/tutorial_dag.py
[2025-01-29T23:47:04.826+0000] {processor.py:766} INFO - DAG(s) dict_keys(['tutorial_dag']) retrieved from /home/airflow/.local/lib/python3.7/site-packages/airflow/example_dags/tutorial_dag.py
[2025-01-29T23:47:04.882+0000] {logging_mixin.py:120} INFO - [2025-01-29T23:47:04.882+0000] {dag.py:2585} INFO - Sync 1 DAGs
[2025-01-29T23:47:04.915+0000] {logging_mixin.py:120} INFO - [2025-01-29T23:47:04.915+0000] {dag.py:3340} INFO - Setting next_dagrun for tutorial_dag to None, run_after=None
[2025-01-29T23:47:04.938+0000] {processor.py:176} INFO - Processing /home/airflow/.local/lib/python3.7/site-packages/airflow/example_dags/tutorial_dag.py took 0.129 seconds
[2025-01-29T23:47:35.353+0000] {processor.py:154} INFO - Started process (PID=1961) to work on /home/airflow/.local/lib/python3.7/site-packages/airflow/example_dags/tutorial_dag.py
[2025-01-29T23:47:35.354+0000] {processor.py:756} INFO - Processing file /home/airflow/.local/lib/python3.7/site-packages/airflow/example_dags/tutorial_dag.py for tasks to queue
[2025-01-29T23:47:35.355+0000] {logging_mixin.py:120} INFO - [2025-01-29T23:47:35.355+0000] {dagbag.py:537} INFO - Filling up the DagBag from /home/airflow/.local/lib/python3.7/site-packages/airflow/example_dags/tutorial_dag.py
[2025-01-29T23:47:35.369+0000] {processor.py:766} INFO - DAG(s) dict_keys(['tutorial_dag']) retrieved from /home/airflow/.local/lib/python3.7/site-packages/airflow/example_dags/tutorial_dag.py
[2025-01-29T23:47:35.423+0000] {logging_mixin.py:120} INFO - [2025-01-29T23:47:35.422+0000] {dag.py:2585} INFO - Sync 1 DAGs
[2025-01-29T23:47:35.455+0000] {logging_mixin.py:120} INFO - [2025-01-29T23:47:35.455+0000] {dag.py:3340} INFO - Setting next_dagrun for tutorial_dag to None, run_after=None
[2025-01-29T23:47:35.478+0000] {processor.py:176} INFO - Processing /home/airflow/.local/lib/python3.7/site-packages/airflow/example_dags/tutorial_dag.py took 0.127 seconds
[2025-01-29T23:48:05.976+0000] {processor.py:154} INFO - Started process (PID=2018) to work on /home/airflow/.local/lib/python3.7/site-packages/airflow/example_dags/tutorial_dag.py
[2025-01-29T23:48:05.977+0000] {processor.py:756} INFO - Processing file /home/airflow/.local/lib/python3.7/site-packages/airflow/example_dags/tutorial_dag.py for tasks to queue
[2025-01-29T23:48:05.978+0000] {logging_mixin.py:120} INFO - [2025-01-29T23:48:05.978+0000] {dagbag.py:537} INFO - Filling up the DagBag from /home/airflow/.local/lib/python3.7/site-packages/airflow/example_dags/tutorial_dag.py
[2025-01-29T23:48:05.989+0000] {processor.py:766} INFO - DAG(s) dict_keys(['tutorial_dag']) retrieved from /home/airflow/.local/lib/python3.7/site-packages/airflow/example_dags/tutorial_dag.py
[2025-01-29T23:48:06.045+0000] {logging_mixin.py:120} INFO - [2025-01-29T23:48:06.044+0000] {dag.py:2585} INFO - Sync 1 DAGs
[2025-01-29T23:48:06.074+0000] {logging_mixin.py:120} INFO - [2025-01-29T23:48:06.074+0000] {dag.py:3340} INFO - Setting next_dagrun for tutorial_dag to None, run_after=None
[2025-01-29T23:48:06.096+0000] {processor.py:176} INFO - Processing /home/airflow/.local/lib/python3.7/site-packages/airflow/example_dags/tutorial_dag.py took 0.123 seconds
[2025-01-29T23:48:36.907+0000] {processor.py:154} INFO - Started process (PID=2082) to work on /home/airflow/.local/lib/python3.7/site-packages/airflow/example_dags/tutorial_dag.py
[2025-01-29T23:48:36.908+0000] {processor.py:756} INFO - Processing file /home/airflow/.local/lib/python3.7/site-packages/airflow/example_dags/tutorial_dag.py for tasks to queue
[2025-01-29T23:48:36.909+0000] {logging_mixin.py:120} INFO - [2025-01-29T23:48:36.909+0000] {dagbag.py:537} INFO - Filling up the DagBag from /home/airflow/.local/lib/python3.7/site-packages/airflow/example_dags/tutorial_dag.py
[2025-01-29T23:48:36.925+0000] {processor.py:766} INFO - DAG(s) dict_keys(['tutorial_dag']) retrieved from /home/airflow/.local/lib/python3.7/site-packages/airflow/example_dags/tutorial_dag.py
[2025-01-29T23:48:36.993+0000] {logging_mixin.py:120} INFO - [2025-01-29T23:48:36.993+0000] {dag.py:2585} INFO - Sync 1 DAGs
[2025-01-29T23:48:37.032+0000] {logging_mixin.py:120} INFO - [2025-01-29T23:48:37.032+0000] {dag.py:3340} INFO - Setting next_dagrun for tutorial_dag to None, run_after=None
[2025-01-29T23:48:37.058+0000] {processor.py:176} INFO - Processing /home/airflow/.local/lib/python3.7/site-packages/airflow/example_dags/tutorial_dag.py took 0.155 seconds
[2025-01-29T23:49:07.645+0000] {processor.py:154} INFO - Started process (PID=2146) to work on /home/airflow/.local/lib/python3.7/site-packages/airflow/example_dags/tutorial_dag.py
[2025-01-29T23:49:07.646+0000] {processor.py:756} INFO - Processing file /home/airflow/.local/lib/python3.7/site-packages/airflow/example_dags/tutorial_dag.py for tasks to queue
[2025-01-29T23:49:07.646+0000] {logging_mixin.py:120} INFO - [2025-01-29T23:49:07.646+0000] {dagbag.py:537} INFO - Filling up the DagBag from /home/airflow/.local/lib/python3.7/site-packages/airflow/example_dags/tutorial_dag.py
[2025-01-29T23:49:07.659+0000] {processor.py:766} INFO - DAG(s) dict_keys(['tutorial_dag']) retrieved from /home/airflow/.local/lib/python3.7/site-packages/airflow/example_dags/tutorial_dag.py
[2025-01-29T23:49:07.716+0000] {logging_mixin.py:120} INFO - [2025-01-29T23:49:07.716+0000] {dag.py:2585} INFO - Sync 1 DAGs
[2025-01-29T23:49:07.749+0000] {logging_mixin.py:120} INFO - [2025-01-29T23:49:07.749+0000] {dag.py:3340} INFO - Setting next_dagrun for tutorial_dag to None, run_after=None
[2025-01-29T23:49:07.774+0000] {processor.py:176} INFO - Processing /home/airflow/.local/lib/python3.7/site-packages/airflow/example_dags/tutorial_dag.py took 0.132 seconds
[2025-01-29T23:49:37.938+0000] {processor.py:154} INFO - Started process (PID=2201) to work on /home/airflow/.local/lib/python3.7/site-packages/airflow/example_dags/tutorial_dag.py
[2025-01-29T23:49:37.939+0000] {processor.py:756} INFO - Processing file /home/airflow/.local/lib/python3.7/site-packages/airflow/example_dags/tutorial_dag.py for tasks to queue
[2025-01-29T23:49:37.939+0000] {logging_mixin.py:120} INFO - [2025-01-29T23:49:37.939+0000] {dagbag.py:537} INFO - Filling up the DagBag from /home/airflow/.local/lib/python3.7/site-packages/airflow/example_dags/tutorial_dag.py
[2025-01-29T23:49:37.952+0000] {processor.py:766} INFO - DAG(s) dict_keys(['tutorial_dag']) retrieved from /home/airflow/.local/lib/python3.7/site-packages/airflow/example_dags/tutorial_dag.py
[2025-01-29T23:49:38.002+0000] {logging_mixin.py:120} INFO - [2025-01-29T23:49:38.001+0000] {dag.py:2585} INFO - Sync 1 DAGs
[2025-01-29T23:49:38.033+0000] {logging_mixin.py:120} INFO - [2025-01-29T23:49:38.033+0000] {dag.py:3340} INFO - Setting next_dagrun for tutorial_dag to None, run_after=None
[2025-01-29T23:49:38.056+0000] {processor.py:176} INFO - Processing /home/airflow/.local/lib/python3.7/site-packages/airflow/example_dags/tutorial_dag.py took 0.121 seconds
[2025-01-29T23:50:08.178+0000] {processor.py:154} INFO - Started process (PID=2265) to work on /home/airflow/.local/lib/python3.7/site-packages/airflow/example_dags/tutorial_dag.py
[2025-01-29T23:50:08.179+0000] {processor.py:756} INFO - Processing file /home/airflow/.local/lib/python3.7/site-packages/airflow/example_dags/tutorial_dag.py for tasks to queue
[2025-01-29T23:50:08.180+0000] {logging_mixin.py:120} INFO - [2025-01-29T23:50:08.180+0000] {dagbag.py:537} INFO - Filling up the DagBag from /home/airflow/.local/lib/python3.7/site-packages/airflow/example_dags/tutorial_dag.py
[2025-01-29T23:50:08.195+0000] {processor.py:766} INFO - DAG(s) dict_keys(['tutorial_dag']) retrieved from /home/airflow/.local/lib/python3.7/site-packages/airflow/example_dags/tutorial_dag.py
[2025-01-29T23:50:08.254+0000] {logging_mixin.py:120} INFO - [2025-01-29T23:50:08.253+0000] {dag.py:2585} INFO - Sync 1 DAGs
[2025-01-29T23:50:08.286+0000] {logging_mixin.py:120} INFO - [2025-01-29T23:50:08.286+0000] {dag.py:3340} INFO - Setting next_dagrun for tutorial_dag to None, run_after=None
[2025-01-29T23:50:08.308+0000] {processor.py:176} INFO - Processing /home/airflow/.local/lib/python3.7/site-packages/airflow/example_dags/tutorial_dag.py took 0.133 seconds
[2025-01-29T23:50:38.716+0000] {processor.py:154} INFO - Started process (PID=2329) to work on /home/airflow/.local/lib/python3.7/site-packages/airflow/example_dags/tutorial_dag.py
[2025-01-29T23:50:38.718+0000] {processor.py:756} INFO - Processing file /home/airflow/.local/lib/python3.7/site-packages/airflow/example_dags/tutorial_dag.py for tasks to queue
[2025-01-29T23:50:38.719+0000] {logging_mixin.py:120} INFO - [2025-01-29T23:50:38.719+0000] {dagbag.py:537} INFO - Filling up the DagBag from /home/airflow/.local/lib/python3.7/site-packages/airflow/example_dags/tutorial_dag.py
[2025-01-29T23:50:38.734+0000] {processor.py:766} INFO - DAG(s) dict_keys(['tutorial_dag']) retrieved from /home/airflow/.local/lib/python3.7/site-packages/airflow/example_dags/tutorial_dag.py
[2025-01-29T23:50:38.798+0000] {logging_mixin.py:120} INFO - [2025-01-29T23:50:38.798+0000] {dag.py:2585} INFO - Sync 1 DAGs
[2025-01-29T23:50:38.830+0000] {logging_mixin.py:120} INFO - [2025-01-29T23:50:38.830+0000] {dag.py:3340} INFO - Setting next_dagrun for tutorial_dag to None, run_after=None
[2025-01-29T23:50:38.853+0000] {processor.py:176} INFO - Processing /home/airflow/.local/lib/python3.7/site-packages/airflow/example_dags/tutorial_dag.py took 0.139 seconds
[2025-01-29T23:51:09.293+0000] {processor.py:154} INFO - Started process (PID=2385) to work on /home/airflow/.local/lib/python3.7/site-packages/airflow/example_dags/tutorial_dag.py
[2025-01-29T23:51:09.294+0000] {processor.py:756} INFO - Processing file /home/airflow/.local/lib/python3.7/site-packages/airflow/example_dags/tutorial_dag.py for tasks to queue
[2025-01-29T23:51:09.295+0000] {logging_mixin.py:120} INFO - [2025-01-29T23:51:09.295+0000] {dagbag.py:537} INFO - Filling up the DagBag from /home/airflow/.local/lib/python3.7/site-packages/airflow/example_dags/tutorial_dag.py
[2025-01-29T23:51:09.310+0000] {processor.py:766} INFO - DAG(s) dict_keys(['tutorial_dag']) retrieved from /home/airflow/.local/lib/python3.7/site-packages/airflow/example_dags/tutorial_dag.py
[2025-01-29T23:51:09.372+0000] {logging_mixin.py:120} INFO - [2025-01-29T23:51:09.372+0000] {dag.py:2585} INFO - Sync 1 DAGs
[2025-01-29T23:51:09.408+0000] {logging_mixin.py:120} INFO - [2025-01-29T23:51:09.407+0000] {dag.py:3340} INFO - Setting next_dagrun for tutorial_dag to None, run_after=None
[2025-01-29T23:51:09.436+0000] {processor.py:176} INFO - Processing /home/airflow/.local/lib/python3.7/site-packages/airflow/example_dags/tutorial_dag.py took 0.146 seconds
[2025-01-29T23:51:40.060+0000] {processor.py:154} INFO - Started process (PID=2449) to work on /home/airflow/.local/lib/python3.7/site-packages/airflow/example_dags/tutorial_dag.py
[2025-01-29T23:51:40.061+0000] {processor.py:756} INFO - Processing file /home/airflow/.local/lib/python3.7/site-packages/airflow/example_dags/tutorial_dag.py for tasks to queue
[2025-01-29T23:51:40.062+0000] {logging_mixin.py:120} INFO - [2025-01-29T23:51:40.062+0000] {dagbag.py:537} INFO - Filling up the DagBag from /home/airflow/.local/lib/python3.7/site-packages/airflow/example_dags/tutorial_dag.py
[2025-01-29T23:51:40.073+0000] {processor.py:766} INFO - DAG(s) dict_keys(['tutorial_dag']) retrieved from /home/airflow/.local/lib/python3.7/site-packages/airflow/example_dags/tutorial_dag.py
[2025-01-29T23:51:40.147+0000] {logging_mixin.py:120} INFO - [2025-01-29T23:51:40.147+0000] {dag.py:2585} INFO - Sync 1 DAGs
[2025-01-29T23:51:40.188+0000] {logging_mixin.py:120} INFO - [2025-01-29T23:51:40.188+0000] {dag.py:3340} INFO - Setting next_dagrun for tutorial_dag to None, run_after=None
[2025-01-29T23:51:40.212+0000] {processor.py:176} INFO - Processing /home/airflow/.local/lib/python3.7/site-packages/airflow/example_dags/tutorial_dag.py took 0.154 seconds
[2025-01-29T23:52:10.713+0000] {processor.py:154} INFO - Started process (PID=2513) to work on /home/airflow/.local/lib/python3.7/site-packages/airflow/example_dags/tutorial_dag.py
[2025-01-29T23:52:10.713+0000] {processor.py:756} INFO - Processing file /home/airflow/.local/lib/python3.7/site-packages/airflow/example_dags/tutorial_dag.py for tasks to queue
[2025-01-29T23:52:10.714+0000] {logging_mixin.py:120} INFO - [2025-01-29T23:52:10.714+0000] {dagbag.py:537} INFO - Filling up the DagBag from /home/airflow/.local/lib/python3.7/site-packages/airflow/example_dags/tutorial_dag.py
[2025-01-29T23:52:10.726+0000] {processor.py:766} INFO - DAG(s) dict_keys(['tutorial_dag']) retrieved from /home/airflow/.local/lib/python3.7/site-packages/airflow/example_dags/tutorial_dag.py
[2025-01-29T23:52:10.784+0000] {logging_mixin.py:120} INFO - [2025-01-29T23:52:10.784+0000] {dag.py:2585} INFO - Sync 1 DAGs
[2025-01-29T23:52:10.816+0000] {logging_mixin.py:120} INFO - [2025-01-29T23:52:10.816+0000] {dag.py:3340} INFO - Setting next_dagrun for tutorial_dag to None, run_after=None
[2025-01-29T23:52:10.839+0000] {processor.py:176} INFO - Processing /home/airflow/.local/lib/python3.7/site-packages/airflow/example_dags/tutorial_dag.py took 0.129 seconds
[2025-01-29T23:52:41.152+0000] {processor.py:154} INFO - Started process (PID=2568) to work on /home/airflow/.local/lib/python3.7/site-packages/airflow/example_dags/tutorial_dag.py
[2025-01-29T23:52:41.154+0000] {processor.py:756} INFO - Processing file /home/airflow/.local/lib/python3.7/site-packages/airflow/example_dags/tutorial_dag.py for tasks to queue
[2025-01-29T23:52:41.155+0000] {logging_mixin.py:120} INFO - [2025-01-29T23:52:41.154+0000] {dagbag.py:537} INFO - Filling up the DagBag from /home/airflow/.local/lib/python3.7/site-packages/airflow/example_dags/tutorial_dag.py
[2025-01-29T23:52:41.166+0000] {processor.py:766} INFO - DAG(s) dict_keys(['tutorial_dag']) retrieved from /home/airflow/.local/lib/python3.7/site-packages/airflow/example_dags/tutorial_dag.py
[2025-01-29T23:52:41.219+0000] {logging_mixin.py:120} INFO - [2025-01-29T23:52:41.219+0000] {dag.py:2585} INFO - Sync 1 DAGs
[2025-01-29T23:52:41.249+0000] {logging_mixin.py:120} INFO - [2025-01-29T23:52:41.249+0000] {dag.py:3340} INFO - Setting next_dagrun for tutorial_dag to None, run_after=None
[2025-01-29T23:52:41.272+0000] {processor.py:176} INFO - Processing /home/airflow/.local/lib/python3.7/site-packages/airflow/example_dags/tutorial_dag.py took 0.123 seconds
[2025-01-29T23:53:11.777+0000] {processor.py:154} INFO - Started process (PID=2632) to work on /home/airflow/.local/lib/python3.7/site-packages/airflow/example_dags/tutorial_dag.py
[2025-01-29T23:53:11.778+0000] {processor.py:756} INFO - Processing file /home/airflow/.local/lib/python3.7/site-packages/airflow/example_dags/tutorial_dag.py for tasks to queue
[2025-01-29T23:53:11.779+0000] {logging_mixin.py:120} INFO - [2025-01-29T23:53:11.779+0000] {dagbag.py:537} INFO - Filling up the DagBag from /home/airflow/.local/lib/python3.7/site-packages/airflow/example_dags/tutorial_dag.py
[2025-01-29T23:53:11.791+0000] {processor.py:766} INFO - DAG(s) dict_keys(['tutorial_dag']) retrieved from /home/airflow/.local/lib/python3.7/site-packages/airflow/example_dags/tutorial_dag.py
[2025-01-29T23:53:11.848+0000] {logging_mixin.py:120} INFO - [2025-01-29T23:53:11.848+0000] {dag.py:2585} INFO - Sync 1 DAGs
[2025-01-29T23:53:11.881+0000] {logging_mixin.py:120} INFO - [2025-01-29T23:53:11.881+0000] {dag.py:3340} INFO - Setting next_dagrun for tutorial_dag to None, run_after=None
[2025-01-29T23:53:11.909+0000] {processor.py:176} INFO - Processing /home/airflow/.local/lib/python3.7/site-packages/airflow/example_dags/tutorial_dag.py took 0.134 seconds
[2025-01-29T23:53:43.183+0000] {processor.py:154} INFO - Started process (PID=2696) to work on /home/airflow/.local/lib/python3.7/site-packages/airflow/example_dags/tutorial_dag.py
[2025-01-29T23:53:43.184+0000] {processor.py:756} INFO - Processing file /home/airflow/.local/lib/python3.7/site-packages/airflow/example_dags/tutorial_dag.py for tasks to queue
[2025-01-29T23:53:43.185+0000] {logging_mixin.py:120} INFO - [2025-01-29T23:53:43.185+0000] {dagbag.py:537} INFO - Filling up the DagBag from /home/airflow/.local/lib/python3.7/site-packages/airflow/example_dags/tutorial_dag.py
[2025-01-29T23:53:43.197+0000] {processor.py:766} INFO - DAG(s) dict_keys(['tutorial_dag']) retrieved from /home/airflow/.local/lib/python3.7/site-packages/airflow/example_dags/tutorial_dag.py
[2025-01-29T23:53:43.261+0000] {logging_mixin.py:120} INFO - [2025-01-29T23:53:43.261+0000] {dag.py:2585} INFO - Sync 1 DAGs
[2025-01-29T23:53:43.300+0000] {logging_mixin.py:120} INFO - [2025-01-29T23:53:43.300+0000] {dag.py:3340} INFO - Setting next_dagrun for tutorial_dag to None, run_after=None
[2025-01-29T23:53:43.328+0000] {processor.py:176} INFO - Processing /home/airflow/.local/lib/python3.7/site-packages/airflow/example_dags/tutorial_dag.py took 0.147 seconds
[2025-01-29T23:54:13.508+0000] {processor.py:154} INFO - Started process (PID=2760) to work on /home/airflow/.local/lib/python3.7/site-packages/airflow/example_dags/tutorial_dag.py
[2025-01-29T23:54:13.509+0000] {processor.py:756} INFO - Processing file /home/airflow/.local/lib/python3.7/site-packages/airflow/example_dags/tutorial_dag.py for tasks to queue
[2025-01-29T23:54:13.510+0000] {logging_mixin.py:120} INFO - [2025-01-29T23:54:13.510+0000] {dagbag.py:537} INFO - Filling up the DagBag from /home/airflow/.local/lib/python3.7/site-packages/airflow/example_dags/tutorial_dag.py
[2025-01-29T23:54:13.528+0000] {processor.py:766} INFO - DAG(s) dict_keys(['tutorial_dag']) retrieved from /home/airflow/.local/lib/python3.7/site-packages/airflow/example_dags/tutorial_dag.py
[2025-01-29T23:54:13.592+0000] {logging_mixin.py:120} INFO - [2025-01-29T23:54:13.591+0000] {dag.py:2585} INFO - Sync 1 DAGs
[2025-01-29T23:54:13.626+0000] {logging_mixin.py:120} INFO - [2025-01-29T23:54:13.625+0000] {dag.py:3340} INFO - Setting next_dagrun for tutorial_dag to None, run_after=None
[2025-01-29T23:54:13.657+0000] {processor.py:176} INFO - Processing /home/airflow/.local/lib/python3.7/site-packages/airflow/example_dags/tutorial_dag.py took 0.153 seconds
[2025-01-29T23:54:43.852+0000] {processor.py:154} INFO - Started process (PID=2815) to work on /home/airflow/.local/lib/python3.7/site-packages/airflow/example_dags/tutorial_dag.py
[2025-01-29T23:54:43.853+0000] {processor.py:756} INFO - Processing file /home/airflow/.local/lib/python3.7/site-packages/airflow/example_dags/tutorial_dag.py for tasks to queue
[2025-01-29T23:54:43.854+0000] {logging_mixin.py:120} INFO - [2025-01-29T23:54:43.853+0000] {dagbag.py:537} INFO - Filling up the DagBag from /home/airflow/.local/lib/python3.7/site-packages/airflow/example_dags/tutorial_dag.py
[2025-01-29T23:54:43.866+0000] {processor.py:766} INFO - DAG(s) dict_keys(['tutorial_dag']) retrieved from /home/airflow/.local/lib/python3.7/site-packages/airflow/example_dags/tutorial_dag.py
[2025-01-29T23:54:43.918+0000] {logging_mixin.py:120} INFO - [2025-01-29T23:54:43.918+0000] {dag.py:2585} INFO - Sync 1 DAGs
[2025-01-29T23:54:43.948+0000] {logging_mixin.py:120} INFO - [2025-01-29T23:54:43.948+0000] {dag.py:3340} INFO - Setting next_dagrun for tutorial_dag to None, run_after=None
[2025-01-29T23:54:43.970+0000] {processor.py:176} INFO - Processing /home/airflow/.local/lib/python3.7/site-packages/airflow/example_dags/tutorial_dag.py took 0.121 seconds
[2025-01-29T23:55:14.602+0000] {processor.py:154} INFO - Started process (PID=2879) to work on /home/airflow/.local/lib/python3.7/site-packages/airflow/example_dags/tutorial_dag.py
[2025-01-29T23:55:14.603+0000] {processor.py:756} INFO - Processing file /home/airflow/.local/lib/python3.7/site-packages/airflow/example_dags/tutorial_dag.py for tasks to queue
[2025-01-29T23:55:14.604+0000] {logging_mixin.py:120} INFO - [2025-01-29T23:55:14.604+0000] {dagbag.py:537} INFO - Filling up the DagBag from /home/airflow/.local/lib/python3.7/site-packages/airflow/example_dags/tutorial_dag.py
[2025-01-29T23:55:14.616+0000] {processor.py:766} INFO - DAG(s) dict_keys(['tutorial_dag']) retrieved from /home/airflow/.local/lib/python3.7/site-packages/airflow/example_dags/tutorial_dag.py
[2025-01-29T23:55:14.668+0000] {logging_mixin.py:120} INFO - [2025-01-29T23:55:14.668+0000] {dag.py:2585} INFO - Sync 1 DAGs
[2025-01-29T23:55:14.701+0000] {logging_mixin.py:120} INFO - [2025-01-29T23:55:14.701+0000] {dag.py:3340} INFO - Setting next_dagrun for tutorial_dag to None, run_after=None
[2025-01-29T23:55:14.724+0000] {processor.py:176} INFO - Processing /home/airflow/.local/lib/python3.7/site-packages/airflow/example_dags/tutorial_dag.py took 0.124 seconds
[2025-01-29T23:55:44.957+0000] {processor.py:154} INFO - Started process (PID=2943) to work on /home/airflow/.local/lib/python3.7/site-packages/airflow/example_dags/tutorial_dag.py
[2025-01-29T23:55:44.958+0000] {processor.py:756} INFO - Processing file /home/airflow/.local/lib/python3.7/site-packages/airflow/example_dags/tutorial_dag.py for tasks to queue
[2025-01-29T23:55:44.959+0000] {logging_mixin.py:120} INFO - [2025-01-29T23:55:44.958+0000] {dagbag.py:537} INFO - Filling up the DagBag from /home/airflow/.local/lib/python3.7/site-packages/airflow/example_dags/tutorial_dag.py
[2025-01-29T23:55:44.974+0000] {processor.py:766} INFO - DAG(s) dict_keys(['tutorial_dag']) retrieved from /home/airflow/.local/lib/python3.7/site-packages/airflow/example_dags/tutorial_dag.py
[2025-01-29T23:55:45.031+0000] {logging_mixin.py:120} INFO - [2025-01-29T23:55:45.031+0000] {dag.py:2585} INFO - Sync 1 DAGs
[2025-01-29T23:55:45.064+0000] {logging_mixin.py:120} INFO - [2025-01-29T23:55:45.064+0000] {dag.py:3340} INFO - Setting next_dagrun for tutorial_dag to None, run_after=None
[2025-01-29T23:55:45.087+0000] {processor.py:176} INFO - Processing /home/airflow/.local/lib/python3.7/site-packages/airflow/example_dags/tutorial_dag.py took 0.133 seconds
[2025-01-29T23:56:15.191+0000] {processor.py:154} INFO - Started process (PID=2998) to work on /home/airflow/.local/lib/python3.7/site-packages/airflow/example_dags/tutorial_dag.py
[2025-01-29T23:56:15.192+0000] {processor.py:756} INFO - Processing file /home/airflow/.local/lib/python3.7/site-packages/airflow/example_dags/tutorial_dag.py for tasks to queue
[2025-01-29T23:56:15.193+0000] {logging_mixin.py:120} INFO - [2025-01-29T23:56:15.193+0000] {dagbag.py:537} INFO - Filling up the DagBag from /home/airflow/.local/lib/python3.7/site-packages/airflow/example_dags/tutorial_dag.py
[2025-01-29T23:56:15.205+0000] {processor.py:766} INFO - DAG(s) dict_keys(['tutorial_dag']) retrieved from /home/airflow/.local/lib/python3.7/site-packages/airflow/example_dags/tutorial_dag.py
[2025-01-29T23:56:15.261+0000] {logging_mixin.py:120} INFO - [2025-01-29T23:56:15.261+0000] {dag.py:2585} INFO - Sync 1 DAGs
[2025-01-29T23:56:15.291+0000] {logging_mixin.py:120} INFO - [2025-01-29T23:56:15.291+0000] {dag.py:3340} INFO - Setting next_dagrun for tutorial_dag to None, run_after=None
[2025-01-29T23:56:15.312+0000] {processor.py:176} INFO - Processing /home/airflow/.local/lib/python3.7/site-packages/airflow/example_dags/tutorial_dag.py took 0.124 seconds
[2025-01-29T23:56:45.673+0000] {processor.py:154} INFO - Started process (PID=3062) to work on /home/airflow/.local/lib/python3.7/site-packages/airflow/example_dags/tutorial_dag.py
[2025-01-29T23:56:45.674+0000] {processor.py:756} INFO - Processing file /home/airflow/.local/lib/python3.7/site-packages/airflow/example_dags/tutorial_dag.py for tasks to queue
[2025-01-29T23:56:45.675+0000] {logging_mixin.py:120} INFO - [2025-01-29T23:56:45.675+0000] {dagbag.py:537} INFO - Filling up the DagBag from /home/airflow/.local/lib/python3.7/site-packages/airflow/example_dags/tutorial_dag.py
[2025-01-29T23:56:45.688+0000] {processor.py:766} INFO - DAG(s) dict_keys(['tutorial_dag']) retrieved from /home/airflow/.local/lib/python3.7/site-packages/airflow/example_dags/tutorial_dag.py
[2025-01-29T23:56:45.750+0000] {logging_mixin.py:120} INFO - [2025-01-29T23:56:45.750+0000] {dag.py:2585} INFO - Sync 1 DAGs
[2025-01-29T23:56:45.784+0000] {logging_mixin.py:120} INFO - [2025-01-29T23:56:45.784+0000] {dag.py:3340} INFO - Setting next_dagrun for tutorial_dag to None, run_after=None
[2025-01-29T23:56:45.807+0000] {processor.py:176} INFO - Processing /home/airflow/.local/lib/python3.7/site-packages/airflow/example_dags/tutorial_dag.py took 0.137 seconds
[2025-01-29T23:57:15.966+0000] {processor.py:154} INFO - Started process (PID=3126) to work on /home/airflow/.local/lib/python3.7/site-packages/airflow/example_dags/tutorial_dag.py
[2025-01-29T23:57:15.967+0000] {processor.py:756} INFO - Processing file /home/airflow/.local/lib/python3.7/site-packages/airflow/example_dags/tutorial_dag.py for tasks to queue
[2025-01-29T23:57:15.967+0000] {logging_mixin.py:120} INFO - [2025-01-29T23:57:15.967+0000] {dagbag.py:537} INFO - Filling up the DagBag from /home/airflow/.local/lib/python3.7/site-packages/airflow/example_dags/tutorial_dag.py
[2025-01-29T23:57:15.982+0000] {processor.py:766} INFO - DAG(s) dict_keys(['tutorial_dag']) retrieved from /home/airflow/.local/lib/python3.7/site-packages/airflow/example_dags/tutorial_dag.py
[2025-01-29T23:57:16.048+0000] {logging_mixin.py:120} INFO - [2025-01-29T23:57:16.047+0000] {dag.py:2585} INFO - Sync 1 DAGs
[2025-01-29T23:57:16.086+0000] {logging_mixin.py:120} INFO - [2025-01-29T23:57:16.086+0000] {dag.py:3340} INFO - Setting next_dagrun for tutorial_dag to None, run_after=None
[2025-01-29T23:57:16.116+0000] {processor.py:176} INFO - Processing /home/airflow/.local/lib/python3.7/site-packages/airflow/example_dags/tutorial_dag.py took 0.154 seconds
[2025-01-29T23:57:46.384+0000] {processor.py:154} INFO - Started process (PID=3181) to work on /home/airflow/.local/lib/python3.7/site-packages/airflow/example_dags/tutorial_dag.py
[2025-01-29T23:57:46.385+0000] {processor.py:756} INFO - Processing file /home/airflow/.local/lib/python3.7/site-packages/airflow/example_dags/tutorial_dag.py for tasks to queue
[2025-01-29T23:57:46.385+0000] {logging_mixin.py:120} INFO - [2025-01-29T23:57:46.385+0000] {dagbag.py:537} INFO - Filling up the DagBag from /home/airflow/.local/lib/python3.7/site-packages/airflow/example_dags/tutorial_dag.py
[2025-01-29T23:57:46.397+0000] {processor.py:766} INFO - DAG(s) dict_keys(['tutorial_dag']) retrieved from /home/airflow/.local/lib/python3.7/site-packages/airflow/example_dags/tutorial_dag.py
[2025-01-29T23:57:46.450+0000] {logging_mixin.py:120} INFO - [2025-01-29T23:57:46.450+0000] {dag.py:2585} INFO - Sync 1 DAGs
[2025-01-29T23:57:46.481+0000] {logging_mixin.py:120} INFO - [2025-01-29T23:57:46.481+0000] {dag.py:3340} INFO - Setting next_dagrun for tutorial_dag to None, run_after=None
[2025-01-29T23:57:46.502+0000] {processor.py:176} INFO - Processing /home/airflow/.local/lib/python3.7/site-packages/airflow/example_dags/tutorial_dag.py took 0.120 seconds
[2025-01-29T23:58:17.134+0000] {processor.py:154} INFO - Started process (PID=3245) to work on /home/airflow/.local/lib/python3.7/site-packages/airflow/example_dags/tutorial_dag.py
[2025-01-29T23:58:17.135+0000] {processor.py:756} INFO - Processing file /home/airflow/.local/lib/python3.7/site-packages/airflow/example_dags/tutorial_dag.py for tasks to queue
[2025-01-29T23:58:17.136+0000] {logging_mixin.py:120} INFO - [2025-01-29T23:58:17.135+0000] {dagbag.py:537} INFO - Filling up the DagBag from /home/airflow/.local/lib/python3.7/site-packages/airflow/example_dags/tutorial_dag.py
[2025-01-29T23:58:17.148+0000] {processor.py:766} INFO - DAG(s) dict_keys(['tutorial_dag']) retrieved from /home/airflow/.local/lib/python3.7/site-packages/airflow/example_dags/tutorial_dag.py
[2025-01-29T23:58:17.202+0000] {logging_mixin.py:120} INFO - [2025-01-29T23:58:17.202+0000] {dag.py:2585} INFO - Sync 1 DAGs
[2025-01-29T23:58:17.234+0000] {logging_mixin.py:120} INFO - [2025-01-29T23:58:17.233+0000] {dag.py:3340} INFO - Setting next_dagrun for tutorial_dag to None, run_after=None
[2025-01-29T23:58:17.257+0000] {processor.py:176} INFO - Processing /home/airflow/.local/lib/python3.7/site-packages/airflow/example_dags/tutorial_dag.py took 0.126 seconds
[2025-01-29T23:58:47.451+0000] {processor.py:154} INFO - Started process (PID=3309) to work on /home/airflow/.local/lib/python3.7/site-packages/airflow/example_dags/tutorial_dag.py
[2025-01-29T23:58:47.452+0000] {processor.py:756} INFO - Processing file /home/airflow/.local/lib/python3.7/site-packages/airflow/example_dags/tutorial_dag.py for tasks to queue
[2025-01-29T23:58:47.453+0000] {logging_mixin.py:120} INFO - [2025-01-29T23:58:47.452+0000] {dagbag.py:537} INFO - Filling up the DagBag from /home/airflow/.local/lib/python3.7/site-packages/airflow/example_dags/tutorial_dag.py
[2025-01-29T23:58:47.466+0000] {processor.py:766} INFO - DAG(s) dict_keys(['tutorial_dag']) retrieved from /home/airflow/.local/lib/python3.7/site-packages/airflow/example_dags/tutorial_dag.py
[2025-01-29T23:58:47.527+0000] {logging_mixin.py:120} INFO - [2025-01-29T23:58:47.527+0000] {dag.py:2585} INFO - Sync 1 DAGs
[2025-01-29T23:58:47.559+0000] {logging_mixin.py:120} INFO - [2025-01-29T23:58:47.558+0000] {dag.py:3340} INFO - Setting next_dagrun for tutorial_dag to None, run_after=None
[2025-01-29T23:58:47.581+0000] {processor.py:176} INFO - Processing /home/airflow/.local/lib/python3.7/site-packages/airflow/example_dags/tutorial_dag.py took 0.133 seconds
[2025-01-29T23:59:18.081+0000] {processor.py:154} INFO - Started process (PID=3364) to work on /home/airflow/.local/lib/python3.7/site-packages/airflow/example_dags/tutorial_dag.py
[2025-01-29T23:59:18.082+0000] {processor.py:756} INFO - Processing file /home/airflow/.local/lib/python3.7/site-packages/airflow/example_dags/tutorial_dag.py for tasks to queue
[2025-01-29T23:59:18.083+0000] {logging_mixin.py:120} INFO - [2025-01-29T23:59:18.082+0000] {dagbag.py:537} INFO - Filling up the DagBag from /home/airflow/.local/lib/python3.7/site-packages/airflow/example_dags/tutorial_dag.py
[2025-01-29T23:59:18.094+0000] {processor.py:766} INFO - DAG(s) dict_keys(['tutorial_dag']) retrieved from /home/airflow/.local/lib/python3.7/site-packages/airflow/example_dags/tutorial_dag.py
[2025-01-29T23:59:18.148+0000] {logging_mixin.py:120} INFO - [2025-01-29T23:59:18.148+0000] {dag.py:2585} INFO - Sync 1 DAGs
[2025-01-29T23:59:18.183+0000] {logging_mixin.py:120} INFO - [2025-01-29T23:59:18.182+0000] {dag.py:3340} INFO - Setting next_dagrun for tutorial_dag to None, run_after=None
[2025-01-29T23:59:18.210+0000] {processor.py:176} INFO - Processing /home/airflow/.local/lib/python3.7/site-packages/airflow/example_dags/tutorial_dag.py took 0.131 seconds
[2025-01-29T23:59:48.681+0000] {processor.py:154} INFO - Started process (PID=3428) to work on /home/airflow/.local/lib/python3.7/site-packages/airflow/example_dags/tutorial_dag.py
[2025-01-29T23:59:48.682+0000] {processor.py:756} INFO - Processing file /home/airflow/.local/lib/python3.7/site-packages/airflow/example_dags/tutorial_dag.py for tasks to queue
[2025-01-29T23:59:48.683+0000] {logging_mixin.py:120} INFO - [2025-01-29T23:59:48.683+0000] {dagbag.py:537} INFO - Filling up the DagBag from /home/airflow/.local/lib/python3.7/site-packages/airflow/example_dags/tutorial_dag.py
[2025-01-29T23:59:48.695+0000] {processor.py:766} INFO - DAG(s) dict_keys(['tutorial_dag']) retrieved from /home/airflow/.local/lib/python3.7/site-packages/airflow/example_dags/tutorial_dag.py
[2025-01-29T23:59:48.749+0000] {logging_mixin.py:120} INFO - [2025-01-29T23:59:48.749+0000] {dag.py:2585} INFO - Sync 1 DAGs
[2025-01-29T23:59:48.783+0000] {logging_mixin.py:120} INFO - [2025-01-29T23:59:48.783+0000] {dag.py:3340} INFO - Setting next_dagrun for tutorial_dag to None, run_after=None
[2025-01-29T23:59:48.811+0000] {processor.py:176} INFO - Processing /home/airflow/.local/lib/python3.7/site-packages/airflow/example_dags/tutorial_dag.py took 0.133 seconds
