[2025-01-30T00:58:37.039+0000] {taskinstance.py:1165} INFO - Dependencies all met for <TaskInstance: embulk_pipeline_csv.create_csv_dir manual__2025-01-30T00:58:35.517143+00:00 [queued]>
[2025-01-30T00:58:37.055+0000] {taskinstance.py:1165} INFO - Dependencies all met for <TaskInstance: embulk_pipeline_csv.create_csv_dir manual__2025-01-30T00:58:35.517143+00:00 [queued]>
[2025-01-30T00:58:37.055+0000] {taskinstance.py:1362} INFO - 
--------------------------------------------------------------------------------
[2025-01-30T00:58:37.056+0000] {taskinstance.py:1363} INFO - Starting attempt 1 of 1
[2025-01-30T00:58:37.056+0000] {taskinstance.py:1364} INFO - 
--------------------------------------------------------------------------------
[2025-01-30T00:58:37.075+0000] {taskinstance.py:1383} INFO - Executing <Task(BashOperator): create_csv_dir> on 2025-01-30 00:58:35.517143+00:00
[2025-01-30T00:58:37.084+0000] {standard_task_runner.py:55} INFO - Started process 78 to run task
[2025-01-30T00:58:37.089+0000] {standard_task_runner.py:82} INFO - Running: ['***', 'tasks', 'run', 'embulk_pipeline_csv', 'create_csv_dir', 'manual__2025-01-30T00:58:35.517143+00:00', '--job-id', '24', '--raw', '--subdir', 'DAGS_FOLDER/pipeline_csv_dag.py', '--cfg-path', '/tmp/tmp35152dot']
[2025-01-30T00:58:37.090+0000] {standard_task_runner.py:83} INFO - Job 24: Subtask create_csv_dir
[2025-01-30T00:58:37.250+0000] {task_command.py:376} INFO - Running <TaskInstance: embulk_pipeline_csv.create_csv_dir manual__2025-01-30T00:58:35.517143+00:00 [running]> on host 39f1336c6349
[2025-01-30T00:58:37.401+0000] {taskinstance.py:1592} INFO - Exporting the following env vars:
AIRFLOW_CTX_DAG_OWNER=***
AIRFLOW_CTX_DAG_ID=embulk_pipeline_csv
AIRFLOW_CTX_TASK_ID=create_csv_dir
AIRFLOW_CTX_EXECUTION_DATE=2025-01-30T00:58:35.517143+00:00
AIRFLOW_CTX_TRY_NUMBER=1
AIRFLOW_CTX_DAG_RUN_ID=manual__2025-01-30T00:58:35.517143+00:00
[2025-01-30T00:58:37.403+0000] {subprocess.py:63} INFO - Tmp dir root location: 
 /tmp
[2025-01-30T00:58:37.405+0000] {subprocess.py:75} INFO - Running command: ['/bin/bash', '-c', 'mkdir -p /opt/***/data/csv/2025-01-30']
[2025-01-30T00:58:37.421+0000] {subprocess.py:86} INFO - Output:
[2025-01-30T00:58:37.429+0000] {subprocess.py:97} INFO - Command exited with return code 0
[2025-01-30T00:58:37.500+0000] {taskinstance.py:1406} INFO - Marking task as SUCCESS. dag_id=embulk_pipeline_csv, task_id=create_csv_dir, execution_date=20250130T005835, start_date=20250130T005837, end_date=20250130T005837
[2025-01-30T00:58:37.542+0000] {local_task_job.py:164} INFO - Task exited with return code 0
[2025-01-30T00:58:37.600+0000] {local_task_job.py:273} INFO - 1 downstream tasks scheduled from follow-on schedule check
