[2025-01-29T23:36:31.459+0000] {taskinstance.py:1165} INFO - Dependencies all met for <TaskInstance: embulk_pipeline_csv.create_csv_dir manual__2025-01-29T23:36:30.284767+00:00 [queued]>
[2025-01-29T23:36:31.472+0000] {taskinstance.py:1165} INFO - Dependencies all met for <TaskInstance: embulk_pipeline_csv.create_csv_dir manual__2025-01-29T23:36:30.284767+00:00 [queued]>
[2025-01-29T23:36:31.473+0000] {taskinstance.py:1362} INFO - 
--------------------------------------------------------------------------------
[2025-01-29T23:36:31.474+0000] {taskinstance.py:1363} INFO - Starting attempt 1 of 1
[2025-01-29T23:36:31.474+0000] {taskinstance.py:1364} INFO - 
--------------------------------------------------------------------------------
[2025-01-29T23:36:31.491+0000] {taskinstance.py:1383} INFO - Executing <Task(BashOperator): create_csv_dir> on 2025-01-29 23:36:30.284767+00:00
[2025-01-29T23:36:31.498+0000] {standard_task_runner.py:55} INFO - Started process 288 to run task
[2025-01-29T23:36:31.501+0000] {standard_task_runner.py:82} INFO - Running: ['***', 'tasks', 'run', 'embulk_pipeline_csv', 'create_csv_dir', 'manual__2025-01-29T23:36:30.284767+00:00', '--job-id', '3', '--raw', '--subdir', 'DAGS_FOLDER/pipeline_csv_dag.py', '--cfg-path', '/tmp/tmpdq0wxn4w']
[2025-01-29T23:36:31.502+0000] {standard_task_runner.py:83} INFO - Job 3: Subtask create_csv_dir
[2025-01-29T23:36:31.643+0000] {task_command.py:376} INFO - Running <TaskInstance: embulk_pipeline_csv.create_csv_dir manual__2025-01-29T23:36:30.284767+00:00 [running]> on host 994f36fe794c
[2025-01-29T23:36:31.798+0000] {taskinstance.py:1592} INFO - Exporting the following env vars:
AIRFLOW_CTX_DAG_OWNER=***
AIRFLOW_CTX_DAG_ID=embulk_pipeline_csv
AIRFLOW_CTX_TASK_ID=create_csv_dir
AIRFLOW_CTX_EXECUTION_DATE=2025-01-29T23:36:30.284767+00:00
AIRFLOW_CTX_TRY_NUMBER=1
AIRFLOW_CTX_DAG_RUN_ID=manual__2025-01-29T23:36:30.284767+00:00
[2025-01-29T23:36:31.799+0000] {subprocess.py:63} INFO - Tmp dir root location: 
 /tmp
[2025-01-29T23:36:31.800+0000] {subprocess.py:75} INFO - Running command: ['/bin/bash', '-c', 'mkdir -p /opt/***/data/csv/2025-01-29']
[2025-01-29T23:36:31.814+0000] {subprocess.py:86} INFO - Output:
[2025-01-29T23:36:31.819+0000] {subprocess.py:97} INFO - Command exited with return code 0
[2025-01-29T23:36:31.888+0000] {taskinstance.py:1406} INFO - Marking task as SUCCESS. dag_id=embulk_pipeline_csv, task_id=create_csv_dir, execution_date=20250129T233630, start_date=20250129T233631, end_date=20250129T233631
[2025-01-29T23:36:31.955+0000] {local_task_job.py:164} INFO - Task exited with return code 0
[2025-01-29T23:36:32.009+0000] {local_task_job.py:273} INFO - 1 downstream tasks scheduled from follow-on schedule check
