[2025-01-29T23:31:45.773+0000] {processor.py:154} INFO - Started process (PID=50) to work on /opt/airflow/dags/pipeline_csv_dag.py
[2025-01-29T23:31:45.775+0000] {processor.py:756} INFO - Processing file /opt/airflow/dags/pipeline_csv_dag.py for tasks to queue
[2025-01-29T23:31:45.776+0000] {logging_mixin.py:120} INFO - [2025-01-29T23:31:45.776+0000] {dagbag.py:537} INFO - Filling up the DagBag from /opt/airflow/dags/pipeline_csv_dag.py
[2025-01-29T23:31:45.836+0000] {processor.py:766} INFO - DAG(s) dict_keys(['embulk_pipeline_csv']) retrieved from /opt/airflow/dags/pipeline_csv_dag.py
[2025-01-29T23:31:46.121+0000] {logging_mixin.py:120} INFO - [2025-01-29T23:31:46.120+0000] {manager.py:507} INFO - Created Permission View: can read on DAG:embulk_pipeline_csv
[2025-01-29T23:31:46.132+0000] {logging_mixin.py:120} INFO - [2025-01-29T23:31:46.132+0000] {manager.py:507} INFO - Created Permission View: can delete on DAG:embulk_pipeline_csv
[2025-01-29T23:31:46.140+0000] {logging_mixin.py:120} INFO - [2025-01-29T23:31:46.140+0000] {manager.py:507} INFO - Created Permission View: can edit on DAG:embulk_pipeline_csv
[2025-01-29T23:31:46.141+0000] {logging_mixin.py:120} INFO - [2025-01-29T23:31:46.141+0000] {dag.py:2585} INFO - Sync 1 DAGs
[2025-01-29T23:31:46.161+0000] {logging_mixin.py:120} INFO - [2025-01-29T23:31:46.161+0000] {dag.py:2606} INFO - Creating ORM DAG for embulk_pipeline_csv
[2025-01-29T23:31:46.177+0000] {logging_mixin.py:120} INFO - [2025-01-29T23:31:46.177+0000] {dag.py:3340} INFO - Setting next_dagrun for embulk_pipeline_csv to 2025-01-29T00:00:00+00:00, run_after=2025-01-30T00:00:00+00:00
[2025-01-29T23:31:46.211+0000] {processor.py:176} INFO - Processing /opt/airflow/dags/pipeline_csv_dag.py took 0.441 seconds
[2025-01-29T23:32:16.321+0000] {processor.py:154} INFO - Started process (PID=105) to work on /opt/airflow/dags/pipeline_csv_dag.py
[2025-01-29T23:32:16.322+0000] {processor.py:756} INFO - Processing file /opt/airflow/dags/pipeline_csv_dag.py for tasks to queue
[2025-01-29T23:32:16.323+0000] {logging_mixin.py:120} INFO - [2025-01-29T23:32:16.323+0000] {dagbag.py:537} INFO - Filling up the DagBag from /opt/airflow/dags/pipeline_csv_dag.py
[2025-01-29T23:32:16.348+0000] {processor.py:766} INFO - DAG(s) dict_keys(['embulk_pipeline_csv']) retrieved from /opt/airflow/dags/pipeline_csv_dag.py
[2025-01-29T23:32:16.411+0000] {logging_mixin.py:120} INFO - [2025-01-29T23:32:16.410+0000] {dag.py:2585} INFO - Sync 1 DAGs
[2025-01-29T23:32:16.447+0000] {logging_mixin.py:120} INFO - [2025-01-29T23:32:16.446+0000] {dag.py:3340} INFO - Setting next_dagrun for embulk_pipeline_csv to 2025-01-29T00:00:00+00:00, run_after=2025-01-30T00:00:00+00:00
[2025-01-29T23:32:16.471+0000] {processor.py:176} INFO - Processing /opt/airflow/dags/pipeline_csv_dag.py took 0.154 seconds
[2025-01-29T23:32:46.978+0000] {processor.py:154} INFO - Started process (PID=170) to work on /opt/airflow/dags/pipeline_csv_dag.py
[2025-01-29T23:32:46.979+0000] {processor.py:756} INFO - Processing file /opt/airflow/dags/pipeline_csv_dag.py for tasks to queue
[2025-01-29T23:32:46.980+0000] {logging_mixin.py:120} INFO - [2025-01-29T23:32:46.980+0000] {dagbag.py:537} INFO - Filling up the DagBag from /opt/airflow/dags/pipeline_csv_dag.py
[2025-01-29T23:32:47.008+0000] {processor.py:766} INFO - DAG(s) dict_keys(['embulk_pipeline_csv']) retrieved from /opt/airflow/dags/pipeline_csv_dag.py
[2025-01-29T23:32:47.084+0000] {logging_mixin.py:120} INFO - [2025-01-29T23:32:47.084+0000] {dag.py:2585} INFO - Sync 1 DAGs
[2025-01-29T23:32:47.126+0000] {logging_mixin.py:120} INFO - [2025-01-29T23:32:47.126+0000] {dag.py:3340} INFO - Setting next_dagrun for embulk_pipeline_csv to 2025-01-29T00:00:00+00:00, run_after=2025-01-30T00:00:00+00:00
[2025-01-29T23:32:47.154+0000] {processor.py:176} INFO - Processing /opt/airflow/dags/pipeline_csv_dag.py took 0.180 seconds
[2025-01-29T23:33:17.436+0000] {processor.py:154} INFO - Started process (PID=234) to work on /opt/airflow/dags/pipeline_csv_dag.py
[2025-01-29T23:33:17.437+0000] {processor.py:756} INFO - Processing file /opt/airflow/dags/pipeline_csv_dag.py for tasks to queue
[2025-01-29T23:33:17.437+0000] {logging_mixin.py:120} INFO - [2025-01-29T23:33:17.437+0000] {dagbag.py:537} INFO - Filling up the DagBag from /opt/airflow/dags/pipeline_csv_dag.py
[2025-01-29T23:33:17.460+0000] {processor.py:766} INFO - DAG(s) dict_keys(['embulk_pipeline_csv']) retrieved from /opt/airflow/dags/pipeline_csv_dag.py
[2025-01-29T23:33:17.513+0000] {logging_mixin.py:120} INFO - [2025-01-29T23:33:17.512+0000] {dag.py:2585} INFO - Sync 1 DAGs
[2025-01-29T23:33:17.545+0000] {logging_mixin.py:120} INFO - [2025-01-29T23:33:17.545+0000] {dag.py:3340} INFO - Setting next_dagrun for embulk_pipeline_csv to 2025-01-29T00:00:00+00:00, run_after=2025-01-30T00:00:00+00:00
[2025-01-29T23:33:17.571+0000] {processor.py:176} INFO - Processing /opt/airflow/dags/pipeline_csv_dag.py took 0.138 seconds
[2025-01-29T23:33:48.062+0000] {processor.py:154} INFO - Started process (PID=289) to work on /opt/airflow/dags/pipeline_csv_dag.py
[2025-01-29T23:33:48.064+0000] {processor.py:756} INFO - Processing file /opt/airflow/dags/pipeline_csv_dag.py for tasks to queue
[2025-01-29T23:33:48.064+0000] {logging_mixin.py:120} INFO - [2025-01-29T23:33:48.064+0000] {dagbag.py:537} INFO - Filling up the DagBag from /opt/airflow/dags/pipeline_csv_dag.py
[2025-01-29T23:33:48.087+0000] {processor.py:766} INFO - DAG(s) dict_keys(['embulk_pipeline_csv']) retrieved from /opt/airflow/dags/pipeline_csv_dag.py
[2025-01-29T23:33:48.154+0000] {logging_mixin.py:120} INFO - [2025-01-29T23:33:48.154+0000] {dag.py:2585} INFO - Sync 1 DAGs
[2025-01-29T23:33:48.191+0000] {logging_mixin.py:120} INFO - [2025-01-29T23:33:48.191+0000] {dag.py:3340} INFO - Setting next_dagrun for embulk_pipeline_csv to 2025-01-29T00:00:00+00:00, run_after=2025-01-30T00:00:00+00:00
[2025-01-29T23:33:48.221+0000] {processor.py:176} INFO - Processing /opt/airflow/dags/pipeline_csv_dag.py took 0.161 seconds
[2025-01-29T23:34:18.356+0000] {processor.py:154} INFO - Started process (PID=353) to work on /opt/airflow/dags/pipeline_csv_dag.py
[2025-01-29T23:34:18.357+0000] {processor.py:756} INFO - Processing file /opt/airflow/dags/pipeline_csv_dag.py for tasks to queue
[2025-01-29T23:34:18.358+0000] {logging_mixin.py:120} INFO - [2025-01-29T23:34:18.358+0000] {dagbag.py:537} INFO - Filling up the DagBag from /opt/airflow/dags/pipeline_csv_dag.py
[2025-01-29T23:34:18.384+0000] {processor.py:766} INFO - DAG(s) dict_keys(['embulk_pipeline_csv']) retrieved from /opt/airflow/dags/pipeline_csv_dag.py
[2025-01-29T23:34:18.461+0000] {logging_mixin.py:120} INFO - [2025-01-29T23:34:18.461+0000] {dag.py:2585} INFO - Sync 1 DAGs
[2025-01-29T23:34:18.501+0000] {logging_mixin.py:120} INFO - [2025-01-29T23:34:18.500+0000] {dag.py:3340} INFO - Setting next_dagrun for embulk_pipeline_csv to 2025-01-29T00:00:00+00:00, run_after=2025-01-30T00:00:00+00:00
[2025-01-29T23:34:18.526+0000] {processor.py:176} INFO - Processing /opt/airflow/dags/pipeline_csv_dag.py took 0.174 seconds
[2025-01-29T23:34:48.780+0000] {processor.py:154} INFO - Started process (PID=416) to work on /opt/airflow/dags/pipeline_csv_dag.py
[2025-01-29T23:34:48.781+0000] {processor.py:756} INFO - Processing file /opt/airflow/dags/pipeline_csv_dag.py for tasks to queue
[2025-01-29T23:34:48.782+0000] {logging_mixin.py:120} INFO - [2025-01-29T23:34:48.782+0000] {dagbag.py:537} INFO - Filling up the DagBag from /opt/airflow/dags/pipeline_csv_dag.py
[2025-01-29T23:34:48.806+0000] {processor.py:766} INFO - DAG(s) dict_keys(['embulk_pipeline_csv']) retrieved from /opt/airflow/dags/pipeline_csv_dag.py
[2025-01-29T23:34:48.862+0000] {logging_mixin.py:120} INFO - [2025-01-29T23:34:48.861+0000] {dag.py:2585} INFO - Sync 1 DAGs
[2025-01-29T23:34:48.910+0000] {logging_mixin.py:120} INFO - [2025-01-29T23:34:48.909+0000] {dag.py:3340} INFO - Setting next_dagrun for embulk_pipeline_csv to 2025-01-29T00:00:00+00:00, run_after=2025-01-30T00:00:00+00:00
[2025-01-29T23:34:48.951+0000] {processor.py:176} INFO - Processing /opt/airflow/dags/pipeline_csv_dag.py took 0.174 seconds
[2025-01-29T23:35:19.110+0000] {processor.py:154} INFO - Started process (PID=471) to work on /opt/airflow/dags/pipeline_csv_dag.py
[2025-01-29T23:35:19.111+0000] {processor.py:756} INFO - Processing file /opt/airflow/dags/pipeline_csv_dag.py for tasks to queue
[2025-01-29T23:35:19.111+0000] {logging_mixin.py:120} INFO - [2025-01-29T23:35:19.111+0000] {dagbag.py:537} INFO - Filling up the DagBag from /opt/airflow/dags/pipeline_csv_dag.py
[2025-01-29T23:35:19.136+0000] {processor.py:766} INFO - DAG(s) dict_keys(['embulk_pipeline_csv']) retrieved from /opt/airflow/dags/pipeline_csv_dag.py
[2025-01-29T23:35:19.189+0000] {logging_mixin.py:120} INFO - [2025-01-29T23:35:19.188+0000] {dag.py:2585} INFO - Sync 1 DAGs
[2025-01-29T23:35:19.221+0000] {logging_mixin.py:120} INFO - [2025-01-29T23:35:19.221+0000] {dag.py:3340} INFO - Setting next_dagrun for embulk_pipeline_csv to 2025-01-29T00:00:00+00:00, run_after=2025-01-30T00:00:00+00:00
[2025-01-29T23:35:19.246+0000] {processor.py:176} INFO - Processing /opt/airflow/dags/pipeline_csv_dag.py took 0.139 seconds
[2025-01-29T23:35:50.158+0000] {processor.py:154} INFO - Started process (PID=535) to work on /opt/airflow/dags/pipeline_csv_dag.py
[2025-01-29T23:35:50.159+0000] {processor.py:756} INFO - Processing file /opt/airflow/dags/pipeline_csv_dag.py for tasks to queue
[2025-01-29T23:35:50.160+0000] {logging_mixin.py:120} INFO - [2025-01-29T23:35:50.160+0000] {dagbag.py:537} INFO - Filling up the DagBag from /opt/airflow/dags/pipeline_csv_dag.py
[2025-01-29T23:35:50.204+0000] {processor.py:766} INFO - DAG(s) dict_keys(['embulk_pipeline_csv']) retrieved from /opt/airflow/dags/pipeline_csv_dag.py
[2025-01-29T23:35:50.333+0000] {logging_mixin.py:120} INFO - [2025-01-29T23:35:50.333+0000] {dag.py:2585} INFO - Sync 1 DAGs
[2025-01-29T23:35:50.370+0000] {logging_mixin.py:120} INFO - [2025-01-29T23:35:50.370+0000] {dag.py:3340} INFO - Setting next_dagrun for embulk_pipeline_csv to 2025-01-29T00:00:00+00:00, run_after=2025-01-30T00:00:00+00:00
[2025-01-29T23:35:50.398+0000] {processor.py:176} INFO - Processing /opt/airflow/dags/pipeline_csv_dag.py took 0.243 seconds
[2025-01-29T23:36:20.477+0000] {processor.py:154} INFO - Started process (PID=599) to work on /opt/airflow/dags/pipeline_csv_dag.py
[2025-01-29T23:36:20.478+0000] {processor.py:756} INFO - Processing file /opt/airflow/dags/pipeline_csv_dag.py for tasks to queue
[2025-01-29T23:36:20.479+0000] {logging_mixin.py:120} INFO - [2025-01-29T23:36:20.479+0000] {dagbag.py:537} INFO - Filling up the DagBag from /opt/airflow/dags/pipeline_csv_dag.py
[2025-01-29T23:36:20.506+0000] {processor.py:766} INFO - DAG(s) dict_keys(['embulk_pipeline_csv']) retrieved from /opt/airflow/dags/pipeline_csv_dag.py
[2025-01-29T23:36:20.571+0000] {logging_mixin.py:120} INFO - [2025-01-29T23:36:20.571+0000] {dag.py:2585} INFO - Sync 1 DAGs
[2025-01-29T23:36:20.613+0000] {logging_mixin.py:120} INFO - [2025-01-29T23:36:20.613+0000] {dag.py:3340} INFO - Setting next_dagrun for embulk_pipeline_csv to 2025-01-29T00:00:00+00:00, run_after=2025-01-30T00:00:00+00:00
[2025-01-29T23:36:20.640+0000] {processor.py:176} INFO - Processing /opt/airflow/dags/pipeline_csv_dag.py took 0.167 seconds
[2025-01-29T23:36:51.643+0000] {processor.py:154} INFO - Started process (PID=663) to work on /opt/airflow/dags/pipeline_csv_dag.py
[2025-01-29T23:36:51.644+0000] {processor.py:756} INFO - Processing file /opt/airflow/dags/pipeline_csv_dag.py for tasks to queue
[2025-01-29T23:36:51.645+0000] {logging_mixin.py:120} INFO - [2025-01-29T23:36:51.645+0000] {dagbag.py:537} INFO - Filling up the DagBag from /opt/airflow/dags/pipeline_csv_dag.py
[2025-01-29T23:36:51.677+0000] {processor.py:766} INFO - DAG(s) dict_keys(['embulk_pipeline_csv']) retrieved from /opt/airflow/dags/pipeline_csv_dag.py
[2025-01-29T23:36:51.783+0000] {logging_mixin.py:120} INFO - [2025-01-29T23:36:51.782+0000] {dag.py:2585} INFO - Sync 1 DAGs
[2025-01-29T23:36:51.857+0000] {logging_mixin.py:120} INFO - [2025-01-29T23:36:51.857+0000] {dag.py:3340} INFO - Setting next_dagrun for embulk_pipeline_csv to 2025-01-29T00:00:00+00:00, run_after=2025-01-30T00:00:00+00:00
[2025-01-29T23:36:51.899+0000] {processor.py:176} INFO - Processing /opt/airflow/dags/pipeline_csv_dag.py took 0.262 seconds
[2025-01-29T23:37:21.949+0000] {processor.py:154} INFO - Started process (PID=718) to work on /opt/airflow/dags/pipeline_csv_dag.py
[2025-01-29T23:37:21.950+0000] {processor.py:756} INFO - Processing file /opt/airflow/dags/pipeline_csv_dag.py for tasks to queue
[2025-01-29T23:37:21.950+0000] {logging_mixin.py:120} INFO - [2025-01-29T23:37:21.950+0000] {dagbag.py:537} INFO - Filling up the DagBag from /opt/airflow/dags/pipeline_csv_dag.py
[2025-01-29T23:37:21.972+0000] {processor.py:766} INFO - DAG(s) dict_keys(['embulk_pipeline_csv']) retrieved from /opt/airflow/dags/pipeline_csv_dag.py
[2025-01-29T23:37:22.023+0000] {logging_mixin.py:120} INFO - [2025-01-29T23:37:22.023+0000] {dag.py:2585} INFO - Sync 1 DAGs
[2025-01-29T23:37:22.057+0000] {logging_mixin.py:120} INFO - [2025-01-29T23:37:22.057+0000] {dag.py:3340} INFO - Setting next_dagrun for embulk_pipeline_csv to 2025-01-29T00:00:00+00:00, run_after=2025-01-30T00:00:00+00:00
[2025-01-29T23:37:22.080+0000] {processor.py:176} INFO - Processing /opt/airflow/dags/pipeline_csv_dag.py took 0.133 seconds
[2025-01-29T23:37:52.122+0000] {processor.py:154} INFO - Started process (PID=782) to work on /opt/airflow/dags/pipeline_csv_dag.py
[2025-01-29T23:37:52.123+0000] {processor.py:756} INFO - Processing file /opt/airflow/dags/pipeline_csv_dag.py for tasks to queue
[2025-01-29T23:37:52.123+0000] {logging_mixin.py:120} INFO - [2025-01-29T23:37:52.123+0000] {dagbag.py:537} INFO - Filling up the DagBag from /opt/airflow/dags/pipeline_csv_dag.py
[2025-01-29T23:37:52.146+0000] {processor.py:766} INFO - DAG(s) dict_keys(['embulk_pipeline_csv']) retrieved from /opt/airflow/dags/pipeline_csv_dag.py
[2025-01-29T23:37:52.199+0000] {logging_mixin.py:120} INFO - [2025-01-29T23:37:52.199+0000] {dag.py:2585} INFO - Sync 1 DAGs
[2025-01-29T23:37:52.231+0000] {logging_mixin.py:120} INFO - [2025-01-29T23:37:52.230+0000] {dag.py:3340} INFO - Setting next_dagrun for embulk_pipeline_csv to 2025-01-29T00:00:00+00:00, run_after=2025-01-30T00:00:00+00:00
[2025-01-29T23:37:52.252+0000] {processor.py:176} INFO - Processing /opt/airflow/dags/pipeline_csv_dag.py took 0.133 seconds
[2025-01-29T23:38:22.922+0000] {processor.py:154} INFO - Started process (PID=846) to work on /opt/airflow/dags/pipeline_csv_dag.py
[2025-01-29T23:38:22.923+0000] {processor.py:756} INFO - Processing file /opt/airflow/dags/pipeline_csv_dag.py for tasks to queue
[2025-01-29T23:38:22.924+0000] {logging_mixin.py:120} INFO - [2025-01-29T23:38:22.923+0000] {dagbag.py:537} INFO - Filling up the DagBag from /opt/airflow/dags/pipeline_csv_dag.py
[2025-01-29T23:38:22.947+0000] {processor.py:766} INFO - DAG(s) dict_keys(['embulk_pipeline_csv']) retrieved from /opt/airflow/dags/pipeline_csv_dag.py
[2025-01-29T23:38:22.999+0000] {logging_mixin.py:120} INFO - [2025-01-29T23:38:22.999+0000] {dag.py:2585} INFO - Sync 1 DAGs
[2025-01-29T23:38:23.030+0000] {logging_mixin.py:120} INFO - [2025-01-29T23:38:23.030+0000] {dag.py:3340} INFO - Setting next_dagrun for embulk_pipeline_csv to 2025-01-29T00:00:00+00:00, run_after=2025-01-30T00:00:00+00:00
[2025-01-29T23:38:23.053+0000] {processor.py:176} INFO - Processing /opt/airflow/dags/pipeline_csv_dag.py took 0.135 seconds
[2025-01-29T23:38:54.047+0000] {processor.py:154} INFO - Started process (PID=901) to work on /opt/airflow/dags/pipeline_csv_dag.py
[2025-01-29T23:38:54.048+0000] {processor.py:756} INFO - Processing file /opt/airflow/dags/pipeline_csv_dag.py for tasks to queue
[2025-01-29T23:38:54.049+0000] {logging_mixin.py:120} INFO - [2025-01-29T23:38:54.049+0000] {dagbag.py:537} INFO - Filling up the DagBag from /opt/airflow/dags/pipeline_csv_dag.py
[2025-01-29T23:38:54.073+0000] {processor.py:766} INFO - DAG(s) dict_keys(['embulk_pipeline_csv']) retrieved from /opt/airflow/dags/pipeline_csv_dag.py
[2025-01-29T23:38:54.126+0000] {logging_mixin.py:120} INFO - [2025-01-29T23:38:54.126+0000] {dag.py:2585} INFO - Sync 1 DAGs
[2025-01-29T23:38:54.164+0000] {logging_mixin.py:120} INFO - [2025-01-29T23:38:54.164+0000] {dag.py:3340} INFO - Setting next_dagrun for embulk_pipeline_csv to 2025-01-29T00:00:00+00:00, run_after=2025-01-30T00:00:00+00:00
[2025-01-29T23:38:54.187+0000] {processor.py:176} INFO - Processing /opt/airflow/dags/pipeline_csv_dag.py took 0.142 seconds
[2025-01-29T23:39:24.749+0000] {processor.py:154} INFO - Started process (PID=965) to work on /opt/airflow/dags/pipeline_csv_dag.py
[2025-01-29T23:39:24.750+0000] {processor.py:756} INFO - Processing file /opt/airflow/dags/pipeline_csv_dag.py for tasks to queue
[2025-01-29T23:39:24.751+0000] {logging_mixin.py:120} INFO - [2025-01-29T23:39:24.751+0000] {dagbag.py:537} INFO - Filling up the DagBag from /opt/airflow/dags/pipeline_csv_dag.py
[2025-01-29T23:39:24.774+0000] {processor.py:766} INFO - DAG(s) dict_keys(['embulk_pipeline_csv']) retrieved from /opt/airflow/dags/pipeline_csv_dag.py
[2025-01-29T23:39:24.827+0000] {logging_mixin.py:120} INFO - [2025-01-29T23:39:24.827+0000] {dag.py:2585} INFO - Sync 1 DAGs
[2025-01-29T23:39:24.862+0000] {logging_mixin.py:120} INFO - [2025-01-29T23:39:24.862+0000] {dag.py:3340} INFO - Setting next_dagrun for embulk_pipeline_csv to 2025-01-29T00:00:00+00:00, run_after=2025-01-30T00:00:00+00:00
[2025-01-29T23:39:24.885+0000] {processor.py:176} INFO - Processing /opt/airflow/dags/pipeline_csv_dag.py took 0.138 seconds
[2025-01-29T23:39:55.547+0000] {processor.py:154} INFO - Started process (PID=1029) to work on /opt/airflow/dags/pipeline_csv_dag.py
[2025-01-29T23:39:55.547+0000] {processor.py:756} INFO - Processing file /opt/airflow/dags/pipeline_csv_dag.py for tasks to queue
[2025-01-29T23:39:55.548+0000] {logging_mixin.py:120} INFO - [2025-01-29T23:39:55.548+0000] {dagbag.py:537} INFO - Filling up the DagBag from /opt/airflow/dags/pipeline_csv_dag.py
[2025-01-29T23:39:55.570+0000] {processor.py:766} INFO - DAG(s) dict_keys(['embulk_pipeline_csv']) retrieved from /opt/airflow/dags/pipeline_csv_dag.py
[2025-01-29T23:39:55.626+0000] {logging_mixin.py:120} INFO - [2025-01-29T23:39:55.626+0000] {dag.py:2585} INFO - Sync 1 DAGs
[2025-01-29T23:39:55.660+0000] {logging_mixin.py:120} INFO - [2025-01-29T23:39:55.660+0000] {dag.py:3340} INFO - Setting next_dagrun for embulk_pipeline_csv to 2025-01-29T00:00:00+00:00, run_after=2025-01-30T00:00:00+00:00
[2025-01-29T23:39:55.685+0000] {processor.py:176} INFO - Processing /opt/airflow/dags/pipeline_csv_dag.py took 0.143 seconds
[2025-01-29T23:40:25.894+0000] {processor.py:154} INFO - Started process (PID=1091) to work on /opt/airflow/dags/pipeline_csv_dag.py
[2025-01-29T23:40:25.895+0000] {processor.py:756} INFO - Processing file /opt/airflow/dags/pipeline_csv_dag.py for tasks to queue
[2025-01-29T23:40:25.896+0000] {logging_mixin.py:120} INFO - [2025-01-29T23:40:25.896+0000] {dagbag.py:537} INFO - Filling up the DagBag from /opt/airflow/dags/pipeline_csv_dag.py
[2025-01-29T23:40:25.918+0000] {processor.py:766} INFO - DAG(s) dict_keys(['embulk_pipeline_csv']) retrieved from /opt/airflow/dags/pipeline_csv_dag.py
[2025-01-29T23:40:25.984+0000] {logging_mixin.py:120} INFO - [2025-01-29T23:40:25.984+0000] {dag.py:2585} INFO - Sync 1 DAGs
[2025-01-29T23:40:26.021+0000] {logging_mixin.py:120} INFO - [2025-01-29T23:40:26.021+0000] {dag.py:3340} INFO - Setting next_dagrun for embulk_pipeline_csv to 2025-01-29T00:00:00+00:00, run_after=2025-01-30T00:00:00+00:00
[2025-01-29T23:40:26.046+0000] {processor.py:176} INFO - Processing /opt/airflow/dags/pipeline_csv_dag.py took 0.155 seconds
[2025-01-29T23:40:56.296+0000] {processor.py:154} INFO - Started process (PID=1148) to work on /opt/airflow/dags/pipeline_csv_dag.py
[2025-01-29T23:40:56.297+0000] {processor.py:756} INFO - Processing file /opt/airflow/dags/pipeline_csv_dag.py for tasks to queue
[2025-01-29T23:40:56.297+0000] {logging_mixin.py:120} INFO - [2025-01-29T23:40:56.297+0000] {dagbag.py:537} INFO - Filling up the DagBag from /opt/airflow/dags/pipeline_csv_dag.py
[2025-01-29T23:40:56.324+0000] {processor.py:766} INFO - DAG(s) dict_keys(['embulk_pipeline_csv']) retrieved from /opt/airflow/dags/pipeline_csv_dag.py
[2025-01-29T23:40:56.387+0000] {logging_mixin.py:120} INFO - [2025-01-29T23:40:56.387+0000] {dag.py:2585} INFO - Sync 1 DAGs
[2025-01-29T23:40:56.423+0000] {logging_mixin.py:120} INFO - [2025-01-29T23:40:56.423+0000] {dag.py:3340} INFO - Setting next_dagrun for embulk_pipeline_csv to 2025-01-29T00:00:00+00:00, run_after=2025-01-30T00:00:00+00:00
[2025-01-29T23:40:56.448+0000] {processor.py:176} INFO - Processing /opt/airflow/dags/pipeline_csv_dag.py took 0.154 seconds
[2025-01-29T23:41:26.932+0000] {processor.py:154} INFO - Started process (PID=1212) to work on /opt/airflow/dags/pipeline_csv_dag.py
[2025-01-29T23:41:26.933+0000] {processor.py:756} INFO - Processing file /opt/airflow/dags/pipeline_csv_dag.py for tasks to queue
[2025-01-29T23:41:26.934+0000] {logging_mixin.py:120} INFO - [2025-01-29T23:41:26.934+0000] {dagbag.py:537} INFO - Filling up the DagBag from /opt/airflow/dags/pipeline_csv_dag.py
[2025-01-29T23:41:26.956+0000] {processor.py:766} INFO - DAG(s) dict_keys(['embulk_pipeline_csv']) retrieved from /opt/airflow/dags/pipeline_csv_dag.py
[2025-01-29T23:41:27.014+0000] {logging_mixin.py:120} INFO - [2025-01-29T23:41:27.014+0000] {dag.py:2585} INFO - Sync 1 DAGs
[2025-01-29T23:41:27.049+0000] {logging_mixin.py:120} INFO - [2025-01-29T23:41:27.048+0000] {dag.py:3340} INFO - Setting next_dagrun for embulk_pipeline_csv to 2025-01-29T00:00:00+00:00, run_after=2025-01-30T00:00:00+00:00
[2025-01-29T23:41:27.071+0000] {processor.py:176} INFO - Processing /opt/airflow/dags/pipeline_csv_dag.py took 0.142 seconds
[2025-01-29T23:41:57.685+0000] {processor.py:154} INFO - Started process (PID=1277) to work on /opt/airflow/dags/pipeline_csv_dag.py
[2025-01-29T23:41:57.686+0000] {processor.py:756} INFO - Processing file /opt/airflow/dags/pipeline_csv_dag.py for tasks to queue
[2025-01-29T23:41:57.687+0000] {logging_mixin.py:120} INFO - [2025-01-29T23:41:57.687+0000] {dagbag.py:537} INFO - Filling up the DagBag from /opt/airflow/dags/pipeline_csv_dag.py
[2025-01-29T23:41:57.710+0000] {processor.py:766} INFO - DAG(s) dict_keys(['embulk_pipeline_csv']) retrieved from /opt/airflow/dags/pipeline_csv_dag.py
[2025-01-29T23:41:57.767+0000] {logging_mixin.py:120} INFO - [2025-01-29T23:41:57.766+0000] {dag.py:2585} INFO - Sync 1 DAGs
[2025-01-29T23:41:57.802+0000] {logging_mixin.py:120} INFO - [2025-01-29T23:41:57.802+0000] {dag.py:3340} INFO - Setting next_dagrun for embulk_pipeline_csv to 2025-01-29T00:00:00+00:00, run_after=2025-01-30T00:00:00+00:00
[2025-01-29T23:41:57.825+0000] {processor.py:176} INFO - Processing /opt/airflow/dags/pipeline_csv_dag.py took 0.143 seconds
[2025-01-29T23:42:28.484+0000] {processor.py:154} INFO - Started process (PID=1332) to work on /opt/airflow/dags/pipeline_csv_dag.py
[2025-01-29T23:42:28.485+0000] {processor.py:756} INFO - Processing file /opt/airflow/dags/pipeline_csv_dag.py for tasks to queue
[2025-01-29T23:42:28.486+0000] {logging_mixin.py:120} INFO - [2025-01-29T23:42:28.486+0000] {dagbag.py:537} INFO - Filling up the DagBag from /opt/airflow/dags/pipeline_csv_dag.py
[2025-01-29T23:42:28.508+0000] {processor.py:766} INFO - DAG(s) dict_keys(['embulk_pipeline_csv']) retrieved from /opt/airflow/dags/pipeline_csv_dag.py
[2025-01-29T23:42:28.560+0000] {logging_mixin.py:120} INFO - [2025-01-29T23:42:28.560+0000] {dag.py:2585} INFO - Sync 1 DAGs
[2025-01-29T23:42:28.599+0000] {logging_mixin.py:120} INFO - [2025-01-29T23:42:28.599+0000] {dag.py:3340} INFO - Setting next_dagrun for embulk_pipeline_csv to 2025-01-29T00:00:00+00:00, run_after=2025-01-30T00:00:00+00:00
[2025-01-29T23:42:28.629+0000] {processor.py:176} INFO - Processing /opt/airflow/dags/pipeline_csv_dag.py took 0.148 seconds
[2025-01-29T23:42:59.423+0000] {processor.py:154} INFO - Started process (PID=1397) to work on /opt/airflow/dags/pipeline_csv_dag.py
[2025-01-29T23:42:59.424+0000] {processor.py:756} INFO - Processing file /opt/airflow/dags/pipeline_csv_dag.py for tasks to queue
[2025-01-29T23:42:59.425+0000] {logging_mixin.py:120} INFO - [2025-01-29T23:42:59.425+0000] {dagbag.py:537} INFO - Filling up the DagBag from /opt/airflow/dags/pipeline_csv_dag.py
[2025-01-29T23:42:59.451+0000] {processor.py:766} INFO - DAG(s) dict_keys(['embulk_pipeline_csv']) retrieved from /opt/airflow/dags/pipeline_csv_dag.py
[2025-01-29T23:42:59.506+0000] {logging_mixin.py:120} INFO - [2025-01-29T23:42:59.506+0000] {dag.py:2585} INFO - Sync 1 DAGs
[2025-01-29T23:42:59.539+0000] {logging_mixin.py:120} INFO - [2025-01-29T23:42:59.539+0000] {dag.py:3340} INFO - Setting next_dagrun for embulk_pipeline_csv to 2025-01-29T00:00:00+00:00, run_after=2025-01-30T00:00:00+00:00
[2025-01-29T23:42:59.562+0000] {processor.py:176} INFO - Processing /opt/airflow/dags/pipeline_csv_dag.py took 0.141 seconds
[2025-01-29T23:43:30.051+0000] {processor.py:154} INFO - Started process (PID=1461) to work on /opt/airflow/dags/pipeline_csv_dag.py
[2025-01-29T23:43:30.052+0000] {processor.py:756} INFO - Processing file /opt/airflow/dags/pipeline_csv_dag.py for tasks to queue
[2025-01-29T23:43:30.053+0000] {logging_mixin.py:120} INFO - [2025-01-29T23:43:30.052+0000] {dagbag.py:537} INFO - Filling up the DagBag from /opt/airflow/dags/pipeline_csv_dag.py
[2025-01-29T23:43:30.076+0000] {processor.py:766} INFO - DAG(s) dict_keys(['embulk_pipeline_csv']) retrieved from /opt/airflow/dags/pipeline_csv_dag.py
[2025-01-29T23:43:30.130+0000] {logging_mixin.py:120} INFO - [2025-01-29T23:43:30.130+0000] {dag.py:2585} INFO - Sync 1 DAGs
[2025-01-29T23:43:30.167+0000] {logging_mixin.py:120} INFO - [2025-01-29T23:43:30.167+0000] {dag.py:3340} INFO - Setting next_dagrun for embulk_pipeline_csv to 2025-01-29T00:00:00+00:00, run_after=2025-01-30T00:00:00+00:00
[2025-01-29T23:43:30.195+0000] {processor.py:176} INFO - Processing /opt/airflow/dags/pipeline_csv_dag.py took 0.147 seconds
[2025-01-29T23:44:00.718+0000] {processor.py:154} INFO - Started process (PID=1525) to work on /opt/airflow/dags/pipeline_csv_dag.py
[2025-01-29T23:44:00.719+0000] {processor.py:756} INFO - Processing file /opt/airflow/dags/pipeline_csv_dag.py for tasks to queue
[2025-01-29T23:44:00.719+0000] {logging_mixin.py:120} INFO - [2025-01-29T23:44:00.719+0000] {dagbag.py:537} INFO - Filling up the DagBag from /opt/airflow/dags/pipeline_csv_dag.py
[2025-01-29T23:44:00.744+0000] {processor.py:766} INFO - DAG(s) dict_keys(['embulk_pipeline_csv']) retrieved from /opt/airflow/dags/pipeline_csv_dag.py
[2025-01-29T23:44:00.798+0000] {logging_mixin.py:120} INFO - [2025-01-29T23:44:00.798+0000] {dag.py:2585} INFO - Sync 1 DAGs
[2025-01-29T23:44:00.834+0000] {logging_mixin.py:120} INFO - [2025-01-29T23:44:00.834+0000] {dag.py:3340} INFO - Setting next_dagrun for embulk_pipeline_csv to 2025-01-29T00:00:00+00:00, run_after=2025-01-30T00:00:00+00:00
[2025-01-29T23:44:00.858+0000] {processor.py:176} INFO - Processing /opt/airflow/dags/pipeline_csv_dag.py took 0.143 seconds
[2025-01-29T23:44:31.261+0000] {processor.py:154} INFO - Started process (PID=1580) to work on /opt/airflow/dags/pipeline_csv_dag.py
[2025-01-29T23:44:31.262+0000] {processor.py:756} INFO - Processing file /opt/airflow/dags/pipeline_csv_dag.py for tasks to queue
[2025-01-29T23:44:31.263+0000] {logging_mixin.py:120} INFO - [2025-01-29T23:44:31.263+0000] {dagbag.py:537} INFO - Filling up the DagBag from /opt/airflow/dags/pipeline_csv_dag.py
[2025-01-29T23:44:31.293+0000] {processor.py:766} INFO - DAG(s) dict_keys(['embulk_pipeline_csv']) retrieved from /opt/airflow/dags/pipeline_csv_dag.py
[2025-01-29T23:44:31.351+0000] {logging_mixin.py:120} INFO - [2025-01-29T23:44:31.351+0000] {dag.py:2585} INFO - Sync 1 DAGs
[2025-01-29T23:44:31.390+0000] {logging_mixin.py:120} INFO - [2025-01-29T23:44:31.390+0000] {dag.py:3340} INFO - Setting next_dagrun for embulk_pipeline_csv to 2025-01-29T00:00:00+00:00, run_after=2025-01-30T00:00:00+00:00
[2025-01-29T23:44:31.423+0000] {processor.py:176} INFO - Processing /opt/airflow/dags/pipeline_csv_dag.py took 0.164 seconds
[2025-01-29T23:45:01.880+0000] {processor.py:154} INFO - Started process (PID=1644) to work on /opt/airflow/dags/pipeline_csv_dag.py
[2025-01-29T23:45:01.881+0000] {processor.py:756} INFO - Processing file /opt/airflow/dags/pipeline_csv_dag.py for tasks to queue
[2025-01-29T23:45:01.882+0000] {logging_mixin.py:120} INFO - [2025-01-29T23:45:01.882+0000] {dagbag.py:537} INFO - Filling up the DagBag from /opt/airflow/dags/pipeline_csv_dag.py
[2025-01-29T23:45:01.905+0000] {processor.py:766} INFO - DAG(s) dict_keys(['embulk_pipeline_csv']) retrieved from /opt/airflow/dags/pipeline_csv_dag.py
[2025-01-29T23:45:01.956+0000] {logging_mixin.py:120} INFO - [2025-01-29T23:45:01.956+0000] {dag.py:2585} INFO - Sync 1 DAGs
[2025-01-29T23:45:01.989+0000] {logging_mixin.py:120} INFO - [2025-01-29T23:45:01.989+0000] {dag.py:3340} INFO - Setting next_dagrun for embulk_pipeline_csv to 2025-01-29T00:00:00+00:00, run_after=2025-01-30T00:00:00+00:00
[2025-01-29T23:45:02.017+0000] {processor.py:176} INFO - Processing /opt/airflow/dags/pipeline_csv_dag.py took 0.140 seconds
[2025-01-29T23:45:32.551+0000] {processor.py:154} INFO - Started process (PID=1708) to work on /opt/airflow/dags/pipeline_csv_dag.py
[2025-01-29T23:45:32.552+0000] {processor.py:756} INFO - Processing file /opt/airflow/dags/pipeline_csv_dag.py for tasks to queue
[2025-01-29T23:45:32.553+0000] {logging_mixin.py:120} INFO - [2025-01-29T23:45:32.553+0000] {dagbag.py:537} INFO - Filling up the DagBag from /opt/airflow/dags/pipeline_csv_dag.py
[2025-01-29T23:45:32.577+0000] {processor.py:766} INFO - DAG(s) dict_keys(['embulk_pipeline_csv']) retrieved from /opt/airflow/dags/pipeline_csv_dag.py
[2025-01-29T23:45:32.631+0000] {logging_mixin.py:120} INFO - [2025-01-29T23:45:32.630+0000] {dag.py:2585} INFO - Sync 1 DAGs
[2025-01-29T23:45:32.665+0000] {logging_mixin.py:120} INFO - [2025-01-29T23:45:32.664+0000] {dag.py:3340} INFO - Setting next_dagrun for embulk_pipeline_csv to 2025-01-29T00:00:00+00:00, run_after=2025-01-30T00:00:00+00:00
[2025-01-29T23:45:32.689+0000] {processor.py:176} INFO - Processing /opt/airflow/dags/pipeline_csv_dag.py took 0.141 seconds
[2025-01-29T23:46:03.067+0000] {processor.py:154} INFO - Started process (PID=1763) to work on /opt/airflow/dags/pipeline_csv_dag.py
[2025-01-29T23:46:03.068+0000] {processor.py:756} INFO - Processing file /opt/airflow/dags/pipeline_csv_dag.py for tasks to queue
[2025-01-29T23:46:03.069+0000] {logging_mixin.py:120} INFO - [2025-01-29T23:46:03.069+0000] {dagbag.py:537} INFO - Filling up the DagBag from /opt/airflow/dags/pipeline_csv_dag.py
[2025-01-29T23:46:03.093+0000] {processor.py:766} INFO - DAG(s) dict_keys(['embulk_pipeline_csv']) retrieved from /opt/airflow/dags/pipeline_csv_dag.py
[2025-01-29T23:46:03.153+0000] {logging_mixin.py:120} INFO - [2025-01-29T23:46:03.153+0000] {dag.py:2585} INFO - Sync 1 DAGs
[2025-01-29T23:46:03.189+0000] {logging_mixin.py:120} INFO - [2025-01-29T23:46:03.188+0000] {dag.py:3340} INFO - Setting next_dagrun for embulk_pipeline_csv to 2025-01-29T00:00:00+00:00, run_after=2025-01-30T00:00:00+00:00
[2025-01-29T23:46:03.213+0000] {processor.py:176} INFO - Processing /opt/airflow/dags/pipeline_csv_dag.py took 0.151 seconds
[2025-01-29T23:46:33.574+0000] {processor.py:154} INFO - Started process (PID=1827) to work on /opt/airflow/dags/pipeline_csv_dag.py
[2025-01-29T23:46:33.575+0000] {processor.py:756} INFO - Processing file /opt/airflow/dags/pipeline_csv_dag.py for tasks to queue
[2025-01-29T23:46:33.576+0000] {logging_mixin.py:120} INFO - [2025-01-29T23:46:33.576+0000] {dagbag.py:537} INFO - Filling up the DagBag from /opt/airflow/dags/pipeline_csv_dag.py
[2025-01-29T23:46:33.600+0000] {processor.py:766} INFO - DAG(s) dict_keys(['embulk_pipeline_csv']) retrieved from /opt/airflow/dags/pipeline_csv_dag.py
[2025-01-29T23:46:33.654+0000] {logging_mixin.py:120} INFO - [2025-01-29T23:46:33.654+0000] {dag.py:2585} INFO - Sync 1 DAGs
[2025-01-29T23:46:33.687+0000] {logging_mixin.py:120} INFO - [2025-01-29T23:46:33.687+0000] {dag.py:3340} INFO - Setting next_dagrun for embulk_pipeline_csv to 2025-01-29T00:00:00+00:00, run_after=2025-01-30T00:00:00+00:00
[2025-01-29T23:46:33.711+0000] {processor.py:176} INFO - Processing /opt/airflow/dags/pipeline_csv_dag.py took 0.140 seconds
[2025-01-29T23:47:04.181+0000] {processor.py:154} INFO - Started process (PID=1891) to work on /opt/airflow/dags/pipeline_csv_dag.py
[2025-01-29T23:47:04.182+0000] {processor.py:756} INFO - Processing file /opt/airflow/dags/pipeline_csv_dag.py for tasks to queue
[2025-01-29T23:47:04.183+0000] {logging_mixin.py:120} INFO - [2025-01-29T23:47:04.182+0000] {dagbag.py:537} INFO - Filling up the DagBag from /opt/airflow/dags/pipeline_csv_dag.py
[2025-01-29T23:47:04.205+0000] {processor.py:766} INFO - DAG(s) dict_keys(['embulk_pipeline_csv']) retrieved from /opt/airflow/dags/pipeline_csv_dag.py
[2025-01-29T23:47:04.257+0000] {logging_mixin.py:120} INFO - [2025-01-29T23:47:04.257+0000] {dag.py:2585} INFO - Sync 1 DAGs
[2025-01-29T23:47:04.290+0000] {logging_mixin.py:120} INFO - [2025-01-29T23:47:04.290+0000] {dag.py:3340} INFO - Setting next_dagrun for embulk_pipeline_csv to 2025-01-29T00:00:00+00:00, run_after=2025-01-30T00:00:00+00:00
[2025-01-29T23:47:04.312+0000] {processor.py:176} INFO - Processing /opt/airflow/dags/pipeline_csv_dag.py took 0.134 seconds
[2025-01-29T23:47:34.498+0000] {processor.py:154} INFO - Started process (PID=1946) to work on /opt/airflow/dags/pipeline_csv_dag.py
[2025-01-29T23:47:34.499+0000] {processor.py:756} INFO - Processing file /opt/airflow/dags/pipeline_csv_dag.py for tasks to queue
[2025-01-29T23:47:34.500+0000] {logging_mixin.py:120} INFO - [2025-01-29T23:47:34.500+0000] {dagbag.py:537} INFO - Filling up the DagBag from /opt/airflow/dags/pipeline_csv_dag.py
[2025-01-29T23:47:34.527+0000] {processor.py:766} INFO - DAG(s) dict_keys(['embulk_pipeline_csv']) retrieved from /opt/airflow/dags/pipeline_csv_dag.py
[2025-01-29T23:47:34.587+0000] {logging_mixin.py:120} INFO - [2025-01-29T23:47:34.587+0000] {dag.py:2585} INFO - Sync 1 DAGs
[2025-01-29T23:47:34.623+0000] {logging_mixin.py:120} INFO - [2025-01-29T23:47:34.623+0000] {dag.py:3340} INFO - Setting next_dagrun for embulk_pipeline_csv to 2025-01-29T00:00:00+00:00, run_after=2025-01-30T00:00:00+00:00
[2025-01-29T23:47:34.646+0000] {processor.py:176} INFO - Processing /opt/airflow/dags/pipeline_csv_dag.py took 0.150 seconds
[2025-01-29T23:48:05.137+0000] {processor.py:154} INFO - Started process (PID=2010) to work on /opt/airflow/dags/pipeline_csv_dag.py
[2025-01-29T23:48:05.138+0000] {processor.py:756} INFO - Processing file /opt/airflow/dags/pipeline_csv_dag.py for tasks to queue
[2025-01-29T23:48:05.139+0000] {logging_mixin.py:120} INFO - [2025-01-29T23:48:05.138+0000] {dagbag.py:537} INFO - Filling up the DagBag from /opt/airflow/dags/pipeline_csv_dag.py
[2025-01-29T23:48:05.161+0000] {processor.py:766} INFO - DAG(s) dict_keys(['embulk_pipeline_csv']) retrieved from /opt/airflow/dags/pipeline_csv_dag.py
[2025-01-29T23:48:05.214+0000] {logging_mixin.py:120} INFO - [2025-01-29T23:48:05.214+0000] {dag.py:2585} INFO - Sync 1 DAGs
[2025-01-29T23:48:05.247+0000] {logging_mixin.py:120} INFO - [2025-01-29T23:48:05.247+0000] {dag.py:3340} INFO - Setting next_dagrun for embulk_pipeline_csv to 2025-01-29T00:00:00+00:00, run_after=2025-01-30T00:00:00+00:00
[2025-01-29T23:48:05.275+0000] {processor.py:176} INFO - Processing /opt/airflow/dags/pipeline_csv_dag.py took 0.143 seconds
[2025-01-29T23:48:36.078+0000] {processor.py:154} INFO - Started process (PID=2074) to work on /opt/airflow/dags/pipeline_csv_dag.py
[2025-01-29T23:48:36.079+0000] {processor.py:756} INFO - Processing file /opt/airflow/dags/pipeline_csv_dag.py for tasks to queue
[2025-01-29T23:48:36.079+0000] {logging_mixin.py:120} INFO - [2025-01-29T23:48:36.079+0000] {dagbag.py:537} INFO - Filling up the DagBag from /opt/airflow/dags/pipeline_csv_dag.py
[2025-01-29T23:48:36.102+0000] {processor.py:766} INFO - DAG(s) dict_keys(['embulk_pipeline_csv']) retrieved from /opt/airflow/dags/pipeline_csv_dag.py
[2025-01-29T23:48:36.156+0000] {logging_mixin.py:120} INFO - [2025-01-29T23:48:36.156+0000] {dag.py:2585} INFO - Sync 1 DAGs
[2025-01-29T23:48:36.195+0000] {logging_mixin.py:120} INFO - [2025-01-29T23:48:36.194+0000] {dag.py:3340} INFO - Setting next_dagrun for embulk_pipeline_csv to 2025-01-29T00:00:00+00:00, run_after=2025-01-30T00:00:00+00:00
[2025-01-29T23:48:36.224+0000] {processor.py:176} INFO - Processing /opt/airflow/dags/pipeline_csv_dag.py took 0.149 seconds
[2025-01-29T23:49:06.916+0000] {processor.py:154} INFO - Started process (PID=2138) to work on /opt/airflow/dags/pipeline_csv_dag.py
[2025-01-29T23:49:06.917+0000] {processor.py:756} INFO - Processing file /opt/airflow/dags/pipeline_csv_dag.py for tasks to queue
[2025-01-29T23:49:06.918+0000] {logging_mixin.py:120} INFO - [2025-01-29T23:49:06.918+0000] {dagbag.py:537} INFO - Filling up the DagBag from /opt/airflow/dags/pipeline_csv_dag.py
[2025-01-29T23:49:06.948+0000] {processor.py:766} INFO - DAG(s) dict_keys(['embulk_pipeline_csv']) retrieved from /opt/airflow/dags/pipeline_csv_dag.py
[2025-01-29T23:49:07.014+0000] {logging_mixin.py:120} INFO - [2025-01-29T23:49:07.014+0000] {dag.py:2585} INFO - Sync 1 DAGs
[2025-01-29T23:49:07.064+0000] {logging_mixin.py:120} INFO - [2025-01-29T23:49:07.064+0000] {dag.py:3340} INFO - Setting next_dagrun for embulk_pipeline_csv to 2025-01-29T00:00:00+00:00, run_after=2025-01-30T00:00:00+00:00
[2025-01-29T23:49:07.097+0000] {processor.py:176} INFO - Processing /opt/airflow/dags/pipeline_csv_dag.py took 0.186 seconds
[2025-01-29T23:49:37.264+0000] {processor.py:154} INFO - Started process (PID=2193) to work on /opt/airflow/dags/pipeline_csv_dag.py
[2025-01-29T23:49:37.265+0000] {processor.py:756} INFO - Processing file /opt/airflow/dags/pipeline_csv_dag.py for tasks to queue
[2025-01-29T23:49:37.265+0000] {logging_mixin.py:120} INFO - [2025-01-29T23:49:37.265+0000] {dagbag.py:537} INFO - Filling up the DagBag from /opt/airflow/dags/pipeline_csv_dag.py
[2025-01-29T23:49:37.290+0000] {processor.py:766} INFO - DAG(s) dict_keys(['embulk_pipeline_csv']) retrieved from /opt/airflow/dags/pipeline_csv_dag.py
[2025-01-29T23:49:37.343+0000] {logging_mixin.py:120} INFO - [2025-01-29T23:49:37.343+0000] {dag.py:2585} INFO - Sync 1 DAGs
[2025-01-29T23:49:37.381+0000] {logging_mixin.py:120} INFO - [2025-01-29T23:49:37.381+0000] {dag.py:3340} INFO - Setting next_dagrun for embulk_pipeline_csv to 2025-01-29T00:00:00+00:00, run_after=2025-01-30T00:00:00+00:00
[2025-01-29T23:49:37.409+0000] {processor.py:176} INFO - Processing /opt/airflow/dags/pipeline_csv_dag.py took 0.149 seconds
[2025-01-29T23:50:07.552+0000] {processor.py:154} INFO - Started process (PID=2257) to work on /opt/airflow/dags/pipeline_csv_dag.py
[2025-01-29T23:50:07.553+0000] {processor.py:756} INFO - Processing file /opt/airflow/dags/pipeline_csv_dag.py for tasks to queue
[2025-01-29T23:50:07.553+0000] {logging_mixin.py:120} INFO - [2025-01-29T23:50:07.553+0000] {dagbag.py:537} INFO - Filling up the DagBag from /opt/airflow/dags/pipeline_csv_dag.py
[2025-01-29T23:50:07.578+0000] {processor.py:766} INFO - DAG(s) dict_keys(['embulk_pipeline_csv']) retrieved from /opt/airflow/dags/pipeline_csv_dag.py
[2025-01-29T23:50:07.629+0000] {logging_mixin.py:120} INFO - [2025-01-29T23:50:07.629+0000] {dag.py:2585} INFO - Sync 1 DAGs
[2025-01-29T23:50:07.661+0000] {logging_mixin.py:120} INFO - [2025-01-29T23:50:07.661+0000] {dag.py:3340} INFO - Setting next_dagrun for embulk_pipeline_csv to 2025-01-29T00:00:00+00:00, run_after=2025-01-30T00:00:00+00:00
[2025-01-29T23:50:07.683+0000] {processor.py:176} INFO - Processing /opt/airflow/dags/pipeline_csv_dag.py took 0.134 seconds
[2025-01-29T23:50:38.068+0000] {processor.py:154} INFO - Started process (PID=2321) to work on /opt/airflow/dags/pipeline_csv_dag.py
[2025-01-29T23:50:38.069+0000] {processor.py:756} INFO - Processing file /opt/airflow/dags/pipeline_csv_dag.py for tasks to queue
[2025-01-29T23:50:38.070+0000] {logging_mixin.py:120} INFO - [2025-01-29T23:50:38.070+0000] {dagbag.py:537} INFO - Filling up the DagBag from /opt/airflow/dags/pipeline_csv_dag.py
[2025-01-29T23:50:38.094+0000] {processor.py:766} INFO - DAG(s) dict_keys(['embulk_pipeline_csv']) retrieved from /opt/airflow/dags/pipeline_csv_dag.py
[2025-01-29T23:50:38.159+0000] {logging_mixin.py:120} INFO - [2025-01-29T23:50:38.159+0000] {dag.py:2585} INFO - Sync 1 DAGs
[2025-01-29T23:50:38.195+0000] {logging_mixin.py:120} INFO - [2025-01-29T23:50:38.195+0000] {dag.py:3340} INFO - Setting next_dagrun for embulk_pipeline_csv to 2025-01-29T00:00:00+00:00, run_after=2025-01-30T00:00:00+00:00
[2025-01-29T23:50:38.218+0000] {processor.py:176} INFO - Processing /opt/airflow/dags/pipeline_csv_dag.py took 0.152 seconds
[2025-01-29T23:51:08.349+0000] {processor.py:154} INFO - Started process (PID=2377) to work on /opt/airflow/dags/pipeline_csv_dag.py
[2025-01-29T23:51:08.350+0000] {processor.py:756} INFO - Processing file /opt/airflow/dags/pipeline_csv_dag.py for tasks to queue
[2025-01-29T23:51:08.351+0000] {logging_mixin.py:120} INFO - [2025-01-29T23:51:08.350+0000] {dagbag.py:537} INFO - Filling up the DagBag from /opt/airflow/dags/pipeline_csv_dag.py
[2025-01-29T23:51:08.378+0000] {processor.py:766} INFO - DAG(s) dict_keys(['embulk_pipeline_csv']) retrieved from /opt/airflow/dags/pipeline_csv_dag.py
[2025-01-29T23:51:08.438+0000] {logging_mixin.py:120} INFO - [2025-01-29T23:51:08.438+0000] {dag.py:2585} INFO - Sync 1 DAGs
[2025-01-29T23:51:08.472+0000] {logging_mixin.py:120} INFO - [2025-01-29T23:51:08.472+0000] {dag.py:3340} INFO - Setting next_dagrun for embulk_pipeline_csv to 2025-01-29T00:00:00+00:00, run_after=2025-01-30T00:00:00+00:00
[2025-01-29T23:51:08.495+0000] {processor.py:176} INFO - Processing /opt/airflow/dags/pipeline_csv_dag.py took 0.150 seconds
[2025-01-29T23:51:39.021+0000] {processor.py:154} INFO - Started process (PID=2441) to work on /opt/airflow/dags/pipeline_csv_dag.py
[2025-01-29T23:51:39.022+0000] {processor.py:756} INFO - Processing file /opt/airflow/dags/pipeline_csv_dag.py for tasks to queue
[2025-01-29T23:51:39.023+0000] {logging_mixin.py:120} INFO - [2025-01-29T23:51:39.023+0000] {dagbag.py:537} INFO - Filling up the DagBag from /opt/airflow/dags/pipeline_csv_dag.py
[2025-01-29T23:51:39.056+0000] {processor.py:766} INFO - DAG(s) dict_keys(['embulk_pipeline_csv']) retrieved from /opt/airflow/dags/pipeline_csv_dag.py
[2025-01-29T23:51:39.140+0000] {logging_mixin.py:120} INFO - [2025-01-29T23:51:39.140+0000] {dag.py:2585} INFO - Sync 1 DAGs
[2025-01-29T23:51:39.200+0000] {logging_mixin.py:120} INFO - [2025-01-29T23:51:39.200+0000] {dag.py:3340} INFO - Setting next_dagrun for embulk_pipeline_csv to 2025-01-29T00:00:00+00:00, run_after=2025-01-30T00:00:00+00:00
[2025-01-29T23:51:39.244+0000] {processor.py:176} INFO - Processing /opt/airflow/dags/pipeline_csv_dag.py took 0.227 seconds
[2025-01-29T23:52:09.941+0000] {processor.py:154} INFO - Started process (PID=2505) to work on /opt/airflow/dags/pipeline_csv_dag.py
[2025-01-29T23:52:09.942+0000] {processor.py:756} INFO - Processing file /opt/airflow/dags/pipeline_csv_dag.py for tasks to queue
[2025-01-29T23:52:09.943+0000] {logging_mixin.py:120} INFO - [2025-01-29T23:52:09.943+0000] {dagbag.py:537} INFO - Filling up the DagBag from /opt/airflow/dags/pipeline_csv_dag.py
[2025-01-29T23:52:09.968+0000] {processor.py:766} INFO - DAG(s) dict_keys(['embulk_pipeline_csv']) retrieved from /opt/airflow/dags/pipeline_csv_dag.py
[2025-01-29T23:52:10.026+0000] {logging_mixin.py:120} INFO - [2025-01-29T23:52:10.026+0000] {dag.py:2585} INFO - Sync 1 DAGs
[2025-01-29T23:52:10.062+0000] {logging_mixin.py:120} INFO - [2025-01-29T23:52:10.062+0000] {dag.py:3340} INFO - Setting next_dagrun for embulk_pipeline_csv to 2025-01-29T00:00:00+00:00, run_after=2025-01-30T00:00:00+00:00
[2025-01-29T23:52:10.087+0000] {processor.py:176} INFO - Processing /opt/airflow/dags/pipeline_csv_dag.py took 0.148 seconds
[2025-01-29T23:52:40.458+0000] {processor.py:154} INFO - Started process (PID=2560) to work on /opt/airflow/dags/pipeline_csv_dag.py
[2025-01-29T23:52:40.459+0000] {processor.py:756} INFO - Processing file /opt/airflow/dags/pipeline_csv_dag.py for tasks to queue
[2025-01-29T23:52:40.460+0000] {logging_mixin.py:120} INFO - [2025-01-29T23:52:40.460+0000] {dagbag.py:537} INFO - Filling up the DagBag from /opt/airflow/dags/pipeline_csv_dag.py
[2025-01-29T23:52:40.483+0000] {processor.py:766} INFO - DAG(s) dict_keys(['embulk_pipeline_csv']) retrieved from /opt/airflow/dags/pipeline_csv_dag.py
[2025-01-29T23:52:40.538+0000] {logging_mixin.py:120} INFO - [2025-01-29T23:52:40.537+0000] {dag.py:2585} INFO - Sync 1 DAGs
[2025-01-29T23:52:40.570+0000] {logging_mixin.py:120} INFO - [2025-01-29T23:52:40.570+0000] {dag.py:3340} INFO - Setting next_dagrun for embulk_pipeline_csv to 2025-01-29T00:00:00+00:00, run_after=2025-01-30T00:00:00+00:00
[2025-01-29T23:52:40.594+0000] {processor.py:176} INFO - Processing /opt/airflow/dags/pipeline_csv_dag.py took 0.140 seconds
[2025-01-29T23:53:11.099+0000] {processor.py:154} INFO - Started process (PID=2624) to work on /opt/airflow/dags/pipeline_csv_dag.py
[2025-01-29T23:53:11.100+0000] {processor.py:756} INFO - Processing file /opt/airflow/dags/pipeline_csv_dag.py for tasks to queue
[2025-01-29T23:53:11.101+0000] {logging_mixin.py:120} INFO - [2025-01-29T23:53:11.101+0000] {dagbag.py:537} INFO - Filling up the DagBag from /opt/airflow/dags/pipeline_csv_dag.py
[2025-01-29T23:53:11.124+0000] {processor.py:766} INFO - DAG(s) dict_keys(['embulk_pipeline_csv']) retrieved from /opt/airflow/dags/pipeline_csv_dag.py
[2025-01-29T23:53:11.177+0000] {logging_mixin.py:120} INFO - [2025-01-29T23:53:11.176+0000] {dag.py:2585} INFO - Sync 1 DAGs
[2025-01-29T23:53:11.209+0000] {logging_mixin.py:120} INFO - [2025-01-29T23:53:11.209+0000] {dag.py:3340} INFO - Setting next_dagrun for embulk_pipeline_csv to 2025-01-29T00:00:00+00:00, run_after=2025-01-30T00:00:00+00:00
[2025-01-29T23:53:11.231+0000] {processor.py:176} INFO - Processing /opt/airflow/dags/pipeline_csv_dag.py took 0.135 seconds
[2025-01-29T23:53:41.468+0000] {processor.py:154} INFO - Started process (PID=2688) to work on /opt/airflow/dags/pipeline_csv_dag.py
[2025-01-29T23:53:41.469+0000] {processor.py:756} INFO - Processing file /opt/airflow/dags/pipeline_csv_dag.py for tasks to queue
[2025-01-29T23:53:41.470+0000] {logging_mixin.py:120} INFO - [2025-01-29T23:53:41.470+0000] {dagbag.py:537} INFO - Filling up the DagBag from /opt/airflow/dags/pipeline_csv_dag.py
[2025-01-29T23:53:41.494+0000] {processor.py:766} INFO - DAG(s) dict_keys(['embulk_pipeline_csv']) retrieved from /opt/airflow/dags/pipeline_csv_dag.py
[2025-01-29T23:53:41.578+0000] {logging_mixin.py:120} INFO - [2025-01-29T23:53:41.578+0000] {dag.py:2585} INFO - Sync 1 DAGs
[2025-01-29T23:53:41.622+0000] {logging_mixin.py:120} INFO - [2025-01-29T23:53:41.622+0000] {dag.py:3340} INFO - Setting next_dagrun for embulk_pipeline_csv to 2025-01-29T00:00:00+00:00, run_after=2025-01-30T00:00:00+00:00
[2025-01-29T23:53:41.652+0000] {processor.py:176} INFO - Processing /opt/airflow/dags/pipeline_csv_dag.py took 0.187 seconds
[2025-01-29T23:54:11.865+0000] {processor.py:154} INFO - Started process (PID=2743) to work on /opt/airflow/dags/pipeline_csv_dag.py
[2025-01-29T23:54:11.866+0000] {processor.py:756} INFO - Processing file /opt/airflow/dags/pipeline_csv_dag.py for tasks to queue
[2025-01-29T23:54:11.866+0000] {logging_mixin.py:120} INFO - [2025-01-29T23:54:11.866+0000] {dagbag.py:537} INFO - Filling up the DagBag from /opt/airflow/dags/pipeline_csv_dag.py
[2025-01-29T23:54:11.896+0000] {processor.py:766} INFO - DAG(s) dict_keys(['embulk_pipeline_csv']) retrieved from /opt/airflow/dags/pipeline_csv_dag.py
[2025-01-29T23:54:11.954+0000] {logging_mixin.py:120} INFO - [2025-01-29T23:54:11.954+0000] {dag.py:2585} INFO - Sync 1 DAGs
[2025-01-29T23:54:11.995+0000] {logging_mixin.py:120} INFO - [2025-01-29T23:54:11.995+0000] {dag.py:3340} INFO - Setting next_dagrun for embulk_pipeline_csv to 2025-01-29T00:00:00+00:00, run_after=2025-01-30T00:00:00+00:00
[2025-01-29T23:54:12.024+0000] {processor.py:176} INFO - Processing /opt/airflow/dags/pipeline_csv_dag.py took 0.162 seconds
[2025-01-29T23:54:42.283+0000] {processor.py:154} INFO - Started process (PID=2807) to work on /opt/airflow/dags/pipeline_csv_dag.py
[2025-01-29T23:54:42.284+0000] {processor.py:756} INFO - Processing file /opt/airflow/dags/pipeline_csv_dag.py for tasks to queue
[2025-01-29T23:54:42.285+0000] {logging_mixin.py:120} INFO - [2025-01-29T23:54:42.284+0000] {dagbag.py:537} INFO - Filling up the DagBag from /opt/airflow/dags/pipeline_csv_dag.py
[2025-01-29T23:54:42.307+0000] {processor.py:766} INFO - DAG(s) dict_keys(['embulk_pipeline_csv']) retrieved from /opt/airflow/dags/pipeline_csv_dag.py
[2025-01-29T23:54:42.361+0000] {logging_mixin.py:120} INFO - [2025-01-29T23:54:42.361+0000] {dag.py:2585} INFO - Sync 1 DAGs
[2025-01-29T23:54:42.395+0000] {logging_mixin.py:120} INFO - [2025-01-29T23:54:42.395+0000] {dag.py:3340} INFO - Setting next_dagrun for embulk_pipeline_csv to 2025-01-29T00:00:00+00:00, run_after=2025-01-30T00:00:00+00:00
[2025-01-29T23:54:42.417+0000] {processor.py:176} INFO - Processing /opt/airflow/dags/pipeline_csv_dag.py took 0.137 seconds
[2025-01-29T23:55:12.878+0000] {processor.py:154} INFO - Started process (PID=2871) to work on /opt/airflow/dags/pipeline_csv_dag.py
[2025-01-29T23:55:12.880+0000] {processor.py:756} INFO - Processing file /opt/airflow/dags/pipeline_csv_dag.py for tasks to queue
[2025-01-29T23:55:12.882+0000] {logging_mixin.py:120} INFO - [2025-01-29T23:55:12.882+0000] {dagbag.py:537} INFO - Filling up the DagBag from /opt/airflow/dags/pipeline_csv_dag.py
[2025-01-29T23:55:12.924+0000] {processor.py:766} INFO - DAG(s) dict_keys(['embulk_pipeline_csv']) retrieved from /opt/airflow/dags/pipeline_csv_dag.py
[2025-01-29T23:55:12.993+0000] {logging_mixin.py:120} INFO - [2025-01-29T23:55:12.993+0000] {dag.py:2585} INFO - Sync 1 DAGs
[2025-01-29T23:55:13.029+0000] {logging_mixin.py:120} INFO - [2025-01-29T23:55:13.029+0000] {dag.py:3340} INFO - Setting next_dagrun for embulk_pipeline_csv to 2025-01-29T00:00:00+00:00, run_after=2025-01-30T00:00:00+00:00
[2025-01-29T23:55:13.053+0000] {processor.py:176} INFO - Processing /opt/airflow/dags/pipeline_csv_dag.py took 0.182 seconds
[2025-01-29T23:55:43.223+0000] {processor.py:154} INFO - Started process (PID=2926) to work on /opt/airflow/dags/pipeline_csv_dag.py
[2025-01-29T23:55:43.223+0000] {processor.py:756} INFO - Processing file /opt/airflow/dags/pipeline_csv_dag.py for tasks to queue
[2025-01-29T23:55:43.224+0000] {logging_mixin.py:120} INFO - [2025-01-29T23:55:43.224+0000] {dagbag.py:537} INFO - Filling up the DagBag from /opt/airflow/dags/pipeline_csv_dag.py
[2025-01-29T23:55:43.249+0000] {processor.py:766} INFO - DAG(s) dict_keys(['embulk_pipeline_csv']) retrieved from /opt/airflow/dags/pipeline_csv_dag.py
[2025-01-29T23:55:43.305+0000] {logging_mixin.py:120} INFO - [2025-01-29T23:55:43.305+0000] {dag.py:2585} INFO - Sync 1 DAGs
[2025-01-29T23:55:43.340+0000] {logging_mixin.py:120} INFO - [2025-01-29T23:55:43.340+0000] {dag.py:3340} INFO - Setting next_dagrun for embulk_pipeline_csv to 2025-01-29T00:00:00+00:00, run_after=2025-01-30T00:00:00+00:00
[2025-01-29T23:55:43.363+0000] {processor.py:176} INFO - Processing /opt/airflow/dags/pipeline_csv_dag.py took 0.145 seconds
[2025-01-29T23:56:13.543+0000] {processor.py:154} INFO - Started process (PID=2990) to work on /opt/airflow/dags/pipeline_csv_dag.py
[2025-01-29T23:56:13.544+0000] {processor.py:756} INFO - Processing file /opt/airflow/dags/pipeline_csv_dag.py for tasks to queue
[2025-01-29T23:56:13.544+0000] {logging_mixin.py:120} INFO - [2025-01-29T23:56:13.544+0000] {dagbag.py:537} INFO - Filling up the DagBag from /opt/airflow/dags/pipeline_csv_dag.py
[2025-01-29T23:56:13.568+0000] {processor.py:766} INFO - DAG(s) dict_keys(['embulk_pipeline_csv']) retrieved from /opt/airflow/dags/pipeline_csv_dag.py
[2025-01-29T23:56:13.621+0000] {logging_mixin.py:120} INFO - [2025-01-29T23:56:13.621+0000] {dag.py:2585} INFO - Sync 1 DAGs
[2025-01-29T23:56:13.657+0000] {logging_mixin.py:120} INFO - [2025-01-29T23:56:13.657+0000] {dag.py:3340} INFO - Setting next_dagrun for embulk_pipeline_csv to 2025-01-29T00:00:00+00:00, run_after=2025-01-30T00:00:00+00:00
[2025-01-29T23:56:13.679+0000] {processor.py:176} INFO - Processing /opt/airflow/dags/pipeline_csv_dag.py took 0.140 seconds
[2025-01-29T23:56:43.965+0000] {processor.py:154} INFO - Started process (PID=3054) to work on /opt/airflow/dags/pipeline_csv_dag.py
[2025-01-29T23:56:43.966+0000] {processor.py:756} INFO - Processing file /opt/airflow/dags/pipeline_csv_dag.py for tasks to queue
[2025-01-29T23:56:43.967+0000] {logging_mixin.py:120} INFO - [2025-01-29T23:56:43.966+0000] {dagbag.py:537} INFO - Filling up the DagBag from /opt/airflow/dags/pipeline_csv_dag.py
[2025-01-29T23:56:43.991+0000] {processor.py:766} INFO - DAG(s) dict_keys(['embulk_pipeline_csv']) retrieved from /opt/airflow/dags/pipeline_csv_dag.py
[2025-01-29T23:56:44.045+0000] {logging_mixin.py:120} INFO - [2025-01-29T23:56:44.045+0000] {dag.py:2585} INFO - Sync 1 DAGs
[2025-01-29T23:56:44.078+0000] {logging_mixin.py:120} INFO - [2025-01-29T23:56:44.078+0000] {dag.py:3340} INFO - Setting next_dagrun for embulk_pipeline_csv to 2025-01-29T00:00:00+00:00, run_after=2025-01-30T00:00:00+00:00
[2025-01-29T23:56:44.103+0000] {processor.py:176} INFO - Processing /opt/airflow/dags/pipeline_csv_dag.py took 0.141 seconds
[2025-01-29T23:57:14.285+0000] {processor.py:154} INFO - Started process (PID=3118) to work on /opt/airflow/dags/pipeline_csv_dag.py
[2025-01-29T23:57:14.286+0000] {processor.py:756} INFO - Processing file /opt/airflow/dags/pipeline_csv_dag.py for tasks to queue
[2025-01-29T23:57:14.287+0000] {logging_mixin.py:120} INFO - [2025-01-29T23:57:14.287+0000] {dagbag.py:537} INFO - Filling up the DagBag from /opt/airflow/dags/pipeline_csv_dag.py
[2025-01-29T23:57:14.310+0000] {processor.py:766} INFO - DAG(s) dict_keys(['embulk_pipeline_csv']) retrieved from /opt/airflow/dags/pipeline_csv_dag.py
[2025-01-29T23:57:14.369+0000] {logging_mixin.py:120} INFO - [2025-01-29T23:57:14.368+0000] {dag.py:2585} INFO - Sync 1 DAGs
[2025-01-29T23:57:14.402+0000] {logging_mixin.py:120} INFO - [2025-01-29T23:57:14.402+0000] {dag.py:3340} INFO - Setting next_dagrun for embulk_pipeline_csv to 2025-01-29T00:00:00+00:00, run_after=2025-01-30T00:00:00+00:00
[2025-01-29T23:57:14.426+0000] {processor.py:176} INFO - Processing /opt/airflow/dags/pipeline_csv_dag.py took 0.144 seconds
[2025-01-29T23:57:44.865+0000] {processor.py:154} INFO - Started process (PID=3173) to work on /opt/airflow/dags/pipeline_csv_dag.py
[2025-01-29T23:57:44.866+0000] {processor.py:756} INFO - Processing file /opt/airflow/dags/pipeline_csv_dag.py for tasks to queue
[2025-01-29T23:57:44.867+0000] {logging_mixin.py:120} INFO - [2025-01-29T23:57:44.867+0000] {dagbag.py:537} INFO - Filling up the DagBag from /opt/airflow/dags/pipeline_csv_dag.py
[2025-01-29T23:57:44.890+0000] {processor.py:766} INFO - DAG(s) dict_keys(['embulk_pipeline_csv']) retrieved from /opt/airflow/dags/pipeline_csv_dag.py
[2025-01-29T23:57:44.943+0000] {logging_mixin.py:120} INFO - [2025-01-29T23:57:44.943+0000] {dag.py:2585} INFO - Sync 1 DAGs
[2025-01-29T23:57:44.980+0000] {logging_mixin.py:120} INFO - [2025-01-29T23:57:44.979+0000] {dag.py:3340} INFO - Setting next_dagrun for embulk_pipeline_csv to 2025-01-29T00:00:00+00:00, run_after=2025-01-30T00:00:00+00:00
[2025-01-29T23:57:45.005+0000] {processor.py:176} INFO - Processing /opt/airflow/dags/pipeline_csv_dag.py took 0.143 seconds
[2025-01-29T23:58:15.611+0000] {processor.py:154} INFO - Started process (PID=3237) to work on /opt/airflow/dags/pipeline_csv_dag.py
[2025-01-29T23:58:15.612+0000] {processor.py:756} INFO - Processing file /opt/airflow/dags/pipeline_csv_dag.py for tasks to queue
[2025-01-29T23:58:15.613+0000] {logging_mixin.py:120} INFO - [2025-01-29T23:58:15.613+0000] {dagbag.py:537} INFO - Filling up the DagBag from /opt/airflow/dags/pipeline_csv_dag.py
[2025-01-29T23:58:15.636+0000] {processor.py:766} INFO - DAG(s) dict_keys(['embulk_pipeline_csv']) retrieved from /opt/airflow/dags/pipeline_csv_dag.py
[2025-01-29T23:58:15.694+0000] {logging_mixin.py:120} INFO - [2025-01-29T23:58:15.694+0000] {dag.py:2585} INFO - Sync 1 DAGs
[2025-01-29T23:58:15.729+0000] {logging_mixin.py:120} INFO - [2025-01-29T23:58:15.729+0000] {dag.py:3340} INFO - Setting next_dagrun for embulk_pipeline_csv to 2025-01-29T00:00:00+00:00, run_after=2025-01-30T00:00:00+00:00
[2025-01-29T23:58:15.751+0000] {processor.py:176} INFO - Processing /opt/airflow/dags/pipeline_csv_dag.py took 0.143 seconds
[2025-01-29T23:58:45.936+0000] {processor.py:154} INFO - Started process (PID=3301) to work on /opt/airflow/dags/pipeline_csv_dag.py
[2025-01-29T23:58:45.937+0000] {processor.py:756} INFO - Processing file /opt/airflow/dags/pipeline_csv_dag.py for tasks to queue
[2025-01-29T23:58:45.938+0000] {logging_mixin.py:120} INFO - [2025-01-29T23:58:45.938+0000] {dagbag.py:537} INFO - Filling up the DagBag from /opt/airflow/dags/pipeline_csv_dag.py
[2025-01-29T23:58:45.965+0000] {processor.py:766} INFO - DAG(s) dict_keys(['embulk_pipeline_csv']) retrieved from /opt/airflow/dags/pipeline_csv_dag.py
[2025-01-29T23:58:46.035+0000] {logging_mixin.py:120} INFO - [2025-01-29T23:58:46.035+0000] {dag.py:2585} INFO - Sync 1 DAGs
[2025-01-29T23:58:46.081+0000] {logging_mixin.py:120} INFO - [2025-01-29T23:58:46.081+0000] {dag.py:3340} INFO - Setting next_dagrun for embulk_pipeline_csv to 2025-01-29T00:00:00+00:00, run_after=2025-01-30T00:00:00+00:00
[2025-01-29T23:58:46.119+0000] {processor.py:176} INFO - Processing /opt/airflow/dags/pipeline_csv_dag.py took 0.187 seconds
[2025-01-29T23:59:16.559+0000] {processor.py:154} INFO - Started process (PID=3356) to work on /opt/airflow/dags/pipeline_csv_dag.py
[2025-01-29T23:59:16.560+0000] {processor.py:756} INFO - Processing file /opt/airflow/dags/pipeline_csv_dag.py for tasks to queue
[2025-01-29T23:59:16.561+0000] {logging_mixin.py:120} INFO - [2025-01-29T23:59:16.561+0000] {dagbag.py:537} INFO - Filling up the DagBag from /opt/airflow/dags/pipeline_csv_dag.py
[2025-01-29T23:59:16.585+0000] {processor.py:766} INFO - DAG(s) dict_keys(['embulk_pipeline_csv']) retrieved from /opt/airflow/dags/pipeline_csv_dag.py
[2025-01-29T23:59:16.639+0000] {logging_mixin.py:120} INFO - [2025-01-29T23:59:16.638+0000] {dag.py:2585} INFO - Sync 1 DAGs
[2025-01-29T23:59:16.674+0000] {logging_mixin.py:120} INFO - [2025-01-29T23:59:16.673+0000] {dag.py:3340} INFO - Setting next_dagrun for embulk_pipeline_csv to 2025-01-29T00:00:00+00:00, run_after=2025-01-30T00:00:00+00:00
[2025-01-29T23:59:16.699+0000] {processor.py:176} INFO - Processing /opt/airflow/dags/pipeline_csv_dag.py took 0.143 seconds
[2025-01-29T23:59:47.182+0000] {processor.py:154} INFO - Started process (PID=3420) to work on /opt/airflow/dags/pipeline_csv_dag.py
[2025-01-29T23:59:47.183+0000] {processor.py:756} INFO - Processing file /opt/airflow/dags/pipeline_csv_dag.py for tasks to queue
[2025-01-29T23:59:47.184+0000] {logging_mixin.py:120} INFO - [2025-01-29T23:59:47.184+0000] {dagbag.py:537} INFO - Filling up the DagBag from /opt/airflow/dags/pipeline_csv_dag.py
[2025-01-29T23:59:47.209+0000] {processor.py:766} INFO - DAG(s) dict_keys(['embulk_pipeline_csv']) retrieved from /opt/airflow/dags/pipeline_csv_dag.py
[2025-01-29T23:59:47.261+0000] {logging_mixin.py:120} INFO - [2025-01-29T23:59:47.261+0000] {dag.py:2585} INFO - Sync 1 DAGs
[2025-01-29T23:59:47.294+0000] {logging_mixin.py:120} INFO - [2025-01-29T23:59:47.294+0000] {dag.py:3340} INFO - Setting next_dagrun for embulk_pipeline_csv to 2025-01-29T00:00:00+00:00, run_after=2025-01-30T00:00:00+00:00
[2025-01-29T23:59:47.316+0000] {processor.py:176} INFO - Processing /opt/airflow/dags/pipeline_csv_dag.py took 0.139 seconds
