[2025-01-30T00:47:46.987+0000] {taskinstance.py:1165} INFO - Dependencies all met for <TaskInstance: embulk_pipeline_csv.create_postgres_dir manual__2025-01-30T00:47:44.312924+00:00 [queued]>
[2025-01-30T00:47:46.999+0000] {taskinstance.py:1165} INFO - Dependencies all met for <TaskInstance: embulk_pipeline_csv.create_postgres_dir manual__2025-01-30T00:47:44.312924+00:00 [queued]>
[2025-01-30T00:47:46.999+0000] {taskinstance.py:1362} INFO - 
--------------------------------------------------------------------------------
[2025-01-30T00:47:47.000+0000] {taskinstance.py:1363} INFO - Starting attempt 1 of 1
[2025-01-30T00:47:47.000+0000] {taskinstance.py:1364} INFO - 
--------------------------------------------------------------------------------
[2025-01-30T00:47:47.015+0000] {taskinstance.py:1383} INFO - Executing <Task(BashOperator): create_postgres_dir> on 2025-01-30 00:47:44.312924+00:00
[2025-01-30T00:47:47.021+0000] {standard_task_runner.py:55} INFO - Started process 82 to run task
[2025-01-30T00:47:47.024+0000] {standard_task_runner.py:82} INFO - Running: ['***', 'tasks', 'run', 'embulk_pipeline_csv', 'create_postgres_dir', 'manual__2025-01-30T00:47:44.312924+00:00', '--job-id', '20', '--raw', '--subdir', 'DAGS_FOLDER/pipeline_csv_dag.py', '--cfg-path', '/tmp/tmpb83vrugg']
[2025-01-30T00:47:47.025+0000] {standard_task_runner.py:83} INFO - Job 20: Subtask create_postgres_dir
[2025-01-30T00:47:47.143+0000] {task_command.py:376} INFO - Running <TaskInstance: embulk_pipeline_csv.create_postgres_dir manual__2025-01-30T00:47:44.312924+00:00 [running]> on host 994f36fe794c
[2025-01-30T00:47:47.289+0000] {taskinstance.py:1592} INFO - Exporting the following env vars:
AIRFLOW_CTX_DAG_OWNER=***
AIRFLOW_CTX_DAG_ID=embulk_pipeline_csv
AIRFLOW_CTX_TASK_ID=create_postgres_dir
AIRFLOW_CTX_EXECUTION_DATE=2025-01-30T00:47:44.312924+00:00
AIRFLOW_CTX_TRY_NUMBER=1
AIRFLOW_CTX_DAG_RUN_ID=manual__2025-01-30T00:47:44.312924+00:00
[2025-01-30T00:47:47.290+0000] {subprocess.py:63} INFO - Tmp dir root location: 
 /tmp
[2025-01-30T00:47:47.291+0000] {subprocess.py:75} INFO - Running command: ['/bin/bash', '-c', 'mkdir -p /opt/***/data/postgres/2025-01-30']
[2025-01-30T00:47:47.303+0000] {subprocess.py:86} INFO - Output:
[2025-01-30T00:47:47.307+0000] {subprocess.py:97} INFO - Command exited with return code 0
[2025-01-30T00:47:47.369+0000] {taskinstance.py:1406} INFO - Marking task as SUCCESS. dag_id=embulk_pipeline_csv, task_id=create_postgres_dir, execution_date=20250130T004744, start_date=20250130T004746, end_date=20250130T004747
[2025-01-30T00:47:47.397+0000] {local_task_job.py:164} INFO - Task exited with return code 0
[2025-01-30T00:47:47.447+0000] {local_task_job.py:273} INFO - 1 downstream tasks scheduled from follow-on schedule check
