[2025-01-30T00:29:11.952+0000] {taskinstance.py:1165} INFO - Dependencies all met for <TaskInstance: embulk_pipeline_csv.create_postgres_dir manual__2025-01-30T00:29:09.287030+00:00 [queued]>
[2025-01-30T00:29:11.970+0000] {taskinstance.py:1165} INFO - Dependencies all met for <TaskInstance: embulk_pipeline_csv.create_postgres_dir manual__2025-01-30T00:29:09.287030+00:00 [queued]>
[2025-01-30T00:29:11.970+0000] {taskinstance.py:1362} INFO - 
--------------------------------------------------------------------------------
[2025-01-30T00:29:11.971+0000] {taskinstance.py:1363} INFO - Starting attempt 1 of 1
[2025-01-30T00:29:11.971+0000] {taskinstance.py:1364} INFO - 
--------------------------------------------------------------------------------
[2025-01-30T00:29:11.990+0000] {taskinstance.py:1383} INFO - Executing <Task(BashOperator): create_postgres_dir> on 2025-01-30 00:29:09.287030+00:00
[2025-01-30T00:29:11.998+0000] {standard_task_runner.py:55} INFO - Started process 5642 to run task
[2025-01-30T00:29:12.002+0000] {standard_task_runner.py:82} INFO - Running: ['***', 'tasks', 'run', 'embulk_pipeline_csv', 'create_postgres_dir', 'manual__2025-01-30T00:29:09.287030+00:00', '--job-id', '10', '--raw', '--subdir', 'DAGS_FOLDER/pipeline_csv_dag.py', '--cfg-path', '/tmp/tmp2tgip6b4']
[2025-01-30T00:29:12.003+0000] {standard_task_runner.py:83} INFO - Job 10: Subtask create_postgres_dir
[2025-01-30T00:29:12.133+0000] {task_command.py:376} INFO - Running <TaskInstance: embulk_pipeline_csv.create_postgres_dir manual__2025-01-30T00:29:09.287030+00:00 [running]> on host 994f36fe794c
[2025-01-30T00:29:12.282+0000] {taskinstance.py:1592} INFO - Exporting the following env vars:
AIRFLOW_CTX_DAG_OWNER=***
AIRFLOW_CTX_DAG_ID=embulk_pipeline_csv
AIRFLOW_CTX_TASK_ID=create_postgres_dir
AIRFLOW_CTX_EXECUTION_DATE=2025-01-30T00:29:09.287030+00:00
AIRFLOW_CTX_TRY_NUMBER=1
AIRFLOW_CTX_DAG_RUN_ID=manual__2025-01-30T00:29:09.287030+00:00
[2025-01-30T00:29:12.284+0000] {subprocess.py:63} INFO - Tmp dir root location: 
 /tmp
[2025-01-30T00:29:12.285+0000] {subprocess.py:75} INFO - Running command: ['/bin/bash', '-c', 'mkdir -p /opt/***/data/postgres/2025-01-30']
[2025-01-30T00:29:12.298+0000] {subprocess.py:86} INFO - Output:
[2025-01-30T00:29:12.303+0000] {subprocess.py:97} INFO - Command exited with return code 0
[2025-01-30T00:29:12.373+0000] {taskinstance.py:1406} INFO - Marking task as SUCCESS. dag_id=embulk_pipeline_csv, task_id=create_postgres_dir, execution_date=20250130T002909, start_date=20250130T002911, end_date=20250130T002912
[2025-01-30T00:29:12.417+0000] {local_task_job.py:164} INFO - Task exited with return code 0
[2025-01-30T00:29:12.474+0000] {local_task_job.py:273} INFO - 1 downstream tasks scheduled from follow-on schedule check
